------------------------------------------------
Job ID: 35932636
Run on host: compg010.hpc.in.bmrc.ox.ac.uk
Operating system: Linux
Username: lhw539
Started at: Mon Feb 8 10:24:56 GMT 2021
------------------------------------------------
Number of GPUs:  2
----------------------------------------------------------------------------------------------------------------------
Passed arguments: 
{'DEBUG': 'full', 'TRAIN': 'pre_full', 'BATCH_SIZE': 8, 'NUM_WORKERS': 4, 'LOSS': 'ent', 'DROP': 'drop', 'PRE': 'sex', 'TASK': 'sex', 'RUN': 0, 'PATH': '../../', 'PL': 'none', 'PRO': 'full', 'WDEC': 0.01, 'MOM': 0.9, 'GAMMA': 0.2, 'N_EPOCHS': 40, 'PAT': 10, 'LR': 0.0005, 'PL_LL': 'none', 'WDEC_LL': 0.001, 'MOM_LL': 0.9, 'GAMMA_LL': 0.1, 'N_EPOCHS_LL': 25, 'PAT_LL': 8, 'LR_LL': 0.1, 'PRINT_EVERY': 1}

----------------------------------------------------------------------------------------------------------------------
Pre-trained on:  sex  prediction.
Run:  run_20191008_00_epoch_last.p
Loading loaded OASIS train data.
Loading loaded OASIS   val data.

Start training of full model:  2021-02-08 10:25:02.853643
----------------------------------------------------------------------------------------------------------------------
|epoch:   0 | lr: 0.001 |train ent: 0.27782 |train ent ravg: 0.27782 |train acc:  0.89205 |train acc ravg:  0.89205 |val ent: 3.04031 |val entravg: 3.04031 |val acc:  0.55682 |val acc ravg:  0.55682 |
|epoch:   1 | lr: 0.001 |train ent: 0.17442 |train ent ravg: 0.22612 |train acc:  0.92898 |train acc ravg:  0.91051 |val ent: 1.78362 |val entravg: 2.41196 |val acc:  0.46591 |val acc ravg:  0.51136 |
|epoch:   2 | lr: 0.001 |train ent: 0.06191 |train ent ravg: 0.17138 |train acc:  0.98580 |train acc ravg:  0.93561 |val ent: 0.15540 |val entravg: 1.65978 |val acc:  0.92045 |val acc ravg:  0.64773 |
|epoch:   3 | lr: 0.001 |train ent: 0.07986 |train ent ravg: 0.10540 |train acc:  0.96875 |train acc ravg:  0.96117 |val ent: 0.17871 |val entravg: 0.70591 |val acc:  0.95455 |val acc ravg:  0.78030 |
|epoch:   4 | lr: 0.001 |train ent: 0.08786 |train ent ravg: 0.07654 |train acc:  0.98011 |train acc ravg:  0.97822 |val ent: 3.26513 |val entravg: 1.19975 |val acc:  0.45455 |val acc ravg:  0.77652 |
|epoch:   5 | lr: 0.001 |train ent: 0.07617 |train ent ravg: 0.08129 |train acc:  0.97727 |train acc ravg:  0.97538 |val ent: 0.26700 |val entravg: 1.23694 |val acc:  0.87500 |val acc ravg:  0.76136 |
|epoch:   6 | lr: 0.001 |train ent: 0.02731 |train ent ravg: 0.06378 |train acc:  1.00000 |train acc ravg:  0.98580 |val ent: 0.18508 |val entravg: 1.23907 |val acc:  0.94318 |val acc ravg:  0.75758 |
|epoch:   7 | lr: 0.001 |train ent: 0.02742 |train ent ravg: 0.04363 |train acc:  0.99716 |train acc ravg:  0.99148 |val ent: 0.10613 |val entravg: 0.18607 |val acc:  0.95455 |val acc ravg:  0.92424 |
|epoch:   8 | lr: 0.001 |train ent: 0.01782 |train ent ravg: 0.02419 |train acc:  1.00000 |train acc ravg:  0.99905 |val ent: 0.21603 |val entravg: 0.16908 |val acc:  0.90909 |val acc ravg:  0.93561 |
|epoch:   9 | lr: 0.001 |train ent: 0.02522 |train ent ravg: 0.02349 |train acc:  1.00000 |train acc ravg:  0.99905 |val ent: 0.07777 |val entravg: 0.13331 |val acc:  0.97727 |val acc ravg:  0.94697 |
|epoch:  10 | lr: 0.001 |train ent: 0.02940 |train ent ravg: 0.02415 |train acc:  0.99716 |train acc ravg:  0.99905 |val ent: 0.13039 |val entravg: 0.14140 |val acc:  0.95455 |val acc ravg:  0.94697 |
|epoch:  11 | lr: 0.000 |train ent: 0.02160 |train ent ravg: 0.02541 |train acc:  0.99716 |train acc ravg:  0.99811 |val ent: 0.09847 |val entravg: 0.10221 |val acc:  0.95455 |val acc ravg:  0.96212 |
|epoch:  12 | lr: 0.000 |train ent: 0.01613 |train ent ravg: 0.02238 |train acc:  1.00000 |train acc ravg:  0.99811 |val ent: 0.08969 |val entravg: 0.10618 |val acc:  0.95455 |val acc ravg:  0.95455 |
|epoch:  13 | lr: 0.000 |train ent: 0.01657 |train ent ravg: 0.01810 |train acc:  1.00000 |train acc ravg:  0.99905 |val ent: 0.08673 |val entravg: 0.09163 |val acc:  0.96591 |val acc ravg:  0.95833 |
|epoch:  14 | lr: 0.000 |train ent: 0.01215 |train ent ravg: 0.01495 |train acc:  1.00000 |train acc ravg:  1.00000 |val ent: 0.08689 |val entravg: 0.08777 |val acc:  0.95455 |val acc ravg:  0.95833 |
|epoch:  15 | lr: 0.000 |train ent: 0.01759 |train ent ravg: 0.01543 |train acc:  1.00000 |train acc ravg:  1.00000 |val ent: 0.06065 |val entravg: 0.07809 |val acc:  0.97727 |val acc ravg:  0.96591 |
|epoch:  16 | lr: 0.000 |train ent: 0.01375 |train ent ravg: 0.01450 |train acc:  1.00000 |train acc ravg:  1.00000 |val ent: 0.06778 |val entravg: 0.07177 |val acc:  0.98864 |val acc ravg:  0.97348 |
|epoch:  17 | lr: 0.000 |train ent: 0.01324 |train ent ravg: 0.01486 |train acc:  1.00000 |train acc ravg:  1.00000 |val ent: 0.07691 |val entravg: 0.06845 |val acc:  0.96591 |val acc ravg:  0.97727 |
|epoch:  18 | lr: 0.000 |train ent: 0.01199 |train ent ravg: 0.01300 |train acc:  1.00000 |train acc ravg:  1.00000 |val ent: 0.07274 |val entravg: 0.07248 |val acc:  0.96591 |val acc ravg:  0.97348 |
|epoch:  19 | lr: 0.000 |train ent: 0.01502 |train ent ravg: 0.01342 |train acc:  0.99716 |train acc ravg:  0.99905 |val ent: 0.07177 |val entravg: 0.07380 |val acc:  0.96591 |val acc ravg:  0.96591 |
|epoch:  20 | lr: 0.000 |train ent: 0.01404 |train ent ravg: 0.01368 |train acc:  1.00000 |train acc ravg:  0.99905 |val ent: 0.05833 |val entravg: 0.06761 |val acc:  0.98864 |val acc ravg:  0.97348 |
|epoch:  21 | lr: 0.000 |train ent: 0.01051 |train ent ravg: 0.01319 |train acc:  1.00000 |train acc ravg:  0.99905 |val ent: 0.06271 |val entravg: 0.06427 |val acc:  0.98864 |val acc ravg:  0.98106 |
|epoch:  22 | lr: 0.000 |train ent: 0.01098 |train ent ravg: 0.01185 |train acc:  1.00000 |train acc ravg:  1.00000 |val ent: 0.05893 |val entravg: 0.05999 |val acc:  0.98864 |val acc ravg:  0.98864 |
|epoch:  23 | lr: 0.000 |train ent: 0.01173 |train ent ravg: 0.01107 |train acc:  1.00000 |train acc ravg:  1.00000 |val ent: 0.05986 |val entravg: 0.06050 |val acc:  0.98864 |val acc ravg:  0.98864 |
|epoch:  24 | lr: 0.000 |train ent: 0.01346 |train ent ravg: 0.01206 |train acc:  1.00000 |train acc ravg:  1.00000 |val ent: 0.05777 |val entravg: 0.05885 |val acc:  0.98864 |val acc ravg:  0.98864 |
|epoch:  25 | lr: 0.000 |train ent: 0.01270 |train ent ravg: 0.01263 |train acc:  1.00000 |train acc ravg:  1.00000 |val ent: 0.06773 |val entravg: 0.06179 |val acc:  0.97727 |val acc ravg:  0.98485 |
|epoch:  26 | lr: 0.000 |train ent: 0.01979 |train ent ravg: 0.01532 |train acc:  0.99716 |train acc ravg:  0.99905 |val ent: 0.05953 |val entravg: 0.06168 |val acc:  0.98864 |val acc ravg:  0.98485 |
|epoch:  27 | lr: 0.000 |train ent: 0.01384 |train ent ravg: 0.01544 |train acc:  1.00000 |train acc ravg:  0.99905 |val ent: 0.06826 |val entravg: 0.06517 |val acc:  0.98864 |val acc ravg:  0.98485 |
|epoch:  28 | lr: 0.000 |train ent: 0.01085 |train ent ravg: 0.01482 |train acc:  1.00000 |train acc ravg:  0.99905 |val ent: 0.06999 |val entravg: 0.06592 |val acc:  0.98864 |val acc ravg:  0.98864 |
|epoch:  29 | lr: 0.000 |train ent: 0.01327 |train ent ravg: 0.01265 |train acc:  1.00000 |train acc ravg:  1.00000 |val ent: 0.06447 |val entravg: 0.06757 |val acc:  0.98864 |val acc ravg:  0.98864 |
|epoch:  30 | lr: 0.000 |train ent: 0.01418 |train ent ravg: 0.01277 |train acc:  1.00000 |train acc ravg:  1.00000 |val ent: 0.06598 |val entravg: 0.06681 |val acc:  0.98864 |val acc ravg:  0.98864 |
|epoch:  31 | lr: 0.000 |train ent: 0.01293 |train ent ravg: 0.01346 |train acc:  1.00000 |train acc ravg:  1.00000 |val ent: 0.06606 |val entravg: 0.06550 |val acc:  0.98864 |val acc ravg:  0.98864 |
|epoch:  32 | lr: 0.000 |train ent: 0.01064 |train ent ravg: 0.01258 |train acc:  1.00000 |train acc ravg:  1.00000 |val ent: 0.06407 |val entravg: 0.06537 |val acc:  0.98864 |val acc ravg:  0.98864 |
|epoch:  33 | lr: 0.000 |train ent: 0.01054 |train ent ravg: 0.01137 |train acc:  1.00000 |train acc ravg:  1.00000 |val ent: 0.06687 |val entravg: 0.06567 |val acc:  0.97727 |val acc ravg:  0.98485 |
|epoch:  34 | lr: 0.000 |train ent: 0.01119 |train ent ravg: 0.01079 |train acc:  1.00000 |train acc ravg:  1.00000 |val ent: 0.06861 |val entravg: 0.06652 |val acc:  0.98864 |val acc ravg:  0.98485 |
|epoch:  35 | lr: 0.000 |train ent: 0.01291 |train ent ravg: 0.01155 |train acc:  1.00000 |train acc ravg:  1.00000 |val ent: 0.06566 |val entravg: 0.06705 |val acc:  0.98864 |val acc ravg:  0.98485 |
|epoch:  36 | lr: 0.000 |train ent: 0.01325 |train ent ravg: 0.01245 |train acc:  1.00000 |train acc ravg:  1.00000 |val ent: 0.06854 |val entravg: 0.06760 |val acc:  0.98864 |val acc ravg:  0.98864 |
|epoch:  37 | lr: 0.000 |train ent: 0.01358 |train ent ravg: 0.01325 |train acc:  1.00000 |train acc ravg:  1.00000 |val ent: 0.06560 |val entravg: 0.06660 |val acc:  0.98864 |val acc ravg:  0.98864 |
|epoch:  38 | lr: 0.000 |train ent: 0.01298 |train ent ravg: 0.01327 |train acc:  1.00000 |train acc ravg:  1.00000 |val ent: 0.06719 |val entravg: 0.06711 |val acc:  0.98864 |val acc ravg:  0.98864 |
|epoch:  39 | lr: 0.000 |train ent: 0.01206 |train ent ravg: 0.01287 |train acc:  1.00000 |train acc ravg:  1.00000 |val ent: 0.06499 |val entravg: 0.06593 |val acc:  0.98864 |val acc ravg:  0.98864 |
----------------------------------------------------------------------------------------------------------------------
Finished training of full model.
2021-02-08 11:58:38.144717
Correlation between train loss and evaluation: -0.992

------------------------------------------------
Finished at: Mon Feb 8 11:58:39 GMT 2021
------------------------------------------------
