Best result so far:
Batch:  200 || L1 share: 0.6000 || Reg: 1.0000 || Feat:  120
Accuracy of regression:  0.775
------------------------------------------------
Job ID: 
Run on host: win000.hpc.in.bmrc.ox.ac.uk
Operating system: Linux
Username: lhw539
Started at: Wed Mar 10 09:48:34 GMT 2021
------------------------------------------------
Loading ABIDE train data.
The data was balanced for  sex .
Loading ABIDE   val data.
----------------------------------------------------------------------------
Batch:  200 || L1 share: 1.0000 || Reg: 0.1000 || Feat:   40
Apply incremental PCA on data.
200
Transform data matrix of shape:  torch.Size([200, 4915200])
200
Transform data matrix of shape:  torch.Size([200, 4915200])
200
Transform data matrix of shape:  torch.Size([200, 4915200])
200
Transform data matrix of shape:  torch.Size([200, 4915200])
Accuracy of regression:  0.67
----------------------------------------------------------------------------
Batch:  200 || L1 share: 1.0000 || Reg: 0.1000 || Feat:   60
Apply incremental PCA on data.
200
Transform data matrix of shape:  torch.Size([200, 4915200])
200
Transform data matrix of shape:  torch.Size([200, 4915200])
200
Transform data matrix of shape:  torch.Size([200, 4915200])
200
Transform data matrix of shape:  torch.Size([200, 4915200])
Accuracy of regression:  0.65
----------------------------------------------------------------------------
Batch:  200 || L1 share: 1.0000 || Reg: 0.1000 || Feat:   80
Apply incremental PCA on data.
200
Transform data matrix of shape:  torch.Size([200, 4915200])
200
Transform data matrix of shape:  torch.Size([200, 4915200])
200
Transform data matrix of shape:  torch.Size([200, 4915200])
200
Transform data matrix of shape:  torch.Size([200, 4915200])
Accuracy of regression:  0.71
----------------------------------------------------------------------------
Batch:  200 || L1 share: 1.0000 || Reg: 0.1000 || Feat:  120
Apply incremental PCA on data.
200
Transform data matrix of shape:  torch.Size([200, 4915200])
200
Transform data matrix of shape:  torch.Size([200, 4915200])
200
Transform data matrix of shape:  torch.Size([200, 4915200])
200
Transform data matrix of shape:  torch.Size([200, 4915200])
Accuracy of regression:  0.72
----------------------------------------------------------------------------
Batch:  200 || L1 share: 1.0000 || Reg: 0.1000 || Feat:  160
Apply incremental PCA on data.
200
Transform data matrix of shape:  torch.Size([200, 4915200])
200
Transform data matrix of shape:  torch.Size([200, 4915200])
200
Transform data matrix of shape:  torch.Size([200, 4915200])
200
Transform data matrix of shape:  torch.Size([200, 4915200])
Accuracy of regression:  0.695
----------------------------------------------------------------------------
Batch:  200 || L1 share: 1.0000 || Reg: 1.0000 || Feat:   40
Apply incremental PCA on data.
200
Transform data matrix of shape:  torch.Size([200, 4915200])
200
Transform data matrix of shape:  torch.Size([200, 4915200])
200
Transform data matrix of shape:  torch.Size([200, 4915200])
200
Transform data matrix of shape:  torch.Size([200, 4915200])
Accuracy of regression:  0.695
----------------------------------------------------------------------------
Batch:  200 || L1 share: 1.0000 || Reg: 1.0000 || Feat:   60
Apply incremental PCA on data.
200
Transform data matrix of shape:  torch.Size([200, 4915200])
200
Transform data matrix of shape:  torch.Size([200, 4915200])
200
Transform data matrix of shape:  torch.Size([200, 4915200])
200
Transform data matrix of shape:  torch.Size([200, 4915200])
Accuracy of regression:  0.715
----------------------------------------------------------------------------
Batch:  200 || L1 share: 1.0000 || Reg: 1.0000 || Feat:   80
Apply incremental PCA on data.
200
Transform data matrix of shape:  torch.Size([200, 4915200])
200
Transform data matrix of shape:  torch.Size([200, 4915200])
200
Transform data matrix of shape:  torch.Size([200, 4915200])
200
Transform data matrix of shape:  torch.Size([200, 4915200])
Accuracy of regression:  0.685
----------------------------------------------------------------------------
Batch:  200 || L1 share: 1.0000 || Reg: 1.0000 || Feat:  120
Apply incremental PCA on data.
200
Transform data matrix of shape:  torch.Size([200, 4915200])
200
Transform data matrix of shape:  torch.Size([200, 4915200])
200
Transform data matrix of shape:  torch.Size([200, 4915200])
200
Transform data matrix of shape:  torch.Size([200, 4915200])
Accuracy of regression:  0.735
----------------------------------------------------------------------------
Batch:  200 || L1 share: 1.0000 || Reg: 1.0000 || Feat:  160
Apply incremental PCA on data.
200
Transform data matrix of shape:  torch.Size([200, 4915200])
200
Transform data matrix of shape:  torch.Size([200, 4915200])
200
Transform data matrix of shape:  torch.Size([200, 4915200])
200
Transform data matrix of shape:  torch.Size([200, 4915200])
Accuracy of regression:  0.71
----------------------------------------------------------------------------
Batch:  200 || L1 share: 1.0000 || Reg: 10.0000 || Feat:   40
Apply incremental PCA on data.
200
Transform data matrix of shape:  torch.Size([200, 4915200])
200
Transform data matrix of shape:  torch.Size([200, 4915200])
200
Transform data matrix of shape:  torch.Size([200, 4915200])
200
Transform data matrix of shape:  torch.Size([200, 4915200])
Accuracy of regression:  0.59
----------------------------------------------------------------------------
Batch:  200 || L1 share: 1.0000 || Reg: 10.0000 || Feat:   60
Apply incremental PCA on data.
200
Transform data matrix of shape:  torch.Size([200, 4915200])
200
Transform data matrix of shape:  torch.Size([200, 4915200])
200
Transform data matrix of shape:  torch.Size([200, 4915200])
200
Transform data matrix of shape:  torch.Size([200, 4915200])
Accuracy of regression:  0.635
----------------------------------------------------------------------------
Batch:  200 || L1 share: 1.0000 || Reg: 10.0000 || Feat:   80
Apply incremental PCA on data.
200
Transform data matrix of shape:  torch.Size([200, 4915200])
200
Transform data matrix of shape:  torch.Size([200, 4915200])
200
Transform data matrix of shape:  torch.Size([200, 4915200])
200
Transform data matrix of shape:  torch.Size([200, 4915200])
Accuracy of regression:  0.715
----------------------------------------------------------------------------
Batch:  200 || L1 share: 1.0000 || Reg: 10.0000 || Feat:  120
Apply incremental PCA on data.
200
Transform data matrix of shape:  torch.Size([200, 4915200])
200
Transform data matrix of shape:  torch.Size([200, 4915200])
200
Transform data matrix of shape:  torch.Size([200, 4915200])
200
Transform data matrix of shape:  torch.Size([200, 4915200])
Accuracy of regression:  0.665
----------------------------------------------------------------------------
Batch:  200 || L1 share: 1.0000 || Reg: 10.0000 || Feat:  160
Apply incremental PCA on data.
200
Transform data matrix of shape:  torch.Size([200, 4915200])
200
Transform data matrix of shape:  torch.Size([200, 4915200])
200
Transform data matrix of shape:  torch.Size([200, 4915200])
200
Transform data matrix of shape:  torch.Size([200, 4915200])
Accuracy of regression:  0.665
----------------------------------------------------------------------------
Batch:  200 || L1 share: 1.0000 || Reg: 20.0000 || Feat:   40
Apply incremental PCA on data.
200
Transform data matrix of shape:  torch.Size([200, 4915200])
200
Transform data matrix of shape:  torch.Size([200, 4915200])
200
Transform data matrix of shape:  torch.Size([200, 4915200])
200
Transform data matrix of shape:  torch.Size([200, 4915200])
Accuracy of regression:  0.72
----------------------------------------------------------------------------
Batch:  200 || L1 share: 1.0000 || Reg: 20.0000 || Feat:   60
Apply incremental PCA on data.
200
Transform data matrix of shape:  torch.Size([200, 4915200])
200
Transform data matrix of shape:  torch.Size([200, 4915200])
200
Transform data matrix of shape:  torch.Size([200, 4915200])
200
Transform data matrix of shape:  torch.Size([200, 4915200])
Accuracy of regression:  0.63
----------------------------------------------------------------------------
Batch:  200 || L1 share: 1.0000 || Reg: 20.0000 || Feat:   80
Apply incremental PCA on data.
200
Transform data matrix of shape:  torch.Size([200, 4915200])
200
Transform data matrix of shape:  torch.Size([200, 4915200])
200
Transform data matrix of shape:  torch.Size([200, 4915200])
200
Transform data matrix of shape:  torch.Size([200, 4915200])
Accuracy of regression:  0.67
----------------------------------------------------------------------------
Batch:  200 || L1 share: 1.0000 || Reg: 20.0000 || Feat:  120
Apply incremental PCA on data.
200
Transform data matrix of shape:  torch.Size([200, 4915200])
200
Transform data matrix of shape:  torch.Size([200, 4915200])
200
Transform data matrix of shape:  torch.Size([200, 4915200])
200
Transform data matrix of shape:  torch.Size([200, 4915200])
Accuracy of regression:  0.695
----------------------------------------------------------------------------
Batch:  200 || L1 share: 1.0000 || Reg: 20.0000 || Feat:  160
Apply incremental PCA on data.
200
Transform data matrix of shape:  torch.Size([200, 4915200])
200
Transform data matrix of shape:  torch.Size([200, 4915200])
200
Transform data matrix of shape:  torch.Size([200, 4915200])
200
Transform data matrix of shape:  torch.Size([200, 4915200])
Accuracy of regression:  0.77
----------------------------------------------------------------------------
Batch:  200 || L1 share: 0.1000 || Reg: 0.1000 || Feat:   40
Apply incremental PCA on data.
200
Transform data matrix of shape:  torch.Size([200, 4915200])
200
Transform data matrix of shape:  torch.Size([200, 4915200])
200
Transform data matrix of shape:  torch.Size([200, 4915200])
200
Transform data matrix of shape:  torch.Size([200, 4915200])
Accuracy of regression:  0.64
----------------------------------------------------------------------------
Batch:  200 || L1 share: 0.1000 || Reg: 0.1000 || Feat:   60
Apply incremental PCA on data.
200
Transform data matrix of shape:  torch.Size([200, 4915200])
200
Transform data matrix of shape:  torch.Size([200, 4915200])
200
Transform data matrix of shape:  torch.Size([200, 4915200])
200
Transform data matrix of shape:  torch.Size([200, 4915200])
Accuracy of regression:  0.535
----------------------------------------------------------------------------
Batch:  200 || L1 share: 0.1000 || Reg: 0.1000 || Feat:   80
Apply incremental PCA on data.
200
Transform data matrix of shape:  torch.Size([200, 4915200])
200
Transform data matrix of shape:  torch.Size([200, 4915200])
200
Transform data matrix of shape:  torch.Size([200, 4915200])
200
Transform data matrix of shape:  torch.Size([200, 4915200])
Accuracy of regression:  0.645
----------------------------------------------------------------------------
Batch:  200 || L1 share: 0.1000 || Reg: 0.1000 || Feat:  120
Apply incremental PCA on data.
200
Transform data matrix of shape:  torch.Size([200, 4915200])
200
Transform data matrix of shape:  torch.Size([200, 4915200])
200
Transform data matrix of shape:  torch.Size([200, 4915200])
200
Transform data matrix of shape:  torch.Size([200, 4915200])
Accuracy of regression:  0.705
----------------------------------------------------------------------------
Batch:  200 || L1 share: 0.1000 || Reg: 0.1000 || Feat:  160
Apply incremental PCA on data.
200
Transform data matrix of shape:  torch.Size([200, 4915200])
200
Transform data matrix of shape:  torch.Size([200, 4915200])
200
Transform data matrix of shape:  torch.Size([200, 4915200])
200
Transform data matrix of shape:  torch.Size([200, 4915200])
Accuracy of regression:  0.635
----------------------------------------------------------------------------
Batch:  200 || L1 share: 0.1000 || Reg: 1.0000 || Feat:   40
Apply incremental PCA on data.
200
Transform data matrix of shape:  torch.Size([200, 4915200])
200
Transform data matrix of shape:  torch.Size([200, 4915200])
200
Transform data matrix of shape:  torch.Size([200, 4915200])
200
Transform data matrix of shape:  torch.Size([200, 4915200])
Accuracy of regression:  0.655
----------------------------------------------------------------------------
Batch:  200 || L1 share: 0.1000 || Reg: 1.0000 || Feat:   60
Apply incremental PCA on data.
200
Transform data matrix of shape:  torch.Size([200, 4915200])
200
Transform data matrix of shape:  torch.Size([200, 4915200])
200
Transform data matrix of shape:  torch.Size([200, 4915200])
200
Transform data matrix of shape:  torch.Size([200, 4915200])
Accuracy of regression:  0.67
----------------------------------------------------------------------------
Batch:  200 || L1 share: 0.1000 || Reg: 1.0000 || Feat:   80
Apply incremental PCA on data.
200
Transform data matrix of shape:  torch.Size([200, 4915200])
200
Transform data matrix of shape:  torch.Size([200, 4915200])
200
Transform data matrix of shape:  torch.Size([200, 4915200])
200
Transform data matrix of shape:  torch.Size([200, 4915200])
Accuracy of regression:  0.635
----------------------------------------------------------------------------
Batch:  200 || L1 share: 0.1000 || Reg: 1.0000 || Feat:  120
Apply incremental PCA on data.
200
Transform data matrix of shape:  torch.Size([200, 4915200])
200
Transform data matrix of shape:  torch.Size([200, 4915200])
200
Transform data matrix of shape:  torch.Size([200, 4915200])
200
Transform data matrix of shape:  torch.Size([200, 4915200])
Accuracy of regression:  0.685
----------------------------------------------------------------------------
Batch:  200 || L1 share: 0.1000 || Reg: 1.0000 || Feat:  160
Apply incremental PCA on data.
200
Transform data matrix of shape:  torch.Size([200, 4915200])
200
Transform data matrix of shape:  torch.Size([200, 4915200])
200
Transform data matrix of shape:  torch.Size([200, 4915200])
200
Transform data matrix of shape:  torch.Size([200, 4915200])
Accuracy of regression:  0.66
----------------------------------------------------------------------------
Batch:  200 || L1 share: 0.1000 || Reg: 10.0000 || Feat:   40
Apply incremental PCA on data.
200
Transform data matrix of shape:  torch.Size([200, 4915200])
200
Transform data matrix of shape:  torch.Size([200, 4915200])
200
Transform data matrix of shape:  torch.Size([200, 4915200])
200
Transform data matrix of shape:  torch.Size([200, 4915200])
Accuracy of regression:  0.635
----------------------------------------------------------------------------
Batch:  200 || L1 share: 0.1000 || Reg: 10.0000 || Feat:   60
Apply incremental PCA on data.
200
Transform data matrix of shape:  torch.Size([200, 4915200])
200
Transform data matrix of shape:  torch.Size([200, 4915200])
200
Transform data matrix of shape:  torch.Size([200, 4915200])
200
Transform data matrix of shape:  torch.Size([200, 4915200])
Accuracy of regression:  0.75
----------------------------------------------------------------------------
Batch:  200 || L1 share: 0.1000 || Reg: 10.0000 || Feat:   80
Apply incremental PCA on data.
200
Transform data matrix of shape:  torch.Size([200, 4915200])
200
Transform data matrix of shape:  torch.Size([200, 4915200])
200
Transform data matrix of shape:  torch.Size([200, 4915200])
200
Transform data matrix of shape:  torch.Size([200, 4915200])
Accuracy of regression:  0.64
----------------------------------------------------------------------------
Batch:  200 || L1 share: 0.1000 || Reg: 10.0000 || Feat:  120
Apply incremental PCA on data.
200
Transform data matrix of shape:  torch.Size([200, 4915200])
200
Transform data matrix of shape:  torch.Size([200, 4915200])
200
Transform data matrix of shape:  torch.Size([200, 4915200])
200
Transform data matrix of shape:  torch.Size([200, 4915200])
Accuracy of regression:  0.7
----------------------------------------------------------------------------
Batch:  200 || L1 share: 0.1000 || Reg: 10.0000 || Feat:  160
Apply incremental PCA on data.
200
Transform data matrix of shape:  torch.Size([200, 4915200])
200
Transform data matrix of shape:  torch.Size([200, 4915200])
200
Transform data matrix of shape:  torch.Size([200, 4915200])
200
Transform data matrix of shape:  torch.Size([200, 4915200])
Accuracy of regression:  0.65
----------------------------------------------------------------------------
Batch:  200 || L1 share: 0.1000 || Reg: 20.0000 || Feat:   40
Apply incremental PCA on data.
200
Transform data matrix of shape:  torch.Size([200, 4915200])
200
Transform data matrix of shape:  torch.Size([200, 4915200])
200
Transform data matrix of shape:  torch.Size([200, 4915200])
200
Transform data matrix of shape:  torch.Size([200, 4915200])
Accuracy of regression:  0.68
----------------------------------------------------------------------------
Batch:  200 || L1 share: 0.1000 || Reg: 20.0000 || Feat:   60
Apply incremental PCA on data.
200
Transform data matrix of shape:  torch.Size([200, 4915200])
200
Transform data matrix of shape:  torch.Size([200, 4915200])
200
Transform data matrix of shape:  torch.Size([200, 4915200])
200
Transform data matrix of shape:  torch.Size([200, 4915200])
Accuracy of regression:  0.705
----------------------------------------------------------------------------
Batch:  200 || L1 share: 0.1000 || Reg: 20.0000 || Feat:   80
Apply incremental PCA on data.
200
Transform data matrix of shape:  torch.Size([200, 4915200])
200
Transform data matrix of shape:  torch.Size([200, 4915200])
200
Transform data matrix of shape:  torch.Size([200, 4915200])
200
Transform data matrix of shape:  torch.Size([200, 4915200])
Accuracy of regression:  0.71
----------------------------------------------------------------------------
Batch:  200 || L1 share: 0.1000 || Reg: 20.0000 || Feat:  120
Apply incremental PCA on data.
200
Transform data matrix of shape:  torch.Size([200, 4915200])
200
Transform data matrix of shape:  torch.Size([200, 4915200])
200
Transform data matrix of shape:  torch.Size([200, 4915200])
200
Transform data matrix of shape:  torch.Size([200, 4915200])
Accuracy of regression:  0.68
----------------------------------------------------------------------------
Batch:  200 || L1 share: 0.1000 || Reg: 20.0000 || Feat:  160
Apply incremental PCA on data.
200
Transform data matrix of shape:  torch.Size([200, 4915200])
200
Transform data matrix of shape:  torch.Size([200, 4915200])
200
Transform data matrix of shape:  torch.Size([200, 4915200])
200
Transform data matrix of shape:  torch.Size([200, 4915200])
Accuracy of regression:  0.705
----------------------------------------------------------------------------
Batch:  200 || L1 share: 0.3000 || Reg: 0.1000 || Feat:   40
Apply incremental PCA on data.
200
Transform data matrix of shape:  torch.Size([200, 4915200])
200
Transform data matrix of shape:  torch.Size([200, 4915200])
200
Transform data matrix of shape:  torch.Size([200, 4915200])
200
Transform data matrix of shape:  torch.Size([200, 4915200])
Accuracy of regression:  0.76
----------------------------------------------------------------------------
Batch:  200 || L1 share: 0.3000 || Reg: 0.1000 || Feat:   60
Apply incremental PCA on data.
200
Transform data matrix of shape:  torch.Size([200, 4915200])
200
Transform data matrix of shape:  torch.Size([200, 4915200])
200
Transform data matrix of shape:  torch.Size([200, 4915200])
200
Transform data matrix of shape:  torch.Size([200, 4915200])
Accuracy of regression:  0.71
----------------------------------------------------------------------------
Batch:  200 || L1 share: 0.3000 || Reg: 0.1000 || Feat:   80
Apply incremental PCA on data.
200
Transform data matrix of shape:  torch.Size([200, 4915200])
200
Transform data matrix of shape:  torch.Size([200, 4915200])
200
Transform data matrix of shape:  torch.Size([200, 4915200])
200
Transform data matrix of shape:  torch.Size([200, 4915200])
Accuracy of regression:  0.655
----------------------------------------------------------------------------
Batch:  200 || L1 share: 0.3000 || Reg: 0.1000 || Feat:  120
Apply incremental PCA on data.
200
Transform data matrix of shape:  torch.Size([200, 4915200])
200
Transform data matrix of shape:  torch.Size([200, 4915200])
200
Transform data matrix of shape:  torch.Size([200, 4915200])
200
Transform data matrix of shape:  torch.Size([200, 4915200])
Accuracy of regression:  0.73
----------------------------------------------------------------------------
Batch:  200 || L1 share: 0.3000 || Reg: 0.1000 || Feat:  160
Apply incremental PCA on data.
200
Transform data matrix of shape:  torch.Size([200, 4915200])
200
Transform data matrix of shape:  torch.Size([200, 4915200])
200
Transform data matrix of shape:  torch.Size([200, 4915200])
200
Transform data matrix of shape:  torch.Size([200, 4915200])
Accuracy of regression:  0.675
----------------------------------------------------------------------------
Batch:  200 || L1 share: 0.3000 || Reg: 1.0000 || Feat:   40
Apply incremental PCA on data.
200
Transform data matrix of shape:  torch.Size([200, 4915200])
200
Transform data matrix of shape:  torch.Size([200, 4915200])
200
Transform data matrix of shape:  torch.Size([200, 4915200])
200
Transform data matrix of shape:  torch.Size([200, 4915200])
Accuracy of regression:  0.72
----------------------------------------------------------------------------
Batch:  200 || L1 share: 0.3000 || Reg: 1.0000 || Feat:   60
Apply incremental PCA on data.
200
Transform data matrix of shape:  torch.Size([200, 4915200])
200
Transform data matrix of shape:  torch.Size([200, 4915200])
200
Transform data matrix of shape:  torch.Size([200, 4915200])
200
Transform data matrix of shape:  torch.Size([200, 4915200])
Accuracy of regression:  0.61
----------------------------------------------------------------------------
Batch:  200 || L1 share: 0.3000 || Reg: 1.0000 || Feat:   80
Apply incremental PCA on data.
200
Transform data matrix of shape:  torch.Size([200, 4915200])
200
Transform data matrix of shape:  torch.Size([200, 4915200])
200
Transform data matrix of shape:  torch.Size([200, 4915200])
200
Transform data matrix of shape:  torch.Size([200, 4915200])
Accuracy of regression:  0.665
----------------------------------------------------------------------------
Batch:  200 || L1 share: 0.3000 || Reg: 1.0000 || Feat:  120
Apply incremental PCA on data.
200
Transform data matrix of shape:  torch.Size([200, 4915200])
200
Transform data matrix of shape:  torch.Size([200, 4915200])
200
Transform data matrix of shape:  torch.Size([200, 4915200])
200
Transform data matrix of shape:  torch.Size([200, 4915200])
Accuracy of regression:  0.695
----------------------------------------------------------------------------
Batch:  200 || L1 share: 0.3000 || Reg: 1.0000 || Feat:  160
Apply incremental PCA on data.
200
Transform data matrix of shape:  torch.Size([200, 4915200])
200
Transform data matrix of shape:  torch.Size([200, 4915200])
200
Transform data matrix of shape:  torch.Size([200, 4915200])
200
Transform data matrix of shape:  torch.Size([200, 4915200])
Accuracy of regression:  0.715
----------------------------------------------------------------------------
Batch:  200 || L1 share: 0.3000 || Reg: 10.0000 || Feat:   40
Apply incremental PCA on data.
200
Transform data matrix of shape:  torch.Size([200, 4915200])
200
Transform data matrix of shape:  torch.Size([200, 4915200])
200
Transform data matrix of shape:  torch.Size([200, 4915200])
200
Transform data matrix of shape:  torch.Size([200, 4915200])
Accuracy of regression:  0.595
----------------------------------------------------------------------------
Batch:  200 || L1 share: 0.3000 || Reg: 10.0000 || Feat:   60
Apply incremental PCA on data.
200
Transform data matrix of shape:  torch.Size([200, 4915200])
200
Transform data matrix of shape:  torch.Size([200, 4915200])
200
Transform data matrix of shape:  torch.Size([200, 4915200])
200
Transform data matrix of shape:  torch.Size([200, 4915200])
Accuracy of regression:  0.765
----------------------------------------------------------------------------
Batch:  200 || L1 share: 0.3000 || Reg: 10.0000 || Feat:   80
Apply incremental PCA on data.
200
Transform data matrix of shape:  torch.Size([200, 4915200])
200
Transform data matrix of shape:  torch.Size([200, 4915200])
200
Transform data matrix of shape:  torch.Size([200, 4915200])
200
Transform data matrix of shape:  torch.Size([200, 4915200])
Accuracy of regression:  0.695
----------------------------------------------------------------------------
Batch:  200 || L1 share: 0.3000 || Reg: 10.0000 || Feat:  120
Apply incremental PCA on data.
200
Transform data matrix of shape:  torch.Size([200, 4915200])
200
Transform data matrix of shape:  torch.Size([200, 4915200])
200
Transform data matrix of shape:  torch.Size([200, 4915200])
200
Transform data matrix of shape:  torch.Size([200, 4915200])
Accuracy of regression:  0.695
----------------------------------------------------------------------------
Batch:  200 || L1 share: 0.3000 || Reg: 10.0000 || Feat:  160
Apply incremental PCA on data.
200
Transform data matrix of shape:  torch.Size([200, 4915200])
200
Transform data matrix of shape:  torch.Size([200, 4915200])
200
Transform data matrix of shape:  torch.Size([200, 4915200])
200
Transform data matrix of shape:  torch.Size([200, 4915200])
Accuracy of regression:  0.69
----------------------------------------------------------------------------
Batch:  200 || L1 share: 0.3000 || Reg: 20.0000 || Feat:   40
Apply incremental PCA on data.
200
Transform data matrix of shape:  torch.Size([200, 4915200])
200
Transform data matrix of shape:  torch.Size([200, 4915200])
200
Transform data matrix of shape:  torch.Size([200, 4915200])
200
Transform data matrix of shape:  torch.Size([200, 4915200])
Accuracy of regression:  0.66
----------------------------------------------------------------------------
Batch:  200 || L1 share: 0.3000 || Reg: 20.0000 || Feat:   60
Apply incremental PCA on data.
200
Transform data matrix of shape:  torch.Size([200, 4915200])
200
Transform data matrix of shape:  torch.Size([200, 4915200])
200
Transform data matrix of shape:  torch.Size([200, 4915200])
200
Transform data matrix of shape:  torch.Size([200, 4915200])
Accuracy of regression:  0.565
----------------------------------------------------------------------------
Batch:  200 || L1 share: 0.3000 || Reg: 20.0000 || Feat:   80
Apply incremental PCA on data.
200
Transform data matrix of shape:  torch.Size([200, 4915200])
200
Transform data matrix of shape:  torch.Size([200, 4915200])
200
Transform data matrix of shape:  torch.Size([200, 4915200])
200
Transform data matrix of shape:  torch.Size([200, 4915200])
Accuracy of regression:  0.635
----------------------------------------------------------------------------
Batch:  200 || L1 share: 0.3000 || Reg: 20.0000 || Feat:  120
Apply incremental PCA on data.
200
Transform data matrix of shape:  torch.Size([200, 4915200])
200
Transform data matrix of shape:  torch.Size([200, 4915200])
200
Transform data matrix of shape:  torch.Size([200, 4915200])
200
Transform data matrix of shape:  torch.Size([200, 4915200])
Accuracy of regression:  0.705
----------------------------------------------------------------------------
Batch:  200 || L1 share: 0.3000 || Reg: 20.0000 || Feat:  160
Apply incremental PCA on data.
200
Transform data matrix of shape:  torch.Size([200, 4915200])
200
Transform data matrix of shape:  torch.Size([200, 4915200])
200
Transform data matrix of shape:  torch.Size([200, 4915200])
200
Transform data matrix of shape:  torch.Size([200, 4915200])
Accuracy of regression:  0.665
----------------------------------------------------------------------------
Batch:  200 || L1 share: 0.6000 || Reg: 0.1000 || Feat:   40
Apply incremental PCA on data.
200
Transform data matrix of shape:  torch.Size([200, 4915200])
200
Transform data matrix of shape:  torch.Size([200, 4915200])
200
Transform data matrix of shape:  torch.Size([200, 4915200])
200
Transform data matrix of shape:  torch.Size([200, 4915200])
Accuracy of regression:  0.57
----------------------------------------------------------------------------
Batch:  200 || L1 share: 0.6000 || Reg: 0.1000 || Feat:   60
Apply incremental PCA on data.
200
Transform data matrix of shape:  torch.Size([200, 4915200])
200
Transform data matrix of shape:  torch.Size([200, 4915200])
200
Transform data matrix of shape:  torch.Size([200, 4915200])
200
Transform data matrix of shape:  torch.Size([200, 4915200])
Accuracy of regression:  0.65
----------------------------------------------------------------------------
Batch:  200 || L1 share: 0.6000 || Reg: 0.1000 || Feat:   80
Apply incremental PCA on data.
200
Transform data matrix of shape:  torch.Size([200, 4915200])
200
Transform data matrix of shape:  torch.Size([200, 4915200])
200
Transform data matrix of shape:  torch.Size([200, 4915200])
200
Transform data matrix of shape:  torch.Size([200, 4915200])
Accuracy of regression:  0.705
----------------------------------------------------------------------------
Batch:  200 || L1 share: 0.6000 || Reg: 0.1000 || Feat:  120
Apply incremental PCA on data.
200
Transform data matrix of shape:  torch.Size([200, 4915200])
200
Transform data matrix of shape:  torch.Size([200, 4915200])
200
Transform data matrix of shape:  torch.Size([200, 4915200])
200
Transform data matrix of shape:  torch.Size([200, 4915200])
Accuracy of regression:  0.605
----------------------------------------------------------------------------
Batch:  200 || L1 share: 0.6000 || Reg: 0.1000 || Feat:  160
Apply incremental PCA on data.
200
Transform data matrix of shape:  torch.Size([200, 4915200])
200
Transform data matrix of shape:  torch.Size([200, 4915200])
200
Transform data matrix of shape:  torch.Size([200, 4915200])
200
Transform data matrix of shape:  torch.Size([200, 4915200])
Accuracy of regression:  0.66
----------------------------------------------------------------------------
Batch:  200 || L1 share: 0.6000 || Reg: 1.0000 || Feat:   40
Apply incremental PCA on data.
200
Transform data matrix of shape:  torch.Size([200, 4915200])
200
Transform data matrix of shape:  torch.Size([200, 4915200])
200
Transform data matrix of shape:  torch.Size([200, 4915200])
200
Transform data matrix of shape:  torch.Size([200, 4915200])
Accuracy of regression:  0.715
----------------------------------------------------------------------------
Batch:  200 || L1 share: 0.6000 || Reg: 1.0000 || Feat:   60
Apply incremental PCA on data.
200
Transform data matrix of shape:  torch.Size([200, 4915200])
200
Transform data matrix of shape:  torch.Size([200, 4915200])
200
Transform data matrix of shape:  torch.Size([200, 4915200])
200
Transform data matrix of shape:  torch.Size([200, 4915200])
Accuracy of regression:  0.655
----------------------------------------------------------------------------
Batch:  200 || L1 share: 0.6000 || Reg: 1.0000 || Feat:   80
Apply incremental PCA on data.
200
Transform data matrix of shape:  torch.Size([200, 4915200])
200
Transform data matrix of shape:  torch.Size([200, 4915200])
200
Transform data matrix of shape:  torch.Size([200, 4915200])
200
Transform data matrix of shape:  torch.Size([200, 4915200])
Accuracy of regression:  0.67
----------------------------------------------------------------------------
Batch:  200 || L1 share: 0.6000 || Reg: 1.0000 || Feat:  120
Apply incremental PCA on data.
200
Transform data matrix of shape:  torch.Size([200, 4915200])
200
Transform data matrix of shape:  torch.Size([200, 4915200])
200
Transform data matrix of shape:  torch.Size([200, 4915200])
200
Transform data matrix of shape:  torch.Size([200, 4915200])
Accuracy of regression:  0.775
----------------------------------------------------------------------------
Batch:  200 || L1 share: 0.6000 || Reg: 1.0000 || Feat:  160
Apply incremental PCA on data.
200
Transform data matrix of shape:  torch.Size([200, 4915200])
200
Transform data matrix of shape:  torch.Size([200, 4915200])
200
Transform data matrix of shape:  torch.Size([200, 4915200])
200
Transform data matrix of shape:  torch.Size([200, 4915200])
Accuracy of regression:  0.74
----------------------------------------------------------------------------
Batch:  200 || L1 share: 0.6000 || Reg: 10.0000 || Feat:   40
Apply incremental PCA on data.
200
Transform data matrix of shape:  torch.Size([200, 4915200])
200
Transform data matrix of shape:  torch.Size([200, 4915200])
200
Transform data matrix of shape:  torch.Size([200, 4915200])
200
Transform data matrix of shape:  torch.Size([200, 4915200])
Accuracy of regression:  0.72
----------------------------------------------------------------------------
Batch:  200 || L1 share: 0.6000 || Reg: 10.0000 || Feat:   60
Apply incremental PCA on data.
200
Transform data matrix of shape:  torch.Size([200, 4915200])
200
Transform data matrix of shape:  torch.Size([200, 4915200])
200
Transform data matrix of shape:  torch.Size([200, 4915200])
200
Transform data matrix of shape:  torch.Size([200, 4915200])
Accuracy of regression:  0.735
----------------------------------------------------------------------------
Batch:  200 || L1 share: 0.6000 || Reg: 10.0000 || Feat:   80
Apply incremental PCA on data.
200
Transform data matrix of shape:  torch.Size([200, 4915200])
200
Transform data matrix of shape:  torch.Size([200, 4915200])
200
Transform data matrix of shape:  torch.Size([200, 4915200])
200
Transform data matrix of shape:  torch.Size([200, 4915200])
Accuracy of regression:  0.64
----------------------------------------------------------------------------
Batch:  200 || L1 share: 0.6000 || Reg: 10.0000 || Feat:  120
Apply incremental PCA on data.
200
Transform data matrix of shape:  torch.Size([200, 4915200])
200
Transform data matrix of shape:  torch.Size([200, 4915200])
200
Transform data matrix of shape:  torch.Size([200, 4915200])
200
Transform data matrix of shape:  torch.Size([200, 4915200])
Accuracy of regression:  0.685
----------------------------------------------------------------------------
Batch:  200 || L1 share: 0.6000 || Reg: 10.0000 || Feat:  160
Apply incremental PCA on data.
200
Transform data matrix of shape:  torch.Size([200, 4915200])
200
Transform data matrix of shape:  torch.Size([200, 4915200])
200
Transform data matrix of shape:  torch.Size([200, 4915200])
200
Transform data matrix of shape:  torch.Size([200, 4915200])
Accuracy of regression:  0.645
----------------------------------------------------------------------------
Batch:  200 || L1 share: 0.6000 || Reg: 20.0000 || Feat:   40
Apply incremental PCA on data.
200
Transform data matrix of shape:  torch.Size([200, 4915200])
200
Transform data matrix of shape:  torch.Size([200, 4915200])
200
Transform data matrix of shape:  torch.Size([200, 4915200])
200
Transform data matrix of shape:  torch.Size([200, 4915200])
Accuracy of regression:  0.685
----------------------------------------------------------------------------
Batch:  200 || L1 share: 0.6000 || Reg: 20.0000 || Feat:   60
Apply incremental PCA on data.
200
Transform data matrix of shape:  torch.Size([200, 4915200])
200
Transform data matrix of shape:  torch.Size([200, 4915200])
200
Transform data matrix of shape:  torch.Size([200, 4915200])
200
Transform data matrix of shape:  torch.Size([200, 4915200])
Accuracy of regression:  0.655
----------------------------------------------------------------------------
Batch:  200 || L1 share: 0.6000 || Reg: 20.0000 || Feat:   80
Apply incremental PCA on data.
200
Transform data matrix of shape:  torch.Size([200, 4915200])
200
Transform data matrix of shape:  torch.Size([200, 4915200])
200
Transform data matrix of shape:  torch.Size([200, 4915200])
200
Transform data matrix of shape:  torch.Size([200, 4915200])
Accuracy of regression:  0.755
----------------------------------------------------------------------------
Batch:  200 || L1 share: 0.6000 || Reg: 20.0000 || Feat:  120
Apply incremental PCA on data.
200
Transform data matrix of shape:  torch.Size([200, 4915200])
200
Transform data matrix of shape:  torch.Size([200, 4915200])
200
Transform data matrix of shape:  torch.Size([200, 4915200])
200
Transform data matrix of shape:  torch.Size([200, 4915200])
Accuracy of regression:  0.69
----------------------------------------------------------------------------
Batch:  200 || L1 share: 0.6000 || Reg: 20.0000 || Feat:  160
Apply incremental PCA on data.
200
Transform data matrix of shape:  torch.Size([200, 4915200])
200
Transform data matrix of shape:  torch.Size([200, 4915200])
200
Transform data matrix of shape:  torch.Size([200, 4915200])
200
Transform data matrix of shape:  torch.Size([200, 4915200])
Accuracy of regression:  0.675
----------------------------------------------------------------------------
Batch:  200 || L1 share: 0.9000 || Reg: 0.1000 || Feat:   40
Apply incremental PCA on data.
200
Transform data matrix of shape:  torch.Size([200, 4915200])
200
Transform data matrix of shape:  torch.Size([200, 4915200])
200
Transform data matrix of shape:  torch.Size([200, 4915200])
200
Transform data matrix of shape:  torch.Size([200, 4915200])
Accuracy of regression:  0.675
----------------------------------------------------------------------------
Batch:  200 || L1 share: 0.9000 || Reg: 0.1000 || Feat:   60
Apply incremental PCA on data.
200
Transform data matrix of shape:  torch.Size([200, 4915200])
200
Transform data matrix of shape:  torch.Size([200, 4915200])
200
Transform data matrix of shape:  torch.Size([200, 4915200])
200
Transform data matrix of shape:  torch.Size([200, 4915200])
Accuracy of regression:  0.715
----------------------------------------------------------------------------
Batch:  200 || L1 share: 0.9000 || Reg: 0.1000 || Feat:   80
Apply incremental PCA on data.
200
Transform data matrix of shape:  torch.Size([200, 4915200])
200
Transform data matrix of shape:  torch.Size([200, 4915200])
200
Transform data matrix of shape:  torch.Size([200, 4915200])
200
Transform data matrix of shape:  torch.Size([200, 4915200])
Accuracy of regression:  0.66
----------------------------------------------------------------------------
Batch:  200 || L1 share: 0.9000 || Reg: 0.1000 || Feat:  120
Apply incremental PCA on data.
200
Transform data matrix of shape:  torch.Size([200, 4915200])
200
Transform data matrix of shape:  torch.Size([200, 4915200])
200
Transform data matrix of shape:  torch.Size([200, 4915200])
200
Transform data matrix of shape:  torch.Size([200, 4915200])
Accuracy of regression:  0.75
----------------------------------------------------------------------------
Batch:  200 || L1 share: 0.9000 || Reg: 0.1000 || Feat:  160
Apply incremental PCA on data.
200
Transform data matrix of shape:  torch.Size([200, 4915200])
200
Transform data matrix of shape:  torch.Size([200, 4915200])
200
Transform data matrix of shape:  torch.Size([200, 4915200])
200
Transform data matrix of shape:  torch.Size([200, 4915200])
Accuracy of regression:  0.66
----------------------------------------------------------------------------
Batch:  200 || L1 share: 0.9000 || Reg: 1.0000 || Feat:   40
Apply incremental PCA on data.
200
Transform data matrix of shape:  torch.Size([200, 4915200])
200
Transform data matrix of shape:  torch.Size([200, 4915200])
200
Transform data matrix of shape:  torch.Size([200, 4915200])
200
Transform data matrix of shape:  torch.Size([200, 4915200])
Accuracy of regression:  0.595
----------------------------------------------------------------------------
Batch:  200 || L1 share: 0.9000 || Reg: 1.0000 || Feat:   60
Apply incremental PCA on data.
200
Transform data matrix of shape:  torch.Size([200, 4915200])
200
Transform data matrix of shape:  torch.Size([200, 4915200])
200
Transform data matrix of shape:  torch.Size([200, 4915200])
200
Transform data matrix of shape:  torch.Size([200, 4915200])
Accuracy of regression:  0.68
----------------------------------------------------------------------------
Batch:  200 || L1 share: 0.9000 || Reg: 1.0000 || Feat:   80
Apply incremental PCA on data.
200
Transform data matrix of shape:  torch.Size([200, 4915200])
200
Transform data matrix of shape:  torch.Size([200, 4915200])
200
Transform data matrix of shape:  torch.Size([200, 4915200])
200
Transform data matrix of shape:  torch.Size([200, 4915200])
Accuracy of regression:  0.705
----------------------------------------------------------------------------
Batch:  200 || L1 share: 0.9000 || Reg: 1.0000 || Feat:  120
Apply incremental PCA on data.
200
Transform data matrix of shape:  torch.Size([200, 4915200])
200
Transform data matrix of shape:  torch.Size([200, 4915200])
200
Transform data matrix of shape:  torch.Size([200, 4915200])
200
Transform data matrix of shape:  torch.Size([200, 4915200])
Accuracy of regression:  0.655
----------------------------------------------------------------------------
Batch:  200 || L1 share: 0.9000 || Reg: 1.0000 || Feat:  160
Apply incremental PCA on data.
200
Transform data matrix of shape:  torch.Size([200, 4915200])
200
Transform data matrix of shape:  torch.Size([200, 4915200])
200
Transform data matrix of shape:  torch.Size([200, 4915200])
200
Transform data matrix of shape:  torch.Size([200, 4915200])
Accuracy of regression:  0.705
----------------------------------------------------------------------------
Batch:  200 || L1 share: 0.9000 || Reg: 10.0000 || Feat:   40
Apply incremental PCA on data.
200
Transform data matrix of shape:  torch.Size([200, 4915200])
200
Transform data matrix of shape:  torch.Size([200, 4915200])
200
Transform data matrix of shape:  torch.Size([200, 4915200])
200
Transform data matrix of shape:  torch.Size([200, 4915200])
Accuracy of regression:  0.655
----------------------------------------------------------------------------
Batch:  200 || L1 share: 0.9000 || Reg: 10.0000 || Feat:   60
Apply incremental PCA on data.
200
Transform data matrix of shape:  torch.Size([200, 4915200])
200
Transform data matrix of shape:  torch.Size([200, 4915200])
200
Transform data matrix of shape:  torch.Size([200, 4915200])
200
Transform data matrix of shape:  torch.Size([200, 4915200])
Accuracy of regression:  0.65
----------------------------------------------------------------------------
Batch:  200 || L1 share: 0.9000 || Reg: 10.0000 || Feat:   80
Apply incremental PCA on data.
200
Transform data matrix of shape:  torch.Size([200, 4915200])
200
Transform data matrix of shape:  torch.Size([200, 4915200])
200
Transform data matrix of shape:  torch.Size([200, 4915200])
200
Transform data matrix of shape:  torch.Size([200, 4915200])
Accuracy of regression:  0.67
----------------------------------------------------------------------------
Batch:  200 || L1 share: 0.9000 || Reg: 10.0000 || Feat:  120
Apply incremental PCA on data.
200
Transform data matrix of shape:  torch.Size([200, 4915200])
200
Transform data matrix of shape:  torch.Size([200, 4915200])
200
Transform data matrix of shape:  torch.Size([200, 4915200])
200
Transform data matrix of shape:  torch.Size([200, 4915200])
Accuracy of regression:  0.7
----------------------------------------------------------------------------
Batch:  200 || L1 share: 0.9000 || Reg: 10.0000 || Feat:  160
Apply incremental PCA on data.
200
Transform data matrix of shape:  torch.Size([200, 4915200])
200
Transform data matrix of shape:  torch.Size([200, 4915200])
200
Transform data matrix of shape:  torch.Size([200, 4915200])
200
Transform data matrix of shape:  torch.Size([200, 4915200])
Accuracy of regression:  0.665
----------------------------------------------------------------------------
Batch:  200 || L1 share: 0.9000 || Reg: 20.0000 || Feat:   40
Apply incremental PCA on data.
200
Transform data matrix of shape:  torch.Size([200, 4915200])
200
Transform data matrix of shape:  torch.Size([200, 4915200])
200
Transform data matrix of shape:  torch.Size([200, 4915200])
200
Transform data matrix of shape:  torch.Size([200, 4915200])
Accuracy of regression:  0.685
----------------------------------------------------------------------------
Batch:  200 || L1 share: 0.9000 || Reg: 20.0000 || Feat:   60
Apply incremental PCA on data.
200
Transform data matrix of shape:  torch.Size([200, 4915200])
200
Transform data matrix of shape:  torch.Size([200, 4915200])
200
Transform data matrix of shape:  torch.Size([200, 4915200])
200
Transform data matrix of shape:  torch.Size([200, 4915200])
Accuracy of regression:  0.68
----------------------------------------------------------------------------
Batch:  200 || L1 share: 0.9000 || Reg: 20.0000 || Feat:   80
Apply incremental PCA on data.
200
Transform data matrix of shape:  torch.Size([200, 4915200])
200
Transform data matrix of shape:  torch.Size([200, 4915200])
200
Transform data matrix of shape:  torch.Size([200, 4915200])
200
Transform data matrix of shape:  torch.Size([200, 4915200])
Accuracy of regression:  0.705
----------------------------------------------------------------------------
Batch:  200 || L1 share: 0.9000 || Reg: 20.0000 || Feat:  120
Apply incremental PCA on data.
200
Transform data matrix of shape:  torch.Size([200, 4915200])
200
Transform data matrix of shape:  torch.Size([200, 4915200])
200
Transform data matrix of shape:  torch.Size([200, 4915200])
200
Transform data matrix of shape:  torch.Size([200, 4915200])
Accuracy of regression:  0.725
----------------------------------------------------------------------------
Batch:  200 || L1 share: 0.9000 || Reg: 20.0000 || Feat:  160
Apply incremental PCA on data.
200
Transform data matrix of shape:  torch.Size([200, 4915200])
200
Transform data matrix of shape:  torch.Size([200, 4915200])
200
Transform data matrix of shape:  torch.Size([200, 4915200])
200
Transform data matrix of shape:  torch.Size([200, 4915200])
Accuracy of regression:  0.705
----------------------------------------------------------------------------
Batch:  200 || L1 share: 1.0000 || Reg: 0.1000 || Feat:   40
Apply incremental PCA on data.
200
Transform data matrix of shape:  torch.Size([200, 4915200])
200
Transform data matrix of shape:  torch.Size([200, 4915200])
200
Transform data matrix of shape:  torch.Size([200, 4915200])
200
Transform data matrix of shape:  torch.Size([200, 4915200])
Accuracy of regression:  0.675
----------------------------------------------------------------------------
Batch:  200 || L1 share: 1.0000 || Reg: 0.1000 || Feat:   60
Apply incremental PCA on data.
200
Transform data matrix of shape:  torch.Size([200, 4915200])
200
Transform data matrix of shape:  torch.Size([200, 4915200])
200
Transform data matrix of shape:  torch.Size([200, 4915200])
200
Transform data matrix of shape:  torch.Size([200, 4915200])
Accuracy of regression:  0.715
----------------------------------------------------------------------------
Batch:  200 || L1 share: 1.0000 || Reg: 0.1000 || Feat:   80
Apply incremental PCA on data.
200
Transform data matrix of shape:  torch.Size([200, 4915200])
200
Transform data matrix of shape:  torch.Size([200, 4915200])
200
Transform data matrix of shape:  torch.Size([200, 4915200])
200
Transform data matrix of shape:  torch.Size([200, 4915200])
Accuracy of regression:  0.725
----------------------------------------------------------------------------
Batch:  200 || L1 share: 1.0000 || Reg: 0.1000 || Feat:  120
Apply incremental PCA on data.
200
Transform data matrix of shape:  torch.Size([200, 4915200])
200
Transform data matrix of shape:  torch.Size([200, 4915200])
200
Transform data matrix of shape:  torch.Size([200, 4915200])
200
Transform data matrix of shape:  torch.Size([200, 4915200])
Accuracy of regression:  0.69
----------------------------------------------------------------------------
Batch:  200 || L1 share: 1.0000 || Reg: 0.1000 || Feat:  160
Apply incremental PCA on data.
200
Transform data matrix of shape:  torch.Size([200, 4915200])
200
Transform data matrix of shape:  torch.Size([200, 4915200])
200
Transform data matrix of shape:  torch.Size([200, 4915200])
200
Transform data matrix of shape:  torch.Size([200, 4915200])
Accuracy of regression:  0.685
----------------------------------------------------------------------------
Batch:  200 || L1 share: 1.0000 || Reg: 1.0000 || Feat:   40
Apply incremental PCA on data.
200
Transform data matrix of shape:  torch.Size([200, 4915200])
200
Transform data matrix of shape:  torch.Size([200, 4915200])
200
Transform data matrix of shape:  torch.Size([200, 4915200])
200
Transform data matrix of shape:  torch.Size([200, 4915200])
Accuracy of regression:  0.6
----------------------------------------------------------------------------
Batch:  200 || L1 share: 1.0000 || Reg: 1.0000 || Feat:   60
Apply incremental PCA on data.
200
Transform data matrix of shape:  torch.Size([200, 4915200])
200
Transform data matrix of shape:  torch.Size([200, 4915200])
200
Transform data matrix of shape:  torch.Size([200, 4915200])
200
Transform data matrix of shape:  torch.Size([200, 4915200])
Accuracy of regression:  0.605
----------------------------------------------------------------------------
Batch:  200 || L1 share: 1.0000 || Reg: 1.0000 || Feat:   80
Apply incremental PCA on data.
200
Transform data matrix of shape:  torch.Size([200, 4915200])
200
Transform data matrix of shape:  torch.Size([200, 4915200])
200
Transform data matrix of shape:  torch.Size([200, 4915200])
200
Transform data matrix of shape:  torch.Size([200, 4915200])
Accuracy of regression:  0.675
----------------------------------------------------------------------------
Batch:  200 || L1 share: 1.0000 || Reg: 1.0000 || Feat:  120
Apply incremental PCA on data.
200
Transform data matrix of shape:  torch.Size([200, 4915200])
200
Transform data matrix of shape:  torch.Size([200, 4915200])
200
Transform data matrix of shape:  torch.Size([200, 4915200])
200
Transform data matrix of shape:  torch.Size([200, 4915200])
Accuracy of regression:  0.675
----------------------------------------------------------------------------
Batch:  200 || L1 share: 1.0000 || Reg: 1.0000 || Feat:  160
Apply incremental PCA on data.
200
Transform data matrix of shape:  torch.Size([200, 4915200])
200
Transform data matrix of shape:  torch.Size([200, 4915200])
200
Transform data matrix of shape:  torch.Size([200, 4915200])
200
Transform data matrix of shape:  torch.Size([200, 4915200])
Accuracy of regression:  0.775
----------------------------------------------------------------------------
Batch:  200 || L1 share: 1.0000 || Reg: 10.0000 || Feat:   40
Apply incremental PCA on data.
200
Transform data matrix of shape:  torch.Size([200, 4915200])
200
Transform data matrix of shape:  torch.Size([200, 4915200])
200
Transform data matrix of shape:  torch.Size([200, 4915200])
200
Transform data matrix of shape:  torch.Size([200, 4915200])
Accuracy of regression:  0.685
----------------------------------------------------------------------------
Batch:  200 || L1 share: 1.0000 || Reg: 10.0000 || Feat:   60
Apply incremental PCA on data.
200
Transform data matrix of shape:  torch.Size([200, 4915200])
200
Transform data matrix of shape:  torch.Size([200, 4915200])
200
Transform data matrix of shape:  torch.Size([200, 4915200])
200
Transform data matrix of shape:  torch.Size([200, 4915200])
Accuracy of regression:  0.6
----------------------------------------------------------------------------
Batch:  200 || L1 share: 1.0000 || Reg: 10.0000 || Feat:   80
Apply incremental PCA on data.
200
Transform data matrix of shape:  torch.Size([200, 4915200])
200
Transform data matrix of shape:  torch.Size([200, 4915200])
200
Transform data matrix of shape:  torch.Size([200, 4915200])
200
Transform data matrix of shape:  torch.Size([200, 4915200])
Accuracy of regression:  0.655
----------------------------------------------------------------------------
Batch:  200 || L1 share: 1.0000 || Reg: 10.0000 || Feat:  120
Apply incremental PCA on data.
200
Transform data matrix of shape:  torch.Size([200, 4915200])
200
Transform data matrix of shape:  torch.Size([200, 4915200])
200
Transform data matrix of shape:  torch.Size([200, 4915200])
200
Transform data matrix of shape:  torch.Size([200, 4915200])
Accuracy of regression:  0.665
----------------------------------------------------------------------------
Batch:  200 || L1 share: 1.0000 || Reg: 10.0000 || Feat:  160
Apply incremental PCA on data.
200
Transform data matrix of shape:  torch.Size([200, 4915200])
200
Transform data matrix of shape:  torch.Size([200, 4915200])
200
Transform data matrix of shape:  torch.Size([200, 4915200])
200
Transform data matrix of shape:  torch.Size([200, 4915200])
Accuracy of regression:  0.71
----------------------------------------------------------------------------
Batch:  200 || L1 share: 1.0000 || Reg: 20.0000 || Feat:   40
Apply incremental PCA on data.
200
Transform data matrix of shape:  torch.Size([200, 4915200])
200
Transform data matrix of shape:  torch.Size([200, 4915200])
200
Transform data matrix of shape:  torch.Size([200, 4915200])
200
Transform data matrix of shape:  torch.Size([200, 4915200])
Accuracy of regression:  0.715
----------------------------------------------------------------------------
Batch:  200 || L1 share: 1.0000 || Reg: 20.0000 || Feat:   60
Apply incremental PCA on data.
200
Transform data matrix of shape:  torch.Size([200, 4915200])
200
Transform data matrix of shape:  torch.Size([200, 4915200])
200
Transform data matrix of shape:  torch.Size([200, 4915200])
200
Transform data matrix of shape:  torch.Size([200, 4915200])
Accuracy of regression:  0.705
----------------------------------------------------------------------------
Batch:  200 || L1 share: 1.0000 || Reg: 20.0000 || Feat:   80
Apply incremental PCA on data.
200
Transform data matrix of shape:  torch.Size([200, 4915200])
200
Transform data matrix of shape:  torch.Size([200, 4915200])
200
Transform data matrix of shape:  torch.Size([200, 4915200])
200
Transform data matrix of shape:  torch.Size([200, 4915200])
Accuracy of regression:  0.73
----------------------------------------------------------------------------
Batch:  200 || L1 share: 1.0000 || Reg: 20.0000 || Feat:  120
Apply incremental PCA on data.
200
Transform data matrix of shape:  torch.Size([200, 4915200])
200
Transform data matrix of shape:  torch.Size([200, 4915200])
200
Transform data matrix of shape:  torch.Size([200, 4915200])
200
Transform data matrix of shape:  torch.Size([200, 4915200])
Accuracy of regression:  0.695
----------------------------------------------------------------------------
Batch:  200 || L1 share: 1.0000 || Reg: 20.0000 || Feat:  160
Apply incremental PCA on data.
200
Transform data matrix of shape:  torch.Size([200, 4915200])
200
Transform data matrix of shape:  torch.Size([200, 4915200])
200
Transform data matrix of shape:  torch.Size([200, 4915200])
200
Transform data matrix of shape:  torch.Size([200, 4915200])
Accuracy of regression:  0.735
------------------------------------------------
Finished at: Fri Mar 12 10:41:25 GMT 2021
------------------------------------------------
