------------------------------------------------
Job ID: 34790196
Run on host: compg013.hpc.in.bmrc.ox.ac.uk
Operating system: Linux
Username: lhw539
Started at: Sat Jan 30 10:08:53 GMT 2021
------------------------------------------------
usage: train.py [-h] -deb DEBUG [-train TRAIN] [-batch BATCH_SIZE]
                [-n_work NUM_WORKERS] [-loss LOSS] [-drop DROP] [-run RUN]
                [-pl PL] [-pre PRE] [-wdec WDEC] [-mom MOM] [-gamma GAMMA]
                [-epochs N_EPOCHS] [-pat PAT] [-lr LR] [-pl_ll PL_LL]
                [-wdec_ll WDEC_LL] [-mom_ll MOM_LL] [-gamma_ll GAMMA_LL]
                [-epochs_ll N_EPOCHS_LL] [-pat_ll PAT_LL] [-lr_ll LR_LL]
train.py: error: unrecognized arguments: -path ../../
Number of GPUs:  2
------------------------------------------------
Finished at: Sat Jan 30 10:08:55 GMT 2021
------------------------------------------------
------------------------------------------------
Job ID: 34827030
Run on host: compg013.hpc.in.bmrc.ox.ac.uk
Operating system: Linux
Username: lhw539
Started at: Sat Jan 30 16:53:43 GMT 2021
------------------------------------------------
Number of GPUs:  2
{'DEBUG': 'full', 'TRAIN': 'pre_step', 'BATCH_SIZE': 8, 'NUM_WORKERS': 4, 'LOSS': 'kl', 'DROP': 'drop', 'RUN': 2, 'PATH': None, 'PL': 'none', 'PRE': 'full', 'WDEC': 0.0001, 'MOM': 0.9, 'GAMMA': 0.1, 'N_EPOCHS': 15, 'PAT': 5, 'LR': 0.0001, 'PL_LL': 'none', 'WDEC_LL': 0.001, 'MOM_LL': 0.9, 'GAMMA_LL': 0.1, 'N_EPOCHS_LL': 25, 'PAT_LL': 8, 'LR_LL': 0.1, 'PRINT_EVERY': 1}
Debug:  full
Patience:  8
Run:  run_20191206_02
Succesfully loaded OASIS train data.
Succesfully loaded OASIS   val data.

Start training of last layer:  2021-01-30 16:53:51.608011
----------------------------------------------------------------------------------------------------------------------
Number of epochs of pre-training: 25
|epoch:   0 | lr: 0.100 |train loss: 2.03804 |train loss ravg: 2.03804 |train MAE:  5.18751 |train MAE ravg:  5.18751 |val loss: 1.85420 |val loss ravg: 1.85420 |val MAE:  4.25462 |val MAE ravg:  4.25462 |
|epoch:   1 | lr: 0.100 |train loss: 1.73916 |train loss ravg: 1.88860 |train MAE:  4.05221 |train MAE ravg:  4.61986 |val loss: 1.73385 |val loss ravg: 1.79403 |val MAE:  3.40000 |val MAE ravg:  3.82731 |
|epoch:   2 | lr: 0.100 |train loss: 1.64029 |train loss ravg: 1.80583 |train MAE:  3.72179 |train MAE ravg:  4.32050 |val loss: 1.75073 |val loss ravg: 1.77959 |val MAE:  3.62406 |val MAE ravg:  3.75956 |
|epoch:   3 | lr: 0.100 |train loss: 1.62799 |train loss ravg: 1.66915 |train MAE:  3.68669 |train MAE ravg:  3.82023 |val loss: 1.66483 |val loss ravg: 1.71647 |val MAE:  3.43682 |val MAE ravg:  3.48696 |
|epoch:   4 | lr: 0.100 |train loss: 1.69179 |train loss ravg: 1.65336 |train MAE:  3.67133 |train MAE ravg:  3.69327 |val loss: 1.61571 |val loss ravg: 1.67709 |val MAE:  3.28854 |val MAE ravg:  3.44980 |
|epoch:   5 | lr: 0.100 |train loss: 1.59861 |train loss ravg: 1.63947 |train MAE:  3.59274 |train MAE ravg:  3.65025 |val loss: 1.55393 |val loss ravg: 1.61149 |val MAE:  3.06088 |val MAE ravg:  3.26208 |
|epoch:   6 | lr: 0.100 |train loss: 1.64684 |train loss ravg: 1.64575 |train MAE:  3.63929 |train MAE ravg:  3.63445 |val loss: 1.62219 |val loss ravg: 1.59728 |val MAE:  3.33743 |val MAE ravg:  3.22895 |
|epoch:   7 | lr: 0.100 |train loss: 1.66107 |train loss ravg: 1.63551 |train MAE:  3.86665 |train MAE ravg:  3.69956 |val loss: 1.71057 |val loss ravg: 1.62890 |val MAE:  3.30806 |val MAE ravg:  3.23546 |
|epoch:   8 | lr: 0.100 |train loss: 1.62257 |train loss ravg: 1.64349 |train MAE:  3.63827 |train MAE ravg:  3.71474 |val loss: 1.58554 |val loss ravg: 1.63943 |val MAE:  3.17412 |val MAE ravg:  3.27320 |
|epoch:   9 | lr: 0.010 |train loss: 1.58601 |train loss ravg: 1.62322 |train MAE:  3.82383 |train MAE ravg:  3.77625 |val loss: 1.54361 |val loss ravg: 1.61324 |val MAE:  3.21023 |val MAE ravg:  3.23080 |
|epoch:  10 | lr: 0.010 |train loss: 1.52958 |train loss ravg: 1.57938 |train MAE:  3.48417 |train MAE ravg:  3.64876 |val loss: 1.51604 |val loss ravg: 1.54840 |val MAE:  3.11345 |val MAE ravg:  3.16593 |
|epoch:  11 | lr: 0.010 |train loss: 1.51448 |train loss ravg: 1.54336 |train MAE:  3.56080 |train MAE ravg:  3.62293 |val loss: 1.51486 |val loss ravg: 1.52484 |val MAE:  3.12974 |val MAE ravg:  3.15114 |
|epoch:  12 | lr: 0.010 |train loss: 1.55275 |train loss ravg: 1.53227 |train MAE:  3.70151 |train MAE ravg:  3.58216 |val loss: 1.49471 |val loss ravg: 1.50854 |val MAE:  3.18609 |val MAE ravg:  3.14309 |
|epoch:  13 | lr: 0.010 |train loss: 1.49383 |train loss ravg: 1.52035 |train MAE:  3.36010 |train MAE ravg:  3.54080 |val loss: 1.51791 |val loss ravg: 1.50916 |val MAE:  3.16298 |val MAE ravg:  3.15960 |
|epoch:  14 | lr: 0.010 |train loss: 1.48523 |train loss ravg: 1.51060 |train MAE:  3.53823 |train MAE ravg:  3.53328 |val loss: 1.50983 |val loss ravg: 1.50749 |val MAE:  3.19494 |val MAE ravg:  3.18134 |
|epoch:  15 | lr: 0.010 |train loss: 1.48991 |train loss ravg: 1.48966 |train MAE:  3.48113 |train MAE ravg:  3.45982 |val loss: 1.49376 |val loss ravg: 1.50717 |val MAE:  3.22601 |val MAE ravg:  3.19464 |
|epoch:  16 | lr: 0.010 |train loss: 1.52333 |train loss ravg: 1.49949 |train MAE:  3.67380 |train MAE ravg:  3.56439 |val loss: 1.52321 |val loss ravg: 1.50893 |val MAE:  3.26566 |val MAE ravg:  3.22887 |
|epoch:  17 | lr: 0.010 |train loss: 1.51527 |train loss ravg: 1.50950 |train MAE:  3.57034 |train MAE ravg:  3.57509 |val loss: 1.52791 |val loss ravg: 1.51496 |val MAE:  3.27413 |val MAE ravg:  3.25527 |
|epoch:  18 | lr: 0.001 |train loss: 1.47360 |train loss ravg: 1.50406 |train MAE:  3.44338 |train MAE ravg:  3.56251 |val loss: 1.51212 |val loss ravg: 1.52108 |val MAE:  3.21548 |val MAE ravg:  3.25176 |
|epoch:  19 | lr: 0.001 |train loss: 1.51324 |train loss ravg: 1.50070 |train MAE:  3.77416 |train MAE ravg:  3.59596 |val loss: 1.50595 |val loss ravg: 1.51532 |val MAE:  3.19145 |val MAE ravg:  3.22702 |
|epoch:  20 | lr: 0.001 |train loss: 1.50799 |train loss ravg: 1.49828 |train MAE:  3.62111 |train MAE ravg:  3.61288 |val loss: 1.52187 |val loss ravg: 1.51331 |val MAE:  3.16305 |val MAE ravg:  3.18999 |
|epoch:  21 | lr: 0.001 |train loss: 1.49009 |train loss ravg: 1.50377 |train MAE:  3.52859 |train MAE ravg:  3.64129 |val loss: 1.51314 |val loss ravg: 1.51365 |val MAE:  3.11676 |val MAE ravg:  3.15709 |
|epoch:  22 | lr: 0.001 |train loss: 1.50129 |train loss ravg: 1.49979 |train MAE:  3.57237 |train MAE ravg:  3.57402 |val loss: 1.48301 |val loss ravg: 1.50601 |val MAE:  3.08527 |val MAE ravg:  3.12169 |
|epoch:  23 | lr: 0.001 |train loss: 1.48238 |train loss ravg: 1.49125 |train MAE:  3.51808 |train MAE ravg:  3.53968 |val loss: 1.51151 |val loss ravg: 1.50255 |val MAE:  3.23641 |val MAE ravg:  3.14615 |
|epoch:  24 | lr: 0.001 |train loss: 1.46682 |train loss ravg: 1.48349 |train MAE:  3.59530 |train MAE ravg:  3.56192 |val loss: 1.49649 |val loss ravg: 1.49700 |val MAE:  3.09325 |val MAE ravg:  3.13831 |
----------------------------------------------------------------------------------------------------------------------
Finished training of full model.
2021-01-30 17:07:41.217787
Correlation between train loss and MAE: 0.90262


Start training of full model:  2021-01-30 17:07:41.228210
----------------------------------------------------------------------------------------------------------------------
|epoch:   0 | lr: 0.000 |train loss: 1.48221 |train loss ravg: 1.48221 |train MAE:  3.46097 |train MAE ravg:  3.46097 |val loss: 1.49146 |val loss ravg: 1.49146 |val MAE:  3.19785 |val MAE ravg:  3.19785 |
|epoch:   1 | lr: 0.000 |train loss: 1.47321 |train loss ravg: 1.47771 |train MAE:  3.44053 |train MAE ravg:  3.45075 |val loss: 1.44312 |val loss ravg: 1.46729 |val MAE:  2.97618 |val MAE ravg:  3.08702 |
|epoch:   2 | lr: 0.000 |train loss: 1.39511 |train loss ravg: 1.45018 |train MAE:  3.26498 |train MAE ravg:  3.38882 |val loss: 1.46223 |val loss ravg: 1.46560 |val MAE:  3.16761 |val MAE ravg:  3.11388 |
|epoch:   3 | lr: 0.000 |train loss: 1.40130 |train loss ravg: 1.42321 |train MAE:  3.14373 |train MAE ravg:  3.28308 |val loss: 1.44809 |val loss ravg: 1.45115 |val MAE:  3.07430 |val MAE ravg:  3.07270 |
|epoch:   4 | lr: 0.000 |train loss: 1.40608 |train loss ravg: 1.40083 |train MAE:  3.12967 |train MAE ravg:  3.17946 |val loss: 1.40982 |val loss ravg: 1.44005 |val MAE:  2.82959 |val MAE ravg:  3.02383 |
|epoch:   5 | lr: 0.000 |train loss: 1.36993 |train loss ravg: 1.39244 |train MAE:  3.05071 |train MAE ravg:  3.10804 |val loss: 1.43236 |val loss ravg: 1.43009 |val MAE:  2.99681 |val MAE ravg:  2.96690 |
|epoch:   6 | lr: 0.000 |train loss: 1.36741 |train loss ravg: 1.38114 |train MAE:  3.00098 |train MAE ravg:  3.06046 |val loss: 1.42597 |val loss ravg: 1.42272 |val MAE:  2.99914 |val MAE ravg:  2.94184 |
|epoch:   7 | lr: 0.000 |train loss: 1.36866 |train loss ravg: 1.36867 |train MAE:  3.08909 |train MAE ravg:  3.04693 |val loss: 1.43058 |val loss ravg: 1.42964 |val MAE:  2.95047 |val MAE ravg:  2.98214 |
|epoch:   8 | lr: 0.000 |train loss: 1.39702 |train loss ravg: 1.37770 |train MAE:  3.07239 |train MAE ravg:  3.05415 |val loss: 1.43327 |val loss ravg: 1.42994 |val MAE:  3.03843 |val MAE ravg:  2.99601 |
|epoch:   9 | lr: 0.000 |train loss: 1.33698 |train loss ravg: 1.36756 |train MAE:  3.09964 |train MAE ravg:  3.08704 |val loss: 1.40340 |val loss ravg: 1.42242 |val MAE:  2.89129 |val MAE ravg:  2.96006 |
|epoch:  10 | lr: 0.000 |train loss: 1.36332 |train loss ravg: 1.36577 |train MAE:  2.98139 |train MAE ravg:  3.05114 |val loss: 1.41578 |val loss ravg: 1.41748 |val MAE:  2.93355 |val MAE ravg:  2.95442 |
|epoch:  11 | lr: 0.000 |train loss: 1.36909 |train loss ravg: 1.35647 |train MAE:  2.99178 |train MAE ravg:  3.02427 |val loss: 1.43971 |val loss ravg: 1.41963 |val MAE:  3.05507 |val MAE ravg:  2.95997 |
|epoch:  12 | lr: 0.000 |train loss: 1.36732 |train loss ravg: 1.36658 |train MAE:  3.08551 |train MAE ravg:  3.01956 |val loss: 1.41215 |val loss ravg: 1.42255 |val MAE:  2.95614 |val MAE ravg:  2.98159 |
|epoch:  13 | lr: 0.000 |train loss: 1.33000 |train loss ravg: 1.35547 |train MAE:  3.01110 |train MAE ravg:  3.02946 |val loss: 1.43954 |val loss ravg: 1.43047 |val MAE:  2.91148 |val MAE ravg:  2.97423 |
|epoch:  14 | lr: 0.000 |train loss: 1.37729 |train loss ravg: 1.35821 |train MAE:  3.04610 |train MAE ravg:  3.04757 |val loss: 1.34390 |val loss ravg: 1.39853 |val MAE:  2.82004 |val MAE ravg:  2.89589 |
----------------------------------------------------------------------------------------------------------------------
Finished training of full model.
2021-01-30 17:42:25.297451
Correlation between train loss and MAE: 0.88767

------------------------------------------------
Finished at: Sat Jan 30 17:42:26 GMT 2021
------------------------------------------------
