------------------------------------------------
Job ID: 38519286
Run on host: compg010.hpc.in.bmrc.ox.ac.uk
Operating system: Linux
Username: lhw539
Started at: Mon Mar 1 23:16:11 GMT 2021
------------------------------------------------
Loading ABIDE train data.
Loading ABIDE   val data.
Load model for age - run: 0
Number of GPUs:  2
Epoch decay:  25
Gamma decay:  1.0

Final layer of model is being trained.
Start:  2021-03-01 23:16:19.475976
----------------------------------------------------------------------------------------------------------------------------------------------------------------
|epoch:   0 | lr: 0.100 |train kld: 1.77288 |train kld ravg: 1.77288 |train mae:  5.71810 |train mae ravg:  5.71810 |val kld: 1.57115 |val kldravg: 1.57115 |val mae:  4.95495 |val mae ravg:  4.95495 |
|epoch:   1 | lr: 0.100 |train kld: 1.70592 |train kld ravg: 1.73940 |train mae:  4.89187 |train mae ravg:  5.30499 |val kld: 1.60519 |val kldravg: 1.58817 |val mae:  4.63846 |val mae ravg:  4.79670 |
|epoch:   2 | lr: 0.100 |train kld: 1.72231 |train kld ravg: 1.73370 |train mae:  4.75602 |train mae ravg:  5.12200 |val kld: 1.61237 |val kldravg: 1.59624 |val mae:  4.44822 |val mae ravg:  4.68054 |
|epoch:   3 | lr: 0.100 |train kld: 1.70608 |train kld ravg: 1.72680 |train mae:  4.82674 |train mae ravg:  5.04818 |val kld: 1.56944 |val kldravg: 1.58954 |val mae:  4.63818 |val mae ravg:  4.66995 |
|epoch:   4 | lr: 0.100 |train kld: 1.68960 |train kld ravg: 1.71936 |train mae:  4.71958 |train mae ravg:  4.98246 |val kld: 1.59983 |val kldravg: 1.59160 |val mae:  4.50420 |val mae ravg:  4.63680 |
|epoch:   5 | lr: 0.100 |train kld: 1.73906 |train kld ravg: 1.71259 |train mae:  4.87649 |train mae ravg:  4.81414 |val kld: 1.52314 |val kldravg: 1.58199 |val mae:  4.44250 |val mae ravg:  4.53431 |
|epoch:   6 | lr: 0.100 |train kld: 1.72527 |train kld ravg: 1.71646 |train mae:  4.74384 |train mae ravg:  4.78453 |val kld: 1.55458 |val kldravg: 1.57187 |val mae:  4.01729 |val mae ravg:  4.41008 |
|epoch:   7 | lr: 0.100 |train kld: 1.72777 |train kld ravg: 1.71756 |train mae:  4.71910 |train mae ravg:  4.77715 |val kld: 1.56198 |val kldravg: 1.56179 |val mae:  4.30924 |val mae ravg:  4.38228 |
|epoch:   8 | lr: 0.100 |train kld: 1.71268 |train kld ravg: 1.71888 |train mae:  4.65344 |train mae ravg:  4.74249 |val kld: 1.47387 |val kldravg: 1.54268 |val mae:  4.39152 |val mae ravg:  4.33295 |
|epoch:   9 | lr: 0.100 |train kld: 1.68249 |train kld ravg: 1.71745 |train mae:  4.70472 |train mae ravg:  4.73952 |val kld: 1.60463 |val kldravg: 1.54364 |val mae:  5.08144 |val mae ravg:  4.44840 |
|epoch:  10 | lr: 0.100 |train kld: 1.73875 |train kld ravg: 1.71739 |train mae:  4.74975 |train mae ravg:  4.71417 |val kld: 1.56230 |val kldravg: 1.55147 |val mae:  4.15694 |val mae ravg:  4.39129 |
|epoch:  11 | lr: 0.100 |train kld: 1.74751 |train kld ravg: 1.72184 |train mae:  4.72444 |train mae ravg:  4.71029 |val kld: 1.53377 |val kldravg: 1.54731 |val mae:  4.56112 |val mae ravg:  4.50005 |
|epoch:  12 | lr: 0.100 |train kld: 1.70249 |train kld ravg: 1.71678 |train mae:  4.63107 |train mae ravg:  4.69268 |val kld: 1.54196 |val kldravg: 1.54331 |val mae:  4.32854 |val mae ravg:  4.50391 |
|epoch:  13 | lr: 0.100 |train kld: 1.70275 |train kld ravg: 1.71480 |train mae:  4.70029 |train mae ravg:  4.70205 |val kld: 1.64574 |val kldravg: 1.57768 |val mae:  6.82400 |val mae ravg:  4.99041 |
|epoch:  14 | lr: 0.100 |train kld: 1.71631 |train kld ravg: 1.72156 |train mae:  4.70934 |train mae ravg:  4.70298 |val kld: 1.47896 |val kldravg: 1.55254 |val mae:  4.46069 |val mae ravg:  4.86626 |
|epoch:  15 | lr: 0.100 |train kld: 1.68464 |train kld ravg: 1.71074 |train mae:  4.75809 |train mae ravg:  4.70465 |val kld: 1.57958 |val kldravg: 1.55600 |val mae:  4.08366 |val mae ravg:  4.85160 |
|epoch:  16 | lr: 0.100 |train kld: 1.75123 |train kld ravg: 1.71148 |train mae:  4.64223 |train mae ravg:  4.68820 |val kld: 1.56478 |val kldravg: 1.56220 |val mae:  4.17528 |val mae ravg:  4.77443 |
|epoch:  17 | lr: 0.100 |train kld: 1.72016 |train kld ravg: 1.71502 |train mae:  4.59748 |train mae ravg:  4.68149 |val kld: 1.46431 |val kldravg: 1.54667 |val mae:  4.61275 |val mae ravg:  4.83127 |
|epoch:  18 | lr: 0.100 |train kld: 1.67388 |train kld ravg: 1.70925 |train mae:  4.62696 |train mae ravg:  4.66682 |val kld: 1.53970 |val kldravg: 1.52546 |val mae:  4.69359 |val mae ravg:  4.40519 |
|epoch:  19 | lr: 0.100 |train kld: 1.68196 |train kld ravg: 1.70237 |train mae:  4.59304 |train mae ravg:  4.64356 |val kld: 1.53296 |val kldravg: 1.53627 |val mae:  4.43733 |val mae ravg:  4.40052 |
|epoch:  20 | lr: 0.100 |train kld: 1.72542 |train kld ravg: 1.71053 |train mae:  4.71008 |train mae ravg:  4.63396 |val kld: 1.59953 |val kldravg: 1.54025 |val mae:  4.43423 |val mae ravg:  4.47064 |
|epoch:  21 | lr: 0.100 |train kld: 1.71428 |train kld ravg: 1.70314 |train mae:  4.85600 |train mae ravg:  4.67671 |val kld: 1.53126 |val kldravg: 1.53355 |val mae:  4.27952 |val mae ravg:  4.49148 |
|epoch:  22 | lr: 0.100 |train kld: 1.73207 |train kld ravg: 1.70552 |train mae:  4.70022 |train mae ravg:  4.69726 |val kld: 1.49971 |val kldravg: 1.54063 |val mae:  4.47327 |val mae ravg:  4.46359 |
|epoch:  23 | lr: 0.100 |train kld: 1.74983 |train kld ravg: 1.72071 |train mae:  4.68997 |train mae ravg:  4.70986 |val kld: 1.67884 |val kldravg: 1.56846 |val mae:  4.30497 |val mae ravg:  4.38587 |
|epoch:  24 | lr: 0.100 |train kld: 1.70565 |train kld ravg: 1.72545 |train mae:  4.65731 |train mae ravg:  4.72272 |val kld: 1.51241 |val kldravg: 1.56435 |val mae:  4.64516 |val mae ravg:  4.42743 |
----------------------------------------------------------------------------------------------------------------------------------------------------------------
Finished:  2021-03-01 23:56:01.570726

Correlation between train loss and evaluation: 0.491

----------------------------------------------------------------------------------------------------------------------------------------------------------------
Number of GPUs:  2
Epoch decay:  30
Gamma decay:  0.1

Full model is being trained.
Start:  2021-03-01 23:56:01.684775
----------------------------------------------------------------------------------------------------------------------------------------------------------------
|epoch:   0 | lr: 0.001 |train kld: 1.53867 |train kld ravg: 1.53867 |train mae:  4.72438 |train mae ravg:  4.72438 |val kld: 1.39239 |val kldravg: 1.39239 |val mae:  4.11347 |val mae ravg:  4.11347 |
|epoch:   1 | lr: 0.001 |train kld: 1.43095 |train kld ravg: 1.48481 |train mae:  4.20099 |train mae ravg:  4.46269 |val kld: 1.27577 |val kldravg: 1.33408 |val mae:  3.21082 |val mae ravg:  3.66214 |
|epoch:   2 | lr: 0.001 |train kld: 1.40336 |train kld ravg: 1.45766 |train mae:  4.03749 |train mae ravg:  4.32096 |val kld: 1.25842 |val kldravg: 1.30886 |val mae:  3.48681 |val mae ravg:  3.60370 |
|epoch:   3 | lr: 0.001 |train kld: 1.39874 |train kld ravg: 1.44293 |train mae:  4.02226 |train mae ravg:  4.24628 |val kld: 1.23346 |val kldravg: 1.29001 |val mae:  3.60819 |val mae ravg:  3.60482 |
|epoch:   4 | lr: 0.001 |train kld: 1.34060 |train kld ravg: 1.42247 |train mae:  3.85833 |train mae ravg:  4.16869 |val kld: 1.24105 |val kldravg: 1.28022 |val mae:  3.63447 |val mae ravg:  3.61075 |
|epoch:   5 | lr: 0.001 |train kld: 1.31920 |train kld ravg: 1.37857 |train mae:  3.75560 |train mae ravg:  3.97493 |val kld: 1.20624 |val kldravg: 1.24299 |val mae:  3.47277 |val mae ravg:  3.48261 |
|epoch:   6 | lr: 0.001 |train kld: 1.31629 |train kld ravg: 1.35564 |train mae:  3.73001 |train mae ravg:  3.88074 |val kld: 1.17250 |val kldravg: 1.22233 |val mae:  3.07020 |val mae ravg:  3.45449 |
|epoch:   7 | lr: 0.001 |train kld: 1.28509 |train kld ravg: 1.33199 |train mae:  3.61423 |train mae ravg:  3.79608 |val kld: 1.22458 |val kldravg: 1.21556 |val mae:  3.83614 |val mae ravg:  3.52436 |
|epoch:   8 | lr: 0.001 |train kld: 1.28528 |train kld ravg: 1.30929 |train mae:  3.55345 |train mae ravg:  3.70232 |val kld: 1.17376 |val kldravg: 1.20363 |val mae:  3.72799 |val mae ravg:  3.54832 |
|epoch:   9 | lr: 0.001 |train kld: 1.26742 |train kld ravg: 1.29466 |train mae:  3.59462 |train mae ravg:  3.64958 |val kld: 1.16882 |val kldravg: 1.18918 |val mae:  3.69895 |val mae ravg:  3.56121 |
|epoch:  10 | lr: 0.001 |train kld: 1.22750 |train kld ravg: 1.27632 |train mae:  3.38047 |train mae ravg:  3.57456 |val kld: 1.13478 |val kldravg: 1.17489 |val mae:  3.64154 |val mae ravg:  3.59497 |
|epoch:  11 | lr: 0.001 |train kld: 1.23023 |train kld ravg: 1.25911 |train mae:  3.39325 |train mae ravg:  3.50720 |val kld: 1.09307 |val kldravg: 1.15900 |val mae:  2.69193 |val mae ravg:  3.51931 |
|epoch:  12 | lr: 0.001 |train kld: 1.23718 |train kld ravg: 1.24952 |train mae:  3.42717 |train mae ravg:  3.46979 |val kld: 1.11527 |val kldravg: 1.13714 |val mae:  3.08133 |val mae ravg:  3.36835 |
|epoch:  13 | lr: 0.001 |train kld: 1.21055 |train kld ravg: 1.23458 |train mae:  3.32367 |train mae ravg:  3.42384 |val kld: 1.10455 |val kldravg: 1.12330 |val mae:  2.79748 |val mae ravg:  3.18224 |
|epoch:  14 | lr: 0.001 |train kld: 1.18899 |train kld ravg: 1.21889 |train mae:  3.24951 |train mae ravg:  3.35481 |val kld: 1.06389 |val kldravg: 1.10231 |val mae:  2.79322 |val mae ravg:  3.00110 |
|epoch:  15 | lr: 0.001 |train kld: 1.20118 |train kld ravg: 1.21363 |train mae:  3.15213 |train mae ravg:  3.30914 |val kld: 1.06074 |val kldravg: 1.08750 |val mae:  2.76454 |val mae ravg:  2.82570 |
|epoch:  16 | lr: 0.001 |train kld: 1.21185 |train kld ravg: 1.20995 |train mae:  3.27221 |train mae ravg:  3.28494 |val kld: 1.11459 |val kldravg: 1.09181 |val mae:  2.44353 |val mae ravg:  2.77602 |
|epoch:  17 | lr: 0.001 |train kld: 1.16472 |train kld ravg: 1.19546 |train mae:  3.25328 |train mae ravg:  3.25016 |val kld: 1.09705 |val kldravg: 1.08817 |val mae:  2.76767 |val mae ravg:  2.71329 |
|epoch:  18 | lr: 0.001 |train kld: 1.15919 |train kld ravg: 1.18519 |train mae:  3.10277 |train mae ravg:  3.20598 |val kld: 1.23533 |val kldravg: 1.11432 |val mae:  3.82436 |val mae ravg:  2.91867 |
|epoch:  19 | lr: 0.001 |train kld: 1.15827 |train kld ravg: 1.17904 |train mae:  3.12680 |train mae ravg:  3.18144 |val kld: 1.04761 |val kldravg: 1.11106 |val mae:  2.67195 |val mae ravg:  2.89441 |
|epoch:  20 | lr: 0.001 |train kld: 1.15391 |train kld ravg: 1.16959 |train mae:  3.11053 |train mae ravg:  3.17312 |val kld: 1.06196 |val kldravg: 1.11131 |val mae:  3.24279 |val mae ravg:  2.99006 |
|epoch:  21 | lr: 0.001 |train kld: 1.14865 |train kld ravg: 1.15695 |train mae:  3.04535 |train mae ravg:  3.12775 |val kld: 1.04100 |val kldravg: 1.09659 |val mae:  2.42261 |val mae ravg:  2.98588 |
|epoch:  22 | lr: 0.001 |train kld: 1.14451 |train kld ravg: 1.15290 |train mae:  3.14056 |train mae ravg:  3.10520 |val kld: 1.04375 |val kldravg: 1.08593 |val mae:  2.46719 |val mae ravg:  2.92578 |
|epoch:  23 | lr: 0.001 |train kld: 1.11805 |train kld ravg: 1.14468 |train mae:  2.97186 |train mae ravg:  3.07902 |val kld: 0.99604 |val kldravg: 1.03807 |val mae:  2.30042 |val mae ravg:  2.62099 |
|epoch:  24 | lr: 0.001 |train kld: 1.14284 |train kld ravg: 1.14159 |train mae:  3.11441 |train mae ravg:  3.07654 |val kld: 1.04127 |val kldravg: 1.03680 |val mae:  2.47711 |val mae ravg:  2.58202 |
|epoch:  25 | lr: 0.001 |train kld: 1.09701 |train kld ravg: 1.13021 |train mae:  2.90525 |train mae ravg:  3.03549 |val kld: 1.07947 |val kldravg: 1.04031 |val mae:  2.41478 |val mae ravg:  2.41642 |
|epoch:  26 | lr: 0.001 |train kld: 1.12437 |train kld ravg: 1.12535 |train mae:  3.05180 |train mae ravg:  3.03678 |val kld: 1.02722 |val kldravg: 1.03755 |val mae:  2.67238 |val mae ravg:  2.46638 |
|epoch:  27 | lr: 0.001 |train kld: 1.08538 |train kld ravg: 1.11353 |train mae:  2.92177 |train mae ravg:  2.99302 |val kld: 1.08542 |val kldravg: 1.04588 |val mae:  2.26162 |val mae ravg:  2.42526 |
|epoch:  28 | lr: 0.001 |train kld: 1.09748 |train kld ravg: 1.10942 |train mae:  2.86002 |train mae ravg:  2.97065 |val kld: 1.03949 |val kldravg: 1.05457 |val mae:  2.78563 |val mae ravg:  2.52230 |
|epoch:  29 | lr: 0.001 |train kld: 1.07893 |train kld ravg: 1.09663 |train mae:  2.90807 |train mae ravg:  2.92938 |val kld: 1.08971 |val kldravg: 1.06426 |val mae:  2.72924 |val mae ravg:  2.57273 |
|epoch:  30 | lr: 0.000 |train kld: 1.07481 |train kld ravg: 1.09219 |train mae:  2.80796 |train mae ravg:  2.90992 |val kld: 1.01132 |val kldravg: 1.05063 |val mae:  2.58154 |val mae ravg:  2.60608 |
|epoch:  31 | lr: 0.000 |train kld: 1.06555 |train kld ravg: 1.08043 |train mae:  2.83210 |train mae ravg:  2.86599 |val kld: 1.01100 |val kldravg: 1.04739 |val mae:  2.54467 |val mae ravg:  2.58054 |
|epoch:  32 | lr: 0.000 |train kld: 1.06071 |train kld ravg: 1.07549 |train mae:  2.89311 |train mae ravg:  2.86025 |val kld: 1.11191 |val kldravg: 1.05269 |val mae:  3.54641 |val mae ravg:  2.83750 |
|epoch:  33 | lr: 0.000 |train kld: 1.05946 |train kld ravg: 1.06789 |train mae:  2.74074 |train mae ravg:  2.83640 |val kld: 0.99315 |val kldravg: 1.04342 |val mae:  2.37585 |val mae ravg:  2.75554 |
|epoch:  34 | lr: 0.000 |train kld: 1.02758 |train kld ravg: 1.05762 |train mae:  2.76766 |train mae ravg:  2.80832 |val kld: 0.99446 |val kldravg: 1.02437 |val mae:  2.21467 |val mae ravg:  2.65263 |
|epoch:  35 | lr: 0.000 |train kld: 1.01543 |train kld ravg: 1.04574 |train mae:  2.73006 |train mae ravg:  2.79274 |val kld: 0.98808 |val kldravg: 1.01972 |val mae:  2.43762 |val mae ravg:  2.62384 |
|epoch:  36 | lr: 0.000 |train kld: 1.03658 |train kld ravg: 1.03995 |train mae:  2.77001 |train mae ravg:  2.78032 |val kld: 1.15036 |val kldravg: 1.04760 |val mae:  3.78860 |val mae ravg:  2.87263 |
|epoch:  37 | lr: 0.000 |train kld: 1.04406 |train kld ravg: 1.03662 |train mae:  2.71346 |train mae ravg:  2.74439 |val kld: 1.00626 |val kldravg: 1.02646 |val mae:  2.56297 |val mae ravg:  2.67594 |
|epoch:  38 | lr: 0.000 |train kld: 1.03162 |train kld ravg: 1.03105 |train mae:  2.72527 |train mae ravg:  2.74129 |val kld: 1.00425 |val kldravg: 1.02868 |val mae:  2.28031 |val mae ravg:  2.65683 |
|epoch:  39 | lr: 0.000 |train kld: 1.01947 |train kld ravg: 1.02943 |train mae:  2.61621 |train mae ravg:  2.71100 |val kld: 1.01419 |val kldravg: 1.03263 |val mae:  2.65430 |val mae ravg:  2.74476 |
|epoch:  40 | lr: 0.000 |train kld: 1.04450 |train kld ravg: 1.03525 |train mae:  2.80599 |train mae ravg:  2.72619 |val kld: 1.02723 |val kldravg: 1.04046 |val mae:  2.20411 |val mae ravg:  2.69806 |
|epoch:  41 | lr: 0.000 |train kld: 1.05154 |train kld ravg: 1.03824 |train mae:  2.79667 |train mae ravg:  2.73152 |val kld: 1.14124 |val kldravg: 1.03863 |val mae:  3.41950 |val mae ravg:  2.62424 |
|epoch:  42 | lr: 0.000 |train kld: 1.04240 |train kld ravg: 1.03791 |train mae:  2.72014 |train mae ravg:  2.73286 |val kld: 1.00405 |val kldravg: 1.03819 |val mae:  2.56122 |val mae ravg:  2.62389 |
|epoch:  43 | lr: 0.000 |train kld: 1.04503 |train kld ravg: 1.04059 |train mae:  2.71750 |train mae ravg:  2.73130 |val kld: 0.98818 |val kldravg: 1.03497 |val mae:  2.54360 |val mae ravg:  2.67654 |
|epoch:  44 | lr: 0.000 |train kld: 1.06153 |train kld ravg: 1.04900 |train mae:  2.85543 |train mae ravg:  2.77915 |val kld: 1.03094 |val kldravg: 1.03833 |val mae:  2.34596 |val mae ravg:  2.61488 |
|epoch:  45 | lr: 0.000 |train kld: 1.03331 |train kld ravg: 1.04676 |train mae:  2.72189 |train mae ravg:  2.76233 |val kld: 1.05814 |val kldravg: 1.04451 |val mae:  2.79922 |val mae ravg:  2.73390 |
|epoch:  46 | lr: 0.000 |train kld: 1.03042 |train kld ravg: 1.04254 |train mae:  2.84831 |train mae ravg:  2.77265 |val kld: 1.00880 |val kldravg: 1.01802 |val mae:  2.31067 |val mae ravg:  2.51213 |
|epoch:  47 | lr: 0.000 |train kld: 1.05141 |train kld ravg: 1.04434 |train mae:  2.83500 |train mae ravg:  2.79563 |val kld: 1.01175 |val kldravg: 1.01956 |val mae:  2.48456 |val mae ravg:  2.49680 |
|epoch:  48 | lr: 0.000 |train kld: 1.03153 |train kld ravg: 1.04164 |train mae:  2.62328 |train mae ravg:  2.77678 |val kld: 1.00763 |val kldravg: 1.02345 |val mae:  2.19820 |val mae ravg:  2.42772 |
|epoch:  49 | lr: 0.000 |train kld: 1.03360 |train kld ravg: 1.03606 |train mae:  2.76942 |train mae ravg:  2.75958 |val kld: 0.97390 |val kldravg: 1.01204 |val mae:  2.41802 |val mae ravg:  2.44213 |
|epoch:  50 | lr: 0.000 |train kld: 1.05284 |train kld ravg: 1.03996 |train mae:  2.84689 |train mae ravg:  2.78458 |val kld: 1.00177 |val kldravg: 1.00077 |val mae:  2.18334 |val mae ravg:  2.31896 |
|epoch:  51 | lr: 0.000 |train kld: 1.06642 |train kld ravg: 1.04716 |train mae:  2.85587 |train mae ravg:  2.78609 |val kld: 1.04579 |val kldravg: 1.00817 |val mae:  2.34891 |val mae ravg:  2.32661 |
|epoch:  52 | lr: 0.000 |train kld: 1.03426 |train kld ravg: 1.04373 |train mae:  2.75812 |train mae ravg:  2.77072 |val kld: 0.98595 |val kldravg: 1.00301 |val mae:  2.41116 |val mae ravg:  2.31193 |
|epoch:  53 | lr: 0.000 |train kld: 1.01374 |train kld ravg: 1.04017 |train mae:  2.67234 |train mae ravg:  2.78053 |val kld: 0.97976 |val kldravg: 0.99744 |val mae:  2.35230 |val mae ravg:  2.34275 |
|epoch:  54 | lr: 0.000 |train kld: 1.02493 |train kld ravg: 1.03844 |train mae:  2.74554 |train mae ravg:  2.77575 |val kld: 1.00737 |val kldravg: 1.00413 |val mae:  2.61112 |val mae ravg:  2.38137 |
|epoch:  55 | lr: 0.000 |train kld: 1.04399 |train kld ravg: 1.03667 |train mae:  2.83871 |train mae ravg:  2.77412 |val kld: 0.99738 |val kldravg: 1.00325 |val mae:  2.45894 |val mae ravg:  2.43649 |
|epoch:  56 | lr: 0.000 |train kld: 1.01966 |train kld ravg: 1.02732 |train mae:  2.71880 |train mae ravg:  2.74670 |val kld: 0.99614 |val kldravg: 0.99332 |val mae:  2.38486 |val mae ravg:  2.44367 |
|epoch:  57 | lr: 0.000 |train kld: 1.01358 |train kld ravg: 1.02318 |train mae:  2.65864 |train mae ravg:  2.72681 |val kld: 0.98553 |val kldravg: 0.99324 |val mae:  2.50293 |val mae ravg:  2.46203 |
|epoch:  58 | lr: 0.000 |train kld: 1.03992 |train kld ravg: 1.02842 |train mae:  2.69634 |train mae ravg:  2.73161 |val kld: 0.98199 |val kldravg: 0.99368 |val mae:  2.30034 |val mae ravg:  2.45164 |
|epoch:  59 | lr: 0.000 |train kld: 1.02026 |train kld ravg: 1.02748 |train mae:  2.74951 |train mae ravg:  2.73240 |val kld: 0.98189 |val kldravg: 0.98858 |val mae:  2.28410 |val mae ravg:  2.38623 |
|epoch:  60 | lr: 0.000 |train kld: 1.00328 |train kld ravg: 1.01934 |train mae:  2.67818 |train mae ravg:  2.70029 |val kld: 0.97783 |val kldravg: 0.98467 |val mae:  2.18624 |val mae ravg:  2.33169 |
|epoch:  61 | lr: 0.000 |train kld: 0.99572 |train kld ravg: 1.01455 |train mae:  2.72331 |train mae ravg:  2.70120 |val kld: 1.07138 |val kldravg: 0.99972 |val mae:  2.98997 |val mae ravg:  2.45272 |
|epoch:  62 | lr: 0.000 |train kld: 1.02363 |train kld ravg: 1.01656 |train mae:  2.63316 |train mae ravg:  2.69610 |val kld: 0.96990 |val kldravg: 0.99659 |val mae:  2.35250 |val mae ravg:  2.42263 |
|epoch:  63 | lr: 0.000 |train kld: 1.03550 |train kld ravg: 1.01568 |train mae:  2.76869 |train mae ravg:  2.71057 |val kld: 0.99307 |val kldravg: 0.99881 |val mae:  2.47605 |val mae ravg:  2.45777 |
|epoch:  64 | lr: 0.000 |train kld: 1.03348 |train kld ravg: 1.01832 |train mae:  2.65863 |train mae ravg:  2.69240 |val kld: 0.98095 |val kldravg: 0.99862 |val mae:  2.38833 |val mae ravg:  2.47862 |
|epoch:  65 | lr: 0.000 |train kld: 1.02832 |train kld ravg: 1.02333 |train mae:  2.75722 |train mae ravg:  2.70820 |val kld: 0.99568 |val kldravg: 1.00220 |val mae:  2.42349 |val mae ravg:  2.52607 |
|epoch:  66 | lr: 0.000 |train kld: 1.03850 |train kld ravg: 1.03188 |train mae:  2.78296 |train mae ravg:  2.72013 |val kld: 0.98580 |val kldravg: 0.98508 |val mae:  2.36376 |val mae ravg:  2.40083 |
|epoch:  67 | lr: 0.000 |train kld: 1.03439 |train kld ravg: 1.03404 |train mae:  2.70920 |train mae ravg:  2.73534 |val kld: 0.99017 |val kldravg: 0.98914 |val mae:  2.51497 |val mae ravg:  2.43332 |
|epoch:  68 | lr: 0.000 |train kld: 1.00956 |train kld ravg: 1.02885 |train mae:  2.74352 |train mae ravg:  2.73031 |val kld: 1.18931 |val kldravg: 1.02838 |val mae:  4.56468 |val mae ravg:  2.85105 |
|epoch:  69 | lr: 0.000 |train kld: 1.02913 |train kld ravg: 1.02798 |train mae:  2.67839 |train mae ravg:  2.73426 |val kld: 0.98202 |val kldravg: 1.02860 |val mae:  2.28265 |val mae ravg:  2.82991 |
|epoch:  70 | lr: 0.000 |train kld: 1.02241 |train kld ravg: 1.02680 |train mae:  2.72287 |train mae ravg:  2.72739 |val kld: 1.00941 |val kldravg: 1.03134 |val mae:  2.40228 |val mae ravg:  2.82567 |
|epoch:  71 | lr: 0.000 |train kld: 1.01880 |train kld ravg: 1.02286 |train mae:  2.68221 |train mae ravg:  2.70724 |val kld: 1.00780 |val kldravg: 1.03574 |val mae:  2.47030 |val mae ravg:  2.84698 |
|epoch:  72 | lr: 0.000 |train kld: 1.00253 |train kld ravg: 1.01649 |train mae:  2.63028 |train mae ravg:  2.69145 |val kld: 0.97789 |val kldravg: 1.03329 |val mae:  2.37534 |val mae ravg:  2.81905 |
|epoch:  73 | lr: 0.000 |train kld: 1.03131 |train kld ravg: 1.02083 |train mae:  2.78693 |train mae ravg:  2.70014 |val kld: 1.00612 |val kldravg: 0.99665 |val mae:  2.53340 |val mae ravg:  2.41279 |
|epoch:  74 | lr: 0.000 |train kld: 1.03736 |train kld ravg: 1.02248 |train mae:  2.68266 |train mae ravg:  2.70099 |val kld: 0.99342 |val kldravg: 0.99893 |val mae:  2.27651 |val mae ravg:  2.41157 |
|epoch:  75 | lr: 0.000 |train kld: 1.00660 |train kld ravg: 1.01932 |train mae:  2.74804 |train mae ravg:  2.70602 |val kld: 0.99548 |val kldravg: 0.99614 |val mae:  2.48698 |val mae ravg:  2.42850 |
|epoch:  76 | lr: 0.000 |train kld: 1.00756 |train kld ravg: 1.01707 |train mae:  2.71681 |train mae ravg:  2.71295 |val kld: 0.99421 |val kldravg: 0.99342 |val mae:  2.36042 |val mae ravg:  2.40653 |
|epoch:  77 | lr: 0.000 |train kld: 1.00789 |train kld ravg: 1.01814 |train mae:  2.66855 |train mae ravg:  2.72060 |val kld: 0.98566 |val kldravg: 0.99498 |val mae:  2.28152 |val mae ravg:  2.38776 |
|epoch:  78 | lr: 0.000 |train kld: 1.01211 |train kld ravg: 1.01430 |train mae:  2.70402 |train mae ravg:  2.70402 |val kld: 0.98866 |val kldravg: 0.99149 |val mae:  2.23686 |val mae ravg:  2.32846 |
|epoch:  79 | lr: 0.000 |train kld: 1.00138 |train kld ravg: 1.00711 |train mae:  2.73721 |train mae ravg:  2.71493 |val kld: 0.98467 |val kldravg: 0.98974 |val mae:  2.36964 |val mae ravg:  2.34708 |
|epoch:  80 | lr: 0.000 |train kld: 1.01715 |train kld ravg: 1.00922 |train mae:  2.70377 |train mae ravg:  2.70607 |val kld: 0.99803 |val kldravg: 0.99025 |val mae:  2.41145 |val mae ravg:  2.33198 |
|epoch:  81 | lr: 0.000 |train kld: 1.00990 |train kld ravg: 1.00969 |train mae:  2.75425 |train mae ravg:  2.71356 |val kld: 1.00233 |val kldravg: 0.99187 |val mae:  2.27310 |val mae ravg:  2.31451 |
|epoch:  82 | lr: 0.000 |train kld: 1.01331 |train kld ravg: 1.01077 |train mae:  2.67079 |train mae ravg:  2.71401 |val kld: 0.98939 |val kldravg: 0.99262 |val mae:  2.38386 |val mae ravg:  2.33498 |
|epoch:  83 | lr: 0.000 |train kld: 1.01402 |train kld ravg: 1.01115 |train mae:  2.63528 |train mae ravg:  2.70026 |val kld: 0.98920 |val kldravg: 0.99273 |val mae:  2.50579 |val mae ravg:  2.38877 |
|epoch:  84 | lr: 0.000 |train kld: 1.01889 |train kld ravg: 1.01465 |train mae:  2.62570 |train mae ravg:  2.67796 |val kld: 0.98089 |val kldravg: 0.99197 |val mae:  2.45879 |val mae ravg:  2.40660 |
|epoch:  85 | lr: 0.000 |train kld: 1.02207 |train kld ravg: 1.01564 |train mae:  2.71057 |train mae ravg:  2.67932 |val kld: 0.97266 |val kldravg: 0.98690 |val mae:  2.46208 |val mae ravg:  2.41672 |
