------------------------------------------------
Job ID: 37536188
Run on host: compg013.hpc.in.bmrc.ox.ac.uk
Operating system: Linux
Username: lhw539
Started at: Sat Feb 20 17:53:08 GMT 2021
------------------------------------------------
Loading share 1.00 train data.
Loading OASIS   val data.
Number of GPUs:  2

Full model is being trained with random initialization.
Start:  2021-02-20 17:53:13.566129
----------------------------------------------------------------------------------------------------------------------------------------------------------------
|epoch:   0 | lr: 0.010 |train ent: 0.55036 |train ent ravg: 0.55036 |train acc:  0.72159 |train acc ravg:  0.72159 |val ent: 1.26697 |val entravg: 1.26697 |val acc:  0.45455 |val acc ravg:  0.45455 |
|epoch:   1 | lr: 0.010 |train ent: 0.55611 |train ent ravg: 0.55323 |train acc:  0.71307 |train acc ravg:  0.71733 |val ent: 0.99055 |val entravg: 1.12876 |val acc:  0.44318 |val acc ravg:  0.44886 |
|epoch:   2 | lr: 0.010 |train ent: 0.55243 |train ent ravg: 0.55297 |train acc:  0.71023 |train acc ravg:  0.71496 |val ent: 4.04906 |val entravg: 2.10220 |val acc:  0.44318 |val acc ravg:  0.44697 |
|epoch:   3 | lr: 0.010 |train ent: 0.53037 |train ent ravg: 0.54732 |train acc:  0.72727 |train acc ravg:  0.71804 |val ent: 3.64769 |val entravg: 2.48857 |val acc:  0.45455 |val acc ravg:  0.44886 |
|epoch:   4 | lr: 0.010 |train ent: 0.49554 |train ent ravg: 0.53696 |train acc:  0.75284 |train acc ravg:  0.72500 |val ent: 2.74157 |val entravg: 2.53917 |val acc:  0.44318 |val acc ravg:  0.44773 |
|epoch:   5 | lr: 0.010 |train ent: 0.54072 |train ent ravg: 0.53503 |train acc:  0.71307 |train acc ravg:  0.72330 |val ent: 26.84619 |val entravg: 7.65501 |val acc:  0.53409 |val acc ravg:  0.46364 |
|epoch:   6 | lr: 0.010 |train ent: 0.48442 |train ent ravg: 0.52070 |train acc:  0.77841 |train acc ravg:  0.73636 |val ent: 5.35521 |val entravg: 8.52794 |val acc:  0.44318 |val acc ravg:  0.46364 |
|epoch:   7 | lr: 0.010 |train ent: 0.51591 |train ent ravg: 0.51339 |train acc:  0.73864 |train acc ravg:  0.74205 |val ent: 2.43604 |val entravg: 8.20534 |val acc:  0.45455 |val acc ravg:  0.46591 |
|epoch:   8 | lr: 0.010 |train ent: 0.41554 |train ent ravg: 0.49043 |train acc:  0.81534 |train acc ravg:  0.75966 |val ent: 4.62588 |val entravg: 8.40098 |val acc:  0.53409 |val acc ravg:  0.48182 |
|epoch:   9 | lr: 0.010 |train ent: 0.44360 |train ent ravg: 0.48004 |train acc:  0.76420 |train acc ravg:  0.76193 |val ent: 1.80411 |val entravg: 8.21349 |val acc:  0.45455 |val acc ravg:  0.48409 |
|epoch:  10 | lr: 0.010 |train ent: 0.49651 |train ent ravg: 0.47119 |train acc:  0.76989 |train acc ravg:  0.77330 |val ent: 3.49781 |val entravg: 3.54381 |val acc:  0.44318 |val acc ravg:  0.46591 |
|epoch:  11 | lr: 0.010 |train ent: 0.48686 |train ent ravg: 0.47168 |train acc:  0.77557 |train acc ravg:  0.77273 |val ent: 14.13706 |val entravg: 5.30018 |val acc:  0.55682 |val acc ravg:  0.48864 |
|epoch:  12 | lr: 0.010 |train ent: 0.38778 |train ent ravg: 0.44606 |train acc:  0.82670 |train acc ravg:  0.79034 |val ent: 6.05635 |val entravg: 6.02424 |val acc:  0.54545 |val acc ravg:  0.50682 |
|epoch:  13 | lr: 0.010 |train ent: 0.45006 |train ent ravg: 0.45296 |train acc:  0.76136 |train acc ravg:  0.77955 |val ent: 4.70619 |val entravg: 6.04030 |val acc:  0.45455 |val acc ravg:  0.49091 |
|epoch:  14 | lr: 0.010 |train ent: 0.49029 |train ent ravg: 0.46230 |train acc:  0.74432 |train acc ravg:  0.77557 |val ent: 4.44314 |val entravg: 6.56811 |val acc:  0.45455 |val acc ravg:  0.49091 |
|epoch:  15 | lr: 0.010 |train ent: 0.51771 |train ent ravg: 0.46654 |train acc:  0.75568 |train acc ravg:  0.77273 |val ent: 0.49619 |val entravg: 5.96779 |val acc:  0.76136 |val acc ravg:  0.55455 |
|epoch:  16 | lr: 0.010 |train ent: 0.44676 |train ent ravg: 0.45852 |train acc:  0.78693 |train acc ravg:  0.77500 |val ent: 5.54904 |val entravg: 4.25018 |val acc:  0.46591 |val acc ravg:  0.53636 |
|epoch:  17 | lr: 0.010 |train ent: 0.41922 |train ent ravg: 0.46481 |train acc:  0.81534 |train acc ravg:  0.77273 |val ent: 9.34112 |val entravg: 4.90714 |val acc:  0.54545 |val acc ravg:  0.53636 |
|epoch:  18 | lr: 0.010 |train ent: 0.38876 |train ent ravg: 0.45255 |train acc:  0.82955 |train acc ravg:  0.78636 |val ent: 8.72603 |val entravg: 5.71110 |val acc:  0.44318 |val acc ravg:  0.53409 |
|epoch:  19 | lr: 0.010 |train ent: 0.45181 |train ent ravg: 0.44485 |train acc:  0.79261 |train acc ravg:  0.79602 |val ent: 1.51045 |val entravg: 5.12456 |val acc:  0.45455 |val acc ravg:  0.53409 |
|epoch:  20 | lr: 0.010 |train ent: 0.43601 |train ent ravg: 0.42851 |train acc:  0.78125 |train acc ravg:  0.80114 |val ent: 4.25133 |val entravg: 5.87559 |val acc:  0.55682 |val acc ravg:  0.49318 |
|epoch:  21 | lr: 0.010 |train ent: 0.46967 |train ent ravg: 0.43309 |train acc:  0.76705 |train acc ravg:  0.79716 |val ent: 0.50556 |val entravg: 4.86690 |val acc:  0.76136 |val acc ravg:  0.55227 |
|epoch:  22 | lr: 0.010 |train ent: 0.38391 |train ent ravg: 0.42603 |train acc:  0.83807 |train acc ravg:  0.80170 |val ent: 1.76173 |val entravg: 3.35102 |val acc:  0.45455 |val acc ravg:  0.53409 |
|epoch:  23 | lr: 0.010 |train ent: 0.39315 |train ent ravg: 0.42691 |train acc:  0.82670 |train acc ravg:  0.80114 |val ent: 3.50464 |val entravg: 2.30674 |val acc:  0.45455 |val acc ravg:  0.53636 |
|epoch:  24 | lr: 0.010 |train ent: 0.42391 |train ent ravg: 0.42133 |train acc:  0.82102 |train acc ravg:  0.80682 |val ent: 7.85438 |val entravg: 3.57553 |val acc:  0.46591 |val acc ravg:  0.53864 |
|epoch:  25 | lr: 0.010 |train ent: 0.40020 |train ent ravg: 0.41416 |train acc:  0.81250 |train acc ravg:  0.81307 |val ent: 3.89754 |val entravg: 3.50477 |val acc:  0.45455 |val acc ravg:  0.51818 |
|epoch:  26 | lr: 0.010 |train ent: 0.38798 |train ent ravg: 0.39783 |train acc:  0.83523 |train acc ravg:  0.82670 |val ent: 0.92974 |val entravg: 3.58960 |val acc:  0.56818 |val acc ravg:  0.47955 |
|epoch:  27 | lr: 0.010 |train ent: 0.41491 |train ent ravg: 0.40403 |train acc:  0.83807 |train acc ravg:  0.82670 |val ent: 2.77426 |val entravg: 3.79211 |val acc:  0.46591 |val acc ravg:  0.48182 |
|epoch:  28 | lr: 0.010 |train ent: 0.33187 |train ent ravg: 0.39177 |train acc:  0.88636 |train acc ravg:  0.83864 |val ent: 2.81336 |val entravg: 3.65385 |val acc:  0.55682 |val acc ravg:  0.50227 |
|epoch:  29 | lr: 0.010 |train ent: 0.40682 |train ent ravg: 0.38836 |train acc:  0.81818 |train acc ravg:  0.83807 |val ent: 2.52747 |val entravg: 2.58847 |val acc:  0.55682 |val acc ravg:  0.52045 |
|epoch:  30 | lr: 0.010 |train ent: 0.35618 |train ent ravg: 0.37955 |train acc:  0.86364 |train acc ravg:  0.84830 |val ent: 4.39729 |val entravg: 2.68842 |val acc:  0.43182 |val acc ravg:  0.51591 |
|epoch:  31 | lr: 0.010 |train ent: 0.35556 |train ent ravg: 0.37307 |train acc:  0.83807 |train acc ravg:  0.84886 |val ent: 3.14222 |val entravg: 3.13092 |val acc:  0.45455 |val acc ravg:  0.49318 |
|epoch:  32 | lr: 0.010 |train ent: 0.37043 |train ent ravg: 0.36417 |train acc:  0.83239 |train acc ravg:  0.84773 |val ent: 5.14545 |val entravg: 3.60516 |val acc:  0.55682 |val acc ravg:  0.51136 |
|epoch:  33 | lr: 0.010 |train ent: 0.34290 |train ent ravg: 0.36638 |train acc:  0.85795 |train acc ravg:  0.84205 |val ent: 1.21701 |val entravg: 3.28589 |val acc:  0.54545 |val acc ravg:  0.50909 |
|epoch:  34 | lr: 0.010 |train ent: 0.35242 |train ent ravg: 0.35550 |train acc:  0.85227 |train acc ravg:  0.84886 |val ent: 1.01895 |val entravg: 2.98418 |val acc:  0.54545 |val acc ravg:  0.50682 |
|epoch:  35 | lr: 0.010 |train ent: 0.35445 |train ent ravg: 0.35515 |train acc:  0.86364 |train acc ravg:  0.84886 |val ent: 1.65375 |val entravg: 2.43548 |val acc:  0.47727 |val acc ravg:  0.51591 |
|epoch:  36 | lr: 0.010 |train ent: 0.30167 |train ent ravg: 0.34437 |train acc:  0.87216 |train acc ravg:  0.85568 |val ent: 9.09785 |val entravg: 3.62660 |val acc:  0.44318 |val acc ravg:  0.51364 |
|epoch:  37 | lr: 0.010 |train ent: 0.31577 |train ent ravg: 0.33344 |train acc:  0.86364 |train acc ravg:  0.86193 |val ent: 2.25628 |val entravg: 3.04877 |val acc:  0.54545 |val acc ravg:  0.51136 |
|epoch:  38 | lr: 0.010 |train ent: 0.29169 |train ent ravg: 0.32320 |train acc:  0.89489 |train acc ravg:  0.86932 |val ent: 1.07141 |val entravg: 3.01965 |val acc:  0.54545 |val acc ravg:  0.51136 |
|epoch:  39 | lr: 0.010 |train ent: 0.29450 |train ent ravg: 0.31162 |train acc:  0.86932 |train acc ravg:  0.87273 |val ent: 2.59380 |val entravg: 3.33462 |val acc:  0.46591 |val acc ravg:  0.49545 |
|epoch:  40 | lr: 0.010 |train ent: 0.33783 |train ent ravg: 0.30829 |train acc:  0.85795 |train acc ravg:  0.87159 |val ent: 1.70575 |val entravg: 3.34502 |val acc:  0.55682 |val acc ravg:  0.51136 |
|epoch:  41 | lr: 0.010 |train ent: 0.33937 |train ent ravg: 0.31583 |train acc:  0.88352 |train acc ravg:  0.87386 |val ent: 6.57742 |val entravg: 2.84093 |val acc:  0.45455 |val acc ravg:  0.51364 |
|epoch:  42 | lr: 0.010 |train ent: 0.35051 |train ent ravg: 0.32278 |train acc:  0.86080 |train acc ravg:  0.87330 |val ent: 0.39259 |val entravg: 2.46819 |val acc:  0.84091 |val acc ravg:  0.57273 |
|epoch:  43 | lr: 0.010 |train ent: 0.31918 |train ent ravg: 0.32828 |train acc:  0.85227 |train acc ravg:  0.86477 |val ent: 5.48499 |val entravg: 3.35091 |val acc:  0.44318 |val acc ravg:  0.55227 |
|epoch:  44 | lr: 0.010 |train ent: 0.35158 |train ent ravg: 0.33969 |train acc:  0.85227 |train acc ravg:  0.86136 |val ent: 1.67603 |val entravg: 3.16736 |val acc:  0.54545 |val acc ravg:  0.56818 |
|epoch:  45 | lr: 0.010 |train ent: 0.31071 |train ent ravg: 0.33427 |train acc:  0.86648 |train acc ravg:  0.86307 |val ent: 2.39935 |val entravg: 3.30607 |val acc:  0.54545 |val acc ravg:  0.56591 |
|epoch:  46 | lr: 0.010 |train ent: 0.32543 |train ent ravg: 0.33148 |train acc:  0.85511 |train acc ravg:  0.85739 |val ent: 0.44140 |val entravg: 2.07887 |val acc:  0.85227 |val acc ravg:  0.64545 |
|epoch:  47 | lr: 0.010 |train ent: 0.33859 |train ent ravg: 0.32910 |train acc:  0.84943 |train acc ravg:  0.85511 |val ent: 0.44118 |val entravg: 2.08859 |val acc:  0.81818 |val acc ravg:  0.64091 |
|epoch:  48 | lr: 0.010 |train ent: 0.31403 |train ent ravg: 0.32807 |train acc:  0.85511 |train acc ravg:  0.85568 |val ent: 3.72736 |val entravg: 1.73706 |val acc:  0.43182 |val acc ravg:  0.63864 |
|epoch:  49 | lr: 0.010 |train ent: 0.30151 |train ent ravg: 0.31805 |train acc:  0.87500 |train acc ravg:  0.86023 |val ent: 5.53709 |val entravg: 2.50927 |val acc:  0.54545 |val acc ravg:  0.63864 |
|epoch:  50 | lr: 0.010 |train ent: 0.26863 |train ent ravg: 0.30964 |train acc:  0.89489 |train acc ravg:  0.86591 |val ent: 2.22607 |val entravg: 2.47462 |val acc:  0.54545 |val acc ravg:  0.63864 |
|epoch:  51 | lr: 0.010 |train ent: 0.32101 |train ent ravg: 0.30875 |train acc:  0.86648 |train acc ravg:  0.86818 |val ent: 5.30091 |val entravg: 3.44652 |val acc:  0.45455 |val acc ravg:  0.55909 |
|epoch:  52 | lr: 0.010 |train ent: 0.29156 |train ent ravg: 0.29935 |train acc:  0.87216 |train acc ravg:  0.87273 |val ent: 1.70611 |val entravg: 3.69951 |val acc:  0.56818 |val acc ravg:  0.50909 |
|epoch:  53 | lr: 0.010 |train ent: 0.29694 |train ent ravg: 0.29593 |train acc:  0.87216 |train acc ravg:  0.87614 |val ent: 0.35995 |val entravg: 3.02602 |val acc:  0.87500 |val acc ravg:  0.59773 |
|epoch:  54 | lr: 0.010 |train ent: 0.27761 |train ent ravg: 0.29115 |train acc:  0.88920 |train acc ravg:  0.87898 |val ent: 1.14971 |val entravg: 2.14855 |val acc:  0.65909 |val acc ravg:  0.62045 |
|epoch:  55 | lr: 0.010 |train ent: 0.24010 |train ent ravg: 0.28545 |train acc:  0.90341 |train acc ravg:  0.88068 |val ent: 10.97348 |val entravg: 3.89803 |val acc:  0.45455 |val acc ravg:  0.60227 |
|epoch:  56 | lr: 0.010 |train ent: 0.25315 |train ent ravg: 0.27187 |train acc:  0.91761 |train acc ravg:  0.89091 |val ent: 0.35517 |val entravg: 2.90888 |val acc:  0.84091 |val acc ravg:  0.67955 |
|epoch:  57 | lr: 0.010 |train ent: 0.25657 |train ent ravg: 0.26488 |train acc:  0.89773 |train acc ravg:  0.89602 |val ent: 2.31259 |val entravg: 3.03018 |val acc:  0.51136 |val acc ravg:  0.66818 |
|epoch:  58 | lr: 0.010 |train ent: 0.27667 |train ent ravg: 0.26082 |train acc:  0.86932 |train acc ravg:  0.89545 |val ent: 4.75599 |val entravg: 3.90939 |val acc:  0.53409 |val acc ravg:  0.60000 |
|epoch:  59 | lr: 0.010 |train ent: 0.26411 |train ent ravg: 0.25812 |train acc:  0.89205 |train acc ravg:  0.89602 |val ent: 0.88157 |val entravg: 3.85576 |val acc:  0.65909 |val acc ravg:  0.60000 |
|epoch:  60 | lr: 0.010 |train ent: 0.27634 |train ent ravg: 0.26537 |train acc:  0.87784 |train acc ravg:  0.89091 |val ent: 0.98505 |val entravg: 1.85807 |val acc:  0.62500 |val acc ravg:  0.63409 |
|epoch:  61 | lr: 0.010 |train ent: 0.23486 |train ent ravg: 0.26171 |train acc:  0.91193 |train acc ravg:  0.88977 |val ent: 4.68060 |val entravg: 2.72316 |val acc:  0.44318 |val acc ravg:  0.55455 |
|epoch:  62 | lr: 0.010 |train ent: 0.37756 |train ent ravg: 0.28591 |train acc:  0.84375 |train acc ravg:  0.87898 |val ent: 3.48996 |val entravg: 2.95863 |val acc:  0.45455 |val acc ravg:  0.54318 |
|epoch:  63 | lr: 0.010 |train ent: 0.30718 |train ent ravg: 0.29201 |train acc:  0.87500 |train acc ravg:  0.88011 |val ent: 0.67342 |val entravg: 2.14212 |val acc:  0.64773 |val acc ravg:  0.56591 |
|epoch:  64 | lr: 0.010 |train ent: 0.25249 |train ent ravg: 0.28969 |train acc:  0.89773 |train acc ravg:  0.88125 |val ent: 0.36654 |val entravg: 2.03911 |val acc:  0.81818 |val acc ravg:  0.59773 |
|epoch:  65 | lr: 0.010 |train ent: 0.30829 |train ent ravg: 0.29607 |train acc:  0.86080 |train acc ravg:  0.87784 |val ent: 0.36869 |val entravg: 1.91584 |val acc:  0.84091 |val acc ravg:  0.64091 |
|epoch:  66 | lr: 0.010 |train ent: 0.24450 |train ent ravg: 0.29800 |train acc:  0.90909 |train acc ravg:  0.87727 |val ent: 0.32943 |val entravg: 1.04561 |val acc:  0.88636 |val acc ravg:  0.72955 |
|epoch:  67 | lr: 0.010 |train ent: 0.26840 |train ent ravg: 0.27617 |train acc:  0.87784 |train acc ravg:  0.88409 |val ent: 4.73720 |val entravg: 1.29505 |val acc:  0.45455 |val acc ravg:  0.72955 |
|epoch:  68 | lr: 0.010 |train ent: 0.24639 |train ent ravg: 0.26401 |train acc:  0.92045 |train acc ravg:  0.89318 |val ent: 3.47993 |val entravg: 1.85636 |val acc:  0.55682 |val acc ravg:  0.71136 |
|epoch:  69 | lr: 0.010 |train ent: 0.20370 |train ent ravg: 0.25425 |train acc:  0.91477 |train acc ravg:  0.89659 |val ent: 0.29219 |val entravg: 1.84149 |val acc:  0.88636 |val acc ravg:  0.72500 |
|epoch:  70 | lr: 0.010 |train ent: 0.25937 |train ent ravg: 0.24447 |train acc:  0.89773 |train acc ravg:  0.90398 |val ent: 4.64220 |val entravg: 2.69619 |val acc:  0.55682 |val acc ravg:  0.66818 |
|epoch:  71 | lr: 0.010 |train ent: 0.24082 |train ent ravg: 0.24374 |train acc:  0.90625 |train acc ravg:  0.90341 |val ent: 4.68239 |val entravg: 3.56678 |val acc:  0.45455 |val acc ravg:  0.58182 |
|epoch:  72 | lr: 0.010 |train ent: 0.19375 |train ent ravg: 0.22881 |train acc:  0.92614 |train acc ravg:  0.91307 |val ent: 3.92574 |val entravg: 3.40449 |val acc:  0.53409 |val acc ravg:  0.59773 |
|epoch:  73 | lr: 0.010 |train ent: 0.20670 |train ent ravg: 0.22087 |train acc:  0.92330 |train acc ravg:  0.91364 |val ent: 6.25700 |val entravg: 3.95990 |val acc:  0.53409 |val acc ravg:  0.59318 |
|epoch:  74 | lr: 0.010 |train ent: 0.22600 |train ent ravg: 0.22533 |train acc:  0.89773 |train acc ravg:  0.91023 |val ent: 0.32109 |val entravg: 3.96568 |val acc:  0.87500 |val acc ravg:  0.59091 |
|epoch:  75 | lr: 0.010 |train ent: 0.21952 |train ent ravg: 0.21736 |train acc:  0.90057 |train acc ravg:  0.91080 |val ent: 7.12869 |val entravg: 4.46298 |val acc:  0.46591 |val acc ravg:  0.57273 |
|epoch:  76 | lr: 0.010 |train ent: 0.31028 |train ent ravg: 0.23125 |train acc:  0.86932 |train acc ravg:  0.90341 |val ent: 0.34094 |val entravg: 3.59469 |val acc:  0.82955 |val acc ravg:  0.64773 |
|epoch:  77 | lr: 0.010 |train ent: 0.18954 |train ent ravg: 0.23041 |train acc:  0.92898 |train acc ravg:  0.90398 |val ent: 0.23677 |val entravg: 2.85690 |val acc:  0.90909 |val acc ravg:  0.72273 |
|epoch:  78 | lr: 0.010 |train ent: 0.21058 |train ent ravg: 0.23118 |train acc:  0.91477 |train acc ravg:  0.90227 |val ent: 2.39792 |val entravg: 2.08508 |val acc:  0.52273 |val acc ravg:  0.72045 |
|epoch:  79 | lr: 0.010 |train ent: 0.23096 |train ent ravg: 0.23218 |train acc:  0.89773 |train acc ravg:  0.90227 |val ent: 0.24759 |val entravg: 2.07038 |val acc:  0.92045 |val acc ravg:  0.72955 |
|epoch:  80 | lr: 0.010 |train ent: 0.26132 |train ent ravg: 0.24053 |train acc:  0.90341 |train acc ravg:  0.90284 |val ent: 1.57023 |val entravg: 0.95869 |val acc:  0.56818 |val acc ravg:  0.75000 |
|epoch:  81 | lr: 0.010 |train ent: 0.20625 |train ent ravg: 0.21973 |train acc:  0.91193 |train acc ravg:  0.91136 |val ent: 0.92874 |val entravg: 1.07625 |val acc:  0.65909 |val acc ravg:  0.71591 |
|epoch:  82 | lr: 0.010 |train ent: 0.20128 |train ent ravg: 0.22208 |train acc:  0.92614 |train acc ravg:  0.91080 |val ent: 0.56635 |val entravg: 1.14217 |val acc:  0.73864 |val acc ravg:  0.68182 |
|epoch:  83 | lr: 0.010 |train ent: 0.23146 |train ent ravg: 0.22625 |train acc:  0.90625 |train acc ravg:  0.90909 |val ent: 3.54960 |val entravg: 1.37250 |val acc:  0.45455 |val acc ravg:  0.66818 |
|epoch:  84 | lr: 0.010 |train ent: 0.18885 |train ent ravg: 0.21783 |train acc:  0.92330 |train acc ravg:  0.91420 |val ent: 0.92512 |val entravg: 1.50801 |val acc:  0.69318 |val acc ravg:  0.62273 |
|epoch:  85 | lr: 0.010 |train ent: 0.17589 |train ent ravg: 0.20074 |train acc:  0.94602 |train acc ravg:  0.92273 |val ent: 0.69386 |val entravg: 1.33273 |val acc:  0.68182 |val acc ravg:  0.64545 |
|epoch:  86 | lr: 0.010 |train ent: 0.15421 |train ent ravg: 0.19034 |train acc:  0.94602 |train acc ravg:  0.92955 |val ent: 1.47053 |val entravg: 1.44109 |val acc:  0.57955 |val acc ravg:  0.62955 |
|epoch:  87 | lr: 0.010 |train ent: 0.20901 |train ent ravg: 0.19188 |train acc:  0.92045 |train acc ravg:  0.92841 |val ent: 2.60519 |val entravg: 1.84886 |val acc:  0.44318 |val acc ravg:  0.57045 |
|epoch:  88 | lr: 0.010 |train ent: 0.16394 |train ent ravg: 0.17838 |train acc:  0.94034 |train acc ravg:  0.93523 |val ent: 9.10443 |val entravg: 2.95983 |val acc:  0.45455 |val acc ravg:  0.57045 |
|epoch:  89 | lr: 0.010 |train ent: 0.11326 |train ent ravg: 0.16326 |train acc:  0.96307 |train acc ravg:  0.94318 |val ent: 0.24065 |val entravg: 2.82293 |val acc:  0.88636 |val acc ravg:  0.60909 |
|epoch:  90 | lr: 0.010 |train ent: 0.18925 |train ent ravg: 0.16593 |train acc:  0.92045 |train acc ravg:  0.93807 |val ent: 10.76467 |val entravg: 4.83709 |val acc:  0.44318 |val acc ravg:  0.56136 |
|epoch:  91 | lr: 0.010 |train ent: 0.21772 |train ent ravg: 0.17863 |train acc:  0.90909 |train acc ravg:  0.93068 |val ent: 2.47652 |val entravg: 5.03829 |val acc:  0.45455 |val acc ravg:  0.53636 |
|epoch:  92 | lr: 0.010 |train ent: 0.15364 |train ent ravg: 0.16756 |train acc:  0.94034 |train acc ravg:  0.93466 |val ent: 4.24929 |val entravg: 5.36711 |val acc:  0.55682 |val acc ravg:  0.55909 |
|epoch:  93 | lr: 0.010 |train ent: 0.17932 |train ent ravg: 0.17064 |train acc:  0.92898 |train acc ravg:  0.93239 |val ent: 0.38393 |val entravg: 3.62301 |val acc:  0.76136 |val acc ravg:  0.62045 |
|epoch:  94 | lr: 0.010 |train ent: 0.22096 |train ent ravg: 0.19218 |train acc:  0.91477 |train acc ravg:  0.92273 |val ent: 10.28847 |val entravg: 5.63258 |val acc:  0.45455 |val acc ravg:  0.53409 |
|epoch:  95 | lr: 0.010 |train ent: 0.09742 |train ent ravg: 0.17381 |train acc:  0.96875 |train acc ravg:  0.93239 |val ent: 0.41988 |val entravg: 3.56362 |val acc:  0.78409 |val acc ravg:  0.60227 |
|epoch:  96 | lr: 0.010 |train ent: 0.19798 |train ent ravg: 0.16986 |train acc:  0.93182 |train acc ravg:  0.93693 |val ent: 1.00670 |val entravg: 3.26965 |val acc:  0.60227 |val acc ravg:  0.63182 |
|epoch:  97 | lr: 0.010 |train ent: 0.11880 |train ent ravg: 0.16289 |train acc:  0.96023 |train acc ravg:  0.94091 |val ent: 1.48230 |val entravg: 2.71626 |val acc:  0.67045 |val acc ravg:  0.65455 |
|epoch:  98 | lr: 0.010 |train ent: 0.14048 |train ent ravg: 0.15513 |train acc:  0.95170 |train acc ravg:  0.94545 |val ent: 2.74032 |val entravg: 3.18753 |val acc:  0.54545 |val acc ravg:  0.61136 |
|epoch:  99 | lr: 0.010 |train ent: 0.09490 |train ent ravg: 0.12992 |train acc:  0.96591 |train acc ravg:  0.95568 |val ent: 0.31170 |val entravg: 1.19218 |val acc:  0.81818 |val acc ravg:  0.68409 |
|epoch: 100 | lr: 0.010 |train ent: 0.13541 |train ent ravg: 0.13751 |train acc:  0.94034 |train acc ravg:  0.95000 |val ent: 0.52032 |val entravg: 1.21227 |val acc:  0.75000 |val acc ravg:  0.67727 |
|epoch: 101 | lr: 0.010 |train ent: 0.14688 |train ent ravg: 0.12729 |train acc:  0.94318 |train acc ravg:  0.95227 |val ent: 0.98542 |val entravg: 1.20801 |val acc:  0.69318 |val acc ravg:  0.69545 |
|epoch: 102 | lr: 0.010 |train ent: 0.14377 |train ent ravg: 0.13229 |train acc:  0.94318 |train acc ravg:  0.94886 |val ent: 1.77979 |val entravg: 1.26751 |val acc:  0.47727 |val acc ravg:  0.65682 |
|epoch: 103 | lr: 0.010 |train ent: 0.19857 |train ent ravg: 0.14390 |train acc:  0.92045 |train acc ravg:  0.94261 |val ent: 0.26391 |val entravg: 0.77223 |val acc:  0.84091 |val acc ravg:  0.71591 |
|epoch: 104 | lr: 0.010 |train ent: 0.13703 |train ent ravg: 0.15233 |train acc:  0.93750 |train acc ravg:  0.93693 |val ent: 1.69906 |val entravg: 1.04970 |val acc:  0.56818 |val acc ravg:  0.66591 |
|epoch: 105 | lr: 0.010 |train ent: 0.11017 |train ent ravg: 0.14728 |train acc:  0.96307 |train acc ravg:  0.94148 |val ent: 0.94778 |val entravg: 1.13519 |val acc:  0.67045 |val acc ravg:  0.65000 |
|epoch: 106 | lr: 0.010 |train ent: 0.08683 |train ent ravg: 0.13527 |train acc:  0.97443 |train acc ravg:  0.94773 |val ent: 1.29877 |val entravg: 1.19786 |val acc:  0.56818 |val acc ravg:  0.62500 |
|epoch: 107 | lr: 0.010 |train ent: 0.09143 |train ent ravg: 0.12481 |train acc:  0.98011 |train acc ravg:  0.95511 |val ent: 4.27881 |val entravg: 1.69766 |val acc:  0.44318 |val acc ravg:  0.61818 |
|epoch: 108 | lr: 0.010 |train ent: 0.09431 |train ent ravg: 0.10395 |train acc:  0.96591 |train acc ravg:  0.96420 |val ent: 2.26710 |val entravg: 2.09830 |val acc:  0.55682 |val acc ravg:  0.56136 |
|epoch: 109 | lr: 0.010 |train ent: 0.10603 |train ent ravg: 0.09775 |train acc:  0.95739 |train acc ravg:  0.96818 |val ent: 1.86370 |val entravg: 2.13123 |val acc:  0.55682 |val acc ravg:  0.55909 |
|epoch: 110 | lr: 0.010 |train ent: 0.10585 |train ent ravg: 0.09689 |train acc:  0.97159 |train acc ravg:  0.96989 |val ent: 0.19848 |val entravg: 1.98137 |val acc:  0.90909 |val acc ravg:  0.60682 |
|epoch: 111 | lr: 0.010 |train ent: 0.09204 |train ent ravg: 0.09793 |train acc:  0.97727 |train acc ravg:  0.97045 |val ent: 0.60429 |val entravg: 1.84247 |val acc:  0.71591 |val acc ravg:  0.63636 |
|epoch: 112 | lr: 0.010 |train ent: 0.16412 |train ent ravg: 0.11247 |train acc:  0.93750 |train acc ravg:  0.96193 |val ent: 1.89170 |val entravg: 1.36505 |val acc:  0.47727 |val acc ravg:  0.64318 |
|epoch: 113 | lr: 0.010 |train ent: 0.15460 |train ent ravg: 0.12453 |train acc:  0.94886 |train acc ravg:  0.95852 |val ent: 1.36057 |val entravg: 1.18375 |val acc:  0.55682 |val acc ravg:  0.64318 |
|epoch: 114 | lr: 0.010 |train ent: 0.08621 |train ent ravg: 0.12057 |train acc:  0.97727 |train acc ravg:  0.96250 |val ent: 1.15268 |val entravg: 1.04155 |val acc:  0.61364 |val acc ravg:  0.65455 |
|epoch: 115 | lr: 0.010 |train ent: 0.09476 |train ent ravg: 0.11835 |train acc:  0.95455 |train acc ravg:  0.95909 |val ent: 1.96170 |val entravg: 1.39419 |val acc:  0.54545 |val acc ravg:  0.58182 |
|epoch: 116 | lr: 0.010 |train ent: 0.11944 |train ent ravg: 0.12383 |train acc:  0.97159 |train acc ravg:  0.95795 |val ent: 3.13741 |val entravg: 1.90081 |val acc:  0.47727 |val acc ravg:  0.53409 |
|epoch: 117 | lr: 0.010 |train ent: 0.17085 |train ent ravg: 0.12517 |train acc:  0.93750 |train acc ravg:  0.95795 |val ent: 0.60672 |val entravg: 1.64382 |val acc:  0.72727 |val acc ravg:  0.58409 |
|epoch: 118 | lr: 0.010 |train ent: 0.12867 |train ent ravg: 0.11998 |train acc:  0.95455 |train acc ravg:  0.95909 |val ent: 0.42597 |val entravg: 1.45690 |val acc:  0.80682 |val acc ravg:  0.63409 |
|epoch: 119 | lr: 0.010 |train ent: 0.10881 |train ent ravg: 0.12450 |train acc:  0.95739 |train acc ravg:  0.95511 |val ent: 3.91948 |val entravg: 2.01025 |val acc:  0.44318 |val acc ravg:  0.60000 |
|epoch: 120 | lr: 0.010 |train ent: 0.07458 |train ent ravg: 0.12047 |train acc:  0.97443 |train acc ravg:  0.95909 |val ent: 1.37793 |val entravg: 1.89350 |val acc:  0.54545 |val acc ravg:  0.60000 |
|epoch: 121 | lr: 0.010 |train ent: 0.13032 |train ent ravg: 0.12264 |train acc:  0.95170 |train acc ravg:  0.95511 |val ent: 2.25413 |val entravg: 1.71684 |val acc:  0.47727 |val acc ravg:  0.60000 |
|epoch: 122 | lr: 0.010 |train ent: 0.09027 |train ent ravg: 0.10653 |train acc:  0.96875 |train acc ravg:  0.96136 |val ent: 1.47462 |val entravg: 1.89042 |val acc:  0.61364 |val acc ravg:  0.57727 |
|epoch: 123 | lr: 0.010 |train ent: 0.13757 |train ent ravg: 0.10831 |train acc:  0.94318 |train acc ravg:  0.95909 |val ent: 7.20998 |val entravg: 3.24723 |val acc:  0.44318 |val acc ravg:  0.50455 |
|epoch: 124 | lr: 0.010 |train ent: 0.06303 |train ent ravg: 0.09915 |train acc:  0.99716 |train acc ravg:  0.96705 |val ent: 2.96366 |val entravg: 3.05606 |val acc:  0.47727 |val acc ravg:  0.51136 |
|epoch: 125 | lr: 0.010 |train ent: 0.13056 |train ent ravg: 0.11035 |train acc:  0.94602 |train acc ravg:  0.96136 |val ent: 2.04705 |val entravg: 3.18989 |val acc:  0.53409 |val acc ravg:  0.50909 |
|epoch: 126 | lr: 0.010 |train ent: 0.09526 |train ent ravg: 0.10334 |train acc:  0.97159 |train acc ravg:  0.96534 |val ent: 1.52560 |val entravg: 3.04418 |val acc:  0.53409 |val acc ravg:  0.52045 |
|epoch: 127 | lr: 0.010 |train ent: 0.04737 |train ent ravg: 0.09476 |train acc:  0.98864 |train acc ravg:  0.96932 |val ent: 2.58560 |val entravg: 3.26638 |val acc:  0.52273 |val acc ravg:  0.50227 |
|epoch: 128 | lr: 0.010 |train ent: 0.08266 |train ent ravg: 0.08377 |train acc:  0.98580 |train acc ravg:  0.97784 |val ent: 4.35521 |val entravg: 2.69542 |val acc:  0.44318 |val acc ravg:  0.50227 |
|epoch: 129 | lr: 0.010 |train ent: 0.04872 |train ent ravg: 0.08091 |train acc:  0.98864 |train acc ravg:  0.97614 |val ent: 0.32283 |val entravg: 2.16726 |val acc:  0.82955 |val acc ravg:  0.57273 |
|epoch: 130 | lr: 0.010 |train ent: 0.07253 |train ent ravg: 0.06931 |train acc:  0.97443 |train acc ravg:  0.98182 |val ent: 0.60496 |val entravg: 1.87884 |val acc:  0.78409 |val acc ravg:  0.62273 |
|epoch: 131 | lr: 0.010 |train ent: 0.06245 |train ent ravg: 0.06274 |train acc:  0.98295 |train acc ravg:  0.98409 |val ent: 0.48404 |val entravg: 1.67053 |val acc:  0.77273 |val acc ravg:  0.67045 |
|epoch: 132 | lr: 0.010 |train ent: 0.06827 |train ent ravg: 0.06692 |train acc:  0.98295 |train acc ravg:  0.98295 |val ent: 1.53085 |val entravg: 1.45958 |val acc:  0.56818 |val acc ravg:  0.67955 |
|epoch: 133 | lr: 0.010 |train ent: 0.11019 |train ent ravg: 0.07243 |train acc:  0.97159 |train acc ravg:  0.98011 |val ent: 2.86126 |val entravg: 1.16079 |val acc:  0.48864 |val acc ravg:  0.68864 |
|epoch: 134 | lr: 0.010 |train ent: 0.05752 |train ent ravg: 0.07419 |train acc:  0.98864 |train acc ravg:  0.98011 |val ent: 0.88828 |val entravg: 1.27388 |val acc:  0.62500 |val acc ravg:  0.64773 |
|epoch: 135 | lr: 0.010 |train ent: 0.07501 |train ent ravg: 0.07469 |train acc:  0.97727 |train acc ravg:  0.98068 |val ent: 1.93927 |val entravg: 1.54074 |val acc:  0.53409 |val acc ravg:  0.59773 |
|epoch: 136 | lr: 0.010 |train ent: 0.04654 |train ent ravg: 0.07151 |train acc:  0.98011 |train acc ravg:  0.98011 |val ent: 2.58980 |val entravg: 1.96189 |val acc:  0.47727 |val acc ravg:  0.53864 |
|epoch: 137 | lr: 0.010 |train ent: 0.02689 |train ent ravg: 0.06323 |train acc:  1.00000 |train acc ravg:  0.98352 |val ent: 0.17006 |val entravg: 1.68973 |val acc:  0.88636 |val acc ravg:  0.60227 |
|epoch: 138 | lr: 0.010 |train ent: 0.02578 |train ent ravg: 0.04635 |train acc:  0.99432 |train acc ravg:  0.98807 |val ent: 0.47385 |val entravg: 1.21225 |val acc:  0.79545 |val acc ravg:  0.66364 |
|epoch: 139 | lr: 0.010 |train ent: 0.03007 |train ent ravg: 0.04086 |train acc:  0.99432 |train acc ravg:  0.98920 |val ent: 2.74200 |val entravg: 1.58300 |val acc:  0.48864 |val acc ravg:  0.63636 |
|epoch: 140 | lr: 0.010 |train ent: 0.03717 |train ent ravg: 0.03329 |train acc:  0.99432 |train acc ravg:  0.99261 |val ent: 0.18879 |val entravg: 1.23290 |val acc:  0.90909 |val acc ravg:  0.71136 |
|epoch: 141 | lr: 0.010 |train ent: 0.06925 |train ent ravg: 0.03783 |train acc:  0.98011 |train acc ravg:  0.99261 |val ent: 0.35577 |val entravg: 0.78609 |val acc:  0.80682 |val acc ravg:  0.77727 |
|epoch: 142 | lr: 0.010 |train ent: 0.07558 |train ent ravg: 0.04757 |train acc:  0.97443 |train acc ravg:  0.98750 |val ent: 0.68593 |val entravg: 0.88927 |val acc:  0.72727 |val acc ravg:  0.74545 |
|epoch: 143 | lr: 0.010 |train ent: 0.05624 |train ent ravg: 0.05366 |train acc:  0.98580 |train acc ravg:  0.98580 |val ent: 2.81131 |val entravg: 1.35676 |val acc:  0.46591 |val acc ravg:  0.67955 |
|epoch: 144 | lr: 0.010 |train ent: 0.03032 |train ent ravg: 0.05371 |train acc:  0.99716 |train acc ravg:  0.98636 |val ent: 4.73324 |val entravg: 1.75501 |val acc:  0.55682 |val acc ravg:  0.69318 |
|epoch: 145 | lr: 0.010 |train ent: 0.06518 |train ent ravg: 0.05931 |train acc:  0.97443 |train acc ravg:  0.98239 |val ent: 2.81297 |val entravg: 2.27985 |val acc:  0.50000 |val acc ravg:  0.61136 |
|epoch: 146 | lr: 0.010 |train ent: 0.05248 |train ent ravg: 0.05596 |train acc:  0.98580 |train acc ravg:  0.98352 |val ent: 0.42671 |val entravg: 2.29403 |val acc:  0.78409 |val acc ravg:  0.60682 |
|epoch: 147 | lr: 0.010 |train ent: 0.05884 |train ent ravg: 0.05261 |train acc:  0.97727 |train acc ravg:  0.98409 |val ent: 1.43166 |val entravg: 2.44318 |val acc:  0.55682 |val acc ravg:  0.57273 |
|epoch: 148 | lr: 0.010 |train ent: 0.07984 |train ent ravg: 0.05733 |train acc:  0.96875 |train acc ravg:  0.98068 |val ent: 1.20072 |val entravg: 2.12106 |val acc:  0.60227 |val acc ravg:  0.60000 |
|epoch: 149 | lr: 0.010 |train ent: 0.10162 |train ent ravg: 0.07159 |train acc:  0.96875 |train acc ravg:  0.97500 |val ent: 0.18607 |val entravg: 1.21163 |val acc:  0.89773 |val acc ravg:  0.66818 |
|epoch: 150 | lr: 0.010 |train ent: 0.06513 |train ent ravg: 0.07158 |train acc:  0.97727 |train acc ravg:  0.97557 |val ent: 0.44294 |val entravg: 0.73762 |val acc:  0.76136 |val acc ravg:  0.72045 |
|epoch: 151 | lr: 0.010 |train ent: 0.08925 |train ent ravg: 0.07894 |train acc:  0.96307 |train acc ravg:  0.97102 |val ent: 0.20332 |val entravg: 0.69294 |val acc:  0.93182 |val acc ravg:  0.75000 |
|epoch: 152 | lr: 0.010 |train ent: 0.02859 |train ent ravg: 0.07289 |train acc:  0.99148 |train acc ravg:  0.97386 |val ent: 0.27055 |val entravg: 0.46072 |val acc:  0.82955 |val acc ravg:  0.80455 |
|epoch: 153 | lr: 0.010 |train ent: 0.09165 |train ent ravg: 0.07525 |train acc:  0.96591 |train acc ravg:  0.97330 |val ent: 0.24612 |val entravg: 0.26980 |val acc:  0.85227 |val acc ravg:  0.85455 |
|epoch: 154 | lr: 0.010 |train ent: 0.06837 |train ent ravg: 0.06860 |train acc:  0.98011 |train acc ravg:  0.97557 |val ent: 0.19065 |val entravg: 0.27071 |val acc:  0.89773 |val acc ravg:  0.85455 |
|epoch: 155 | lr: 0.010 |train ent: 0.04166 |train ent ravg: 0.06390 |train acc:  0.98864 |train acc ravg:  0.97784 |val ent: 0.22706 |val entravg: 0.22754 |val acc:  0.86364 |val acc ravg:  0.87500 |
|epoch: 156 | lr: 0.010 |train ent: 0.02492 |train ent ravg: 0.05104 |train acc:  0.99148 |train acc ravg:  0.98352 |val ent: 0.33799 |val entravg: 0.25447 |val acc:  0.84091 |val acc ravg:  0.85682 |
|epoch: 157 | lr: 0.010 |train ent: 0.03784 |train ent ravg: 0.05289 |train acc:  0.98864 |train acc ravg:  0.98295 |val ent: 0.24272 |val entravg: 0.24891 |val acc:  0.88636 |val acc ravg:  0.86818 |
|epoch: 158 | lr: 0.010 |train ent: 0.04808 |train ent ravg: 0.04417 |train acc:  0.98580 |train acc ravg:  0.98693 |val ent: 0.51395 |val entravg: 0.30247 |val acc:  0.78409 |val acc ravg:  0.85455 |
|epoch: 159 | lr: 0.010 |train ent: 0.10335 |train ent ravg: 0.05117 |train acc:  0.96307 |train acc ravg:  0.98352 |val ent: 1.54524 |val entravg: 0.57339 |val acc:  0.53409 |val acc ravg:  0.78182 |
|epoch: 160 | lr: 0.010 |train ent: 0.05214 |train ent ravg: 0.05327 |train acc:  0.98580 |train acc ravg:  0.98295 |val ent: 1.77887 |val entravg: 0.88375 |val acc:  0.56818 |val acc ravg:  0.72273 |
|epoch: 161 | lr: 0.010 |train ent: 0.05192 |train ent ravg: 0.05867 |train acc:  0.98580 |train acc ravg:  0.98182 |val ent: 0.29975 |val entravg: 0.87611 |val acc:  0.82955 |val acc ravg:  0.72045 |
|epoch: 162 | lr: 0.010 |train ent: 0.07376 |train ent ravg: 0.06585 |train acc:  0.98295 |train acc ravg:  0.98068 |val ent: 0.18881 |val entravg: 0.86532 |val acc:  0.92045 |val acc ravg:  0.72727 |
|epoch: 163 | lr: 0.010 |train ent: 0.01692 |train ent ravg: 0.05962 |train acc:  1.00000 |train acc ravg:  0.98352 |val ent: 0.22479 |val entravg: 0.80749 |val acc:  0.89773 |val acc ravg:  0.75000 |
|epoch: 164 | lr: 0.010 |train ent: 0.05761 |train ent ravg: 0.05047 |train acc:  0.98011 |train acc ravg:  0.98693 |val ent: 3.94339 |val entravg: 1.28712 |val acc:  0.55682 |val acc ravg:  0.75455 |
|epoch: 165 | lr: 0.010 |train ent: 0.03144 |train ent ravg: 0.04633 |train acc:  0.99432 |train acc ravg:  0.98864 |val ent: 0.15336 |val entravg: 0.96202 |val acc:  0.93182 |val acc ravg:  0.82727 |
|epoch: 166 | lr: 0.010 |train ent: 0.03481 |train ent ravg: 0.04291 |train acc:  0.99148 |train acc ravg:  0.98977 |val ent: 0.64685 |val entravg: 1.03144 |val acc:  0.71591 |val acc ravg:  0.80455 |
|epoch: 167 | lr: 0.010 |train ent: 0.04293 |train ent ravg: 0.03674 |train acc:  0.99148 |train acc ravg:  0.99148 |val ent: 1.18903 |val entravg: 1.23148 |val acc:  0.62500 |val acc ravg:  0.74545 |
|epoch: 168 | lr: 0.010 |train ent: 0.03426 |train ent ravg: 0.04021 |train acc:  0.99148 |train acc ravg:  0.98977 |val ent: 0.22339 |val entravg: 1.23120 |val acc:  0.88636 |val acc ravg:  0.74318 |
|epoch: 169 | lr: 0.010 |train ent: 0.02273 |train ent ravg: 0.03323 |train acc:  0.99716 |train acc ravg:  0.99318 |val ent: 0.48463 |val entravg: 0.53945 |val acc:  0.80682 |val acc ravg:  0.79318 |
|epoch: 170 | lr: 0.010 |train ent: 0.01925 |train ent ravg: 0.03080 |train acc:  0.99148 |train acc ravg:  0.99261 |val ent: 0.78944 |val entravg: 0.66667 |val acc:  0.71591 |val acc ravg:  0.75000 |
|epoch: 171 | lr: 0.010 |train ent: 0.01707 |train ent ravg: 0.02725 |train acc:  0.99716 |train acc ravg:  0.99375 |val ent: 6.91823 |val entravg: 1.92094 |val acc:  0.46591 |val acc ravg:  0.70000 |
|epoch: 172 | lr: 0.010 |train ent: 0.02188 |train ent ravg: 0.02304 |train acc:  0.99716 |train acc ravg:  0.99489 |val ent: 0.14685 |val entravg: 1.71251 |val acc:  0.94318 |val acc ravg:  0.76364 |
|epoch: 173 | lr: 0.010 |train ent: 0.01291 |train ent ravg: 0.01877 |train acc:  0.99716 |train acc ravg:  0.99602 |val ent: 0.58955 |val entravg: 1.78574 |val acc:  0.72727 |val acc ravg:  0.73182 |
|epoch: 174 | lr: 0.010 |train ent: 0.04473 |train ent ravg: 0.02317 |train acc:  0.98864 |train acc ravg:  0.99432 |val ent: 3.19076 |val entravg: 2.32696 |val acc:  0.47727 |val acc ravg:  0.66591 |
|epoch: 175 | lr: 0.010 |train ent: 0.01906 |train ent ravg: 0.02313 |train acc:  0.99716 |train acc ravg:  0.99545 |val ent: 0.39938 |val entravg: 2.24895 |val acc:  0.78409 |val acc ravg:  0.67955 |
|epoch: 176 | lr: 0.010 |train ent: 0.00920 |train ent ravg: 0.02156 |train acc:  1.00000 |train acc ravg:  0.99602 |val ent: 1.29138 |val entravg: 1.12358 |val acc:  0.67045 |val acc ravg:  0.72045 |
|epoch: 177 | lr: 0.010 |train ent: 0.04069 |train ent ravg: 0.02532 |train acc:  0.98580 |train acc ravg:  0.99375 |val ent: 1.00217 |val entravg: 1.29465 |val acc:  0.59091 |val acc ravg:  0.65000 |
|epoch: 178 | lr: 0.010 |train ent: 0.02072 |train ent ravg: 0.02688 |train acc:  0.99716 |train acc ravg:  0.99375 |val ent: 0.94824 |val entravg: 1.36639 |val acc:  0.68182 |val acc ravg:  0.64091 |
|epoch: 179 | lr: 0.010 |train ent: 0.01084 |train ent ravg: 0.02010 |train acc:  1.00000 |train acc ravg:  0.99602 |val ent: 0.18285 |val entravg: 0.76481 |val acc:  0.87500 |val acc ravg:  0.72045 |
|epoch: 180 | lr: 0.010 |train ent: 0.01866 |train ent ravg: 0.02002 |train acc:  0.99432 |train acc ravg:  0.99545 |val ent: 0.16946 |val entravg: 0.71882 |val acc:  0.92045 |val acc ravg:  0.74773 |
|epoch: 181 | lr: 0.010 |train ent: 0.02372 |train ent ravg: 0.02293 |train acc:  0.99432 |train acc ravg:  0.99432 |val ent: 0.37398 |val entravg: 0.53534 |val acc:  0.79545 |val acc ravg:  0.77273 |
|epoch: 182 | lr: 0.010 |train ent: 0.01945 |train ent ravg: 0.01868 |train acc:  1.00000 |train acc ravg:  0.99716 |val ent: 0.95827 |val entravg: 0.52656 |val acc:  0.72727 |val acc ravg:  0.80000 |
|epoch: 183 | lr: 0.010 |train ent: 0.01556 |train ent ravg: 0.01765 |train acc:  0.99716 |train acc ravg:  0.99716 |val ent: 0.17139 |val entravg: 0.37119 |val acc:  0.92045 |val acc ravg:  0.84773 |
|epoch: 184 | lr: 0.010 |train ent: 0.02935 |train ent ravg: 0.02135 |train acc:  0.99148 |train acc ravg:  0.99545 |val ent: 0.34567 |val entravg: 0.40375 |val acc:  0.85227 |val acc ravg:  0.84318 |
|epoch: 185 | lr: 0.010 |train ent: 0.02592 |train ent ravg: 0.02280 |train acc:  0.99432 |train acc ravg:  0.99545 |val ent: 0.32453 |val entravg: 0.43477 |val acc:  0.85227 |val acc ravg:  0.82955 |
|epoch: 186 | lr: 0.010 |train ent: 0.02383 |train ent ravg: 0.02282 |train acc:  0.99716 |train acc ravg:  0.99602 |val ent: 0.53924 |val entravg: 0.46782 |val acc:  0.75000 |val acc ravg:  0.82045 |
|epoch: 187 | lr: 0.010 |train ent: 0.12186 |train ent ravg: 0.04331 |train acc:  0.95739 |train acc ravg:  0.98750 |val ent: 0.66667 |val entravg: 0.40950 |val acc:  0.71591 |val acc ravg:  0.81818 |
|epoch: 188 | lr: 0.010 |train ent: 0.08729 |train ent ravg: 0.05765 |train acc:  0.96591 |train acc ravg:  0.98125 |val ent: 0.28247 |val entravg: 0.43172 |val acc:  0.86364 |val acc ravg:  0.80682 |
|epoch: 189 | lr: 0.010 |train ent: 0.04922 |train ent ravg: 0.06163 |train acc:  0.98295 |train acc ravg:  0.97955 |val ent: 8.42350 |val entravg: 2.04728 |val acc:  0.44318 |val acc ravg:  0.72500 |
|epoch: 190 | lr: 0.010 |train ent: 0.03581 |train ent ravg: 0.06360 |train acc:  0.99148 |train acc ravg:  0.97898 |val ent: 1.54887 |val entravg: 2.29215 |val acc:  0.56818 |val acc ravg:  0.66818 |
|epoch: 191 | lr: 0.010 |train ent: 0.05343 |train ent ravg: 0.06952 |train acc:  0.99432 |train acc ravg:  0.97841 |val ent: 5.13364 |val entravg: 3.21103 |val acc:  0.55682 |val acc ravg:  0.62955 |
|epoch: 192 | lr: 0.010 |train ent: 0.03527 |train ent ravg: 0.05221 |train acc:  0.99148 |train acc ravg:  0.98523 |val ent: 2.03500 |val entravg: 3.48470 |val acc:  0.54545 |val acc ravg:  0.59545 |
|epoch: 193 | lr: 0.010 |train ent: 0.02129 |train ent ravg: 0.03901 |train acc:  0.99432 |train acc ravg:  0.99091 |val ent: 0.23324 |val entravg: 3.47485 |val acc:  0.90909 |val acc ravg:  0.60455 |
|epoch: 194 | lr: 0.010 |train ent: 0.03100 |train ent ravg: 0.03536 |train acc:  0.98864 |train acc ravg:  0.99205 |val ent: 1.21314 |val entravg: 2.03278 |val acc:  0.64773 |val acc ravg:  0.64545 |
|epoch: 195 | lr: 0.010 |train ent: 0.04874 |train ent ravg: 0.03795 |train acc:  0.98864 |train acc ravg:  0.99148 |val ent: 3.65647 |val entravg: 2.45430 |val acc:  0.46591 |val acc ravg:  0.62500 |
|epoch: 196 | lr: 0.010 |train ent: 0.09317 |train ent ravg: 0.04590 |train acc:  0.96023 |train acc ravg:  0.98466 |val ent: 10.09514 |val entravg: 3.44660 |val acc:  0.46591 |val acc ravg:  0.60682 |
|epoch: 197 | lr: 0.010 |train ent: 0.05793 |train ent ravg: 0.05043 |train acc:  0.99148 |train acc ravg:  0.98466 |val ent: 0.31332 |val entravg: 3.10226 |val acc:  0.81818 |val acc ravg:  0.66136 |
|epoch: 198 | lr: 0.010 |train ent: 0.02410 |train ent ravg: 0.05099 |train acc:  0.99432 |train acc ravg:  0.98466 |val ent: 2.71161 |val entravg: 3.59794 |val acc:  0.53409 |val acc ravg:  0.58636 |
|epoch: 199 | lr: 0.010 |train ent: 0.05494 |train ent ravg: 0.05578 |train acc:  0.98580 |train acc ravg:  0.98409 |val ent: 1.10600 |val entravg: 3.57651 |val acc:  0.62500 |val acc ravg:  0.58182 |
|epoch: 200 | lr: 0.010 |train ent: 0.11810 |train ent ravg: 0.06965 |train acc:  0.95739 |train acc ravg:  0.97784 |val ent: 0.82006 |val entravg: 3.00923 |val acc:  0.71591 |val acc ravg:  0.63182 |
|epoch: 201 | lr: 0.010 |train ent: 0.08242 |train ent ravg: 0.06750 |train acc:  0.96875 |train acc ravg:  0.97955 |val ent: 0.48245 |val entravg: 1.08669 |val acc:  0.77273 |val acc ravg:  0.69318 |
|epoch: 202 | lr: 0.010 |train ent: 0.08358 |train ent ravg: 0.07263 |train acc:  0.96875 |train acc ravg:  0.97500 |val ent: 2.56835 |val entravg: 1.53769 |val acc:  0.45455 |val acc ravg:  0.62045 |
|epoch: 203 | lr: 0.010 |train ent: 0.04608 |train ent ravg: 0.07702 |train acc:  0.98580 |train acc ravg:  0.97330 |val ent: 0.38084 |val entravg: 1.07154 |val acc:  0.80682 |val acc ravg:  0.67500 |
|epoch: 204 | lr: 0.010 |train ent: 0.02068 |train ent ravg: 0.07017 |train acc:  0.99716 |train acc ravg:  0.97557 |val ent: 0.79558 |val entravg: 1.00945 |val acc:  0.69318 |val acc ravg:  0.68864 |
|epoch: 205 | lr: 0.010 |train ent: 0.04620 |train ent ravg: 0.05579 |train acc:  0.99148 |train acc ravg:  0.98239 |val ent: 1.61278 |val entravg: 1.16800 |val acc:  0.62500 |val acc ravg:  0.67045 |
|epoch: 206 | lr: 0.010 |train ent: 0.01208 |train ent ravg: 0.04172 |train acc:  1.00000 |train acc ravg:  0.98864 |val ent: 0.22192 |val entravg: 1.11589 |val acc:  0.89773 |val acc ravg:  0.69545 |
|epoch: 207 | lr: 0.010 |train ent: 0.01701 |train ent ravg: 0.02841 |train acc:  0.99716 |train acc ravg:  0.99432 |val ent: 0.23416 |val entravg: 0.64906 |val acc:  0.86364 |val acc ravg:  0.77727 |
|epoch: 208 | lr: 0.010 |train ent: 0.01404 |train ent ravg: 0.02200 |train acc:  0.99716 |train acc ravg:  0.99659 |val ent: 0.79262 |val entravg: 0.73141 |val acc:  0.70455 |val acc ravg:  0.75682 |
|epoch: 209 | lr: 0.010 |train ent: 0.01186 |train ent ravg: 0.02024 |train acc:  0.99432 |train acc ravg:  0.99602 |val ent: 3.45506 |val entravg: 1.26331 |val acc:  0.54545 |val acc ravg:  0.72727 |
|epoch: 210 | lr: 0.010 |train ent: 0.01597 |train ent ravg: 0.01419 |train acc:  0.99432 |train acc ravg:  0.99659 |val ent: 3.19449 |val entravg: 1.57965 |val acc:  0.47727 |val acc ravg:  0.69773 |
|epoch: 211 | lr: 0.010 |train ent: 0.01187 |train ent ravg: 0.01415 |train acc:  1.00000 |train acc ravg:  0.99659 |val ent: 0.44578 |val entravg: 1.62442 |val acc:  0.81818 |val acc ravg:  0.68182 |
|epoch: 212 | lr: 0.010 |train ent: 0.05366 |train ent ravg: 0.02148 |train acc:  0.98580 |train acc ravg:  0.99432 |val ent: 0.30833 |val entravg: 1.63926 |val acc:  0.88636 |val acc ravg:  0.68636 |
|epoch: 213 | lr: 0.010 |train ent: 0.05524 |train ent ravg: 0.02972 |train acc:  0.97727 |train acc ravg:  0.99034 |val ent: 2.78523 |val entravg: 2.03778 |val acc:  0.47727 |val acc ravg:  0.64091 |
|epoch: 214 | lr: 0.010 |train ent: 0.03694 |train ent ravg: 0.03474 |train acc:  0.98864 |train acc ravg:  0.98920 |val ent: 0.53369 |val entravg: 1.45350 |val acc:  0.75000 |val acc ravg:  0.68182 |
|epoch: 215 | lr: 0.010 |train ent: 0.02418 |train ent ravg: 0.03638 |train acc:  0.99716 |train acc ravg:  0.98977 |val ent: 0.24408 |val entravg: 0.86342 |val acc:  0.88636 |val acc ravg:  0.76364 |
|epoch: 216 | lr: 0.010 |train ent: 0.02605 |train ent ravg: 0.03921 |train acc:  0.99148 |train acc ravg:  0.98807 |val ent: 0.62308 |val entravg: 0.89888 |val acc:  0.72727 |val acc ravg:  0.74545 |
|epoch: 217 | lr: 0.010 |train ent: 0.06883 |train ent ravg: 0.04225 |train acc:  0.98295 |train acc ravg:  0.98750 |val ent: 0.39120 |val entravg: 0.91546 |val acc:  0.80682 |val acc ravg:  0.72955 |
|epoch: 218 | lr: 0.010 |train ent: 0.02420 |train ent ravg: 0.03604 |train acc:  1.00000 |train acc ravg:  0.99205 |val ent: 2.17548 |val entravg: 0.79351 |val acc:  0.54545 |val acc ravg:  0.74318 |
|epoch: 219 | lr: 0.010 |train ent: 0.01172 |train ent ravg: 0.03100 |train acc:  1.00000 |train acc ravg:  0.99432 |val ent: 0.50588 |val entravg: 0.78794 |val acc:  0.81818 |val acc ravg:  0.75682 |
|epoch: 220 | lr: 0.010 |train ent: 0.00980 |train ent ravg: 0.02812 |train acc:  1.00000 |train acc ravg:  0.99489 |val ent: 0.35679 |val entravg: 0.81049 |val acc:  0.84091 |val acc ravg:  0.74773 |
|epoch: 221 | lr: 0.010 |train ent: 0.00471 |train ent ravg: 0.02385 |train acc:  1.00000 |train acc ravg:  0.99659 |val ent: 0.42062 |val entravg: 0.77000 |val acc:  0.81818 |val acc ravg:  0.76591 |
|epoch: 222 | lr: 0.010 |train ent: 0.02304 |train ent ravg: 0.01470 |train acc:  0.99432 |train acc ravg:  0.99886 |val ent: 0.28620 |val entravg: 0.74899 |val acc:  0.87500 |val acc ravg:  0.77955 |
|epoch: 223 | lr: 0.010 |train ent: 0.03654 |train ent ravg: 0.01716 |train acc:  0.98295 |train acc ravg:  0.99545 |val ent: 0.73820 |val entravg: 0.46154 |val acc:  0.75000 |val acc ravg:  0.82045 |
|epoch: 224 | lr: 0.010 |train ent: 0.02974 |train ent ravg: 0.02077 |train acc:  0.99432 |train acc ravg:  0.99432 |val ent: 0.48658 |val entravg: 0.45768 |val acc:  0.76136 |val acc ravg:  0.80909 |
|epoch: 225 | lr: 0.010 |train ent: 0.01273 |train ent ravg: 0.02135 |train acc:  1.00000 |train acc ravg:  0.99432 |val ent: 0.30208 |val entravg: 0.44674 |val acc:  0.84091 |val acc ravg:  0.80909 |
|epoch: 226 | lr: 0.010 |train ent: 0.01704 |train ent ravg: 0.02382 |train acc:  0.99716 |train acc ravg:  0.99375 |val ent: 0.31343 |val entravg: 0.42530 |val acc:  0.85227 |val acc ravg:  0.81591 |
|epoch: 227 | lr: 0.010 |train ent: 0.02319 |train ent ravg: 0.02385 |train acc:  0.99148 |train acc ravg:  0.99318 |val ent: 1.03317 |val entravg: 0.57469 |val acc:  0.64773 |val acc ravg:  0.77045 |
|epoch: 228 | lr: 0.010 |train ent: 0.01227 |train ent ravg: 0.01900 |train acc:  1.00000 |train acc ravg:  0.99659 |val ent: 0.32018 |val entravg: 0.49109 |val acc:  0.82955 |val acc ravg:  0.78636 |
|epoch: 229 | lr: 0.010 |train ent: 0.00901 |train ent ravg: 0.01485 |train acc:  1.00000 |train acc ravg:  0.99773 |val ent: 0.30788 |val entravg: 0.45535 |val acc:  0.85227 |val acc ravg:  0.80455 |
|epoch: 230 | lr: 0.010 |train ent: 0.01170 |train ent ravg: 0.01464 |train acc:  0.99716 |train acc ravg:  0.99716 |val ent: 0.15828 |val entravg: 0.42659 |val acc:  0.97727 |val acc ravg:  0.83182 |
|epoch: 231 | lr: 0.010 |train ent: 0.04994 |train ent ravg: 0.02122 |train acc:  0.97727 |train acc ravg:  0.99318 |val ent: 0.58565 |val entravg: 0.48103 |val acc:  0.75000 |val acc ravg:  0.81136 |
|epoch: 232 | lr: 0.010 |train ent: 0.06217 |train ent ravg: 0.02902 |train acc:  0.97443 |train acc ravg:  0.98977 |val ent: 0.35224 |val entravg: 0.34485 |val acc:  0.81818 |val acc ravg:  0.84545 |
|epoch: 233 | lr: 0.010 |train ent: 0.01875 |train ent ravg: 0.03032 |train acc:  1.00000 |train acc ravg:  0.98977 |val ent: 1.04079 |val entravg: 0.48897 |val acc:  0.67045 |val acc ravg:  0.81364 |
|epoch: 234 | lr: 0.010 |train ent: 0.08331 |train ent ravg: 0.04518 |train acc:  0.97159 |train acc ravg:  0.98409 |val ent: 1.07883 |val entravg: 0.64316 |val acc:  0.56818 |val acc ravg:  0.75682 |
|epoch: 235 | lr: 0.010 |train ent: 0.03987 |train ent ravg: 0.05081 |train acc:  0.99432 |train acc ravg:  0.98352 |val ent: 0.63562 |val entravg: 0.73863 |val acc:  0.72727 |val acc ravg:  0.70682 |
|epoch: 236 | lr: 0.010 |train ent: 0.01026 |train ent ravg: 0.04287 |train acc:  1.00000 |train acc ravg:  0.98807 |val ent: 0.54977 |val entravg: 0.73145 |val acc:  0.77273 |val acc ravg:  0.71136 |
|epoch: 237 | lr: 0.010 |train ent: 0.04393 |train ent ravg: 0.03922 |train acc:  0.98580 |train acc ravg:  0.99034 |val ent: 3.13556 |val entravg: 1.28811 |val acc:  0.48864 |val acc ravg:  0.64545 |
|epoch: 238 | lr: 0.010 |train ent: 0.01588 |train ent ravg: 0.03865 |train acc:  0.99716 |train acc ravg:  0.98977 |val ent: 0.15258 |val entravg: 1.11047 |val acc:  0.96591 |val acc ravg:  0.70455 |
|epoch: 239 | lr: 0.010 |train ent: 0.03388 |train ent ravg: 0.02876 |train acc:  0.99148 |train acc ravg:  0.99375 |val ent: 0.89633 |val entravg: 1.07397 |val acc:  0.67045 |val acc ravg:  0.72500 |
|epoch: 240 | lr: 0.010 |train ent: 0.04421 |train ent ravg: 0.02963 |train acc:  0.98580 |train acc ravg:  0.99205 |val ent: 0.24846 |val entravg: 0.99654 |val acc:  0.85227 |val acc ravg:  0.75000 |
|epoch: 241 | lr: 0.010 |train ent: 0.02251 |train ent ravg: 0.03208 |train acc:  0.99716 |train acc ravg:  0.99148 |val ent: 0.13627 |val entravg: 0.91384 |val acc:  0.94318 |val acc ravg:  0.78409 |
|epoch: 242 | lr: 0.010 |train ent: 0.01323 |train ent ravg: 0.02594 |train acc:  0.99716 |train acc ravg:  0.99375 |val ent: 0.41858 |val entravg: 0.37044 |val acc:  0.85227 |val acc ravg:  0.85682 |
|epoch: 243 | lr: 0.010 |train ent: 0.01287 |train ent ravg: 0.02534 |train acc:  1.00000 |train acc ravg:  0.99432 |val ent: 0.31415 |val entravg: 0.40276 |val acc:  0.84091 |val acc ravg:  0.83182 |
|epoch: 244 | lr: 0.010 |train ent: 0.02211 |train ent ravg: 0.02298 |train acc:  0.99432 |train acc ravg:  0.99489 |val ent: 0.73776 |val entravg: 0.37104 |val acc:  0.69318 |val acc ravg:  0.83636 |
|epoch: 245 | lr: 0.010 |train ent: 0.01775 |train ent ravg: 0.01769 |train acc:  0.99432 |train acc ravg:  0.99659 |val ent: 2.71192 |val entravg: 0.86373 |val acc:  0.52273 |val acc ravg:  0.77045 |
|epoch: 246 | lr: 0.010 |train ent: 0.01119 |train ent ravg: 0.01543 |train acc:  1.00000 |train acc ravg:  0.99716 |val ent: 0.57979 |val entravg: 0.95244 |val acc:  0.76136 |val acc ravg:  0.73409 |
|epoch: 247 | lr: 0.010 |train ent: 0.00981 |train ent ravg: 0.01474 |train acc:  0.99716 |train acc ravg:  0.99716 |val ent: 0.20648 |val entravg: 0.91002 |val acc:  0.88636 |val acc ravg:  0.74091 |
|epoch: 248 | lr: 0.010 |train ent: 0.01147 |train ent ravg: 0.01446 |train acc:  0.99716 |train acc ravg:  0.99659 |val ent: 0.77681 |val entravg: 1.00255 |val acc:  0.71591 |val acc ravg:  0.71591 |
|epoch: 249 | lr: 0.010 |train ent: 0.00726 |train ent ravg: 0.01150 |train acc:  1.00000 |train acc ravg:  0.99773 |val ent: 0.43934 |val entravg: 0.94287 |val acc:  0.79545 |val acc ravg:  0.73636 |
|epoch: 250 | lr: 0.010 |train ent: 0.00957 |train ent ravg: 0.00986 |train acc:  0.99716 |train acc ravg:  0.99830 |val ent: 1.77312 |val entravg: 0.75511 |val acc:  0.55682 |val acc ravg:  0.74318 |
|epoch: 251 | lr: 0.010 |train ent: 0.00819 |train ent ravg: 0.00926 |train acc:  1.00000 |train acc ravg:  0.99830 |val ent: 0.44775 |val entravg: 0.72870 |val acc:  0.80682 |val acc ravg:  0.75227 |
|epoch: 252 | lr: 0.010 |train ent: 0.01827 |train ent ravg: 0.01095 |train acc:  0.99432 |train acc ravg:  0.99773 |val ent: 0.17406 |val entravg: 0.72221 |val acc:  0.95455 |val acc ravg:  0.76591 |
|epoch: 253 | lr: 0.010 |train ent: 0.00771 |train ent ravg: 0.01020 |train acc:  1.00000 |train acc ravg:  0.99830 |val ent: 0.53359 |val entravg: 0.67357 |val acc:  0.75000 |val acc ravg:  0.77273 |
|epoch: 254 | lr: 0.010 |train ent: 0.00807 |train ent ravg: 0.01036 |train acc:  1.00000 |train acc ravg:  0.99830 |val ent: 0.14863 |val entravg: 0.61543 |val acc:  0.93182 |val acc ravg:  0.80000 |
|epoch: 255 | lr: 0.010 |train ent: 0.00394 |train ent ravg: 0.00924 |train acc:  1.00000 |train acc ravg:  0.99886 |val ent: 0.15053 |val entravg: 0.29091 |val acc:  0.95455 |val acc ravg:  0.87955 |
|epoch: 256 | lr: 0.010 |train ent: 0.00368 |train ent ravg: 0.00834 |train acc:  1.00000 |train acc ravg:  0.99886 |val ent: 0.22555 |val entravg: 0.24647 |val acc:  0.88636 |val acc ravg:  0.89545 |
|epoch: 257 | lr: 0.010 |train ent: 0.00569 |train ent ravg: 0.00582 |train acc:  0.99716 |train acc ravg:  0.99943 |val ent: 0.34293 |val entravg: 0.28025 |val acc:  0.85227 |val acc ravg:  0.87500 |
|epoch: 258 | lr: 0.010 |train ent: 0.01081 |train ent ravg: 0.00644 |train acc:  1.00000 |train acc ravg:  0.99943 |val ent: 0.44919 |val entravg: 0.26337 |val acc:  0.78409 |val acc ravg:  0.88182 |
|epoch: 259 | lr: 0.010 |train ent: 0.00770 |train ent ravg: 0.00637 |train acc:  1.00000 |train acc ravg:  0.99943 |val ent: 0.27332 |val entravg: 0.28830 |val acc:  0.86364 |val acc ravg:  0.86818 |
|epoch: 260 | lr: 0.010 |train ent: 0.00925 |train ent ravg: 0.00743 |train acc:  0.99716 |train acc ravg:  0.99886 |val ent: 0.41868 |val entravg: 0.34193 |val acc:  0.80682 |val acc ravg:  0.83864 |
|epoch: 261 | lr: 0.010 |train ent: 0.00924 |train ent ravg: 0.00854 |train acc:  1.00000 |train acc ravg:  0.99886 |val ent: 0.21418 |val entravg: 0.33966 |val acc:  0.90909 |val acc ravg:  0.84318 |
|epoch: 262 | lr: 0.010 |train ent: 0.00619 |train ent ravg: 0.00864 |train acc:  1.00000 |train acc ravg:  0.99943 |val ent: 0.45907 |val entravg: 0.36289 |val acc:  0.80682 |val acc ravg:  0.83409 |
|epoch: 263 | lr: 0.010 |train ent: 0.00332 |train ent ravg: 0.00714 |train acc:  1.00000 |train acc ravg:  0.99943 |val ent: 0.19717 |val entravg: 0.31248 |val acc:  0.90909 |val acc ravg:  0.85909 |
|epoch: 264 | lr: 0.010 |train ent: 0.00620 |train ent ravg: 0.00684 |train acc:  1.00000 |train acc ravg:  0.99943 |val ent: 0.39857 |val entravg: 0.33753 |val acc:  0.78409 |val acc ravg:  0.84318 |
|epoch: 265 | lr: 0.010 |train ent: 0.00967 |train ent ravg: 0.00692 |train acc:  1.00000 |train acc ravg:  1.00000 |val ent: 0.44036 |val entravg: 0.34187 |val acc:  0.79545 |val acc ravg:  0.84091 |
|epoch: 266 | lr: 0.010 |train ent: 0.00586 |train ent ravg: 0.00625 |train acc:  1.00000 |train acc ravg:  1.00000 |val ent: 0.17811 |val entravg: 0.33466 |val acc:  0.90909 |val acc ravg:  0.84091 |
|epoch: 267 | lr: 0.010 |train ent: 0.00352 |train ent ravg: 0.00572 |train acc:  1.00000 |train acc ravg:  1.00000 |val ent: 0.34109 |val entravg: 0.31106 |val acc:  0.86364 |val acc ravg:  0.85227 |
|epoch: 268 | lr: 0.010 |train ent: 0.01038 |train ent ravg: 0.00713 |train acc:  0.99716 |train acc ravg:  0.99943 |val ent: 0.84063 |val entravg: 0.43975 |val acc:  0.70455 |val acc ravg:  0.81136 |
|epoch: 269 | lr: 0.010 |train ent: 0.02497 |train ent ravg: 0.01088 |train acc:  0.98864 |train acc ravg:  0.99716 |val ent: 0.22579 |val entravg: 0.40519 |val acc:  0.88636 |val acc ravg:  0.83182 |
|epoch: 270 | lr: 0.010 |train ent: 0.01300 |train ent ravg: 0.01155 |train acc:  0.99716 |train acc ravg:  0.99659 |val ent: 0.33267 |val entravg: 0.38366 |val acc:  0.81818 |val acc ravg:  0.83636 |
|epoch: 271 | lr: 0.010 |train ent: 0.01083 |train ent ravg: 0.01254 |train acc:  1.00000 |train acc ravg:  0.99659 |val ent: 0.59686 |val entravg: 0.46741 |val acc:  0.75000 |val acc ravg:  0.80455 |
|epoch: 272 | lr: 0.010 |train ent: 0.00696 |train ent ravg: 0.01323 |train acc:  1.00000 |train acc ravg:  0.99659 |val ent: 0.24065 |val entravg: 0.44732 |val acc:  0.88636 |val acc ravg:  0.80909 |
|epoch: 273 | lr: 0.010 |train ent: 0.01065 |train ent ravg: 0.01328 |train acc:  1.00000 |train acc ravg:  0.99716 |val ent: 0.23220 |val entravg: 0.32564 |val acc:  0.88636 |val acc ravg:  0.84545 |
|epoch: 274 | lr: 0.010 |train ent: 0.00931 |train ent ravg: 0.01015 |train acc:  1.00000 |train acc ravg:  0.99943 |val ent: 0.24870 |val entravg: 0.33022 |val acc:  0.89773 |val acc ravg:  0.84773 |
|epoch: 275 | lr: 0.010 |train ent: 0.00494 |train ent ravg: 0.00854 |train acc:  1.00000 |train acc ravg:  1.00000 |val ent: 0.19065 |val entravg: 0.30181 |val acc:  0.92045 |val acc ravg:  0.86818 |
|epoch: 276 | lr: 0.010 |train ent: 0.00607 |train ent ravg: 0.00759 |train acc:  1.00000 |train acc ravg:  1.00000 |val ent: 0.19157 |val entravg: 0.22076 |val acc:  0.89773 |val acc ravg:  0.89773 |
|epoch: 277 | lr: 0.010 |train ent: 0.00810 |train ent ravg: 0.00782 |train acc:  1.00000 |train acc ravg:  1.00000 |val ent: 0.39111 |val entravg: 0.25085 |val acc:  0.81818 |val acc ravg:  0.88409 |
|epoch: 278 | lr: 0.010 |train ent: 0.00635 |train ent ravg: 0.00696 |train acc:  1.00000 |train acc ravg:  1.00000 |val ent: 0.19415 |val entravg: 0.24324 |val acc:  0.89773 |val acc ravg:  0.88636 |
|epoch: 279 | lr: 0.010 |train ent: 0.00335 |train ent ravg: 0.00576 |train acc:  1.00000 |train acc ravg:  1.00000 |val ent: 0.21949 |val entravg: 0.23739 |val acc:  0.89773 |val acc ravg:  0.88636 |
|epoch: 280 | lr: 0.010 |train ent: 0.00346 |train ent ravg: 0.00547 |train acc:  1.00000 |train acc ravg:  1.00000 |val ent: 0.24640 |val entravg: 0.24854 |val acc:  0.87500 |val acc ravg:  0.87727 |
|epoch: 281 | lr: 0.010 |train ent: 0.00652 |train ent ravg: 0.00556 |train acc:  1.00000 |train acc ravg:  1.00000 |val ent: 1.88987 |val entravg: 0.58820 |val acc:  0.56818 |val acc ravg:  0.81136 |
|epoch: 282 | lr: 0.010 |train ent: 0.01282 |train ent ravg: 0.00650 |train acc:  1.00000 |train acc ravg:  1.00000 |val ent: 0.32984 |val entravg: 0.57595 |val acc:  0.85227 |val acc ravg:  0.81818 |
|epoch: 283 | lr: 0.010 |train ent: 0.01179 |train ent ravg: 0.00759 |train acc:  1.00000 |train acc ravg:  1.00000 |val ent: 0.67754 |val entravg: 0.67263 |val acc:  0.72727 |val acc ravg:  0.78409 |
|epoch: 284 | lr: 0.010 |train ent: 0.01632 |train ent ravg: 0.01018 |train acc:  0.99716 |train acc ravg:  0.99943 |val ent: 0.29644 |val entravg: 0.68802 |val acc:  0.84091 |val acc ravg:  0.77273 |
|epoch: 285 | lr: 0.010 |train ent: 0.10379 |train ent ravg: 0.03025 |train acc:  0.94886 |train acc ravg:  0.98920 |val ent: 3.86463 |val entravg: 1.41167 |val acc:  0.53409 |val acc ravg:  0.70455 |
|epoch: 286 | lr: 0.010 |train ent: 0.13236 |train ent ravg: 0.05542 |train acc:  0.94318 |train acc ravg:  0.97784 |val ent: 3.20359 |val entravg: 1.67441 |val acc:  0.44318 |val acc ravg:  0.67955 |
|epoch: 287 | lr: 0.010 |train ent: 0.15058 |train ent ravg: 0.08297 |train acc:  0.95170 |train acc ravg:  0.96818 |val ent: 5.16081 |val entravg: 2.64060 |val acc:  0.44318 |val acc ravg:  0.59773 |
|epoch: 288 | lr: 0.010 |train ent: 0.09493 |train ent ravg: 0.09959 |train acc:  0.96307 |train acc ravg:  0.96080 |val ent: 0.95943 |val entravg: 2.69698 |val acc:  0.63636 |val acc ravg:  0.57955 |
|epoch: 289 | lr: 0.010 |train ent: 0.05018 |train ent ravg: 0.10637 |train acc:  0.98864 |train acc ravg:  0.95909 |val ent: 3.45875 |val entravg: 3.32944 |val acc:  0.45455 |val acc ravg:  0.50227 |
|epoch: 290 | lr: 0.010 |train ent: 0.02248 |train ent ravg: 0.09010 |train acc:  1.00000 |train acc ravg:  0.96932 |val ent: 0.15564 |val entravg: 2.58764 |val acc:  0.94318 |val acc ravg:  0.58409 |
|epoch: 291 | lr: 0.010 |train ent: 0.01271 |train ent ravg: 0.06617 |train acc:  1.00000 |train acc ravg:  0.98068 |val ent: 2.25910 |val entravg: 2.39875 |val acc:  0.53409 |val acc ravg:  0.60227 |
|epoch: 292 | lr: 0.010 |train ent: 0.06600 |train ent ravg: 0.04926 |train acc:  0.96875 |train acc ravg:  0.98409 |val ent: 1.13335 |val entravg: 1.59325 |val acc:  0.61364 |val acc ravg:  0.63636 |
|epoch: 293 | lr: 0.010 |train ent: 0.10800 |train ent ravg: 0.05187 |train acc:  0.94318 |train acc ravg:  0.98011 |val ent: 0.42342 |val entravg: 1.48605 |val acc:  0.75000 |val acc ravg:  0.65909 |
|epoch: 294 | lr: 0.010 |train ent: 0.04422 |train ent ravg: 0.05068 |train acc:  0.98864 |train acc ravg:  0.98011 |val ent: 0.71645 |val entravg: 0.93759 |val acc:  0.61364 |val acc ravg:  0.69091 |
|epoch: 295 | lr: 0.010 |train ent: 0.06504 |train ent ravg: 0.05919 |train acc:  0.98295 |train acc ravg:  0.97670 |val ent: 0.25037 |val entravg: 0.95654 |val acc:  0.87500 |val acc ravg:  0.67727 |
|epoch: 296 | lr: 0.010 |train ent: 0.04454 |train ent ravg: 0.06556 |train acc:  0.98295 |train acc ravg:  0.97330 |val ent: 0.50182 |val entravg: 0.60508 |val acc:  0.76136 |val acc ravg:  0.72273 |
|epoch: 297 | lr: 0.010 |train ent: 0.04833 |train ent ravg: 0.06203 |train acc:  0.98295 |train acc ravg:  0.97614 |val ent: 0.40240 |val entravg: 0.45889 |val acc:  0.78409 |val acc ravg:  0.75682 |
|epoch: 298 | lr: 0.010 |train ent: 0.06663 |train ent ravg: 0.05375 |train acc:  0.97727 |train acc ravg:  0.98295 |val ent: 0.27299 |val entravg: 0.42881 |val acc:  0.88636 |val acc ravg:  0.78409 |
|epoch: 299 | lr: 0.010 |train ent: 0.02161 |train ent ravg: 0.04923 |train acc:  0.99432 |train acc ravg:  0.98409 |val ent: 1.14979 |val entravg: 0.51547 |val acc:  0.63636 |val acc ravg:  0.78864 |
|epoch: 300 | lr: 0.010 |train ent: 0.01683 |train ent ravg: 0.03959 |train acc:  0.99432 |train acc ravg:  0.98636 |val ent: 0.94780 |val entravg: 0.65496 |val acc:  0.64773 |val acc ravg:  0.74318 |
|epoch: 301 | lr: 0.010 |train ent: 0.01698 |train ent ravg: 0.03407 |train acc:  0.99432 |train acc ravg:  0.98864 |val ent: 0.25568 |val entravg: 0.60573 |val acc:  0.87500 |val acc ravg:  0.76591 |
|epoch: 302 | lr: 0.010 |train ent: 0.02264 |train ent ravg: 0.02894 |train acc:  0.99716 |train acc ravg:  0.99148 |val ent: 1.44301 |val entravg: 0.81385 |val acc:  0.56818 |val acc ravg:  0.72273 |
|epoch: 303 | lr: 0.010 |train ent: 0.00827 |train ent ravg: 0.01727 |train acc:  1.00000 |train acc ravg:  0.99602 |val ent: 0.62319 |val entravg: 0.88389 |val acc:  0.73864 |val acc ravg:  0.69318 |
|epoch: 304 | lr: 0.010 |train ent: 0.04671 |train ent ravg: 0.02229 |train acc:  0.98295 |train acc ravg:  0.99375 |val ent: 3.28891 |val entravg: 1.31172 |val acc:  0.46591 |val acc ravg:  0.65909 |
|epoch: 305 | lr: 0.010 |train ent: 0.02096 |train ent ravg: 0.02311 |train acc:  0.99716 |train acc ravg:  0.99432 |val ent: 0.41809 |val entravg: 1.20578 |val acc:  0.81818 |val acc ravg:  0.69318 |
|epoch: 306 | lr: 0.010 |train ent: 0.02322 |train ent ravg: 0.02436 |train acc:  0.99432 |train acc ravg:  0.99432 |val ent: 0.20347 |val entravg: 1.19534 |val acc:  0.92045 |val acc ravg:  0.70227 |
|epoch: 307 | lr: 0.010 |train ent: 0.03909 |train ent ravg: 0.02765 |train acc:  0.99148 |train acc ravg:  0.99318 |val ent: 3.91941 |val entravg: 1.69062 |val acc:  0.45455 |val acc ravg:  0.67955 |
|epoch: 308 | lr: 0.010 |train ent: 0.00900 |train ent ravg: 0.02779 |train acc:  1.00000 |train acc ravg:  0.99318 |val ent: 0.21644 |val entravg: 1.60926 |val acc:  0.92045 |val acc ravg:  0.71591 |
|epoch: 309 | lr: 0.010 |train ent: 0.01785 |train ent ravg: 0.02202 |train acc:  0.99716 |train acc ravg:  0.99602 |val ent: 1.27043 |val entravg: 1.20557 |val acc:  0.59091 |val acc ravg:  0.74091 |
|epoch: 310 | lr: 0.010 |train ent: 0.01298 |train ent ravg: 0.02043 |train acc:  1.00000 |train acc ravg:  0.99659 |val ent: 0.17244 |val entravg: 1.15644 |val acc:  0.90909 |val acc ravg:  0.75909 |
|epoch: 311 | lr: 0.010 |train ent: 0.02483 |train ent ravg: 0.02075 |train acc:  0.99432 |train acc ravg:  0.99659 |val ent: 0.42098 |val entravg: 1.19994 |val acc:  0.78409 |val acc ravg:  0.73182 |
|epoch: 312 | lr: 0.010 |train ent: 0.02677 |train ent ravg: 0.01829 |train acc:  0.99432 |train acc ravg:  0.99716 |val ent: 0.28886 |val entravg: 0.47383 |val acc:  0.87500 |val acc ravg:  0.81591 |
|epoch: 313 | lr: 0.010 |train ent: 0.00778 |train ent ravg: 0.01804 |train acc:  1.00000 |train acc ravg:  0.99716 |val ent: 0.13801 |val entravg: 0.45814 |val acc:  0.94318 |val acc ravg:  0.82045 |
|epoch: 314 | lr: 0.010 |train ent: 0.00980 |train ent ravg: 0.01643 |train acc:  1.00000 |train acc ravg:  0.99773 |val ent: 1.12384 |val entravg: 0.42883 |val acc:  0.65909 |val acc ravg:  0.83409 |
|epoch: 315 | lr: 0.010 |train ent: 0.00931 |train ent ravg: 0.01570 |train acc:  1.00000 |train acc ravg:  0.99773 |val ent: 0.93179 |val entravg: 0.58070 |val acc:  0.70455 |val acc ravg:  0.79318 |
|epoch: 316 | lr: 0.010 |train ent: 0.00569 |train ent ravg: 0.01187 |train acc:  1.00000 |train acc ravg:  0.99886 |val ent: 0.20553 |val entravg: 0.53761 |val acc:  0.88636 |val acc ravg:  0.81364 |
|epoch: 317 | lr: 0.010 |train ent: 0.02769 |train ent ravg: 0.01205 |train acc:  0.98864 |train acc ravg:  0.99773 |val ent: 0.22076 |val entravg: 0.52398 |val acc:  0.88636 |val acc ravg:  0.81591 |
|epoch: 318 | lr: 0.010 |train ent: 0.04062 |train ent ravg: 0.01862 |train acc:  0.99148 |train acc ravg:  0.99602 |val ent: 2.59806 |val entravg: 1.01600 |val acc:  0.54545 |val acc ravg:  0.73636 |
|epoch: 319 | lr: 0.010 |train ent: 0.01392 |train ent ravg: 0.01944 |train acc:  1.00000 |train acc ravg:  0.99602 |val ent: 0.25856 |val entravg: 0.84294 |val acc:  0.87500 |val acc ravg:  0.77955 |
|epoch: 320 | lr: 0.010 |train ent: 0.01204 |train ent ravg: 0.01999 |train acc:  1.00000 |train acc ravg:  0.99602 |val ent: 1.42490 |val entravg: 0.94156 |val acc:  0.60227 |val acc ravg:  0.75909 |
|epoch: 321 | lr: 0.010 |train ent: 0.03341 |train ent ravg: 0.02553 |train acc:  0.99148 |train acc ravg:  0.99432 |val ent: 3.78901 |val entravg: 1.65826 |val acc:  0.44318 |val acc ravg:  0.67045 |
|epoch: 322 | lr: 0.010 |train ent: 0.00869 |train ent ravg: 0.02173 |train acc:  1.00000 |train acc ravg:  0.99659 |val ent: 1.17133 |val entravg: 1.84837 |val acc:  0.61364 |val acc ravg:  0.61591 |
|epoch: 323 | lr: 0.010 |train ent: 0.01024 |train ent ravg: 0.01566 |train acc:  1.00000 |train acc ravg:  0.99830 |val ent: 0.20926 |val entravg: 1.37061 |val acc:  0.92045 |val acc ravg:  0.69091 |
|epoch: 324 | lr: 0.010 |train ent: 0.01558 |train ent ravg: 0.01599 |train acc:  0.99716 |train acc ravg:  0.99773 |val ent: 0.27043 |val entravg: 1.37298 |val acc:  0.86364 |val acc ravg:  0.68864 |
|epoch: 325 | lr: 0.010 |train ent: 0.00974 |train ent ravg: 0.01553 |train acc:  1.00000 |train acc ravg:  0.99773 |val ent: 0.34104 |val entravg: 1.15621 |val acc:  0.87500 |val acc ravg:  0.74318 |
|epoch: 326 | lr: 0.010 |train ent: 0.01045 |train ent ravg: 0.01094 |train acc:  1.00000 |train acc ravg:  0.99943 |val ent: 1.47253 |val entravg: 0.69292 |val acc:  0.59091 |val acc ravg:  0.77273 |
|epoch: 327 | lr: 0.010 |train ent: 0.00633 |train ent ravg: 0.01047 |train acc:  1.00000 |train acc ravg:  0.99943 |val ent: 0.23558 |val entravg: 0.50577 |val acc:  0.89773 |val acc ravg:  0.82955 |
|epoch: 328 | lr: 0.010 |train ent: 0.01446 |train ent ravg: 0.01131 |train acc:  0.99432 |train acc ravg:  0.99830 |val ent: 0.75030 |val entravg: 0.61398 |val acc:  0.72727 |val acc ravg:  0.79091 |
|epoch: 329 | lr: 0.010 |train ent: 0.04413 |train ent ravg: 0.01702 |train acc:  0.98580 |train acc ravg:  0.99602 |val ent: 3.22404 |val entravg: 1.20470 |val acc:  0.44318 |val acc ravg:  0.70682 |
|epoch: 330 | lr: 0.010 |train ent: 0.02191 |train ent ravg: 0.01945 |train acc:  0.99432 |train acc ravg:  0.99489 |val ent: 0.35601 |val entravg: 1.20769 |val acc:  0.82955 |val acc ravg:  0.69773 |
|epoch: 331 | lr: 0.010 |train ent: 0.03548 |train ent ravg: 0.02446 |train acc:  0.99716 |train acc ravg:  0.99432 |val ent: 0.78084 |val entravg: 1.06935 |val acc:  0.71591 |val acc ravg:  0.72273 |
|epoch: 332 | lr: 0.010 |train ent: 0.01373 |train ent ravg: 0.02594 |train acc:  0.99432 |train acc ravg:  0.99318 |val ent: 0.73621 |val entravg: 1.16948 |val acc:  0.71591 |val acc ravg:  0.68636 |
|epoch: 333 | lr: 0.010 |train ent: 0.01171 |train ent ravg: 0.02539 |train acc:  0.99716 |train acc ravg:  0.99375 |val ent: 0.61619 |val entravg: 1.14266 |val acc:  0.73864 |val acc ravg:  0.68864 |
|epoch: 334 | lr: 0.010 |train ent: 0.04875 |train ent ravg: 0.02632 |train acc:  0.98295 |train acc ravg:  0.99318 |val ent: 0.37032 |val entravg: 0.57191 |val acc:  0.84091 |val acc ravg:  0.76818 |
|epoch: 335 | lr: 0.010 |train ent: 0.04540 |train ent ravg: 0.03101 |train acc:  0.98864 |train acc ravg:  0.99205 |val ent: 0.47135 |val entravg: 0.59498 |val acc:  0.73864 |val acc ravg:  0.75000 |
|epoch: 336 | lr: 0.010 |train ent: 0.03850 |train ent ravg: 0.03162 |train acc:  0.98580 |train acc ravg:  0.98977 |val ent: 0.56514 |val entravg: 0.55184 |val acc:  0.81818 |val acc ravg:  0.77045 |
|epoch: 337 | lr: 0.010 |train ent: 0.03442 |train ent ravg: 0.03576 |train acc:  0.99432 |train acc ravg:  0.98977 |val ent: 0.62941 |val entravg: 0.53048 |val acc:  0.71591 |val acc ravg:  0.77045 |
|epoch: 338 | lr: 0.010 |train ent: 0.00904 |train ent ravg: 0.03522 |train acc:  1.00000 |train acc ravg:  0.99034 |val ent: 0.20166 |val entravg: 0.44758 |val acc:  0.90909 |val acc ravg:  0.80455 |
|epoch: 339 | lr: 0.010 |train ent: 0.00433 |train ent ravg: 0.02634 |train acc:  1.00000 |train acc ravg:  0.99375 |val ent: 0.38847 |val entravg: 0.45121 |val acc:  0.82955 |val acc ravg:  0.80227 |
|epoch: 340 | lr: 0.010 |train ent: 0.00561 |train ent ravg: 0.01838 |train acc:  1.00000 |train acc ravg:  0.99602 |val ent: 0.17938 |val entravg: 0.39281 |val acc:  0.93182 |val acc ravg:  0.84091 |
|epoch: 341 | lr: 0.010 |train ent: 0.01150 |train ent ravg: 0.01298 |train acc:  0.99716 |train acc ravg:  0.99830 |val ent: 4.65454 |val entravg: 1.21069 |val acc:  0.45455 |val acc ravg:  0.76818 |
|epoch: 342 | lr: 0.010 |train ent: 0.00885 |train ent ravg: 0.00787 |train acc:  1.00000 |train acc ravg:  0.99943 |val ent: 0.18362 |val entravg: 1.12153 |val acc:  0.89773 |val acc ravg:  0.80455 |
|epoch: 343 | lr: 0.010 |train ent: 0.00965 |train ent ravg: 0.00799 |train acc:  0.99716 |train acc ravg:  0.99886 |val ent: 0.18946 |val entravg: 1.11909 |val acc:  0.94318 |val acc ravg:  0.81136 |
|epoch: 344 | lr: 0.010 |train ent: 0.00552 |train ent ravg: 0.00822 |train acc:  1.00000 |train acc ravg:  0.99886 |val ent: 0.19347 |val entravg: 1.08009 |val acc:  0.93182 |val acc ravg:  0.83182 |
|epoch: 345 | lr: 0.010 |train ent: 0.00635 |train ent ravg: 0.00837 |train acc:  1.00000 |train acc ravg:  0.99886 |val ent: 2.35443 |val entravg: 1.51510 |val acc:  0.54545 |val acc ravg:  0.75455 |
|epoch: 346 | lr: 0.010 |train ent: 0.00969 |train ent ravg: 0.00801 |train acc:  1.00000 |train acc ravg:  0.99943 |val ent: 1.10885 |val entravg: 0.80597 |val acc:  0.68182 |val acc ravg:  0.80000 |
|epoch: 347 | lr: 0.010 |train ent: 0.01085 |train ent ravg: 0.00841 |train acc:  1.00000 |train acc ravg:  0.99943 |val ent: 1.41288 |val entravg: 1.05182 |val acc:  0.57955 |val acc ravg:  0.73636 |
|epoch: 348 | lr: 0.010 |train ent: 0.00892 |train ent ravg: 0.00827 |train acc:  1.00000 |train acc ravg:  1.00000 |val ent: 0.36626 |val entravg: 1.08718 |val acc:  0.81818 |val acc ravg:  0.71136 |
|epoch: 349 | lr: 0.010 |train ent: 0.00938 |train ent ravg: 0.00904 |train acc:  1.00000 |train acc ravg:  1.00000 |val ent: 0.40778 |val entravg: 1.13004 |val acc:  0.78409 |val acc ravg:  0.68182 |
|epoch: 350 | lr: 0.010 |train ent: 0.01204 |train ent ravg: 0.01018 |train acc:  0.99716 |train acc ravg:  0.99943 |val ent: 0.66592 |val entravg: 0.79234 |val acc:  0.73864 |val acc ravg:  0.72045 |
|epoch: 351 | lr: 0.010 |train ent: 0.00751 |train ent ravg: 0.00974 |train acc:  1.00000 |train acc ravg:  0.99943 |val ent: 0.14731 |val entravg: 0.60003 |val acc:  0.94318 |val acc ravg:  0.77273 |
|epoch: 352 | lr: 0.010 |train ent: 0.00588 |train ent ravg: 0.00875 |train acc:  1.00000 |train acc ravg:  0.99943 |val ent: 0.38362 |val entravg: 0.39418 |val acc:  0.79545 |val acc ravg:  0.81591 |
|epoch: 353 | lr: 0.010 |train ent: 0.00477 |train ent ravg: 0.00792 |train acc:  1.00000 |train acc ravg:  0.99943 |val ent: 0.34518 |val entravg: 0.38996 |val acc:  0.86364 |val acc ravg:  0.82500 |
|epoch: 354 | lr: 0.010 |train ent: 0.00243 |train ent ravg: 0.00652 |train acc:  1.00000 |train acc ravg:  0.99943 |val ent: 0.23423 |val entravg: 0.35525 |val acc:  0.89773 |val acc ravg:  0.84773 |
|epoch: 355 | lr: 0.010 |train ent: 0.00183 |train ent ravg: 0.00448 |train acc:  1.00000 |train acc ravg:  1.00000 |val ent: 0.20126 |val entravg: 0.26232 |val acc:  0.90909 |val acc ravg:  0.88182 |
|epoch: 356 | lr: 0.010 |train ent: 0.00619 |train ent ravg: 0.00422 |train acc:  1.00000 |train acc ravg:  1.00000 |val ent: 0.16717 |val entravg: 0.26629 |val acc:  0.94318 |val acc ravg:  0.88182 |
|epoch: 357 | lr: 0.010 |train ent: 0.00576 |train ent ravg: 0.00419 |train acc:  1.00000 |train acc ravg:  1.00000 |val ent: 0.18733 |val entravg: 0.22703 |val acc:  0.92045 |val acc ravg:  0.90682 |
|epoch: 358 | lr: 0.010 |train ent: 0.00210 |train ent ravg: 0.00366 |train acc:  1.00000 |train acc ravg:  1.00000 |val ent: 0.60902 |val entravg: 0.27980 |val acc:  0.77273 |val acc ravg:  0.88864 |
|epoch: 359 | lr: 0.010 |train ent: 0.01964 |train ent ravg: 0.00710 |train acc:  1.00000 |train acc ravg:  1.00000 |val ent: 0.18712 |val entravg: 0.27038 |val acc:  0.88636 |val acc ravg:  0.88636 |
|epoch: 360 | lr: 0.010 |train ent: 0.01176 |train ent ravg: 0.00909 |train acc:  1.00000 |train acc ravg:  1.00000 |val ent: 0.20609 |val entravg: 0.27135 |val acc:  0.92045 |val acc ravg:  0.88864 |
|epoch: 361 | lr: 0.010 |train ent: 0.00365 |train ent ravg: 0.00858 |train acc:  1.00000 |train acc ravg:  1.00000 |val ent: 0.47424 |val entravg: 0.33276 |val acc:  0.80682 |val acc ravg:  0.86136 |
|epoch: 362 | lr: 0.010 |train ent: 0.00668 |train ent ravg: 0.00877 |train acc:  1.00000 |train acc ravg:  1.00000 |val ent: 0.55910 |val entravg: 0.40711 |val acc:  0.77273 |val acc ravg:  0.83182 |
|epoch: 363 | lr: 0.010 |train ent: 0.00349 |train ent ravg: 0.00904 |train acc:  1.00000 |train acc ravg:  1.00000 |val ent: 0.17639 |val entravg: 0.32059 |val acc:  0.90909 |val acc ravg:  0.85909 |
|epoch: 364 | lr: 0.010 |train ent: 0.00215 |train ent ravg: 0.00555 |train acc:  1.00000 |train acc ravg:  1.00000 |val ent: 0.27983 |val entravg: 0.33913 |val acc:  0.88636 |val acc ravg:  0.85909 |
|epoch: 365 | lr: 0.010 |train ent: 0.02472 |train ent ravg: 0.00814 |train acc:  0.99148 |train acc ravg:  0.99830 |val ent: 4.07251 |val entravg: 1.11241 |val acc:  0.45455 |val acc ravg:  0.76591 |
|epoch: 366 | lr: 0.010 |train ent: 0.04909 |train ent ravg: 0.01723 |train acc:  0.99148 |train acc ravg:  0.99659 |val ent: 4.21301 |val entravg: 1.86017 |val acc:  0.54545 |val acc ravg:  0.71364 |
|epoch: 367 | lr: 0.010 |train ent: 0.01806 |train ent ravg: 0.01950 |train acc:  1.00000 |train acc ravg:  0.99659 |val ent: 0.96518 |val entravg: 1.94138 |val acc:  0.64773 |val acc ravg:  0.68864 |
|epoch: 368 | lr: 0.010 |train ent: 0.02596 |train ent ravg: 0.02400 |train acc:  1.00000 |train acc ravg:  0.99659 |val ent: 4.62125 |val entravg: 2.83035 |val acc:  0.44318 |val acc ravg:  0.59545 |
|epoch: 369 | lr: 0.010 |train ent: 0.00927 |train ent ravg: 0.02542 |train acc:  1.00000 |train acc ravg:  0.99659 |val ent: 0.24321 |val entravg: 2.82303 |val acc:  0.90909 |val acc ravg:  0.60000 |
|epoch: 370 | lr: 0.010 |train ent: 0.00622 |train ent ravg: 0.02172 |train acc:  1.00000 |train acc ravg:  0.99830 |val ent: 0.74727 |val entravg: 2.15798 |val acc:  0.75000 |val acc ravg:  0.65909 |
|epoch: 371 | lr: 0.010 |train ent: 0.01714 |train ent ravg: 0.01533 |train acc:  0.99716 |train acc ravg:  0.99943 |val ent: 1.11722 |val entravg: 1.53882 |val acc:  0.63636 |val acc ravg:  0.67727 |
|epoch: 372 | lr: 0.010 |train ent: 0.02435 |train ent ravg: 0.01659 |train acc:  0.99432 |train acc ravg:  0.99830 |val ent: 1.65680 |val entravg: 1.67715 |val acc:  0.46591 |val acc ravg:  0.64091 |
|epoch: 373 | lr: 0.010 |train ent: 0.13456 |train ent ravg: 0.03831 |train acc:  0.93466 |train acc ravg:  0.98523 |val ent: 2.23283 |val entravg: 1.19946 |val acc:  0.51136 |val acc ravg:  0.65455 |
|epoch: 374 | lr: 0.010 |train ent: 0.05194 |train ent ravg: 0.04684 |train acc:  0.98011 |train acc ravg:  0.98125 |val ent: 0.42126 |val entravg: 1.23508 |val acc:  0.75000 |val acc ravg:  0.62273 |
|epoch: 375 | lr: 0.010 |train ent: 0.03268 |train ent ravg: 0.05213 |train acc:  0.99148 |train acc ravg:  0.97955 |val ent: 1.35501 |val entravg: 1.35662 |val acc:  0.54545 |val acc ravg:  0.58182 |
|epoch: 376 | lr: 0.010 |train ent: 0.04605 |train ent ravg: 0.05792 |train acc:  0.98580 |train acc ravg:  0.97727 |val ent: 1.64211 |val entravg: 1.46160 |val acc:  0.46591 |val acc ravg:  0.54773 |
|epoch: 377 | lr: 0.010 |train ent: 0.07774 |train ent ravg: 0.06859 |train acc:  0.97443 |train acc ravg:  0.97330 |val ent: 6.28857 |val entravg: 2.38796 |val acc:  0.45455 |val acc ravg:  0.54545 |
|epoch: 378 | lr: 0.010 |train ent: 0.05896 |train ent ravg: 0.05347 |train acc:  0.97727 |train acc ravg:  0.98182 |val ent: 0.20439 |val entravg: 1.98227 |val acc:  0.89773 |val acc ravg:  0.62273 |
|epoch: 379 | lr: 0.010 |train ent: 0.03938 |train ent ravg: 0.05096 |train acc:  0.98864 |train acc ravg:  0.98352 |val ent: 0.42079 |val entravg: 1.98218 |val acc:  0.79545 |val acc ravg:  0.63182 |
|epoch: 380 | lr: 0.010 |train ent: 0.06467 |train ent ravg: 0.05736 |train acc:  0.97727 |train acc ravg:  0.98068 |val ent: 1.79255 |val entravg: 2.06968 |val acc:  0.55682 |val acc ravg:  0.63409 |
|epoch: 381 | lr: 0.010 |train ent: 0.02394 |train ent ravg: 0.05294 |train acc:  0.99716 |train acc ravg:  0.98295 |val ent: 0.22584 |val entravg: 1.78643 |val acc:  0.88636 |val acc ravg:  0.71818 |
|epoch: 382 | lr: 0.010 |train ent: 0.01182 |train ent ravg: 0.03975 |train acc:  0.99716 |train acc ravg:  0.98750 |val ent: 0.22986 |val entravg: 0.57469 |val acc:  0.89773 |val acc ravg:  0.80682 |
|epoch: 383 | lr: 0.010 |train ent: 0.01854 |train ent ravg: 0.03167 |train acc:  0.99432 |train acc ravg:  0.99091 |val ent: 0.71480 |val entravg: 0.67677 |val acc:  0.77273 |val acc ravg:  0.78182 |
|epoch: 384 | lr: 0.010 |train ent: 0.02718 |train ent ravg: 0.02923 |train acc:  0.99716 |train acc ravg:  0.99261 |val ent: 0.58520 |val entravg: 0.70965 |val acc:  0.71591 |val acc ravg:  0.76591 |
|epoch: 385 | lr: 0.010 |train ent: 0.00938 |train ent ravg: 0.01817 |train acc:  1.00000 |train acc ravg:  0.99716 |val ent: 0.56706 |val entravg: 0.46455 |val acc:  0.78409 |val acc ravg:  0.81136 |
|epoch: 386 | lr: 0.010 |train ent: 0.00660 |train ent ravg: 0.01470 |train acc:  1.00000 |train acc ravg:  0.99773 |val ent: 0.52476 |val entravg: 0.52434 |val acc:  0.78409 |val acc ravg:  0.79091 |
|epoch: 387 | lr: 0.010 |train ent: 0.00447 |train ent ravg: 0.01323 |train acc:  1.00000 |train acc ravg:  0.99830 |val ent: 0.70689 |val entravg: 0.61974 |val acc:  0.72727 |val acc ravg:  0.75682 |
|epoch: 388 | lr: 0.010 |train ent: 0.01264 |train ent ravg: 0.01205 |train acc:  0.99716 |train acc ravg:  0.99886 |val ent: 0.83572 |val entravg: 0.64393 |val acc:  0.68182 |val acc ravg:  0.73864 |
|epoch: 389 | lr: 0.010 |train ent: 0.01109 |train ent ravg: 0.00884 |train acc:  1.00000 |train acc ravg:  0.99943 |val ent: 0.89894 |val entravg: 0.70668 |val acc:  0.68182 |val acc ravg:  0.73182 |
|epoch: 390 | lr: 0.010 |train ent: 0.00692 |train ent ravg: 0.00834 |train acc:  1.00000 |train acc ravg:  0.99943 |val ent: 0.19667 |val entravg: 0.63260 |val acc:  0.93182 |val acc ravg:  0.76136 |
|epoch: 391 | lr: 0.010 |train ent: 0.01633 |train ent ravg: 0.01029 |train acc:  0.99716 |train acc ravg:  0.99886 |val ent: 2.10715 |val entravg: 0.94907 |val acc:  0.48864 |val acc ravg:  0.70227 |
|epoch: 392 | lr: 0.010 |train ent: 0.01359 |train ent ravg: 0.01212 |train acc:  1.00000 |train acc ravg:  0.99886 |val ent: 0.53791 |val entravg: 0.91528 |val acc:  0.79545 |val acc ravg:  0.71591 |
|epoch: 393 | lr: 0.010 |train ent: 0.00503 |train ent ravg: 0.01059 |train acc:  1.00000 |train acc ravg:  0.99943 |val ent: 0.59924 |val entravg: 0.86798 |val acc:  0.79545 |val acc ravg:  0.73864 |
|epoch: 394 | lr: 0.010 |train ent: 0.00636 |train ent ravg: 0.00965 |train acc:  1.00000 |train acc ravg:  0.99943 |val ent: 0.20164 |val entravg: 0.72852 |val acc:  0.88636 |val acc ravg:  0.77955 |
|epoch: 395 | lr: 0.010 |train ent: 0.00760 |train ent ravg: 0.00978 |train acc:  1.00000 |train acc ravg:  0.99943 |val ent: 0.80402 |val entravg: 0.84999 |val acc:  0.63636 |val acc ravg:  0.72045 |
|epoch: 396 | lr: 0.010 |train ent: 0.00448 |train ent ravg: 0.00741 |train acc:  1.00000 |train acc ravg:  1.00000 |val ent: 0.20994 |val entravg: 0.47055 |val acc:  0.89773 |val acc ravg:  0.80227 |
|epoch: 397 | lr: 0.010 |train ent: 0.00460 |train ent ravg: 0.00561 |train acc:  1.00000 |train acc ravg:  1.00000 |val ent: 0.48452 |val entravg: 0.45987 |val acc:  0.72727 |val acc ravg:  0.78864 |
|epoch: 398 | lr: 0.010 |train ent: 0.00461 |train ent ravg: 0.00553 |train acc:  1.00000 |train acc ravg:  1.00000 |val ent: 0.33145 |val entravg: 0.40631 |val acc:  0.86364 |val acc ravg:  0.80227 |
|epoch: 399 | lr: 0.010 |train ent: 0.00634 |train ent ravg: 0.00553 |train acc:  1.00000 |train acc ravg:  1.00000 |val ent: 0.19390 |val entravg: 0.40477 |val acc:  0.89773 |val acc ravg:  0.80455 |
|epoch: 400 | lr: 0.010 |train ent: 0.00548 |train ent ravg: 0.00510 |train acc:  1.00000 |train acc ravg:  1.00000 |val ent: 0.30410 |val entravg: 0.30478 |val acc:  0.89773 |val acc ravg:  0.85682 |
|epoch: 401 | lr: 0.010 |train ent: 0.00354 |train ent ravg: 0.00492 |train acc:  1.00000 |train acc ravg:  1.00000 |val ent: 0.26376 |val entravg: 0.31555 |val acc:  0.87500 |val acc ravg:  0.85227 |
|epoch: 402 | lr: 0.010 |train ent: 0.00265 |train ent ravg: 0.00453 |train acc:  1.00000 |train acc ravg:  1.00000 |val ent: 0.21308 |val entravg: 0.26126 |val acc:  0.88636 |val acc ravg:  0.88409 |
|epoch: 403 | lr: 0.010 |train ent: 0.00273 |train ent ravg: 0.00415 |train acc:  1.00000 |train acc ravg:  1.00000 |val ent: 0.25058 |val entravg: 0.24508 |val acc:  0.87500 |val acc ravg:  0.88636 |
|epoch: 404 | lr: 0.010 |train ent: 0.00296 |train ent ravg: 0.00347 |train acc:  1.00000 |train acc ravg:  1.00000 |val ent: 0.22564 |val entravg: 0.25143 |val acc:  0.90909 |val acc ravg:  0.88864 |
|epoch: 405 | lr: 0.010 |train ent: 0.00479 |train ent ravg: 0.00334 |train acc:  1.00000 |train acc ravg:  1.00000 |val ent: 0.33205 |val entravg: 0.25702 |val acc:  0.86364 |val acc ravg:  0.88182 |
|epoch: 406 | lr: 0.010 |train ent: 0.00514 |train ent ravg: 0.00366 |train acc:  1.00000 |train acc ravg:  1.00000 |val ent: 0.23844 |val entravg: 0.25196 |val acc:  0.87500 |val acc ravg:  0.88182 |
|epoch: 407 | lr: 0.010 |train ent: 0.00408 |train ent ravg: 0.00394 |train acc:  1.00000 |train acc ravg:  1.00000 |val ent: 0.20138 |val entravg: 0.24962 |val acc:  0.93182 |val acc ravg:  0.89091 |
