------------------------------------------------
Job ID: 39999680
Run on host: compg026.hpc.in.bmrc.ox.ac.uk
Operating system: Linux
Username: lhw539
Started at: Thu Mar 18 05:47:47 GMT 2021
------------------------------------------------
Loading share 1.00 train data.
Loading share 1.00   val data.
Load model for sex - run: 0
Number of GPUs:  2
Epoch decay:  10
Gamma decay:  0.1

Full model is being trained with weights loaded from pre-trained model.
Start:  2021-03-18 05:47:53.695420
----------------------------------------------------------------------------------------------------------------------------------------------------------------
|epoch:   0 | lr: 0.100 |train kld: 2.18505 |train kld ravg: 2.18505 |train mae:  6.17451 |train mae ravg:  6.17451 |val kld: 2.29293 |val kldravg: 2.29293 |val mae:  7.39430 |val mae ravg:  7.39430 |
|epoch:   1 | lr: 0.100 |train kld: 2.09032 |train kld ravg: 2.13768 |train mae:  6.24996 |train mae ravg:  6.21223 |val kld: 2.29867 |val kldravg: 2.29580 |val mae:  7.55701 |val mae ravg:  7.47565 |
|epoch:   2 | lr: 0.100 |train kld: 2.05381 |train kld ravg: 2.10972 |train mae:  6.10554 |train mae ravg:  6.17667 |val kld: 2.25633 |val kldravg: 2.28264 |val mae:  7.36225 |val mae ravg:  7.43785 |
|epoch:   3 | lr: 0.100 |train kld: 2.08175 |train kld ravg: 2.10273 |train mae:  6.23262 |train mae ravg:  6.19065 |val kld: 2.20488 |val kldravg: 2.26320 |val mae:  7.14596 |val mae ravg:  7.36488 |
|epoch:   4 | lr: 0.100 |train kld: 2.04032 |train kld ravg: 2.09025 |train mae:  6.11779 |train mae ravg:  6.17608 |val kld: 2.26543 |val kldravg: 2.26365 |val mae:  7.50081 |val mae ravg:  7.39207 |
|epoch:   5 | lr: 0.100 |train kld: 2.05325 |train kld ravg: 2.06389 |train mae:  6.18612 |train mae ravg:  6.17840 |val kld: 2.24518 |val kldravg: 2.25410 |val mae:  7.34872 |val mae ravg:  7.38295 |
|epoch:   6 | lr: 0.100 |train kld: 2.06469 |train kld ravg: 2.05876 |train mae:  6.18410 |train mae ravg:  6.16523 |val kld: 2.24979 |val kldravg: 2.24432 |val mae:  7.26333 |val mae ravg:  7.32422 |
|epoch:   7 | lr: 0.100 |train kld: 2.07232 |train kld ravg: 2.06247 |train mae:  6.19642 |train mae ravg:  6.18341 |val kld: 2.25781 |val kldravg: 2.24462 |val mae:  7.56985 |val mae ravg:  7.36574 |
|epoch:   8 | lr: 0.100 |train kld: 2.08180 |train kld ravg: 2.06248 |train mae:  6.17781 |train mae ravg:  6.17245 |val kld: 2.23317 |val kldravg: 2.25028 |val mae:  7.38648 |val mae ravg:  7.41384 |
|epoch:   9 | lr: 0.100 |train kld: 2.05168 |train kld ravg: 2.06475 |train mae:  6.18512 |train mae ravg:  6.18591 |val kld: 2.25759 |val kldravg: 2.24871 |val mae:  7.36426 |val mae ravg:  7.38653 |
|epoch:  10 | lr: 0.010 |train kld: 2.03559 |train kld ravg: 2.06121 |train mae:  6.17160 |train mae ravg:  6.18301 |val kld: 2.24473 |val kldravg: 2.24862 |val mae:  7.30022 |val mae ravg:  7.37683 |
|epoch:  11 | lr: 0.010 |train kld: 2.01770 |train kld ravg: 2.05182 |train mae:  6.15822 |train mae ravg:  6.17783 |val kld: 2.25121 |val kldravg: 2.24890 |val mae:  7.27098 |val mae ravg:  7.37836 |
|epoch:  12 | lr: 0.010 |train kld: 2.01986 |train kld ravg: 2.04132 |train mae:  6.13847 |train mae ravg:  6.16624 |val kld: 2.25507 |val kldravg: 2.24835 |val mae:  7.46570 |val mae ravg:  7.35753 |
|epoch:  13 | lr: 0.010 |train kld: 2.02516 |train kld ravg: 2.03000 |train mae:  6.23190 |train mae ravg:  6.17706 |val kld: 2.25288 |val kldravg: 2.25229 |val mae:  7.38747 |val mae ravg:  7.35772 |
|epoch:  14 | lr: 0.010 |train kld: 1.99347 |train kld ravg: 2.01836 |train mae:  6.08433 |train mae ravg:  6.15691 |val kld: 2.25168 |val kldravg: 2.25111 |val mae:  7.45423 |val mae ravg:  7.37572 |
|epoch:  15 | lr: 0.010 |train kld: 2.03000 |train kld ravg: 2.01724 |train mae:  6.21755 |train mae ravg:  6.16609 |val kld: 2.24649 |val kldravg: 2.25146 |val mae:  7.31622 |val mae ravg:  7.37892 |
|epoch:  16 | lr: 0.010 |train kld: 2.02087 |train kld ravg: 2.01787 |train mae:  6.24465 |train mae ravg:  6.18338 |val kld: 2.24583 |val kldravg: 2.25039 |val mae:  7.34367 |val mae ravg:  7.39346 |
|epoch:  17 | lr: 0.010 |train kld: 2.01247 |train kld ravg: 2.01639 |train mae:  6.19194 |train mae ravg:  6.19408 |val kld: 2.21927 |val kldravg: 2.24323 |val mae:  7.27278 |val mae ravg:  7.35487 |
|epoch:  18 | lr: 0.010 |train kld: 2.01245 |train kld ravg: 2.01385 |train mae:  6.14784 |train mae ravg:  6.17726 |val kld: 2.24540 |val kldravg: 2.24173 |val mae:  7.52650 |val mae ravg:  7.38268 |
|epoch:  19 | lr: 0.010 |train kld: 2.01581 |train kld ravg: 2.01832 |train mae:  6.16934 |train mae ravg:  6.19426 |val kld: 2.20420 |val kldravg: 2.23224 |val mae:  7.21828 |val mae ravg:  7.33549 |
|epoch:  20 | lr: 0.001 |train kld: 2.01920 |train kld ravg: 2.01616 |train mae:  6.20766 |train mae ravg:  6.19228 |val kld: 2.24887 |val kldravg: 2.23271 |val mae:  7.56025 |val mae ravg:  7.38430 |
|epoch:  21 | lr: 0.001 |train kld: 1.99410 |train kld ravg: 2.01081 |train mae:  6.20957 |train mae ravg:  6.18527 |val kld: 2.21910 |val kldravg: 2.22737 |val mae:  7.37120 |val mae ravg:  7.38980 |
|epoch:  22 | lr: 0.001 |train kld: 2.01989 |train kld ravg: 2.01229 |train mae:  6.20310 |train mae ravg:  6.18750 |val kld: 2.22166 |val kldravg: 2.22785 |val mae:  7.33926 |val mae ravg:  7.40310 |
|epoch:  23 | lr: 0.001 |train kld: 1.98980 |train kld ravg: 2.00776 |train mae:  6.13154 |train mae ravg:  6.18424 |val kld: 2.19667 |val kldravg: 2.21810 |val mae:  7.21311 |val mae ravg:  7.34042 |
|epoch:  24 | lr: 0.001 |train kld: 1.99075 |train kld ravg: 2.00275 |train mae:  6.10305 |train mae ravg:  6.17098 |val kld: 2.21178 |val kldravg: 2.21962 |val mae:  7.26913 |val mae ravg:  7.35059 |
|epoch:  25 | lr: 0.001 |train kld: 2.01630 |train kld ravg: 2.00217 |train mae:  6.21759 |train mae ravg:  6.17297 |val kld: 2.23094 |val kldravg: 2.21603 |val mae:  7.39426 |val mae ravg:  7.31739 |
|epoch:  26 | lr: 0.001 |train kld: 2.00450 |train kld ravg: 2.00425 |train mae:  6.21532 |train mae ravg:  6.17412 |val kld: 2.22636 |val kldravg: 2.21748 |val mae:  7.32136 |val mae ravg:  7.30742 |
|epoch:  27 | lr: 0.001 |train kld: 2.00013 |train kld ravg: 2.00030 |train mae:  6.16334 |train mae ravg:  6.16617 |val kld: 2.21312 |val kldravg: 2.21578 |val mae:  7.32358 |val mae ravg:  7.30429 |
|epoch:  28 | lr: 0.001 |train kld: 1.98582 |train kld ravg: 1.99950 |train mae:  6.10755 |train mae ravg:  6.16137 |val kld: 2.23269 |val kldravg: 2.22298 |val mae:  7.37903 |val mae ravg:  7.33747 |
|epoch:  29 | lr: 0.001 |train kld: 2.01141 |train kld ravg: 2.00363 |train mae:  6.18817 |train mae ravg:  6.17840 |val kld: 2.20969 |val kldravg: 2.22256 |val mae:  7.26272 |val mae ravg:  7.33619 |
|epoch:  30 | lr: 0.000 |train kld: 1.99490 |train kld ravg: 1.99935 |train mae:  6.19776 |train mae ravg:  6.17443 |val kld: 2.22113 |val kldravg: 2.22060 |val mae:  7.29787 |val mae ravg:  7.31691 |
|epoch:  31 | lr: 0.000 |train kld: 2.00796 |train kld ravg: 2.00004 |train mae:  6.16395 |train mae ravg:  6.16416 |val kld: 2.22713 |val kldravg: 2.22075 |val mae:  7.32426 |val mae ravg:  7.31749 |
|epoch:  32 | lr: 0.000 |train kld: 2.01074 |train kld ravg: 2.00216 |train mae:  6.18639 |train mae ravg:  6.16877 |val kld: 2.22334 |val kldravg: 2.22279 |val mae:  7.26536 |val mae ravg:  7.30585 |
|epoch:  33 | lr: 0.000 |train kld: 2.00333 |train kld ravg: 2.00567 |train mae:  6.19324 |train mae ravg:  6.18590 |val kld: 2.21932 |val kldravg: 2.22012 |val mae:  7.27157 |val mae ravg:  7.28436 |
|epoch:  34 | lr: 0.000 |train kld: 2.00635 |train kld ravg: 2.00465 |train mae:  6.16484 |train mae ravg:  6.18124 |val kld: 2.24526 |val kldravg: 2.22724 |val mae:  7.46552 |val mae ravg:  7.32491 |
|epoch:  35 | lr: 0.000 |train kld: 1.99974 |train kld ravg: 2.00562 |train mae:  6.18875 |train mae ravg:  6.17944 |val kld: 2.18780 |val kldravg: 2.22057 |val mae:  7.13837 |val mae ravg:  7.29301 |
|epoch:  36 | lr: 0.000 |train kld: 2.00524 |train kld ravg: 2.00508 |train mae:  6.17225 |train mae ravg:  6.18110 |val kld: 2.20187 |val kldravg: 2.21552 |val mae:  7.18261 |val mae ravg:  7.26468 |
|epoch:  37 | lr: 0.000 |train kld: 1.97801 |train kld ravg: 1.99853 |train mae:  6.08242 |train mae ravg:  6.16030 |val kld: 2.22666 |val kldravg: 2.21618 |val mae:  7.32826 |val mae ravg:  7.27726 |
|epoch:  38 | lr: 0.000 |train kld: 1.99920 |train kld ravg: 1.99771 |train mae:  6.14954 |train mae ravg:  6.15156 |val kld: 2.22260 |val kldravg: 2.21684 |val mae:  7.28122 |val mae ravg:  7.27920 |
|epoch:  39 | lr: 0.000 |train kld: 2.00419 |train kld ravg: 1.99728 |train mae:  6.13295 |train mae ravg:  6.14518 |val kld: 2.22388 |val kldravg: 2.21256 |val mae:  7.38180 |val mae ravg:  7.26245 |
|epoch:  40 | lr: 0.000 |train kld: 2.00883 |train kld ravg: 1.99909 |train mae:  6.20473 |train mae ravg:  6.14838 |val kld: 2.24813 |val kldravg: 2.22463 |val mae:  7.54957 |val mae ravg:  7.34469 |
|epoch:  41 | lr: 0.000 |train kld: 1.99571 |train kld ravg: 1.99719 |train mae:  6.15951 |train mae ravg:  6.14583 |val kld: 2.20753 |val kldravg: 2.22576 |val mae:  7.23584 |val mae ravg:  7.35534 |
|epoch:  42 | lr: 0.000 |train kld: 2.00675 |train kld ravg: 2.00294 |train mae:  6.19815 |train mae ravg:  6.16898 |val kld: 2.24713 |val kldravg: 2.22985 |val mae:  7.39083 |val mae ravg:  7.36785 |
|epoch:  43 | lr: 0.000 |train kld: 1.99412 |train kld ravg: 2.00192 |train mae:  6.17864 |train mae ravg:  6.17480 |val kld: 2.23896 |val kldravg: 2.23312 |val mae:  7.39806 |val mae ravg:  7.39122 |
|epoch:  44 | lr: 0.000 |train kld: 2.00991 |train kld ravg: 2.00306 |train mae:  6.21773 |train mae ravg:  6.19175 |val kld: 2.24847 |val kldravg: 2.23804 |val mae:  7.47442 |val mae ravg:  7.40975 |
|epoch:  45 | lr: 0.000 |train kld: 2.00297 |train kld ravg: 2.00189 |train mae:  6.18465 |train mae ravg:  6.18774 |val kld: 2.23192 |val kldravg: 2.23480 |val mae:  7.41757 |val mae ravg:  7.38335 |
|epoch:  46 | lr: 0.000 |train kld: 1.99382 |train kld ravg: 2.00151 |train mae:  6.19139 |train mae ravg:  6.19411 |val kld: 2.19857 |val kldravg: 2.23301 |val mae:  7.19463 |val mae ravg:  7.37510 |
|epoch:  47 | lr: 0.000 |train kld: 2.00960 |train kld ravg: 2.00208 |train mae:  6.09966 |train mae ravg:  6.17441 |val kld: 2.24290 |val kldravg: 2.23216 |val mae:  7.38607 |val mae ravg:  7.37415 |
|epoch:  48 | lr: 0.000 |train kld: 1.99771 |train kld ravg: 2.00280 |train mae:  6.14299 |train mae ravg:  6.16728 |val kld: 2.25428 |val kldravg: 2.23523 |val mae:  7.51044 |val mae ravg:  7.39663 |
|epoch:  49 | lr: 0.000 |train kld: 2.00632 |train kld ravg: 2.00209 |train mae:  6.18940 |train mae ravg:  6.16162 |val kld: 2.21811 |val kldravg: 2.22915 |val mae:  7.28261 |val mae ravg:  7.35826 |
|epoch:  50 | lr: 0.000 |train kld: 2.00105 |train kld ravg: 2.00170 |train mae:  6.21346 |train mae ravg:  6.16738 |val kld: 2.22570 |val kldravg: 2.22791 |val mae:  7.34418 |val mae ravg:  7.34359 |
|epoch:  51 | lr: 0.000 |train kld: 2.00005 |train kld ravg: 2.00295 |train mae:  6.16577 |train mae ravg:  6.16226 |val kld: 2.19444 |val kldravg: 2.22708 |val mae:  7.30006 |val mae ravg:  7.36467 |
|epoch:  52 | lr: 0.000 |train kld: 1.99701 |train kld ravg: 2.00043 |train mae:  6.14650 |train mae ravg:  6.17162 |val kld: 2.20031 |val kldravg: 2.21857 |val mae:  7.27021 |val mae ravg:  7.34150 |
|epoch:  53 | lr: 0.000 |train kld: 2.00802 |train kld ravg: 2.00249 |train mae:  6.21894 |train mae ravg:  6.18681 |val kld: 2.23437 |val kldravg: 2.21459 |val mae:  7.45346 |val mae ravg:  7.33011 |
|epoch:  54 | lr: 0.000 |train kld: 1.99408 |train kld ravg: 2.00004 |train mae:  6.13782 |train mae ravg:  6.17650 |val kld: 2.20134 |val kldravg: 2.21123 |val mae:  7.15968 |val mae ravg:  7.30552 |
|epoch:  55 | lr: 0.000 |train kld: 1.99956 |train kld ravg: 1.99974 |train mae:  6.20223 |train mae ravg:  6.17425 |val kld: 2.20824 |val kldravg: 2.20774 |val mae:  7.20967 |val mae ravg:  7.27862 |
|epoch:  56 | lr: 0.000 |train kld: 2.00886 |train kld ravg: 2.00151 |train mae:  6.18607 |train mae ravg:  6.17831 |val kld: 2.24597 |val kldravg: 2.21805 |val mae:  7.50879 |val mae ravg:  7.32036 |
|epoch:  57 | lr: 0.000 |train kld: 2.00154 |train kld ravg: 2.00241 |train mae:  6.15652 |train mae ravg:  6.18031 |val kld: 2.22519 |val kldravg: 2.22302 |val mae:  7.34382 |val mae ravg:  7.33509 |
|epoch:  58 | lr: 0.000 |train kld: 2.00204 |train kld ravg: 2.00122 |train mae:  6.11987 |train mae ravg:  6.16050 |val kld: 2.25109 |val kldravg: 2.22637 |val mae:  7.47289 |val mae ravg:  7.33897 |
|epoch:  59 | lr: 0.000 |train kld: 2.01314 |train kld ravg: 2.00503 |train mae:  6.20190 |train mae ravg:  6.17332 |val kld: 2.22929 |val kldravg: 2.23196 |val mae:  7.38375 |val mae ravg:  7.38378 |
|epoch:  60 | lr: 0.000 |train kld: 2.00178 |train kld ravg: 2.00547 |train mae:  6.21140 |train mae ravg:  6.17515 |val kld: 2.23229 |val kldravg: 2.23677 |val mae:  7.46969 |val mae ravg:  7.43579 |
|epoch:  61 | lr: 0.000 |train kld: 2.00406 |train kld ravg: 2.00451 |train mae:  6.18222 |train mae ravg:  6.17438 |val kld: 2.20458 |val kldravg: 2.22849 |val mae:  7.10870 |val mae ravg:  7.35577 |
|epoch:  62 | lr: 0.000 |train kld: 2.00177 |train kld ravg: 2.00456 |train mae:  6.14157 |train mae ravg:  6.17139 |val kld: 2.22685 |val kldravg: 2.22882 |val mae:  7.41367 |val mae ravg:  7.36974 |
|epoch:  63 | lr: 0.000 |train kld: 2.00676 |train kld ravg: 2.00550 |train mae:  6.16560 |train mae ravg:  6.18054 |val kld: 2.19593 |val kldravg: 2.21779 |val mae:  7.21026 |val mae ravg:  7.31721 |
|epoch:  64 | lr: 0.000 |train kld: 1.99664 |train kld ravg: 2.00220 |train mae:  6.18436 |train mae ravg:  6.17703 |val kld: 2.22829 |val kldravg: 2.21759 |val mae:  7.35783 |val mae ravg:  7.31203 |
|epoch:  65 | lr: 0.000 |train kld: 2.00074 |train kld ravg: 2.00199 |train mae:  6.19264 |train mae ravg:  6.17328 |val kld: 2.25576 |val kldravg: 2.22228 |val mae:  7.48919 |val mae ravg:  7.31593 |
|epoch:  66 | lr: 0.000 |train kld: 2.01279 |train kld ravg: 2.00374 |train mae:  6.18776 |train mae ravg:  6.17439 |val kld: 2.23201 |val kldravg: 2.22777 |val mae:  7.41545 |val mae ravg:  7.37728 |
|epoch:  67 | lr: 0.000 |train kld: 1.99727 |train kld ravg: 2.00284 |train mae:  6.14790 |train mae ravg:  6.17565 |val kld: 2.22174 |val kldravg: 2.22674 |val mae:  7.33898 |val mae ravg:  7.36234 |
|epoch:  68 | lr: 0.000 |train kld: 2.00735 |train kld ravg: 2.00296 |train mae:  6.17439 |train mae ravg:  6.17741 |val kld: 2.23319 |val kldravg: 2.23420 |val mae:  7.38001 |val mae ravg:  7.39629 |
|epoch:  69 | lr: 0.000 |train kld: 1.99516 |train kld ravg: 2.00266 |train mae:  6.15104 |train mae ravg:  6.17075 |val kld: 2.25014 |val kldravg: 2.23857 |val mae:  7.45939 |val mae ravg:  7.41661 |
|epoch:  70 | lr: 0.000 |train kld: 1.99197 |train kld ravg: 2.00091 |train mae:  6.18381 |train mae ravg:  6.16898 |val kld: 2.23450 |val kldravg: 2.23432 |val mae:  7.33387 |val mae ravg:  7.38554 |
|epoch:  71 | lr: 0.000 |train kld: 2.00938 |train kld ravg: 2.00023 |train mae:  6.17192 |train mae ravg:  6.16581 |val kld: 2.22563 |val kldravg: 2.23304 |val mae:  7.33186 |val mae ravg:  7.36882 |
|epoch:  72 | lr: 0.000 |train kld: 2.01825 |train kld ravg: 2.00442 |train mae:  6.18645 |train mae ravg:  6.17352 |val kld: 2.23650 |val kldravg: 2.23599 |val mae:  7.41493 |val mae ravg:  7.38401 |
|epoch:  73 | lr: 0.000 |train kld: 2.00580 |train kld ravg: 2.00411 |train mae:  6.16207 |train mae ravg:  6.17106 |val kld: 2.22890 |val kldravg: 2.23513 |val mae:  7.33874 |val mae ravg:  7.37576 |
|epoch:  74 | lr: 0.000 |train kld: 2.00944 |train kld ravg: 2.00697 |train mae:  6.20429 |train mae ravg:  6.18171 |val kld: 2.24023 |val kldravg: 2.23315 |val mae:  7.46379 |val mae ravg:  7.37664 |
|epoch:  75 | lr: 0.000 |train kld: 1.99862 |train kld ravg: 2.00830 |train mae:  6.15786 |train mae ravg:  6.17652 |val kld: 2.22562 |val kldravg: 2.23138 |val mae:  7.43674 |val mae ravg:  7.39721 |
|epoch:  76 | lr: 0.000 |train kld: 2.00225 |train kld ravg: 2.00687 |train mae:  6.15396 |train mae ravg:  6.17293 |val kld: 2.25641 |val kldravg: 2.23753 |val mae:  7.50786 |val mae ravg:  7.43241 |
|epoch:  77 | lr: 0.000 |train kld: 1.99799 |train kld ravg: 2.00282 |train mae:  6.13300 |train mae ravg:  6.16224 |val kld: 2.21609 |val kldravg: 2.23345 |val mae:  7.22059 |val mae ravg:  7.39355 |
|epoch:  78 | lr: 0.000 |train kld: 2.00297 |train kld ravg: 2.00225 |train mae:  6.22765 |train mae ravg:  6.17535 |val kld: 2.23876 |val kldravg: 2.23542 |val mae:  7.35669 |val mae ravg:  7.39713 |
|epoch:  79 | lr: 0.000 |train kld: 2.01254 |train kld ravg: 2.00287 |train mae:  6.19750 |train mae ravg:  6.17399 |val kld: 2.21193 |val kldravg: 2.22976 |val mae:  7.18427 |val mae ravg:  7.34123 |
|epoch:  80 | lr: 0.000 |train kld: 1.99973 |train kld ravg: 2.00309 |train mae:  6.18866 |train mae ravg:  6.18015 |val kld: 2.16868 |val kldravg: 2.21837 |val mae:  7.02943 |val mae ravg:  7.25977 |
|epoch:  81 | lr: 0.000 |train kld: 2.00292 |train kld ravg: 2.00323 |train mae:  6.17979 |train mae ravg:  6.18532 |val kld: 2.23538 |val kldravg: 2.21417 |val mae:  7.36213 |val mae ravg:  7.23062 |
|epoch:  82 | lr: 0.000 |train kld: 1.99745 |train kld ravg: 2.00312 |train mae:  6.14348 |train mae ravg:  6.18741 |val kld: 2.24578 |val kldravg: 2.22011 |val mae:  7.46253 |val mae ravg:  7.27901 |
|epoch:  83 | lr: 0.000 |train kld: 1.99233 |train kld ravg: 2.00099 |train mae:  6.19222 |train mae ravg:  6.18033 |val kld: 2.24460 |val kldravg: 2.22127 |val mae:  7.47975 |val mae ravg:  7.30362 |
|epoch:  84 | lr: 0.000 |train kld: 2.00741 |train kld ravg: 1.99997 |train mae:  6.22462 |train mae ravg:  6.18575 |val kld: 2.21315 |val kldravg: 2.22152 |val mae:  7.25514 |val mae ravg:  7.31779 |
|epoch:  85 | lr: 0.000 |train kld: 1.99069 |train kld ravg: 1.99816 |train mae:  6.14765 |train mae ravg:  6.17755 |val kld: 2.23381 |val kldravg: 2.23454 |val mae:  7.43475 |val mae ravg:  7.39886 |
|epoch:  86 | lr: 0.000 |train kld: 1.98447 |train kld ravg: 1.99447 |train mae:  6.12448 |train mae ravg:  6.16649 |val kld: 2.22876 |val kldravg: 2.23322 |val mae:  7.41628 |val mae ravg:  7.40969 |
|epoch:  87 | lr: 0.000 |train kld: 1.99447 |train kld ravg: 1.99387 |train mae:  6.17096 |train mae ravg:  6.17199 |val kld: 2.21765 |val kldravg: 2.22759 |val mae:  7.31510 |val mae ravg:  7.38020 |
|epoch:  88 | lr: 0.000 |train kld: 1.99642 |train kld ravg: 1.99469 |train mae:  6.16705 |train mae ravg:  6.16695 |val kld: 2.23945 |val kldravg: 2.22656 |val mae:  7.48045 |val mae ravg:  7.38034 |
|epoch:  89 | lr: 0.000 |train kld: 2.00573 |train kld ravg: 1.99436 |train mae:  6.19628 |train mae ravg:  6.16128 |val kld: 2.22234 |val kldravg: 2.22840 |val mae:  7.28479 |val mae ravg:  7.38628 |
|epoch:  90 | lr: 0.000 |train kld: 2.00285 |train kld ravg: 1.99679 |train mae:  6.18590 |train mae ravg:  6.16893 |val kld: 2.23174 |val kldravg: 2.22799 |val mae:  7.30230 |val mae ravg:  7.35979 |
|epoch:  91 | lr: 0.000 |train kld: 1.98246 |train kld ravg: 1.99639 |train mae:  6.17803 |train mae ravg:  6.17964 |val kld: 2.24252 |val kldravg: 2.23074 |val mae:  7.44166 |val mae ravg:  7.36486 |
|epoch:  92 | lr: 0.000 |train kld: 2.00222 |train kld ravg: 1.99794 |train mae:  6.14517 |train mae ravg:  6.17448 |val kld: 2.24120 |val kldravg: 2.23545 |val mae:  7.47700 |val mae ravg:  7.39724 |
|epoch:  93 | lr: 0.000 |train kld: 2.01129 |train kld ravg: 2.00091 |train mae:  6.18632 |train mae ravg:  6.17834 |val kld: 2.20336 |val kldravg: 2.22823 |val mae:  7.20989 |val mae ravg:  7.34313 |
|epoch:  94 | lr: 0.000 |train kld: 1.98627 |train kld ravg: 1.99702 |train mae:  6.13313 |train mae ravg:  6.16571 |val kld: 2.21862 |val kldravg: 2.22749 |val mae:  7.23625 |val mae ravg:  7.33342 |
|epoch:  95 | lr: 0.000 |train kld: 2.01379 |train kld ravg: 1.99921 |train mae:  6.24190 |train mae ravg:  6.17691 |val kld: 2.23673 |val kldravg: 2.22849 |val mae:  7.44798 |val mae ravg:  7.36256 |
|epoch:  96 | lr: 0.000 |train kld: 2.00866 |train kld ravg: 2.00444 |train mae:  6.16331 |train mae ravg:  6.17396 |val kld: 2.23216 |val kldravg: 2.22642 |val mae:  7.36439 |val mae ravg:  7.34710 |
|epoch:  97 | lr: 0.000 |train kld: 1.99909 |train kld ravg: 2.00382 |train mae:  6.19886 |train mae ravg:  6.18470 |val kld: 2.20268 |val kldravg: 2.21871 |val mae:  7.05857 |val mae ravg:  7.26342 |
|epoch:  98 | lr: 0.000 |train kld: 1.99353 |train kld ravg: 2.00027 |train mae:  6.16806 |train mae ravg:  6.18105 |val kld: 2.23024 |val kldravg: 2.22409 |val mae:  7.45435 |val mae ravg:  7.31231 |
|epoch:  99 | lr: 0.000 |train kld: 1.99144 |train kld ravg: 2.00130 |train mae:  6.11611 |train mae ravg:  6.17765 |val kld: 2.21715 |val kldravg: 2.22379 |val mae:  7.37596 |val mae ravg:  7.34025 |
----------------------------------------------------------------------------------------------------------------------------------------------------------------
Finished:  2021-03-18 06:35:17.245662

Correlation between train loss and evaluation: 0.261

----------------------------------------------------------------------------------------------------------------------------------------------------------------
Save configfile.
------------------------------------------------
Finished at: Thu Mar 18 06:35:18 GMT 2021
------------------------------------------------
