------------------------------------------------
Job ID: 33406875
Run on host: compg016.hpc.in.bmrc.ox.ac.uk
Operating system: Linux
Username: lhw539
Started at: Wed Jan 20 10:24:58 GMT 2021
------------------------------------------------
Running on the GPU
Succesfully loaded OASIS train data.
Succesfully loaded OASIS   val data.

Start training.
----------------------------------------------------------------------------------------------------------------------
------------------------------------------------
Job ID: 33407394
Run on host: compg016.hpc.in.bmrc.ox.ac.uk
Operating system: Linux
Username: lhw539
Started at: Wed Jan 20 10:29:51 GMT 2021
------------------------------------------------
Running on the GPU
Succesfully loaded OASIS train data.
Succesfully loaded OASIS   val data.

Start training.
----------------------------------------------------------------------------------------------------------------------
|epoch:   0 | lr: 0.010 |train loss: 2.56055 |train loss ravg: 2.56055 |train MAE:  6.21494 |train MAE ravg:  6.21494 |val loss: 2.43993 |val loss ravg: 2.43993 |val MAE:  7.37490 |val MAE ravg:  7.37490 |
|epoch:   1 | lr: 0.010 |train loss: 2.27978 |train loss ravg: 2.42017 |train MAE:  6.11125 |train MAE ravg:  6.16310 |val loss: 2.29487 |val loss ravg: 2.36740 |val MAE:  7.26754 |val MAE ravg:  7.32122 |
|epoch:   2 | lr: 0.010 |train loss: 2.19386 |train loss ravg: 2.34473 |train MAE:  6.09189 |train MAE ravg:  6.13936 |val loss: 2.25149 |val loss ravg: 2.32876 |val MAE:  7.27029 |val MAE ravg:  7.30424 |
|epoch:   3 | lr: 0.010 |train loss: 2.13171 |train loss ravg: 2.29148 |train MAE:  6.01929 |train MAE ravg:  6.10934 |val loss: 2.27220 |val loss ravg: 2.31462 |val MAE:  7.28126 |val MAE ravg:  7.29850 |
|epoch:   4 | lr: 0.010 |train loss: 2.07043 |train loss ravg: 2.24727 |train MAE:  5.90377 |train MAE ravg:  6.06823 |val loss: 2.27433 |val loss ravg: 2.30656 |val MAE:  7.22634 |val MAE ravg:  7.28407 |
|epoch:   5 | lr: 0.010 |train loss: 2.08854 |train loss ravg: 2.22081 |train MAE:  6.01972 |train MAE ravg:  6.06014 |val loss: 2.25407 |val loss ravg: 2.29781 |val MAE:  7.05237 |val MAE ravg:  7.24545 |
|epoch:   6 | lr: 0.010 |train loss: 2.06151 |train loss ravg: 2.19806 |train MAE:  5.92348 |train MAE ravg:  6.04062 |val loss: 2.22562 |val loss ravg: 2.28750 |val MAE:  7.19648 |val MAE ravg:  7.23846 |
|epoch:   7 | lr: 0.010 |train loss: 2.03540 |train loss ravg: 2.17772 |train MAE:  5.91444 |train MAE ravg:  6.02485 |val loss: 2.24313 |val loss ravg: 2.28195 |val MAE:  6.99243 |val MAE ravg:  7.20770 |
|epoch:   8 | lr: 0.010 |train loss: 2.02373 |train loss ravg: 2.16061 |train MAE:  5.83925 |train MAE ravg:  6.00423 |val loss: 2.19991 |val loss ravg: 2.27284 |val MAE:  7.09275 |val MAE ravg:  7.19493 |
|epoch:   9 | lr: 0.010 |train loss: 1.98578 |train loss ravg: 2.14313 |train MAE:  5.80104 |train MAE ravg:  5.98391 |val loss: 2.19528 |val loss ravg: 2.26508 |val MAE:  7.16200 |val MAE ravg:  7.19164 |
|epoch:  10 | lr: 0.010 |train loss: 2.01753 |train loss ravg: 2.13171 |train MAE:  5.85246 |train MAE ravg:  5.97196 |val loss: 2.41376 |val loss ravg: 2.27860 |val MAE:  7.92364 |val MAE ravg:  7.25818 |
|epoch:  11 | lr: 0.007 |train loss: 1.98365 |train loss ravg: 2.11937 |train MAE:  5.72712 |train MAE ravg:  5.95155 |val loss: 2.18951 |val loss ravg: 2.27117 |val MAE:  6.84524 |val MAE ravg:  7.22377 |
|epoch:  12 | lr: 0.007 |train loss: 2.01368 |train loss ravg: 2.11124 |train MAE:  5.81446 |train MAE ravg:  5.94101 |val loss: 2.45278 |val loss ravg: 2.28514 |val MAE:  6.99334 |val MAE ravg:  7.20605 |
|epoch:  13 | lr: 0.007 |train loss: 1.99952 |train loss ravg: 2.10326 |train MAE:  5.74066 |train MAE ravg:  5.92670 |val loss: 2.22870 |val loss ravg: 2.28111 |val MAE:  7.44945 |val MAE ravg:  7.22343 |
|epoch:  14 | lr: 0.007 |train loss: 1.98726 |train loss ravg: 2.09553 |train MAE:  5.85897 |train MAE ravg:  5.92218 |val loss: 2.16167 |val loss ravg: 2.27315 |val MAE:  6.65548 |val MAE ravg:  7.18557 |
|epoch:  15 | lr: 0.007 |train loss: 1.95207 |train loss ravg: 2.08656 |train MAE:  5.61246 |train MAE ravg:  5.90283 |val loss: 2.48186 |val loss ravg: 2.28619 |val MAE:  7.18710 |val MAE ravg:  7.18566 |
|epoch:  16 | lr: 0.007 |train loss: 1.93709 |train loss ravg: 2.07777 |train MAE:  5.56600 |train MAE ravg:  5.88301 |val loss: 2.15828 |val loss ravg: 2.27867 |val MAE:  6.95582 |val MAE ravg:  7.17214 |
|epoch:  17 | lr: 0.007 |train loss: 1.93579 |train loss ravg: 2.06988 |train MAE:  5.56540 |train MAE ravg:  5.86537 |val loss: 2.15785 |val loss ravg: 2.27196 |val MAE:  6.57422 |val MAE ravg:  7.13893 |
|epoch:  18 | lr: 0.007 |train loss: 1.95641 |train loss ravg: 2.06391 |train MAE:  5.77397 |train MAE ravg:  5.86056 |val loss: 2.27294 |val loss ravg: 2.27201 |val MAE:  6.37912 |val MAE ravg:  7.09894 |
|epoch:  19 | lr: 0.007 |train loss: 1.92573 |train loss ravg: 2.05700 |train MAE:  5.53248 |train MAE ravg:  5.84415 |val loss: 2.24208 |val loss ravg: 2.27051 |val MAE:  7.12515 |val MAE ravg:  7.10025 |
|epoch:  20 | lr: 0.007 |train loss: 1.89998 |train loss ravg: 2.02397 |train MAE:  5.51122 |train MAE ravg:  5.80897 |val loss: 2.30207 |val loss ravg: 2.26362 |val MAE:  6.46306 |val MAE ravg:  7.05465 |
|epoch:  21 | lr: 0.007 |train loss: 1.89840 |train loss ravg: 2.00490 |train MAE:  5.44476 |train MAE ravg:  5.77564 |val loss: 2.17683 |val loss ravg: 2.25772 |val MAE:  6.23197 |val MAE ravg:  7.00288 |
|epoch:  22 | lr: 0.006 |train loss: 1.88198 |train loss ravg: 1.98931 |train MAE:  5.38526 |train MAE ravg:  5.74031 |val loss: 2.61764 |val loss ravg: 2.27603 |val MAE:  7.23368 |val MAE ravg:  7.00105 |
|epoch:  23 | lr: 0.006 |train loss: 1.90327 |train loss ravg: 1.97789 |train MAE:  5.48802 |train MAE ravg:  5.71375 |val loss: 3.47284 |val loss ravg: 2.33606 |val MAE:  8.68962 |val MAE ravg:  7.07146 |
|epoch:  24 | lr: 0.006 |train loss: 1.87248 |train loss ravg: 1.96799 |train MAE:  5.33057 |train MAE ravg:  5.68509 |val loss: 2.34983 |val loss ravg: 2.33983 |val MAE:  6.48668 |val MAE ravg:  7.03448 |
|epoch:  25 | lr: 0.006 |train loss: 1.85317 |train loss ravg: 1.95622 |train MAE:  5.22522 |train MAE ravg:  5.64536 |val loss: 3.46644 |val loss ravg: 2.40045 |val MAE:  7.98713 |val MAE ravg:  7.08122 |
|epoch:  26 | lr: 0.006 |train loss: 1.83955 |train loss ravg: 1.94512 |train MAE:  5.15466 |train MAE ravg:  5.60692 |val loss: 2.33751 |val loss ravg: 2.40605 |val MAE:  8.75896 |val MAE ravg:  7.15934 |
|epoch:  27 | lr: 0.006 |train loss: 1.84905 |train loss ravg: 1.93581 |train MAE:  5.27378 |train MAE ravg:  5.57489 |val loss: 2.80691 |val loss ravg: 2.43423 |val MAE:  6.52909 |val MAE ravg:  7.13618 |
|epoch:  28 | lr: 0.006 |train loss: 1.84008 |train loss ravg: 1.92662 |train MAE:  5.21855 |train MAE ravg:  5.54385 |val loss: 2.13861 |val loss ravg: 2.43117 |val MAE:  7.23745 |val MAE ravg:  7.14341 |
|epoch:  29 | lr: 0.006 |train loss: 1.84919 |train loss ravg: 1.91979 |train MAE:  5.32153 |train MAE ravg:  5.51988 |val loss: 2.40468 |val loss ravg: 2.44164 |val MAE:  6.43969 |val MAE ravg:  7.10730 |
|epoch:  30 | lr: 0.006 |train loss: 1.81852 |train loss ravg: 1.90984 |train MAE:  5.10998 |train MAE ravg:  5.48275 |val loss: 2.78488 |val loss ravg: 2.46020 |val MAE:  6.92039 |val MAE ravg:  7.05713 |
|epoch:  31 | lr: 0.006 |train loss: 1.80362 |train loss ravg: 1.90084 |train MAE:  5.09091 |train MAE ravg:  5.45094 |val loss: 2.17391 |val loss ravg: 2.45942 |val MAE:  6.35812 |val MAE ravg:  7.03278 |
|epoch:  32 | lr: 0.006 |train loss: 1.81388 |train loss ravg: 1.89085 |train MAE:  5.05206 |train MAE ravg:  5.41282 |val loss: 2.23379 |val loss ravg: 2.44847 |val MAE:  7.17018 |val MAE ravg:  7.04162 |
|epoch:  33 | lr: 0.004 |train loss: 1.77493 |train loss ravg: 1.87962 |train MAE:  4.93822 |train MAE ravg:  5.37270 |val loss: 2.95397 |val loss ravg: 2.48473 |val MAE:  9.72405 |val MAE ravg:  7.15535 |
|epoch:  34 | lr: 0.004 |train loss: 1.71539 |train loss ravg: 1.86603 |train MAE:  4.75849 |train MAE ravg:  5.31768 |val loss: 2.51503 |val loss ravg: 2.50240 |val MAE:  6.27386 |val MAE ravg:  7.13627 |
|epoch:  35 | lr: 0.004 |train loss: 1.77942 |train loss ravg: 1.85740 |train MAE:  5.04375 |train MAE ravg:  5.28924 |val loss: 2.57416 |val loss ravg: 2.50701 |val MAE:  7.21548 |val MAE ravg:  7.13769 |
|epoch:  36 | lr: 0.004 |train loss: 1.73259 |train loss ravg: 1.84717 |train MAE:  4.73765 |train MAE ravg:  5.24782 |val loss: 2.65218 |val loss ravg: 2.53171 |val MAE:  6.51334 |val MAE ravg:  7.11556 |
|epoch:  37 | lr: 0.004 |train loss: 1.71147 |train loss ravg: 1.83596 |train MAE:  4.67575 |train MAE ravg:  5.20334 |val loss: 2.20742 |val loss ravg: 2.53419 |val MAE:  6.01702 |val MAE ravg:  7.08770 |
|epoch:  38 | lr: 0.004 |train loss: 1.72521 |train loss ravg: 1.82440 |train MAE:  4.82244 |train MAE ravg:  5.15576 |val loss: 2.35082 |val loss ravg: 2.53808 |val MAE:  6.17508 |val MAE ravg:  7.07750 |
|epoch:  39 | lr: 0.004 |train loss: 1.72109 |train loss ravg: 1.81416 |train MAE:  4.70515 |train MAE ravg:  5.11440 |val loss: 2.38065 |val loss ravg: 2.54501 |val MAE:  6.61773 |val MAE ravg:  7.05213 |
|epoch:  40 | lr: 0.004 |train loss: 1.69828 |train loss ravg: 1.80408 |train MAE:  4.74765 |train MAE ravg:  5.07622 |val loss: 7.45129 |val loss ravg: 2.80247 |val MAE:  7.61264 |val MAE ravg:  7.10961 |
|epoch:  41 | lr: 0.004 |train loss: 1.72578 |train loss ravg: 1.79545 |train MAE:  4.80115 |train MAE ravg:  5.04404 |val loss: 6.54159 |val loss ravg: 3.02071 |val MAE:  7.09212 |val MAE ravg:  7.15262 |
|epoch:  42 | lr: 0.004 |train loss: 1.72966 |train loss ravg: 1.78783 |train MAE:  4.96935 |train MAE ravg:  5.02324 |val loss: 2.23829 |val loss ravg: 3.00174 |val MAE:  6.09069 |val MAE ravg:  7.09547 |
|epoch:  43 | lr: 0.004 |train loss: 1.65938 |train loss ravg: 1.77564 |train MAE:  4.60941 |train MAE ravg:  4.97931 |val loss: 2.14256 |val loss ravg: 2.93523 |val MAE:  5.64281 |val MAE ravg:  6.94313 |
|epoch:  44 | lr: 0.003 |train loss: 1.65732 |train loss ravg: 1.76488 |train MAE:  4.64200 |train MAE ravg:  4.94489 |val loss: 2.14305 |val loss ravg: 2.92489 |val MAE:  6.30342 |val MAE ravg:  6.93396 |
|epoch:  45 | lr: 0.003 |train loss: 1.64931 |train loss ravg: 1.75469 |train MAE:  4.60492 |train MAE ravg:  4.91387 |val loss: 2.35825 |val loss ravg: 2.86948 |val MAE:  6.22068 |val MAE ravg:  6.84564 |
|epoch:  46 | lr: 0.003 |train loss: 1.64671 |train loss ravg: 1.74504 |train MAE:  4.51895 |train MAE ravg:  4.88208 |val loss: 2.66702 |val loss ravg: 2.88595 |val MAE:  7.48831 |val MAE ravg:  6.78211 |
|epoch:  47 | lr: 0.003 |train loss: 1.59408 |train loss ravg: 1.73229 |train MAE:  4.31451 |train MAE ravg:  4.83412 |val loss: 2.04737 |val loss ravg: 2.84798 |val MAE:  5.67921 |val MAE ravg:  6.73961 |
|epoch:  48 | lr: 0.003 |train loss: 1.58265 |train loss ravg: 1.71942 |train MAE:  4.44169 |train MAE ravg:  4.79528 |val loss: 2.98054 |val loss ravg: 2.89007 |val MAE:  6.41723 |val MAE ravg:  6.69860 |
|epoch:  49 | lr: 0.003 |train loss: 1.59344 |train loss ravg: 1.70663 |train MAE:  4.45703 |train MAE ravg:  4.75205 |val loss: 3.45338 |val loss ravg: 2.94251 |val MAE:  9.60733 |val MAE ravg:  6.85698 |
|epoch:  50 | lr: 0.003 |train loss: 1.60533 |train loss ravg: 1.69598 |train MAE:  4.51698 |train MAE ravg:  4.72240 |val loss: 2.10102 |val loss ravg: 2.90831 |val MAE:  5.51810 |val MAE ravg:  6.78687 |
|epoch:  51 | lr: 0.003 |train loss: 1.61709 |train loss ravg: 1.68665 |train MAE:  4.42507 |train MAE ravg:  4.68911 |val loss: 3.75107 |val loss ravg: 2.98717 |val MAE:  7.04655 |val MAE ravg:  6.82129 |
|epoch:  52 | lr: 0.003 |train loss: 1.60171 |train loss ravg: 1.67604 |train MAE:  4.40670 |train MAE ravg:  4.65684 |val loss: 6.92157 |val loss ravg: 3.22156 |val MAE:  7.07497 |val MAE ravg:  6.81653 |
|epoch:  53 | lr: 0.003 |train loss: 1.55776 |train loss ravg: 1.66518 |train MAE:  4.25463 |train MAE ravg:  4.62266 |val loss: 2.15956 |val loss ravg: 3.18184 |val MAE:  5.75271 |val MAE ravg:  6.61796 |
|epoch:  54 | lr: 0.003 |train loss: 1.57649 |train loss ravg: 1.65824 |train MAE:  4.34327 |train MAE ravg:  4.60190 |val loss: 2.20655 |val loss ravg: 3.16642 |val MAE:  8.05625 |val MAE ravg:  6.70708 |
|epoch:  55 | lr: 0.002 |train loss: 1.57640 |train loss ravg: 1.64809 |train MAE:  4.37542 |train MAE ravg:  4.56849 |val loss: 2.03113 |val loss ravg: 3.13926 |val MAE:  6.32620 |val MAE ravg:  6.66262 |
|epoch:  56 | lr: 0.002 |train loss: 1.57311 |train loss ravg: 1.64011 |train MAE:  4.46886 |train MAE ravg:  4.55505 |val loss: 3.73177 |val loss ravg: 3.19324 |val MAE:  6.94461 |val MAE ravg:  6.68418 |
|epoch:  57 | lr: 0.002 |train loss: 1.49693 |train loss ravg: 1.62938 |train MAE:  4.01864 |train MAE ravg:  4.52219 |val loss: 2.44184 |val loss ravg: 3.20497 |val MAE:  7.82982 |val MAE ravg:  6.77482 |
|epoch:  58 | lr: 0.002 |train loss: 1.52715 |train loss ravg: 1.61948 |train MAE:  4.32015 |train MAE ravg:  4.49708 |val loss: 2.53627 |val loss ravg: 3.21424 |val MAE:  6.93616 |val MAE ravg:  6.81288 |
|epoch:  59 | lr: 0.002 |train loss: 1.52708 |train loss ravg: 1.60978 |train MAE:  4.17248 |train MAE ravg:  4.47044 |val loss: 2.19210 |val loss ravg: 3.20481 |val MAE:  6.64715 |val MAE ravg:  6.81435 |
|epoch:  60 | lr: 0.002 |train loss: 1.57835 |train loss ravg: 1.60378 |train MAE:  4.51695 |train MAE ravg:  4.45891 |val loss: 2.19506 |val loss ravg: 2.94200 |val MAE:  7.55994 |val MAE ravg:  6.81171 |
|epoch:  61 | lr: 0.002 |train loss: 1.50170 |train loss ravg: 1.59258 |train MAE:  4.21019 |train MAE ravg:  4.42936 |val loss: 2.31691 |val loss ravg: 2.73077 |val MAE:  6.70773 |val MAE ravg:  6.79249 |
|epoch:  62 | lr: 0.002 |train loss: 1.54726 |train loss ravg: 1.58346 |train MAE:  4.34654 |train MAE ravg:  4.39822 |val loss: 2.42065 |val loss ravg: 2.73988 |val MAE:  6.41584 |val MAE ravg:  6.80875 |
|epoch:  63 | lr: 0.002 |train loss: 1.47556 |train loss ravg: 1.57427 |train MAE:  4.09004 |train MAE ravg:  4.37225 |val loss: 2.32445 |val loss ravg: 2.74898 |val MAE:  5.86197 |val MAE ravg:  6.81971 |
|epoch:  64 | lr: 0.002 |train loss: 1.52971 |train loss ravg: 1.56789 |train MAE:  4.12908 |train MAE ravg:  4.34660 |val loss: 2.22190 |val loss ravg: 2.75292 |val MAE:  5.75738 |val MAE ravg:  6.79241 |
|epoch:  65 | lr: 0.002 |train loss: 1.51187 |train loss ravg: 1.56102 |train MAE:  4.20513 |train MAE ravg:  4.32662 |val loss: 2.68299 |val loss ravg: 2.76916 |val MAE:  6.33069 |val MAE ravg:  6.79791 |
|epoch:  66 | lr: 0.002 |train loss: 1.48217 |train loss ravg: 1.55279 |train MAE:  4.13141 |train MAE ravg:  4.30724 |val loss: 2.08762 |val loss ravg: 2.74019 |val MAE:  6.65581 |val MAE ravg:  6.75628 |
|epoch:  67 | lr: 0.002 |train loss: 1.48356 |train loss ravg: 1.54726 |train MAE:  4.05037 |train MAE ravg:  4.29403 |val loss: 2.23205 |val loss ravg: 2.74942 |val MAE:  6.77526 |val MAE ravg:  6.81109 |
|epoch:  68 | lr: 0.002 |train loss: 1.47148 |train loss ravg: 1.54171 |train MAE:  4.08097 |train MAE ravg:  4.27600 |val loss: 2.61344 |val loss ravg: 2.73107 |val MAE:  7.31250 |val MAE ravg:  6.85585 |
|epoch:  69 | lr: 0.002 |train loss: 1.43749 |train loss ravg: 1.53391 |train MAE:  4.06803 |train MAE ravg:  4.25655 |val loss: 2.51759 |val loss ravg: 2.68428 |val MAE:  6.73124 |val MAE ravg:  6.71204 |
|epoch:  70 | lr: 0.002 |train loss: 1.45622 |train loss ravg: 1.52645 |train MAE:  4.05366 |train MAE ravg:  4.23338 |val loss: 3.22536 |val loss ravg: 2.74049 |val MAE:  8.76284 |val MAE ravg:  6.87428 |
|epoch:  71 | lr: 0.002 |train loss: 1.47990 |train loss ravg: 1.51959 |train MAE:  4.17666 |train MAE ravg:  4.22096 |val loss: 2.31674 |val loss ravg: 2.66878 |val MAE:  6.04938 |val MAE ravg:  6.82442 |
|epoch:  72 | lr: 0.002 |train loss: 1.43408 |train loss ravg: 1.51121 |train MAE:  3.94062 |train MAE ravg:  4.19766 |val loss: 2.36368 |val loss ravg: 2.44088 |val MAE:  6.15354 |val MAE ravg:  6.77835 |
|epoch:  73 | lr: 0.002 |train loss: 1.40607 |train loss ravg: 1.50363 |train MAE:  3.74046 |train MAE ravg:  4.17195 |val loss: 2.23067 |val loss ravg: 2.44444 |val MAE:  5.91195 |val MAE ravg:  6.78631 |
|epoch:  74 | lr: 0.002 |train loss: 1.44774 |train loss ravg: 1.49719 |train MAE:  4.07915 |train MAE ravg:  4.15874 |val loss: 2.05346 |val loss ravg: 2.43678 |val MAE:  5.83962 |val MAE ravg:  6.67548 |
|epoch:  75 | lr: 0.002 |train loss: 1.42102 |train loss ravg: 1.48942 |train MAE:  3.93603 |train MAE ravg:  4.13677 |val loss: 2.92794 |val loss ravg: 2.48162 |val MAE:  8.07623 |val MAE ravg:  6.76298 |
|epoch:  76 | lr: 0.002 |train loss: 1.40139 |train loss ravg: 1.48084 |train MAE:  3.95655 |train MAE ravg:  4.11116 |val loss: 3.50820 |val loss ravg: 2.47045 |val MAE:  6.93988 |val MAE ravg:  6.76275 |
|epoch:  77 | lr: 0.001 |train loss: 1.39013 |train loss ravg: 1.47550 |train MAE:  3.83680 |train MAE ravg:  4.10207 |val loss: 2.68298 |val loss ravg: 2.48250 |val MAE:  6.45306 |val MAE ravg:  6.69391 |
|epoch:  78 | lr: 0.001 |train loss: 1.40322 |train loss ravg: 1.46930 |train MAE:  4.00381 |train MAE ravg:  4.08625 |val loss: 2.68464 |val loss ravg: 2.48992 |val MAE:  7.72026 |val MAE ravg:  6.73311 |
|epoch:  79 | lr: 0.001 |train loss: 1.37632 |train loss ravg: 1.46176 |train MAE:  3.92150 |train MAE ravg:  4.07370 |val loss: 2.22136 |val loss ravg: 2.49138 |val MAE:  6.66319 |val MAE ravg:  6.73391 |
|epoch:  80 | lr: 0.001 |train loss: 1.43876 |train loss ravg: 1.45478 |train MAE:  3.94244 |train MAE ravg:  4.04497 |val loss: 2.74807 |val loss ravg: 2.51903 |val MAE:  6.65033 |val MAE ravg:  6.68843 |
|epoch:  81 | lr: 0.001 |train loss: 1.39656 |train loss ravg: 1.44953 |train MAE:  3.87938 |train MAE ravg:  4.02843 |val loss: 2.43882 |val loss ravg: 2.52513 |val MAE:  8.71571 |val MAE ravg:  6.78883 |
|epoch:  82 | lr: 0.001 |train loss: 1.38341 |train loss ravg: 1.44133 |train MAE:  3.84669 |train MAE ravg:  4.00344 |val loss: 2.63963 |val loss ravg: 2.53608 |val MAE:  6.41460 |val MAE ravg:  6.78877 |
|epoch:  83 | lr: 0.001 |train loss: 1.38670 |train loss ravg: 1.43689 |train MAE:  3.84904 |train MAE ravg:  3.99139 |val loss: 3.56209 |val loss ravg: 2.59796 |val MAE:  6.74423 |val MAE ravg:  6.83288 |
|epoch:  84 | lr: 0.001 |train loss: 1.33292 |train loss ravg: 1.42705 |train MAE:  3.72885 |train MAE ravg:  3.97138 |val loss: 2.33137 |val loss ravg: 2.60343 |val MAE:  6.11243 |val MAE ravg:  6.85064 |
|epoch:  85 | lr: 0.001 |train loss: 1.37413 |train loss ravg: 1.42016 |train MAE:  3.86565 |train MAE ravg:  3.95440 |val loss: 2.15366 |val loss ravg: 2.57697 |val MAE:  5.40032 |val MAE ravg:  6.80412 |
|epoch:  86 | lr: 0.001 |train loss: 1.35945 |train loss ravg: 1.41403 |train MAE:  3.76510 |train MAE ravg:  3.93609 |val loss: 2.10242 |val loss ravg: 2.57771 |val MAE:  6.35630 |val MAE ravg:  6.78914 |
|epoch:  87 | lr: 0.001 |train loss: 1.31567 |train loss ravg: 1.40563 |train MAE:  3.73638 |train MAE ravg:  3.92039 |val loss: 2.55312 |val loss ravg: 2.59376 |val MAE:  6.70847 |val MAE ravg:  6.78580 |
|epoch:  88 | lr: 0.001 |train loss: 1.34007 |train loss ravg: 1.39906 |train MAE:  3.74933 |train MAE ravg:  3.90381 |val loss: 2.38645 |val loss ravg: 2.58241 |val MAE:  6.41267 |val MAE ravg:  6.74081 |
|epoch:  89 | lr: 0.001 |train loss: 1.34112 |train loss ravg: 1.39424 |train MAE:  3.69183 |train MAE ravg:  3.88500 |val loss: 2.43633 |val loss ravg: 2.57835 |val MAE:  6.56092 |val MAE ravg:  6.73230 |
|epoch:  90 | lr: 0.001 |train loss: 1.33285 |train loss ravg: 1.38807 |train MAE:  3.59511 |train MAE ravg:  3.86207 |val loss: 2.20853 |val loss ravg: 2.52751 |val MAE:  7.39998 |val MAE ravg:  6.66415 |
|epoch:  91 | lr: 0.001 |train loss: 1.31998 |train loss ravg: 1.38008 |train MAE:  3.65456 |train MAE ravg:  3.83596 |val loss: 2.10191 |val loss ravg: 2.51676 |val MAE:  5.71747 |val MAE ravg:  6.64756 |
|epoch:  92 | lr: 0.001 |train loss: 1.34475 |train loss ravg: 1.37561 |train MAE:  3.67985 |train MAE ravg:  3.82293 |val loss: 2.84128 |val loss ravg: 2.54065 |val MAE:  7.10449 |val MAE ravg:  6.69510 |
|epoch:  93 | lr: 0.001 |train loss: 1.32249 |train loss ravg: 1.37143 |train MAE:  3.79797 |train MAE ravg:  3.82580 |val loss: 3.61444 |val loss ravg: 2.60983 |val MAE:  7.29620 |val MAE ravg:  6.76432 |
|epoch:  94 | lr: 0.001 |train loss: 1.34653 |train loss ravg: 1.36637 |train MAE:  3.89587 |train MAE ravg:  3.81664 |val loss: 2.32736 |val loss ravg: 2.62353 |val MAE:  5.90686 |val MAE ravg:  6.76768 |
|epoch:  95 | lr: 0.001 |train loss: 1.30777 |train loss ravg: 1.36071 |train MAE:  3.64992 |train MAE ravg:  3.80233 |val loss: 2.32605 |val loss ravg: 2.59343 |val MAE:  6.90125 |val MAE ravg:  6.70893 |
|epoch:  96 | lr: 0.001 |train loss: 1.30708 |train loss ravg: 1.35599 |train MAE:  3.72239 |train MAE ravg:  3.79062 |val loss: 2.75445 |val loss ravg: 2.55575 |val MAE:  6.90243 |val MAE ravg:  6.70706 |
|epoch:  97 | lr: 0.001 |train loss: 1.31383 |train loss ravg: 1.35218 |train MAE:  3.61129 |train MAE ravg:  3.77935 |val loss: 2.51348 |val loss ravg: 2.54727 |val MAE:  8.31681 |val MAE ravg:  6.80024 |
|epoch:  98 | lr: 0.001 |train loss: 1.28283 |train loss ravg: 1.34616 |train MAE:  3.55940 |train MAE ravg:  3.75713 |val loss: 2.46071 |val loss ravg: 2.53608 |val MAE:  6.20132 |val MAE ravg:  6.72430 |
|epoch:  99 | lr: 0.001 |train loss: 1.33459 |train loss ravg: 1.34407 |train MAE:  3.78412 |train MAE ravg:  3.75026 |val loss: 2.56495 |val loss ravg: 2.55326 |val MAE:  6.20537 |val MAE ravg:  6.70141 |
|epoch: 100 | lr: 0.001 |train loss: 1.31992 |train loss ravg: 1.33813 |train MAE:  3.68965 |train MAE ravg:  3.73762 |val loss: 2.42662 |val loss ravg: 2.53718 |val MAE:  5.73864 |val MAE ravg:  6.65582 |
|epoch: 101 | lr: 0.001 |train loss: 1.28956 |train loss ravg: 1.33278 |train MAE:  3.66224 |train MAE ravg:  3.72676 |val loss: 3.32399 |val loss ravg: 2.58144 |val MAE:  6.77071 |val MAE ravg:  6.55857 |
|epoch: 102 | lr: 0.001 |train loss: 1.27515 |train loss ravg: 1.32737 |train MAE:  3.51765 |train MAE ravg:  3.71031 |val loss: 2.12708 |val loss ravg: 2.55582 |val MAE:  6.48975 |val MAE ravg:  6.56233 |
|epoch: 103 | lr: 0.001 |train loss: 1.26459 |train loss ravg: 1.32126 |train MAE:  3.57984 |train MAE ravg:  3.69685 |val loss: 2.76307 |val loss ravg: 2.51586 |val MAE:  6.72859 |val MAE ravg:  6.56155 |
|epoch: 104 | lr: 0.001 |train loss: 1.24926 |train loss ravg: 1.31708 |train MAE:  3.44680 |train MAE ravg:  3.68275 |val loss: 2.27626 |val loss ravg: 2.51311 |val MAE:  6.06357 |val MAE ravg:  6.55911 |
|epoch: 105 | lr: 0.001 |train loss: 1.24214 |train loss ravg: 1.31048 |train MAE:  3.45132 |train MAE ravg:  3.66203 |val loss: 2.11084 |val loss ravg: 2.51097 |val MAE:  5.82828 |val MAE ravg:  6.58050 |
|epoch: 106 | lr: 0.001 |train loss: 1.30313 |train loss ravg: 1.30766 |train MAE:  3.66466 |train MAE ravg:  3.65701 |val loss: 2.12310 |val loss ravg: 2.51200 |val MAE:  6.67581 |val MAE ravg:  6.59648 |
|epoch: 107 | lr: 0.001 |train loss: 1.27225 |train loss ravg: 1.30549 |train MAE:  3.60918 |train MAE ravg:  3.65065 |val loss: 3.53760 |val loss ravg: 2.56123 |val MAE:  6.75760 |val MAE ravg:  6.59894 |
|epoch: 108 | lr: 0.001 |train loss: 1.29956 |train loss ravg: 1.30347 |train MAE:  3.73794 |train MAE ravg:  3.65008 |val loss: 2.15218 |val loss ravg: 2.54951 |val MAE:  5.90658 |val MAE ravg:  6.57363 |
|epoch: 109 | lr: 0.001 |train loss: 1.27243 |train loss ravg: 1.30003 |train MAE:  3.59712 |train MAE ravg:  3.64534 |val loss: 2.41818 |val loss ravg: 2.54860 |val MAE:  6.03465 |val MAE ravg:  6.54732 |
|epoch: 110 | lr: 0.001 |train loss: 1.26647 |train loss ravg: 1.29671 |train MAE:  3.62691 |train MAE ravg:  3.64693 |val loss: 3.43093 |val loss ravg: 2.60972 |val MAE:  7.75410 |val MAE ravg:  6.56502 |
|epoch: 111 | lr: 0.001 |train loss: 1.25931 |train loss ravg: 1.29368 |train MAE:  3.62800 |train MAE ravg:  3.64561 |val loss: 2.18017 |val loss ravg: 2.61364 |val MAE:  5.74574 |val MAE ravg:  6.56644 |
|epoch: 112 | lr: 0.001 |train loss: 1.28623 |train loss ravg: 1.29076 |train MAE:  3.68829 |train MAE ravg:  3.64603 |val loss: 2.16116 |val loss ravg: 2.57963 |val MAE:  5.94753 |val MAE ravg:  6.50859 |
|epoch: 113 | lr: 0.001 |train loss: 1.22706 |train loss ravg: 1.28598 |train MAE:  3.37474 |train MAE ravg:  3.62487 |val loss: 2.10744 |val loss ravg: 2.50428 |val MAE:  5.63681 |val MAE ravg:  6.42562 |
|epoch: 114 | lr: 0.001 |train loss: 1.25154 |train loss ravg: 1.28123 |train MAE:  3.49884 |train MAE ravg:  3.60501 |val loss: 2.09574 |val loss ravg: 2.49270 |val MAE:  5.86214 |val MAE ravg:  6.42338 |
|epoch: 115 | lr: 0.001 |train loss: 1.27032 |train loss ravg: 1.27936 |train MAE:  3.53499 |train MAE ravg:  3.59927 |val loss: 2.13273 |val loss ravg: 2.48303 |val MAE:  6.80172 |val MAE ravg:  6.41841 |
|epoch: 116 | lr: 0.001 |train loss: 1.24166 |train loss ravg: 1.27609 |train MAE:  3.43194 |train MAE ravg:  3.58475 |val loss: 2.36008 |val loss ravg: 2.46332 |val MAE:  7.96919 |val MAE ravg:  6.47175 |
|epoch: 117 | lr: 0.001 |train loss: 1.24477 |train loss ravg: 1.27264 |train MAE:  3.51463 |train MAE ravg:  3.57991 |val loss: 2.39482 |val loss ravg: 2.45738 |val MAE:  6.01878 |val MAE ravg:  6.35684 |
|epoch: 118 | lr: 0.001 |train loss: 1.23321 |train loss ravg: 1.27016 |train MAE:  3.44052 |train MAE ravg:  3.57397 |val loss: 2.30204 |val loss ravg: 2.44945 |val MAE:  6.22480 |val MAE ravg:  6.35802 |
|epoch: 119 | lr: 0.001 |train loss: 1.22484 |train loss ravg: 1.26467 |train MAE:  3.45190 |train MAE ravg:  3.55736 |val loss: 2.15805 |val loss ravg: 2.42910 |val MAE:  5.76535 |val MAE ravg:  6.33602 |
|epoch: 120 | lr: 0.001 |train loss: 1.26308 |train loss ravg: 1.26183 |train MAE:  3.50507 |train MAE ravg:  3.54813 |val loss: 2.42338 |val loss ravg: 2.42894 |val MAE:  6.13654 |val MAE ravg:  6.35591 |
|epoch: 121 | lr: 0.000 |train loss: 1.23792 |train loss ravg: 1.25925 |train MAE:  3.39215 |train MAE ravg:  3.53462 |val loss: 2.08564 |val loss ravg: 2.36702 |val MAE:  5.86155 |val MAE ravg:  6.31045 |
|epoch: 122 | lr: 0.000 |train loss: 1.24923 |train loss ravg: 1.25795 |train MAE:  3.51715 |train MAE ravg:  3.53460 |val loss: 2.70337 |val loss ravg: 2.39584 |val MAE:  6.35965 |val MAE ravg:  6.30395 |
|epoch: 123 | lr: 0.000 |train loss: 1.24157 |train loss ravg: 1.25680 |train MAE:  3.51589 |train MAE ravg:  3.53140 |val loss: 2.19648 |val loss ravg: 2.36751 |val MAE:  6.15279 |val MAE ravg:  6.27516 |
|epoch: 124 | lr: 0.000 |train loss: 1.25707 |train loss ravg: 1.25719 |train MAE:  3.43130 |train MAE ravg:  3.53063 |val loss: 2.38234 |val loss ravg: 2.37281 |val MAE:  8.05316 |val MAE ravg:  6.37464 |
|epoch: 125 | lr: 0.000 |train loss: 1.23728 |train loss ravg: 1.25695 |train MAE:  3.57743 |train MAE ravg:  3.53693 |val loss: 2.60723 |val loss ravg: 2.39763 |val MAE:  6.08705 |val MAE ravg:  6.38758 |
|epoch: 126 | lr: 0.000 |train loss: 1.22249 |train loss ravg: 1.25291 |train MAE:  3.48702 |train MAE ravg:  3.52805 |val loss: 2.55173 |val loss ravg: 2.41906 |val MAE:  6.23962 |val MAE ravg:  6.36577 |
|epoch: 127 | lr: 0.000 |train loss: 1.23036 |train loss ravg: 1.25082 |train MAE:  3.31178 |train MAE ravg:  3.51318 |val loss: 2.22740 |val loss ravg: 2.35355 |val MAE:  5.84273 |val MAE ravg:  6.32002 |
|epoch: 128 | lr: 0.000 |train loss: 1.21388 |train loss ravg: 1.24654 |train MAE:  3.44114 |train MAE ravg:  3.49834 |val loss: 2.06369 |val loss ravg: 2.34913 |val MAE:  5.83763 |val MAE ravg:  6.31658 |
|epoch: 129 | lr: 0.000 |train loss: 1.22575 |train loss ravg: 1.24420 |train MAE:  3.37747 |train MAE ravg:  3.48736 |val loss: 2.18486 |val loss ravg: 2.33746 |val MAE:  5.74310 |val MAE ravg:  6.30200 |
|epoch: 130 | lr: 0.000 |train loss: 1.24512 |train loss ravg: 1.24313 |train MAE:  3.51181 |train MAE ravg:  3.48160 |val loss: 2.08084 |val loss ravg: 2.26996 |val MAE:  5.61418 |val MAE ravg:  6.19500 |
|epoch: 131 | lr: 0.000 |train loss: 1.22602 |train loss ravg: 1.24147 |train MAE:  3.46101 |train MAE ravg:  3.47325 |val loss: 2.83698 |val loss ravg: 2.30280 |val MAE:  6.62225 |val MAE ravg:  6.23883 |
|epoch: 132 | lr: 0.000 |train loss: 1.19103 |train loss ravg: 1.23671 |train MAE:  3.37708 |train MAE ravg:  3.45769 |val loss: 2.14768 |val loss ravg: 2.30213 |val MAE:  5.66259 |val MAE ravg:  6.22458 |
|epoch: 133 | lr: 0.000 |train loss: 1.20916 |train loss ravg: 1.23582 |train MAE:  3.61574 |train MAE ravg:  3.46974 |val loss: 2.48363 |val loss ravg: 2.32093 |val MAE:  6.34851 |val MAE ravg:  6.26017 |
|epoch: 134 | lr: 0.000 |train loss: 1.23015 |train loss ravg: 1.23475 |train MAE:  3.50609 |train MAE ravg:  3.47011 |val loss: 2.35838 |val loss ravg: 2.33407 |val MAE:  7.55594 |val MAE ravg:  6.34486 |
|epoch: 135 | lr: 0.000 |train loss: 1.23610 |train loss ravg: 1.23303 |train MAE:  3.50737 |train MAE ravg:  3.46872 |val loss: 2.13775 |val loss ravg: 2.33432 |val MAE:  5.84603 |val MAE ravg:  6.29707 |
|epoch: 136 | lr: 0.000 |train loss: 1.24046 |train loss ravg: 1.23297 |train MAE:  3.60049 |train MAE ravg:  3.47715 |val loss: 2.14364 |val loss ravg: 2.32350 |val MAE:  5.91741 |val MAE ravg:  6.19448 |
|epoch: 137 | lr: 0.000 |train loss: 1.22278 |train loss ravg: 1.23188 |train MAE:  3.42728 |train MAE ravg:  3.47278 |val loss: 2.20831 |val loss ravg: 2.31417 |val MAE:  5.95821 |val MAE ravg:  6.19145 |
|epoch: 138 | lr: 0.000 |train loss: 1.17584 |train loss ravg: 1.22901 |train MAE:  3.34439 |train MAE ravg:  3.46798 |val loss: 2.15957 |val loss ravg: 2.30705 |val MAE:  5.97260 |val MAE ravg:  6.17884 |
|epoch: 139 | lr: 0.000 |train loss: 1.21986 |train loss ravg: 1.22876 |train MAE:  3.53830 |train MAE ravg:  3.47230 |val loss: 2.06394 |val loss ravg: 2.30234 |val MAE:  5.71444 |val MAE ravg:  6.17630 |
|epoch: 140 | lr: 0.000 |train loss: 1.23781 |train loss ravg: 1.22749 |train MAE:  3.57445 |train MAE ravg:  3.47577 |val loss: 2.11685 |val loss ravg: 2.28702 |val MAE:  6.05521 |val MAE ravg:  6.17223 |
|epoch: 141 | lr: 0.000 |train loss: 1.21378 |train loss ravg: 1.22629 |train MAE:  3.48153 |train MAE ravg:  3.48024 |val loss: 2.09408 |val loss ravg: 2.28744 |val MAE:  5.89307 |val MAE ravg:  6.17381 |
|epoch: 142 | lr: 0.000 |train loss: 1.18225 |train loss ravg: 1.22294 |train MAE:  3.40433 |train MAE ravg:  3.47459 |val loss: 2.26823 |val loss ravg: 2.26568 |val MAE:  5.96245 |val MAE ravg:  6.15395 |
|epoch: 143 | lr: 0.000 |train loss: 1.18828 |train loss ravg: 1.22027 |train MAE:  3.35736 |train MAE ravg:  3.46667 |val loss: 2.44567 |val loss ravg: 2.27814 |val MAE:  6.17143 |val MAE ravg:  6.15488 |
|epoch: 144 | lr: 0.000 |train loss: 1.21227 |train loss ravg: 1.21803 |train MAE:  3.45830 |train MAE ravg:  3.46802 |val loss: 2.10211 |val loss ravg: 2.26413 |val MAE:  5.48610 |val MAE ravg:  6.02653 |
|epoch: 145 | lr: 0.000 |train loss: 1.21554 |train loss ravg: 1.21695 |train MAE:  3.47159 |train MAE ravg:  3.46273 |val loss: 2.16887 |val loss ravg: 2.24221 |val MAE:  6.65816 |val MAE ravg:  6.05508 |
|epoch: 146 | lr: 0.000 |train loss: 1.20558 |train loss ravg: 1.21610 |train MAE:  3.42970 |train MAE ravg:  3.45986 |val loss: 2.24477 |val loss ravg: 2.22686 |val MAE:  5.99328 |val MAE ravg:  6.04277 |
|epoch: 147 | lr: 0.000 |train loss: 1.18426 |train loss ravg: 1.21380 |train MAE:  3.38530 |train MAE ravg:  3.46354 |val loss: 2.12102 |val loss ravg: 2.22154 |val MAE:  5.90254 |val MAE ravg:  6.04576 |
|epoch: 148 | lr: 0.000 |train loss: 1.20250 |train loss ravg: 1.21323 |train MAE:  3.43942 |train MAE ravg:  3.46345 |val loss: 2.24370 |val loss ravg: 2.23054 |val MAE:  6.35698 |val MAE ravg:  6.07172 |
|epoch: 149 | lr: 0.000 |train loss: 1.18178 |train loss ravg: 1.21103 |train MAE:  3.26900 |train MAE ravg:  3.45803 |val loss: 2.10165 |val loss ravg: 2.22638 |val MAE:  6.51495 |val MAE ravg:  6.11032 |
---------------------------------------------------------------------------------------------------------------------
Finished training.
Correlation between train loss and MAE: 0.98901
------------------------------------------------
Finished at: Wed Jan 20 12:47:01 GMT 2021
------------------------------------------------
------------------------------------------------
Job ID: 33454051
Run on host: compg016.hpc.in.bmrc.ox.ac.uk
Operating system: Linux
Username: lhw539
Started at: Wed Jan 20 14:19:10 GMT 2021
------------------------------------------------
Running on the GPU
0.0001
Succesfully loaded OASIS train data.
Succesfully loaded OASIS   val data.

Start training.
----------------------------------------------------------------------------------------------------------------------
------------------------------------------------
Finished at: Wed Jan 20 14:19:17 GMT 2021
------------------------------------------------
------------------------------------------------
Job ID: 33454055
Run on host: compg016.hpc.in.bmrc.ox.ac.uk
Operating system: Linux
Username: lhw539
Started at: Wed Jan 20 14:20:55 GMT 2021
------------------------------------------------
Running on the GPU
1
Succesfully loaded OASIS train data.
Succesfully loaded OASIS   val data.

Start training.
----------------------------------------------------------------------------------------------------------------------
------------------------------------------------
Finished at: Wed Jan 20 14:21:01 GMT 2021
------------------------------------------------
