------------------------------------------------
Job ID: 38587133
Run on host: compg026.hpc.in.bmrc.ox.ac.uk
Operating system: Linux
Username: lhw539
Started at: Thu Mar 4 02:00:08 GMT 2021
------------------------------------------------
Loading ixi train data.
Loading ixi   val data.
Load model for age - run: 1
Number of GPUs:  2

Full model is being tested with weights loaded from pre-trained model.
Start:  2021-03-04 02:00:12.328694
----------------------------------------------------------------------------------------------------------------------------------------------------------------
test kld mean: 1.99368 | test kld std: nan |test mae mean:  13.59566 |test mae std:  nan |
----------------------------------------------------------------------------------------------------------------------------------------------------------------
Finished:  2021-03-04 02:00:23.377083

----------------------------------------------------------------------------------------------------------------------------------------------------------------
------------------------------------------------
Finished at: Thu Mar 4 02:00:24 GMT 2021
------------------------------------------------
