------------------------------------------------
Job ID: 39818839
Run on host: compg009.hpc.in.bmrc.ox.ac.uk
Operating system: Linux
Username: lhw539
Started at: Tue Mar 16 22:40:54 GMT 2021
------------------------------------------------
Loading ixi train data.
Loading ixi   val data.
Number of GPUs:  2
Epoch decay:  30
Gamma decay:  0.3

Full model is being trained with random initialization.
Start:  2021-03-16 22:41:00.160709
----------------------------------------------------------------------------------------------------------------------------------------------------------------
|epoch:   0 | lr: 0.010 |train kld: 2.81485 |train kld ravg: 2.81485 |train mae:  14.84660 |train mae ravg:  14.84660 |val kld: 2.68465 |val kldravg: 2.68465 |val mae:  14.77015 |val mae ravg:  14.77015 |
|epoch:   1 | lr: 0.010 |train kld: 2.70843 |train kld ravg: 2.76164 |train mae:  14.74314 |train mae ravg:  14.79487 |val kld: 2.63785 |val kldravg: 2.66125 |val mae:  14.59339 |val mae ravg:  14.68177 |
|epoch:   2 | lr: 0.010 |train kld: 2.69016 |train kld ravg: 2.73782 |train mae:  14.56930 |train mae ravg:  14.71968 |val kld: 2.66337 |val kldravg: 2.66196 |val mae:  15.17299 |val mae ravg:  14.84551 |
|epoch:   3 | lr: 0.010 |train kld: 2.65439 |train kld ravg: 2.71696 |train mae:  14.21251 |train mae ravg:  14.59289 |val kld: 2.55487 |val kldravg: 2.63519 |val mae:  13.23628 |val mae ravg:  14.44320 |
|epoch:   4 | lr: 0.010 |train kld: 2.64357 |train kld ravg: 2.70228 |train mae:  13.98031 |train mae ravg:  14.47037 |val kld: 2.56956 |val kldravg: 2.62206 |val mae:  13.58335 |val mae ravg:  14.27123 |
|epoch:   5 | lr: 0.010 |train kld: 2.61123 |train kld ravg: 2.66156 |train mae:  14.00348 |train mae ravg:  14.30175 |val kld: 2.56228 |val kldravg: 2.59759 |val mae:  13.07358 |val mae ravg:  13.93192 |
|epoch:   6 | lr: 0.010 |train kld: 2.64255 |train kld ravg: 2.64838 |train mae:  14.16890 |train mae ravg:  14.18690 |val kld: 2.59586 |val kldravg: 2.58919 |val mae:  14.01355 |val mae ravg:  13.81595 |
|epoch:   7 | lr: 0.010 |train kld: 2.62931 |train kld ravg: 2.63621 |train mae:  13.72940 |train mae ravg:  14.01892 |val kld: 2.48597 |val kldravg: 2.55371 |val mae:  12.40694 |val mae ravg:  13.26274 |
|epoch:   8 | lr: 0.010 |train kld: 2.60352 |train kld ravg: 2.62604 |train mae:  13.61179 |train mae ravg:  13.89878 |val kld: 2.63428 |val kldravg: 2.56959 |val mae:  14.22868 |val mae ravg:  13.46122 |
|epoch:   9 | lr: 0.010 |train kld: 2.58840 |train kld ravg: 2.61500 |train mae:  13.19724 |train mae ravg:  13.74216 |val kld: 2.59276 |val kldravg: 2.57423 |val mae:  13.52373 |val mae ravg:  13.44930 |
|epoch:  10 | lr: 0.010 |train kld: 2.59653 |train kld ravg: 2.61206 |train mae:  13.65230 |train mae ravg:  13.67192 |val kld: 2.57018 |val kldravg: 2.57581 |val mae:  13.45718 |val mae ravg:  13.52601 |
|epoch:  11 | lr: 0.010 |train kld: 2.60054 |train kld ravg: 2.60366 |train mae:  13.39590 |train mae ravg:  13.51732 |val kld: 2.59838 |val kldravg: 2.57631 |val mae:  13.65302 |val mae ravg:  13.45391 |
|epoch:  12 | lr: 0.010 |train kld: 2.59602 |train kld ravg: 2.59700 |train mae:  13.59905 |train mae ravg:  13.49126 |val kld: 2.54441 |val kldravg: 2.58800 |val mae:  12.17305 |val mae ravg:  13.40713 |
|epoch:  13 | lr: 0.010 |train kld: 2.57857 |train kld ravg: 2.59201 |train mae:  12.87079 |train mae ravg:  13.34306 |val kld: 2.58075 |val kldravg: 2.57730 |val mae:  12.97975 |val mae ravg:  13.15735 |
|epoch:  14 | lr: 0.010 |train kld: 2.56775 |train kld ravg: 2.58788 |train mae:  12.82590 |train mae ravg:  13.26879 |val kld: 2.46749 |val kldravg: 2.55224 |val mae:  11.21030 |val mae ravg:  12.69466 |
|epoch:  15 | lr: 0.010 |train kld: 2.54892 |train kld ravg: 2.57836 |train mae:  12.71386 |train mae ravg:  13.08110 |val kld: 2.60306 |val kldravg: 2.55882 |val mae:  12.76572 |val mae ravg:  12.55637 |
|epoch:  16 | lr: 0.010 |train kld: 2.52295 |train kld ravg: 2.56284 |train mae:  12.17586 |train mae ravg:  12.83709 |val kld: 2.68876 |val kldravg: 2.57689 |val mae:  13.08524 |val mae ravg:  12.44281 |
|epoch:  17 | lr: 0.010 |train kld: 2.51368 |train kld ravg: 2.54637 |train mae:  12.26712 |train mae ravg:  12.57071 |val kld: 2.38862 |val kldravg: 2.54573 |val mae:  9.28574 |val mae ravg:  11.86535 |
|epoch:  18 | lr: 0.010 |train kld: 2.53934 |train kld ravg: 2.53853 |train mae:  12.93932 |train mae ravg:  12.58441 |val kld: 2.46724 |val kldravg: 2.52303 |val mae:  11.10853 |val mae ravg:  11.49110 |
|epoch:  19 | lr: 0.010 |train kld: 2.49469 |train kld ravg: 2.52392 |train mae:  12.01121 |train mae ravg:  12.42147 |val kld: 2.59291 |val kldravg: 2.54812 |val mae:  11.17418 |val mae ravg:  11.48388 |
|epoch:  20 | lr: 0.010 |train kld: 2.52404 |train kld ravg: 2.51894 |train mae:  12.26714 |train mae ravg:  12.33213 |val kld: 2.45825 |val kldravg: 2.51915 |val mae:  11.05931 |val mae ravg:  11.14260 |
|epoch:  21 | lr: 0.010 |train kld: 2.50599 |train kld ravg: 2.51555 |train mae:  12.32369 |train mae ravg:  12.36169 |val kld: 2.88765 |val kldravg: 2.55893 |val mae:  16.08541 |val mae ravg:  11.74263 |
|epoch:  22 | lr: 0.010 |train kld: 2.52112 |train kld ravg: 2.51704 |train mae:  12.73764 |train mae ravg:  12.45580 |val kld: 2.45074 |val kldravg: 2.57136 |val mae:  10.15489 |val mae ravg:  11.91647 |
|epoch:  23 | lr: 0.010 |train kld: 2.50590 |train kld ravg: 2.51035 |train mae:  12.31032 |train mae ravg:  12.33000 |val kld: 2.50617 |val kldravg: 2.57914 |val mae:  10.90095 |val mae ravg:  11.87495 |
|epoch:  24 | lr: 0.010 |train kld: 2.47148 |train kld ravg: 2.50571 |train mae:  12.16322 |train mae ravg:  12.36040 |val kld: 2.56646 |val kldravg: 2.57385 |val mae:  12.38034 |val mae ravg:  12.11618 |
|epoch:  25 | lr: 0.010 |train kld: 2.47795 |train kld ravg: 2.49649 |train mae:  12.15640 |train mae ravg:  12.33825 |val kld: 2.40687 |val kldravg: 2.56358 |val mae:  10.67787 |val mae ravg:  12.03989 |
|epoch:  26 | lr: 0.010 |train kld: 2.49163 |train kld ravg: 2.49362 |train mae:  11.78143 |train mae ravg:  12.22980 |val kld: 2.37741 |val kldravg: 2.46153 |val mae:  9.05162 |val mae ravg:  10.63313 |
|epoch:  27 | lr: 0.010 |train kld: 2.47404 |train kld ravg: 2.48420 |train mae:  11.81280 |train mae ravg:  12.04483 |val kld: 2.39772 |val kldravg: 2.45093 |val mae:  8.96079 |val mae ravg:  10.39431 |
|epoch:  28 | lr: 0.010 |train kld: 2.47938 |train kld ravg: 2.47890 |train mae:  11.85313 |train mae ravg:  11.95339 |val kld: 3.02698 |val kldravg: 2.55509 |val mae:  17.23333 |val mae ravg:  11.66079 |
|epoch:  29 | lr: 0.010 |train kld: 2.48723 |train kld ravg: 2.48205 |train mae:  12.03349 |train mae ravg:  11.92745 |val kld: 2.38519 |val kldravg: 2.51884 |val mae:  10.11963 |val mae ravg:  11.20865 |
|epoch:  30 | lr: 0.003 |train kld: 2.46466 |train kld ravg: 2.47939 |train mae:  12.14178 |train mae ravg:  11.92453 |val kld: 2.47400 |val kldravg: 2.53226 |val mae:  11.43960 |val mae ravg:  11.36099 |
|epoch:  31 | lr: 0.003 |train kld: 2.44267 |train kld ravg: 2.46960 |train mae:  11.51989 |train mae ravg:  11.87222 |val kld: 2.36024 |val kldravg: 2.52883 |val mae:  9.35620 |val mae ravg:  11.42191 |
|epoch:  32 | lr: 0.003 |train kld: 2.40287 |train kld ravg: 2.45536 |train mae:  11.55212 |train mae ravg:  11.82009 |val kld: 2.41562 |val kldravg: 2.53241 |val mae:  10.22896 |val mae ravg:  11.67554 |
|epoch:  33 | lr: 0.003 |train kld: 2.40760 |train kld ravg: 2.44101 |train mae:  11.39559 |train mae ravg:  11.72858 |val kld: 2.30130 |val kldravg: 2.38727 |val mae:  8.64646 |val mae ravg:  9.95817 |
|epoch:  34 | lr: 0.003 |train kld: 2.41841 |train kld ravg: 2.42724 |train mae:  11.44271 |train mae ravg:  11.61042 |val kld: 2.33662 |val kldravg: 2.37756 |val mae:  9.26364 |val mae ravg:  9.78697 |
|epoch:  35 | lr: 0.003 |train kld: 2.42151 |train kld ravg: 2.41861 |train mae:  11.22482 |train mae ravg:  11.42703 |val kld: 2.44022 |val kldravg: 2.37080 |val mae:  11.04255 |val mae ravg:  9.70756 |
|epoch:  36 | lr: 0.003 |train kld: 2.41128 |train kld ravg: 2.41233 |train mae:  10.90541 |train mae ravg:  11.30413 |val kld: 2.38234 |val kldravg: 2.37522 |val mae:  10.46802 |val mae ravg:  9.92993 |
|epoch:  37 | lr: 0.003 |train kld: 2.41695 |train kld ravg: 2.41515 |train mae:  11.40067 |train mae ravg:  11.27384 |val kld: 2.35960 |val kldravg: 2.36401 |val mae:  9.88410 |val mae ravg:  9.86096 |
|epoch:  38 | lr: 0.003 |train kld: 2.38349 |train kld ravg: 2.41033 |train mae:  11.01962 |train mae ravg:  11.19865 |val kld: 2.31929 |val kldravg: 2.36761 |val mae:  9.38281 |val mae ravg:  10.00822 |
|epoch:  39 | lr: 0.003 |train kld: 2.38155 |train kld ravg: 2.40296 |train mae:  10.90965 |train mae ravg:  11.09203 |val kld: 2.24154 |val kldravg: 2.34860 |val mae:  8.08748 |val mae ravg:  9.77299 |
|epoch:  40 | lr: 0.003 |train kld: 2.39668 |train kld ravg: 2.39799 |train mae:  11.29857 |train mae ravg:  11.10678 |val kld: 2.36908 |val kldravg: 2.33437 |val mae:  10.16967 |val mae ravg:  9.59842 |
|epoch:  41 | lr: 0.003 |train kld: 2.41509 |train kld ravg: 2.39875 |train mae:  11.40508 |train mae ravg:  11.20672 |val kld: 2.31913 |val kldravg: 2.32173 |val mae:  9.44347 |val mae ravg:  9.39351 |
|epoch:  42 | lr: 0.003 |train kld: 2.38698 |train kld ravg: 2.39276 |train mae:  10.88406 |train mae ravg:  11.10339 |val kld: 2.58501 |val kldravg: 2.36681 |val mae:  12.94142 |val mae ravg:  10.00497 |
|epoch:  43 | lr: 0.003 |train kld: 2.37274 |train kld ravg: 2.39061 |train mae:  10.82975 |train mae ravg:  11.06542 |val kld: 2.27796 |val kldravg: 2.35854 |val mae:  8.73972 |val mae ravg:  9.87635 |
|epoch:  44 | lr: 0.003 |train kld: 2.32464 |train kld ravg: 2.37923 |train mae:  10.42191 |train mae ravg:  10.96787 |val kld: 2.30534 |val kldravg: 2.37130 |val mae:  9.37624 |val mae ravg:  10.13410 |
|epoch:  45 | lr: 0.003 |train kld: 2.35806 |train kld ravg: 2.37150 |train mae:  10.61296 |train mae ravg:  10.83075 |val kld: 2.37851 |val kldravg: 2.37319 |val mae:  10.17877 |val mae ravg:  10.13593 |
|epoch:  46 | lr: 0.003 |train kld: 2.39708 |train kld ravg: 2.36790 |train mae:  11.17105 |train mae ravg:  10.78395 |val kld: 2.59448 |val kldravg: 2.42826 |val mae:  12.94620 |val mae ravg:  10.83647 |
|epoch:  47 | lr: 0.003 |train kld: 2.35926 |train kld ravg: 2.36236 |train mae:  10.55940 |train mae ravg:  10.71902 |val kld: 2.41548 |val kldravg: 2.39435 |val mae:  10.39588 |val mae ravg:  10.32736 |
|epoch:  48 | lr: 0.003 |train kld: 2.34260 |train kld ravg: 2.35633 |train mae:  10.37784 |train mae ravg:  10.62863 |val kld: 2.85931 |val kldravg: 2.51063 |val mae:  15.28047 |val mae ravg:  11.63551 |
|epoch:  49 | lr: 0.003 |train kld: 2.33516 |train kld ravg: 2.35843 |train mae:  10.34214 |train mae ravg:  10.61268 |val kld: 2.32860 |val kldravg: 2.51528 |val mae:  9.34229 |val mae ravg:  11.62872 |
|epoch:  50 | lr: 0.003 |train kld: 2.35463 |train kld ravg: 2.35774 |train mae:  10.82700 |train mae ravg:  10.65549 |val kld: 2.31985 |val kldravg: 2.50354 |val mae:  9.22591 |val mae ravg:  11.43815 |
|epoch:  51 | lr: 0.003 |train kld: 2.33442 |train kld ravg: 2.34521 |train mae:  10.14999 |train mae ravg:  10.45127 |val kld: 2.23317 |val kldravg: 2.43128 |val mae:  8.37126 |val mae ravg:  10.52316 |
|epoch:  52 | lr: 0.003 |train kld: 2.35064 |train kld ravg: 2.34349 |train mae:  10.42733 |train mae ravg:  10.42486 |val kld: 2.38470 |val kldravg: 2.42513 |val mae:  10.46509 |val mae ravg:  10.53700 |
|epoch:  53 | lr: 0.003 |train kld: 2.35680 |train kld ravg: 2.34633 |train mae:  10.74238 |train mae ravg:  10.49777 |val kld: 2.24387 |val kldravg: 2.30204 |val mae:  8.45533 |val mae ravg:  9.17197 |
|epoch:  54 | lr: 0.003 |train kld: 2.36641 |train kld ravg: 2.35258 |train mae:  10.88257 |train mae ravg:  10.60585 |val kld: 2.19836 |val kldravg: 2.27599 |val mae:  8.15438 |val mae ravg:  8.93439 |
|epoch:  55 | lr: 0.003 |train kld: 2.31904 |train kld ravg: 2.34546 |train mae:  10.45481 |train mae ravg:  10.53142 |val kld: 2.29890 |val kldravg: 2.27180 |val mae:  8.90001 |val mae ravg:  8.86921 |
|epoch:  56 | lr: 0.003 |train kld: 2.35741 |train kld ravg: 2.35006 |train mae:  10.69479 |train mae ravg:  10.64038 |val kld: 2.37196 |val kldravg: 2.29956 |val mae:  10.09755 |val mae ravg:  9.21447 |
|epoch:  57 | lr: 0.003 |train kld: 2.35754 |train kld ravg: 2.35144 |train mae:  10.69576 |train mae ravg:  10.69406 |val kld: 2.49170 |val kldravg: 2.32096 |val mae:  11.73144 |val mae ravg:  9.46774 |
|epoch:  58 | lr: 0.003 |train kld: 2.27666 |train kld ravg: 2.33542 |train mae:  9.90138 |train mae ravg:  10.52586 |val kld: 2.18699 |val kldravg: 2.30958 |val mae:  7.62892 |val mae ravg:  9.30246 |
|epoch:  59 | lr: 0.003 |train kld: 2.35059 |train kld ravg: 2.33225 |train mae:  10.54940 |train mae ravg:  10.45923 |val kld: 2.31461 |val kldravg: 2.33283 |val mae:  9.52315 |val mae ravg:  9.57621 |
|epoch:  60 | lr: 0.001 |train kld: 2.28024 |train kld ravg: 2.32449 |train mae:  9.89017 |train mae ravg:  10.34630 |val kld: 2.30267 |val kldravg: 2.33359 |val mae:  9.08833 |val mae ravg:  9.61388 |
|epoch:  61 | lr: 0.001 |train kld: 2.28496 |train kld ravg: 2.31000 |train mae:  9.60545 |train mae ravg:  10.12843 |val kld: 2.22915 |val kldravg: 2.30502 |val mae:  8.31104 |val mae ravg:  9.25657 |
|epoch:  62 | lr: 0.001 |train kld: 2.30990 |train kld ravg: 2.30047 |train mae:  10.44236 |train mae ravg:  10.07775 |val kld: 2.33612 |val kldravg: 2.27391 |val mae:  10.14168 |val mae ravg:  8.93862 |
|epoch:  63 | lr: 0.001 |train kld: 2.27921 |train kld ravg: 2.30098 |train mae:  9.91872 |train mae ravg:  10.08122 |val kld: 2.31767 |val kldravg: 2.30004 |val mae:  9.76568 |val mae ravg:  9.36597 |
|epoch:  64 | lr: 0.001 |train kld: 2.29144 |train kld ravg: 2.28915 |train mae:  10.21143 |train mae ravg:  10.01363 |val kld: 2.50617 |val kldravg: 2.33836 |val mae:  11.98913 |val mae ravg:  9.85917 |
|epoch:  65 | lr: 0.001 |train kld: 2.30441 |train kld ravg: 2.29398 |train mae:  10.41464 |train mae ravg:  10.11852 |val kld: 2.22289 |val kldravg: 2.32240 |val mae:  8.51448 |val mae ravg:  9.74440 |
|epoch:  66 | lr: 0.001 |train kld: 2.32598 |train kld ravg: 2.30219 |train mae:  10.21442 |train mae ravg:  10.24032 |val kld: 2.26923 |val kldravg: 2.33042 |val mae:  9.05308 |val mae ravg:  9.89281 |
|epoch:  67 | lr: 0.001 |train kld: 2.30406 |train kld ravg: 2.30102 |train mae:  10.33112 |train mae ravg:  10.21807 |val kld: 2.21189 |val kldravg: 2.30557 |val mae:  8.19332 |val mae ravg:  9.50314 |
|epoch:  68 | lr: 0.001 |train kld: 2.30866 |train kld ravg: 2.30691 |train mae:  10.62518 |train mae ravg:  10.35936 |val kld: 2.26266 |val kldravg: 2.29457 |val mae:  8.90522 |val mae ravg:  9.33105 |
|epoch:  69 | lr: 0.001 |train kld: 2.27245 |train kld ravg: 2.30311 |train mae:  9.88577 |train mae ravg:  10.29423 |val kld: 2.22158 |val kldravg: 2.23765 |val mae:  8.18580 |val mae ravg:  8.57038 |
|epoch:  70 | lr: 0.001 |train kld: 2.27969 |train kld ravg: 2.29817 |train mae:  9.80700 |train mae ravg:  10.17270 |val kld: 2.25074 |val kldravg: 2.24322 |val mae:  8.62997 |val mae ravg:  8.59348 |
|epoch:  71 | lr: 0.001 |train kld: 2.27243 |train kld ravg: 2.28746 |train mae:  9.89100 |train mae ravg:  10.10802 |val kld: 2.21406 |val kldravg: 2.23219 |val mae:  8.20519 |val mae ravg:  8.42390 |
|epoch:  72 | lr: 0.001 |train kld: 2.24798 |train kld ravg: 2.27624 |train mae:  9.67828 |train mae ravg:  9.97745 |val kld: 2.17467 |val kldravg: 2.22474 |val mae:  7.37761 |val mae ravg:  8.26076 |
|epoch:  73 | lr: 0.001 |train kld: 2.29582 |train kld ravg: 2.27367 |train mae:  10.05984 |train mae ravg:  9.86438 |val kld: 2.22678 |val kldravg: 2.21757 |val mae:  8.76512 |val mae ravg:  8.23274 |
|epoch:  74 | lr: 0.001 |train kld: 2.26352 |train kld ravg: 2.27189 |train mae:  9.69157 |train mae ravg:  9.82554 |val kld: 2.20269 |val kldravg: 2.21379 |val mae:  8.23976 |val mae ravg:  8.24353 |
|epoch:  75 | lr: 0.001 |train kld: 2.24536 |train kld ravg: 2.26502 |train mae:  9.50431 |train mae ravg:  9.76500 |val kld: 2.21061 |val kldravg: 2.20576 |val mae:  8.31537 |val mae ravg:  8.18061 |
|epoch:  76 | lr: 0.001 |train kld: 2.26425 |train kld ravg: 2.26338 |train mae:  9.62033 |train mae ravg:  9.71086 |val kld: 2.24673 |val kldravg: 2.21230 |val mae:  8.54501 |val mae ravg:  8.24858 |
|epoch:  77 | lr: 0.001 |train kld: 2.27420 |train kld ravg: 2.26863 |train mae:  9.71976 |train mae ravg:  9.71916 |val kld: 2.43902 |val kldravg: 2.26516 |val mae:  11.35958 |val mae ravg:  9.04497 |
|epoch:  78 | lr: 0.001 |train kld: 2.32909 |train kld ravg: 2.27528 |train mae:  10.67259 |train mae ravg:  9.84171 |val kld: 2.18964 |val kldravg: 2.25774 |val mae:  7.75893 |val mae ravg:  8.84373 |
|epoch:  79 | lr: 0.001 |train kld: 2.28717 |train kld ravg: 2.28001 |train mae:  9.47169 |train mae ravg:  9.79774 |val kld: 2.21687 |val kldravg: 2.26057 |val mae:  8.05353 |val mae ravg:  8.80649 |
|epoch:  80 | lr: 0.001 |train kld: 2.25587 |train kld ravg: 2.28212 |train mae:  9.66068 |train mae ravg:  9.82901 |val kld: 2.17790 |val kldravg: 2.25403 |val mae:  7.66976 |val mae ravg:  8.67736 |
|epoch:  81 | lr: 0.001 |train kld: 2.24119 |train kld ravg: 2.27751 |train mae:  9.31492 |train mae ravg:  9.76793 |val kld: 2.31987 |val kldravg: 2.26866 |val mae:  9.73631 |val mae ravg:  8.91562 |
|epoch:  82 | lr: 0.001 |train kld: 2.24805 |train kld ravg: 2.27228 |train mae:  9.36875 |train mae ravg:  9.69773 |val kld: 2.24616 |val kldravg: 2.23009 |val mae:  8.38246 |val mae ravg:  8.32020 |
|epoch:  83 | lr: 0.001 |train kld: 2.26354 |train kld ravg: 2.25917 |train mae:  9.74985 |train mae ravg:  9.51318 |val kld: 2.89480 |val kldravg: 2.37112 |val mae:  15.58028 |val mae ravg:  9.88447 |
|epoch:  84 | lr: 0.001 |train kld: 2.24817 |train kld ravg: 2.25136 |train mae:  9.44430 |train mae ravg:  9.50770 |val kld: 2.15923 |val kldravg: 2.35959 |val mae:  7.13752 |val mae ravg:  9.70127 |
|epoch:  85 | lr: 0.001 |train kld: 2.25673 |train kld ravg: 2.25154 |train mae:  9.63381 |train mae ravg:  9.50232 |val kld: 2.46040 |val kldravg: 2.41609 |val mae:  11.65418 |val mae ravg:  10.49815 |
|epoch:  86 | lr: 0.001 |train kld: 2.28623 |train kld ravg: 2.26054 |train mae:  10.04212 |train mae ravg:  9.64777 |val kld: 2.19945 |val kldravg: 2.39201 |val mae:  8.12513 |val mae ravg:  10.17591 |
|epoch:  87 | lr: 0.001 |train kld: 2.23185 |train kld ravg: 2.25730 |train mae:  9.19150 |train mae ravg:  9.61232 |val kld: 2.15726 |val kldravg: 2.37423 |val mae:  7.56161 |val mae ravg:  10.01174 |
|epoch:  88 | lr: 0.001 |train kld: 2.23285 |train kld ravg: 2.25117 |train mae:  9.39997 |train mae ravg:  9.54234 |val kld: 2.23523 |val kldravg: 2.24231 |val mae:  8.13581 |val mae ravg:  8.52285 |
|epoch:  89 | lr: 0.001 |train kld: 2.26033 |train kld ravg: 2.25360 |train mae:  9.99570 |train mae ravg:  9.65262 |val kld: 2.83631 |val kldravg: 2.37773 |val mae:  14.92648 |val mae ravg:  10.08064 |
|epoch:  90 | lr: 0.000 |train kld: 2.20082 |train kld ravg: 2.24242 |train mae:  8.73965 |train mae ravg:  9.47379 |val kld: 2.20610 |val kldravg: 2.32687 |val mae:  8.06670 |val mae ravg:  9.36315 |
|epoch:  91 | lr: 0.000 |train kld: 2.17848 |train kld ravg: 2.22087 |train mae:  8.75426 |train mae ravg:  9.21622 |val kld: 2.15294 |val kldravg: 2.31757 |val mae:  7.38590 |val mae ravg:  9.21530 |
|epoch:  92 | lr: 0.000 |train kld: 2.26318 |train kld ravg: 2.22713 |train mae:  9.29746 |train mae ravg:  9.23741 |val kld: 2.18075 |val kldravg: 2.32227 |val mae:  7.65295 |val mae ravg:  9.23357 |
|epoch:  93 | lr: 0.000 |train kld: 2.17838 |train kld ravg: 2.21624 |train mae:  8.52908 |train mae ravg:  9.06323 |val kld: 2.24492 |val kldravg: 2.32421 |val mae:  8.85370 |val mae ravg:  9.37715 |
|epoch:  94 | lr: 0.000 |train kld: 2.18527 |train kld ravg: 2.20123 |train mae:  8.64897 |train mae ravg:  8.79389 |val kld: 2.20468 |val kldravg: 2.19788 |val mae:  8.27418 |val mae ravg:  8.04669 |
|epoch:  95 | lr: 0.000 |train kld: 2.21395 |train kld ravg: 2.20385 |train mae:  8.83616 |train mae ravg:  8.81319 |val kld: 2.22230 |val kldravg: 2.20112 |val mae:  8.44785 |val mae ravg:  8.12292 |
|epoch:  96 | lr: 0.000 |train kld: 2.19939 |train kld ravg: 2.20804 |train mae:  9.06679 |train mae ravg:  8.87569 |val kld: 2.22435 |val kldravg: 2.21540 |val mae:  8.50011 |val mae ravg:  8.34576 |
|epoch:  97 | lr: 0.000 |train kld: 2.20483 |train kld ravg: 2.19637 |train mae:  9.14220 |train mae ravg:  8.84464 |val kld: 2.26661 |val kldravg: 2.23257 |val mae:  9.08925 |val mae ravg:  8.63302 |
|epoch:  98 | lr: 0.000 |train kld: 2.22840 |train kld ravg: 2.20637 |train mae:  9.19623 |train mae ravg:  8.97807 |val kld: 2.14775 |val kldravg: 2.21314 |val mae:  7.30885 |val mae ravg:  8.32405 |
|epoch:  99 | lr: 0.000 |train kld: 2.23007 |train kld ravg: 2.21533 |train mae:  9.24791 |train mae ravg:  9.09786 |val kld: 2.16561 |val kldravg: 2.20532 |val mae:  7.44297 |val mae ravg:  8.15780 |
|epoch: 100 | lr: 0.000 |train kld: 2.18490 |train kld ravg: 2.20952 |train mae:  8.78585 |train mae ravg:  9.08780 |val kld: 2.33296 |val kldravg: 2.22746 |val mae:  10.05049 |val mae ravg:  8.47833 |
|epoch: 101 | lr: 0.000 |train kld: 2.22928 |train kld ravg: 2.21550 |train mae:  9.07524 |train mae ravg:  9.08949 |val kld: 2.28166 |val kldravg: 2.23892 |val mae:  9.37803 |val mae ravg:  8.65392 |
|epoch: 102 | lr: 0.000 |train kld: 2.20005 |train kld ravg: 2.21454 |train mae:  8.86315 |train mae ravg:  9.03368 |val kld: 2.13946 |val kldravg: 2.21349 |val mae:  7.15239 |val mae ravg:  8.26655 |
|epoch: 103 | lr: 0.000 |train kld: 2.21848 |train kld ravg: 2.21256 |train mae:  8.92781 |train mae ravg:  8.97999 |val kld: 2.16945 |val kldravg: 2.21783 |val mae:  7.80910 |val mae ravg:  8.36660 |
|epoch: 104 | lr: 0.000 |train kld: 2.19903 |train kld ravg: 2.20635 |train mae:  8.77070 |train mae ravg:  8.88455 |val kld: 2.18302 |val kldravg: 2.22131 |val mae:  7.87711 |val mae ravg:  8.45342 |
|epoch: 105 | lr: 0.000 |train kld: 2.19499 |train kld ravg: 2.20837 |train mae:  8.76088 |train mae ravg:  8.87956 |val kld: 2.15871 |val kldravg: 2.18646 |val mae:  7.53751 |val mae ravg:  7.95083 |
|epoch: 106 | lr: 0.000 |train kld: 2.17433 |train kld ravg: 2.19738 |train mae:  8.58542 |train mae ravg:  8.78159 |val kld: 2.15041 |val kldravg: 2.16021 |val mae:  7.40577 |val mae ravg:  7.55638 |
|epoch: 107 | lr: 0.000 |train kld: 2.16566 |train kld ravg: 2.19050 |train mae:  8.31332 |train mae ravg:  8.67163 |val kld: 2.13357 |val kldravg: 2.15903 |val mae:  7.02831 |val mae ravg:  7.53156 |
|epoch: 108 | lr: 0.000 |train kld: 2.22120 |train kld ravg: 2.19104 |train mae:  9.08100 |train mae ravg:  8.70226 |val kld: 2.30834 |val kldravg: 2.18681 |val mae:  9.84992 |val mae ravg:  7.93972 |
|epoch: 109 | lr: 0.000 |train kld: 2.18479 |train kld ravg: 2.18819 |train mae:  8.87534 |train mae ravg:  8.72319 |val kld: 2.14334 |val kldravg: 2.17887 |val mae:  7.12094 |val mae ravg:  7.78849 |
|epoch: 110 | lr: 0.000 |train kld: 2.20685 |train kld ravg: 2.19056 |train mae:  8.83838 |train mae ravg:  8.73869 |val kld: 2.20554 |val kldravg: 2.18824 |val mae:  8.13637 |val mae ravg:  7.90826 |
|epoch: 111 | lr: 0.000 |train kld: 2.23167 |train kld ravg: 2.20203 |train mae:  8.91794 |train mae ravg:  8.80520 |val kld: 2.14752 |val kldravg: 2.18766 |val mae:  7.38503 |val mae ravg:  7.90412 |
|epoch: 112 | lr: 0.000 |train kld: 2.18205 |train kld ravg: 2.20531 |train mae:  8.70526 |train mae ravg:  8.88358 |val kld: 2.21033 |val kldravg: 2.20301 |val mae:  8.38325 |val mae ravg:  8.17510 |
|epoch: 113 | lr: 0.000 |train kld: 2.18674 |train kld ravg: 2.19842 |train mae:  8.85637 |train mae ravg:  8.83866 |val kld: 2.33602 |val kldravg: 2.20855 |val mae:  10.18883 |val mae ravg:  8.24289 |
|epoch: 114 | lr: 0.000 |train kld: 2.15902 |train kld ravg: 2.19327 |train mae:  8.56874 |train mae ravg:  8.77734 |val kld: 2.12777 |val kldravg: 2.20544 |val mae:  7.01451 |val mae ravg:  8.22160 |
|epoch: 115 | lr: 0.000 |train kld: 2.18181 |train kld ravg: 2.18826 |train mae:  8.68191 |train mae ravg:  8.74605 |val kld: 2.31822 |val kldravg: 2.22797 |val mae:  9.87988 |val mae ravg:  8.57030 |
|epoch: 116 | lr: 0.000 |train kld: 2.17417 |train kld ravg: 2.17676 |train mae:  8.58318 |train mae ravg:  8.67909 |val kld: 2.21820 |val kldravg: 2.24211 |val mae:  8.38035 |val mae ravg:  8.76936 |
|epoch: 117 | lr: 0.000 |train kld: 2.15047 |train kld ravg: 2.17044 |train mae:  8.48927 |train mae ravg:  8.63589 |val kld: 2.21595 |val kldravg: 2.24323 |val mae:  8.43641 |val mae ravg:  8.78000 |
|epoch: 118 | lr: 0.000 |train kld: 2.20126 |train kld ravg: 2.17335 |train mae:  8.94533 |train mae ravg:  8.65369 |val kld: 2.16507 |val kldravg: 2.20904 |val mae:  7.59233 |val mae ravg:  8.26070 |
|epoch: 119 | lr: 0.000 |train kld: 2.20039 |train kld ravg: 2.18162 |train mae:  9.26123 |train mae ravg:  8.79218 |val kld: 2.12811 |val kldravg: 2.20911 |val mae:  7.28681 |val mae ravg:  8.31516 |
|epoch: 120 | lr: 0.000 |train kld: 2.22418 |train kld ravg: 2.19010 |train mae:  8.87182 |train mae ravg:  8.83017 |val kld: 2.16275 |val kldravg: 2.17802 |val mae:  7.58094 |val mae ravg:  7.85537 |
|epoch: 121 | lr: 0.000 |train kld: 2.19104 |train kld ravg: 2.19347 |train mae:  8.37087 |train mae ravg:  8.78770 |val kld: 2.13273 |val kldravg: 2.16092 |val mae:  7.25683 |val mae ravg:  7.63066 |
|epoch: 122 | lr: 0.000 |train kld: 2.19236 |train kld ravg: 2.20185 |train mae:  8.57173 |train mae ravg:  8.80420 |val kld: 2.13083 |val kldravg: 2.14390 |val mae:  7.18556 |val mae ravg:  7.38049 |
|epoch: 123 | lr: 0.000 |train kld: 2.17513 |train kld ravg: 2.19662 |train mae:  8.64800 |train mae ravg:  8.74473 |val kld: 2.24439 |val kldravg: 2.15976 |val mae:  8.94167 |val mae ravg:  7.65036 |
|epoch: 124 | lr: 0.000 |train kld: 2.18728 |train kld ravg: 2.19400 |train mae:  8.78641 |train mae ravg:  8.64977 |val kld: 2.17616 |val kldravg: 2.16937 |val mae:  7.89141 |val mae ravg:  7.77128 |
|epoch: 125 | lr: 0.000 |train kld: 2.22703 |train kld ravg: 2.19457 |train mae:  9.23766 |train mae ravg:  8.72293 |val kld: 2.17134 |val kldravg: 2.17109 |val mae:  7.79733 |val mae ravg:  7.81456 |
|epoch: 126 | lr: 0.000 |train kld: 2.18016 |train kld ravg: 2.19239 |train mae:  8.68266 |train mae ravg:  8.78529 |val kld: 2.14563 |val kldravg: 2.17367 |val mae:  7.40081 |val mae ravg:  7.84336 |
|epoch: 127 | lr: 0.000 |train kld: 2.21419 |train kld ravg: 2.19676 |train mae:  9.15624 |train mae ravg:  8.90219 |val kld: 2.19238 |val kldravg: 2.18598 |val mae:  8.20790 |val mae ravg:  8.04783 |
|epoch: 128 | lr: 0.000 |train kld: 2.16031 |train kld ravg: 2.19379 |train mae:  8.38554 |train mae ravg:  8.84970 |val kld: 2.16179 |val kldravg: 2.16946 |val mae:  7.66995 |val mae ravg:  7.79348 |
|epoch: 129 | lr: 0.000 |train kld: 2.19965 |train kld ravg: 2.19627 |train mae:  8.92413 |train mae ravg:  8.87724 |val kld: 2.11698 |val kldravg: 2.15762 |val mae:  6.87444 |val mae ravg:  7.59009 |
|epoch: 130 | lr: 0.000 |train kld: 2.17981 |train kld ravg: 2.18683 |train mae:  8.63206 |train mae ravg:  8.75613 |val kld: 2.14301 |val kldravg: 2.15196 |val mae:  7.41286 |val mae ravg:  7.51319 |
|epoch: 131 | lr: 0.000 |train kld: 2.17428 |train kld ravg: 2.18565 |train mae:  8.81940 |train mae ravg:  8.78347 |val kld: 2.13078 |val kldravg: 2.14899 |val mae:  7.14763 |val mae ravg:  7.46256 |
|epoch: 132 | lr: 0.000 |train kld: 2.17451 |train kld ravg: 2.17771 |train mae:  8.72822 |train mae ravg:  8.69787 |val kld: 2.19875 |val kldravg: 2.15026 |val mae:  8.21685 |val mae ravg:  7.46435 |
|epoch: 133 | lr: 0.000 |train kld: 2.21626 |train kld ravg: 2.18890 |train mae:  8.96854 |train mae ravg:  8.81447 |val kld: 2.18608 |val kldravg: 2.15512 |val mae:  8.00614 |val mae ravg:  7.53158 |
|epoch: 134 | lr: 0.000 |train kld: 2.16964 |train kld ravg: 2.18290 |train mae:  8.90345 |train mae ravg:  8.81033 |val kld: 2.12498 |val kldravg: 2.15672 |val mae:  6.98022 |val mae ravg:  7.55274 |
|epoch: 135 | lr: 0.000 |train kld: 2.19870 |train kld ravg: 2.18668 |train mae:  8.92955 |train mae ravg:  8.86983 |val kld: 2.11835 |val kldravg: 2.15179 |val mae:  7.04802 |val mae ravg:  7.47977 |
|epoch: 136 | lr: 0.000 |train kld: 2.18721 |train kld ravg: 2.18926 |train mae:  8.71302 |train mae ravg:  8.84856 |val kld: 2.19600 |val kldravg: 2.16483 |val mae:  8.15721 |val mae ravg:  7.68169 |
|epoch: 137 | lr: 0.000 |train kld: 2.14827 |train kld ravg: 2.18402 |train mae:  8.50666 |train mae ravg:  8.80424 |val kld: 2.14830 |val kldravg: 2.15474 |val mae:  7.28183 |val mae ravg:  7.49468 |
|epoch: 138 | lr: 0.000 |train kld: 2.17222 |train kld ravg: 2.17521 |train mae:  8.44885 |train mae ravg:  8.70031 |val kld: 2.15698 |val kldravg: 2.14892 |val mae:  7.49526 |val mae ravg:  7.39251 |
|epoch: 139 | lr: 0.000 |train kld: 2.16338 |train kld ravg: 2.17396 |train mae:  8.48561 |train mae ravg:  8.61674 |val kld: 2.12109 |val kldravg: 2.14814 |val mae:  7.03358 |val mae ravg:  7.40318 |
|epoch: 140 | lr: 0.000 |train kld: 2.16096 |train kld ravg: 2.16641 |train mae:  8.42617 |train mae ravg:  8.51606 |val kld: 2.16919 |val kldravg: 2.15831 |val mae:  7.76698 |val mae ravg:  7.54697 |
|epoch: 141 | lr: 0.000 |train kld: 2.21935 |train kld ravg: 2.17284 |train mae:  9.28216 |train mae ravg:  8.62989 |val kld: 2.12551 |val kldravg: 2.14421 |val mae:  7.22852 |val mae ravg:  7.36124 |
|epoch: 142 | lr: 0.000 |train kld: 2.16033 |train kld ravg: 2.17525 |train mae:  8.39874 |train mae ravg:  8.60831 |val kld: 2.13143 |val kldravg: 2.14084 |val mae:  7.19634 |val mae ravg:  7.34414 |
|epoch: 143 | lr: 0.000 |train kld: 2.18551 |train kld ravg: 2.17791 |train mae:  8.77958 |train mae ravg:  8.67445 |val kld: 2.13974 |val kldravg: 2.13739 |val mae:  7.12995 |val mae ravg:  7.27107 |
|epoch: 144 | lr: 0.000 |train kld: 2.17948 |train kld ravg: 2.18113 |train mae:  8.52431 |train mae ravg:  8.68219 |val kld: 2.16305 |val kldravg: 2.14578 |val mae:  7.64413 |val mae ravg:  7.39318 |
|epoch: 145 | lr: 0.000 |train kld: 2.21429 |train kld ravg: 2.19179 |train mae:  9.06147 |train mae ravg:  8.80925 |val kld: 2.19180 |val kldravg: 2.15031 |val mae:  8.05889 |val mae ravg:  7.45157 |
|epoch: 146 | lr: 0.000 |train kld: 2.21448 |train kld ravg: 2.19082 |train mae:  9.13536 |train mae ravg:  8.77989 |val kld: 2.17764 |val kldravg: 2.16073 |val mae:  7.83249 |val mae ravg:  7.57236 |
|epoch: 147 | lr: 0.000 |train kld: 2.15794 |train kld ravg: 2.19034 |train mae:  8.20802 |train mae ravg:  8.74175 |val kld: 2.19788 |val kldravg: 2.17402 |val mae:  8.25878 |val mae ravg:  7.78485 |
|epoch: 148 | lr: 0.000 |train kld: 2.18384 |train kld ravg: 2.19001 |train mae:  8.90988 |train mae ravg:  8.76781 |val kld: 2.12079 |val kldravg: 2.17023 |val mae:  7.09480 |val mae ravg:  7.77782 |
|epoch: 149 | lr: 0.000 |train kld: 2.17332 |train kld ravg: 2.18877 |train mae:  8.48079 |train mae ravg:  8.75910 |val kld: 2.22800 |val kldravg: 2.18322 |val mae:  8.75534 |val mae ravg:  8.00006 |
|epoch: 150 | lr: 0.000 |train kld: 2.12596 |train kld ravg: 2.17111 |train mae:  7.93840 |train mae ravg:  8.53449 |val kld: 2.12952 |val kldravg: 2.17077 |val mae:  7.23957 |val mae ravg:  7.83620 |
|epoch: 151 | lr: 0.000 |train kld: 2.16235 |train kld ravg: 2.16068 |train mae:  8.44935 |train mae ravg:  8.39729 |val kld: 2.15247 |val kldravg: 2.16573 |val mae:  7.51129 |val mae ravg:  7.77196 |
|epoch: 152 | lr: 0.000 |train kld: 2.17182 |train kld ravg: 2.16346 |train mae:  8.29806 |train mae ravg:  8.41529 |val kld: 2.12166 |val kldravg: 2.15049 |val mae:  7.03029 |val mae ravg:  7.52626 |
|epoch: 153 | lr: 0.000 |train kld: 2.17238 |train kld ravg: 2.16117 |train mae:  8.63786 |train mae ravg:  8.36089 |val kld: 2.12607 |val kldravg: 2.15154 |val mae:  7.14187 |val mae ravg:  7.53567 |
|epoch: 154 | lr: 0.000 |train kld: 2.14727 |train kld ravg: 2.15596 |train mae:  8.23835 |train mae ravg:  8.31240 |val kld: 2.14163 |val kldravg: 2.13427 |val mae:  7.42446 |val mae ravg:  7.26950 |
|epoch: 155 | lr: 0.000 |train kld: 2.15290 |train kld ravg: 2.16134 |train mae:  7.98004 |train mae ravg:  8.32073 |val kld: 2.13730 |val kldravg: 2.13582 |val mae:  7.19376 |val mae ravg:  7.26033 |
|epoch: 156 | lr: 0.000 |train kld: 2.17691 |train kld ravg: 2.16426 |train mae:  8.67076 |train mae ravg:  8.36501 |val kld: 2.12464 |val kldravg: 2.13026 |val mae:  7.09888 |val mae ravg:  7.17785 |
|epoch: 157 | lr: 0.000 |train kld: 2.14102 |train kld ravg: 2.15809 |train mae:  8.19335 |train mae ravg:  8.34407 |val kld: 2.16682 |val kldravg: 2.13929 |val mae:  7.79043 |val mae ravg:  7.32988 |
|epoch: 158 | lr: 0.000 |train kld: 2.13443 |train kld ravg: 2.15051 |train mae:  8.23416 |train mae ravg:  8.26333 |val kld: 2.12672 |val kldravg: 2.13942 |val mae:  7.10443 |val mae ravg:  7.32239 |
|epoch: 159 | lr: 0.000 |train kld: 2.13921 |train kld ravg: 2.14889 |train mae:  8.30199 |train mae ravg:  8.27606 |val kld: 2.15783 |val kldravg: 2.14266 |val mae:  7.57639 |val mae ravg:  7.35278 |
|epoch: 160 | lr: 0.000 |train kld: 2.17007 |train kld ravg: 2.15233 |train mae:  8.34344 |train mae ravg:  8.34874 |val kld: 2.12617 |val kldravg: 2.14044 |val mae:  7.07959 |val mae ravg:  7.32995 |
|epoch: 161 | lr: 0.000 |train kld: 2.13568 |train kld ravg: 2.14408 |train mae:  8.33251 |train mae ravg:  8.28109 |val kld: 2.12940 |val kldravg: 2.14139 |val mae:  7.03668 |val mae ravg:  7.31751 |
|epoch: 162 | lr: 0.000 |train kld: 2.18625 |train kld ravg: 2.15313 |train mae:  8.99198 |train mae ravg:  8.44081 |val kld: 2.14275 |val kldravg: 2.13657 |val mae:  7.34869 |val mae ravg:  7.22916 |
|epoch: 163 | lr: 0.000 |train kld: 2.14662 |train kld ravg: 2.15557 |train mae:  8.52500 |train mae ravg:  8.49898 |val kld: 2.15472 |val kldravg: 2.14217 |val mae:  7.58090 |val mae ravg:  7.32445 |
|epoch: 164 | lr: 0.000 |train kld: 2.16327 |train kld ravg: 2.16038 |train mae:  8.04852 |train mae ravg:  8.44829 |val kld: 2.12618 |val kldravg: 2.13584 |val mae:  7.06381 |val mae ravg:  7.22193 |
|epoch: 165 | lr: 0.000 |train kld: 2.18223 |train kld ravg: 2.16281 |train mae:  8.73546 |train mae ravg:  8.52670 |val kld: 2.15266 |val kldravg: 2.14114 |val mae:  7.58407 |val mae ravg:  7.32283 |
|epoch: 166 | lr: 0.000 |train kld: 2.15017 |train kld ravg: 2.16571 |train mae:  8.26422 |train mae ravg:  8.51304 |val kld: 2.14221 |val kldravg: 2.14370 |val mae:  7.29199 |val mae ravg:  7.37389 |
|epoch: 167 | lr: 0.000 |train kld: 2.18628 |train kld ravg: 2.16572 |train mae:  8.61645 |train mae ravg:  8.43793 |val kld: 2.13464 |val kldravg: 2.14208 |val mae:  7.15124 |val mae ravg:  7.33440 |
|epoch: 168 | lr: 0.000 |train kld: 2.17091 |train kld ravg: 2.17057 |train mae:  8.64359 |train mae ravg:  8.46165 |val kld: 2.14860 |val kldravg: 2.14086 |val mae:  7.48802 |val mae ravg:  7.31583 |
|epoch: 169 | lr: 0.000 |train kld: 2.15427 |train kld ravg: 2.16877 |train mae:  8.28033 |train mae ravg:  8.50801 |val kld: 2.15029 |val kldravg: 2.14568 |val mae:  7.47912 |val mae ravg:  7.39889 |
|epoch: 170 | lr: 0.000 |train kld: 2.19004 |train kld ravg: 2.17034 |train mae:  8.79617 |train mae ravg:  8.52015 |val kld: 2.12738 |val kldravg: 2.14063 |val mae:  7.13231 |val mae ravg:  7.30854 |
|epoch: 171 | lr: 0.000 |train kld: 2.15333 |train kld ravg: 2.17097 |train mae:  8.45496 |train mae ravg:  8.55830 |val kld: 2.16263 |val kldravg: 2.14471 |val mae:  7.62638 |val mae ravg:  7.37541 |
|epoch: 172 | lr: 0.000 |train kld: 2.16136 |train kld ravg: 2.16598 |train mae:  8.37464 |train mae ravg:  8.50994 |val kld: 2.13909 |val kldravg: 2.14560 |val mae:  7.32901 |val mae ravg:  7.41097 |
|epoch: 173 | lr: 0.000 |train kld: 2.15363 |train kld ravg: 2.16253 |train mae:  8.34901 |train mae ravg:  8.45102 |val kld: 2.13852 |val kldravg: 2.14358 |val mae:  7.34598 |val mae ravg:  7.38256 |
|epoch: 174 | lr: 0.000 |train kld: 2.17040 |train kld ravg: 2.16575 |train mae:  8.46867 |train mae ravg:  8.48869 |val kld: 2.13264 |val kldravg: 2.14005 |val mae:  7.21301 |val mae ravg:  7.32934 |
|epoch: 175 | lr: 0.000 |train kld: 2.16152 |train kld ravg: 2.16005 |train mae:  8.34864 |train mae ravg:  8.39918 |val kld: 2.14255 |val kldravg: 2.14309 |val mae:  7.31980 |val mae ravg:  7.36684 |
|epoch: 176 | lr: 0.000 |train kld: 2.13983 |train kld ravg: 2.15735 |train mae:  8.46880 |train mae ravg:  8.40195 |val kld: 2.12539 |val kldravg: 2.13564 |val mae:  7.03356 |val mae ravg:  7.24827 |
|epoch: 177 | lr: 0.000 |train kld: 2.15605 |train kld ravg: 2.15629 |train mae:  8.11502 |train mae ravg:  8.35003 |val kld: 2.12571 |val kldravg: 2.13296 |val mae:  7.07404 |val mae ravg:  7.19728 |
|epoch: 178 | lr: 0.000 |train kld: 2.15041 |train kld ravg: 2.15564 |train mae:  8.33144 |train mae ravg:  8.34651 |val kld: 2.11783 |val kldravg: 2.12882 |val mae:  6.88346 |val mae ravg:  7.10477 |
|epoch: 179 | lr: 0.000 |train kld: 2.16938 |train kld ravg: 2.15544 |train mae:  8.35725 |train mae ravg:  8.32423 |val kld: 2.13350 |val kldravg: 2.12899 |val mae:  7.17677 |val mae ravg:  7.09753 |
|epoch: 180 | lr: 0.000 |train kld: 2.15254 |train kld ravg: 2.15364 |train mae:  8.39089 |train mae ravg:  8.33268 |val kld: 2.11111 |val kldravg: 2.12271 |val mae:  6.76449 |val mae ravg:  6.98647 |
|epoch: 181 | lr: 0.000 |train kld: 2.14228 |train kld ravg: 2.15414 |train mae:  8.27135 |train mae ravg:  8.29319 |val kld: 2.14553 |val kldravg: 2.12673 |val mae:  7.39677 |val mae ravg:  7.05911 |
|epoch: 182 | lr: 0.000 |train kld: 2.18460 |train kld ravg: 2.15984 |train mae:  8.61848 |train mae ravg:  8.39388 |val kld: 2.12850 |val kldravg: 2.12729 |val mae:  7.12625 |val mae ravg:  7.06955 |
|epoch: 183 | lr: 0.000 |train kld: 2.19065 |train kld ravg: 2.16789 |train mae:  8.89413 |train mae ravg:  8.50642 |val kld: 2.12111 |val kldravg: 2.12795 |val mae:  7.02240 |val mae ravg:  7.09734 |
|epoch: 184 | lr: 0.000 |train kld: 2.16264 |train kld ravg: 2.16654 |train mae:  8.61234 |train mae ravg:  8.55744 |val kld: 2.12680 |val kldravg: 2.12661 |val mae:  7.10526 |val mae ravg:  7.08303 |
|epoch: 185 | lr: 0.000 |train kld: 2.16825 |train kld ravg: 2.16968 |train mae:  8.41172 |train mae ravg:  8.56160 |val kld: 2.11842 |val kldravg: 2.12807 |val mae:  6.99888 |val mae ravg:  7.12991 |
|epoch: 186 | lr: 0.000 |train kld: 2.13532 |train kld ravg: 2.16829 |train mae:  8.17902 |train mae ravg:  8.54314 |val kld: 2.11351 |val kldravg: 2.12167 |val mae:  6.90391 |val mae ravg:  7.03134 |
|epoch: 187 | lr: 0.000 |train kld: 2.17313 |train kld ravg: 2.16600 |train mae:  8.43525 |train mae ravg:  8.50649 |val kld: 2.11113 |val kldravg: 2.11819 |val mae:  6.86039 |val mae ravg:  6.97817 |
|epoch: 188 | lr: 0.000 |train kld: 2.14674 |train kld ravg: 2.15722 |train mae:  8.38657 |train mae ravg:  8.40498 |val kld: 2.11343 |val kldravg: 2.11666 |val mae:  6.89200 |val mae ravg:  6.95209 |
|epoch: 189 | lr: 0.000 |train kld: 2.18282 |train kld ravg: 2.16125 |train mae:  8.52515 |train mae ravg:  8.38754 |val kld: 2.14583 |val kldravg: 2.12046 |val mae:  7.39884 |val mae ravg:  7.01080 |
|epoch: 190 | lr: 0.000 |train kld: 2.19957 |train kld ravg: 2.16752 |train mae:  8.91085 |train mae ravg:  8.48737 |val kld: 2.15582 |val kldravg: 2.12794 |val mae:  7.62646 |val mae ravg:  7.13632 |
|epoch: 191 | lr: 0.000 |train kld: 2.16260 |train kld ravg: 2.17297 |train mae:  8.71688 |train mae ravg:  8.59494 |val kld: 2.14689 |val kldravg: 2.13462 |val mae:  7.40797 |val mae ravg:  7.23713 |
|epoch: 192 | lr: 0.000 |train kld: 2.15773 |train kld ravg: 2.16989 |train mae:  8.23703 |train mae ravg:  8.55529 |val kld: 2.15794 |val kldravg: 2.14398 |val mae:  7.63807 |val mae ravg:  7.39267 |
|epoch: 193 | lr: 0.000 |train kld: 2.15693 |train kld ravg: 2.17193 |train mae:  8.57816 |train mae ravg:  8.59361 |val kld: 2.14324 |val kldravg: 2.14994 |val mae:  7.40553 |val mae ravg:  7.49537 |
|epoch: 194 | lr: 0.000 |train kld: 2.14431 |train kld ravg: 2.16423 |train mae:  8.15789 |train mae ravg:  8.52016 |val kld: 2.12265 |val kldravg: 2.14531 |val mae:  6.95850 |val mae ravg:  7.40731 |
|epoch: 195 | lr: 0.000 |train kld: 2.16810 |train kld ravg: 2.15793 |train mae:  8.55059 |train mae ravg:  8.44811 |val kld: 2.12586 |val kldravg: 2.13931 |val mae:  7.09351 |val mae ravg:  7.30071 |
|epoch: 196 | lr: 0.000 |train kld: 2.15629 |train kld ravg: 2.15667 |train mae:  8.60747 |train mae ravg:  8.42623 |val kld: 2.13343 |val kldravg: 2.13662 |val mae:  7.18015 |val mae ravg:  7.25515 |
|epoch: 197 | lr: 0.000 |train kld: 2.14641 |train kld ravg: 2.15441 |train mae:  7.97495 |train mae ravg:  8.37381 |val kld: 2.13441 |val kldravg: 2.13192 |val mae:  7.22556 |val mae ravg:  7.17265 |
|epoch: 198 | lr: 0.000 |train kld: 2.15432 |train kld ravg: 2.15388 |train mae:  8.10502 |train mae ravg:  8.27919 |val kld: 2.11624 |val kldravg: 2.12652 |val mae:  6.90978 |val mae ravg:  7.07350 |
|epoch: 199 | lr: 0.000 |train kld: 2.16813 |train kld ravg: 2.15865 |train mae:  8.46638 |train mae ravg:  8.34088 |val kld: 2.14183 |val kldravg: 2.13036 |val mae:  7.39013 |val mae ravg:  7.15983 |
|epoch: 200 | lr: 0.000 |train kld: 2.18442 |train kld ravg: 2.16191 |train mae:  8.83535 |train mae ravg:  8.39784 |val kld: 2.16110 |val kldravg: 2.13740 |val mae:  7.61041 |val mae ravg:  7.26321 |
|epoch: 201 | lr: 0.000 |train kld: 2.16015 |train kld ravg: 2.16269 |train mae:  8.26733 |train mae ravg:  8.32981 |val kld: 2.14657 |val kldravg: 2.14003 |val mae:  7.37778 |val mae ravg:  7.30273 |
|epoch: 202 | lr: 0.000 |train kld: 2.18262 |train kld ravg: 2.16993 |train mae:  8.72324 |train mae ravg:  8.47947 |val kld: 2.13660 |val kldravg: 2.14047 |val mae:  7.25297 |val mae ravg:  7.30821 |
|epoch: 203 | lr: 0.000 |train kld: 2.18692 |train kld ravg: 2.17645 |train mae:  8.74047 |train mae ravg:  8.60655 |val kld: 2.12238 |val kldravg: 2.14170 |val mae:  7.03308 |val mae ravg:  7.33287 |
|epoch: 204 | lr: 0.000 |train kld: 2.17826 |train kld ravg: 2.17847 |train mae:  8.71601 |train mae ravg:  8.65648 |val kld: 2.12213 |val kldravg: 2.13776 |val mae:  7.09195 |val mae ravg:  7.27324 |
|epoch: 205 | lr: 0.000 |train kld: 2.14619 |train kld ravg: 2.17083 |train mae:  8.22656 |train mae ravg:  8.53472 |val kld: 2.12826 |val kldravg: 2.13119 |val mae:  7.14845 |val mae ravg:  7.18085 |
|epoch: 206 | lr: 0.000 |train kld: 2.15733 |train kld ravg: 2.17027 |train mae:  8.28003 |train mae ravg:  8.53726 |val kld: 2.12785 |val kldravg: 2.12745 |val mae:  7.07885 |val mae ravg:  7.12106 |
|epoch: 207 | lr: 0.000 |train kld: 2.19354 |train kld ravg: 2.17245 |train mae:  8.21192 |train mae ravg:  8.43500 |val kld: 2.13033 |val kldravg: 2.12619 |val mae:  7.16666 |val mae ravg:  7.10380 |
|epoch: 208 | lr: 0.000 |train kld: 2.14837 |train kld ravg: 2.16474 |train mae:  8.47935 |train mae ravg:  8.38278 |val kld: 2.12733 |val kldravg: 2.12718 |val mae:  7.06102 |val mae ravg:  7.10939 |
|epoch: 209 | lr: 0.000 |train kld: 2.18125 |train kld ravg: 2.16534 |train mae:  8.76731 |train mae ravg:  8.39304 |val kld: 2.11208 |val kldravg: 2.12517 |val mae:  6.89826 |val mae ravg:  7.07065 |
|epoch: 210 | lr: 0.000 |train kld: 2.17827 |train kld ravg: 2.17175 |train mae:  8.77096 |train mae ravg:  8.50191 |val kld: 2.13834 |val kldravg: 2.12719 |val mae:  7.31193 |val mae ravg:  7.10335 |
|epoch: 211 | lr: 0.000 |train kld: 2.20147 |train kld ravg: 2.18058 |train mae:  8.72849 |train mae ravg:  8.59161 |val kld: 2.11790 |val kldravg: 2.12520 |val mae:  7.03549 |val mae ravg:  7.09467 |
|epoch: 212 | lr: 0.000 |train kld: 2.16424 |train kld ravg: 2.17472 |train mae:  8.52994 |train mae ravg:  8.65521 |val kld: 2.14644 |val kldravg: 2.12842 |val mae:  7.41169 |val mae ravg:  7.14368 |
|epoch: 213 | lr: 0.000 |train kld: 2.13720 |train kld ravg: 2.17248 |train mae:  8.55509 |train mae ravg:  8.67036 |val kld: 2.11254 |val kldravg: 2.12546 |val mae:  6.88714 |val mae ravg:  7.10890 |
|epoch: 214 | lr: 0.000 |train kld: 2.18064 |train kld ravg: 2.17236 |train mae:  8.40732 |train mae ravg:  8.59836 |val kld: 2.15690 |val kldravg: 2.13443 |val mae:  7.63298 |val mae ravg:  7.25585 |
|epoch: 215 | lr: 0.000 |train kld: 2.15510 |train kld ravg: 2.16773 |train mae:  8.45193 |train mae ravg:  8.53455 |val kld: 2.13682 |val kldravg: 2.13412 |val mae:  7.27979 |val mae ravg:  7.24942 |
|epoch: 216 | lr: 0.000 |train kld: 2.16494 |train kld ravg: 2.16042 |train mae:  8.53871 |train mae ravg:  8.49660 |val kld: 2.12106 |val kldravg: 2.13475 |val mae:  6.99346 |val mae ravg:  7.24101 |
|epoch: 217 | lr: 0.000 |train kld: 2.14938 |train kld ravg: 2.15745 |train mae:  8.20244 |train mae ravg:  8.43110 |val kld: 2.11530 |val kldravg: 2.12852 |val mae:  6.93499 |val mae ravg:  7.14567 |
|epoch: 218 | lr: 0.000 |train kld: 2.18226 |train kld ravg: 2.16646 |train mae:  8.65479 |train mae ravg:  8.45104 |val kld: 2.12290 |val kldravg: 2.13060 |val mae:  7.12172 |val mae ravg:  7.19259 |
|epoch: 219 | lr: 0.000 |train kld: 2.17082 |train kld ravg: 2.16450 |train mae:  8.27215 |train mae ravg:  8.42401 |val kld: 2.14488 |val kldravg: 2.12819 |val mae:  7.45471 |val mae ravg:  7.15693 |
|epoch: 220 | lr: 0.000 |train kld: 2.14911 |train kld ravg: 2.16330 |train mae:  8.01617 |train mae ravg:  8.33685 |val kld: 2.14641 |val kldravg: 2.13011 |val mae:  7.49873 |val mae ravg:  7.20072 |
|epoch: 221 | lr: 0.000 |train kld: 2.20257 |train kld ravg: 2.17083 |train mae:  8.93960 |train mae ravg:  8.41703 |val kld: 2.13395 |val kldravg: 2.13269 |val mae:  7.19548 |val mae ravg:  7.24113 |
|epoch: 222 | lr: 0.000 |train kld: 2.16798 |train kld ravg: 2.17455 |train mae:  8.63077 |train mae ravg:  8.50270 |val kld: 2.12171 |val kldravg: 2.13397 |val mae:  7.05066 |val mae ravg:  7.26426 |
|epoch: 223 | lr: 0.000 |train kld: 2.17200 |train kld ravg: 2.17250 |train mae:  8.21175 |train mae ravg:  8.41409 |val kld: 2.13556 |val kldravg: 2.13650 |val mae:  7.22738 |val mae ravg:  7.28539 |
|epoch: 224 | lr: 0.000 |train kld: 2.16377 |train kld ravg: 2.17108 |train mae:  8.25110 |train mae ravg:  8.40988 |val kld: 2.12072 |val kldravg: 2.13167 |val mae:  7.10030 |val mae ravg:  7.21451 |
|epoch: 225 | lr: 0.000 |train kld: 2.14867 |train kld ravg: 2.17100 |train mae:  7.88748 |train mae ravg:  8.38414 |val kld: 2.14913 |val kldravg: 2.13221 |val mae:  7.45683 |val mae ravg:  7.20613 |
|epoch: 226 | lr: 0.000 |train kld: 2.15204 |train kld ravg: 2.16089 |train mae:  8.20875 |train mae ravg:  8.23797 |val kld: 2.12134 |val kldravg: 2.12969 |val mae:  7.05104 |val mae ravg:  7.17724 |
|epoch: 227 | lr: 0.000 |train kld: 2.14536 |train kld ravg: 2.15637 |train mae:  8.19355 |train mae ravg:  8.15053 |val kld: 2.11005 |val kldravg: 2.12736 |val mae:  6.82346 |val mae ravg:  7.13180 |
|epoch: 228 | lr: 0.000 |train kld: 2.15737 |train kld ravg: 2.15344 |train mae:  8.45881 |train mae ravg:  8.19994 |val kld: 2.12391 |val kldravg: 2.12503 |val mae:  7.09074 |val mae ravg:  7.10447 |
|epoch: 229 | lr: 0.000 |train kld: 2.15053 |train kld ravg: 2.15079 |train mae:  8.42699 |train mae ravg:  8.23512 |val kld: 2.13623 |val kldravg: 2.12813 |val mae:  7.31072 |val mae ravg:  7.14656 |
|epoch: 230 | lr: 0.000 |train kld: 2.15519 |train kld ravg: 2.15210 |train mae:  8.08712 |train mae ravg:  8.27505 |val kld: 2.15040 |val kldravg: 2.12839 |val mae:  7.53046 |val mae ravg:  7.16128 |
|epoch: 231 | lr: 0.000 |train kld: 2.12793 |train kld ravg: 2.14727 |train mae:  8.12761 |train mae ravg:  8.25882 |val kld: 2.15072 |val kldravg: 2.13426 |val mae:  7.48194 |val mae ravg:  7.24746 |
|epoch: 232 | lr: 0.000 |train kld: 2.14020 |train kld ravg: 2.14624 |train mae:  7.94230 |train mae ravg:  8.20857 |val kld: 2.12080 |val kldravg: 2.13641 |val mae:  7.04780 |val mae ravg:  7.29233 |
|epoch: 233 | lr: 0.000 |train kld: 2.12117 |train kld ravg: 2.13900 |train mae:  7.89085 |train mae ravg:  8.09498 |val kld: 2.16980 |val kldravg: 2.14559 |val mae:  7.85529 |val mae ravg:  7.44524 |
|epoch: 234 | lr: 0.000 |train kld: 2.17120 |train kld ravg: 2.14314 |train mae:  8.52308 |train mae ravg:  8.11419 |val kld: 2.14083 |val kldravg: 2.14651 |val mae:  7.33949 |val mae ravg:  7.45100 |
|epoch: 235 | lr: 0.000 |train kld: 2.17420 |train kld ravg: 2.14694 |train mae:  8.59030 |train mae ravg:  8.21483 |val kld: 2.10882 |val kldravg: 2.13819 |val mae:  6.74908 |val mae ravg:  7.29472 |
|epoch: 236 | lr: 0.000 |train kld: 2.19214 |train kld ravg: 2.15978 |train mae:  8.75221 |train mae ravg:  8.33975 |val kld: 2.12431 |val kldravg: 2.13291 |val mae:  7.05777 |val mae ravg:  7.20989 |
|epoch: 237 | lr: 0.000 |train kld: 2.16845 |train kld ravg: 2.16543 |train mae:  8.68033 |train mae ravg:  8.48736 |val kld: 2.10964 |val kldravg: 2.13068 |val mae:  6.94269 |val mae ravg:  7.18886 |
|epoch: 238 | lr: 0.000 |train kld: 2.17410 |train kld ravg: 2.17602 |train mae:  8.62243 |train mae ravg:  8.63367 |val kld: 2.10997 |val kldravg: 2.11872 |val mae:  6.79637 |val mae ravg:  6.97708 |
|epoch: 239 | lr: 0.000 |train kld: 2.16175 |train kld ravg: 2.17413 |train mae:  8.42298 |train mae ravg:  8.61365 |val kld: 2.13116 |val kldravg: 2.11678 |val mae:  7.14150 |val mae ravg:  6.93748 |
|epoch: 240 | lr: 0.000 |train kld: 2.15992 |train kld ravg: 2.17127 |train mae:  8.28476 |train mae ravg:  8.55254 |val kld: 2.12841 |val kldravg: 2.12070 |val mae:  7.17843 |val mae ravg:  7.02335 |
|epoch: 241 | lr: 0.000 |train kld: 2.20458 |train kld ravg: 2.17376 |train mae:  8.80286 |train mae ravg:  8.56267 |val kld: 2.16460 |val kldravg: 2.12876 |val mae:  7.82484 |val mae ravg:  7.17676 |
|epoch: 242 | lr: 0.000 |train kld: 2.16223 |train kld ravg: 2.17252 |train mae:  8.43007 |train mae ravg:  8.51262 |val kld: 2.12577 |val kldravg: 2.13198 |val mae:  7.08809 |val mae ravg:  7.20584 |
|epoch: 243 | lr: 0.000 |train kld: 2.15755 |train kld ravg: 2.16921 |train mae:  8.69065 |train mae ravg:  8.52627 |val kld: 2.15328 |val kldravg: 2.14064 |val mae:  7.60597 |val mae ravg:  7.36776 |
|epoch: 244 | lr: 0.000 |train kld: 2.15702 |train kld ravg: 2.16826 |train mae:  8.22821 |train mae ravg:  8.48731 |val kld: 2.13058 |val kldravg: 2.14053 |val mae:  7.17815 |val mae ravg:  7.37509 |
|epoch: 245 | lr: 0.000 |train kld: 2.14006 |train kld ravg: 2.16429 |train mae:  8.23132 |train mae ravg:  8.47662 |val kld: 2.11842 |val kldravg: 2.13853 |val mae:  7.04516 |val mae ravg:  7.34844 |
|epoch: 246 | lr: 0.000 |train kld: 2.14240 |train kld ravg: 2.15185 |train mae:  8.41375 |train mae ravg:  8.39880 |val kld: 2.11756 |val kldravg: 2.12912 |val mae:  6.96197 |val mae ravg:  7.17587 |
|epoch: 247 | lr: 0.000 |train kld: 2.13848 |train kld ravg: 2.14710 |train mae:  8.39932 |train mae ravg:  8.39265 |val kld: 2.16430 |val kldravg: 2.13683 |val mae:  7.73710 |val mae ravg:  7.30567 |
|epoch: 248 | lr: 0.000 |train kld: 2.17574 |train kld ravg: 2.15074 |train mae:  8.61513 |train mae ravg:  8.37755 |val kld: 2.15471 |val kldravg: 2.13711 |val mae:  7.63869 |val mae ravg:  7.31221 |
|epoch: 249 | lr: 0.000 |train kld: 2.18640 |train kld ravg: 2.15661 |train mae:  8.80230 |train mae ravg:  8.49236 |val kld: 2.15841 |val kldravg: 2.14268 |val mae:  7.75099 |val mae ravg:  7.42678 |
|epoch: 250 | lr: 0.000 |train kld: 2.17790 |train kld ravg: 2.16418 |train mae:  8.42091 |train mae ravg:  8.53028 |val kld: 2.13182 |val kldravg: 2.14536 |val mae:  7.21264 |val mae ravg:  7.46028 |
|epoch: 251 | lr: 0.000 |train kld: 2.16690 |train kld ravg: 2.16909 |train mae:  8.41312 |train mae ravg:  8.53015 |val kld: 2.12896 |val kldravg: 2.14764 |val mae:  7.13834 |val mae ravg:  7.49555 |
|epoch: 252 | lr: 0.000 |train kld: 2.17438 |train kld ravg: 2.17626 |train mae:  8.52235 |train mae ravg:  8.55476 |val kld: 2.13347 |val kldravg: 2.14148 |val mae:  7.19245 |val mae ravg:  7.38662 |
|epoch: 253 | lr: 0.000 |train kld: 2.15728 |train kld ravg: 2.17257 |train mae:  8.26757 |train mae ravg:  8.48525 |val kld: 2.10894 |val kldravg: 2.13232 |val mae:  6.86139 |val mae ravg:  7.23116 |
|epoch: 254 | lr: 0.000 |train kld: 2.16626 |train kld ravg: 2.16855 |train mae:  8.32001 |train mae ravg:  8.38879 |val kld: 2.12973 |val kldravg: 2.12658 |val mae:  7.16635 |val mae ravg:  7.11423 |
|epoch: 255 | lr: 0.000 |train kld: 2.12940 |train kld ravg: 2.15884 |train mae:  8.07856 |train mae ravg:  8.32032 |val kld: 2.14976 |val kldravg: 2.13017 |val mae:  7.45310 |val mae ravg:  7.16233 |
|epoch: 256 | lr: 0.000 |train kld: 2.16245 |train kld ravg: 2.15795 |train mae:  8.60554 |train mae ravg:  8.35881 |val kld: 2.11555 |val kldravg: 2.12749 |val mae:  6.88219 |val mae ravg:  7.11110 |
|epoch: 257 | lr: 0.000 |train kld: 2.15467 |train kld ravg: 2.15401 |train mae:  8.13308 |train mae ravg:  8.28095 |val kld: 2.11677 |val kldravg: 2.12415 |val mae:  6.92151 |val mae ravg:  7.05691 |
|epoch: 258 | lr: 0.000 |train kld: 2.17475 |train kld ravg: 2.15750 |train mae:  8.48927 |train mae ravg:  8.32529 |val kld: 2.12764 |val kldravg: 2.12789 |val mae:  7.11317 |val mae ravg:  7.10726 |
|epoch: 259 | lr: 0.000 |train kld: 2.16924 |train kld ravg: 2.15810 |train mae:  8.53930 |train mae ravg:  8.36915 |val kld: 2.16581 |val kldravg: 2.13511 |val mae:  7.84997 |val mae ravg:  7.24399 |
|epoch: 260 | lr: 0.000 |train kld: 2.19062 |train kld ravg: 2.17034 |train mae:  8.96759 |train mae ravg:  8.54696 |val kld: 2.14661 |val kldravg: 2.13448 |val mae:  7.44772 |val mae ravg:  7.24291 |
|epoch: 261 | lr: 0.000 |train kld: 2.16831 |train kld ravg: 2.17152 |train mae:  8.39647 |train mae ravg:  8.50514 |val kld: 2.12894 |val kldravg: 2.13715 |val mae:  7.20469 |val mae ravg:  7.30741 |
|epoch: 262 | lr: 0.000 |train kld: 2.15558 |train kld ravg: 2.17170 |train mae:  8.54935 |train mae ravg:  8.58840 |val kld: 2.13446 |val kldravg: 2.14069 |val mae:  7.24494 |val mae ravg:  7.37210 |
|epoch: 263 | lr: 0.000 |train kld: 2.13180 |train kld ravg: 2.16311 |train mae:  7.98875 |train mae ravg:  8.48829 |val kld: 2.11475 |val kldravg: 2.13811 |val mae:  6.93798 |val mae ravg:  7.33706 |
|epoch: 264 | lr: 0.000 |train kld: 2.16528 |train kld ravg: 2.16232 |train mae:  8.62393 |train mae ravg:  8.50522 |val kld: 2.12082 |val kldravg: 2.12912 |val mae:  6.98760 |val mae ravg:  7.16459 |
|epoch: 265 | lr: 0.000 |train kld: 2.16786 |train kld ravg: 2.15776 |train mae:  8.56894 |train mae ravg:  8.42549 |val kld: 2.11382 |val kldravg: 2.12256 |val mae:  6.87735 |val mae ravg:  7.05051 |
|epoch: 266 | lr: 0.000 |train kld: 2.11583 |train kld ravg: 2.14727 |train mae:  7.90323 |train mae ravg:  8.32684 |val kld: 2.13394 |val kldravg: 2.12356 |val mae:  7.16251 |val mae ravg:  7.04208 |
|epoch: 267 | lr: 0.000 |train kld: 2.14630 |train kld ravg: 2.14541 |train mae:  8.44018 |train mae ravg:  8.30501 |val kld: 2.12642 |val kldravg: 2.12195 |val mae:  7.02866 |val mae ravg:  6.99882 |
|epoch: 268 | lr: 0.000 |train kld: 2.17902 |train kld ravg: 2.15486 |train mae:  8.57068 |train mae ravg:  8.42139 |val kld: 2.12513 |val kldravg: 2.12402 |val mae:  7.07985 |val mae ravg:  7.02719 |
|epoch: 269 | lr: 0.000 |train kld: 2.17258 |train kld ravg: 2.15632 |train mae:  8.35333 |train mae ravg:  8.36727 |val kld: 2.13243 |val kldravg: 2.12635 |val mae:  7.20138 |val mae ravg:  7.06995 |
|epoch: 270 | lr: 0.000 |train kld: 2.15395 |train kld ravg: 2.15354 |train mae:  8.36755 |train mae ravg:  8.32700 |val kld: 2.12852 |val kldravg: 2.12929 |val mae:  7.12067 |val mae ravg:  7.11861 |
|epoch: 271 | lr: 0.000 |train kld: 2.17476 |train kld ravg: 2.16532 |train mae:  8.60558 |train mae ravg:  8.46747 |val kld: 2.14721 |val kldravg: 2.13194 |val mae:  7.48910 |val mae ravg:  7.18393 |
|epoch: 272 | lr: 0.000 |train kld: 2.16311 |train kld ravg: 2.16868 |train mae:  8.53113 |train mae ravg:  8.48565 |val kld: 2.13676 |val kldravg: 2.13401 |val mae:  7.26814 |val mae ravg:  7.23183 |
|epoch: 273 | lr: 0.000 |train kld: 2.17659 |train kld ravg: 2.16820 |train mae:  8.61767 |train mae ravg:  8.49505 |val kld: 2.12858 |val kldravg: 2.13470 |val mae:  7.06631 |val mae ravg:  7.22912 |
|epoch: 274 | lr: 0.000 |train kld: 2.16448 |train kld ravg: 2.16658 |train mae:  8.20210 |train mae ravg:  8.46481 |val kld: 2.18159 |val kldravg: 2.14453 |val mae:  8.05504 |val mae ravg:  7.39985 |
|epoch: 275 | lr: 0.000 |train kld: 2.16293 |train kld ravg: 2.16837 |train mae:  8.49735 |train mae ravg:  8.49077 |val kld: 2.11987 |val kldravg: 2.14280 |val mae:  7.02336 |val mae ravg:  7.38039 |
|epoch: 276 | lr: 0.000 |train kld: 2.14544 |train kld ravg: 2.16251 |train mae:  8.66208 |train mae ravg:  8.50207 |val kld: 2.12269 |val kldravg: 2.13790 |val mae:  7.06300 |val mae ravg:  7.29517 |
|epoch: 277 | lr: 0.000 |train kld: 2.16245 |train kld ravg: 2.16238 |train mae:  8.13381 |train mae ravg:  8.42260 |val kld: 2.12894 |val kldravg: 2.13634 |val mae:  7.20918 |val mae ravg:  7.28338 |
|epoch: 278 | lr: 0.000 |train kld: 2.15015 |train kld ravg: 2.15709 |train mae:  8.38611 |train mae ravg:  8.37629 |val kld: 2.16203 |val kldravg: 2.14303 |val mae:  7.71480 |val mae ravg:  7.41308 |
|epoch: 279 | lr: 0.000 |train kld: 2.15618 |train kld ravg: 2.15543 |train mae:  8.63368 |train mae ravg:  8.46261 |val kld: 2.12885 |val kldravg: 2.13248 |val mae:  7.14017 |val mae ravg:  7.23010 |
|epoch: 280 | lr: 0.000 |train kld: 2.20802 |train kld ravg: 2.16445 |train mae:  9.35724 |train mae ravg:  8.63458 |val kld: 2.12102 |val kldravg: 2.13271 |val mae:  6.98953 |val mae ravg:  7.22334 |
|epoch: 281 | lr: 0.000 |train kld: 2.14169 |train kld ravg: 2.16370 |train mae:  8.30172 |train mae ravg:  8.56251 |val kld: 2.17969 |val kldravg: 2.14411 |val mae:  7.99399 |val mae ravg:  7.40954 |
|epoch: 282 | lr: 0.000 |train kld: 2.14066 |train kld ravg: 2.15934 |train mae:  8.19419 |train mae ravg:  8.57458 |val kld: 2.11753 |val kldravg: 2.14183 |val mae:  6.96418 |val mae ravg:  7.36053 |
|epoch: 283 | lr: 0.000 |train kld: 2.16350 |train kld ravg: 2.16201 |train mae:  8.46732 |train mae ravg:  8.59083 |val kld: 2.12329 |val kldravg: 2.13408 |val mae:  7.02612 |val mae ravg:  7.22280 |
|epoch: 284 | lr: 0.000 |train kld: 2.16214 |train kld ravg: 2.16320 |train mae:  8.49383 |train mae ravg:  8.56286 |val kld: 2.11922 |val kldravg: 2.13215 |val mae:  6.94058 |val mae ravg:  7.18288 |
|epoch: 285 | lr: 0.000 |train kld: 2.15422 |train kld ravg: 2.15244 |train mae:  8.47214 |train mae ravg:  8.38584 |val kld: 2.15364 |val kldravg: 2.13867 |val mae:  7.60372 |val mae ravg:  7.30572 |
|epoch: 286 | lr: 0.000 |train kld: 2.18970 |train kld ravg: 2.16204 |train mae:  8.57470 |train mae ravg:  8.44043 |val kld: 2.11950 |val kldravg: 2.12664 |val mae:  7.09469 |val mae ravg:  7.12586 |
|epoch: 287 | lr: 0.000 |train kld: 2.18682 |train kld ravg: 2.17128 |train mae:  8.61308 |train mae ravg:  8.52421 |val kld: 2.13494 |val kldravg: 2.13012 |val mae:  7.22835 |val mae ravg:  7.17869 |
|epoch: 288 | lr: 0.000 |train kld: 2.16757 |train kld ravg: 2.17209 |train mae:  8.70083 |train mae ravg:  8.57091 |val kld: 2.16124 |val kldravg: 2.13771 |val mae:  7.72262 |val mae ravg:  7.31799 |
|epoch: 289 | lr: 0.000 |train kld: 2.16734 |train kld ravg: 2.17313 |train mae:  8.89768 |train mae ravg:  8.65168 |val kld: 2.16387 |val kldravg: 2.14664 |val mae:  7.76971 |val mae ravg:  7.48382 |
|epoch: 290 | lr: 0.000 |train kld: 2.17654 |train kld ravg: 2.17759 |train mae:  8.42898 |train mae ravg:  8.64305 |val kld: 2.15268 |val kldravg: 2.14644 |val mae:  7.56488 |val mae ravg:  7.47605 |
|epoch: 291 | lr: 0.000 |train kld: 2.20460 |train kld ravg: 2.18057 |train mae:  8.83220 |train mae ravg:  8.69455 |val kld: 2.13358 |val kldravg: 2.14926 |val mae:  7.25298 |val mae ravg:  7.50771 |
|epoch: 292 | lr: 0.000 |train kld: 2.16484 |train kld ravg: 2.17618 |train mae:  8.27982 |train mae ravg:  8.62790 |val kld: 2.14324 |val kldravg: 2.15092 |val mae:  7.38361 |val mae ravg:  7.53876 |
|epoch: 293 | lr: 0.000 |train kld: 2.16656 |train kld ravg: 2.17598 |train mae:  8.67610 |train mae ravg:  8.62296 |val kld: 2.16170 |val kldravg: 2.15101 |val mae:  7.70803 |val mae ravg:  7.53584 |
|epoch: 294 | lr: 0.000 |train kld: 2.14796 |train kld ravg: 2.17210 |train mae:  8.51714 |train mae ravg:  8.54685 |val kld: 2.15754 |val kldravg: 2.14975 |val mae:  7.60030 |val mae ravg:  7.50196 |
|epoch: 295 | lr: 0.000 |train kld: 2.18242 |train kld ravg: 2.17328 |train mae:  8.51276 |train mae ravg:  8.56360 |val kld: 2.12006 |val kldravg: 2.14323 |val mae:  6.97743 |val mae ravg:  7.38447 |
|epoch: 296 | lr: 0.000 |train kld: 2.15934 |train kld ravg: 2.16422 |train mae:  8.47314 |train mae ravg:  8.49179 |val kld: 2.13589 |val kldravg: 2.14369 |val mae:  7.28205 |val mae ravg:  7.39028 |
|epoch: 297 | lr: 0.000 |train kld: 2.16284 |train kld ravg: 2.16382 |train mae:  8.27774 |train mae ravg:  8.49138 |val kld: 2.12889 |val kldravg: 2.14082 |val mae:  7.08580 |val mae ravg:  7.33072 |
|epoch: 298 | lr: 0.000 |train kld: 2.14322 |train kld ravg: 2.15916 |train mae:  8.21052 |train mae ravg:  8.39826 |val kld: 2.12644 |val kldravg: 2.13377 |val mae:  7.12704 |val mae ravg:  7.21452 |
|epoch: 299 | lr: 0.000 |train kld: 2.18749 |train kld ravg: 2.16706 |train mae:  8.79889 |train mae ravg:  8.45461 |val kld: 2.12593 |val kldravg: 2.12745 |val mae:  7.07393 |val mae ravg:  7.10925 |
|epoch: 300 | lr: 0.000 |train kld: 2.21080 |train kld ravg: 2.17274 |train mae:  8.94416 |train mae ravg:  8.54089 |val kld: 2.13148 |val kldravg: 2.12973 |val mae:  7.18003 |val mae ravg:  7.14977 |
|epoch: 301 | lr: 0.000 |train kld: 2.11641 |train kld ravg: 2.16415 |train mae:  8.32493 |train mae ravg:  8.51125 |val kld: 2.14365 |val kldravg: 2.13128 |val mae:  7.49577 |val mae ravg:  7.19251 |
|epoch: 302 | lr: 0.000 |train kld: 2.15380 |train kld ravg: 2.16234 |train mae:  8.09860 |train mae ravg:  8.47542 |val kld: 2.14815 |val kldravg: 2.13513 |val mae:  7.51192 |val mae ravg:  7.27774 |
|epoch: 303 | lr: 0.000 |train kld: 2.15414 |train kld ravg: 2.16453 |train mae:  8.26756 |train mae ravg:  8.48683 |val kld: 2.15394 |val kldravg: 2.14063 |val mae:  7.55720 |val mae ravg:  7.36377 |
|epoch: 304 | lr: 0.000 |train kld: 2.16073 |train kld ravg: 2.15918 |train mae:  8.44078 |train mae ravg:  8.41521 |val kld: 2.12396 |val kldravg: 2.14024 |val mae:  7.10948 |val mae ravg:  7.37088 |
|epoch: 305 | lr: 0.000 |train kld: 2.15497 |train kld ravg: 2.14801 |train mae:  8.00461 |train mae ravg:  8.22730 |val kld: 2.12492 |val kldravg: 2.13892 |val mae:  7.06360 |val mae ravg:  7.34760 |
|epoch: 306 | lr: 0.000 |train kld: 2.17431 |train kld ravg: 2.15959 |train mae:  8.37353 |train mae ravg:  8.23701 |val kld: 2.12027 |val kldravg: 2.13425 |val mae:  7.00814 |val mae ravg:  7.25007 |
|epoch: 307 | lr: 0.000 |train kld: 2.16084 |train kld ravg: 2.16100 |train mae:  8.63243 |train mae ravg:  8.34378 |val kld: 2.13760 |val kldravg: 2.13214 |val mae:  7.23418 |val mae ravg:  7.19452 |
|epoch: 308 | lr: 0.000 |train kld: 2.16251 |train kld ravg: 2.16267 |train mae:  8.34022 |train mae ravg:  8.35831 |val kld: 2.14801 |val kldravg: 2.13095 |val mae:  7.48963 |val mae ravg:  7.18101 |
|epoch: 309 | lr: 0.000 |train kld: 2.18191 |train kld ravg: 2.16691 |train mae:  8.44023 |train mae ravg:  8.35820 |val kld: 2.12438 |val kldravg: 2.13103 |val mae:  7.03897 |val mae ravg:  7.16691 |
|epoch: 310 | lr: 0.000 |train kld: 2.14327 |train kld ravg: 2.16457 |train mae:  8.26612 |train mae ravg:  8.41051 |val kld: 2.13385 |val kldravg: 2.13282 |val mae:  7.22441 |val mae ravg:  7.19907 |
|epoch: 311 | lr: 0.000 |train kld: 2.17063 |train kld ravg: 2.16383 |train mae:  8.49358 |train mae ravg:  8.43452 |val kld: 2.14887 |val kldravg: 2.13854 |val mae:  7.46035 |val mae ravg:  7.28951 |
|epoch: 312 | lr: 0.000 |train kld: 2.16761 |train kld ravg: 2.16519 |train mae:  8.36141 |train mae ravg:  8.38031 |val kld: 2.14061 |val kldravg: 2.13914 |val mae:  7.35138 |val mae ravg:  7.31295 |
|epoch: 313 | lr: 0.000 |train kld: 2.18023 |train kld ravg: 2.16873 |train mae:  8.77550 |train mae ravg:  8.46737 |val kld: 2.13409 |val kldravg: 2.13636 |val mae:  7.26818 |val mae ravg:  7.26866 |
|epoch: 314 | lr: 0.000 |train kld: 2.18584 |train kld ravg: 2.16952 |train mae:  8.79536 |train mae ravg:  8.53839 |val kld: 2.10953 |val kldravg: 2.13339 |val mae:  6.90795 |val mae ravg:  7.24245 |
|epoch: 315 | lr: 0.000 |train kld: 2.17033 |train kld ravg: 2.17493 |train mae:  8.65144 |train mae ravg:  8.61546 |val kld: 2.10964 |val kldravg: 2.12855 |val mae:  6.86366 |val mae ravg:  7.17030 |
|epoch: 316 | lr: 0.000 |train kld: 2.20398 |train kld ravg: 2.18160 |train mae:  9.13198 |train mae ravg:  8.74314 |val kld: 2.11811 |val kldravg: 2.12239 |val mae:  6.94286 |val mae ravg:  7.06681 |
|epoch: 317 | lr: 0.000 |train kld: 2.15444 |train kld ravg: 2.17896 |train mae:  8.56288 |train mae ravg:  8.78343 |val kld: 2.14878 |val kldravg: 2.12403 |val mae:  7.50549 |val mae ravg:  7.09763 |
|epoch: 318 | lr: 0.000 |train kld: 2.17074 |train kld ravg: 2.17707 |train mae:  8.45309 |train mae ravg:  8.71895 |val kld: 2.11749 |val kldravg: 2.12071 |val mae:  6.93868 |val mae ravg:  7.03173 |
|epoch: 319 | lr: 0.000 |train kld: 2.18560 |train kld ravg: 2.17702 |train mae:  8.35478 |train mae ravg:  8.63083 |val kld: 2.13971 |val kldravg: 2.12675 |val mae:  7.31526 |val mae ravg:  7.11319 |
|epoch: 320 | lr: 0.000 |train kld: 2.16423 |train kld ravg: 2.17580 |train mae:  8.28452 |train mae ravg:  8.55745 |val kld: 2.11487 |val kldravg: 2.12779 |val mae:  6.97116 |val mae ravg:  7.13469 |
|epoch: 321 | lr: 0.000 |train kld: 2.15964 |train kld ravg: 2.16693 |train mae:  8.27327 |train mae ravg:  8.38571 |val kld: 2.12385 |val kldravg: 2.12894 |val mae:  7.00587 |val mae ravg:  7.14729 |
|epoch: 322 | lr: 0.000 |train kld: 2.16168 |train kld ravg: 2.16838 |train mae:  8.46084 |train mae ravg:  8.36530 |val kld: 2.12647 |val kldravg: 2.12448 |val mae:  7.09802 |val mae ravg:  7.06580 |
|epoch: 323 | lr: 0.000 |train kld: 2.18667 |train kld ravg: 2.17156 |train mae:  8.59942 |train mae ravg:  8.39456 |val kld: 2.11463 |val kldravg: 2.12391 |val mae:  6.86648 |val mae ravg:  7.05136 |
|epoch: 324 | lr: 0.000 |train kld: 2.14561 |train kld ravg: 2.16357 |train mae:  8.03435 |train mae ravg:  8.33048 |val kld: 2.13072 |val kldravg: 2.12211 |val mae:  7.17106 |val mae ravg:  7.02252 |
|epoch: 325 | lr: 0.000 |train kld: 2.14567 |train kld ravg: 2.15985 |train mae:  8.31513 |train mae ravg:  8.33660 |val kld: 2.15123 |val kldravg: 2.12938 |val mae:  7.52746 |val mae ravg:  7.13378 |
|epoch: 326 | lr: 0.000 |train kld: 2.15172 |train kld ravg: 2.15827 |train mae:  8.37992 |train mae ravg:  8.35793 |val kld: 2.11403 |val kldravg: 2.12742 |val mae:  6.92728 |val mae ravg:  7.11806 |
|epoch: 327 | lr: 0.000 |train kld: 2.12784 |train kld ravg: 2.15150 |train mae:  7.83383 |train mae ravg:  8.23253 |val kld: 2.13431 |val kldravg: 2.12898 |val mae:  7.25329 |val mae ravg:  7.14912 |
|epoch: 328 | lr: 0.000 |train kld: 2.15898 |train kld ravg: 2.14596 |train mae:  8.67551 |train mae ravg:  8.24775 |val kld: 2.14584 |val kldravg: 2.13523 |val mae:  7.47111 |val mae ravg:  7.27004 |
|epoch: 329 | lr: 0.000 |train kld: 2.14349 |train kld ravg: 2.14554 |train mae:  7.92682 |train mae ravg:  8.22624 |val kld: 2.14757 |val kldravg: 2.13860 |val mae:  7.54092 |val mae ravg:  7.34401 |
|epoch: 330 | lr: 0.000 |train kld: 2.16432 |train kld ravg: 2.14927 |train mae:  8.17806 |train mae ravg:  8.19883 |val kld: 2.13546 |val kldravg: 2.13544 |val mae:  7.23687 |val mae ravg:  7.28589 |
|epoch: 331 | lr: 0.000 |train kld: 2.16482 |train kld ravg: 2.15189 |train mae:  8.43789 |train mae ravg:  8.21042 |val kld: 2.12585 |val kldravg: 2.13780 |val mae:  7.11962 |val mae ravg:  7.32436 |
|epoch: 332 | lr: 0.000 |train kld: 2.17663 |train kld ravg: 2.16165 |train mae:  8.63220 |train mae ravg:  8.37010 |val kld: 2.14069 |val kldravg: 2.13908 |val mae:  7.30649 |val mae ravg:  7.33500 |
|epoch: 333 | lr: 0.000 |train kld: 2.12977 |train kld ravg: 2.15581 |train mae:  8.04580 |train mae ravg:  8.24415 |val kld: 2.12934 |val kldravg: 2.13578 |val mae:  7.09179 |val mae ravg:  7.25914 |
|epoch: 334 | lr: 0.000 |train kld: 2.17188 |train kld ravg: 2.16148 |train mae:  8.20814 |train mae ravg:  8.30042 |val kld: 2.11364 |val kldravg: 2.12900 |val mae:  6.87917 |val mae ravg:  7.12679 |
|epoch: 335 | lr: 0.000 |train kld: 2.15411 |train kld ravg: 2.15944 |train mae:  8.51329 |train mae ravg:  8.36746 |val kld: 2.10711 |val kldravg: 2.12333 |val mae:  6.82789 |val mae ravg:  7.04499 |
|epoch: 336 | lr: 0.000 |train kld: 2.14170 |train kld ravg: 2.15482 |train mae:  8.02969 |train mae ravg:  8.28582 |val kld: 2.13125 |val kldravg: 2.12441 |val mae:  7.22068 |val mae ravg:  7.06520 |
|epoch: 337 | lr: 0.000 |train kld: 2.17998 |train kld ravg: 2.15549 |train mae:  8.79304 |train mae ravg:  8.31799 |val kld: 2.13964 |val kldravg: 2.12420 |val mae:  7.31707 |val mae ravg:  7.06732 |
|epoch: 338 | lr: 0.000 |train kld: 2.16884 |train kld ravg: 2.16330 |train mae:  8.04670 |train mae ravg:  8.31817 |val kld: 2.11915 |val kldravg: 2.12216 |val mae:  6.96783 |val mae ravg:  7.04253 |
|epoch: 339 | lr: 0.000 |train kld: 2.13774 |train kld ravg: 2.15647 |train mae:  8.36715 |train mae ravg:  8.34997 |val kld: 2.12814 |val kldravg: 2.12506 |val mae:  7.12569 |val mae ravg:  7.09183 |
|epoch: 340 | lr: 0.000 |train kld: 2.21829 |train kld ravg: 2.16931 |train mae:  9.21690 |train mae ravg:  8.49069 |val kld: 2.12717 |val kldravg: 2.12907 |val mae:  7.06472 |val mae ravg:  7.13920 |
|epoch: 341 | lr: 0.000 |train kld: 2.16005 |train kld ravg: 2.17298 |train mae:  8.50984 |train mae ravg:  8.58673 |val kld: 2.11625 |val kldravg: 2.12607 |val mae:  6.93866 |val mae ravg:  7.08280 |
|epoch: 342 | lr: 0.000 |train kld: 2.15971 |train kld ravg: 2.16892 |train mae:  8.55977 |train mae ravg:  8.54007 |val kld: 2.12645 |val kldravg: 2.12343 |val mae:  7.09295 |val mae ravg:  7.03797 |
|epoch: 343 | lr: 0.000 |train kld: 2.14590 |train kld ravg: 2.16434 |train mae:  8.25403 |train mae ravg:  8.58154 |val kld: 2.12258 |val kldravg: 2.12412 |val mae:  6.99958 |val mae ravg:  7.04432 |
|epoch: 344 | lr: 0.000 |train kld: 2.15744 |train kld ravg: 2.16828 |train mae:  8.35677 |train mae ravg:  8.57946 |val kld: 2.12164 |val kldravg: 2.12282 |val mae:  7.02641 |val mae ravg:  7.02446 |
|epoch: 345 | lr: 0.000 |train kld: 2.18475 |train kld ravg: 2.16157 |train mae:  8.22057 |train mae ravg:  8.38019 |val kld: 2.15948 |val kldravg: 2.12928 |val mae:  7.64945 |val mae ravg:  7.14141 |
|epoch: 346 | lr: 0.000 |train kld: 2.14955 |train kld ravg: 2.15947 |train mae:  8.16162 |train mae ravg:  8.31055 |val kld: 2.11803 |val kldravg: 2.12964 |val mae:  6.99209 |val mae ravg:  7.15209 |
|epoch: 347 | lr: 0.000 |train kld: 2.19331 |train kld ravg: 2.16619 |train mae:  8.93499 |train mae ravg:  8.38560 |val kld: 2.13253 |val kldravg: 2.13085 |val mae:  7.13384 |val mae ravg:  7.16028 |
|epoch: 348 | lr: 0.000 |train kld: 2.16143 |train kld ravg: 2.16930 |train mae:  8.43459 |train mae ravg:  8.42171 |val kld: 2.14477 |val kldravg: 2.13529 |val mae:  7.40460 |val mae ravg:  7.24128 |
|epoch: 349 | lr: 0.000 |train kld: 2.14902 |train kld ravg: 2.16761 |train mae:  8.47839 |train mae ravg:  8.44603 |val kld: 2.12864 |val kldravg: 2.13669 |val mae:  7.06772 |val mae ravg:  7.24954 |
|epoch: 350 | lr: 0.000 |train kld: 2.16031 |train kld ravg: 2.16272 |train mae:  8.52099 |train mae ravg:  8.50612 |val kld: 2.14984 |val kldravg: 2.13476 |val mae:  7.53620 |val mae ravg:  7.22689 |
|epoch: 351 | lr: 0.000 |train kld: 2.16723 |train kld ravg: 2.16626 |train mae:  8.40442 |train mae ravg:  8.55468 |val kld: 2.13402 |val kldravg: 2.13796 |val mae:  7.25919 |val mae ravg:  7.28031 |
|epoch: 352 | lr: 0.000 |train kld: 2.18204 |train kld ravg: 2.16400 |train mae:  8.54715 |train mae ravg:  8.47711 |val kld: 2.13494 |val kldravg: 2.13844 |val mae:  7.28525 |val mae ravg:  7.31059 |
|epoch: 353 | lr: 0.000 |train kld: 2.18621 |train kld ravg: 2.16896 |train mae:  8.35457 |train mae ravg:  8.46110 |val kld: 2.14407 |val kldravg: 2.13830 |val mae:  7.40301 |val mae ravg:  7.31027 |
|epoch: 354 | lr: 0.000 |train kld: 2.13117 |train kld ravg: 2.16539 |train mae:  7.98687 |train mae ravg:  8.36280 |val kld: 2.11391 |val kldravg: 2.13536 |val mae:  6.92481 |val mae ravg:  7.28169 |
|epoch: 355 | lr: 0.000 |train kld: 2.19011 |train kld ravg: 2.17135 |train mae:  8.93341 |train mae ravg:  8.44528 |val kld: 2.12490 |val kldravg: 2.13037 |val mae:  7.09057 |val mae ravg:  7.19257 |
|epoch: 356 | lr: 0.000 |train kld: 2.18366 |train kld ravg: 2.17464 |train mae:  8.85365 |train mae ravg:  8.53513 |val kld: 2.14124 |val kldravg: 2.13181 |val mae:  7.32900 |val mae ravg:  7.20653 |
|epoch: 357 | lr: 0.000 |train kld: 2.12818 |train kld ravg: 2.16387 |train mae:  7.61710 |train mae ravg:  8.34912 |val kld: 2.11321 |val kldravg: 2.12747 |val mae:  6.85599 |val mae ravg:  7.12068 |
|epoch: 358 | lr: 0.000 |train kld: 2.18450 |train kld ravg: 2.16352 |train mae:  8.59970 |train mae ravg:  8.39815 |val kld: 2.11973 |val kldravg: 2.12260 |val mae:  6.98090 |val mae ravg:  7.03625 |
|epoch: 359 | lr: 0.000 |train kld: 2.17803 |train kld ravg: 2.17290 |train mae:  8.77150 |train mae ravg:  8.55507 |val kld: 2.12905 |val kldravg: 2.12562 |val mae:  7.13492 |val mae ravg:  7.07828 |
|epoch: 360 | lr: 0.000 |train kld: 2.13909 |train kld ravg: 2.16269 |train mae:  8.19672 |train mae ravg:  8.40774 |val kld: 2.16114 |val kldravg: 2.13287 |val mae:  7.66214 |val mae ravg:  7.19259 |
|epoch: 361 | lr: 0.000 |train kld: 2.18909 |train kld ravg: 2.16378 |train mae:  8.74505 |train mae ravg:  8.38601 |val kld: 2.12941 |val kldravg: 2.13051 |val mae:  7.13498 |val mae ravg:  7.15378 |
|epoch: 362 | lr: 0.000 |train kld: 2.15430 |train kld ravg: 2.16900 |train mae:  8.20243 |train mae ravg:  8.50308 |val kld: 2.11789 |val kldravg: 2.13144 |val mae:  7.00671 |val mae ravg:  7.18393 |
|epoch: 363 | lr: 0.000 |train kld: 2.13837 |train kld ravg: 2.15978 |train mae:  8.35525 |train mae ravg:  8.45419 |val kld: 2.12702 |val kldravg: 2.13290 |val mae:  7.02555 |val mae ravg:  7.19286 |
|epoch: 364 | lr: 0.000 |train kld: 2.18561 |train kld ravg: 2.16129 |train mae:  8.59268 |train mae ravg:  8.41843 |val kld: 2.12242 |val kldravg: 2.13158 |val mae:  6.98117 |val mae ravg:  7.16211 |
|epoch: 365 | lr: 0.000 |train kld: 2.14159 |train kld ravg: 2.16179 |train mae:  7.88564 |train mae ravg:  8.35621 |val kld: 2.12127 |val kldravg: 2.12360 |val mae:  7.00849 |val mae ravg:  7.03138 |
|epoch: 366 | lr: 0.000 |train kld: 2.16729 |train kld ravg: 2.15743 |train mae:  8.66971 |train mae ravg:  8.34114 |val kld: 2.18958 |val kldravg: 2.13564 |val mae:  8.21413 |val mae ravg:  7.24721 |
|epoch: 367 | lr: 0.000 |train kld: 2.19289 |train kld ravg: 2.16515 |train mae:  8.80797 |train mae ravg:  8.46225 |val kld: 2.11844 |val kldravg: 2.13575 |val mae:  6.92520 |val mae ravg:  7.23091 |
|epoch: 368 | lr: 0.000 |train kld: 2.16944 |train kld ravg: 2.17136 |train mae:  8.56717 |train mae ravg:  8.50463 |val kld: 2.13093 |val kldravg: 2.13653 |val mae:  7.15870 |val mae ravg:  7.25754 |
|epoch: 369 | lr: 0.000 |train kld: 2.15286 |train kld ravg: 2.16482 |train mae:  8.33688 |train mae ravg:  8.45347 |val kld: 2.15794 |val kldravg: 2.14363 |val mae:  7.70988 |val mae ravg:  7.40328 |
|epoch: 370 | lr: 0.000 |train kld: 2.17258 |train kld ravg: 2.17101 |train mae:  8.53173 |train mae ravg:  8.58269 |val kld: 2.10343 |val kldravg: 2.14006 |val mae:  6.68489 |val mae ravg:  7.33856 |
|epoch: 371 | lr: 0.000 |train kld: 2.16751 |train kld ravg: 2.17106 |train mae:  8.37189 |train mae ravg:  8.52313 |val kld: 2.16439 |val kldravg: 2.13503 |val mae:  7.77467 |val mae ravg:  7.25067 |
|epoch: 372 | lr: 0.000 |train kld: 2.16879 |train kld ravg: 2.16624 |train mae:  8.32727 |train mae ravg:  8.42699 |val kld: 2.13385 |val kldravg: 2.13811 |val mae:  7.15501 |val mae ravg:  7.29663 |
|epoch: 373 | lr: 0.000 |train kld: 2.20055 |train kld ravg: 2.17246 |train mae:  8.97610 |train mae ravg:  8.50877 |val kld: 2.11148 |val kldravg: 2.13422 |val mae:  6.85385 |val mae ravg:  7.23566 |
|epoch: 374 | lr: 0.000 |train kld: 2.15326 |train kld ravg: 2.17254 |train mae:  8.03991 |train mae ravg:  8.44938 |val kld: 2.12311 |val kldravg: 2.12725 |val mae:  7.07556 |val mae ravg:  7.10880 |
|epoch: 375 | lr: 0.000 |train kld: 2.15695 |train kld ravg: 2.16941 |train mae:  8.12501 |train mae ravg:  8.36803 |val kld: 2.11822 |val kldravg: 2.13021 |val mae:  7.01318 |val mae ravg:  7.17446 |
|epoch: 376 | lr: 0.000 |train kld: 2.16900 |train kld ravg: 2.16971 |train mae:  7.98182 |train mae ravg:  8.29002 |val kld: 2.14761 |val kldravg: 2.12686 |val mae:  7.45252 |val mae ravg:  7.11002 |
|epoch: 377 | lr: 0.000 |train kld: 2.15302 |train kld ravg: 2.16656 |train mae:  8.27884 |train mae ravg:  8.28034 |val kld: 2.12667 |val kldravg: 2.12542 |val mae:  7.05895 |val mae ravg:  7.09081 |
|epoch: 378 | lr: 0.000 |train kld: 2.16990 |train kld ravg: 2.16043 |train mae:  8.70949 |train mae ravg:  8.22701 |val kld: 2.14632 |val kldravg: 2.13239 |val mae:  7.44930 |val mae ravg:  7.20990 |
|epoch: 379 | lr: 0.000 |train kld: 2.15424 |train kld ravg: 2.16062 |train mae:  8.41495 |train mae ravg:  8.30202 |val kld: 2.12464 |val kldravg: 2.13269 |val mae:  7.05591 |val mae ravg:  7.20597 |
|epoch: 380 | lr: 0.000 |train kld: 2.15504 |train kld ravg: 2.16024 |train mae:  8.61036 |train mae ravg:  8.39909 |val kld: 2.13268 |val kldravg: 2.13558 |val mae:  7.20801 |val mae ravg:  7.24494 |
|epoch: 381 | lr: 0.000 |train kld: 2.14670 |train kld ravg: 2.15578 |train mae:  8.32983 |train mae ravg:  8.46869 |val kld: 2.13810 |val kldravg: 2.13368 |val mae:  7.30081 |val mae ravg:  7.21459 |
|epoch: 382 | lr: 0.000 |train kld: 2.16050 |train kld ravg: 2.15728 |train mae:  8.30518 |train mae ravg:  8.47396 |val kld: 2.12832 |val kldravg: 2.13401 |val mae:  7.11644 |val mae ravg:  7.22609 |
|epoch: 383 | lr: 0.000 |train kld: 2.17540 |train kld ravg: 2.15838 |train mae:  8.56056 |train mae ravg:  8.44418 |val kld: 2.11960 |val kldravg: 2.12867 |val mae:  6.90129 |val mae ravg:  7.11649 |
|epoch: 384 | lr: 0.000 |train kld: 2.15117 |train kld ravg: 2.15776 |train mae:  8.07743 |train mae ravg:  8.37667 |val kld: 2.14812 |val kldravg: 2.13336 |val mae:  7.43907 |val mae ravg:  7.19312 |
|epoch: 385 | lr: 0.000 |train kld: 2.17704 |train kld ravg: 2.16216 |train mae:  8.19454 |train mae ravg:  8.29351 |val kld: 2.10095 |val kldravg: 2.12702 |val mae:  6.58528 |val mae ravg:  7.06858 |
|epoch: 386 | lr: 0.000 |train kld: 2.14472 |train kld ravg: 2.16177 |train mae:  8.21354 |train mae ravg:  8.27025 |val kld: 2.11830 |val kldravg: 2.12306 |val mae:  7.01980 |val mae ravg:  7.01238 |
|epoch: 387 | lr: 0.000 |train kld: 2.15513 |train kld ravg: 2.16069 |train mae:  8.29589 |train mae ravg:  8.26839 |val kld: 2.12085 |val kldravg: 2.12156 |val mae:  7.05646 |val mae ravg:  7.00038 |
|epoch: 388 | lr: 0.000 |train kld: 2.19003 |train kld ravg: 2.16362 |train mae:  8.70234 |train mae ravg:  8.29675 |val kld: 2.11584 |val kldravg: 2.12081 |val mae:  6.88199 |val mae ravg:  6.99652 |
|epoch: 389 | lr: 0.000 |train kld: 2.13743 |train kld ravg: 2.16087 |train mae:  8.03389 |train mae ravg:  8.28804 |val kld: 2.15689 |val kldravg: 2.12257 |val mae:  7.62189 |val mae ravg:  7.03308 |
|epoch: 390 | lr: 0.000 |train kld: 2.17400 |train kld ravg: 2.16026 |train mae:  8.55650 |train mae ravg:  8.36043 |val kld: 2.13090 |val kldravg: 2.12856 |val mae:  7.22141 |val mae ravg:  7.16031 |
|epoch: 391 | lr: 0.000 |train kld: 2.15357 |train kld ravg: 2.16203 |train mae:  8.56321 |train mae ravg:  8.43036 |val kld: 2.11208 |val kldravg: 2.12731 |val mae:  6.84510 |val mae ravg:  7.12537 |
|epoch: 392 | lr: 0.000 |train kld: 2.17695 |train kld ravg: 2.16640 |train mae:  8.54269 |train mae ravg:  8.47972 |val kld: 2.14027 |val kldravg: 2.13119 |val mae:  7.36216 |val mae ravg:  7.18651 |
|epoch: 393 | lr: 0.000 |train kld: 2.16252 |train kld ravg: 2.16089 |train mae:  8.62934 |train mae ravg:  8.46512 |val kld: 2.12933 |val kldravg: 2.13389 |val mae:  7.09436 |val mae ravg:  7.22898 |
|epoch: 394 | lr: 0.000 |train kld: 2.19436 |train kld ravg: 2.17228 |train mae:  8.36673 |train mae ravg:  8.53169 |val kld: 2.12606 |val kldravg: 2.12773 |val mae:  7.02432 |val mae ravg:  7.10947 |
|epoch: 395 | lr: 0.000 |train kld: 2.17214 |train kld ravg: 2.17191 |train mae:  8.53890 |train mae ravg:  8.52817 |val kld: 2.11842 |val kldravg: 2.12523 |val mae:  6.93527 |val mae ravg:  7.05224 |
|epoch: 396 | lr: 0.000 |train kld: 2.17301 |train kld ravg: 2.17580 |train mae:  8.34727 |train mae ravg:  8.48499 |val kld: 2.13053 |val kldravg: 2.12892 |val mae:  7.10942 |val mae ravg:  7.10511 |
|epoch: 397 | lr: 0.000 |train kld: 2.17812 |train kld ravg: 2.17603 |train mae:  8.72517 |train mae ravg:  8.52148 |val kld: 2.11661 |val kldravg: 2.12419 |val mae:  7.01309 |val mae ravg:  7.03529 |
|epoch: 398 | lr: 0.000 |train kld: 2.17959 |train kld ravg: 2.17944 |train mae:  8.49821 |train mae ravg:  8.49525 |val kld: 2.11838 |val kldravg: 2.12200 |val mae:  6.91857 |val mae ravg:  7.00013 |
|epoch: 399 | lr: 0.000 |train kld: 2.14194 |train kld ravg: 2.16896 |train mae:  7.96766 |train mae ravg:  8.41544 |val kld: 2.13588 |val kldravg: 2.12396 |val mae:  7.27005 |val mae ravg:  7.04928 |
|epoch: 400 | lr: 0.000 |train kld: 2.16385 |train kld ravg: 2.16730 |train mae:  8.39938 |train mae ravg:  8.38754 |val kld: 2.11517 |val kldravg: 2.12331 |val mae:  6.99925 |val mae ravg:  7.06208 |
|epoch: 401 | lr: 0.000 |train kld: 2.14605 |train kld ravg: 2.16191 |train mae:  8.41464 |train mae ravg:  8.40101 |val kld: 2.11046 |val kldravg: 2.11930 |val mae:  6.77636 |val mae ravg:  6.99546 |
|epoch: 402 | lr: 0.000 |train kld: 2.17144 |train kld ravg: 2.16057 |train mae:  8.53530 |train mae ravg:  8.36304 |val kld: 2.15859 |val kldravg: 2.12770 |val mae:  7.74923 |val mae ravg:  7.14269 |
|epoch: 403 | lr: 0.000 |train kld: 2.16148 |train kld ravg: 2.15695 |train mae:  8.58903 |train mae ravg:  8.38120 |val kld: 2.12612 |val kldravg: 2.12924 |val mae:  7.07934 |val mae ravg:  7.17485 |
|epoch: 404 | lr: 0.000 |train kld: 2.18222 |train kld ravg: 2.16501 |train mae:  8.42590 |train mae ravg:  8.47285 |val kld: 2.11320 |val kldravg: 2.12471 |val mae:  6.86628 |val mae ravg:  7.09409 |
|epoch: 405 | lr: 0.000 |train kld: 2.15432 |train kld ravg: 2.16310 |train mae:  8.41790 |train mae ravg:  8.47655 |val kld: 2.12517 |val kldravg: 2.12671 |val mae:  7.06226 |val mae ravg:  7.10669 |
|epoch: 406 | lr: 0.000 |train kld: 2.17172 |train kld ravg: 2.16824 |train mae:  8.65825 |train mae ravg:  8.52527 |val kld: 2.15621 |val kldravg: 2.13586 |val mae:  7.66455 |val mae ravg:  7.28433 |
|epoch: 407 | lr: 0.000 |train kld: 2.17013 |train kld ravg: 2.16797 |train mae:  8.28758 |train mae ravg:  8.47573 |val kld: 2.13736 |val kldravg: 2.13161 |val mae:  7.18380 |val mae ravg:  7.17125 |
|epoch: 408 | lr: 0.000 |train kld: 2.13292 |train kld ravg: 2.16226 |train mae:  8.02727 |train mae ravg:  8.36338 |val kld: 2.14201 |val kldravg: 2.13479 |val mae:  7.39875 |val mae ravg:  7.23513 |
|epoch: 409 | lr: 0.000 |train kld: 2.17000 |train kld ravg: 2.15982 |train mae:  8.60063 |train mae ravg:  8.39832 |val kld: 2.11803 |val kldravg: 2.13576 |val mae:  6.95264 |val mae ravg:  7.25240 |
|epoch: 410 | lr: 0.000 |train kld: 2.17551 |train kld ravg: 2.16406 |train mae:  8.82772 |train mae ravg:  8.48029 |val kld: 2.12454 |val kldravg: 2.13563 |val mae:  7.19287 |val mae ravg:  7.27852 |
|epoch: 411 | lr: 0.000 |train kld: 2.16138 |train kld ravg: 2.16199 |train mae:  8.42229 |train mae ravg:  8.43310 |val kld: 2.13378 |val kldravg: 2.13115 |val mae:  7.12373 |val mae ravg:  7.17036 |
|epoch: 412 | lr: 0.000 |train kld: 2.17674 |train kld ravg: 2.16331 |train mae:  8.07866 |train mae ravg:  8.39131 |val kld: 2.14065 |val kldravg: 2.13180 |val mae:  7.35696 |val mae ravg:  7.20499 |
|epoch: 413 | lr: 0.000 |train kld: 2.15866 |train kld ravg: 2.16846 |train mae:  8.08597 |train mae ravg:  8.40305 |val kld: 2.11930 |val kldravg: 2.12726 |val mae:  6.93901 |val mae ravg:  7.11304 |
|epoch: 414 | lr: 0.000 |train kld: 2.19736 |train kld ravg: 2.17393 |train mae:  9.26040 |train mae ravg:  8.53501 |val kld: 2.11154 |val kldravg: 2.12596 |val mae:  6.79328 |val mae ravg:  7.08117 |
|epoch: 415 | lr: 0.000 |train kld: 2.16917 |train kld ravg: 2.17266 |train mae:  8.45979 |train mae ravg:  8.46142 |val kld: 2.12484 |val kldravg: 2.12602 |val mae:  7.08280 |val mae ravg:  7.05916 |
|epoch: 416 | lr: 0.000 |train kld: 2.14916 |train kld ravg: 2.17022 |train mae:  8.45306 |train mae ravg:  8.46758 |val kld: 2.10906 |val kldravg: 2.12108 |val mae:  6.81329 |val mae ravg:  6.99707 |
|epoch: 417 | lr: 0.000 |train kld: 2.16815 |train kld ravg: 2.16850 |train mae:  8.42587 |train mae ravg:  8.53702 |val kld: 2.12910 |val kldravg: 2.11877 |val mae:  7.19973 |val mae ravg:  6.96562 |
|epoch: 418 | lr: 0.000 |train kld: 2.17726 |train kld ravg: 2.17222 |train mae:  8.91134 |train mae ravg:  8.70209 |val kld: 2.13405 |val kldravg: 2.12172 |val mae:  7.19007 |val mae ravg:  7.01583 |
|epoch: 419 | lr: 0.000 |train kld: 2.17462 |train kld ravg: 2.16767 |train mae:  8.64845 |train mae ravg:  8.57970 |val kld: 2.11839 |val kldravg: 2.12309 |val mae:  7.01199 |val mae ravg:  7.05958 |
|epoch: 420 | lr: 0.000 |train kld: 2.16596 |train kld ravg: 2.16703 |train mae:  8.79547 |train mae ravg:  8.64684 |val kld: 2.13739 |val kldravg: 2.12560 |val mae:  7.33034 |val mae ravg:  7.10909 |
|epoch: 421 | lr: 0.000 |train kld: 2.20146 |train kld ravg: 2.17749 |train mae:  8.89490 |train mae ravg:  8.73521 |val kld: 2.11298 |val kldravg: 2.12638 |val mae:  6.86351 |val mae ravg:  7.11913 |
|epoch: 422 | lr: 0.000 |train kld: 2.14597 |train kld ravg: 2.17306 |train mae:  8.55848 |train mae ravg:  8.76173 |val kld: 2.11183 |val kldravg: 2.12293 |val mae:  6.84973 |val mae ravg:  7.04913 |
|epoch: 423 | lr: 0.000 |train kld: 2.14085 |train kld ravg: 2.16577 |train mae:  8.06547 |train mae ravg:  8.59255 |val kld: 2.12764 |val kldravg: 2.12165 |val mae:  7.14773 |val mae ravg:  7.04066 |
|epoch: 424 | lr: 0.000 |train kld: 2.17809 |train kld ravg: 2.16647 |train mae:  8.18076 |train mae ravg:  8.49901 |val kld: 2.13857 |val kldravg: 2.12568 |val mae:  7.26633 |val mae ravg:  7.09153 |
|epoch: 425 | lr: 0.000 |train kld: 2.16302 |train kld ravg: 2.16588 |train mae:  8.50211 |train mae ravg:  8.44034 |val kld: 2.14521 |val kldravg: 2.12725 |val mae:  7.35465 |val mae ravg:  7.09639 |
|epoch: 426 | lr: 0.000 |train kld: 2.17312 |train kld ravg: 2.16021 |train mae:  8.48784 |train mae ravg:  8.35893 |val kld: 2.11270 |val kldravg: 2.12719 |val mae:  6.95707 |val mae ravg:  7.11510 |
