------------------------------------------------
Job ID: 41314556
Run on host: compg010.hpc.in.bmrc.ox.ac.uk
Operating system: Linux
Username: lhw539
Started at: Tue Mar 23 19:21:29 GMT 2021
------------------------------------------------
Test (in contrast to train):  False
Loading ABIDE train data.
Loading ABIDE   val data.
Load model for age - run: 0
Initialize classifier layer.
Reinitialize feature layers:  [5, 4]
Number of GPUs:  2
Epoch decay:  8
Gamma decay:  0.5

Final layer of model is being trained.
Start:  2021-03-23 19:21:36.463872
----------------------------------------------------------------------------------------------------------------------------------------------------------------
|epoch:   0 | lr: 0.010 |train kld: 1.87040 |train kld ravg: 1.87040 |train mae:  9.63172 |train mae ravg:  9.63172 |val kld: 1.37339 |val kldravg: 1.37339 |val mae:  3.69129 |val mae ravg:  3.69129 |
|epoch:   1 | lr: 0.010 |train kld: 1.37864 |train kld ravg: 1.62452 |train mae:  4.00857 |train mae ravg:  6.82014 |val kld: 1.23076 |val kldravg: 1.30208 |val mae:  2.73840 |val mae ravg:  3.21485 |
|epoch:   2 | lr: 0.010 |train kld: 1.26999 |train kld ravg: 1.50634 |train mae:  3.35612 |train mae ravg:  5.66547 |val kld: 1.13113 |val kldravg: 1.24509 |val mae:  2.70640 |val mae ravg:  3.04536 |
|epoch:   3 | lr: 0.010 |train kld: 1.23822 |train kld ravg: 1.43931 |train mae:  3.30623 |train mae ravg:  5.07566 |val kld: 1.14292 |val kldravg: 1.21955 |val mae:  3.32578 |val mae ravg:  3.11547 |
|epoch:   4 | lr: 0.010 |train kld: 1.19780 |train kld ravg: 1.39101 |train mae:  3.09078 |train mae ravg:  4.67868 |val kld: 1.11549 |val kldravg: 1.19874 |val mae:  2.77512 |val mae ravg:  3.04740 |
|epoch:   5 | lr: 0.010 |train kld: 1.17976 |train kld ravg: 1.25288 |train mae:  3.01084 |train mae ravg:  3.35451 |val kld: 1.03799 |val kldravg: 1.13166 |val mae:  2.16292 |val mae ravg:  2.74172 |
|epoch:   6 | lr: 0.010 |train kld: 1.15666 |train kld ravg: 1.20849 |train mae:  2.89479 |train mae ravg:  3.13175 |val kld: 1.09525 |val kldravg: 1.10456 |val mae:  2.96447 |val mae ravg:  2.78694 |
|epoch:   7 | lr: 0.010 |train kld: 1.13373 |train kld ravg: 1.18123 |train mae:  2.98993 |train mae ravg:  3.05851 |val kld: 1.01128 |val kldravg: 1.08059 |val mae:  2.07936 |val mae ravg:  2.66153 |
|epoch:   8 | lr: 0.005 |train kld: 1.08703 |train kld ravg: 1.15100 |train mae:  2.78129 |train mae ravg:  2.95353 |val kld: 1.09756 |val kldravg: 1.07151 |val mae:  2.81856 |val mae ravg:  2.56009 |
|epoch:   9 | lr: 0.005 |train kld: 1.08733 |train kld ravg: 1.12890 |train mae:  2.77402 |train mae ravg:  2.89017 |val kld: 1.24998 |val kldravg: 1.09841 |val mae:  5.16321 |val mae ravg:  3.03770 |
|epoch:  10 | lr: 0.005 |train kld: 1.05267 |train kld ravg: 1.10348 |train mae:  2.67486 |train mae ravg:  2.82298 |val kld: 0.98988 |val kldravg: 1.08879 |val mae:  2.22000 |val mae ravg:  3.04912 |
|epoch:  11 | lr: 0.005 |train kld: 1.08662 |train kld ravg: 1.08947 |train mae:  2.78299 |train mae ravg:  2.80062 |val kld: 1.00972 |val kldravg: 1.07168 |val mae:  2.55575 |val mae ravg:  2.96738 |
|epoch:  12 | lr: 0.005 |train kld: 1.02768 |train kld ravg: 1.06826 |train mae:  2.63471 |train mae ravg:  2.72957 |val kld: 1.22121 |val kldravg: 1.11367 |val mae:  4.31149 |val mae ravg:  3.41380 |
|epoch:  13 | lr: 0.005 |train kld: 1.03771 |train kld ravg: 1.05840 |train mae:  2.63022 |train mae ravg:  2.69936 |val kld: 0.97652 |val kldravg: 1.08946 |val mae:  2.39085 |val mae ravg:  3.32826 |
|epoch:  14 | lr: 0.005 |train kld: 1.02992 |train kld ravg: 1.04692 |train mae:  2.60226 |train mae ravg:  2.66501 |val kld: 0.96360 |val kldravg: 1.03219 |val mae:  2.37233 |val mae ravg:  2.77008 |
|epoch:  15 | lr: 0.005 |train kld: 1.05084 |train kld ravg: 1.04655 |train mae:  2.65708 |train mae ravg:  2.66145 |val kld: 1.21744 |val kldravg: 1.07770 |val mae:  4.64948 |val mae ravg:  3.25598 |
|epoch:  16 | lr: 0.003 |train kld: 1.01837 |train kld ravg: 1.03290 |train mae:  2.54369 |train mae ravg:  2.61359 |val kld: 1.23954 |val kldravg: 1.12366 |val mae:  4.97619 |val mae ravg:  3.74007 |
|epoch:  17 | lr: 0.003 |train kld: 1.03282 |train kld ravg: 1.03393 |train mae:  2.62128 |train mae ravg:  2.61091 |val kld: 1.04880 |val kldravg: 1.08918 |val mae:  2.97452 |val mae ravg:  3.47267 |
|epoch:  18 | lr: 0.003 |train kld: 0.98899 |train kld ravg: 1.02419 |train mae:  2.51448 |train mae ravg:  2.58776 |val kld: 1.61920 |val kldravg: 1.21772 |val mae:  9.07222 |val mae ravg:  4.80895 |
|epoch:  19 | lr: 0.003 |train kld: 0.98723 |train kld ravg: 1.01565 |train mae:  2.42048 |train mae ravg:  2.55140 |val kld: 0.96735 |val kldravg: 1.21847 |val mae:  2.52197 |val mae ravg:  4.83888 |
|epoch:  20 | lr: 0.003 |train kld: 0.97933 |train kld ravg: 1.00135 |train mae:  2.50782 |train mae ravg:  2.52155 |val kld: 0.96396 |val kldravg: 1.16777 |val mae:  2.32842 |val mae ravg:  4.37467 |
|epoch:  21 | lr: 0.003 |train kld: 0.99985 |train kld ravg: 0.99765 |train mae:  2.44723 |train mae ravg:  2.50226 |val kld: 1.05759 |val kldravg: 1.13138 |val mae:  3.34079 |val mae ravg:  4.04759 |
|epoch:  22 | lr: 0.003 |train kld: 0.99756 |train kld ravg: 0.99059 |train mae:  2.53937 |train mae ravg:  2.48588 |val kld: 1.03539 |val kldravg: 1.12870 |val mae:  2.59897 |val mae ravg:  3.97248 |
|epoch:  23 | lr: 0.003 |train kld: 1.00289 |train kld ravg: 0.99337 |train mae:  2.51178 |train mae ravg:  2.48534 |val kld: 1.06608 |val kldravg: 1.01808 |val mae:  3.22287 |val mae ravg:  2.80260 |
|epoch:  24 | lr: 0.001 |train kld: 0.99000 |train kld ravg: 0.99393 |train mae:  2.57702 |train mae ravg:  2.51665 |val kld: 1.11411 |val kldravg: 1.04743 |val mae:  3.98213 |val mae ravg:  3.09464 |
|epoch:  25 | lr: 0.001 |train kld: 0.96405 |train kld ravg: 0.99087 |train mae:  2.42152 |train mae ravg:  2.49939 |val kld: 1.08023 |val kldravg: 1.07068 |val mae:  3.55617 |val mae ravg:  3.34019 |
|epoch:  26 | lr: 0.001 |train kld: 0.98128 |train kld ravg: 0.98715 |train mae:  2.41989 |train mae ravg:  2.49392 |val kld: 0.92327 |val kldravg: 1.04382 |val mae:  2.23616 |val mae ravg:  3.11926 |
|epoch:  27 | lr: 0.001 |train kld: 0.97192 |train kld ravg: 0.98203 |train mae:  2.46290 |train mae ravg:  2.47862 |val kld: 1.55121 |val kldravg: 1.14698 |val mae:  8.36434 |val mae ravg:  4.27233 |
|epoch:  28 | lr: 0.001 |train kld: 0.95434 |train kld ravg: 0.97232 |train mae:  2.34348 |train mae ravg:  2.44496 |val kld: 0.99742 |val kldravg: 1.13325 |val mae:  2.49572 |val mae ravg:  4.12690 |
|epoch:  29 | lr: 0.001 |train kld: 0.96131 |train kld ravg: 0.96658 |train mae:  2.42189 |train mae ravg:  2.41394 |val kld: 0.93167 |val kldravg: 1.09676 |val mae:  2.24698 |val mae ravg:  3.77987 |
|epoch:  30 | lr: 0.001 |train kld: 0.96409 |train kld ravg: 0.96659 |train mae:  2.37311 |train mae ravg:  2.40426 |val kld: 0.94764 |val kldravg: 1.07024 |val mae:  2.48918 |val mae ravg:  3.56648 |
|epoch:  31 | lr: 0.001 |train kld: 0.99004 |train kld ravg: 0.96834 |train mae:  2.43255 |train mae ravg:  2.40679 |val kld: 1.18656 |val kldravg: 1.12290 |val mae:  4.48889 |val mae ravg:  4.01702 |
|epoch:  32 | lr: 0.001 |train kld: 0.95153 |train kld ravg: 0.96426 |train mae:  2.40038 |train mae ravg:  2.39428 |val kld: 1.06941 |val kldravg: 1.02654 |val mae:  3.35752 |val mae ravg:  3.01566 |
|epoch:  33 | lr: 0.001 |train kld: 0.92432 |train kld ravg: 0.95826 |train mae:  2.30246 |train mae ravg:  2.38608 |val kld: 1.14538 |val kldravg: 1.05613 |val mae:  4.13506 |val mae ravg:  3.34353 |
|epoch:  34 | lr: 0.001 |train kld: 0.93942 |train kld ravg: 0.95388 |train mae:  2.31376 |train mae ravg:  2.36445 |val kld: 0.93884 |val kldravg: 1.05757 |val mae:  2.04298 |val mae ravg:  3.30272 |
|epoch:  35 | lr: 0.001 |train kld: 0.96366 |train kld ravg: 0.95379 |train mae:  2.38638 |train mae ravg:  2.36711 |val kld: 0.94366 |val kldravg: 1.05677 |val mae:  2.11103 |val mae ravg:  3.22710 |
|epoch:  36 | lr: 0.001 |train kld: 0.91592 |train kld ravg: 0.93897 |train mae:  2.16486 |train mae ravg:  2.31357 |val kld: 0.93059 |val kldravg: 1.00558 |val mae:  2.14966 |val mae ravg:  2.75925 |
|epoch:  37 | lr: 0.001 |train kld: 0.92692 |train kld ravg: 0.93405 |train mae:  2.22315 |train mae ravg:  2.27812 |val kld: 0.89787 |val kldravg: 0.97127 |val mae:  2.03276 |val mae ravg:  2.49430 |
|epoch:  38 | lr: 0.001 |train kld: 0.94948 |train kld ravg: 0.93908 |train mae:  2.36020 |train mae ravg:  2.28967 |val kld: 1.01519 |val kldravg: 0.94523 |val mae:  2.71814 |val mae ravg:  2.21091 |
|epoch:  39 | lr: 0.001 |train kld: 0.92246 |train kld ravg: 0.93569 |train mae:  2.34430 |train mae ravg:  2.29578 |val kld: 0.89919 |val kldravg: 0.93730 |val mae:  2.03645 |val mae ravg:  2.20961 |
|epoch:  40 | lr: 0.000 |train kld: 0.95913 |train kld ravg: 0.93478 |train mae:  2.30181 |train mae ravg:  2.27886 |val kld: 0.91102 |val kldravg: 0.93077 |val mae:  2.07068 |val mae ravg:  2.20154 |
|epoch:  41 | lr: 0.000 |train kld: 0.92298 |train kld ravg: 0.93620 |train mae:  2.26759 |train mae ravg:  2.29941 |val kld: 1.05197 |val kldravg: 0.95505 |val mae:  3.08674 |val mae ravg:  2.38896 |
|epoch:  42 | lr: 0.000 |train kld: 0.92993 |train kld ravg: 0.93680 |train mae:  2.37837 |train mae ravg:  2.33046 |val kld: 0.98444 |val kldravg: 0.97236 |val mae:  2.28531 |val mae ravg:  2.43947 |
|epoch:  43 | lr: 0.000 |train kld: 0.92686 |train kld ravg: 0.93227 |train mae:  2.31497 |train mae ravg:  2.32141 |val kld: 1.00260 |val kldravg: 0.96984 |val mae:  2.90124 |val mae ravg:  2.47609 |
|epoch:  44 | lr: 0.000 |train kld: 0.91257 |train kld ravg: 0.93029 |train mae:  2.27009 |train mae ravg:  2.30657 |val kld: 0.88189 |val kldravg: 0.96638 |val mae:  2.01742 |val mae ravg:  2.47228 |
|epoch:  45 | lr: 0.000 |train kld: 0.91309 |train kld ravg: 0.92109 |train mae:  2.28360 |train mae ravg:  2.30292 |val kld: 0.88767 |val kldravg: 0.96171 |val mae:  2.06045 |val mae ravg:  2.47023 |
|epoch:  46 | lr: 0.000 |train kld: 0.93069 |train kld ravg: 0.92263 |train mae:  2.37393 |train mae ravg:  2.32419 |val kld: 1.01445 |val kldravg: 0.95421 |val mae:  2.95436 |val mae ravg:  2.44376 |
|epoch:  47 | lr: 0.000 |train kld: 0.90393 |train kld ravg: 0.91743 |train mae:  2.29510 |train mae ravg:  2.30754 |val kld: 0.95240 |val kldravg: 0.94780 |val mae:  2.38419 |val mae ravg:  2.46353 |
|epoch:  48 | lr: 0.000 |train kld: 0.92274 |train kld ravg: 0.91660 |train mae:  2.26082 |train mae ravg:  2.29671 |val kld: 0.88851 |val kldravg: 0.92498 |val mae:  2.00322 |val mae ravg:  2.28393 |
|epoch:  49 | lr: 0.000 |train kld: 0.92461 |train kld ravg: 0.91901 |train mae:  2.29266 |train mae ravg:  2.30122 |val kld: 1.45410 |val kldravg: 1.03943 |val mae:  7.37744 |val mae ravg:  3.35593 |
|epoch:  50 | lr: 0.000 |train kld: 0.91801 |train kld ravg: 0.92000 |train mae:  2.25433 |train mae ravg:  2.29537 |val kld: 0.89683 |val kldravg: 1.04126 |val mae:  2.21664 |val mae ravg:  3.38717 |
|epoch:  51 | lr: 0.000 |train kld: 0.94312 |train kld ravg: 0.92248 |train mae:  2.27831 |train mae ravg:  2.27624 |val kld: 0.90389 |val kldravg: 1.01915 |val mae:  2.10261 |val mae ravg:  3.21682 |
|epoch:  52 | lr: 0.000 |train kld: 0.90633 |train kld ravg: 0.92296 |train mae:  2.24806 |train mae ravg:  2.26684 |val kld: 0.92260 |val kldravg: 1.01319 |val mae:  2.33271 |val mae ravg:  3.20652 |
|epoch:  53 | lr: 0.000 |train kld: 0.93299 |train kld ravg: 0.92501 |train mae:  2.37918 |train mae ravg:  2.29051 |val kld: 0.93025 |val kldravg: 1.02154 |val mae:  2.01922 |val mae ravg:  3.20972 |
|epoch:  54 | lr: 0.000 |train kld: 0.93344 |train kld ravg: 0.92678 |train mae:  2.33337 |train mae ravg:  2.29865 |val kld: 1.36935 |val kldravg: 1.00459 |val mae:  6.05575 |val mae ravg:  2.94538 |
|epoch:  55 | lr: 0.000 |train kld: 0.92111 |train kld ravg: 0.92740 |train mae:  2.25725 |train mae ravg:  2.29923 |val kld: 0.90087 |val kldravg: 1.00539 |val mae:  2.10696 |val mae ravg:  2.92345 |
|epoch:  56 | lr: 0.000 |train kld: 0.92806 |train kld ravg: 0.92438 |train mae:  2.36668 |train mae ravg:  2.31691 |val kld: 0.90731 |val kldravg: 1.00608 |val mae:  2.19195 |val mae ravg:  2.94132 |
|epoch:  57 | lr: 0.000 |train kld: 0.92508 |train kld ravg: 0.92813 |train mae:  2.25563 |train mae ravg:  2.31842 |val kld: 0.92188 |val kldravg: 1.00593 |val mae:  2.14025 |val mae ravg:  2.90282 |
|epoch:  58 | lr: 0.000 |train kld: 0.94149 |train kld ravg: 0.92983 |train mae:  2.39210 |train mae ravg:  2.32100 |val kld: 0.89646 |val kldravg: 0.99918 |val mae:  2.15561 |val mae ravg:  2.93010 |
|epoch:  59 | lr: 0.000 |train kld: 0.87926 |train kld ravg: 0.91900 |train mae:  2.20301 |train mae ravg:  2.29493 |val kld: 0.96188 |val kldravg: 0.91768 |val mae:  2.49204 |val mae ravg:  2.21736 |
|epoch:  60 | lr: 0.000 |train kld: 0.91270 |train kld ravg: 0.91732 |train mae:  2.28880 |train mae ravg:  2.30124 |val kld: 0.91265 |val kldravg: 0.92004 |val mae:  1.99960 |val mae ravg:  2.19589 |
|epoch:  61 | lr: 0.000 |train kld: 0.93269 |train kld ravg: 0.91824 |train mae:  2.28734 |train mae ravg:  2.28537 |val kld: 0.93550 |val kldravg: 0.92568 |val mae:  2.22119 |val mae ravg:  2.20174 |
|epoch:  62 | lr: 0.000 |train kld: 0.93496 |train kld ravg: 0.92022 |train mae:  2.23975 |train mae ravg:  2.28220 |val kld: 1.24890 |val kldravg: 0.99108 |val mae:  5.23622 |val mae ravg:  2.82093 |
|epoch:  63 | lr: 0.000 |train kld: 0.91430 |train kld ravg: 0.91478 |train mae:  2.26497 |train mae ravg:  2.25677 |val kld: 1.08881 |val kldravg: 1.02955 |val mae:  3.68364 |val mae ravg:  3.12654 |
|epoch:  64 | lr: 0.000 |train kld: 0.90490 |train kld ravg: 0.91991 |train mae:  2.18588 |train mae ravg:  2.25335 |val kld: 0.90414 |val kldravg: 1.01800 |val mae:  2.11538 |val mae ravg:  3.05121 |
|epoch:  65 | lr: 0.000 |train kld: 0.92074 |train kld ravg: 0.92152 |train mae:  2.28832 |train mae ravg:  2.25325 |val kld: 0.89769 |val kldravg: 1.01501 |val mae:  2.03627 |val mae ravg:  3.05854 |
|epoch:  66 | lr: 0.000 |train kld: 0.92035 |train kld ravg: 0.91905 |train mae:  2.27400 |train mae ravg:  2.25058 |val kld: 0.89592 |val kldravg: 1.00709 |val mae:  2.02699 |val mae ravg:  3.01970 |
|epoch:  67 | lr: 0.000 |train kld: 0.92733 |train kld ravg: 0.91752 |train mae:  2.34930 |train mae ravg:  2.27249 |val kld: 0.90263 |val kldravg: 0.93784 |val mae:  2.12939 |val mae ravg:  2.39833 |
|epoch:  68 | lr: 0.000 |train kld: 0.95755 |train kld ravg: 0.92617 |train mae:  2.44067 |train mae ravg:  2.30763 |val kld: 1.12935 |val kldravg: 0.94595 |val mae:  4.06023 |val mae ravg:  2.47365 |
|epoch:  69 | lr: 0.000 |train kld: 0.94766 |train kld ravg: 0.93472 |train mae:  2.35207 |train mae ravg:  2.34087 |val kld: 0.91318 |val kldravg: 0.94775 |val mae:  2.33883 |val mae ravg:  2.51834 |
|epoch:  70 | lr: 0.000 |train kld: 0.93001 |train kld ravg: 0.93658 |train mae:  2.25987 |train mae ravg:  2.33518 |val kld: 0.93722 |val kldravg: 0.95566 |val mae:  2.39934 |val mae ravg:  2.59096 |
|epoch:  71 | lr: 0.000 |train kld: 0.95665 |train kld ravg: 0.94384 |train mae:  2.43925 |train mae ravg:  2.36823 |val kld: 1.30419 |val kldravg: 1.03731 |val mae:  5.90085 |val mae ravg:  3.36573 |
|epoch:  72 | lr: 0.000 |train kld: 0.93779 |train kld ravg: 0.94593 |train mae:  2.33637 |train mae ravg:  2.36564 |val kld: 0.91200 |val kldravg: 1.03919 |val mae:  2.30257 |val mae ravg:  3.40036 |
|epoch:  73 | lr: 0.000 |train kld: 0.96814 |train kld ravg: 0.94805 |train mae:  2.39577 |train mae ravg:  2.35667 |val kld: 0.88559 |val kldravg: 0.99044 |val mae:  2.04576 |val mae ravg:  2.99747 |
|epoch:  74 | lr: 0.000 |train kld: 0.90933 |train kld ravg: 0.94038 |train mae:  2.23743 |train mae ravg:  2.33374 |val kld: 0.88871 |val kldravg: 0.98554 |val mae:  2.06147 |val mae ravg:  2.94200 |
|epoch:  75 | lr: 0.000 |train kld: 0.90278 |train kld ravg: 0.93493 |train mae:  2.16423 |train mae ravg:  2.31461 |val kld: 0.91119 |val kldravg: 0.98034 |val mae:  2.20190 |val mae ravg:  2.90251 |
|epoch:  76 | lr: 0.000 |train kld: 0.90374 |train kld ravg: 0.92435 |train mae:  2.26494 |train mae ravg:  2.27975 |val kld: 0.89234 |val kldravg: 0.89797 |val mae:  2.03231 |val mae ravg:  2.12880 |
|epoch:  77 | lr: 0.000 |train kld: 0.94393 |train kld ravg: 0.92558 |train mae:  2.31482 |train mae ravg:  2.27544 |val kld: 0.92635 |val kldravg: 0.90083 |val mae:  2.22549 |val mae ravg:  2.11339 |
|epoch:  78 | lr: 0.000 |train kld: 0.90116 |train kld ravg: 0.91218 |train mae:  2.26708 |train mae ravg:  2.24970 |val kld: 0.90822 |val kldravg: 0.90536 |val mae:  2.03311 |val mae ravg:  2.11086 |
|epoch:  79 | lr: 0.000 |train kld: 0.93310 |train kld ravg: 0.91694 |train mae:  2.30524 |train mae ravg:  2.26326 |val kld: 1.00210 |val kldravg: 0.92804 |val mae:  2.82675 |val mae ravg:  2.26391 |
|epoch:  80 | lr: 0.000 |train kld: 0.94869 |train kld ravg: 0.92612 |train mae:  2.33449 |train mae ravg:  2.29731 |val kld: 0.89748 |val kldravg: 0.92530 |val mae:  2.06416 |val mae ravg:  2.23636 |
|epoch:  81 | lr: 0.000 |train kld: 0.92351 |train kld ravg: 0.93008 |train mae:  2.28771 |train mae ravg:  2.30187 |val kld: 1.01922 |val kldravg: 0.95067 |val mae:  3.07932 |val mae ravg:  2.44576 |
|epoch:  82 | lr: 0.000 |train kld: 0.93033 |train kld ravg: 0.92736 |train mae:  2.28000 |train mae ravg:  2.29490 |val kld: 1.44195 |val kldravg: 1.05379 |val mae:  7.28697 |val mae ravg:  3.45806 |
|epoch:  83 | lr: 0.000 |train kld: 0.86916 |train kld ravg: 0.92096 |train mae:  2.09195 |train mae ravg:  2.25988 |val kld: 0.97981 |val kldravg: 1.06811 |val mae:  2.44931 |val mae ravg:  3.54130 |
|epoch:  84 | lr: 0.000 |train kld: 0.89024 |train kld ravg: 0.91239 |train mae:  2.22237 |train mae ravg:  2.24330 |val kld: 0.92714 |val kldravg: 1.05312 |val mae:  2.21121 |val mae ravg:  3.41819 |
|epoch:  85 | lr: 0.000 |train kld: 0.91904 |train kld ravg: 0.90646 |train mae:  2.25459 |train mae ravg:  2.22732 |val kld: 0.98455 |val kldravg: 1.07053 |val mae:  2.67611 |val mae ravg:  3.54058 |
|epoch:  86 | lr: 0.000 |train kld: 0.90793 |train kld ravg: 0.90334 |train mae:  2.28468 |train mae ravg:  2.22672 |val kld: 1.15822 |val kldravg: 1.09833 |val mae:  4.36534 |val mae ravg:  3.79779 |
|epoch:  87 | lr: 0.000 |train kld: 0.92311 |train kld ravg: 0.90190 |train mae:  2.27416 |train mae ravg:  2.22555 |val kld: 0.89726 |val kldravg: 0.98939 |val mae:  2.09501 |val mae ravg:  2.75940 |
|epoch:  88 | lr: 0.000 |train kld: 0.94772 |train kld ravg: 0.91761 |train mae:  2.36879 |train mae ravg:  2.28092 |val kld: 0.89945 |val kldravg: 0.97332 |val mae:  2.00667 |val mae ravg:  2.67087 |
|epoch:  89 | lr: 0.000 |train kld: 0.90981 |train kld ravg: 0.92152 |train mae:  2.30612 |train mae ravg:  2.29767 |val kld: 0.91256 |val kldravg: 0.97040 |val mae:  2.00378 |val mae ravg:  2.62938 |
|epoch:  90 | lr: 0.000 |train kld: 0.94496 |train kld ravg: 0.92671 |train mae:  2.33951 |train mae ravg:  2.31465 |val kld: 0.91006 |val kldravg: 0.95551 |val mae:  2.19143 |val mae ravg:  2.53245 |
|epoch:  91 | lr: 0.000 |train kld: 0.93075 |train kld ravg: 0.93127 |train mae:  2.36025 |train mae ravg:  2.32977 |val kld: 0.91092 |val kldravg: 0.90605 |val mae:  2.18523 |val mae ravg:  2.09642 |
|epoch:  92 | lr: 0.000 |train kld: 0.89356 |train kld ravg: 0.92536 |train mae:  2.17865 |train mae ravg:  2.31066 |val kld: 0.91725 |val kldravg: 0.91005 |val mae:  2.24028 |val mae ravg:  2.12548 |
|epoch:  93 | lr: 0.000 |train kld: 0.93015 |train kld ravg: 0.92185 |train mae:  2.32612 |train mae ravg:  2.30213 |val kld: 0.90108 |val kldravg: 0.91037 |val mae:  2.06868 |val mae ravg:  2.13788 |
|epoch:  94 | lr: 0.000 |train kld: 0.93479 |train kld ravg: 0.92684 |train mae:  2.35414 |train mae ravg:  2.31173 |val kld: 0.93712 |val kldravg: 0.91529 |val mae:  2.38473 |val mae ravg:  2.21407 |
|epoch:  95 | lr: 0.000 |train kld: 0.90788 |train kld ravg: 0.91943 |train mae:  2.29245 |train mae ravg:  2.30232 |val kld: 0.99897 |val kldravg: 0.93307 |val mae:  2.69216 |val mae ravg:  2.31422 |
|epoch:  96 | lr: 0.000 |train kld: 0.91185 |train kld ravg: 0.91564 |train mae:  2.20005 |train mae ravg:  2.27028 |val kld: 0.90206 |val kldravg: 0.93130 |val mae:  2.09986 |val mae ravg:  2.29714 |
|epoch:  97 | lr: 0.000 |train kld: 0.92222 |train kld ravg: 0.92138 |train mae:  2.33546 |train mae ravg:  2.30164 |val kld: 0.93003 |val kldravg: 0.93385 |val mae:  2.19996 |val mae ravg:  2.28908 |
|epoch:  98 | lr: 0.000 |train kld: 0.88170 |train kld ravg: 0.91169 |train mae:  2.21802 |train mae ravg:  2.28002 |val kld: 0.88841 |val kldravg: 0.93132 |val mae:  2.05699 |val mae ravg:  2.28674 |
|epoch:  99 | lr: 0.000 |train kld: 0.94850 |train kld ravg: 0.91443 |train mae:  2.35851 |train mae ravg:  2.28090 |val kld: 0.89982 |val kldravg: 0.92386 |val mae:  2.04871 |val mae ravg:  2.21954 |
|epoch: 100 | lr: 0.000 |train kld: 0.88682 |train kld ravg: 0.91022 |train mae:  2.21462 |train mae ravg:  2.26533 |val kld: 0.91752 |val kldravg: 0.90757 |val mae:  2.06322 |val mae ravg:  2.09375 |
|epoch: 101 | lr: 0.000 |train kld: 0.96441 |train kld ravg: 0.92073 |train mae:  2.43253 |train mae ravg:  2.31183 |val kld: 1.45041 |val kldravg: 1.01724 |val mae:  7.52750 |val mae ravg:  3.17928 |
|epoch: 102 | lr: 0.000 |train kld: 0.91566 |train kld ravg: 0.91942 |train mae:  2.27185 |train mae ravg:  2.29911 |val kld: 0.90492 |val kldravg: 1.01221 |val mae:  2.06102 |val mae ravg:  3.15149 |
|epoch: 103 | lr: 0.000 |train kld: 0.92408 |train kld ravg: 0.92790 |train mae:  2.24426 |train mae ravg:  2.30435 |val kld: 0.88064 |val kldravg: 1.01066 |val mae:  2.00531 |val mae ravg:  3.14115 |
|epoch: 104 | lr: 0.000 |train kld: 0.92676 |train kld ravg: 0.92355 |train mae:  2.31734 |train mae ravg:  2.29612 |val kld: 0.87467 |val kldravg: 1.00563 |val mae:  1.97132 |val mae ravg:  3.12567 |
|epoch: 105 | lr: 0.000 |train kld: 0.92152 |train kld ravg: 0.93049 |train mae:  2.33386 |train mae ravg:  2.31997 |val kld: 1.00341 |val kldravg: 1.02281 |val mae:  2.77105 |val mae ravg:  3.26724 |
|epoch: 106 | lr: 0.000 |train kld: 0.92240 |train kld ravg: 0.92209 |train mae:  2.31719 |train mae ravg:  2.29690 |val kld: 1.02116 |val kldravg: 0.93696 |val mae:  3.02436 |val mae ravg:  2.36661 |
|epoch: 107 | lr: 0.000 |train kld: 0.95011 |train kld ravg: 0.92898 |train mae:  2.32207 |train mae ravg:  2.30694 |val kld: 0.94794 |val kldravg: 0.94557 |val mae:  2.46338 |val mae ravg:  2.44708 |
|epoch: 108 | lr: 0.000 |train kld: 0.89133 |train kld ravg: 0.92243 |train mae:  2.18498 |train mae ravg:  2.29509 |val kld: 1.34539 |val kldravg: 1.03851 |val mae:  6.25973 |val mae ravg:  3.29797 |
|epoch: 109 | lr: 0.000 |train kld: 0.95679 |train kld ravg: 0.92843 |train mae:  2.42756 |train mae ravg:  2.31713 |val kld: 0.94866 |val kldravg: 1.05331 |val mae:  2.20437 |val mae ravg:  3.34458 |
|epoch: 110 | lr: 0.000 |train kld: 0.89810 |train kld ravg: 0.92375 |train mae:  2.22703 |train mae ravg:  2.29576 |val kld: 1.12360 |val kldravg: 1.07735 |val mae:  4.09722 |val mae ravg:  3.60981 |
|epoch: 111 | lr: 0.000 |train kld: 0.92409 |train kld ravg: 0.92408 |train mae:  2.33338 |train mae ravg:  2.29900 |val kld: 0.99837 |val kldravg: 1.07279 |val mae:  2.51483 |val mae ravg:  3.50791 |
|epoch: 112 | lr: 0.000 |train kld: 0.92171 |train kld ravg: 0.91840 |train mae:  2.29546 |train mae ravg:  2.29368 |val kld: 0.88958 |val kldravg: 1.06112 |val mae:  2.02507 |val mae ravg:  3.42024 |
|epoch: 113 | lr: 0.000 |train kld: 0.93874 |train kld ravg: 0.92789 |train mae:  2.38525 |train mae ravg:  2.33373 |val kld: 0.88296 |val kldravg: 0.96863 |val mae:  1.89501 |val mae ravg:  2.54730 |
|epoch: 114 | lr: 0.000 |train kld: 0.89252 |train kld ravg: 0.91503 |train mae:  2.31504 |train mae ravg:  2.31123 |val kld: 1.13982 |val kldravg: 1.00686 |val mae:  4.26391 |val mae ravg:  2.95921 |
|epoch: 115 | lr: 0.000 |train kld: 0.91086 |train kld ravg: 0.91758 |train mae:  2.23133 |train mae ravg:  2.31209 |val kld: 0.90892 |val kldravg: 0.96393 |val mae:  2.07557 |val mae ravg:  2.55488 |
|epoch: 116 | lr: 0.000 |train kld: 0.90224 |train kld ravg: 0.91321 |train mae:  2.27045 |train mae ravg:  2.29951 |val kld: 1.29953 |val kldravg: 1.02416 |val mae:  5.89047 |val mae ravg:  3.23000 |
|epoch: 117 | lr: 0.000 |train kld: 0.94311 |train kld ravg: 0.91749 |train mae:  2.31327 |train mae ravg:  2.30307 |val kld: 0.93794 |val kldravg: 1.03383 |val mae:  2.36744 |val mae ravg:  3.29848 |
|epoch: 118 | lr: 0.000 |train kld: 0.91484 |train kld ravg: 0.91271 |train mae:  2.26969 |train mae ravg:  2.27996 |val kld: 0.93639 |val kldravg: 1.04452 |val mae:  2.27878 |val mae ravg:  3.37523 |
|epoch: 119 | lr: 0.000 |train kld: 0.97046 |train kld ravg: 0.92830 |train mae:  2.41971 |train mae ravg:  2.30089 |val kld: 1.36484 |val kldravg: 1.08952 |val mae:  6.41720 |val mae ravg:  3.80589 |
|epoch: 120 | lr: 0.000 |train kld: 0.91516 |train kld ravg: 0.92916 |train mae:  2.32962 |train mae ravg:  2.32055 |val kld: 0.89833 |val kldravg: 1.08741 |val mae:  2.06043 |val mae ravg:  3.80286 |
|epoch: 121 | lr: 0.000 |train kld: 0.91923 |train kld ravg: 0.93256 |train mae:  2.26292 |train mae ravg:  2.31904 |val kld: 0.91016 |val kldravg: 1.00953 |val mae:  2.20645 |val mae ravg:  3.06606 |
|epoch: 122 | lr: 0.000 |train kld: 0.89127 |train kld ravg: 0.92219 |train mae:  2.25065 |train mae ravg:  2.30652 |val kld: 0.87590 |val kldravg: 0.99713 |val mae:  2.04607 |val mae ravg:  3.00179 |
|epoch: 123 | lr: 0.000 |train kld: 0.92428 |train kld ravg: 0.92408 |train mae:  2.29991 |train mae ravg:  2.31256 |val kld: 0.90309 |val kldravg: 0.99046 |val mae:  1.98179 |val mae ravg:  2.94239 |
|epoch: 124 | lr: 0.000 |train kld: 0.92136 |train kld ravg: 0.91426 |train mae:  2.32232 |train mae ravg:  2.29309 |val kld: 0.97750 |val kldravg: 0.91300 |val mae:  2.77120 |val mae ravg:  2.21319 |
|epoch: 125 | lr: 0.000 |train kld: 0.90240 |train kld ravg: 0.91171 |train mae:  2.19417 |train mae ravg:  2.26599 |val kld: 0.90832 |val kldravg: 0.91500 |val mae:  2.17099 |val mae ravg:  2.23530 |
|epoch: 126 | lr: 0.000 |train kld: 0.94156 |train kld ravg: 0.91617 |train mae:  2.27559 |train mae ravg:  2.26853 |val kld: 1.24782 |val kldravg: 0.98253 |val mae:  4.95473 |val mae ravg:  2.78496 |
|epoch: 127 | lr: 0.000 |train kld: 0.93402 |train kld ravg: 0.92472 |train mae:  2.32325 |train mae ravg:  2.28305 |val kld: 0.89444 |val kldravg: 0.98623 |val mae:  1.97464 |val mae ravg:  2.77067 |
|epoch: 128 | lr: 0.000 |train kld: 0.91842 |train kld ravg: 0.92355 |train mae:  2.31711 |train mae ravg:  2.28649 |val kld: 1.47164 |val kldravg: 1.09995 |val mae:  7.62915 |val mae ravg:  3.90014 |
|epoch: 129 | lr: 0.000 |train kld: 0.89041 |train kld ravg: 0.91736 |train mae:  2.20828 |train mae ravg:  2.26368 |val kld: 1.77906 |val kldravg: 1.26026 |val mae:  10.70962 |val mae ravg:  5.48783 |
|epoch: 130 | lr: 0.000 |train kld: 0.90739 |train kld ravg: 0.91836 |train mae:  2.35239 |train mae ravg:  2.29532 |val kld: 0.92741 |val kldravg: 1.26408 |val mae:  2.26981 |val mae ravg:  5.50759 |
|epoch: 131 | lr: 0.000 |train kld: 0.94391 |train kld ravg: 0.91883 |train mae:  2.32279 |train mae ravg:  2.30476 |val kld: 1.04816 |val kldravg: 1.22414 |val mae:  3.16656 |val mae ravg:  5.14996 |
|epoch: 132 | lr: 0.000 |train kld: 0.92204 |train kld ravg: 0.91643 |train mae:  2.25887 |train mae ravg:  2.29189 |val kld: 0.89994 |val kldravg: 1.22524 |val mae:  2.13405 |val mae ravg:  5.18184 |
|epoch: 133 | lr: 0.000 |train kld: 0.91802 |train kld ravg: 0.91635 |train mae:  2.29762 |train mae ravg:  2.28799 |val kld: 0.90371 |val kldravg: 1.11166 |val mae:  1.98977 |val mae ravg:  4.05396 |
|epoch: 134 | lr: 0.000 |train kld: 0.93241 |train kld ravg: 0.92476 |train mae:  2.25098 |train mae ravg:  2.29653 |val kld: 0.90759 |val kldravg: 0.93736 |val mae:  2.13637 |val mae ravg:  2.33931 |
|epoch: 135 | lr: 0.000 |train kld: 0.89784 |train kld ravg: 0.92285 |train mae:  2.18789 |train mae ravg:  2.26363 |val kld: 0.90496 |val kldravg: 0.93287 |val mae:  2.13776 |val mae ravg:  2.31290 |
|epoch: 136 | lr: 0.000 |train kld: 0.92424 |train kld ravg: 0.91891 |train mae:  2.31825 |train mae ravg:  2.26272 |val kld: 0.94828 |val kldravg: 0.91290 |val mae:  2.52811 |val mae ravg:  2.18521 |
|epoch: 137 | lr: 0.000 |train kld: 0.94617 |train kld ravg: 0.92374 |train mae:  2.40881 |train mae ravg:  2.29271 |val kld: 0.90577 |val kldravg: 0.91406 |val mae:  2.10849 |val mae ravg:  2.18010 |
|epoch: 138 | lr: 0.000 |train kld: 0.92969 |train kld ravg: 0.92607 |train mae:  2.32664 |train mae ravg:  2.29851 |val kld: 0.91712 |val kldravg: 0.91675 |val mae:  2.15252 |val mae ravg:  2.21265 |
|epoch: 139 | lr: 0.000 |train kld: 0.92914 |train kld ravg: 0.92541 |train mae:  2.26728 |train mae ravg:  2.30178 |val kld: 0.88604 |val kldravg: 0.91243 |val mae:  1.98722 |val mae ravg:  2.18282 |
|epoch: 140 | lr: 0.000 |train kld: 0.94008 |train kld ravg: 0.93386 |train mae:  2.34853 |train mae ravg:  2.33390 |val kld: 0.94891 |val kldravg: 0.92122 |val mae:  2.57414 |val mae ravg:  2.27010 |
|epoch: 141 | lr: 0.000 |train kld: 0.92707 |train kld ravg: 0.93443 |train mae:  2.23991 |train mae ravg:  2.31823 |val kld: 0.90163 |val kldravg: 0.91189 |val mae:  2.10476 |val mae ravg:  2.18543 |
|epoch: 142 | lr: 0.000 |train kld: 0.92503 |train kld ravg: 0.93020 |train mae:  2.31807 |train mae ravg:  2.30009 |val kld: 1.33602 |val kldravg: 0.99794 |val mae:  6.04614 |val mae ravg:  2.97296 |
|epoch: 143 | lr: 0.000 |train kld: 0.90468 |train kld ravg: 0.92520 |train mae:  2.23000 |train mae ravg:  2.28076 |val kld: 0.99663 |val kldravg: 1.01385 |val mae:  2.72802 |val mae ravg:  3.08806 |
|epoch: 144 | lr: 0.000 |train kld: 0.91528 |train kld ravg: 0.92243 |train mae:  2.35060 |train mae ravg:  2.29742 |val kld: 0.90561 |val kldravg: 1.01776 |val mae:  1.89714 |val mae ravg:  3.07004 |
|epoch: 145 | lr: 0.000 |train kld: 0.93252 |train kld ravg: 0.92092 |train mae:  2.32063 |train mae ravg:  2.29184 |val kld: 1.06061 |val kldravg: 1.04010 |val mae:  3.35902 |val mae ravg:  3.22702 |
|epoch: 146 | lr: 0.000 |train kld: 0.94916 |train kld ravg: 0.92533 |train mae:  2.41795 |train mae ravg:  2.32745 |val kld: 1.16940 |val kldravg: 1.09365 |val mae:  4.40775 |val mae ravg:  3.68761 |
|epoch: 147 | lr: 0.000 |train kld: 0.91903 |train kld ravg: 0.92413 |train mae:  2.32148 |train mae ravg:  2.32813 |val kld: 0.88822 |val kldravg: 1.00409 |val mae:  2.10623 |val mae ravg:  2.89963 |
|epoch: 148 | lr: 0.000 |train kld: 0.94986 |train kld ravg: 0.93317 |train mae:  2.36676 |train mae ravg:  2.35549 |val kld: 0.90008 |val kldravg: 0.98478 |val mae:  2.03985 |val mae ravg:  2.76200 |
|epoch: 149 | lr: 0.000 |train kld: 0.89691 |train kld ravg: 0.92949 |train mae:  2.16026 |train mae ravg:  2.31742 |val kld: 0.91197 |val kldravg: 0.98606 |val mae:  2.09010 |val mae ravg:  2.80059 |
|epoch: 150 | lr: 0.000 |train kld: 0.90749 |train kld ravg: 0.92449 |train mae:  2.23523 |train mae ravg:  2.30034 |val kld: 1.02171 |val kldravg: 0.97828 |val mae:  3.09077 |val mae ravg:  2.74694 |
|epoch: 151 | lr: 0.000 |train kld: 0.94232 |train kld ravg: 0.92312 |train mae:  2.26630 |train mae ravg:  2.27001 |val kld: 0.92346 |val kldravg: 0.92909 |val mae:  2.27280 |val mae ravg:  2.31995 |
|epoch: 152 | lr: 0.000 |train kld: 0.91848 |train kld ravg: 0.92301 |train mae:  2.25003 |train mae ravg:  2.25572 |val kld: 0.93458 |val kldravg: 0.93836 |val mae:  2.38007 |val mae ravg:  2.37472 |
|epoch: 153 | lr: 0.000 |train kld: 0.90875 |train kld ravg: 0.91479 |train mae:  2.34317 |train mae ravg:  2.25100 |val kld: 1.18665 |val kldravg: 0.99567 |val mae:  4.70247 |val mae ravg:  2.90724 |
|epoch: 154 | lr: 0.000 |train kld: 0.95058 |train kld ravg: 0.92553 |train mae:  2.35806 |train mae ravg:  2.29056 |val kld: 1.13841 |val kldravg: 1.04096 |val mae:  3.96146 |val mae ravg:  3.28152 |
|epoch: 155 | lr: 0.000 |train kld: 0.91555 |train kld ravg: 0.92714 |train mae:  2.28856 |train mae ravg:  2.30122 |val kld: 1.01701 |val kldravg: 1.04002 |val mae:  2.67201 |val mae ravg:  3.19776 |
|epoch: 156 | lr: 0.000 |train kld: 0.89289 |train kld ravg: 0.91725 |train mae:  2.22121 |train mae ravg:  2.29220 |val kld: 0.89263 |val kldravg: 1.03386 |val mae:  1.99012 |val mae ravg:  3.14123 |
|epoch: 157 | lr: 0.000 |train kld: 0.91463 |train kld ravg: 0.91648 |train mae:  2.26448 |train mae ravg:  2.29509 |val kld: 0.93573 |val kldravg: 1.03409 |val mae:  2.34198 |val mae ravg:  3.13361 |
|epoch: 158 | lr: 0.000 |train kld: 0.92089 |train kld ravg: 0.91891 |train mae:  2.22534 |train mae ravg:  2.27153 |val kld: 0.91406 |val kldravg: 0.97957 |val mae:  2.09994 |val mae ravg:  2.61310 |
|epoch: 159 | lr: 0.000 |train kld: 0.92642 |train kld ravg: 0.91407 |train mae:  2.31826 |train mae ravg:  2.26357 |val kld: 1.49881 |val kldravg: 1.05165 |val mae:  8.02375 |val mae ravg:  3.42556 |
|epoch: 160 | lr: 0.000 |train kld: 0.92934 |train kld ravg: 0.91683 |train mae:  2.34815 |train mae ravg:  2.27549 |val kld: 1.14902 |val kldravg: 1.07805 |val mae:  3.90404 |val mae ravg:  3.67196 |
|epoch: 161 | lr: 0.000 |train kld: 0.89101 |train kld ravg: 0.91646 |train mae:  2.19337 |train mae ravg:  2.26992 |val kld: 0.88753 |val kldravg: 1.07703 |val mae:  2.06108 |val mae ravg:  3.68615 |
|epoch: 162 | lr: 0.000 |train kld: 0.88682 |train kld ravg: 0.91089 |train mae:  2.18480 |train mae ravg:  2.25398 |val kld: 0.92554 |val kldravg: 1.07499 |val mae:  2.40596 |val mae ravg:  3.69895 |
|epoch: 163 | lr: 0.000 |train kld: 0.93407 |train kld ravg: 0.91353 |train mae:  2.30155 |train mae ravg:  2.26923 |val kld: 0.94262 |val kldravg: 1.08070 |val mae:  2.35039 |val mae ravg:  3.74904 |
|epoch: 164 | lr: 0.000 |train kld: 0.90858 |train kld ravg: 0.90996 |train mae:  2.21836 |train mae ravg:  2.24925 |val kld: 0.90020 |val kldravg: 0.96098 |val mae:  2.08750 |val mae ravg:  2.56179 |
|epoch: 165 | lr: 0.000 |train kld: 0.91929 |train kld ravg: 0.90795 |train mae:  2.26268 |train mae ravg:  2.23215 |val kld: 0.90804 |val kldravg: 0.91278 |val mae:  2.14995 |val mae ravg:  2.21098 |
|epoch: 166 | lr: 0.000 |train kld: 0.91940 |train kld ravg: 0.91363 |train mae:  2.32040 |train mae ravg:  2.25756 |val kld: 0.88360 |val kldravg: 0.91200 |val mae:  2.04778 |val mae ravg:  2.20831 |
|epoch: 167 | lr: 0.000 |train kld: 0.96520 |train kld ravg: 0.92931 |train mae:  2.44329 |train mae ravg:  2.30926 |val kld: 0.89185 |val kldravg: 0.90526 |val mae:  2.07924 |val mae ravg:  2.14297 |
|epoch: 168 | lr: 0.000 |train kld: 0.93995 |train kld ravg: 0.93048 |train mae:  2.46507 |train mae ravg:  2.34196 |val kld: 0.93254 |val kldravg: 0.90325 |val mae:  2.15813 |val mae ravg:  2.10452 |
|epoch: 169 | lr: 0.000 |train kld: 0.90738 |train kld ravg: 0.93024 |train mae:  2.16590 |train mae ravg:  2.33147 |val kld: 0.89785 |val kldravg: 0.90278 |val mae:  2.15362 |val mae ravg:  2.11774 |
|epoch: 170 | lr: 0.000 |train kld: 0.95590 |train kld ravg: 0.93757 |train mae:  2.37983 |train mae ravg:  2.35490 |val kld: 1.12044 |val kldravg: 0.94526 |val mae:  3.62622 |val mae ravg:  2.41300 |
|epoch: 171 | lr: 0.000 |train kld: 0.89405 |train kld ravg: 0.93249 |train mae:  2.19971 |train mae ravg:  2.33076 |val kld: 0.90870 |val kldravg: 0.95027 |val mae:  2.11242 |val mae ravg:  2.42593 |
|epoch: 172 | lr: 0.000 |train kld: 0.90855 |train kld ravg: 0.92116 |train mae:  2.16475 |train mae ravg:  2.27505 |val kld: 0.97389 |val kldravg: 0.96668 |val mae:  2.64460 |val mae ravg:  2.53900 |
|epoch: 173 | lr: 0.000 |train kld: 0.92921 |train kld ravg: 0.91902 |train mae:  2.35451 |train mae ravg:  2.25294 |val kld: 0.87519 |val kldravg: 0.95521 |val mae:  1.99406 |val mae ravg:  2.50618 |
|epoch: 174 | lr: 0.000 |train kld: 0.89578 |train kld ravg: 0.91670 |train mae:  2.22394 |train mae ravg:  2.26455 |val kld: 0.92751 |val kldravg: 0.96115 |val mae:  2.34871 |val mae ravg:  2.54520 |
|epoch: 175 | lr: 0.000 |train kld: 0.92264 |train kld ravg: 0.91004 |train mae:  2.34159 |train mae ravg:  2.25690 |val kld: 1.14088 |val kldravg: 0.96524 |val mae:  4.20656 |val mae ravg:  2.66127 |
|epoch: 176 | lr: 0.000 |train kld: 0.91685 |train kld ravg: 0.91461 |train mae:  2.22162 |train mae ravg:  2.26128 |val kld: 1.10316 |val kldravg: 1.00413 |val mae:  3.65560 |val mae ravg:  2.96990 |
|epoch: 177 | lr: 0.000 |train kld: 0.89847 |train kld ravg: 0.91259 |train mae:  2.20723 |train mae ravg:  2.26978 |val kld: 0.91740 |val kldravg: 0.99283 |val mae:  2.15679 |val mae ravg:  2.87234 |
|epoch: 178 | lr: 0.000 |train kld: 0.93100 |train kld ravg: 0.91295 |train mae:  2.38793 |train mae ravg:  2.27646 |val kld: 0.90957 |val kldravg: 0.99970 |val mae:  2.10867 |val mae ravg:  2.89527 |
|epoch: 179 | lr: 0.000 |train kld: 0.92315 |train kld ravg: 0.91842 |train mae:  2.20078 |train mae ravg:  2.27183 |val kld: 0.88841 |val kldravg: 0.99188 |val mae:  2.04681 |val mae ravg:  2.83489 |
|epoch: 180 | lr: 0.000 |train kld: 0.92621 |train kld ravg: 0.91914 |train mae:  2.26606 |train mae ravg:  2.25672 |val kld: 0.87005 |val kldravg: 0.93772 |val mae:  2.02298 |val mae ravg:  2.39817 |
|epoch: 181 | lr: 0.000 |train kld: 0.92035 |train kld ravg: 0.91984 |train mae:  2.23893 |train mae ravg:  2.26019 |val kld: 0.89672 |val kldravg: 0.89643 |val mae:  2.04641 |val mae ravg:  2.07634 |
|epoch: 182 | lr: 0.000 |train kld: 0.94918 |train kld ravg: 0.92998 |train mae:  2.28173 |train mae ravg:  2.27509 |val kld: 0.88545 |val kldravg: 0.89004 |val mae:  2.01209 |val mae ravg:  2.04740 |
|epoch: 183 | lr: 0.000 |train kld: 0.93161 |train kld ravg: 0.93010 |train mae:  2.38488 |train mae ravg:  2.27448 |val kld: 0.91270 |val kldravg: 0.89067 |val mae:  2.16787 |val mae ravg:  2.05924 |
|epoch: 184 | lr: 0.000 |train kld: 0.89869 |train kld ravg: 0.92521 |train mae:  2.21306 |train mae ravg:  2.27693 |val kld: 0.89552 |val kldravg: 0.89209 |val mae:  1.96920 |val mae ravg:  2.04371 |
|epoch: 185 | lr: 0.000 |train kld: 0.88596 |train kld ravg: 0.91716 |train mae:  2.21730 |train mae ravg:  2.26718 |val kld: 0.89622 |val kldravg: 0.89732 |val mae:  2.15524 |val mae ravg:  2.07016 |
|epoch: 186 | lr: 0.000 |train kld: 0.93751 |train kld ravg: 0.92059 |train mae:  2.27282 |train mae ravg:  2.27396 |val kld: 1.35387 |val kldravg: 0.98875 |val mae:  6.37223 |val mae ravg:  2.93533 |
|epoch: 187 | lr: 0.000 |train kld: 0.93198 |train kld ravg: 0.91715 |train mae:  2.39433 |train mae ravg:  2.29648 |val kld: 1.12833 |val kldravg: 1.03733 |val mae:  3.72455 |val mae ravg:  3.27782 |
|epoch: 188 | lr: 0.000 |train kld: 0.95250 |train kld ravg: 0.92133 |train mae:  2.33640 |train mae ravg:  2.28678 |val kld: 0.91072 |val kldravg: 1.03693 |val mae:  2.06400 |val mae ravg:  3.25704 |
|epoch: 189 | lr: 0.000 |train kld: 0.93146 |train kld ravg: 0.92789 |train mae:  2.31687 |train mae ravg:  2.30754 |val kld: 0.90373 |val kldravg: 1.03858 |val mae:  2.02637 |val mae ravg:  3.26848 |
|epoch: 190 | lr: 0.000 |train kld: 0.93505 |train kld ravg: 0.93770 |train mae:  2.34970 |train mae ravg:  2.33402 |val kld: 0.91663 |val kldravg: 1.04266 |val mae:  2.09261 |val mae ravg:  3.25595 |
|epoch: 191 | lr: 0.000 |train kld: 0.95559 |train kld ravg: 0.94132 |train mae:  2.40978 |train mae ravg:  2.36141 |val kld: 0.89783 |val kldravg: 0.95145 |val mae:  2.16180 |val mae ravg:  2.41387 |
|epoch: 192 | lr: 0.000 |train kld: 0.92555 |train kld ravg: 0.94003 |train mae:  2.29451 |train mae ravg:  2.34145 |val kld: 1.00090 |val kldravg: 0.92596 |val mae:  2.87133 |val mae ravg:  2.24322 |
|epoch: 193 | lr: 0.000 |train kld: 0.95394 |train kld ravg: 0.94032 |train mae:  2.34863 |train mae ravg:  2.34390 |val kld: 0.89201 |val kldravg: 0.92222 |val mae:  2.15356 |val mae ravg:  2.26114 |
|epoch: 194 | lr: 0.000 |train kld: 0.89235 |train kld ravg: 0.93249 |train mae:  2.14935 |train mae ravg:  2.31039 |val kld: 0.90855 |val kldravg: 0.92319 |val mae:  2.02859 |val mae ravg:  2.26158 |
|epoch: 195 | lr: 0.000 |train kld: 0.90295 |train kld ravg: 0.92608 |train mae:  2.20473 |train mae ravg:  2.28140 |val kld: 1.04236 |val kldravg: 0.94833 |val mae:  2.92731 |val mae ravg:  2.42852 |
|epoch: 196 | lr: 0.000 |train kld: 0.93005 |train kld ravg: 0.92097 |train mae:  2.41339 |train mae ravg:  2.28212 |val kld: 0.91901 |val kldravg: 0.95257 |val mae:  2.14454 |val mae ravg:  2.42507 |
|epoch: 197 | lr: 0.000 |train kld: 0.95556 |train kld ravg: 0.92697 |train mae:  2.48608 |train mae ravg:  2.32044 |val kld: 1.13441 |val kldravg: 0.97927 |val mae:  4.22392 |val mae ravg:  2.69558 |
|epoch: 198 | lr: 0.000 |train kld: 0.93402 |train kld ravg: 0.92299 |train mae:  2.27653 |train mae ravg:  2.30602 |val kld: 0.96220 |val kldravg: 0.99331 |val mae:  2.54854 |val mae ravg:  2.77458 |
|epoch: 199 | lr: 0.000 |train kld: 0.93300 |train kld ravg: 0.93112 |train mae:  2.30540 |train mae ravg:  2.33723 |val kld: 1.03643 |val kldravg: 1.01888 |val mae:  2.93895 |val mae ravg:  2.95665 |
|epoch: 200 | lr: 0.000 |train kld: 0.92841 |train kld ravg: 0.93621 |train mae:  2.25265 |train mae ravg:  2.34681 |val kld: 1.00558 |val kldravg: 1.01153 |val mae:  2.94323 |val mae ravg:  2.95984 |
|epoch: 201 | lr: 0.000 |train kld: 0.90427 |train kld ravg: 0.93105 |train mae:  2.34679 |train mae ravg:  2.33349 |val kld: 0.96281 |val kldravg: 1.02029 |val mae:  2.34702 |val mae ravg:  3.00033 |
|epoch: 202 | lr: 0.000 |train kld: 0.93721 |train kld ravg: 0.92738 |train mae:  2.28289 |train mae ravg:  2.29285 |val kld: 0.97338 |val kldravg: 0.98808 |val mae:  2.62335 |val mae ravg:  2.68022 |
|epoch: 203 | lr: 0.000 |train kld: 0.87363 |train kld ravg: 0.91531 |train mae:  2.11682 |train mae ravg:  2.26091 |val kld: 0.96908 |val kldravg: 0.98946 |val mae:  2.21649 |val mae ravg:  2.61381 |
|epoch: 204 | lr: 0.000 |train kld: 0.91294 |train kld ravg: 0.91129 |train mae:  2.20417 |train mae ravg:  2.24066 |val kld: 0.92092 |val kldravg: 0.96635 |val mae:  2.27956 |val mae ravg:  2.48193 |
|epoch: 205 | lr: 0.000 |train kld: 0.90503 |train kld ravg: 0.90662 |train mae:  2.23779 |train mae ravg:  2.23769 |val kld: 0.89472 |val kldravg: 0.94418 |val mae:  2.09235 |val mae ravg:  2.31175 |
|epoch: 206 | lr: 0.000 |train kld: 0.93766 |train kld ravg: 0.91329 |train mae:  2.33013 |train mae ravg:  2.23436 |val kld: 1.03053 |val kldravg: 0.95773 |val mae:  2.86707 |val mae ravg:  2.41576 |
|epoch: 207 | lr: 0.000 |train kld: 0.93292 |train kld ravg: 0.91244 |train mae:  2.37281 |train mae ravg:  2.25234 |val kld: 0.96911 |val kldravg: 0.95687 |val mae:  2.66176 |val mae ravg:  2.42344 |
|epoch: 208 | lr: 0.000 |train kld: 0.91226 |train kld ravg: 0.92016 |train mae:  2.27098 |train mae ravg:  2.28318 |val kld: 0.90579 |val kldravg: 0.94421 |val mae:  2.15706 |val mae ravg:  2.41156 |
|epoch: 209 | lr: 0.000 |train kld: 0.93470 |train kld ravg: 0.92451 |train mae:  2.36484 |train mae ravg:  2.31531 |val kld: 1.26887 |val kldravg: 1.01380 |val mae:  5.39396 |val mae ravg:  3.03444 |
|epoch: 210 | lr: 0.000 |train kld: 0.92259 |train kld ravg: 0.92802 |train mae:  2.25815 |train mae ravg:  2.31938 |val kld: 1.25070 |val kldravg: 1.08500 |val mae:  5.03760 |val mae ravg:  3.62349 |
|epoch: 211 | lr: 0.000 |train kld: 0.94808 |train kld ravg: 0.93011 |train mae:  2.38492 |train mae ravg:  2.33034 |val kld: 0.89200 |val kldravg: 1.05729 |val mae:  1.94274 |val mae ravg:  3.43862 |
|epoch: 212 | lr: 0.000 |train kld: 0.92930 |train kld ravg: 0.92938 |train mae:  2.32978 |train mae ravg:  2.32173 |val kld: 0.96390 |val kldravg: 1.05625 |val mae:  2.51229 |val mae ravg:  3.40873 |
|epoch: 213 | lr: 0.000 |train kld: 0.92560 |train kld ravg: 0.93205 |train mae:  2.33282 |train mae ravg:  2.33410 |val kld: 0.90254 |val kldravg: 1.05560 |val mae:  2.17145 |val mae ravg:  3.41161 |
|epoch: 214 | lr: 0.000 |train kld: 0.93696 |train kld ravg: 0.93251 |train mae:  2.26866 |train mae ravg:  2.31487 |val kld: 1.36705 |val kldravg: 1.07524 |val mae:  6.55166 |val mae ravg:  3.64315 |
|epoch: 215 | lr: 0.000 |train kld: 0.95494 |train kld ravg: 0.93898 |train mae:  2.42541 |train mae ravg:  2.34832 |val kld: 0.89482 |val kldravg: 1.00406 |val mae:  2.07460 |val mae ravg:  3.05055 |
|epoch: 216 | lr: 0.000 |train kld: 0.92009 |train kld ravg: 0.93338 |train mae:  2.21644 |train mae ravg:  2.31462 |val kld: 0.88917 |val kldravg: 1.00349 |val mae:  2.00379 |val mae ravg:  3.06276 |
|epoch: 217 | lr: 0.000 |train kld: 0.90570 |train kld ravg: 0.92866 |train mae:  2.25609 |train mae ravg:  2.29988 |val kld: 0.94844 |val kldravg: 1.00040 |val mae:  2.46293 |val mae ravg:  3.05289 |
|epoch: 218 | lr: 0.000 |train kld: 0.91751 |train kld ravg: 0.92704 |train mae:  2.31481 |train mae ravg:  2.29628 |val kld: 0.91921 |val kldravg: 1.00374 |val mae:  2.21112 |val mae ravg:  3.06082 |
|epoch: 219 | lr: 0.000 |train kld: 0.93997 |train kld ravg: 0.92764 |train mae:  2.28881 |train mae ravg:  2.30031 |val kld: 1.28588 |val kldravg: 0.98750 |val mae:  5.38851 |val mae ravg:  2.82819 |
|epoch: 220 | lr: 0.000 |train kld: 0.93154 |train kld ravg: 0.92296 |train mae:  2.33931 |train mae ravg:  2.28309 |val kld: 1.07472 |val kldravg: 1.02348 |val mae:  3.57421 |val mae ravg:  3.12811 |
|epoch: 221 | lr: 0.000 |train kld: 0.90843 |train kld ravg: 0.92063 |train mae:  2.23683 |train mae ravg:  2.28717 |val kld: 0.94390 |val kldravg: 1.03443 |val mae:  2.51125 |val mae ravg:  3.22960 |
|epoch: 222 | lr: 0.000 |train kld: 0.90958 |train kld ravg: 0.92141 |train mae:  2.25624 |train mae ravg:  2.28720 |val kld: 0.91257 |val kldravg: 1.02726 |val mae:  2.11630 |val mae ravg:  3.16028 |
|epoch: 223 | lr: 0.000 |train kld: 0.94389 |train kld ravg: 0.92668 |train mae:  2.35890 |train mae ravg:  2.29602 |val kld: 0.86403 |val kldravg: 1.01622 |val mae:  1.89916 |val mae ravg:  3.09789 |
|epoch: 224 | lr: 0.000 |train kld: 0.93164 |train kld ravg: 0.92501 |train mae:  2.33324 |train mae ravg:  2.30490 |val kld: 0.91506 |val kldravg: 0.94206 |val mae:  2.25110 |val mae ravg:  2.47040 |
|epoch: 225 | lr: 0.000 |train kld: 0.90832 |train kld ravg: 0.92037 |train mae:  2.26333 |train mae ravg:  2.28971 |val kld: 0.89968 |val kldravg: 0.90705 |val mae:  2.13480 |val mae ravg:  2.18252 |
|epoch: 226 | lr: 0.000 |train kld: 0.93870 |train kld ravg: 0.92643 |train mae:  2.35602 |train mae ravg:  2.31354 |val kld: 0.87888 |val kldravg: 0.89404 |val mae:  2.08081 |val mae ravg:  2.09643 |
|epoch: 227 | lr: 0.000 |train kld: 0.91676 |train kld ravg: 0.92786 |train mae:  2.28732 |train mae ravg:  2.31976 |val kld: 0.91950 |val kldravg: 0.89543 |val mae:  2.13345 |val mae ravg:  2.09986 |
|epoch: 228 | lr: 0.000 |train kld: 0.90731 |train kld ravg: 0.92055 |train mae:  2.31740 |train mae ravg:  2.31146 |val kld: 0.88473 |val kldravg: 0.89957 |val mae:  2.02184 |val mae ravg:  2.12440 |
|epoch: 229 | lr: 0.000 |train kld: 0.96639 |train kld ravg: 0.92750 |train mae:  2.41517 |train mae ravg:  2.32785 |val kld: 1.15879 |val kldravg: 0.94831 |val mae:  4.43731 |val mae ravg:  2.56164 |
|epoch: 230 | lr: 0.000 |train kld: 0.89865 |train kld ravg: 0.92556 |train mae:  2.27828 |train mae ravg:  2.33084 |val kld: 0.90950 |val kldravg: 0.95028 |val mae:  2.21077 |val mae ravg:  2.57684 |
|epoch: 231 | lr: 0.000 |train kld: 0.89148 |train kld ravg: 0.91612 |train mae:  2.24127 |train mae ravg:  2.30789 |val kld: 0.87579 |val kldravg: 0.94966 |val mae:  2.06820 |val mae ravg:  2.57432 |
|epoch: 232 | lr: 0.000 |train kld: 0.91917 |train kld ravg: 0.91660 |train mae:  2.34563 |train mae ravg:  2.31955 |val kld: 0.89825 |val kldravg: 0.94541 |val mae:  2.07847 |val mae ravg:  2.56332 |
|epoch: 233 | lr: 0.000 |train kld: 0.90724 |train kld ravg: 0.91659 |train mae:  2.30129 |train mae ravg:  2.31633 |val kld: 0.90821 |val kldravg: 0.95011 |val mae:  2.03546 |val mae ravg:  2.56604 |
|epoch: 234 | lr: 0.000 |train kld: 0.91837 |train kld ravg: 0.90698 |train mae:  2.26369 |train mae ravg:  2.28603 |val kld: 1.18137 |val kldravg: 0.95462 |val mae:  3.32348 |val mae ravg:  2.34328 |
|epoch: 235 | lr: 0.000 |train kld: 0.90412 |train kld ravg: 0.90808 |train mae:  2.28862 |train mae ravg:  2.28810 |val kld: 1.09411 |val kldravg: 0.99154 |val mae:  2.68561 |val mae ravg:  2.43825 |
|epoch: 236 | lr: 0.000 |train kld: 0.91931 |train kld ravg: 0.91364 |train mae:  2.29707 |train mae ravg:  2.29926 |val kld: 0.93302 |val kldravg: 1.00299 |val mae:  2.34576 |val mae ravg:  2.49376 |
|epoch: 237 | lr: 0.000 |train kld: 0.90402 |train kld ravg: 0.91061 |train mae:  2.28083 |train mae ravg:  2.28630 |val kld: 0.91088 |val kldravg: 1.00552 |val mae:  2.06466 |val mae ravg:  2.49100 |
|epoch: 238 | lr: 0.000 |train kld: 0.90872 |train kld ravg: 0.91091 |train mae:  2.23891 |train mae ravg:  2.27382 |val kld: 0.88025 |val kldravg: 0.99992 |val mae:  2.00309 |val mae ravg:  2.48452 |
|epoch: 239 | lr: 0.000 |train kld: 0.90750 |train kld ravg: 0.90873 |train mae:  2.21100 |train mae ravg:  2.26328 |val kld: 0.91832 |val kldravg: 0.94731 |val mae:  2.16220 |val mae ravg:  2.25226 |
|epoch: 240 | lr: 0.000 |train kld: 0.95477 |train kld ravg: 0.91886 |train mae:  2.43511 |train mae ravg:  2.29258 |val kld: 0.92125 |val kldravg: 0.91274 |val mae:  2.31812 |val mae ravg:  2.17877 |
|epoch: 241 | lr: 0.000 |train kld: 0.95426 |train kld ravg: 0.92585 |train mae:  2.32870 |train mae ravg:  2.29891 |val kld: 1.01804 |val kldravg: 0.92975 |val mae:  3.10398 |val mae ravg:  2.33041 |
|epoch: 242 | lr: 0.000 |train kld: 0.94678 |train kld ravg: 0.93441 |train mae:  2.37483 |train mae ravg:  2.31771 |val kld: 0.91888 |val kldravg: 0.93135 |val mae:  2.23306 |val mae ravg:  2.36409 |
|epoch: 243 | lr: 0.000 |train kld: 0.94179 |train kld ravg: 0.94102 |train mae:  2.41661 |train mae ravg:  2.35325 |val kld: 0.92032 |val kldravg: 0.93936 |val mae:  2.29721 |val mae ravg:  2.42291 |
|epoch: 244 | lr: 0.000 |train kld: 0.93989 |train kld ravg: 0.94750 |train mae:  2.33927 |train mae ravg:  2.37890 |val kld: 0.90064 |val kldravg: 0.93583 |val mae:  2.14031 |val mae ravg:  2.41854 |
|epoch: 245 | lr: 0.000 |train kld: 0.92405 |train kld ravg: 0.94135 |train mae:  2.33182 |train mae ravg:  2.35825 |val kld: 0.91048 |val kldravg: 0.93367 |val mae:  2.12383 |val mae ravg:  2.37968 |
|epoch: 246 | lr: 0.000 |train kld: 0.91525 |train kld ravg: 0.93355 |train mae:  2.29584 |train mae ravg:  2.35168 |val kld: 1.08352 |val kldravg: 0.94677 |val mae:  3.41758 |val mae ravg:  2.44240 |
|epoch: 247 | lr: 0.000 |train kld: 0.90718 |train kld ravg: 0.92563 |train mae:  2.17901 |train mae ravg:  2.31251 |val kld: 0.91727 |val kldravg: 0.94645 |val mae:  2.00480 |val mae ravg:  2.39674 |
|epoch: 248 | lr: 0.000 |train kld: 0.90011 |train kld ravg: 0.91729 |train mae:  2.25418 |train mae ravg:  2.28003 |val kld: 0.90880 |val kldravg: 0.94414 |val mae:  2.01546 |val mae ravg:  2.34039 |
|epoch: 249 | lr: 0.000 |train kld: 0.91190 |train kld ravg: 0.91170 |train mae:  2.30042 |train mae ravg:  2.27226 |val kld: 0.91500 |val kldravg: 0.94701 |val mae:  2.04773 |val mae ravg:  2.32188 |
|epoch: 250 | lr: 0.000 |train kld: 0.92643 |train kld ravg: 0.91217 |train mae:  2.39299 |train mae ravg:  2.28449 |val kld: 0.89780 |val kldravg: 0.94448 |val mae:  2.02896 |val mae ravg:  2.30291 |
|epoch: 251 | lr: 0.000 |train kld: 0.92473 |train kld ravg: 0.91407 |train mae:  2.24647 |train mae ravg:  2.27461 |val kld: 0.89700 |val kldravg: 0.90718 |val mae:  1.98801 |val mae ravg:  2.01699 |
|epoch: 252 | lr: 0.000 |train kld: 0.90370 |train kld ravg: 0.91337 |train mae:  2.26090 |train mae ravg:  2.29099 |val kld: 0.87336 |val kldravg: 0.89839 |val mae:  1.94352 |val mae ravg:  2.00474 |
|epoch: 253 | lr: 0.000 |train kld: 0.89766 |train kld ravg: 0.91288 |train mae:  2.25195 |train mae ravg:  2.29055 |val kld: 1.00981 |val kldravg: 0.91859 |val mae:  2.90602 |val mae ravg:  2.18285 |
|epoch: 254 | lr: 0.000 |train kld: 0.94634 |train kld ravg: 0.91977 |train mae:  2.32038 |train mae ravg:  2.29454 |val kld: 0.89001 |val kldravg: 0.91360 |val mae:  2.02729 |val mae ravg:  2.17876 |
|epoch: 255 | lr: 0.000 |train kld: 0.94249 |train kld ravg: 0.92298 |train mae:  2.38475 |train mae ravg:  2.29289 |val kld: 0.96443 |val kldravg: 0.92692 |val mae:  2.54611 |val mae ravg:  2.28219 |
|epoch: 256 | lr: 0.000 |train kld: 0.91061 |train kld ravg: 0.92016 |train mae:  2.23435 |train mae ravg:  2.29047 |val kld: 0.91401 |val kldravg: 0.93032 |val mae:  2.02167 |val mae ravg:  2.28892 |
|epoch: 257 | lr: 0.000 |train kld: 0.93393 |train kld ravg: 0.92621 |train mae:  2.34755 |train mae ravg:  2.30780 |val kld: 0.88598 |val kldravg: 0.93285 |val mae:  2.05402 |val mae ravg:  2.31102 |
|epoch: 258 | lr: 0.000 |train kld: 0.90729 |train kld ravg: 0.92813 |train mae:  2.27560 |train mae ravg:  2.31253 |val kld: 1.70751 |val kldravg: 1.07239 |val mae:  9.99554 |val mae ravg:  3.72893 |
|epoch: 259 | lr: 0.000 |train kld: 0.92871 |train kld ravg: 0.92461 |train mae:  2.28966 |train mae ravg:  2.30638 |val kld: 0.91302 |val kldravg: 1.07699 |val mae:  2.13292 |val mae ravg:  3.75005 |
|epoch: 260 | lr: 0.000 |train kld: 0.92592 |train kld ravg: 0.92129 |train mae:  2.28467 |train mae ravg:  2.28637 |val kld: 1.51256 |val kldravg: 1.18662 |val mae:  7.83117 |val mae ravg:  4.80706 |
|epoch: 261 | lr: 0.000 |train kld: 0.93678 |train kld ravg: 0.92653 |train mae:  2.29365 |train mae ravg:  2.29823 |val kld: 0.87694 |val kldravg: 1.17920 |val mae:  1.96277 |val mae ravg:  4.79528 |
|epoch: 262 | lr: 0.000 |train kld: 0.93049 |train kld ravg: 0.92584 |train mae:  2.19246 |train mae ravg:  2.26721 |val kld: 0.90517 |val kldravg: 1.18304 |val mae:  2.08448 |val mae ravg:  4.80137 |
|epoch: 263 | lr: 0.000 |train kld: 0.90548 |train kld ravg: 0.92547 |train mae:  2.21174 |train mae ravg:  2.25444 |val kld: 0.90701 |val kldravg: 1.02294 |val mae:  2.06634 |val mae ravg:  3.21554 |
|epoch: 264 | lr: 0.000 |train kld: 0.92747 |train kld ravg: 0.92523 |train mae:  2.27369 |train mae ravg:  2.25125 |val kld: 0.91648 |val kldravg: 1.02363 |val mae:  2.06281 |val mae ravg:  3.20152 |
|epoch: 265 | lr: 0.000 |train kld: 0.93414 |train kld ravg: 0.92687 |train mae:  2.32905 |train mae ravg:  2.26012 |val kld: 0.92416 |val kldravg: 0.90595 |val mae:  2.28835 |val mae ravg:  2.09295 |
|epoch: 266 | lr: 0.000 |train kld: 0.91339 |train kld ravg: 0.92219 |train mae:  2.26081 |train mae ravg:  2.25355 |val kld: 1.07978 |val kldravg: 0.94652 |val mae:  3.66602 |val mae ravg:  2.43360 |
|epoch: 267 | lr: 0.000 |train kld: 0.92525 |train kld ravg: 0.92114 |train mae:  2.30185 |train mae ravg:  2.27543 |val kld: 0.89162 |val kldravg: 0.94381 |val mae:  2.05872 |val mae ravg:  2.42845 |
|epoch: 268 | lr: 0.000 |train kld: 0.93149 |train kld ravg: 0.92635 |train mae:  2.31540 |train mae ravg:  2.29616 |val kld: 1.19172 |val kldravg: 1.00075 |val mae:  3.99945 |val mae ravg:  2.81507 |
|epoch: 269 | lr: 0.000 |train kld: 0.94722 |train kld ravg: 0.93030 |train mae:  2.37904 |train mae ravg:  2.31723 |val kld: 0.97553 |val kldravg: 1.01256 |val mae:  2.42367 |val mae ravg:  2.88724 |
|epoch: 270 | lr: 0.000 |train kld: 0.94838 |train kld ravg: 0.93315 |train mae:  2.35800 |train mae ravg:  2.32302 |val kld: 0.89744 |val kldravg: 1.00722 |val mae:  2.05909 |val mae ravg:  2.84139 |
|epoch: 271 | lr: 0.000 |train kld: 0.93606 |train kld ravg: 0.93768 |train mae:  2.28397 |train mae ravg:  2.32765 |val kld: 0.89175 |val kldravg: 0.96961 |val mae:  2.08690 |val mae ravg:  2.52556 |
|epoch: 272 | lr: 0.000 |train kld: 0.90218 |train kld ravg: 0.93307 |train mae:  2.25595 |train mae ravg:  2.31847 |val kld: 1.51501 |val kldravg: 1.09429 |val mae:  8.03700 |val mae ravg:  3.72122 |
|epoch: 273 | lr: 0.000 |train kld: 0.93312 |train kld ravg: 0.93339 |train mae:  2.36413 |train mae ravg:  2.32822 |val kld: 0.95744 |val kldravg: 1.04743 |val mae:  2.50409 |val mae ravg:  3.42215 |
|epoch: 274 | lr: 0.000 |train kld: 0.89835 |train kld ravg: 0.92362 |train mae:  2.17919 |train mae ravg:  2.28825 |val kld: 1.32822 |val kldravg: 1.11797 |val mae:  5.80997 |val mae ravg:  4.09941 |
|epoch: 275 | lr: 0.000 |train kld: 0.94524 |train kld ravg: 0.92299 |train mae:  2.35921 |train mae ravg:  2.28849 |val kld: 0.90388 |val kldravg: 1.11926 |val mae:  2.05755 |val mae ravg:  4.09910 |
|epoch: 276 | lr: 0.000 |train kld: 0.93468 |train kld ravg: 0.92271 |train mae:  2.34713 |train mae ravg:  2.30112 |val kld: 0.88300 |val kldravg: 1.11751 |val mae:  2.00828 |val mae ravg:  4.08338 |
|epoch: 277 | lr: 0.000 |train kld: 0.93817 |train kld ravg: 0.92991 |train mae:  2.38080 |train mae ravg:  2.32609 |val kld: 0.88694 |val kldravg: 0.99190 |val mae:  2.09420 |val mae ravg:  2.89482 |
|epoch: 278 | lr: 0.000 |train kld: 0.92341 |train kld ravg: 0.92797 |train mae:  2.28942 |train mae ravg:  2.31115 |val kld: 0.89733 |val kldravg: 0.97988 |val mae:  2.00659 |val mae ravg:  2.79532 |
|epoch: 279 | lr: 0.000 |train kld: 0.88215 |train kld ravg: 0.92473 |train mae:  2.16377 |train mae ravg:  2.30806 |val kld: 0.93082 |val kldravg: 0.90040 |val mae:  2.21763 |val mae ravg:  2.07685 |
|epoch: 280 | lr: 0.000 |train kld: 0.91331 |train kld ravg: 0.91834 |train mae:  2.29583 |train mae ravg:  2.29539 |val kld: 0.89435 |val kldravg: 0.89849 |val mae:  2.22116 |val mae ravg:  2.10957 |
|epoch: 281 | lr: 0.000 |train kld: 0.95128 |train kld ravg: 0.92166 |train mae:  2.45191 |train mae ravg:  2.31635 |val kld: 0.90252 |val kldravg: 0.90239 |val mae:  2.08949 |val mae ravg:  2.12581 |
|epoch: 282 | lr: 0.000 |train kld: 0.92518 |train kld ravg: 0.91907 |train mae:  2.25155 |train mae ravg:  2.29050 |val kld: 0.99987 |val kldravg: 0.92498 |val mae:  2.51266 |val mae ravg:  2.20951 |
|epoch: 283 | lr: 0.000 |train kld: 0.90012 |train kld ravg: 0.91441 |train mae:  2.22015 |train mae ravg:  2.27664 |val kld: 0.88956 |val kldravg: 0.92342 |val mae:  2.05126 |val mae ravg:  2.21844 |
|epoch: 284 | lr: 0.000 |train kld: 0.93257 |train kld ravg: 0.92449 |train mae:  2.23482 |train mae ravg:  2.29085 |val kld: 0.90254 |val kldravg: 0.91777 |val mae:  2.06716 |val mae ravg:  2.18835 |
|epoch: 285 | lr: 0.000 |train kld: 0.93572 |train kld ravg: 0.92898 |train mae:  2.32730 |train mae ravg:  2.29715 |val kld: 1.09953 |val kldravg: 0.95880 |val mae:  2.78781 |val mae ravg:  2.30168 |
|epoch: 286 | lr: 0.000 |train kld: 0.90632 |train kld ravg: 0.91998 |train mae:  2.28223 |train mae ravg:  2.26321 |val kld: 0.91552 |val kldravg: 0.96140 |val mae:  2.10595 |val mae ravg:  2.30497 |
|epoch: 287 | lr: 0.000 |train kld: 0.97592 |train kld ravg: 0.93013 |train mae:  2.40009 |train mae ravg:  2.29292 |val kld: 0.89004 |val kldravg: 0.93944 |val mae:  1.91735 |val mae ravg:  2.18591 |
|epoch: 288 | lr: 0.000 |train kld: 0.89482 |train kld ravg: 0.92907 |train mae:  2.18098 |train mae ravg:  2.28508 |val kld: 0.89601 |val kldravg: 0.94073 |val mae:  2.07177 |val mae ravg:  2.19001 |
|epoch: 289 | lr: 0.000 |train kld: 0.89774 |train kld ravg: 0.92211 |train mae:  2.17591 |train mae ravg:  2.27330 |val kld: 0.90037 |val kldravg: 0.94029 |val mae:  2.15884 |val mae ravg:  2.20834 |
|epoch: 290 | lr: 0.000 |train kld: 0.91694 |train kld ravg: 0.91835 |train mae:  2.31495 |train mae ravg:  2.27083 |val kld: 0.88545 |val kldravg: 0.89748 |val mae:  2.08527 |val mae ravg:  2.06784 |
|epoch: 291 | lr: 0.000 |train kld: 0.94561 |train kld ravg: 0.92621 |train mae:  2.29622 |train mae ravg:  2.27363 |val kld: 1.04194 |val kldravg: 0.92276 |val mae:  2.75623 |val mae ravg:  2.19789 |
|epoch: 292 | lr: 0.000 |train kld: 0.88278 |train kld ravg: 0.90758 |train mae:  2.10650 |train mae ravg:  2.21491 |val kld: 0.90855 |val kldravg: 0.92646 |val mae:  2.12991 |val mae ravg:  2.24040 |
|epoch: 293 | lr: 0.000 |train kld: 0.92348 |train kld ravg: 0.91331 |train mae:  2.30201 |train mae ravg:  2.23912 |val kld: 0.92203 |val kldravg: 0.93167 |val mae:  2.18152 |val mae ravg:  2.26235 |
|epoch: 294 | lr: 0.000 |train kld: 0.91878 |train kld ravg: 0.91752 |train mae:  2.41534 |train mae ravg:  2.28700 |val kld: 0.91920 |val kldravg: 0.93543 |val mae:  2.29891 |val mae ravg:  2.29037 |
|epoch: 295 | lr: 0.000 |train kld: 0.94866 |train kld ravg: 0.92386 |train mae:  2.34665 |train mae ravg:  2.29335 |val kld: 1.08763 |val kldravg: 0.97587 |val mae:  3.13028 |val mae ravg:  2.49937 |
|epoch: 296 | lr: 0.000 |train kld: 0.93963 |train kld ravg: 0.92267 |train mae:  2.38505 |train mae ravg:  2.31111 |val kld: 0.90053 |val kldravg: 0.94759 |val mae:  2.13513 |val mae ravg:  2.37515 |
|epoch: 297 | lr: 0.000 |train kld: 0.91541 |train kld ravg: 0.92919 |train mae:  2.27791 |train mae ravg:  2.34539 |val kld: 0.94630 |val kldravg: 0.95514 |val mae:  2.29984 |val mae ravg:  2.40914 |
|epoch: 298 | lr: 0.000 |train kld: 0.95507 |train kld ravg: 0.93551 |train mae:  2.39757 |train mae ravg:  2.36451 |val kld: 0.91732 |val kldravg: 0.95420 |val mae:  2.16381 |val mae ravg:  2.40559 |
|epoch: 299 | lr: 0.000 |train kld: 0.94550 |train kld ravg: 0.94085 |train mae:  2.34035 |train mae ravg:  2.34951 |val kld: 0.90453 |val kldravg: 0.95126 |val mae:  2.15345 |val mae ravg:  2.37650 |
----------------------------------------------------------------------------------------------------------------------------------------------------------------
Finished:  2021-03-24 00:30:07.019351

Correlation between train loss and evaluation: 0.912

----------------------------------------------------------------------------------------------------------------------------------------------------------------
Number of GPUs:  2
Epoch decay:  1
Gamma decay:  0.5

Full model is being trained.
Start:  2021-03-24 00:30:07.023813
----------------------------------------------------------------------------------------------------------------------------------------------------------------
|epoch:   0 | lr: 0.010 |train kld: 1.31089 |train kld ravg: 1.31089 |train mae:  3.38843 |train mae ravg:  3.38843 |val kld: 2.25747 |val kldravg: 2.25747 |val mae:  7.74382 |val mae ravg:  7.74382 |
|epoch:   1 | lr: 0.005 |train kld: 1.09853 |train kld ravg: 1.20471 |train mae:  2.89108 |train mae ravg:  3.13975 |val kld: 1.00209 |val kldravg: 1.62978 |val mae:  2.38653 |val mae ravg:  5.06518 |
----------------------------------------------------------------------------------------------------------------------------------------------------------------
Finished:  2021-03-24 00:37:38.290288

----------------------------------------------------------------------------------------------------------------------------------------------------------------
Save configfile.
------------------------------------------------
Finished at: Wed Mar 24 00:37:39 GMT 2021
------------------------------------------------
