------------------------------------------------
Job ID: 41637123
Run on host: compg013.hpc.in.bmrc.ox.ac.uk
Operating system: Linux
Username: lhw539
Started at: Wed Mar 24 11:00:27 GMT 2021
------------------------------------------------
Test (in contrast to train):  False
Loading share 1.00 train data.
Loading share 1.00   val data.
Load model for age - run: 0
Number of GPUs:  2
Epoch decay:  10
Gamma decay:  0.1

Final layer of model is being trained.
Start:  2021-03-24 11:00:34.686778
----------------------------------------------------------------------------------------------------------------------------------------------------------------
|epoch:   0 | lr: 0.100 |train kld: 1.96603 |train kld ravg: 1.96603 |train mae:  5.24103 |train mae ravg:  5.24103 |val kld: 1.82631 |val kldravg: 1.82631 |val mae:  4.16215 |val mae ravg:  4.16215 |
|epoch:   1 | lr: 0.100 |train kld: 1.69075 |train kld ravg: 1.82839 |train mae:  3.88161 |train mae ravg:  4.56132 |val kld: 1.66834 |val kldravg: 1.74733 |val mae:  3.80760 |val mae ravg:  3.98488 |
|epoch:   2 | lr: 0.100 |train kld: 1.68504 |train kld ravg: 1.78060 |train mae:  3.63056 |train mae ravg:  4.25107 |val kld: 1.56881 |val kldravg: 1.68782 |val mae:  3.28257 |val mae ravg:  3.75077 |
|epoch:   3 | lr: 0.100 |train kld: 1.64905 |train kld ravg: 1.74772 |train mae:  3.64934 |train mae ravg:  4.10063 |val kld: 1.75645 |val kldravg: 1.70498 |val mae:  3.70271 |val mae ravg:  3.73876 |
|epoch:   4 | lr: 0.100 |train kld: 1.63835 |train kld ravg: 1.72584 |train mae:  3.62408 |train mae ravg:  4.00532 |val kld: 1.50475 |val kldravg: 1.66493 |val mae:  3.14371 |val mae ravg:  3.61975 |
|epoch:   5 | lr: 0.100 |train kld: 1.61752 |train kld ravg: 1.65614 |train mae:  3.61552 |train mae ravg:  3.68022 |val kld: 1.49755 |val kldravg: 1.59918 |val mae:  2.91526 |val mae ravg:  3.37037 |
|epoch:   6 | lr: 0.100 |train kld: 1.62436 |train kld ravg: 1.64286 |train mae:  3.63281 |train mae ravg:  3.63046 |val kld: 1.41730 |val kldravg: 1.54897 |val mae:  2.94017 |val mae ravg:  3.19689 |
|epoch:   7 | lr: 0.100 |train kld: 1.62840 |train kld ravg: 1.63154 |train mae:  3.57461 |train mae ravg:  3.61927 |val kld: 1.52666 |val kldravg: 1.54054 |val mae:  3.10994 |val mae ravg:  3.16236 |
|epoch:   8 | lr: 0.100 |train kld: 1.64376 |train kld ravg: 1.63048 |train mae:  3.53116 |train mae ravg:  3.59563 |val kld: 1.48918 |val kldravg: 1.48709 |val mae:  3.07019 |val mae ravg:  3.03586 |
|epoch:   9 | lr: 0.100 |train kld: 1.59065 |train kld ravg: 1.62094 |train mae:  3.51248 |train mae ravg:  3.57331 |val kld: 1.49209 |val kldravg: 1.48456 |val mae:  2.93024 |val mae ravg:  2.99316 |
|epoch:  10 | lr: 0.010 |train kld: 1.55147 |train kld ravg: 1.60773 |train mae:  3.53317 |train mae ravg:  3.55685 |val kld: 1.45967 |val kldravg: 1.47698 |val mae:  3.01706 |val mae ravg:  3.01352 |
|epoch:  11 | lr: 0.010 |train kld: 1.50780 |train kld ravg: 1.58441 |train mae:  3.54570 |train mae ravg:  3.53942 |val kld: 1.48848 |val kldravg: 1.49122 |val mae:  3.03781 |val mae ravg:  3.03305 |
|epoch:  12 | lr: 0.010 |train kld: 1.49331 |train kld ravg: 1.55740 |train mae:  3.37613 |train mae ravg:  3.49973 |val kld: 1.47106 |val kldravg: 1.48010 |val mae:  3.05374 |val mae ravg:  3.02181 |
|epoch:  13 | lr: 0.010 |train kld: 1.51373 |train kld ravg: 1.53139 |train mae:  3.39473 |train mae ravg:  3.47244 |val kld: 1.46229 |val kldravg: 1.47472 |val mae:  3.05745 |val mae ravg:  3.01926 |
|epoch:  14 | lr: 0.010 |train kld: 1.51049 |train kld ravg: 1.51536 |train mae:  3.51781 |train mae ravg:  3.47351 |val kld: 1.44448 |val kldravg: 1.46519 |val mae:  3.02236 |val mae ravg:  3.03768 |
|epoch:  15 | lr: 0.010 |train kld: 1.48430 |train kld ravg: 1.50193 |train mae:  3.44561 |train mae ravg:  3.45599 |val kld: 1.45780 |val kldravg: 1.46482 |val mae:  3.05496 |val mae ravg:  3.04526 |
|epoch:  16 | lr: 0.010 |train kld: 1.46462 |train kld ravg: 1.49329 |train mae:  3.44260 |train mae ravg:  3.43537 |val kld: 1.41081 |val kldravg: 1.44928 |val mae:  2.85743 |val mae ravg:  3.00919 |
|epoch:  17 | lr: 0.010 |train kld: 1.52228 |train kld ravg: 1.49908 |train mae:  3.66776 |train mae ravg:  3.49370 |val kld: 1.42792 |val kldravg: 1.44066 |val mae:  2.94491 |val mae ravg:  2.98742 |
|epoch:  18 | lr: 0.010 |train kld: 1.43956 |train kld ravg: 1.48425 |train mae:  3.34969 |train mae ravg:  3.48469 |val kld: 1.46075 |val kldravg: 1.44035 |val mae:  3.04325 |val mae ravg:  2.98458 |
|epoch:  19 | lr: 0.010 |train kld: 1.52795 |train kld ravg: 1.48774 |train mae:  3.39168 |train mae ravg:  3.45947 |val kld: 1.44788 |val kldravg: 1.44103 |val mae:  2.94759 |val mae ravg:  2.96963 |
|epoch:  20 | lr: 0.001 |train kld: 1.46474 |train kld ravg: 1.48383 |train mae:  3.40162 |train mae ravg:  3.45067 |val kld: 1.46018 |val kldravg: 1.44151 |val mae:  3.10194 |val mae ravg:  2.97903 |
|epoch:  21 | lr: 0.001 |train kld: 1.41915 |train kld ravg: 1.47473 |train mae:  3.26268 |train mae ravg:  3.41469 |val kld: 1.44031 |val kldravg: 1.44741 |val mae:  2.97601 |val mae ravg:  3.00274 |
|epoch:  22 | lr: 0.001 |train kld: 1.48719 |train kld ravg: 1.46772 |train mae:  3.52007 |train mae ravg:  3.38515 |val kld: 1.44846 |val kldravg: 1.45152 |val mae:  3.01477 |val mae ravg:  3.01671 |
|epoch:  23 | lr: 0.001 |train kld: 1.47072 |train kld ravg: 1.47395 |train mae:  3.50477 |train mae ravg:  3.41617 |val kld: 1.45241 |val kldravg: 1.44985 |val mae:  3.06497 |val mae ravg:  3.02106 |
|epoch:  24 | lr: 0.001 |train kld: 1.43892 |train kld ravg: 1.45614 |train mae:  3.47376 |train mae ravg:  3.43258 |val kld: 1.44930 |val kldravg: 1.45013 |val mae:  3.02223 |val mae ravg:  3.03598 |
|epoch:  25 | lr: 0.001 |train kld: 1.49013 |train kld ravg: 1.46122 |train mae:  3.52538 |train mae ravg:  3.45733 |val kld: 1.45266 |val kldravg: 1.44863 |val mae:  3.06015 |val mae ravg:  3.02763 |
|epoch:  26 | lr: 0.001 |train kld: 1.46197 |train kld ravg: 1.46979 |train mae:  3.43224 |train mae ravg:  3.49124 |val kld: 1.43910 |val kldravg: 1.44839 |val mae:  2.98806 |val mae ravg:  3.03004 |
|epoch:  27 | lr: 0.001 |train kld: 1.42910 |train kld ravg: 1.45817 |train mae:  3.29672 |train mae ravg:  3.44657 |val kld: 1.45748 |val kldravg: 1.45019 |val mae:  3.06695 |val mae ravg:  3.04047 |
|epoch:  28 | lr: 0.001 |train kld: 1.49032 |train kld ravg: 1.46209 |train mae:  3.43297 |train mae ravg:  3.43221 |val kld: 1.43437 |val kldravg: 1.44658 |val mae:  2.97131 |val mae ravg:  3.02174 |
|epoch:  29 | lr: 0.001 |train kld: 1.47134 |train kld ravg: 1.46857 |train mae:  3.49494 |train mae ravg:  3.43645 |val kld: 1.45186 |val kldravg: 1.44709 |val mae:  3.01122 |val mae ravg:  3.01954 |
|epoch:  30 | lr: 0.000 |train kld: 1.45263 |train kld ravg: 1.46107 |train mae:  3.46705 |train mae ravg:  3.42479 |val kld: 1.44672 |val kldravg: 1.44591 |val mae:  3.04131 |val mae ravg:  3.01577 |
|epoch:  31 | lr: 0.000 |train kld: 1.45420 |train kld ravg: 1.45952 |train mae:  3.40449 |train mae ravg:  3.41924 |val kld: 1.45094 |val kldravg: 1.44827 |val mae:  3.00095 |val mae ravg:  3.01835 |
|epoch:  32 | lr: 0.000 |train kld: 1.46163 |train kld ravg: 1.46603 |train mae:  3.40355 |train mae ravg:  3.44060 |val kld: 1.46681 |val kldravg: 1.45014 |val mae:  3.04333 |val mae ravg:  3.01362 |
|epoch:  33 | lr: 0.000 |train kld: 1.46152 |train kld ravg: 1.46027 |train mae:  3.40605 |train mae ravg:  3.43522 |val kld: 1.44862 |val kldravg: 1.45299 |val mae:  3.00499 |val mae ravg:  3.02036 |
|epoch:  34 | lr: 0.000 |train kld: 1.46119 |train kld ravg: 1.45824 |train mae:  3.46951 |train mae ravg:  3.43013 |val kld: 1.45850 |val kldravg: 1.45432 |val mae:  3.04474 |val mae ravg:  3.02706 |
|epoch:  35 | lr: 0.000 |train kld: 1.48476 |train kld ravg: 1.46466 |train mae:  3.53604 |train mae ravg:  3.44393 |val kld: 1.46424 |val kldravg: 1.45782 |val mae:  3.08060 |val mae ravg:  3.03492 |
|epoch:  36 | lr: 0.000 |train kld: 1.46595 |train kld ravg: 1.46701 |train mae:  3.31286 |train mae ravg:  3.42560 |val kld: 1.45823 |val kldravg: 1.45928 |val mae:  3.11536 |val mae ravg:  3.05780 |
|epoch:  37 | lr: 0.000 |train kld: 1.47647 |train kld ravg: 1.46998 |train mae:  3.56140 |train mae ravg:  3.45717 |val kld: 1.45449 |val kldravg: 1.45682 |val mae:  2.99025 |val mae ravg:  3.04719 |
|epoch:  38 | lr: 0.000 |train kld: 1.45636 |train kld ravg: 1.46894 |train mae:  3.34396 |train mae ravg:  3.44475 |val kld: 1.42605 |val kldravg: 1.45230 |val mae:  2.92651 |val mae ravg:  3.03149 |
|epoch:  39 | lr: 0.000 |train kld: 1.47594 |train kld ravg: 1.47189 |train mae:  3.53726 |train mae ravg:  3.45830 |val kld: 1.40157 |val kldravg: 1.44092 |val mae:  2.88384 |val mae ravg:  2.99931 |
|epoch:  40 | lr: 0.000 |train kld: 1.42934 |train kld ravg: 1.46081 |train mae:  3.31862 |train mae ravg:  3.41482 |val kld: 1.46052 |val kldravg: 1.44017 |val mae:  3.04149 |val mae ravg:  2.99149 |
|epoch:  41 | lr: 0.000 |train kld: 1.43089 |train kld ravg: 1.45380 |train mae:  3.27433 |train mae ravg:  3.40711 |val kld: 1.46876 |val kldravg: 1.44228 |val mae:  3.10287 |val mae ravg:  2.98899 |
|epoch:  42 | lr: 0.000 |train kld: 1.47570 |train kld ravg: 1.45365 |train mae:  3.57923 |train mae ravg:  3.41068 |val kld: 1.44370 |val kldravg: 1.44012 |val mae:  2.98784 |val mae ravg:  2.98851 |
|epoch:  43 | lr: 0.000 |train kld: 1.48457 |train kld ravg: 1.45929 |train mae:  3.46622 |train mae ravg:  3.43513 |val kld: 1.47332 |val kldravg: 1.44958 |val mae:  3.04803 |val mae ravg:  3.01282 |
|epoch:  44 | lr: 0.000 |train kld: 1.45899 |train kld ravg: 1.45590 |train mae:  3.38695 |train mae ravg:  3.40507 |val kld: 1.39180 |val kldravg: 1.44762 |val mae:  2.86694 |val mae ravg:  3.00944 |
|epoch:  45 | lr: 0.000 |train kld: 1.49448 |train kld ravg: 1.46893 |train mae:  3.62334 |train mae ravg:  3.46602 |val kld: 1.44391 |val kldravg: 1.44430 |val mae:  3.01036 |val mae ravg:  3.00321 |
|epoch:  46 | lr: 0.000 |train kld: 1.42976 |train kld ravg: 1.46870 |train mae:  3.40629 |train mae ravg:  3.49241 |val kld: 1.44554 |val kldravg: 1.43965 |val mae:  3.01965 |val mae ravg:  2.98656 |
|epoch:  47 | lr: 0.000 |train kld: 1.47088 |train kld ravg: 1.46774 |train mae:  3.50741 |train mae ravg:  3.47804 |val kld: 1.42371 |val kldravg: 1.43565 |val mae:  2.90561 |val mae ravg:  2.97012 |
|epoch:  48 | lr: 0.000 |train kld: 1.47620 |train kld ravg: 1.46606 |train mae:  3.33798 |train mae ravg:  3.45240 |val kld: 1.43786 |val kldravg: 1.42856 |val mae:  2.97714 |val mae ravg:  2.95594 |
|epoch:  49 | lr: 0.000 |train kld: 1.45400 |train kld ravg: 1.46506 |train mae:  3.45419 |train mae ravg:  3.46584 |val kld: 1.45982 |val kldravg: 1.44217 |val mae:  3.04106 |val mae ravg:  2.99076 |
----------------------------------------------------------------------------------------------------------------------------------------------------------------
Finished:  2021-03-24 11:29:12.724750

Correlation between train loss and evaluation: 0.847

----------------------------------------------------------------------------------------------------------------------------------------------------------------
Number of GPUs:  2
Epoch decay:  40
Gamma decay:  0.2

Full model is being trained.
Start:  2021-03-24 11:29:12.739047
----------------------------------------------------------------------------------------------------------------------------------------------------------------
|epoch:   0 | lr: 0.001 |train kld: 1.41945 |train kld ravg: 1.41945 |train mae:  3.26520 |train mae ravg:  3.26520 |val kld: 1.42619 |val kldravg: 1.42619 |val mae:  3.24528 |val mae ravg:  3.24528 |
|epoch:   1 | lr: 0.001 |train kld: 1.33462 |train kld ravg: 1.37704 |train mae:  2.97049 |train mae ravg:  3.11785 |val kld: 1.41391 |val kldravg: 1.42005 |val mae:  3.14005 |val mae ravg:  3.19266 |
|epoch:   2 | lr: 0.001 |train kld: 1.32584 |train kld ravg: 1.35997 |train mae:  2.87480 |train mae ravg:  3.03683 |val kld: 1.38433 |val kldravg: 1.40814 |val mae:  3.01959 |val mae ravg:  3.13497 |
|epoch:   3 | lr: 0.001 |train kld: 1.30548 |train kld ravg: 1.34635 |train mae:  2.80384 |train mae ravg:  2.97858 |val kld: 1.42685 |val kldravg: 1.41282 |val mae:  3.15693 |val mae ravg:  3.14046 |
|epoch:   4 | lr: 0.001 |train kld: 1.21730 |train kld ravg: 1.32054 |train mae:  2.59896 |train mae ravg:  2.90266 |val kld: 1.37972 |val kldravg: 1.40620 |val mae:  2.93721 |val mae ravg:  3.09981 |
|epoch:   5 | lr: 0.001 |train kld: 1.24375 |train kld ravg: 1.28540 |train mae:  2.69482 |train mae ravg:  2.78858 |val kld: 1.43769 |val kldravg: 1.40850 |val mae:  3.15217 |val mae ravg:  3.08119 |
|epoch:   6 | lr: 0.001 |train kld: 1.19436 |train kld ravg: 1.25735 |train mae:  2.54312 |train mae ravg:  2.70311 |val kld: 1.44703 |val kldravg: 1.41513 |val mae:  3.00516 |val mae ravg:  3.05421 |
|epoch:   7 | lr: 0.001 |train kld: 1.17697 |train kld ravg: 1.22757 |train mae:  2.44885 |train mae ravg:  2.61792 |val kld: 1.39565 |val kldravg: 1.41739 |val mae:  3.03787 |val mae ravg:  3.05787 |
|epoch:   8 | lr: 0.001 |train kld: 1.18236 |train kld ravg: 1.20294 |train mae:  2.41249 |train mae ravg:  2.53965 |val kld: 1.41090 |val kldravg: 1.41420 |val mae:  3.12198 |val mae ravg:  3.05088 |
|epoch:   9 | lr: 0.001 |train kld: 1.14899 |train kld ravg: 1.18928 |train mae:  2.26873 |train mae ravg:  2.47360 |val kld: 1.38466 |val kldravg: 1.41519 |val mae:  2.90236 |val mae ravg:  3.04391 |
|epoch:  10 | lr: 0.001 |train kld: 1.15471 |train kld ravg: 1.17148 |train mae:  2.26936 |train mae ravg:  2.38851 |val kld: 1.39485 |val kldravg: 1.40662 |val mae:  3.00958 |val mae ravg:  3.01539 |
|epoch:  11 | lr: 0.001 |train kld: 1.16840 |train kld ravg: 1.16628 |train mae:  2.37422 |train mae ravg:  2.35473 |val kld: 1.39065 |val kldravg: 1.39534 |val mae:  3.01426 |val mae ravg:  3.01721 |
|epoch:  12 | lr: 0.001 |train kld: 1.12848 |train kld ravg: 1.15659 |train mae:  2.20444 |train mae ravg:  2.30585 |val kld: 1.37535 |val kldravg: 1.39128 |val mae:  3.01197 |val mae ravg:  3.01203 |
|epoch:  13 | lr: 0.001 |train kld: 1.12612 |train kld ravg: 1.14534 |train mae:  2.37736 |train mae ravg:  2.29882 |val kld: 1.37730 |val kldravg: 1.38456 |val mae:  2.95069 |val mae ravg:  2.97778 |
|epoch:  14 | lr: 0.001 |train kld: 1.13033 |train kld ravg: 1.14161 |train mae:  2.31231 |train mae ravg:  2.30754 |val kld: 1.38419 |val kldravg: 1.38447 |val mae:  3.05524 |val mae ravg:  3.00835 |
|epoch:  15 | lr: 0.001 |train kld: 1.11787 |train kld ravg: 1.13424 |train mae:  2.22143 |train mae ravg:  2.29795 |val kld: 1.38890 |val kldravg: 1.38328 |val mae:  3.09341 |val mae ravg:  3.02512 |
|epoch:  16 | lr: 0.001 |train kld: 1.09876 |train kld ravg: 1.12031 |train mae:  2.07582 |train mae ravg:  2.23827 |val kld: 1.33554 |val kldravg: 1.37226 |val mae:  3.03635 |val mae ravg:  3.02953 |
|epoch:  17 | lr: 0.001 |train kld: 1.09821 |train kld ravg: 1.11426 |train mae:  2.10203 |train mae ravg:  2.21779 |val kld: 1.32178 |val kldravg: 1.36154 |val mae:  2.90984 |val mae ravg:  3.00911 |
|epoch:  18 | lr: 0.001 |train kld: 1.09957 |train kld ravg: 1.10895 |train mae:  2.14628 |train mae ravg:  2.17158 |val kld: 1.38549 |val kldravg: 1.36318 |val mae:  2.96766 |val mae ravg:  3.01250 |
|epoch:  19 | lr: 0.001 |train kld: 1.07956 |train kld ravg: 1.09879 |train mae:  2.02837 |train mae ravg:  2.11479 |val kld: 1.35848 |val kldravg: 1.35804 |val mae:  2.88371 |val mae ravg:  2.97819 |
|epoch:  20 | lr: 0.001 |train kld: 1.08127 |train kld ravg: 1.09147 |train mae:  2.13939 |train mae ravg:  2.09838 |val kld: 1.32826 |val kldravg: 1.34591 |val mae:  2.84544 |val mae ravg:  2.92860 |
|epoch:  21 | lr: 0.001 |train kld: 1.05374 |train kld ravg: 1.08247 |train mae:  2.01680 |train mae ravg:  2.08658 |val kld: 1.34138 |val kldravg: 1.34708 |val mae:  2.85181 |val mae ravg:  2.89169 |
|epoch:  22 | lr: 0.001 |train kld: 1.04775 |train kld ravg: 1.07238 |train mae:  1.94807 |train mae ravg:  2.05578 |val kld: 1.30653 |val kldravg: 1.34403 |val mae:  2.79016 |val mae ravg:  2.86776 |
|epoch:  23 | lr: 0.001 |train kld: 1.05168 |train kld ravg: 1.06280 |train mae:  2.14320 |train mae ravg:  2.05517 |val kld: 1.34019 |val kldravg: 1.33497 |val mae:  2.88866 |val mae ravg:  2.85195 |
|epoch:  24 | lr: 0.001 |train kld: 1.06502 |train kld ravg: 1.05989 |train mae:  2.07555 |train mae ravg:  2.06460 |val kld: 1.38262 |val kldravg: 1.33980 |val mae:  3.10229 |val mae ravg:  2.89567 |
|epoch:  25 | lr: 0.001 |train kld: 1.06130 |train kld ravg: 1.05590 |train mae:  2.01965 |train mae ravg:  2.04066 |val kld: 1.35743 |val kldravg: 1.34563 |val mae:  2.98795 |val mae ravg:  2.92417 |
|epoch:  26 | lr: 0.001 |train kld: 1.02417 |train kld ravg: 1.04998 |train mae:  2.00702 |train mae ravg:  2.03870 |val kld: 1.37985 |val kldravg: 1.35332 |val mae:  2.90091 |val mae ravg:  2.93399 |
|epoch:  27 | lr: 0.001 |train kld: 1.02681 |train kld ravg: 1.04579 |train mae:  1.97448 |train mae ravg:  2.04398 |val kld: 1.34261 |val kldravg: 1.36054 |val mae:  2.83771 |val mae ravg:  2.94350 |
|epoch:  28 | lr: 0.001 |train kld: 1.02766 |train kld ravg: 1.04099 |train mae:  2.08431 |train mae ravg:  2.03220 |val kld: 1.32958 |val kldravg: 1.35842 |val mae:  2.82978 |val mae ravg:  2.93173 |
|epoch:  29 | lr: 0.001 |train kld: 1.03508 |train kld ravg: 1.03500 |train mae:  2.03549 |train mae ravg:  2.02419 |val kld: 1.34352 |val kldravg: 1.35060 |val mae:  2.92670 |val mae ravg:  2.89661 |
|epoch:  30 | lr: 0.001 |train kld: 1.03716 |train kld ravg: 1.03018 |train mae:  1.95850 |train mae ravg:  2.01196 |val kld: 1.33141 |val kldravg: 1.34539 |val mae:  2.97627 |val mae ravg:  2.89428 |
|epoch:  31 | lr: 0.001 |train kld: 0.99581 |train kld ravg: 1.02450 |train mae:  1.92900 |train mae ravg:  1.99636 |val kld: 1.36070 |val kldravg: 1.34156 |val mae:  2.85990 |val mae ravg:  2.88607 |
|epoch:  32 | lr: 0.001 |train kld: 1.00387 |train kld ravg: 1.01992 |train mae:  1.97137 |train mae ravg:  1.99573 |val kld: 1.28668 |val kldravg: 1.33038 |val mae:  2.71572 |val mae ravg:  2.86167 |
|epoch:  33 | lr: 0.001 |train kld: 1.02292 |train kld ravg: 1.01897 |train mae:  2.03066 |train mae ravg:  1.98500 |val kld: 1.34127 |val kldravg: 1.33272 |val mae:  2.86965 |val mae ravg:  2.86965 |
|epoch:  34 | lr: 0.001 |train kld: 1.01256 |train kld ravg: 1.01446 |train mae:  2.00057 |train mae ravg:  1.97802 |val kld: 1.36391 |val kldravg: 1.33679 |val mae:  2.93239 |val mae ravg:  2.87079 |
|epoch:  35 | lr: 0.001 |train kld: 1.00522 |train kld ravg: 1.00808 |train mae:  2.04712 |train mae ravg:  1.99574 |val kld: 1.33452 |val kldravg: 1.33742 |val mae:  2.84782 |val mae ravg:  2.84510 |
|epoch:  36 | lr: 0.001 |train kld: 1.00909 |train kld ravg: 1.01073 |train mae:  1.85456 |train mae ravg:  1.98086 |val kld: 1.41216 |val kldravg: 1.34771 |val mae:  3.24727 |val mae ravg:  2.92257 |
|epoch:  37 | lr: 0.001 |train kld: 0.99736 |train kld ravg: 1.00943 |train mae:  1.94151 |train mae ravg:  1.97488 |val kld: 1.24776 |val kldravg: 1.33992 |val mae:  2.70048 |val mae ravg:  2.91952 |
|epoch:  38 | lr: 0.001 |train kld: 0.99798 |train kld ravg: 1.00444 |train mae:  1.96288 |train mae ravg:  1.96133 |val kld: 1.21650 |val kldravg: 1.31497 |val mae:  2.56572 |val mae ravg:  2.85874 |
|epoch:  39 | lr: 0.001 |train kld: 0.96256 |train kld ravg: 0.99444 |train mae:  1.74740 |train mae ravg:  1.91069 |val kld: 1.26117 |val kldravg: 1.29442 |val mae:  2.67720 |val mae ravg:  2.80770 |
|epoch:  40 | lr: 0.000 |train kld: 0.95996 |train kld ravg: 0.98539 |train mae:  1.77453 |train mae ravg:  1.85618 |val kld: 1.32826 |val kldravg: 1.29317 |val mae:  2.87072 |val mae ravg:  2.81228 |
|epoch:  41 | lr: 0.000 |train kld: 0.98020 |train kld ravg: 0.97961 |train mae:  1.95233 |train mae ravg:  1.87573 |val kld: 1.33675 |val kldravg: 1.27809 |val mae:  2.94397 |val mae ravg:  2.75162 |
|epoch:  42 | lr: 0.000 |train kld: 0.97625 |train kld ravg: 0.97539 |train mae:  1.95082 |train mae ravg:  1.87759 |val kld: 1.34013 |val kldravg: 1.29656 |val mae:  2.91944 |val mae ravg:  2.79541 |
|epoch:  43 | lr: 0.000 |train kld: 0.98787 |train kld ravg: 0.97337 |train mae:  1.88432 |train mae ravg:  1.86188 |val kld: 1.27653 |val kldravg: 1.30857 |val mae:  2.66717 |val mae ravg:  2.81570 |
|epoch:  44 | lr: 0.000 |train kld: 0.97319 |train kld ravg: 0.97549 |train mae:  1.75005 |train mae ravg:  1.86241 |val kld: 1.29359 |val kldravg: 1.31505 |val mae:  2.77289 |val mae ravg:  2.83484 |
|epoch:  45 | lr: 0.000 |train kld: 0.96699 |train kld ravg: 0.97690 |train mae:  1.76313 |train mae ravg:  1.86013 |val kld: 1.29934 |val kldravg: 1.30927 |val mae:  2.84400 |val mae ravg:  2.82949 |
|epoch:  46 | lr: 0.000 |train kld: 0.98138 |train kld ravg: 0.97713 |train mae:  1.85829 |train mae ravg:  1.84132 |val kld: 1.32268 |val kldravg: 1.30645 |val mae:  2.86730 |val mae ravg:  2.81416 |
|epoch:  47 | lr: 0.000 |train kld: 0.97755 |train kld ravg: 0.97739 |train mae:  1.88358 |train mae ravg:  1.82788 |val kld: 1.32515 |val kldravg: 1.30346 |val mae:  2.87484 |val mae ravg:  2.80524 |
|epoch:  48 | lr: 0.000 |train kld: 0.99204 |train kld ravg: 0.97823 |train mae:  1.89423 |train mae ravg:  1.82986 |val kld: 1.29000 |val kldravg: 1.30615 |val mae:  2.82276 |val mae ravg:  2.83636 |
|epoch:  49 | lr: 0.000 |train kld: 0.96820 |train kld ravg: 0.97723 |train mae:  1.91033 |train mae ravg:  1.86191 |val kld: 1.32191 |val kldravg: 1.31182 |val mae:  2.86310 |val mae ravg:  2.85440 |
|epoch:  50 | lr: 0.000 |train kld: 0.95727 |train kld ravg: 0.97529 |train mae:  1.85317 |train mae ravg:  1.87992 |val kld: 1.32494 |val kldravg: 1.31694 |val mae:  2.84121 |val mae ravg:  2.85384 |
|epoch:  51 | lr: 0.000 |train kld: 0.96521 |train kld ravg: 0.97205 |train mae:  1.81106 |train mae ravg:  1.87048 |val kld: 1.33029 |val kldravg: 1.31846 |val mae:  2.96043 |val mae ravg:  2.87247 |
|epoch:  52 | lr: 0.000 |train kld: 0.95611 |train kld ravg: 0.96777 |train mae:  1.76069 |train mae ravg:  1.84590 |val kld: 1.32829 |val kldravg: 1.31909 |val mae:  2.87214 |val mae ravg:  2.87193 |
|epoch:  53 | lr: 0.000 |train kld: 0.96119 |train kld ravg: 0.96160 |train mae:  1.78301 |train mae ravg:  1.82365 |val kld: 1.29077 |val kldravg: 1.31924 |val mae:  2.77322 |val mae ravg:  2.86202 |
|epoch:  54 | lr: 0.000 |train kld: 0.95539 |train kld ravg: 0.95903 |train mae:  1.85547 |train mae ravg:  1.81268 |val kld: 1.29574 |val kldravg: 1.31401 |val mae:  2.76019 |val mae ravg:  2.84144 |
|epoch:  55 | lr: 0.000 |train kld: 0.96432 |train kld ravg: 0.96044 |train mae:  1.81324 |train mae ravg:  1.80469 |val kld: 1.33303 |val kldravg: 1.31562 |val mae:  2.84594 |val mae ravg:  2.84238 |
|epoch:  56 | lr: 0.000 |train kld: 0.97801 |train kld ravg: 0.96301 |train mae:  1.80019 |train mae ravg:  1.80252 |val kld: 1.33515 |val kldravg: 1.31660 |val mae:  2.85565 |val mae ravg:  2.82143 |
|epoch:  57 | lr: 0.000 |train kld: 0.98106 |train kld ravg: 0.96800 |train mae:  1.86576 |train mae ravg:  1.82353 |val kld: 1.22820 |val kldravg: 1.29658 |val mae:  2.73671 |val mae ravg:  2.79434 |
|epoch:  58 | lr: 0.000 |train kld: 0.96339 |train kld ravg: 0.96843 |train mae:  1.79478 |train mae ravg:  1.82589 |val kld: 1.32941 |val kldravg: 1.30431 |val mae:  2.85913 |val mae ravg:  2.81152 |
|epoch:  59 | lr: 0.000 |train kld: 0.96226 |train kld ravg: 0.96981 |train mae:  1.87773 |train mae ravg:  1.83034 |val kld: 1.32400 |val kldravg: 1.30996 |val mae:  2.94741 |val mae ravg:  2.84897 |
|epoch:  60 | lr: 0.000 |train kld: 0.96486 |train kld ravg: 0.96992 |train mae:  1.88286 |train mae ravg:  1.84426 |val kld: 1.32696 |val kldravg: 1.30874 |val mae:  2.85265 |val mae ravg:  2.85031 |
|epoch:  61 | lr: 0.000 |train kld: 0.95166 |train kld ravg: 0.96464 |train mae:  1.87758 |train mae ravg:  1.85974 |val kld: 1.31481 |val kldravg: 1.30468 |val mae:  2.84518 |val mae ravg:  2.84821 |
|epoch:  62 | lr: 0.000 |train kld: 0.96308 |train kld ravg: 0.96105 |train mae:  1.79781 |train mae ravg:  1.84615 |val kld: 1.29288 |val kldravg: 1.31761 |val mae:  2.73926 |val mae ravg:  2.84872 |
|epoch:  63 | lr: 0.000 |train kld: 0.96887 |train kld ravg: 0.96215 |train mae:  1.91075 |train mae ravg:  1.86934 |val kld: 1.33386 |val kldravg: 1.31850 |val mae:  2.90210 |val mae ravg:  2.85732 |
|epoch:  64 | lr: 0.000 |train kld: 0.95695 |train kld ravg: 0.96109 |train mae:  1.82077 |train mae ravg:  1.85795 |val kld: 1.32300 |val kldravg: 1.31830 |val mae:  2.86553 |val mae ravg:  2.84094 |
|epoch:  65 | lr: 0.000 |train kld: 0.93899 |train kld ravg: 0.95591 |train mae:  1.75972 |train mae ravg:  1.83333 |val kld: 1.30405 |val kldravg: 1.31372 |val mae:  2.80695 |val mae ravg:  2.83181 |
|epoch:  66 | lr: 0.000 |train kld: 0.95791 |train kld ravg: 0.95716 |train mae:  1.84900 |train mae ravg:  1.82761 |val kld: 1.32620 |val kldravg: 1.31600 |val mae:  2.91965 |val mae ravg:  2.84670 |
|epoch:  67 | lr: 0.000 |train kld: 0.96712 |train kld ravg: 0.95797 |train mae:  1.94764 |train mae ravg:  1.85758 |val kld: 1.32952 |val kldravg: 1.32333 |val mae:  2.87748 |val mae ravg:  2.87434 |
|epoch:  68 | lr: 0.000 |train kld: 0.97016 |train kld ravg: 0.95823 |train mae:  1.85086 |train mae ravg:  1.84560 |val kld: 1.32370 |val kldravg: 1.32129 |val mae:  2.90471 |val mae ravg:  2.87486 |
|epoch:  69 | lr: 0.000 |train kld: 0.93768 |train kld ravg: 0.95437 |train mae:  1.69046 |train mae ravg:  1.81954 |val kld: 1.27925 |val kldravg: 1.31254 |val mae:  2.73005 |val mae ravg:  2.84777 |
|epoch:  70 | lr: 0.000 |train kld: 0.95872 |train kld ravg: 0.95832 |train mae:  1.94270 |train mae ravg:  1.85613 |val kld: 1.30413 |val kldravg: 1.31256 |val mae:  2.80623 |val mae ravg:  2.84762 |
|epoch:  71 | lr: 0.000 |train kld: 0.96349 |train kld ravg: 0.95944 |train mae:  1.90585 |train mae ravg:  1.86750 |val kld: 1.27078 |val kldravg: 1.30147 |val mae:  2.77607 |val mae ravg:  2.81891 |
|epoch:  72 | lr: 0.000 |train kld: 0.94319 |train kld ravg: 0.95465 |train mae:  1.83833 |train mae ravg:  1.84564 |val kld: 1.30182 |val kldravg: 1.29594 |val mae:  2.77269 |val mae ravg:  2.79795 |
|epoch:  73 | lr: 0.000 |train kld: 0.97996 |train kld ravg: 0.95661 |train mae:  1.83889 |train mae ravg:  1.84324 |val kld: 1.32494 |val kldravg: 1.29618 |val mae:  2.88669 |val mae ravg:  2.79435 |
|epoch:  74 | lr: 0.000 |train kld: 0.93693 |train kld ravg: 0.95646 |train mae:  1.77521 |train mae ravg:  1.86020 |val kld: 1.32903 |val kldravg: 1.30614 |val mae:  2.90609 |val mae ravg:  2.82956 |
|epoch:  75 | lr: 0.000 |train kld: 0.95002 |train kld ravg: 0.95472 |train mae:  1.78261 |train mae ravg:  1.82818 |val kld: 1.30026 |val kldravg: 1.30537 |val mae:  2.84504 |val mae ravg:  2.83732 |
|epoch:  76 | lr: 0.000 |train kld: 0.93920 |train kld ravg: 0.94986 |train mae:  1.63286 |train mae ravg:  1.77358 |val kld: 1.30946 |val kldravg: 1.31310 |val mae:  2.81131 |val mae ravg:  2.84437 |
|epoch:  77 | lr: 0.000 |train kld: 0.93202 |train kld ravg: 0.94763 |train mae:  1.79509 |train mae ravg:  1.76493 |val kld: 1.31855 |val kldravg: 1.31645 |val mae:  2.92556 |val mae ravg:  2.87494 |
|epoch:  78 | lr: 0.000 |train kld: 0.94615 |train kld ravg: 0.94086 |train mae:  1.85121 |train mae ravg:  1.76740 |val kld: 1.31038 |val kldravg: 1.31353 |val mae:  2.81302 |val mae ravg:  2.86020 |
|epoch:  79 | lr: 0.000 |train kld: 0.94522 |train kld ravg: 0.94252 |train mae:  1.85072 |train mae ravg:  1.78250 |val kld: 1.31592 |val kldravg: 1.31091 |val mae:  2.85328 |val mae ravg:  2.84964 |
----------------------------------------------------------------------------------------------------------------------------------------------------------------
Finished:  2021-03-24 14:34:34.257821

Correlation between train loss and evaluation: 0.976

----------------------------------------------------------------------------------------------------------------------------------------------------------------
Save configfile.
Loading share 1.00  test data.
Number of GPUs:  2

Model loaded from None is being tested.
Start:  2021-03-24 14:34:34.298415
----------------------------------------------------------------------------------------------------------------------------------------------------------------
test kld mean: 1.44188 | test kld std: 0.00105 |test mae mean:  3.30491 |test mae std:  0.00695 |
----------------------------------------------------------------------------------------------------------------------------------------------------------------
Finished:  2021-03-24 14:36:50.146629

Correlation between train loss and evaluation: 0.995

----------------------------------------------------------------------------------------------------------------------------------------------------------------
------------------------------------------------
Finished at: Wed Mar 24 14:36:51 GMT 2021
------------------------------------------------
