------------------------------------------------
Job ID: 38513272
Run on host: compg013.hpc.in.bmrc.ox.ac.uk
Operating system: Linux
Username: lhw539
Started at: Mon Mar 1 23:12:22 GMT 2021
------------------------------------------------
Loading ABIDE train data.
Loading ABIDE   val data.
Load model for sex - run: 4
Number of GPUs:  2

Full model is being tested with weights loaded from pre-trained model.
Start:  2021-03-01 23:12:30.100263
----------------------------------------------------------------------------------------------------------------------------------------------------------------
test ent mean: 1.95047 | test ent std: 0.00902 |test acc mean:  0.42015 |test acc std:  0.00204 |
----------------------------------------------------------------------------------------------------------------------------------------------------------------
Finished:  2021-03-01 23:14:27.799235

Correlation between train loss and evaluation: -0.777

----------------------------------------------------------------------------------------------------------------------------------------------------------------
------------------------------------------------
Finished at: Mon Mar 1 23:14:28 GMT 2021
------------------------------------------------
------------------------------------------------
Job ID: 41659491
Run on host: compg009.hpc.in.bmrc.ox.ac.uk
Operating system: Linux
Username: lhw539
Started at: Thu Mar 25 07:49:44 GMT 2021
------------------------------------------------
Test (in contrast to train):  False
Loading ABIDE train data.
The data was balanced for  sex .
Loading ABIDE   val data.
The data was balanced for  sex .
Load model for sex - run: 4
Number of GPUs:  2

Full model is being tested with weights loaded from pre-trained model.
Start:  2021-03-25 07:49:50.766316
----------------------------------------------------------------------------------------------------------------------------------------------------------------
test ent mean: 1.41631 | test ent std: 0.00000 |test acc mean:  0.60050 |test acc std:  0.00000 |
----------------------------------------------------------------------------------------------------------------------------------------------------------------
Finished:  2021-03-25 07:51:54.330299

----------------------------------------------------------------------------------------------------------------------------------------------------------------
Save configfile.
Loading ABIDE  test data.
The data was balanced for  sex .
Load model for sex - run: 4
Number of GPUs:  2

Full model is being tested with weights loaded from pre-trained model.
Start:  2021-03-25 07:51:54.406090
----------------------------------------------------------------------------------------------------------------------------------------------------------------
test ent mean: 1.38469 | test ent std: 0.00000 |test acc mean:  0.57213 |test acc std:  0.00000 |
----------------------------------------------------------------------------------------------------------------------------------------------------------------
Finished:  2021-03-25 07:56:05.940446

----------------------------------------------------------------------------------------------------------------------------------------------------------------
------------------------------------------------
Finished at: Thu Mar 25 07:56:06 GMT 2021
------------------------------------------------
