------------------------------------------------
Job ID: 34522707
Run on host: compg010.hpc.in.bmrc.ox.ac.uk
Operating system: Linux
Username: lhw539
Started at: Thu Jan 28 18:50:37 GMT 2021
------------------------------------------------
Number of GPUs:  2
{'DEBUG': 'full', 'TRAIN': 'pre_step', 'BATCH_SIZE': 8, 'NUM_WORKERS': 4, 'LOSS': 'kl', 'DROP': 'drop', 'PATH': '../../', 'PL': 'none', 'PRE': 'full', 'WDEC': 1e-05, 'MOM': 0.9, 'GAMMA': 0.1, 'N_EPOCHS': 15, 'PAT': 5, 'LR': 0.0001, 'PL_LL': 'none', 'WDEC_LL': 0.001, 'MOM_LL': 0.9, 'GAMMA_LL': 0.1, 'N_EPOCHS_LL': 25, 'PAT_LL': 8, 'LR_LL': 0.1, 'PRINT_EVERY': 1}
Debug:  full
Path:  ../../
Patience:  8
Succesfully loaded OASIS train data.
Succesfully loaded OASIS   val data.

Start training of last layer:  2021-01-28 18:50:45.717908
----------------------------------------------------------------------------------------------------------------------
Number of epochs of pre-training: 25
|epoch:   0 | lr: 0.100 |train loss: 1.97899 |train loss ravg: 1.97899 |train MAE:  5.02604 |train MAE ravg:  5.02604 |val loss: 1.79267 |val loss ravg: 1.79267 |val MAE:  4.52742 |val MAE ravg:  4.52742 |
|epoch:   1 | lr: 0.100 |train loss: 1.66400 |train loss ravg: 1.82149 |train MAE:  3.81343 |train MAE ravg:  4.41973 |val loss: 1.63020 |val loss ravg: 1.71143 |val MAE:  3.55845 |val MAE ravg:  4.04293 |
|epoch:   2 | lr: 0.100 |train loss: 1.58638 |train loss ravg: 1.74312 |train MAE:  3.64969 |train MAE ravg:  4.16305 |val loss: 1.63354 |val loss ravg: 1.68547 |val MAE:  3.41668 |val MAE ravg:  3.83418 |
|epoch:   3 | lr: 0.100 |train loss: 1.61258 |train loss ravg: 1.62099 |train MAE:  3.68383 |train MAE ravg:  3.71565 |val loss: 1.53061 |val loss ravg: 1.59812 |val MAE:  3.41340 |val MAE ravg:  3.46284 |
|epoch:   4 | lr: 0.100 |train loss: 1.55327 |train loss ravg: 1.58408 |train MAE:  3.50395 |train MAE ravg:  3.61249 |val loss: 1.46710 |val loss ravg: 1.54375 |val MAE:  3.27889 |val MAE ravg:  3.36966 |
|epoch:   5 | lr: 0.100 |train loss: 1.55249 |train loss ravg: 1.57278 |train MAE:  3.54492 |train MAE ravg:  3.57757 |val loss: 1.44357 |val loss ravg: 1.48042 |val MAE:  3.01398 |val MAE ravg:  3.23542 |
|epoch:   6 | lr: 0.100 |train loss: 1.56092 |train loss ravg: 1.55556 |train MAE:  3.41210 |train MAE ravg:  3.48699 |val loss: 1.41726 |val loss ravg: 1.44264 |val MAE:  2.94091 |val MAE ravg:  3.07792 |
|epoch:   7 | lr: 0.100 |train loss: 1.58119 |train loss ravg: 1.56487 |train MAE:  3.59303 |train MAE ravg:  3.51669 |val loss: 1.48472 |val loss ravg: 1.44851 |val MAE:  3.11212 |val MAE ravg:  3.02233 |
|epoch:   8 | lr: 0.100 |train loss: 1.54670 |train loss ravg: 1.56294 |train MAE:  3.31539 |train MAE ravg:  3.44018 |val loss: 1.47293 |val loss ravg: 1.45830 |val MAE:  3.22476 |val MAE ravg:  3.09260 |
|epoch:   9 | lr: 0.010 |train loss: 1.49610 |train loss ravg: 1.54133 |train MAE:  3.29548 |train MAE ravg:  3.40130 |val loss: 1.43879 |val loss ravg: 1.46548 |val MAE:  3.15451 |val MAE ravg:  3.16380 |
|epoch:  10 | lr: 0.010 |train loss: 1.53062 |train loss ravg: 1.52447 |train MAE:  3.56175 |train MAE ravg:  3.39087 |val loss: 1.41880 |val loss ravg: 1.44351 |val MAE:  2.96548 |val MAE ravg:  3.11492 |
|epoch:  11 | lr: 0.010 |train loss: 1.49353 |train loss ravg: 1.50675 |train MAE:  3.41825 |train MAE ravg:  3.42516 |val loss: 1.40877 |val loss ravg: 1.42212 |val MAE:  2.99957 |val MAE ravg:  3.03985 |
|epoch:  12 | lr: 0.010 |train loss: 1.49840 |train loss ravg: 1.50751 |train MAE:  3.49012 |train MAE ravg:  3.49004 |val loss: 1.44436 |val loss ravg: 1.42398 |val MAE:  3.13213 |val MAE ravg:  3.03239 |
|epoch:  13 | lr: 0.010 |train loss: 1.47771 |train loss ravg: 1.48988 |train MAE:  3.42152 |train MAE ravg:  3.44330 |val loss: 1.45770 |val loss ravg: 1.43694 |val MAE:  3.17245 |val MAE ravg:  3.10138 |
|epoch:  14 | lr: 0.010 |train loss: 1.47211 |train loss ravg: 1.48274 |train MAE:  3.36305 |train MAE ravg:  3.42489 |val loss: 1.44724 |val loss ravg: 1.44977 |val MAE:  3.15491 |val MAE ravg:  3.15317 |
|epoch:  15 | lr: 0.010 |train loss: 1.44457 |train loss ravg: 1.46480 |train MAE:  3.34049 |train MAE ravg:  3.37502 |val loss: 1.43796 |val loss ravg: 1.44763 |val MAE:  3.05832 |val MAE ravg:  3.12856 |
|epoch:  16 | lr: 0.010 |train loss: 1.46769 |train loss ravg: 1.46146 |train MAE:  3.44210 |train MAE ravg:  3.38188 |val loss: 1.45273 |val loss ravg: 1.44598 |val MAE:  3.11838 |val MAE ravg:  3.11054 |
|epoch:  17 | lr: 0.010 |train loss: 1.46919 |train loss ravg: 1.46048 |train MAE:  3.46350 |train MAE ravg:  3.41536 |val loss: 1.45927 |val loss ravg: 1.44999 |val MAE:  3.13582 |val MAE ravg:  3.10417 |
|epoch:  18 | lr: 0.001 |train loss: 1.42203 |train loss ravg: 1.45297 |train MAE:  3.39675 |train MAE ravg:  3.43412 |val loss: 1.44365 |val loss ravg: 1.45189 |val MAE:  3.08776 |val MAE ravg:  3.11399 |
|epoch:  19 | lr: 0.001 |train loss: 1.44647 |train loss ravg: 1.44590 |train MAE:  3.32362 |train MAE ravg:  3.39462 |val loss: 1.43005 |val loss ravg: 1.44432 |val MAE:  3.03406 |val MAE ravg:  3.08588 |
|epoch:  20 | lr: 0.001 |train loss: 1.44634 |train loss ravg: 1.43828 |train MAE:  3.43682 |train MAE ravg:  3.38573 |val loss: 1.43222 |val loss ravg: 1.43531 |val MAE:  3.09039 |val MAE ravg:  3.07073 |
|epoch:  21 | lr: 0.001 |train loss: 1.46549 |train loss ravg: 1.45276 |train MAE:  3.49205 |train MAE ravg:  3.41750 |val loss: 1.43082 |val loss ravg: 1.43103 |val MAE:  3.01910 |val MAE ravg:  3.04785 |
|epoch:  22 | lr: 0.001 |train loss: 1.45441 |train loss ravg: 1.45541 |train MAE:  3.53765 |train MAE ravg:  3.48884 |val loss: 1.41866 |val loss ravg: 1.42723 |val MAE:  2.99864 |val MAE ravg:  3.03604 |
|epoch:  23 | lr: 0.001 |train loss: 1.42037 |train loss ravg: 1.44676 |train MAE:  3.33745 |train MAE ravg:  3.45572 |val loss: 1.44209 |val loss ravg: 1.43052 |val MAE:  3.10199 |val MAE ravg:  3.03991 |
|epoch:  24 | lr: 0.001 |train loss: 1.46356 |train loss ravg: 1.44611 |train MAE:  3.52541 |train MAE ravg:  3.46684 |val loss: 1.41665 |val loss ravg: 1.42580 |val MAE:  3.02068 |val MAE ravg:  3.04043 |
----------------------------------------------------------------------------------------------------------------------
Finished training of full model.
2021-01-28 19:06:12.452682
Correlation between train loss and MAE: 0.92355


Start training of full model:  2021-01-28 19:06:12.463314
----------------------------------------------------------------------------------------------------------------------
|epoch:   0 | lr: 0.000 |train loss: 1.42116 |train loss ravg: 1.42116 |train MAE:  3.31984 |train MAE ravg:  3.31984 |val loss: 1.40720 |val loss ravg: 1.40720 |val MAE:  2.93677 |val MAE ravg:  2.93677 |
|epoch:   1 | lr: 0.000 |train loss: 1.39554 |train loss ravg: 1.40835 |train MAE:  3.33243 |train MAE ravg:  3.32614 |val loss: 1.40429 |val loss ravg: 1.40575 |val MAE:  2.99169 |val MAE ravg:  2.96423 |
|epoch:   2 | lr: 0.000 |train loss: 1.33377 |train loss ravg: 1.38349 |train MAE:  2.93717 |train MAE ravg:  3.19648 |val loss: 1.41709 |val loss ravg: 1.40953 |val MAE:  3.00239 |val MAE ravg:  2.97695 |
|epoch:   3 | lr: 0.000 |train loss: 1.35839 |train loss ravg: 1.36257 |train MAE:  3.06639 |train MAE ravg:  3.11199 |val loss: 1.37761 |val loss ravg: 1.39966 |val MAE:  2.88039 |val MAE ravg:  2.95816 |
|epoch:   4 | lr: 0.000 |train loss: 1.34333 |train loss ravg: 1.34516 |train MAE:  3.04789 |train MAE ravg:  3.01715 |val loss: 1.39062 |val loss ravg: 1.39510 |val MAE:  2.90419 |val MAE ravg:  2.92899 |
|epoch:   5 | lr: 0.000 |train loss: 1.30196 |train loss ravg: 1.33456 |train MAE:  2.83411 |train MAE ravg:  2.98279 |val loss: 1.39954 |val loss ravg: 1.38925 |val MAE:  2.94341 |val MAE ravg:  2.90933 |
|epoch:   6 | lr: 0.000 |train loss: 1.29205 |train loss ravg: 1.31245 |train MAE:  2.72785 |train MAE ravg:  2.86995 |val loss: 1.39323 |val loss ravg: 1.39446 |val MAE:  2.91716 |val MAE ravg:  2.92158 |
|epoch:   7 | lr: 0.000 |train loss: 1.28718 |train loss ravg: 1.29373 |train MAE:  2.80348 |train MAE ravg:  2.78848 |val loss: 1.39161 |val loss ravg: 1.39479 |val MAE:  2.89589 |val MAE ravg:  2.91882 |
|epoch:   8 | lr: 0.000 |train loss: 1.25216 |train loss ravg: 1.27713 |train MAE:  2.68736 |train MAE ravg:  2.73956 |val loss: 1.39037 |val loss ravg: 1.39174 |val MAE:  2.89073 |val MAE ravg:  2.90126 |
|epoch:   9 | lr: 0.000 |train loss: 1.28177 |train loss ravg: 1.27370 |train MAE:  2.76829 |train MAE ravg:  2.75304 |val loss: 1.40182 |val loss ravg: 1.39460 |val MAE:  2.95974 |val MAE ravg:  2.91546 |
|epoch:  10 | lr: 0.000 |train loss: 1.28663 |train loss ravg: 1.27352 |train MAE:  2.74876 |train MAE ravg:  2.73480 |val loss: 1.39141 |val loss ravg: 1.39454 |val MAE:  2.92191 |val MAE ravg:  2.92413 |
|epoch:  11 | lr: 0.000 |train loss: 1.29350 |train loss ravg: 1.28730 |train MAE:  2.78534 |train MAE ravg:  2.76746 |val loss: 1.40627 |val loss ravg: 1.39984 |val MAE:  2.99723 |val MAE ravg:  2.95963 |
|epoch:  12 | lr: 0.000 |train loss: 1.27070 |train loss ravg: 1.28361 |train MAE:  2.75488 |train MAE ravg:  2.76299 |val loss: 1.35205 |val loss ravg: 1.38324 |val MAE:  2.80001 |val MAE ravg:  2.90638 |
|epoch:  13 | lr: 0.000 |train loss: 1.30550 |train loss ravg: 1.28990 |train MAE:  2.85818 |train MAE ravg:  2.79946 |val loss: 1.40200 |val loss ravg: 1.38678 |val MAE:  2.95450 |val MAE ravg:  2.91725 |
|epoch:  14 | lr: 0.000 |train loss: 1.26962 |train loss ravg: 1.28194 |train MAE:  2.68626 |train MAE ravg:  2.76644 |val loss: 1.40100 |val loss ravg: 1.38502 |val MAE:  2.95170 |val MAE ravg:  2.90207 |
----------------------------------------------------------------------------------------------------------------------
Finished training of full model.
2021-01-28 19:41:52.815407
Correlation between train loss and MAE: 0.97978

------------------------------------------------
Finished at: Thu Jan 28 19:41:54 GMT 2021
------------------------------------------------
