------------------------------------------------
Job ID: 
Run on host: win000.hpc.in.bmrc.ox.ac.uk
Operating system: Linux
Username: lhw539
Started at: Sat Mar 20 13:53:01 GMT 2021
------------------------------------------------
Test (in contrast to train):  False
Loading ixi train data.
Loading ixi   val data.
----------------------------------------------------------------------------
Batch:  250 || L1 share: 0.7000 || Reg: 15.0000 || Feat:  130
Apply PCA on full data.
215
Transform data matrix of shape:  torch.Size([215, 4915200])
108
Transform data matrix of shape:  torch.Size([108, 4915200])
MAE of ElasticNet:  10.74571047237557
MAE on valid when valid mean is predicted:  14.85839
----------------------------------------------------------------------------
Batch:  250 || L1 share: 0.7000 || Reg: 15.0000 || Feat:  145
Apply PCA on full data.
215
Transform data matrix of shape:  torch.Size([215, 4915200])
108
Transform data matrix of shape:  torch.Size([108, 4915200])
MAE of ElasticNet:  10.089367757485654
MAE on valid when valid mean is predicted:  14.85839
----------------------------------------------------------------------------
Batch:  250 || L1 share: 0.7000 || Reg: 15.0000 || Feat:  134
Apply PCA on full data.
215
Transform data matrix of shape:  torch.Size([215, 4915200])
108
Transform data matrix of shape:  torch.Size([108, 4915200])
MAE of ElasticNet:  11.56825141727735
MAE on valid when valid mean is predicted:  14.858391
----------------------------------------------------------------------------
Batch:  250 || L1 share: 0.7000 || Reg: 15.0000 || Feat:  140
Apply PCA on full data.
215
Transform data matrix of shape:  torch.Size([215, 4915200])
108
Transform data matrix of shape:  torch.Size([108, 4915200])
MAE of ElasticNet:  10.005004620833473
MAE on valid when valid mean is predicted:  14.85839
----------------------------------------------------------------------------
Batch:  250 || L1 share: 0.7000 || Reg: 20.0000 || Feat:  130
Apply PCA on full data.
215
Transform data matrix of shape:  torch.Size([215, 4915200])
108
Transform data matrix of shape:  torch.Size([108, 4915200])
MAE of ElasticNet:  8.937503772030821
MAE on valid when valid mean is predicted:  14.858391
----------------------------------------------------------------------------
Batch:  250 || L1 share: 0.7000 || Reg: 20.0000 || Feat:  145
Apply PCA on full data.
215
Transform data matrix of shape:  torch.Size([215, 4915200])
108
Transform data matrix of shape:  torch.Size([108, 4915200])
MAE of ElasticNet:  10.267947422850792
MAE on valid when valid mean is predicted:  14.858391
----------------------------------------------------------------------------
Batch:  250 || L1 share: 0.7000 || Reg: 20.0000 || Feat:  134
Apply PCA on full data.
215
Transform data matrix of shape:  torch.Size([215, 4915200])
108
Transform data matrix of shape:  torch.Size([108, 4915200])
MAE of ElasticNet:  9.821482866246756
MAE on valid when valid mean is predicted:  14.85839
----------------------------------------------------------------------------
Batch:  250 || L1 share: 0.7000 || Reg: 20.0000 || Feat:  140
Apply PCA on full data.
215
Transform data matrix of shape:  torch.Size([215, 4915200])
108
Transform data matrix of shape:  torch.Size([108, 4915200])
MAE of ElasticNet:  10.211184825248974
MAE on valid when valid mean is predicted:  14.858391
----------------------------------------------------------------------------
Batch:  250 || L1 share: 0.7000 || Reg: 25.0000 || Feat:  130
Apply PCA on full data.
215
Transform data matrix of shape:  torch.Size([215, 4915200])
108
Transform data matrix of shape:  torch.Size([108, 4915200])
MAE of ElasticNet:  9.869343863536617
MAE on valid when valid mean is predicted:  14.85839
----------------------------------------------------------------------------
Batch:  250 || L1 share: 0.7000 || Reg: 25.0000 || Feat:  145
Apply PCA on full data.
215
Transform data matrix of shape:  torch.Size([215, 4915200])
108
Transform data matrix of shape:  torch.Size([108, 4915200])
MAE of ElasticNet:  11.349549213304353
MAE on valid when valid mean is predicted:  14.85839
----------------------------------------------------------------------------
Batch:  250 || L1 share: 0.7000 || Reg: 25.0000 || Feat:  134
Apply PCA on full data.
215
Transform data matrix of shape:  torch.Size([215, 4915200])
108
Transform data matrix of shape:  torch.Size([108, 4915200])
MAE of ElasticNet:  9.74552244459707
MAE on valid when valid mean is predicted:  14.858388
----------------------------------------------------------------------------
Batch:  250 || L1 share: 0.7000 || Reg: 25.0000 || Feat:  140
Apply PCA on full data.
215
Transform data matrix of shape:  torch.Size([215, 4915200])
108
Transform data matrix of shape:  torch.Size([108, 4915200])
MAE of ElasticNet:  10.317200052104072
MAE on valid when valid mean is predicted:  14.858391
----------------------------------------------------------------------------
Batch:  250 || L1 share: 0.7000 || Reg: 30.0000 || Feat:  130
Apply PCA on full data.
215
Transform data matrix of shape:  torch.Size([215, 4915200])
108
Transform data matrix of shape:  torch.Size([108, 4915200])
MAE of ElasticNet:  10.088844642737852
MAE on valid when valid mean is predicted:  14.858388
----------------------------------------------------------------------------
Batch:  250 || L1 share: 0.7000 || Reg: 30.0000 || Feat:  145
Apply PCA on full data.
215
Transform data matrix of shape:  torch.Size([215, 4915200])
108
Transform data matrix of shape:  torch.Size([108, 4915200])
MAE of ElasticNet:  10.012954005514864
MAE on valid when valid mean is predicted:  14.85839
----------------------------------------------------------------------------
Batch:  250 || L1 share: 0.7000 || Reg: 30.0000 || Feat:  134
Apply PCA on full data.
215
Transform data matrix of shape:  torch.Size([215, 4915200])
108
Transform data matrix of shape:  torch.Size([108, 4915200])
MAE of ElasticNet:  10.544540813326195
MAE on valid when valid mean is predicted:  14.858391
----------------------------------------------------------------------------
Batch:  250 || L1 share: 0.7000 || Reg: 30.0000 || Feat:  140
Apply PCA on full data.
215
Transform data matrix of shape:  torch.Size([215, 4915200])
108
Transform data matrix of shape:  torch.Size([108, 4915200])
MAE of ElasticNet:  11.282129520081757
MAE on valid when valid mean is predicted:  14.858391
----------------------------------------------------------------------------
Batch:  250 || L1 share: 0.8000 || Reg: 15.0000 || Feat:  130
Apply PCA on full data.
215
Transform data matrix of shape:  torch.Size([215, 4915200])
108
Transform data matrix of shape:  torch.Size([108, 4915200])
MAE of ElasticNet:  10.234976753080604
MAE on valid when valid mean is predicted:  14.85839
----------------------------------------------------------------------------
Batch:  250 || L1 share: 0.8000 || Reg: 15.0000 || Feat:  145
Apply PCA on full data.
215
Transform data matrix of shape:  torch.Size([215, 4915200])
108
Transform data matrix of shape:  torch.Size([108, 4915200])
MAE of ElasticNet:  10.569176261325003
MAE on valid when valid mean is predicted:  14.858392
----------------------------------------------------------------------------
Batch:  250 || L1 share: 0.8000 || Reg: 15.0000 || Feat:  134
Apply PCA on full data.
215
Transform data matrix of shape:  torch.Size([215, 4915200])
108
Transform data matrix of shape:  torch.Size([108, 4915200])
MAE of ElasticNet:  10.241767630493701
MAE on valid when valid mean is predicted:  14.85839
----------------------------------------------------------------------------
Batch:  250 || L1 share: 0.8000 || Reg: 15.0000 || Feat:  140
Apply PCA on full data.
215
Transform data matrix of shape:  torch.Size([215, 4915200])
108
Transform data matrix of shape:  torch.Size([108, 4915200])
MAE of ElasticNet:  9.439813763383388
MAE on valid when valid mean is predicted:  14.858388
----------------------------------------------------------------------------
Batch:  250 || L1 share: 0.8000 || Reg: 20.0000 || Feat:  130
Apply PCA on full data.
215
Transform data matrix of shape:  torch.Size([215, 4915200])
108
Transform data matrix of shape:  torch.Size([108, 4915200])
MAE of ElasticNet:  10.665328613014257
MAE on valid when valid mean is predicted:  14.85839
----------------------------------------------------------------------------
Batch:  250 || L1 share: 0.8000 || Reg: 20.0000 || Feat:  145
Apply PCA on full data.
215
Transform data matrix of shape:  torch.Size([215, 4915200])
108
Transform data matrix of shape:  torch.Size([108, 4915200])
MAE of ElasticNet:  9.198726818798157
MAE on valid when valid mean is predicted:  14.858391
----------------------------------------------------------------------------
Batch:  250 || L1 share: 0.8000 || Reg: 20.0000 || Feat:  134
Apply PCA on full data.
215
Transform data matrix of shape:  torch.Size([215, 4915200])
108
Transform data matrix of shape:  torch.Size([108, 4915200])
MAE of ElasticNet:  9.771734219618903
MAE on valid when valid mean is predicted:  14.85839
----------------------------------------------------------------------------
Batch:  250 || L1 share: 0.8000 || Reg: 20.0000 || Feat:  140
Apply PCA on full data.
215
Transform data matrix of shape:  torch.Size([215, 4915200])
108
Transform data matrix of shape:  torch.Size([108, 4915200])
MAE of ElasticNet:  9.933888747618843
MAE on valid when valid mean is predicted:  14.85839
----------------------------------------------------------------------------
Batch:  250 || L1 share: 0.8000 || Reg: 25.0000 || Feat:  130
Apply PCA on full data.
215
Transform data matrix of shape:  torch.Size([215, 4915200])
108
Transform data matrix of shape:  torch.Size([108, 4915200])
MAE of ElasticNet:  10.408132373638527
MAE on valid when valid mean is predicted:  14.85839
----------------------------------------------------------------------------
Batch:  250 || L1 share: 0.8000 || Reg: 25.0000 || Feat:  145
Apply PCA on full data.
215
Transform data matrix of shape:  torch.Size([215, 4915200])
108
Transform data matrix of shape:  torch.Size([108, 4915200])
MAE of ElasticNet:  11.677260933664876
MAE on valid when valid mean is predicted:  14.85839
----------------------------------------------------------------------------
Batch:  250 || L1 share: 0.8000 || Reg: 25.0000 || Feat:  134
Apply PCA on full data.
215
Transform data matrix of shape:  torch.Size([215, 4915200])
108
Transform data matrix of shape:  torch.Size([108, 4915200])
MAE of ElasticNet:  9.475792116085021
MAE on valid when valid mean is predicted:  14.85839
----------------------------------------------------------------------------
Batch:  250 || L1 share: 0.8000 || Reg: 25.0000 || Feat:  140
Apply PCA on full data.
215
Transform data matrix of shape:  torch.Size([215, 4915200])
108
Transform data matrix of shape:  torch.Size([108, 4915200])
MAE of ElasticNet:  10.317395079157594
MAE on valid when valid mean is predicted:  14.85839
----------------------------------------------------------------------------
Batch:  250 || L1 share: 0.8000 || Reg: 30.0000 || Feat:  130
Apply PCA on full data.
215
Transform data matrix of shape:  torch.Size([215, 4915200])
108
Transform data matrix of shape:  torch.Size([108, 4915200])
MAE of ElasticNet:  10.855171661920282
MAE on valid when valid mean is predicted:  14.85839
----------------------------------------------------------------------------
Batch:  250 || L1 share: 0.8000 || Reg: 30.0000 || Feat:  145
Apply PCA on full data.
215
Transform data matrix of shape:  torch.Size([215, 4915200])
108
Transform data matrix of shape:  torch.Size([108, 4915200])
MAE of ElasticNet:  11.59089407826384
MAE on valid when valid mean is predicted:  14.85839
----------------------------------------------------------------------------
Batch:  250 || L1 share: 0.8000 || Reg: 30.0000 || Feat:  134
Apply PCA on full data.
215
Transform data matrix of shape:  torch.Size([215, 4915200])
108
Transform data matrix of shape:  torch.Size([108, 4915200])
MAE of ElasticNet:  11.741344228861012
MAE on valid when valid mean is predicted:  14.85839
----------------------------------------------------------------------------
Batch:  250 || L1 share: 0.8000 || Reg: 30.0000 || Feat:  140
Apply PCA on full data.
215
Transform data matrix of shape:  torch.Size([215, 4915200])
108
Transform data matrix of shape:  torch.Size([108, 4915200])
MAE of ElasticNet:  9.910755371219215
MAE on valid when valid mean is predicted:  14.858391
----------------------------------------------------------------------------
Batch:  250 || L1 share: 0.9000 || Reg: 15.0000 || Feat:  130
Apply PCA on full data.
215
Transform data matrix of shape:  torch.Size([215, 4915200])
108
Transform data matrix of shape:  torch.Size([108, 4915200])
MAE of ElasticNet:  9.974484246649956
MAE on valid when valid mean is predicted:  14.858388
----------------------------------------------------------------------------
Batch:  250 || L1 share: 0.9000 || Reg: 15.0000 || Feat:  145
Apply PCA on full data.
215
Transform data matrix of shape:  torch.Size([215, 4915200])
108
Transform data matrix of shape:  torch.Size([108, 4915200])
MAE of ElasticNet:  9.53403539306812
MAE on valid when valid mean is predicted:  14.858391
----------------------------------------------------------------------------
Batch:  250 || L1 share: 0.9000 || Reg: 15.0000 || Feat:  134
Apply PCA on full data.
215
Transform data matrix of shape:  torch.Size([215, 4915200])
108
Transform data matrix of shape:  torch.Size([108, 4915200])
MAE of ElasticNet:  12.602125412736044
MAE on valid when valid mean is predicted:  14.858388
----------------------------------------------------------------------------
Batch:  250 || L1 share: 0.9000 || Reg: 15.0000 || Feat:  140
Apply PCA on full data.
215
Transform data matrix of shape:  torch.Size([215, 4915200])
108
Transform data matrix of shape:  torch.Size([108, 4915200])
MAE of ElasticNet:  10.735468428664431
MAE on valid when valid mean is predicted:  14.858391
----------------------------------------------------------------------------
Batch:  250 || L1 share: 0.9000 || Reg: 20.0000 || Feat:  130
Apply PCA on full data.
215
Transform data matrix of shape:  torch.Size([215, 4915200])
108
Transform data matrix of shape:  torch.Size([108, 4915200])
MAE of ElasticNet:  10.290073913243818
MAE on valid when valid mean is predicted:  14.85839
----------------------------------------------------------------------------
Batch:  250 || L1 share: 0.9000 || Reg: 20.0000 || Feat:  145
Apply PCA on full data.
215
Transform data matrix of shape:  torch.Size([215, 4915200])
108
Transform data matrix of shape:  torch.Size([108, 4915200])
MAE of ElasticNet:  9.94555291561882
MAE on valid when valid mean is predicted:  14.85839
----------------------------------------------------------------------------
Batch:  250 || L1 share: 0.9000 || Reg: 20.0000 || Feat:  134
Apply PCA on full data.
215
Transform data matrix of shape:  torch.Size([215, 4915200])
108
Transform data matrix of shape:  torch.Size([108, 4915200])
MAE of ElasticNet:  9.117417249095928
MAE on valid when valid mean is predicted:  14.85839
----------------------------------------------------------------------------
Batch:  250 || L1 share: 0.9000 || Reg: 20.0000 || Feat:  140
Apply PCA on full data.
215
Transform data matrix of shape:  torch.Size([215, 4915200])
108
Transform data matrix of shape:  torch.Size([108, 4915200])
MAE of ElasticNet:  10.821122827621306
MAE on valid when valid mean is predicted:  14.858387
----------------------------------------------------------------------------
Batch:  250 || L1 share: 0.9000 || Reg: 25.0000 || Feat:  130
Apply PCA on full data.
215
Transform data matrix of shape:  torch.Size([215, 4915200])
108
Transform data matrix of shape:  torch.Size([108, 4915200])
MAE of ElasticNet:  11.167986945684495
MAE on valid when valid mean is predicted:  14.85839
----------------------------------------------------------------------------
Batch:  250 || L1 share: 0.9000 || Reg: 25.0000 || Feat:  145
Apply PCA on full data.
215
Transform data matrix of shape:  torch.Size([215, 4915200])
108
Transform data matrix of shape:  torch.Size([108, 4915200])
MAE of ElasticNet:  13.082396601071727
MAE on valid when valid mean is predicted:  14.85839
----------------------------------------------------------------------------
Batch:  250 || L1 share: 0.9000 || Reg: 25.0000 || Feat:  134
Apply PCA on full data.
215
Transform data matrix of shape:  torch.Size([215, 4915200])
108
Transform data matrix of shape:  torch.Size([108, 4915200])
MAE of ElasticNet:  9.505003105957316
MAE on valid when valid mean is predicted:  14.85839
----------------------------------------------------------------------------
Batch:  250 || L1 share: 0.9000 || Reg: 25.0000 || Feat:  140
Apply PCA on full data.
215
Transform data matrix of shape:  torch.Size([215, 4915200])
108
Transform data matrix of shape:  torch.Size([108, 4915200])
MAE of ElasticNet:  9.652596912799313
MAE on valid when valid mean is predicted:  14.858391
----------------------------------------------------------------------------
Batch:  250 || L1 share: 0.9000 || Reg: 30.0000 || Feat:  130
Apply PCA on full data.
215
Transform data matrix of shape:  torch.Size([215, 4915200])
108
Transform data matrix of shape:  torch.Size([108, 4915200])
MAE of ElasticNet:  10.18550504094933
MAE on valid when valid mean is predicted:  14.85839
----------------------------------------------------------------------------
Batch:  250 || L1 share: 0.9000 || Reg: 30.0000 || Feat:  145
Apply PCA on full data.
215
Transform data matrix of shape:  torch.Size([215, 4915200])
108
Transform data matrix of shape:  torch.Size([108, 4915200])
MAE of ElasticNet:  10.377155524947442
MAE on valid when valid mean is predicted:  14.85839
----------------------------------------------------------------------------
Batch:  250 || L1 share: 0.9000 || Reg: 30.0000 || Feat:  134
Apply PCA on full data.
215
Transform data matrix of shape:  torch.Size([215, 4915200])
108
Transform data matrix of shape:  torch.Size([108, 4915200])
MAE of ElasticNet:  9.397729210300382
MAE on valid when valid mean is predicted:  14.85839
----------------------------------------------------------------------------
Batch:  250 || L1 share: 0.9000 || Reg: 30.0000 || Feat:  140
Apply PCA on full data.
215
Transform data matrix of shape:  torch.Size([215, 4915200])
108
Transform data matrix of shape:  torch.Size([108, 4915200])
MAE of ElasticNet:  11.240074784233569
MAE on valid when valid mean is predicted:  14.85839
----------------------------------------------------------------------------
Batch:  250 || L1 share: 0.9500 || Reg: 15.0000 || Feat:  130
Apply PCA on full data.
215
Transform data matrix of shape:  torch.Size([215, 4915200])
108
Transform data matrix of shape:  torch.Size([108, 4915200])
MAE of ElasticNet:  10.237987246126092
MAE on valid when valid mean is predicted:  14.85839
----------------------------------------------------------------------------
Batch:  250 || L1 share: 0.9500 || Reg: 15.0000 || Feat:  145
Apply PCA on full data.
215
Transform data matrix of shape:  torch.Size([215, 4915200])
108
Transform data matrix of shape:  torch.Size([108, 4915200])
MAE of ElasticNet:  11.01884682904581
MAE on valid when valid mean is predicted:  14.858391
----------------------------------------------------------------------------
Batch:  250 || L1 share: 0.9500 || Reg: 15.0000 || Feat:  134
Apply PCA on full data.
215
Transform data matrix of shape:  torch.Size([215, 4915200])
108
Transform data matrix of shape:  torch.Size([108, 4915200])
MAE of ElasticNet:  10.415607975825548
MAE on valid when valid mean is predicted:  14.85839
----------------------------------------------------------------------------
Batch:  250 || L1 share: 0.9500 || Reg: 15.0000 || Feat:  140
Apply PCA on full data.
215
Transform data matrix of shape:  torch.Size([215, 4915200])
108
Transform data matrix of shape:  torch.Size([108, 4915200])
MAE of ElasticNet:  9.897216622680068
MAE on valid when valid mean is predicted:  14.858391
----------------------------------------------------------------------------
Batch:  250 || L1 share: 0.9500 || Reg: 20.0000 || Feat:  130
Apply PCA on full data.
215
Transform data matrix of shape:  torch.Size([215, 4915200])
108
Transform data matrix of shape:  torch.Size([108, 4915200])
MAE of ElasticNet:  10.042436321438963
MAE on valid when valid mean is predicted:  14.85839
----------------------------------------------------------------------------
Batch:  250 || L1 share: 0.9500 || Reg: 20.0000 || Feat:  145
Apply PCA on full data.
215
Transform data matrix of shape:  torch.Size([215, 4915200])
108
Transform data matrix of shape:  torch.Size([108, 4915200])
MAE of ElasticNet:  9.698073712183023
MAE on valid when valid mean is predicted:  14.85839
----------------------------------------------------------------------------
Batch:  250 || L1 share: 0.9500 || Reg: 20.0000 || Feat:  134
Apply PCA on full data.
215
Transform data matrix of shape:  torch.Size([215, 4915200])
108
Transform data matrix of shape:  torch.Size([108, 4915200])
MAE of ElasticNet:  11.03718826955136
MAE on valid when valid mean is predicted:  14.858388
----------------------------------------------------------------------------
Batch:  250 || L1 share: 0.9500 || Reg: 20.0000 || Feat:  140
Apply PCA on full data.
215
Transform data matrix of shape:  torch.Size([215, 4915200])
108
Transform data matrix of shape:  torch.Size([108, 4915200])
MAE of ElasticNet:  10.68947051347183
MAE on valid when valid mean is predicted:  14.858391
----------------------------------------------------------------------------
Batch:  250 || L1 share: 0.9500 || Reg: 25.0000 || Feat:  130
Apply PCA on full data.
215
Transform data matrix of shape:  torch.Size([215, 4915200])
108
Transform data matrix of shape:  torch.Size([108, 4915200])
MAE of ElasticNet:  9.313635762562384
MAE on valid when valid mean is predicted:  14.858388
----------------------------------------------------------------------------
Batch:  250 || L1 share: 0.9500 || Reg: 25.0000 || Feat:  145
Apply PCA on full data.
215
Transform data matrix of shape:  torch.Size([215, 4915200])
108
Transform data matrix of shape:  torch.Size([108, 4915200])
MAE of ElasticNet:  12.512540417118748
MAE on valid when valid mean is predicted:  14.858391
----------------------------------------------------------------------------
Batch:  250 || L1 share: 0.9500 || Reg: 25.0000 || Feat:  134
Apply PCA on full data.
215
Transform data matrix of shape:  torch.Size([215, 4915200])
108
Transform data matrix of shape:  torch.Size([108, 4915200])
MAE of ElasticNet:  9.89954498579718
MAE on valid when valid mean is predicted:  14.858388
----------------------------------------------------------------------------
Batch:  250 || L1 share: 0.9500 || Reg: 25.0000 || Feat:  140
Apply PCA on full data.
215
Transform data matrix of shape:  torch.Size([215, 4915200])
108
Transform data matrix of shape:  torch.Size([108, 4915200])
MAE of ElasticNet:  12.340293198047071
MAE on valid when valid mean is predicted:  14.85839
----------------------------------------------------------------------------
Batch:  250 || L1 share: 0.9500 || Reg: 30.0000 || Feat:  130
Apply PCA on full data.
215
Transform data matrix of shape:  torch.Size([215, 4915200])
108
Transform data matrix of shape:  torch.Size([108, 4915200])
MAE of ElasticNet:  9.820901581705723
MAE on valid when valid mean is predicted:  14.858391
----------------------------------------------------------------------------
Batch:  250 || L1 share: 0.9500 || Reg: 30.0000 || Feat:  145
Apply PCA on full data.
215
Transform data matrix of shape:  torch.Size([215, 4915200])
108
Transform data matrix of shape:  torch.Size([108, 4915200])
MAE of ElasticNet:  11.163453326209101
MAE on valid when valid mean is predicted:  14.85839
----------------------------------------------------------------------------
Batch:  250 || L1 share: 0.9500 || Reg: 30.0000 || Feat:  134
Apply PCA on full data.
215
Transform data matrix of shape:  torch.Size([215, 4915200])
108
Transform data matrix of shape:  torch.Size([108, 4915200])
MAE of ElasticNet:  10.707480924697906
MAE on valid when valid mean is predicted:  14.858392
----------------------------------------------------------------------------
Batch:  250 || L1 share: 0.9500 || Reg: 30.0000 || Feat:  140
Apply PCA on full data.
215
Transform data matrix of shape:  torch.Size([215, 4915200])
108
Transform data matrix of shape:  torch.Size([108, 4915200])
MAE of ElasticNet:  9.231337818678506
MAE on valid when valid mean is predicted:  14.85839
Save configfile.
------------------------------------------------
Finished at: Sat Mar 20 21:21:56 GMT 2021
------------------------------------------------
