------------------------------------------------
Job ID: 41220249
Run on host: compg026.hpc.in.bmrc.ox.ac.uk
Operating system: Linux
Username: lhw539
Started at: Mon Mar 22 11:52:04 GMT 2021
------------------------------------------------
Test (in contrast to train):  False
Loading share 1.00 train data.
Loading share 1.00   val data.
Load model for sex - run: 0
Number of GPUs:  2
Epoch decay:  10
Gamma decay:  0.1

Full model is being trained with weights loaded from pre-trained model.
Start:  2021-03-22 11:52:10.561649
----------------------------------------------------------------------------------------------------------------------------------------------------------------
|epoch:   0 | lr: 0.100 |train ent: 0.25844 |train ent ravg: 0.25844 |train acc:  0.90341 |train acc ravg:  0.90341 |val ent: 0.24548 |val entravg: 0.24548 |val acc:  0.87500 |val acc ravg:  0.87500 |
|epoch:   1 | lr: 0.100 |train ent: 0.23886 |train ent ravg: 0.24865 |train acc:  0.90341 |train acc ravg:  0.90341 |val ent: 0.26513 |val entravg: 0.25531 |val acc:  0.87500 |val acc ravg:  0.87500 |
|epoch:   2 | lr: 0.100 |train ent: 0.23003 |train ent ravg: 0.24244 |train acc:  0.90341 |train acc ravg:  0.90341 |val ent: 0.26039 |val entravg: 0.25700 |val acc:  0.88636 |val acc ravg:  0.87879 |
|epoch:   3 | lr: 0.100 |train ent: 0.17382 |train ent ravg: 0.22529 |train acc:  0.93750 |train acc ravg:  0.91193 |val ent: 0.28196 |val entravg: 0.26324 |val acc:  0.87500 |val acc ravg:  0.87784 |
|epoch:   4 | lr: 0.100 |train ent: 0.19292 |train ent ravg: 0.21882 |train acc:  0.92330 |train acc ravg:  0.91420 |val ent: 0.25609 |val entravg: 0.26181 |val acc:  0.88636 |val acc ravg:  0.87955 |
|epoch:   5 | lr: 0.100 |train ent: 0.22087 |train ent ravg: 0.21130 |train acc:  0.92614 |train acc ravg:  0.91875 |val ent: 0.26896 |val entravg: 0.26651 |val acc:  0.87500 |val acc ravg:  0.87955 |
|epoch:   6 | lr: 0.100 |train ent: 0.20882 |train ent ravg: 0.20529 |train acc:  0.92330 |train acc ravg:  0.92273 |val ent: 0.23222 |val entravg: 0.25992 |val acc:  0.90909 |val acc ravg:  0.88636 |
|epoch:   7 | lr: 0.100 |train ent: 0.25025 |train ent ravg: 0.20934 |train acc:  0.90625 |train acc ravg:  0.92330 |val ent: 0.24961 |val entravg: 0.25777 |val acc:  0.88636 |val acc ravg:  0.88636 |
|epoch:   8 | lr: 0.100 |train ent: 0.22479 |train ent ravg: 0.21953 |train acc:  0.90057 |train acc ravg:  0.91591 |val ent: 0.25057 |val entravg: 0.25149 |val acc:  0.87500 |val acc ravg:  0.88636 |
|epoch:   9 | lr: 0.100 |train ent: 0.23263 |train ent ravg: 0.22747 |train acc:  0.90625 |train acc ravg:  0.91250 |val ent: 0.24954 |val entravg: 0.25018 |val acc:  0.89773 |val acc ravg:  0.88864 |
|epoch:  10 | lr: 0.010 |train ent: 0.17313 |train ent ravg: 0.21792 |train acc:  0.92898 |train acc ravg:  0.91307 |val ent: 0.24435 |val entravg: 0.24526 |val acc:  0.90909 |val acc ravg:  0.89545 |
|epoch:  11 | lr: 0.010 |train ent: 0.17624 |train ent ravg: 0.21141 |train acc:  0.92898 |train acc ravg:  0.91420 |val ent: 0.24576 |val entravg: 0.24797 |val acc:  0.89773 |val acc ravg:  0.89318 |
|epoch:  12 | lr: 0.010 |train ent: 0.19337 |train ent ravg: 0.20003 |train acc:  0.92330 |train acc ravg:  0.91761 |val ent: 0.25256 |val entravg: 0.24856 |val acc:  0.88636 |val acc ravg:  0.89318 |
|epoch:  13 | lr: 0.010 |train ent: 0.17502 |train ent ravg: 0.19008 |train acc:  0.92330 |train acc ravg:  0.92216 |val ent: 0.24831 |val entravg: 0.24811 |val acc:  0.88636 |val acc ravg:  0.89545 |
|epoch:  14 | lr: 0.010 |train ent: 0.18025 |train ent ravg: 0.17960 |train acc:  0.94318 |train acc ravg:  0.92955 |val ent: 0.23119 |val entravg: 0.24443 |val acc:  0.89773 |val acc ravg:  0.89545 |
|epoch:  15 | lr: 0.010 |train ent: 0.17262 |train ent ravg: 0.17950 |train acc:  0.94602 |train acc ravg:  0.93295 |val ent: 0.18646 |val entravg: 0.23286 |val acc:  0.90909 |val acc ravg:  0.89545 |
|epoch:  16 | lr: 0.010 |train ent: 0.21085 |train ent ravg: 0.18642 |train acc:  0.91477 |train acc ravg:  0.93011 |val ent: 0.25852 |val entravg: 0.23541 |val acc:  0.87500 |val acc ravg:  0.89091 |
|epoch:  17 | lr: 0.010 |train ent: 0.18022 |train ent ravg: 0.18379 |train acc:  0.92330 |train acc ravg:  0.93011 |val ent: 0.23915 |val entravg: 0.23272 |val acc:  0.89773 |val acc ravg:  0.89318 |
|epoch:  18 | lr: 0.010 |train ent: 0.21882 |train ent ravg: 0.19255 |train acc:  0.90625 |train acc ravg:  0.92670 |val ent: 0.25101 |val entravg: 0.23327 |val acc:  0.87500 |val acc ravg:  0.89091 |
|epoch:  19 | lr: 0.010 |train ent: 0.18713 |train ent ravg: 0.19393 |train acc:  0.92330 |train acc ravg:  0.92273 |val ent: 0.22460 |val entravg: 0.23195 |val acc:  0.89773 |val acc ravg:  0.89091 |
|epoch:  20 | lr: 0.001 |train ent: 0.21932 |train ent ravg: 0.20327 |train acc:  0.89773 |train acc ravg:  0.91307 |val ent: 0.25272 |val entravg: 0.24520 |val acc:  0.88636 |val acc ravg:  0.88636 |
|epoch:  21 | lr: 0.001 |train ent: 0.19203 |train ent ravg: 0.19950 |train acc:  0.92045 |train acc ravg:  0.91420 |val ent: 0.24241 |val entravg: 0.24198 |val acc:  0.89773 |val acc ravg:  0.89091 |
|epoch:  22 | lr: 0.001 |train ent: 0.18283 |train ent ravg: 0.20002 |train acc:  0.92898 |train acc ravg:  0.91534 |val ent: 0.21159 |val entravg: 0.23647 |val acc:  0.90909 |val acc ravg:  0.89318 |
|epoch:  23 | lr: 0.001 |train ent: 0.17754 |train ent ravg: 0.19177 |train acc:  0.92898 |train acc ravg:  0.91989 |val ent: 0.23282 |val entravg: 0.23283 |val acc:  0.90909 |val acc ravg:  0.90000 |
|epoch:  24 | lr: 0.001 |train ent: 0.17386 |train ent ravg: 0.18911 |train acc:  0.93466 |train acc ravg:  0.92216 |val ent: 0.21890 |val entravg: 0.23169 |val acc:  0.89773 |val acc ravg:  0.90000 |
|epoch:  25 | lr: 0.001 |train ent: 0.19663 |train ent ravg: 0.18458 |train acc:  0.91193 |train acc ravg:  0.92500 |val ent: 0.25230 |val entravg: 0.23160 |val acc:  0.87500 |val acc ravg:  0.89773 |
|epoch:  26 | lr: 0.001 |train ent: 0.18113 |train ent ravg: 0.18240 |train acc:  0.92330 |train acc ravg:  0.92557 |val ent: 0.24524 |val entravg: 0.23217 |val acc:  0.90909 |val acc ravg:  0.90000 |
|epoch:  27 | lr: 0.001 |train ent: 0.18612 |train ent ravg: 0.18306 |train acc:  0.93750 |train acc ravg:  0.92727 |val ent: 0.24953 |val entravg: 0.23976 |val acc:  0.88636 |val acc ravg:  0.89545 |
|epoch:  28 | lr: 0.001 |train ent: 0.19769 |train ent ravg: 0.18709 |train acc:  0.92614 |train acc ravg:  0.92670 |val ent: 0.24136 |val entravg: 0.24147 |val acc:  0.90909 |val acc ravg:  0.89545 |
|epoch:  29 | lr: 0.001 |train ent: 0.18341 |train ent ravg: 0.18899 |train acc:  0.93466 |train acc ravg:  0.92670 |val ent: 0.22428 |val entravg: 0.24254 |val acc:  0.89773 |val acc ravg:  0.89545 |
|epoch:  30 | lr: 0.000 |train ent: 0.21805 |train ent ravg: 0.19328 |train acc:  0.90909 |train acc ravg:  0.92614 |val ent: 0.25260 |val entravg: 0.24260 |val acc:  0.89773 |val acc ravg:  0.90000 |
|epoch:  31 | lr: 0.000 |train ent: 0.18612 |train ent ravg: 0.19428 |train acc:  0.92330 |train acc ravg:  0.92614 |val ent: 0.25417 |val entravg: 0.24439 |val acc:  0.88636 |val acc ravg:  0.89545 |
|epoch:  32 | lr: 0.000 |train ent: 0.15922 |train ent ravg: 0.18890 |train acc:  0.94602 |train acc ravg:  0.92784 |val ent: 0.25548 |val entravg: 0.24558 |val acc:  0.88636 |val acc ravg:  0.89545 |
|epoch:  33 | lr: 0.000 |train ent: 0.20784 |train ent ravg: 0.19093 |train acc:  0.92045 |train acc ravg:  0.92670 |val ent: 0.24329 |val entravg: 0.24596 |val acc:  0.88636 |val acc ravg:  0.89091 |
|epoch:  34 | lr: 0.000 |train ent: 0.16614 |train ent ravg: 0.18747 |train acc:  0.94318 |train acc ravg:  0.92841 |val ent: 0.20085 |val entravg: 0.24128 |val acc:  0.92045 |val acc ravg:  0.89545 |
|epoch:  35 | lr: 0.000 |train ent: 0.21838 |train ent ravg: 0.18754 |train acc:  0.90625 |train acc ravg:  0.92784 |val ent: 0.24543 |val entravg: 0.23984 |val acc:  0.88636 |val acc ravg:  0.89318 |
|epoch:  36 | lr: 0.000 |train ent: 0.18439 |train ent ravg: 0.18719 |train acc:  0.91477 |train acc ravg:  0.92614 |val ent: 0.26009 |val entravg: 0.24103 |val acc:  0.88636 |val acc ravg:  0.89318 |
|epoch:  37 | lr: 0.000 |train ent: 0.19003 |train ent ravg: 0.19335 |train acc:  0.92330 |train acc ravg:  0.92159 |val ent: 0.25290 |val entravg: 0.24051 |val acc:  0.89773 |val acc ravg:  0.89545 |
|epoch:  38 | lr: 0.000 |train ent: 0.20088 |train ent ravg: 0.19196 |train acc:  0.93466 |train acc ravg:  0.92443 |val ent: 0.22572 |val entravg: 0.23700 |val acc:  0.90909 |val acc ravg:  0.90000 |
|epoch:  39 | lr: 0.000 |train ent: 0.18169 |train ent ravg: 0.19508 |train acc:  0.92898 |train acc ravg:  0.92159 |val ent: 0.18853 |val entravg: 0.23453 |val acc:  0.90909 |val acc ravg:  0.89773 |
|epoch:  40 | lr: 0.000 |train ent: 0.22244 |train ent ravg: 0.19589 |train acc:  0.92045 |train acc ravg:  0.92443 |val ent: 0.23980 |val entravg: 0.23341 |val acc:  0.88636 |val acc ravg:  0.89773 |
|epoch:  41 | lr: 0.000 |train ent: 0.16745 |train ent ravg: 0.19250 |train acc:  0.93750 |train acc ravg:  0.92898 |val ent: 0.20829 |val entravg: 0.22305 |val acc:  0.90909 |val acc ravg:  0.90227 |
|epoch:  42 | lr: 0.000 |train ent: 0.17112 |train ent ravg: 0.18872 |train acc:  0.93182 |train acc ravg:  0.93068 |val ent: 0.25189 |val entravg: 0.22285 |val acc:  0.89773 |val acc ravg:  0.90227 |
|epoch:  43 | lr: 0.000 |train ent: 0.21730 |train ent ravg: 0.19200 |train acc:  0.90341 |train acc ravg:  0.92443 |val ent: 0.23817 |val entravg: 0.22534 |val acc:  0.89773 |val acc ravg:  0.90000 |
|epoch:  44 | lr: 0.000 |train ent: 0.19746 |train ent ravg: 0.19515 |train acc:  0.91761 |train acc ravg:  0.92216 |val ent: 0.24132 |val entravg: 0.23589 |val acc:  0.89773 |val acc ravg:  0.89773 |
|epoch:  45 | lr: 0.000 |train ent: 0.21365 |train ent ravg: 0.19340 |train acc:  0.92330 |train acc ravg:  0.92273 |val ent: 0.24813 |val entravg: 0.23756 |val acc:  0.89773 |val acc ravg:  0.90000 |
|epoch:  46 | lr: 0.000 |train ent: 0.19201 |train ent ravg: 0.19831 |train acc:  0.91477 |train acc ravg:  0.91818 |val ent: 0.23074 |val entravg: 0.24205 |val acc:  0.89773 |val acc ravg:  0.89773 |
|epoch:  47 | lr: 0.000 |train ent: 0.19618 |train ent ravg: 0.20332 |train acc:  0.91761 |train acc ravg:  0.91534 |val ent: 0.23271 |val entravg: 0.23821 |val acc:  0.89773 |val acc ravg:  0.89773 |
|epoch:  48 | lr: 0.000 |train ent: 0.16967 |train ent ravg: 0.19379 |train acc:  0.94318 |train acc ravg:  0.92330 |val ent: 0.25218 |val entravg: 0.24102 |val acc:  0.90909 |val acc ravg:  0.90000 |
|epoch:  49 | lr: 0.000 |train ent: 0.19330 |train ent ravg: 0.19296 |train acc:  0.94034 |train acc ravg:  0.92784 |val ent: 0.25739 |val entravg: 0.24423 |val acc:  0.89773 |val acc ravg:  0.90000 |
----------------------------------------------------------------------------------------------------------------------------------------------------------------
Finished:  2021-03-22 12:16:34.293419

Correlation between train loss and evaluation: -0.807

----------------------------------------------------------------------------------------------------------------------------------------------------------------
Save configfile.
------------------------------------------------
Finished at: Mon Mar 22 12:16:35 GMT 2021
------------------------------------------------
