------------------------------------------------
Job ID: 38586954
Run on host: compg026.hpc.in.bmrc.ox.ac.uk
Operating system: Linux
Username: lhw539
Started at: Thu Mar 4 01:57:02 GMT 2021
------------------------------------------------
Loading ABIDE train data.
Loading ABIDE   val data.
Load model for age - run: 4
Number of GPUs:  2

Full model is being tested with weights loaded from pre-trained model.
Start:  2021-03-04 01:57:07.763204
----------------------------------------------------------------------------------------------------------------------------------------------------------------
test kld mean: 0.08796 | test kld std: nan |test mae mean:  38.57114 |test mae std:  nan |
----------------------------------------------------------------------------------------------------------------------------------------------------------------
Finished:  2021-03-04 01:57:27.766377

----------------------------------------------------------------------------------------------------------------------------------------------------------------
------------------------------------------------
Finished at: Thu Mar 4 01:57:28 GMT 2021
------------------------------------------------
