------------------------------------------------
Job ID: 
Run on host: win000.hpc.in.bmrc.ox.ac.uk
Operating system: Linux
Username: lhw539
Started at: Sun Mar 7 15:59:19 GMT 2021
------------------------------------------------
Loading ABIDE train data.
Loading ABIDE   val data.
----------------------------------------------------------------------------
Batch:  300 || L1 share: 0.7000 || Reg: 5.0000 || Feat:   60
Apply incremental PCA on data.
300
Transform data matrix of shape:  torch.Size([300, 4915200])
269
Transform data matrix of shape:  torch.Size([269, 4915200])
MAE of ElasticNet:  2.983604986110353
MAE on valid when valid mean is predicted:  4.217556
----------------------------------------------------------------------------
Batch:  300 || L1 share: 0.7000 || Reg: 5.0000 || Feat:   70
Apply incremental PCA on data.
300
Transform data matrix of shape:  torch.Size([300, 4915200])
269
Transform data matrix of shape:  torch.Size([269, 4915200])
MAE of ElasticNet:  3.3295072432688246
MAE on valid when valid mean is predicted:  4.2175565
----------------------------------------------------------------------------
Batch:  300 || L1 share: 0.7000 || Reg: 5.0000 || Feat:   80
Apply incremental PCA on data.
300
Transform data matrix of shape:  torch.Size([300, 4915200])
269
Transform data matrix of shape:  torch.Size([269, 4915200])
MAE of ElasticNet:  4.124772422470443
MAE on valid when valid mean is predicted:  4.2175565
----------------------------------------------------------------------------
Batch:  300 || L1 share: 0.7000 || Reg: 5.0000 || Feat:   90
Apply incremental PCA on data.
300
Transform data matrix of shape:  torch.Size([300, 4915200])
269
Transform data matrix of shape:  torch.Size([269, 4915200])
MAE of ElasticNet:  3.6352363966615573
MAE on valid when valid mean is predicted:  4.2175565
----------------------------------------------------------------------------
Batch:  300 || L1 share: 0.7000 || Reg: 5.0000 || Feat:  120
Apply incremental PCA on data.
300
Transform data matrix of shape:  torch.Size([300, 4915200])
269
Transform data matrix of shape:  torch.Size([269, 4915200])
MAE of ElasticNet:  3.648341156267592
MAE on valid when valid mean is predicted:  4.217556
----------------------------------------------------------------------------
Batch:  300 || L1 share: 0.7000 || Reg: 5.0000 || Feat:  140
Apply incremental PCA on data.
300
Transform data matrix of shape:  torch.Size([300, 4915200])
269
Transform data matrix of shape:  torch.Size([269, 4915200])
MAE of ElasticNet:  3.5696391475784504
MAE on valid when valid mean is predicted:  4.2175565
----------------------------------------------------------------------------
Batch:  300 || L1 share: 0.7000 || Reg: 7.5000 || Feat:   60
Apply incremental PCA on data.
300
Transform data matrix of shape:  torch.Size([300, 4915200])
269
Transform data matrix of shape:  torch.Size([269, 4915200])
MAE of ElasticNet:  3.453195173700434
MAE on valid when valid mean is predicted:  4.2175565
----------------------------------------------------------------------------
Batch:  300 || L1 share: 0.7000 || Reg: 7.5000 || Feat:   70
Apply incremental PCA on data.
300
Transform data matrix of shape:  torch.Size([300, 4915200])
269
Transform data matrix of shape:  torch.Size([269, 4915200])
MAE of ElasticNet:  2.923966018336369
MAE on valid when valid mean is predicted:  4.2175565
----------------------------------------------------------------------------
Batch:  300 || L1 share: 0.7000 || Reg: 7.5000 || Feat:   80
Apply incremental PCA on data.
300
Transform data matrix of shape:  torch.Size([300, 4915200])
269
Transform data matrix of shape:  torch.Size([269, 4915200])
MAE of ElasticNet:  2.984868477564721
MAE on valid when valid mean is predicted:  4.2175565
----------------------------------------------------------------------------
Batch:  300 || L1 share: 0.7000 || Reg: 7.5000 || Feat:   90
Apply incremental PCA on data.
300
Transform data matrix of shape:  torch.Size([300, 4915200])
269
Transform data matrix of shape:  torch.Size([269, 4915200])
MAE of ElasticNet:  3.5857677765225584
MAE on valid when valid mean is predicted:  4.2175565
----------------------------------------------------------------------------
Batch:  300 || L1 share: 0.7000 || Reg: 7.5000 || Feat:  120
Apply incremental PCA on data.
300
Transform data matrix of shape:  torch.Size([300, 4915200])
269
Transform data matrix of shape:  torch.Size([269, 4915200])
MAE of ElasticNet:  4.0047083543102175
MAE on valid when valid mean is predicted:  4.2175565
----------------------------------------------------------------------------
Batch:  300 || L1 share: 0.7000 || Reg: 7.5000 || Feat:  140
Apply incremental PCA on data.
300
Transform data matrix of shape:  torch.Size([300, 4915200])
269
Transform data matrix of shape:  torch.Size([269, 4915200])
MAE of ElasticNet:  3.1054692954215266
MAE on valid when valid mean is predicted:  4.2175565
----------------------------------------------------------------------------
Batch:  300 || L1 share: 0.7000 || Reg: 10.0000 || Feat:   60
Apply incremental PCA on data.
300
Transform data matrix of shape:  torch.Size([300, 4915200])
269
Transform data matrix of shape:  torch.Size([269, 4915200])
MAE of ElasticNet:  3.6013030330230213
MAE on valid when valid mean is predicted:  4.2175565
----------------------------------------------------------------------------
Batch:  300 || L1 share: 0.7000 || Reg: 10.0000 || Feat:   70
Apply incremental PCA on data.
300
Transform data matrix of shape:  torch.Size([300, 4915200])
269
Transform data matrix of shape:  torch.Size([269, 4915200])
MAE of ElasticNet:  2.775341461642081
MAE on valid when valid mean is predicted:  4.2175565
----------------------------------------------------------------------------
Batch:  300 || L1 share: 0.7000 || Reg: 10.0000 || Feat:   80
Apply incremental PCA on data.
300
Transform data matrix of shape:  torch.Size([300, 4915200])
269
Transform data matrix of shape:  torch.Size([269, 4915200])
MAE of ElasticNet:  2.721039065506631
MAE on valid when valid mean is predicted:  4.2175565
----------------------------------------------------------------------------
Batch:  300 || L1 share: 0.7000 || Reg: 10.0000 || Feat:   90
Apply incremental PCA on data.
300
Transform data matrix of shape:  torch.Size([300, 4915200])
269
Transform data matrix of shape:  torch.Size([269, 4915200])
MAE of ElasticNet:  3.2035043338097333
MAE on valid when valid mean is predicted:  4.2175565
----------------------------------------------------------------------------
Batch:  300 || L1 share: 0.7000 || Reg: 10.0000 || Feat:  120
Apply incremental PCA on data.
300
Transform data matrix of shape:  torch.Size([300, 4915200])
269
Transform data matrix of shape:  torch.Size([269, 4915200])
MAE of ElasticNet:  3.757916651707331
MAE on valid when valid mean is predicted:  4.2175565
----------------------------------------------------------------------------
Batch:  300 || L1 share: 0.7000 || Reg: 10.0000 || Feat:  140
Apply incremental PCA on data.
300
Transform data matrix of shape:  torch.Size([300, 4915200])
269
Transform data matrix of shape:  torch.Size([269, 4915200])
MAE of ElasticNet:  3.7346719347177117
MAE on valid when valid mean is predicted:  4.2175565
----------------------------------------------------------------------------
Batch:  300 || L1 share: 0.7000 || Reg: 12.0000 || Feat:   60
Apply incremental PCA on data.
300
Transform data matrix of shape:  torch.Size([300, 4915200])
269
Transform data matrix of shape:  torch.Size([269, 4915200])
MAE of ElasticNet:  2.9143844352459487
MAE on valid when valid mean is predicted:  4.2175565
----------------------------------------------------------------------------
Batch:  300 || L1 share: 0.7000 || Reg: 12.0000 || Feat:   70
Apply incremental PCA on data.
300
Transform data matrix of shape:  torch.Size([300, 4915200])
269
Transform data matrix of shape:  torch.Size([269, 4915200])
MAE of ElasticNet:  2.881338031490165
MAE on valid when valid mean is predicted:  4.217556
----------------------------------------------------------------------------
Batch:  300 || L1 share: 0.7000 || Reg: 12.0000 || Feat:   80
Apply incremental PCA on data.
300
Transform data matrix of shape:  torch.Size([300, 4915200])
269
Transform data matrix of shape:  torch.Size([269, 4915200])
MAE of ElasticNet:  2.8782429757511028
MAE on valid when valid mean is predicted:  4.2175565
----------------------------------------------------------------------------
Batch:  300 || L1 share: 0.7000 || Reg: 12.0000 || Feat:   90
Apply incremental PCA on data.
300
Transform data matrix of shape:  torch.Size([300, 4915200])
269
Transform data matrix of shape:  torch.Size([269, 4915200])
MAE of ElasticNet:  2.9632175670645036
MAE on valid when valid mean is predicted:  4.2175565
----------------------------------------------------------------------------
Batch:  300 || L1 share: 0.7000 || Reg: 12.0000 || Feat:  120
Apply incremental PCA on data.
300
Transform data matrix of shape:  torch.Size([300, 4915200])
269
Transform data matrix of shape:  torch.Size([269, 4915200])
MAE of ElasticNet:  3.840681923869162
MAE on valid when valid mean is predicted:  4.2175565
----------------------------------------------------------------------------
Batch:  300 || L1 share: 0.7000 || Reg: 12.0000 || Feat:  140
Apply incremental PCA on data.
300
Transform data matrix of shape:  torch.Size([300, 4915200])
269
Transform data matrix of shape:  torch.Size([269, 4915200])
MAE of ElasticNet:  2.9922747772329474
MAE on valid when valid mean is predicted:  4.2175565
----------------------------------------------------------------------------
Batch:  300 || L1 share: 0.7000 || Reg: 15.0000 || Feat:   60
Apply incremental PCA on data.
300
Transform data matrix of shape:  torch.Size([300, 4915200])
269
Transform data matrix of shape:  torch.Size([269, 4915200])
MAE of ElasticNet:  3.6808217005471153
MAE on valid when valid mean is predicted:  4.2175565
----------------------------------------------------------------------------
Batch:  300 || L1 share: 0.7000 || Reg: 15.0000 || Feat:   70
Apply incremental PCA on data.
300
Transform data matrix of shape:  torch.Size([300, 4915200])
269
Transform data matrix of shape:  torch.Size([269, 4915200])
MAE of ElasticNet:  2.749368346616698
MAE on valid when valid mean is predicted:  4.2175565
----------------------------------------------------------------------------
Batch:  300 || L1 share: 0.7000 || Reg: 15.0000 || Feat:   80
Apply incremental PCA on data.
300
Transform data matrix of shape:  torch.Size([300, 4915200])
269
Transform data matrix of shape:  torch.Size([269, 4915200])
MAE of ElasticNet:  2.8603626572676597
MAE on valid when valid mean is predicted:  4.2175565
----------------------------------------------------------------------------
Batch:  300 || L1 share: 0.7000 || Reg: 15.0000 || Feat:   90
Apply incremental PCA on data.
300
Transform data matrix of shape:  torch.Size([300, 4915200])
269
Transform data matrix of shape:  torch.Size([269, 4915200])
MAE of ElasticNet:  3.858549150555636
MAE on valid when valid mean is predicted:  4.2175565
----------------------------------------------------------------------------
Batch:  300 || L1 share: 0.7000 || Reg: 15.0000 || Feat:  120
Apply incremental PCA on data.
300
Transform data matrix of shape:  torch.Size([300, 4915200])
269
Transform data matrix of shape:  torch.Size([269, 4915200])
MAE of ElasticNet:  3.856181680816337
MAE on valid when valid mean is predicted:  4.2175565
----------------------------------------------------------------------------
Batch:  300 || L1 share: 0.7000 || Reg: 15.0000 || Feat:  140
Apply incremental PCA on data.
300
Transform data matrix of shape:  torch.Size([300, 4915200])
269
Transform data matrix of shape:  torch.Size([269, 4915200])
MAE of ElasticNet:  4.055268401305184
MAE on valid when valid mean is predicted:  4.2175565
----------------------------------------------------------------------------
Batch:  300 || L1 share: 0.7000 || Reg: 20.0000 || Feat:   60
Apply incremental PCA on data.
300
Transform data matrix of shape:  torch.Size([300, 4915200])
269
Transform data matrix of shape:  torch.Size([269, 4915200])
MAE of ElasticNet:  3.658018765236422
MAE on valid when valid mean is predicted:  4.2175565
----------------------------------------------------------------------------
Batch:  300 || L1 share: 0.7000 || Reg: 20.0000 || Feat:   70
Apply incremental PCA on data.
300
Transform data matrix of shape:  torch.Size([300, 4915200])
269
Transform data matrix of shape:  torch.Size([269, 4915200])
MAE of ElasticNet:  3.765577801340237
MAE on valid when valid mean is predicted:  4.217556
----------------------------------------------------------------------------
Batch:  300 || L1 share: 0.7000 || Reg: 20.0000 || Feat:   80
Apply incremental PCA on data.
300
Transform data matrix of shape:  torch.Size([300, 4915200])
269
Transform data matrix of shape:  torch.Size([269, 4915200])
MAE of ElasticNet:  3.062059106168651
MAE on valid when valid mean is predicted:  4.2175565
----------------------------------------------------------------------------
Batch:  300 || L1 share: 0.7000 || Reg: 20.0000 || Feat:   90
Apply incremental PCA on data.
300
Transform data matrix of shape:  torch.Size([300, 4915200])
269
Transform data matrix of shape:  torch.Size([269, 4915200])
MAE of ElasticNet:  3.8172953973147297
MAE on valid when valid mean is predicted:  4.2175565
----------------------------------------------------------------------------
Batch:  300 || L1 share: 0.7000 || Reg: 20.0000 || Feat:  120
Apply incremental PCA on data.
300
Transform data matrix of shape:  torch.Size([300, 4915200])
269
Transform data matrix of shape:  torch.Size([269, 4915200])
MAE of ElasticNet:  3.1264038986871387
MAE on valid when valid mean is predicted:  4.2175565
----------------------------------------------------------------------------
Batch:  300 || L1 share: 0.7000 || Reg: 20.0000 || Feat:  140
Apply incremental PCA on data.
300
Transform data matrix of shape:  torch.Size([300, 4915200])
269
Transform data matrix of shape:  torch.Size([269, 4915200])
MAE of ElasticNet:  3.3916586430851603
MAE on valid when valid mean is predicted:  4.217556
----------------------------------------------------------------------------
Batch:  300 || L1 share: 0.7000 || Reg: 40.0000 || Feat:   60
Apply incremental PCA on data.
300
Transform data matrix of shape:  torch.Size([300, 4915200])
269
Transform data matrix of shape:  torch.Size([269, 4915200])
MAE of ElasticNet:  3.8138441682348994
MAE on valid when valid mean is predicted:  4.2175565
----------------------------------------------------------------------------
Batch:  300 || L1 share: 0.7000 || Reg: 40.0000 || Feat:   70
Apply incremental PCA on data.
300
Transform data matrix of shape:  torch.Size([300, 4915200])
269
Transform data matrix of shape:  torch.Size([269, 4915200])
MAE of ElasticNet:  3.949151950826639
MAE on valid when valid mean is predicted:  4.2175565
----------------------------------------------------------------------------
Batch:  300 || L1 share: 0.7000 || Reg: 40.0000 || Feat:   80
Apply incremental PCA on data.
300
Transform data matrix of shape:  torch.Size([300, 4915200])
269
Transform data matrix of shape:  torch.Size([269, 4915200])
MAE of ElasticNet:  3.967364951510398
MAE on valid when valid mean is predicted:  4.2175565
----------------------------------------------------------------------------
Batch:  300 || L1 share: 0.7000 || Reg: 40.0000 || Feat:   90
Apply incremental PCA on data.
300
Transform data matrix of shape:  torch.Size([300, 4915200])
269
Transform data matrix of shape:  torch.Size([269, 4915200])
MAE of ElasticNet:  3.791298486065474
MAE on valid when valid mean is predicted:  4.217556
----------------------------------------------------------------------------
Batch:  300 || L1 share: 0.7000 || Reg: 40.0000 || Feat:  120
Apply incremental PCA on data.
300
Transform data matrix of shape:  torch.Size([300, 4915200])
269
Transform data matrix of shape:  torch.Size([269, 4915200])
MAE of ElasticNet:  3.8153165776704174
MAE on valid when valid mean is predicted:  4.2175565
----------------------------------------------------------------------------
Batch:  300 || L1 share: 0.7000 || Reg: 40.0000 || Feat:  140
Apply incremental PCA on data.
300
Transform data matrix of shape:  torch.Size([300, 4915200])
269
Transform data matrix of shape:  torch.Size([269, 4915200])
MAE of ElasticNet:  3.8336599462007213
MAE on valid when valid mean is predicted:  4.2175565
----------------------------------------------------------------------------
Batch:  300 || L1 share: 0.8000 || Reg: 5.0000 || Feat:   60
Apply incremental PCA on data.
300
Transform data matrix of shape:  torch.Size([300, 4915200])
269
Transform data matrix of shape:  torch.Size([269, 4915200])
MAE of ElasticNet:  3.949642295266357
MAE on valid when valid mean is predicted:  4.2175565
----------------------------------------------------------------------------
Batch:  300 || L1 share: 0.8000 || Reg: 5.0000 || Feat:   70
Apply incremental PCA on data.
300
Transform data matrix of shape:  torch.Size([300, 4915200])
269
Transform data matrix of shape:  torch.Size([269, 4915200])
MAE of ElasticNet:  3.6477975455112506
MAE on valid when valid mean is predicted:  4.2175565
----------------------------------------------------------------------------
Batch:  300 || L1 share: 0.8000 || Reg: 5.0000 || Feat:   80
Apply incremental PCA on data.
300
Transform data matrix of shape:  torch.Size([300, 4915200])
269
Transform data matrix of shape:  torch.Size([269, 4915200])
MAE of ElasticNet:  3.6249384350578904
MAE on valid when valid mean is predicted:  4.217556
----------------------------------------------------------------------------
Batch:  300 || L1 share: 0.8000 || Reg: 5.0000 || Feat:   90
Apply incremental PCA on data.
300
Transform data matrix of shape:  torch.Size([300, 4915200])
269
Transform data matrix of shape:  torch.Size([269, 4915200])
MAE of ElasticNet:  3.777724470947543
MAE on valid when valid mean is predicted:  4.2175565
----------------------------------------------------------------------------
Batch:  300 || L1 share: 0.8000 || Reg: 5.0000 || Feat:  120
Apply incremental PCA on data.
300
Transform data matrix of shape:  torch.Size([300, 4915200])
269
Transform data matrix of shape:  torch.Size([269, 4915200])
MAE of ElasticNet:  3.0603212413157705
MAE on valid when valid mean is predicted:  4.217556
----------------------------------------------------------------------------
Batch:  300 || L1 share: 0.8000 || Reg: 5.0000 || Feat:  140
Apply incremental PCA on data.
300
Transform data matrix of shape:  torch.Size([300, 4915200])
269
Transform data matrix of shape:  torch.Size([269, 4915200])
MAE of ElasticNet:  2.9209817800520224
MAE on valid when valid mean is predicted:  4.2175565
----------------------------------------------------------------------------
Batch:  300 || L1 share: 0.8000 || Reg: 7.5000 || Feat:   60
Apply incremental PCA on data.
300
Transform data matrix of shape:  torch.Size([300, 4915200])
269
Transform data matrix of shape:  torch.Size([269, 4915200])
MAE of ElasticNet:  3.0208627338031344
MAE on valid when valid mean is predicted:  4.2175565
----------------------------------------------------------------------------
Batch:  300 || L1 share: 0.8000 || Reg: 7.5000 || Feat:   70
Apply incremental PCA on data.
300
Transform data matrix of shape:  torch.Size([300, 4915200])
269
Transform data matrix of shape:  torch.Size([269, 4915200])
MAE of ElasticNet:  3.451407628043517
MAE on valid when valid mean is predicted:  4.217556
----------------------------------------------------------------------------
Batch:  300 || L1 share: 0.8000 || Reg: 7.5000 || Feat:   80
Apply incremental PCA on data.
300
Transform data matrix of shape:  torch.Size([300, 4915200])
269
Transform data matrix of shape:  torch.Size([269, 4915200])
MAE of ElasticNet:  4.095856430887933
MAE on valid when valid mean is predicted:  4.2175565
----------------------------------------------------------------------------
Batch:  300 || L1 share: 0.8000 || Reg: 7.5000 || Feat:   90
Apply incremental PCA on data.
300
Transform data matrix of shape:  torch.Size([300, 4915200])
269
Transform data matrix of shape:  torch.Size([269, 4915200])
MAE of ElasticNet:  4.125711805803582
MAE on valid when valid mean is predicted:  4.2175565
----------------------------------------------------------------------------
Batch:  300 || L1 share: 0.8000 || Reg: 7.5000 || Feat:  120
Apply incremental PCA on data.
300
Transform data matrix of shape:  torch.Size([300, 4915200])
269
Transform data matrix of shape:  torch.Size([269, 4915200])
MAE of ElasticNet:  4.240762256349896
MAE on valid when valid mean is predicted:  4.2175565
----------------------------------------------------------------------------
Batch:  300 || L1 share: 0.8000 || Reg: 7.5000 || Feat:  140
Apply incremental PCA on data.
300
Transform data matrix of shape:  torch.Size([300, 4915200])
269
Transform data matrix of shape:  torch.Size([269, 4915200])
MAE of ElasticNet:  3.044256600966458
MAE on valid when valid mean is predicted:  4.2175565
----------------------------------------------------------------------------
Batch:  300 || L1 share: 0.8000 || Reg: 10.0000 || Feat:   60
Apply incremental PCA on data.
300
Transform data matrix of shape:  torch.Size([300, 4915200])
269
Transform data matrix of shape:  torch.Size([269, 4915200])
MAE of ElasticNet:  2.928934859176448
MAE on valid when valid mean is predicted:  4.2175565
----------------------------------------------------------------------------
Batch:  300 || L1 share: 0.8000 || Reg: 10.0000 || Feat:   70
Apply incremental PCA on data.
300
Transform data matrix of shape:  torch.Size([300, 4915200])
269
Transform data matrix of shape:  torch.Size([269, 4915200])
MAE of ElasticNet:  4.029488865570841
MAE on valid when valid mean is predicted:  4.2175565
----------------------------------------------------------------------------
Batch:  300 || L1 share: 0.8000 || Reg: 10.0000 || Feat:   80
Apply incremental PCA on data.
300
Transform data matrix of shape:  torch.Size([300, 4915200])
269
Transform data matrix of shape:  torch.Size([269, 4915200])
MAE of ElasticNet:  2.8152216533983405
MAE on valid when valid mean is predicted:  4.2175565
----------------------------------------------------------------------------
Batch:  300 || L1 share: 0.8000 || Reg: 10.0000 || Feat:   90
Apply incremental PCA on data.
300
Transform data matrix of shape:  torch.Size([300, 4915200])
269
Transform data matrix of shape:  torch.Size([269, 4915200])
MAE of ElasticNet:  4.065485810653616
MAE on valid when valid mean is predicted:  4.2175565
----------------------------------------------------------------------------
Batch:  300 || L1 share: 0.8000 || Reg: 10.0000 || Feat:  120
Apply incremental PCA on data.
300
Transform data matrix of shape:  torch.Size([300, 4915200])
269
Transform data matrix of shape:  torch.Size([269, 4915200])
MAE of ElasticNet:  2.719123514980376
MAE on valid when valid mean is predicted:  4.2175555
----------------------------------------------------------------------------
Batch:  300 || L1 share: 0.8000 || Reg: 10.0000 || Feat:  140
Apply incremental PCA on data.
300
Transform data matrix of shape:  torch.Size([300, 4915200])
269
Transform data matrix of shape:  torch.Size([269, 4915200])
MAE of ElasticNet:  3.663574149485917
MAE on valid when valid mean is predicted:  4.2175565
----------------------------------------------------------------------------
Batch:  300 || L1 share: 0.8000 || Reg: 12.0000 || Feat:   60
Apply incremental PCA on data.
300
Transform data matrix of shape:  torch.Size([300, 4915200])
269
Transform data matrix of shape:  torch.Size([269, 4915200])
MAE of ElasticNet:  3.2172753632177225
MAE on valid when valid mean is predicted:  4.2175565
----------------------------------------------------------------------------
Batch:  300 || L1 share: 0.8000 || Reg: 12.0000 || Feat:   70
Apply incremental PCA on data.
300
Transform data matrix of shape:  torch.Size([300, 4915200])
269
Transform data matrix of shape:  torch.Size([269, 4915200])
MAE of ElasticNet:  4.231556875470631
MAE on valid when valid mean is predicted:  4.2175565
----------------------------------------------------------------------------
Batch:  300 || L1 share: 0.8000 || Reg: 12.0000 || Feat:   80
Apply incremental PCA on data.
300
Transform data matrix of shape:  torch.Size([300, 4915200])
269
Transform data matrix of shape:  torch.Size([269, 4915200])
MAE of ElasticNet:  3.3971002676998494
MAE on valid when valid mean is predicted:  4.2175565
----------------------------------------------------------------------------
Batch:  300 || L1 share: 0.8000 || Reg: 12.0000 || Feat:   90
Apply incremental PCA on data.
300
Transform data matrix of shape:  torch.Size([300, 4915200])
269
Transform data matrix of shape:  torch.Size([269, 4915200])
MAE of ElasticNet:  2.9834197567826126
MAE on valid when valid mean is predicted:  4.217556
----------------------------------------------------------------------------
Batch:  300 || L1 share: 0.8000 || Reg: 12.0000 || Feat:  120
Apply incremental PCA on data.
300
Transform data matrix of shape:  torch.Size([300, 4915200])
269
Transform data matrix of shape:  torch.Size([269, 4915200])
MAE of ElasticNet:  3.3645575450779686
MAE on valid when valid mean is predicted:  4.2175565
----------------------------------------------------------------------------
Batch:  300 || L1 share: 0.8000 || Reg: 12.0000 || Feat:  140
Apply incremental PCA on data.
300
Transform data matrix of shape:  torch.Size([300, 4915200])
269
Transform data matrix of shape:  torch.Size([269, 4915200])
MAE of ElasticNet:  3.5160670330573125
MAE on valid when valid mean is predicted:  4.2175565
----------------------------------------------------------------------------
Batch:  300 || L1 share: 0.8000 || Reg: 15.0000 || Feat:   60
Apply incremental PCA on data.
300
Transform data matrix of shape:  torch.Size([300, 4915200])
269
Transform data matrix of shape:  torch.Size([269, 4915200])
MAE of ElasticNet:  2.9598156245069336
MAE on valid when valid mean is predicted:  4.2175565
----------------------------------------------------------------------------
Batch:  300 || L1 share: 0.8000 || Reg: 15.0000 || Feat:   70
Apply incremental PCA on data.
300
Transform data matrix of shape:  torch.Size([300, 4915200])
269
Transform data matrix of shape:  torch.Size([269, 4915200])
MAE of ElasticNet:  4.267932981148101
MAE on valid when valid mean is predicted:  4.2175565
----------------------------------------------------------------------------
Batch:  300 || L1 share: 0.8000 || Reg: 15.0000 || Feat:   80
Apply incremental PCA on data.
300
Transform data matrix of shape:  torch.Size([300, 4915200])
269
Transform data matrix of shape:  torch.Size([269, 4915200])
MAE of ElasticNet:  3.769859103954063
MAE on valid when valid mean is predicted:  4.2175565
----------------------------------------------------------------------------
Batch:  300 || L1 share: 0.8000 || Reg: 15.0000 || Feat:   90
Apply incremental PCA on data.
300
Transform data matrix of shape:  torch.Size([300, 4915200])
269
Transform data matrix of shape:  torch.Size([269, 4915200])
MAE of ElasticNet:  4.003914594760853
MAE on valid when valid mean is predicted:  4.2175565
----------------------------------------------------------------------------
Batch:  300 || L1 share: 0.8000 || Reg: 15.0000 || Feat:  120
Apply incremental PCA on data.
300
Transform data matrix of shape:  torch.Size([300, 4915200])
269
Transform data matrix of shape:  torch.Size([269, 4915200])
MAE of ElasticNet:  3.997571294002314
MAE on valid when valid mean is predicted:  4.2175555
----------------------------------------------------------------------------
Batch:  300 || L1 share: 0.8000 || Reg: 15.0000 || Feat:  140
Apply incremental PCA on data.
300
Transform data matrix of shape:  torch.Size([300, 4915200])
269
Transform data matrix of shape:  torch.Size([269, 4915200])
MAE of ElasticNet:  3.4036589905559853
MAE on valid when valid mean is predicted:  4.2175565
----------------------------------------------------------------------------
Batch:  300 || L1 share: 0.8000 || Reg: 20.0000 || Feat:   60
Apply incremental PCA on data.
300
Transform data matrix of shape:  torch.Size([300, 4915200])
269
Transform data matrix of shape:  torch.Size([269, 4915200])
MAE of ElasticNet:  3.0962703734121346
MAE on valid when valid mean is predicted:  4.2175565
----------------------------------------------------------------------------
Batch:  300 || L1 share: 0.8000 || Reg: 20.0000 || Feat:   70
Apply incremental PCA on data.
300
Transform data matrix of shape:  torch.Size([300, 4915200])
269
Transform data matrix of shape:  torch.Size([269, 4915200])
MAE of ElasticNet:  2.9655815223024113
MAE on valid when valid mean is predicted:  4.2175565
----------------------------------------------------------------------------
Batch:  300 || L1 share: 0.8000 || Reg: 20.0000 || Feat:   80
Apply incremental PCA on data.
300
Transform data matrix of shape:  torch.Size([300, 4915200])
269
Transform data matrix of shape:  torch.Size([269, 4915200])
MAE of ElasticNet:  2.79706985682627
MAE on valid when valid mean is predicted:  4.2175565
----------------------------------------------------------------------------
Batch:  300 || L1 share: 0.8000 || Reg: 20.0000 || Feat:   90
Apply incremental PCA on data.
300
Transform data matrix of shape:  torch.Size([300, 4915200])
269
Transform data matrix of shape:  torch.Size([269, 4915200])
MAE of ElasticNet:  3.083553670097999
MAE on valid when valid mean is predicted:  4.217556
----------------------------------------------------------------------------
Batch:  300 || L1 share: 0.8000 || Reg: 20.0000 || Feat:  120
Apply incremental PCA on data.
300
Transform data matrix of shape:  torch.Size([300, 4915200])
269
Transform data matrix of shape:  torch.Size([269, 4915200])
MAE of ElasticNet:  3.0886303460138165
MAE on valid when valid mean is predicted:  4.2175565
----------------------------------------------------------------------------
Batch:  300 || L1 share: 0.8000 || Reg: 20.0000 || Feat:  140
Apply incremental PCA on data.
300
Transform data matrix of shape:  torch.Size([300, 4915200])
269
Transform data matrix of shape:  torch.Size([269, 4915200])
MAE of ElasticNet:  3.2118756636915617
MAE on valid when valid mean is predicted:  4.217556
----------------------------------------------------------------------------
Batch:  300 || L1 share: 0.8000 || Reg: 40.0000 || Feat:   60
Apply incremental PCA on data.
300
Transform data matrix of shape:  torch.Size([300, 4915200])
269
Transform data matrix of shape:  torch.Size([269, 4915200])
MAE of ElasticNet:  3.745385509371165
MAE on valid when valid mean is predicted:  4.217556
----------------------------------------------------------------------------
Batch:  300 || L1 share: 0.8000 || Reg: 40.0000 || Feat:   70
Apply incremental PCA on data.
300
Transform data matrix of shape:  torch.Size([300, 4915200])
269
Transform data matrix of shape:  torch.Size([269, 4915200])
MAE of ElasticNet:  3.7402202967439693
MAE on valid when valid mean is predicted:  4.217556
----------------------------------------------------------------------------
Batch:  300 || L1 share: 0.8000 || Reg: 40.0000 || Feat:   80
Apply incremental PCA on data.
300
Transform data matrix of shape:  torch.Size([300, 4915200])
269
Transform data matrix of shape:  torch.Size([269, 4915200])
MAE of ElasticNet:  3.0344115699850547
MAE on valid when valid mean is predicted:  4.2175565
----------------------------------------------------------------------------
Batch:  300 || L1 share: 0.8000 || Reg: 40.0000 || Feat:   90
Apply incremental PCA on data.
300
Transform data matrix of shape:  torch.Size([300, 4915200])
269
Transform data matrix of shape:  torch.Size([269, 4915200])
MAE of ElasticNet:  3.918022561829857
MAE on valid when valid mean is predicted:  4.2175565
----------------------------------------------------------------------------
Batch:  300 || L1 share: 0.8000 || Reg: 40.0000 || Feat:  120
Apply incremental PCA on data.
300
Transform data matrix of shape:  torch.Size([300, 4915200])
269
Transform data matrix of shape:  torch.Size([269, 4915200])
MAE of ElasticNet:  3.838118601065351
MAE on valid when valid mean is predicted:  4.2175565
----------------------------------------------------------------------------
Batch:  300 || L1 share: 0.8000 || Reg: 40.0000 || Feat:  140
Apply incremental PCA on data.
300
Transform data matrix of shape:  torch.Size([300, 4915200])
269
Transform data matrix of shape:  torch.Size([269, 4915200])
MAE of ElasticNet:  3.670176990142115
MAE on valid when valid mean is predicted:  4.2175565
----------------------------------------------------------------------------
Batch:  300 || L1 share: 0.8500 || Reg: 5.0000 || Feat:   60
Apply incremental PCA on data.
300
Transform data matrix of shape:  torch.Size([300, 4915200])
269
Transform data matrix of shape:  torch.Size([269, 4915200])
MAE of ElasticNet:  3.023961719103576
MAE on valid when valid mean is predicted:  4.2175565
----------------------------------------------------------------------------
Batch:  300 || L1 share: 0.8500 || Reg: 5.0000 || Feat:   70
Apply incremental PCA on data.
300
Transform data matrix of shape:  torch.Size([300, 4915200])
269
Transform data matrix of shape:  torch.Size([269, 4915200])
MAE of ElasticNet:  2.9922434257733284
MAE on valid when valid mean is predicted:  4.2175565
----------------------------------------------------------------------------
Batch:  300 || L1 share: 0.8500 || Reg: 5.0000 || Feat:   80
Apply incremental PCA on data.
300
Transform data matrix of shape:  torch.Size([300, 4915200])
269
Transform data matrix of shape:  torch.Size([269, 4915200])
MAE of ElasticNet:  3.923995424526818
MAE on valid when valid mean is predicted:  4.2175565
----------------------------------------------------------------------------
Batch:  300 || L1 share: 0.8500 || Reg: 5.0000 || Feat:   90
Apply incremental PCA on data.
300
Transform data matrix of shape:  torch.Size([300, 4915200])
269
Transform data matrix of shape:  torch.Size([269, 4915200])
MAE of ElasticNet:  3.139056111625032
MAE on valid when valid mean is predicted:  4.2175565
----------------------------------------------------------------------------
Batch:  300 || L1 share: 0.8500 || Reg: 5.0000 || Feat:  120
Apply incremental PCA on data.
300
Transform data matrix of shape:  torch.Size([300, 4915200])
269
Transform data matrix of shape:  torch.Size([269, 4915200])
MAE of ElasticNet:  3.0880817273845516
MAE on valid when valid mean is predicted:  4.2175565
----------------------------------------------------------------------------
Batch:  300 || L1 share: 0.8500 || Reg: 5.0000 || Feat:  140
Apply incremental PCA on data.
300
Transform data matrix of shape:  torch.Size([300, 4915200])
269
Transform data matrix of shape:  torch.Size([269, 4915200])
MAE of ElasticNet:  2.811054638024019
MAE on valid when valid mean is predicted:  4.217556
----------------------------------------------------------------------------
Batch:  300 || L1 share: 0.8500 || Reg: 7.5000 || Feat:   60
Apply incremental PCA on data.
300
Transform data matrix of shape:  torch.Size([300, 4915200])
269
Transform data matrix of shape:  torch.Size([269, 4915200])
MAE of ElasticNet:  3.65853790078121
MAE on valid when valid mean is predicted:  4.2175565
----------------------------------------------------------------------------
Batch:  300 || L1 share: 0.8500 || Reg: 7.5000 || Feat:   70
Apply incremental PCA on data.
300
Transform data matrix of shape:  torch.Size([300, 4915200])
269
Transform data matrix of shape:  torch.Size([269, 4915200])
MAE of ElasticNet:  3.5846479215643305
MAE on valid when valid mean is predicted:  4.2175565
----------------------------------------------------------------------------
Batch:  300 || L1 share: 0.8500 || Reg: 7.5000 || Feat:   80
Apply incremental PCA on data.
300
Transform data matrix of shape:  torch.Size([300, 4915200])
269
Transform data matrix of shape:  torch.Size([269, 4915200])
MAE of ElasticNet:  3.5303807802320515
MAE on valid when valid mean is predicted:  4.2175565
----------------------------------------------------------------------------
Batch:  300 || L1 share: 0.8500 || Reg: 7.5000 || Feat:   90
Apply incremental PCA on data.
300
Transform data matrix of shape:  torch.Size([300, 4915200])
269
Transform data matrix of shape:  torch.Size([269, 4915200])
MAE of ElasticNet:  3.8370482387231006
MAE on valid when valid mean is predicted:  4.2175565
----------------------------------------------------------------------------
Batch:  300 || L1 share: 0.8500 || Reg: 7.5000 || Feat:  120
Apply incremental PCA on data.
300
Transform data matrix of shape:  torch.Size([300, 4915200])
269
Transform data matrix of shape:  torch.Size([269, 4915200])
MAE of ElasticNet:  4.0098118302373145
MAE on valid when valid mean is predicted:  4.2175565
----------------------------------------------------------------------------
Batch:  300 || L1 share: 0.8500 || Reg: 7.5000 || Feat:  140
Apply incremental PCA on data.
300
Transform data matrix of shape:  torch.Size([300, 4915200])
269
Transform data matrix of shape:  torch.Size([269, 4915200])
MAE of ElasticNet:  2.927055844382885
MAE on valid when valid mean is predicted:  4.2175565
----------------------------------------------------------------------------
Batch:  300 || L1 share: 0.8500 || Reg: 10.0000 || Feat:   60
Apply incremental PCA on data.
300
Transform data matrix of shape:  torch.Size([300, 4915200])
269
Transform data matrix of shape:  torch.Size([269, 4915200])
MAE of ElasticNet:  3.5013298623125544
MAE on valid when valid mean is predicted:  4.2175565
----------------------------------------------------------------------------
Batch:  300 || L1 share: 0.8500 || Reg: 10.0000 || Feat:   70
Apply incremental PCA on data.
300
Transform data matrix of shape:  torch.Size([300, 4915200])
269
Transform data matrix of shape:  torch.Size([269, 4915200])
MAE of ElasticNet:  2.9528996642421728
MAE on valid when valid mean is predicted:  4.2175565
----------------------------------------------------------------------------
Batch:  300 || L1 share: 0.8500 || Reg: 10.0000 || Feat:   80
Apply incremental PCA on data.
300
Transform data matrix of shape:  torch.Size([300, 4915200])
269
Transform data matrix of shape:  torch.Size([269, 4915200])
MAE of ElasticNet:  3.028879372429979
MAE on valid when valid mean is predicted:  4.2175565
----------------------------------------------------------------------------
Batch:  300 || L1 share: 0.8500 || Reg: 10.0000 || Feat:   90
Apply incremental PCA on data.
300
Transform data matrix of shape:  torch.Size([300, 4915200])
269
Transform data matrix of shape:  torch.Size([269, 4915200])
MAE of ElasticNet:  3.0605778659627907
MAE on valid when valid mean is predicted:  4.2175565
----------------------------------------------------------------------------
Batch:  300 || L1 share: 0.8500 || Reg: 10.0000 || Feat:  120
Apply incremental PCA on data.
300
Transform data matrix of shape:  torch.Size([300, 4915200])
269
Transform data matrix of shape:  torch.Size([269, 4915200])
MAE of ElasticNet:  3.6984889639827907
MAE on valid when valid mean is predicted:  4.217556
----------------------------------------------------------------------------
Batch:  300 || L1 share: 0.8500 || Reg: 10.0000 || Feat:  140
Apply incremental PCA on data.
300
Transform data matrix of shape:  torch.Size([300, 4915200])
269
Transform data matrix of shape:  torch.Size([269, 4915200])
MAE of ElasticNet:  3.958312042676664
MAE on valid when valid mean is predicted:  4.2175565
----------------------------------------------------------------------------
Batch:  300 || L1 share: 0.8500 || Reg: 12.0000 || Feat:   60
Apply incremental PCA on data.
300
Transform data matrix of shape:  torch.Size([300, 4915200])
269
Transform data matrix of shape:  torch.Size([269, 4915200])
MAE of ElasticNet:  3.2689054747044377
MAE on valid when valid mean is predicted:  4.2175565
----------------------------------------------------------------------------
Batch:  300 || L1 share: 0.8500 || Reg: 12.0000 || Feat:   70
Apply incremental PCA on data.
300
Transform data matrix of shape:  torch.Size([300, 4915200])
269
Transform data matrix of shape:  torch.Size([269, 4915200])
MAE of ElasticNet:  3.7687209025347417
MAE on valid when valid mean is predicted:  4.2175565
----------------------------------------------------------------------------
Batch:  300 || L1 share: 0.8500 || Reg: 12.0000 || Feat:   80
Apply incremental PCA on data.
300
Transform data matrix of shape:  torch.Size([300, 4915200])
269
Transform data matrix of shape:  torch.Size([269, 4915200])
MAE of ElasticNet:  3.8223430132337333
MAE on valid when valid mean is predicted:  4.2175565
----------------------------------------------------------------------------
Batch:  300 || L1 share: 0.8500 || Reg: 12.0000 || Feat:   90
Apply incremental PCA on data.
300
Transform data matrix of shape:  torch.Size([300, 4915200])
269
Transform data matrix of shape:  torch.Size([269, 4915200])
MAE of ElasticNet:  3.098648810595018
MAE on valid when valid mean is predicted:  4.2175565
----------------------------------------------------------------------------
Batch:  300 || L1 share: 0.8500 || Reg: 12.0000 || Feat:  120
Apply incremental PCA on data.
300
Transform data matrix of shape:  torch.Size([300, 4915200])
269
Transform data matrix of shape:  torch.Size([269, 4915200])
MAE of ElasticNet:  3.78860280026118
MAE on valid when valid mean is predicted:  4.2175565
----------------------------------------------------------------------------
Batch:  300 || L1 share: 0.8500 || Reg: 12.0000 || Feat:  140
Apply incremental PCA on data.
300
Transform data matrix of shape:  torch.Size([300, 4915200])
269
Transform data matrix of shape:  torch.Size([269, 4915200])
MAE of ElasticNet:  3.8990912776259306
MAE on valid when valid mean is predicted:  4.2175565
----------------------------------------------------------------------------
Batch:  300 || L1 share: 0.8500 || Reg: 15.0000 || Feat:   60
Apply incremental PCA on data.
300
Transform data matrix of shape:  torch.Size([300, 4915200])
269
Transform data matrix of shape:  torch.Size([269, 4915200])
MAE of ElasticNet:  2.903064711033977
MAE on valid when valid mean is predicted:  4.217556
----------------------------------------------------------------------------
Batch:  300 || L1 share: 0.8500 || Reg: 15.0000 || Feat:   70
Apply incremental PCA on data.
300
Transform data matrix of shape:  torch.Size([300, 4915200])
269
Transform data matrix of shape:  torch.Size([269, 4915200])
MAE of ElasticNet:  3.714130032252747
MAE on valid when valid mean is predicted:  4.2175565
----------------------------------------------------------------------------
Batch:  300 || L1 share: 0.8500 || Reg: 15.0000 || Feat:   80
Apply incremental PCA on data.
300
Transform data matrix of shape:  torch.Size([300, 4915200])
269
Transform data matrix of shape:  torch.Size([269, 4915200])
MAE of ElasticNet:  3.627080206011694
MAE on valid when valid mean is predicted:  4.2175565
----------------------------------------------------------------------------
Batch:  300 || L1 share: 0.8500 || Reg: 15.0000 || Feat:   90
Apply incremental PCA on data.
300
Transform data matrix of shape:  torch.Size([300, 4915200])
269
Transform data matrix of shape:  torch.Size([269, 4915200])
MAE of ElasticNet:  3.1998453783286767
MAE on valid when valid mean is predicted:  4.2175565
----------------------------------------------------------------------------
Batch:  300 || L1 share: 0.8500 || Reg: 15.0000 || Feat:  120
Apply incremental PCA on data.
300
Transform data matrix of shape:  torch.Size([300, 4915200])
269
Transform data matrix of shape:  torch.Size([269, 4915200])
MAE of ElasticNet:  3.1254670548547128
MAE on valid when valid mean is predicted:  4.217556
----------------------------------------------------------------------------
Batch:  300 || L1 share: 0.8500 || Reg: 15.0000 || Feat:  140
Apply incremental PCA on data.
300
Transform data matrix of shape:  torch.Size([300, 4915200])
269
Transform data matrix of shape:  torch.Size([269, 4915200])
MAE of ElasticNet:  3.0777182004827304
MAE on valid when valid mean is predicted:  4.2175565
----------------------------------------------------------------------------
Batch:  300 || L1 share: 0.8500 || Reg: 20.0000 || Feat:   60
Apply incremental PCA on data.
300
Transform data matrix of shape:  torch.Size([300, 4915200])
269
Transform data matrix of shape:  torch.Size([269, 4915200])
MAE of ElasticNet:  3.909808444642866
MAE on valid when valid mean is predicted:  4.2175565
----------------------------------------------------------------------------
Batch:  300 || L1 share: 0.8500 || Reg: 20.0000 || Feat:   70
Apply incremental PCA on data.
300
Transform data matrix of shape:  torch.Size([300, 4915200])
269
Transform data matrix of shape:  torch.Size([269, 4915200])
MAE of ElasticNet:  3.992005807974841
MAE on valid when valid mean is predicted:  4.2175565
----------------------------------------------------------------------------
Batch:  300 || L1 share: 0.8500 || Reg: 20.0000 || Feat:   80
Apply incremental PCA on data.
300
Transform data matrix of shape:  torch.Size([300, 4915200])
269
Transform data matrix of shape:  torch.Size([269, 4915200])
MAE of ElasticNet:  3.791564014005424
MAE on valid when valid mean is predicted:  4.2175565
----------------------------------------------------------------------------
Batch:  300 || L1 share: 0.8500 || Reg: 20.0000 || Feat:   90
Apply incremental PCA on data.
300
Transform data matrix of shape:  torch.Size([300, 4915200])
269
Transform data matrix of shape:  torch.Size([269, 4915200])
MAE of ElasticNet:  3.8603664997709153
MAE on valid when valid mean is predicted:  4.2175565
----------------------------------------------------------------------------
Batch:  300 || L1 share: 0.8500 || Reg: 20.0000 || Feat:  120
Apply incremental PCA on data.
300
Transform data matrix of shape:  torch.Size([300, 4915200])
269
Transform data matrix of shape:  torch.Size([269, 4915200])
MAE of ElasticNet:  3.5539242557143673
MAE on valid when valid mean is predicted:  4.2175565
----------------------------------------------------------------------------
Batch:  300 || L1 share: 0.8500 || Reg: 20.0000 || Feat:  140
Apply incremental PCA on data.
300
Transform data matrix of shape:  torch.Size([300, 4915200])
269
Transform data matrix of shape:  torch.Size([269, 4915200])
MAE of ElasticNet:  3.0754095102529484
MAE on valid when valid mean is predicted:  4.2175565
----------------------------------------------------------------------------
Batch:  300 || L1 share: 0.8500 || Reg: 40.0000 || Feat:   60
Apply incremental PCA on data.
300
Transform data matrix of shape:  torch.Size([300, 4915200])
269
Transform data matrix of shape:  torch.Size([269, 4915200])
MAE of ElasticNet:  2.926732402748786
MAE on valid when valid mean is predicted:  4.2175565
----------------------------------------------------------------------------
Batch:  300 || L1 share: 0.8500 || Reg: 40.0000 || Feat:   70
Apply incremental PCA on data.
300
Transform data matrix of shape:  torch.Size([300, 4915200])
269
Transform data matrix of shape:  torch.Size([269, 4915200])
MAE of ElasticNet:  3.242869704546667
MAE on valid when valid mean is predicted:  4.2175565
----------------------------------------------------------------------------
Batch:  300 || L1 share: 0.8500 || Reg: 40.0000 || Feat:   80
Apply incremental PCA on data.
300
Transform data matrix of shape:  torch.Size([300, 4915200])
269
Transform data matrix of shape:  torch.Size([269, 4915200])
MAE of ElasticNet:  3.3885513470678887
MAE on valid when valid mean is predicted:  4.2175565
----------------------------------------------------------------------------
Batch:  300 || L1 share: 0.8500 || Reg: 40.0000 || Feat:   90
Apply incremental PCA on data.
300
Transform data matrix of shape:  torch.Size([300, 4915200])
269
Transform data matrix of shape:  torch.Size([269, 4915200])
MAE of ElasticNet:  3.923368788126734
MAE on valid when valid mean is predicted:  4.2175565
----------------------------------------------------------------------------
Batch:  300 || L1 share: 0.8500 || Reg: 40.0000 || Feat:  120
Apply incremental PCA on data.
300
Transform data matrix of shape:  torch.Size([300, 4915200])
269
Transform data matrix of shape:  torch.Size([269, 4915200])
MAE of ElasticNet:  3.0746040966233408
MAE on valid when valid mean is predicted:  4.2175565
----------------------------------------------------------------------------
Batch:  300 || L1 share: 0.8500 || Reg: 40.0000 || Feat:  140
Apply incremental PCA on data.
300
Transform data matrix of shape:  torch.Size([300, 4915200])
269
Transform data matrix of shape:  torch.Size([269, 4915200])
MAE of ElasticNet:  3.0110044845090065
MAE on valid when valid mean is predicted:  4.2175565
----------------------------------------------------------------------------
Batch:  300 || L1 share: 0.9000 || Reg: 5.0000 || Feat:   60
Apply incremental PCA on data.
300
Transform data matrix of shape:  torch.Size([300, 4915200])
269
Transform data matrix of shape:  torch.Size([269, 4915200])
MAE of ElasticNet:  4.287584740224131
MAE on valid when valid mean is predicted:  4.2175565
----------------------------------------------------------------------------
Batch:  300 || L1 share: 0.9000 || Reg: 5.0000 || Feat:   70
Apply incremental PCA on data.
300
Transform data matrix of shape:  torch.Size([300, 4915200])
269
Transform data matrix of shape:  torch.Size([269, 4915200])
MAE of ElasticNet:  3.7667788467193977
MAE on valid when valid mean is predicted:  4.2175565
----------------------------------------------------------------------------
Batch:  300 || L1 share: 0.9000 || Reg: 5.0000 || Feat:   80
Apply incremental PCA on data.
300
Transform data matrix of shape:  torch.Size([300, 4915200])
269
Transform data matrix of shape:  torch.Size([269, 4915200])
MAE of ElasticNet:  3.7642300125164234
MAE on valid when valid mean is predicted:  4.217556
----------------------------------------------------------------------------
Batch:  300 || L1 share: 0.9000 || Reg: 5.0000 || Feat:   90
Apply incremental PCA on data.
300
Transform data matrix of shape:  torch.Size([300, 4915200])
269
Transform data matrix of shape:  torch.Size([269, 4915200])
MAE of ElasticNet:  3.0819578691228195
MAE on valid when valid mean is predicted:  4.2175565
----------------------------------------------------------------------------
Batch:  300 || L1 share: 0.9000 || Reg: 5.0000 || Feat:  120
Apply incremental PCA on data.
300
Transform data matrix of shape:  torch.Size([300, 4915200])
269
Transform data matrix of shape:  torch.Size([269, 4915200])
MAE of ElasticNet:  4.250883807003127
MAE on valid when valid mean is predicted:  4.2175565
----------------------------------------------------------------------------
Batch:  300 || L1 share: 0.9000 || Reg: 5.0000 || Feat:  140
Apply incremental PCA on data.
300
Transform data matrix of shape:  torch.Size([300, 4915200])
269
Transform data matrix of shape:  torch.Size([269, 4915200])
MAE of ElasticNet:  2.985890874579136
MAE on valid when valid mean is predicted:  4.2175565
----------------------------------------------------------------------------
Batch:  300 || L1 share: 0.9000 || Reg: 7.5000 || Feat:   60
Apply incremental PCA on data.
300
Transform data matrix of shape:  torch.Size([300, 4915200])
269
Transform data matrix of shape:  torch.Size([269, 4915200])
MAE of ElasticNet:  3.005631258364167
MAE on valid when valid mean is predicted:  4.2175565
----------------------------------------------------------------------------
Batch:  300 || L1 share: 0.9000 || Reg: 7.5000 || Feat:   70
Apply incremental PCA on data.
300
Transform data matrix of shape:  torch.Size([300, 4915200])
269
Transform data matrix of shape:  torch.Size([269, 4915200])
MAE of ElasticNet:  3.6602794418239597
MAE on valid when valid mean is predicted:  4.2175565
----------------------------------------------------------------------------
Batch:  300 || L1 share: 0.9000 || Reg: 7.5000 || Feat:   80
Apply incremental PCA on data.
300
Transform data matrix of shape:  torch.Size([300, 4915200])
269
Transform data matrix of shape:  torch.Size([269, 4915200])
MAE of ElasticNet:  2.921039000707902
MAE on valid when valid mean is predicted:  4.2175565
----------------------------------------------------------------------------
Batch:  300 || L1 share: 0.9000 || Reg: 7.5000 || Feat:   90
Apply incremental PCA on data.
300
Transform data matrix of shape:  torch.Size([300, 4915200])
269
Transform data matrix of shape:  torch.Size([269, 4915200])
MAE of ElasticNet:  3.755920355005547
MAE on valid when valid mean is predicted:  4.2175565
----------------------------------------------------------------------------
Batch:  300 || L1 share: 0.9000 || Reg: 7.5000 || Feat:  120
Apply incremental PCA on data.
300
Transform data matrix of shape:  torch.Size([300, 4915200])
269
Transform data matrix of shape:  torch.Size([269, 4915200])
MAE of ElasticNet:  3.5048914862251372
MAE on valid when valid mean is predicted:  4.2175565
----------------------------------------------------------------------------
Batch:  300 || L1 share: 0.9000 || Reg: 7.5000 || Feat:  140
Apply incremental PCA on data.
300
Transform data matrix of shape:  torch.Size([300, 4915200])
269
Transform data matrix of shape:  torch.Size([269, 4915200])
MAE of ElasticNet:  3.1260471530741536
MAE on valid when valid mean is predicted:  4.217556
----------------------------------------------------------------------------
Batch:  300 || L1 share: 0.9000 || Reg: 10.0000 || Feat:   60
Apply incremental PCA on data.
300
Transform data matrix of shape:  torch.Size([300, 4915200])
269
Transform data matrix of shape:  torch.Size([269, 4915200])
MAE of ElasticNet:  3.7470252379098024
MAE on valid when valid mean is predicted:  4.2175565
----------------------------------------------------------------------------
Batch:  300 || L1 share: 0.9000 || Reg: 10.0000 || Feat:   70
Apply incremental PCA on data.
300
Transform data matrix of shape:  torch.Size([300, 4915200])
269
Transform data matrix of shape:  torch.Size([269, 4915200])
MAE of ElasticNet:  3.834534813620943
MAE on valid when valid mean is predicted:  4.217556
----------------------------------------------------------------------------
Batch:  300 || L1 share: 0.9000 || Reg: 10.0000 || Feat:   80
Apply incremental PCA on data.
300
Transform data matrix of shape:  torch.Size([300, 4915200])
269
Transform data matrix of shape:  torch.Size([269, 4915200])
MAE of ElasticNet:  3.8432026610475734
MAE on valid when valid mean is predicted:  4.2175565
----------------------------------------------------------------------------
Batch:  300 || L1 share: 0.9000 || Reg: 10.0000 || Feat:   90
Apply incremental PCA on data.
300
Transform data matrix of shape:  torch.Size([300, 4915200])
269
Transform data matrix of shape:  torch.Size([269, 4915200])
MAE of ElasticNet:  3.110684281051155
MAE on valid when valid mean is predicted:  4.2175565
----------------------------------------------------------------------------
Batch:  300 || L1 share: 0.9000 || Reg: 10.0000 || Feat:  120
Apply incremental PCA on data.
300
Transform data matrix of shape:  torch.Size([300, 4915200])
269
Transform data matrix of shape:  torch.Size([269, 4915200])
MAE of ElasticNet:  3.613862668624598
MAE on valid when valid mean is predicted:  4.2175565
----------------------------------------------------------------------------
Batch:  300 || L1 share: 0.9000 || Reg: 10.0000 || Feat:  140
Apply incremental PCA on data.
300
Transform data matrix of shape:  torch.Size([300, 4915200])
269
Transform data matrix of shape:  torch.Size([269, 4915200])
MAE of ElasticNet:  3.81699237085176
MAE on valid when valid mean is predicted:  4.2175565
----------------------------------------------------------------------------
Batch:  300 || L1 share: 0.9000 || Reg: 12.0000 || Feat:   60
Apply incremental PCA on data.
300
Transform data matrix of shape:  torch.Size([300, 4915200])
269
Transform data matrix of shape:  torch.Size([269, 4915200])
MAE of ElasticNet:  2.9015900114015927
MAE on valid when valid mean is predicted:  4.2175565
----------------------------------------------------------------------------
Batch:  300 || L1 share: 0.9000 || Reg: 12.0000 || Feat:   70
Apply incremental PCA on data.
300
Transform data matrix of shape:  torch.Size([300, 4915200])
269
Transform data matrix of shape:  torch.Size([269, 4915200])
MAE of ElasticNet:  2.7709240747638813
MAE on valid when valid mean is predicted:  4.217556
----------------------------------------------------------------------------
Batch:  300 || L1 share: 0.9000 || Reg: 12.0000 || Feat:   80
Apply incremental PCA on data.
300
Transform data matrix of shape:  torch.Size([300, 4915200])
269
Transform data matrix of shape:  torch.Size([269, 4915200])
MAE of ElasticNet:  3.3452024656118775
MAE on valid when valid mean is predicted:  4.2175565
----------------------------------------------------------------------------
Batch:  300 || L1 share: 0.9000 || Reg: 12.0000 || Feat:   90
Apply incremental PCA on data.
300
Transform data matrix of shape:  torch.Size([300, 4915200])
269
Transform data matrix of shape:  torch.Size([269, 4915200])
MAE of ElasticNet:  3.1019571385419216
MAE on valid when valid mean is predicted:  4.2175565
----------------------------------------------------------------------------
Batch:  300 || L1 share: 0.9000 || Reg: 12.0000 || Feat:  120
Apply incremental PCA on data.
300
Transform data matrix of shape:  torch.Size([300, 4915200])
269
Transform data matrix of shape:  torch.Size([269, 4915200])
MAE of ElasticNet:  3.2512356641642883
MAE on valid when valid mean is predicted:  4.217556
----------------------------------------------------------------------------
Batch:  300 || L1 share: 0.9000 || Reg: 12.0000 || Feat:  140
Apply incremental PCA on data.
300
Transform data matrix of shape:  torch.Size([300, 4915200])
269
Transform data matrix of shape:  torch.Size([269, 4915200])
MAE of ElasticNet:  2.997793551613009
MAE on valid when valid mean is predicted:  4.2175565
----------------------------------------------------------------------------
Batch:  300 || L1 share: 0.9000 || Reg: 15.0000 || Feat:   60
Apply incremental PCA on data.
300
Transform data matrix of shape:  torch.Size([300, 4915200])
269
Transform data matrix of shape:  torch.Size([269, 4915200])
MAE of ElasticNet:  3.2124002095107693
MAE on valid when valid mean is predicted:  4.2175565
----------------------------------------------------------------------------
Batch:  300 || L1 share: 0.9000 || Reg: 15.0000 || Feat:   70
Apply incremental PCA on data.
300
Transform data matrix of shape:  torch.Size([300, 4915200])
269
Transform data matrix of shape:  torch.Size([269, 4915200])
MAE of ElasticNet:  2.987940904292011
MAE on valid when valid mean is predicted:  4.217556
----------------------------------------------------------------------------
Batch:  300 || L1 share: 0.9000 || Reg: 15.0000 || Feat:   80
Apply incremental PCA on data.
300
Transform data matrix of shape:  torch.Size([300, 4915200])
269
Transform data matrix of shape:  torch.Size([269, 4915200])
MAE of ElasticNet:  3.2241881418374523
MAE on valid when valid mean is predicted:  4.217556
----------------------------------------------------------------------------
Batch:  300 || L1 share: 0.9000 || Reg: 15.0000 || Feat:   90
Apply incremental PCA on data.
300
Transform data matrix of shape:  torch.Size([300, 4915200])
269
Transform data matrix of shape:  torch.Size([269, 4915200])
MAE of ElasticNet:  3.1000519962362136
MAE on valid when valid mean is predicted:  4.2175565
----------------------------------------------------------------------------
Batch:  300 || L1 share: 0.9000 || Reg: 15.0000 || Feat:  120
Apply incremental PCA on data.
300
Transform data matrix of shape:  torch.Size([300, 4915200])
269
Transform data matrix of shape:  torch.Size([269, 4915200])
MAE of ElasticNet:  3.153598364565551
MAE on valid when valid mean is predicted:  4.2175565
----------------------------------------------------------------------------
Batch:  300 || L1 share: 0.9000 || Reg: 15.0000 || Feat:  140
Apply incremental PCA on data.
300
Transform data matrix of shape:  torch.Size([300, 4915200])
269
Transform data matrix of shape:  torch.Size([269, 4915200])
MAE of ElasticNet:  3.6863741517647557
MAE on valid when valid mean is predicted:  4.2175565
----------------------------------------------------------------------------
Batch:  300 || L1 share: 0.9000 || Reg: 20.0000 || Feat:   60
Apply incremental PCA on data.
300
Transform data matrix of shape:  torch.Size([300, 4915200])
269
Transform data matrix of shape:  torch.Size([269, 4915200])
MAE of ElasticNet:  3.561450699787772
MAE on valid when valid mean is predicted:  4.217556
----------------------------------------------------------------------------
Batch:  300 || L1 share: 0.9000 || Reg: 20.0000 || Feat:   70
Apply incremental PCA on data.
300
Transform data matrix of shape:  torch.Size([300, 4915200])
269
Transform data matrix of shape:  torch.Size([269, 4915200])
MAE of ElasticNet:  3.0742360134381803
MAE on valid when valid mean is predicted:  4.2175565
----------------------------------------------------------------------------
Batch:  300 || L1 share: 0.9000 || Reg: 20.0000 || Feat:   80
Apply incremental PCA on data.
300
Transform data matrix of shape:  torch.Size([300, 4915200])
269
Transform data matrix of shape:  torch.Size([269, 4915200])
MAE of ElasticNet:  3.0508914457542216
MAE on valid when valid mean is predicted:  4.2175565
----------------------------------------------------------------------------
Batch:  300 || L1 share: 0.9000 || Reg: 20.0000 || Feat:   90
Apply incremental PCA on data.
300
Transform data matrix of shape:  torch.Size([300, 4915200])
269
Transform data matrix of shape:  torch.Size([269, 4915200])
MAE of ElasticNet:  3.121458594295414
MAE on valid when valid mean is predicted:  4.217556
----------------------------------------------------------------------------
Batch:  300 || L1 share: 0.9000 || Reg: 20.0000 || Feat:  120
Apply incremental PCA on data.
300
Transform data matrix of shape:  torch.Size([300, 4915200])
269
Transform data matrix of shape:  torch.Size([269, 4915200])
MAE of ElasticNet:  3.7196584797829715
MAE on valid when valid mean is predicted:  4.217556
----------------------------------------------------------------------------
Batch:  300 || L1 share: 0.9000 || Reg: 20.0000 || Feat:  140
Apply incremental PCA on data.
300
Transform data matrix of shape:  torch.Size([300, 4915200])
269
Transform data matrix of shape:  torch.Size([269, 4915200])
MAE of ElasticNet:  4.0823352421027375
MAE on valid when valid mean is predicted:  4.217556
----------------------------------------------------------------------------
Batch:  300 || L1 share: 0.9000 || Reg: 40.0000 || Feat:   60
Apply incremental PCA on data.
300
Transform data matrix of shape:  torch.Size([300, 4915200])
269
Transform data matrix of shape:  torch.Size([269, 4915200])
MAE of ElasticNet:  3.94610048023262
MAE on valid when valid mean is predicted:  4.2175565
----------------------------------------------------------------------------
Batch:  300 || L1 share: 0.9000 || Reg: 40.0000 || Feat:   70
Apply incremental PCA on data.
300
Transform data matrix of shape:  torch.Size([300, 4915200])
269
Transform data matrix of shape:  torch.Size([269, 4915200])
MAE of ElasticNet:  3.674703868695172
MAE on valid when valid mean is predicted:  4.2175565
----------------------------------------------------------------------------
Batch:  300 || L1 share: 0.9000 || Reg: 40.0000 || Feat:   80
Apply incremental PCA on data.
300
Transform data matrix of shape:  torch.Size([300, 4915200])
269
Transform data matrix of shape:  torch.Size([269, 4915200])
MAE of ElasticNet:  3.898819911464256
MAE on valid when valid mean is predicted:  4.2175565
----------------------------------------------------------------------------
Batch:  300 || L1 share: 0.9000 || Reg: 40.0000 || Feat:   90
Apply incremental PCA on data.
300
Transform data matrix of shape:  torch.Size([300, 4915200])
269
Transform data matrix of shape:  torch.Size([269, 4915200])
MAE of ElasticNet:  3.954498409397867
MAE on valid when valid mean is predicted:  4.217556
----------------------------------------------------------------------------
Batch:  300 || L1 share: 0.9000 || Reg: 40.0000 || Feat:  120
Apply incremental PCA on data.
300
Transform data matrix of shape:  torch.Size([300, 4915200])
269
Transform data matrix of shape:  torch.Size([269, 4915200])
MAE of ElasticNet:  3.0150176651782097
MAE on valid when valid mean is predicted:  4.2175565
----------------------------------------------------------------------------
Batch:  300 || L1 share: 0.9000 || Reg: 40.0000 || Feat:  140
Apply incremental PCA on data.
300
Transform data matrix of shape:  torch.Size([300, 4915200])
269
Transform data matrix of shape:  torch.Size([269, 4915200])
MAE of ElasticNet:  3.6319153931442654
MAE on valid when valid mean is predicted:  4.2175565
----------------------------------------------------------------------------
Batch:  300 || L1 share: 0.9500 || Reg: 5.0000 || Feat:   60
Apply incremental PCA on data.
300
Transform data matrix of shape:  torch.Size([300, 4915200])
269
Transform data matrix of shape:  torch.Size([269, 4915200])
MAE of ElasticNet:  2.88479652744514
MAE on valid when valid mean is predicted:  4.2175565
----------------------------------------------------------------------------
Batch:  300 || L1 share: 0.9500 || Reg: 5.0000 || Feat:   70
Apply incremental PCA on data.
300
Transform data matrix of shape:  torch.Size([300, 4915200])
269
Transform data matrix of shape:  torch.Size([269, 4915200])
MAE of ElasticNet:  3.016459280527403
MAE on valid when valid mean is predicted:  4.2175555
----------------------------------------------------------------------------
Batch:  300 || L1 share: 0.9500 || Reg: 5.0000 || Feat:   80
Apply incremental PCA on data.
300
Transform data matrix of shape:  torch.Size([300, 4915200])
269
Transform data matrix of shape:  torch.Size([269, 4915200])
MAE of ElasticNet:  2.894603626505351
MAE on valid when valid mean is predicted:  4.2175565
----------------------------------------------------------------------------
Batch:  300 || L1 share: 0.9500 || Reg: 5.0000 || Feat:   90
Apply incremental PCA on data.
300
Transform data matrix of shape:  torch.Size([300, 4915200])
269
Transform data matrix of shape:  torch.Size([269, 4915200])
MAE of ElasticNet:  3.070558240364443
MAE on valid when valid mean is predicted:  4.2175565
----------------------------------------------------------------------------
Batch:  300 || L1 share: 0.9500 || Reg: 5.0000 || Feat:  120
Apply incremental PCA on data.
300
Transform data matrix of shape:  torch.Size([300, 4915200])
269
Transform data matrix of shape:  torch.Size([269, 4915200])
MAE of ElasticNet:  3.0481730995057736
MAE on valid when valid mean is predicted:  4.2175565
----------------------------------------------------------------------------
Batch:  300 || L1 share: 0.9500 || Reg: 5.0000 || Feat:  140
Apply incremental PCA on data.
300
Transform data matrix of shape:  torch.Size([300, 4915200])
269
Transform data matrix of shape:  torch.Size([269, 4915200])
MAE of ElasticNet:  3.1767113282257964
MAE on valid when valid mean is predicted:  4.217556
----------------------------------------------------------------------------
Batch:  300 || L1 share: 0.9500 || Reg: 7.5000 || Feat:   60
Apply incremental PCA on data.
300
Transform data matrix of shape:  torch.Size([300, 4915200])
269
Transform data matrix of shape:  torch.Size([269, 4915200])
MAE of ElasticNet:  3.6879834625732815
MAE on valid when valid mean is predicted:  4.2175565
----------------------------------------------------------------------------
Batch:  300 || L1 share: 0.9500 || Reg: 7.5000 || Feat:   70
Apply incremental PCA on data.
300
Transform data matrix of shape:  torch.Size([300, 4915200])
269
Transform data matrix of shape:  torch.Size([269, 4915200])
MAE of ElasticNet:  3.803511094904361
MAE on valid when valid mean is predicted:  4.2175565
----------------------------------------------------------------------------
Batch:  300 || L1 share: 0.9500 || Reg: 7.5000 || Feat:   80
Apply incremental PCA on data.
300
Transform data matrix of shape:  torch.Size([300, 4915200])
269
Transform data matrix of shape:  torch.Size([269, 4915200])
MAE of ElasticNet:  3.9407197568176278
MAE on valid when valid mean is predicted:  4.2175565
----------------------------------------------------------------------------
Batch:  300 || L1 share: 0.9500 || Reg: 7.5000 || Feat:   90
Apply incremental PCA on data.
300
Transform data matrix of shape:  torch.Size([300, 4915200])
269
Transform data matrix of shape:  torch.Size([269, 4915200])
MAE of ElasticNet:  3.9639332003192735
MAE on valid when valid mean is predicted:  4.2175565
----------------------------------------------------------------------------
Batch:  300 || L1 share: 0.9500 || Reg: 7.5000 || Feat:  120
Apply incremental PCA on data.
300
Transform data matrix of shape:  torch.Size([300, 4915200])
269
Transform data matrix of shape:  torch.Size([269, 4915200])
MAE of ElasticNet:  3.7679041124420913
MAE on valid when valid mean is predicted:  4.2175565
----------------------------------------------------------------------------
Batch:  300 || L1 share: 0.9500 || Reg: 7.5000 || Feat:  140
Apply incremental PCA on data.
300
Transform data matrix of shape:  torch.Size([300, 4915200])
269
Transform data matrix of shape:  torch.Size([269, 4915200])
MAE of ElasticNet:  3.468214332993759
MAE on valid when valid mean is predicted:  4.2175565
----------------------------------------------------------------------------
Batch:  300 || L1 share: 0.9500 || Reg: 10.0000 || Feat:   60
Apply incremental PCA on data.
300
Transform data matrix of shape:  torch.Size([300, 4915200])
269
Transform data matrix of shape:  torch.Size([269, 4915200])
MAE of ElasticNet:  3.010739783353323
MAE on valid when valid mean is predicted:  4.2175565
----------------------------------------------------------------------------
Batch:  300 || L1 share: 0.9500 || Reg: 10.0000 || Feat:   70
Apply incremental PCA on data.
300
Transform data matrix of shape:  torch.Size([300, 4915200])
269
Transform data matrix of shape:  torch.Size([269, 4915200])
MAE of ElasticNet:  3.106590656343117
MAE on valid when valid mean is predicted:  4.217556
----------------------------------------------------------------------------
Batch:  300 || L1 share: 0.9500 || Reg: 10.0000 || Feat:   80
Apply incremental PCA on data.
300
Transform data matrix of shape:  torch.Size([300, 4915200])
269
Transform data matrix of shape:  torch.Size([269, 4915200])
MAE of ElasticNet:  3.5466647908705426
MAE on valid when valid mean is predicted:  4.2175565
----------------------------------------------------------------------------
Batch:  300 || L1 share: 0.9500 || Reg: 10.0000 || Feat:   90
Apply incremental PCA on data.
300
Transform data matrix of shape:  torch.Size([300, 4915200])
269
Transform data matrix of shape:  torch.Size([269, 4915200])
MAE of ElasticNet:  3.5672385779216746
MAE on valid when valid mean is predicted:  4.217556
----------------------------------------------------------------------------
Batch:  300 || L1 share: 0.9500 || Reg: 10.0000 || Feat:  120
Apply incremental PCA on data.
300
Transform data matrix of shape:  torch.Size([300, 4915200])
269
Transform data matrix of shape:  torch.Size([269, 4915200])
MAE of ElasticNet:  3.7767427734772667
MAE on valid when valid mean is predicted:  4.2175565
----------------------------------------------------------------------------
Batch:  300 || L1 share: 0.9500 || Reg: 10.0000 || Feat:  140
Apply incremental PCA on data.
300
Transform data matrix of shape:  torch.Size([300, 4915200])
269
Transform data matrix of shape:  torch.Size([269, 4915200])
MAE of ElasticNet:  2.949882580127689
MAE on valid when valid mean is predicted:  4.2175565
----------------------------------------------------------------------------
Batch:  300 || L1 share: 0.9500 || Reg: 12.0000 || Feat:   60
Apply incremental PCA on data.
300
Transform data matrix of shape:  torch.Size([300, 4915200])
269
Transform data matrix of shape:  torch.Size([269, 4915200])
MAE of ElasticNet:  3.527176468952103
MAE on valid when valid mean is predicted:  4.217556
----------------------------------------------------------------------------
Batch:  300 || L1 share: 0.9500 || Reg: 12.0000 || Feat:   70
Apply incremental PCA on data.
300
Transform data matrix of shape:  torch.Size([300, 4915200])
269
Transform data matrix of shape:  torch.Size([269, 4915200])
MAE of ElasticNet:  3.84904969326162
MAE on valid when valid mean is predicted:  4.2175565
----------------------------------------------------------------------------
Batch:  300 || L1 share: 0.9500 || Reg: 12.0000 || Feat:   80
Apply incremental PCA on data.
300
Transform data matrix of shape:  torch.Size([300, 4915200])
269
Transform data matrix of shape:  torch.Size([269, 4915200])
MAE of ElasticNet:  3.5031248275764755
MAE on valid when valid mean is predicted:  4.2175565
----------------------------------------------------------------------------
Batch:  300 || L1 share: 0.9500 || Reg: 12.0000 || Feat:   90
Apply incremental PCA on data.
300
Transform data matrix of shape:  torch.Size([300, 4915200])
269
Transform data matrix of shape:  torch.Size([269, 4915200])
MAE of ElasticNet:  3.620906792209769
MAE on valid when valid mean is predicted:  4.2175565
----------------------------------------------------------------------------
Batch:  300 || L1 share: 0.9500 || Reg: 12.0000 || Feat:  120
Apply incremental PCA on data.
300
Transform data matrix of shape:  torch.Size([300, 4915200])
269
Transform data matrix of shape:  torch.Size([269, 4915200])
MAE of ElasticNet:  3.6731056206003467
MAE on valid when valid mean is predicted:  4.2175565
----------------------------------------------------------------------------
Batch:  300 || L1 share: 0.9500 || Reg: 12.0000 || Feat:  140
Apply incremental PCA on data.
300
Transform data matrix of shape:  torch.Size([300, 4915200])
269
Transform data matrix of shape:  torch.Size([269, 4915200])
MAE of ElasticNet:  4.244832415412086
MAE on valid when valid mean is predicted:  4.2175565
----------------------------------------------------------------------------
Batch:  300 || L1 share: 0.9500 || Reg: 15.0000 || Feat:   60
Apply incremental PCA on data.
300
Transform data matrix of shape:  torch.Size([300, 4915200])
269
Transform data matrix of shape:  torch.Size([269, 4915200])
MAE of ElasticNet:  2.9257900290002987
MAE on valid when valid mean is predicted:  4.2175565
----------------------------------------------------------------------------
Batch:  300 || L1 share: 0.9500 || Reg: 15.0000 || Feat:   70
Apply incremental PCA on data.
300
Transform data matrix of shape:  torch.Size([300, 4915200])
269
Transform data matrix of shape:  torch.Size([269, 4915200])
MAE of ElasticNet:  2.9621940237374074
MAE on valid when valid mean is predicted:  4.2175565
----------------------------------------------------------------------------
Batch:  300 || L1 share: 0.9500 || Reg: 15.0000 || Feat:   80
Apply incremental PCA on data.
300
Transform data matrix of shape:  torch.Size([300, 4915200])
269
Transform data matrix of shape:  torch.Size([269, 4915200])
MAE of ElasticNet:  3.1252759998057558
MAE on valid when valid mean is predicted:  4.2175565
----------------------------------------------------------------------------
Batch:  300 || L1 share: 0.9500 || Reg: 15.0000 || Feat:   90
Apply incremental PCA on data.
300
Transform data matrix of shape:  torch.Size([300, 4915200])
269
Transform data matrix of shape:  torch.Size([269, 4915200])
MAE of ElasticNet:  2.984395538818982
MAE on valid when valid mean is predicted:  4.2175565
----------------------------------------------------------------------------
Batch:  300 || L1 share: 0.9500 || Reg: 15.0000 || Feat:  120
Apply incremental PCA on data.
300
Transform data matrix of shape:  torch.Size([300, 4915200])
269
Transform data matrix of shape:  torch.Size([269, 4915200])
MAE of ElasticNet:  3.0677864905901844
MAE on valid when valid mean is predicted:  4.2175565
----------------------------------------------------------------------------
Batch:  300 || L1 share: 0.9500 || Reg: 15.0000 || Feat:  140
Apply incremental PCA on data.
300
Transform data matrix of shape:  torch.Size([300, 4915200])
269
Transform data matrix of shape:  torch.Size([269, 4915200])
MAE of ElasticNet:  3.6805949756027614
MAE on valid when valid mean is predicted:  4.2175565
----------------------------------------------------------------------------
Batch:  300 || L1 share: 0.9500 || Reg: 20.0000 || Feat:   60
Apply incremental PCA on data.
300
Transform data matrix of shape:  torch.Size([300, 4915200])
269
Transform data matrix of shape:  torch.Size([269, 4915200])
MAE of ElasticNet:  3.3563247041935362
MAE on valid when valid mean is predicted:  4.2175565
----------------------------------------------------------------------------
Batch:  300 || L1 share: 0.9500 || Reg: 20.0000 || Feat:   70
Apply incremental PCA on data.
300
Transform data matrix of shape:  torch.Size([300, 4915200])
269
Transform data matrix of shape:  torch.Size([269, 4915200])
MAE of ElasticNet:  2.9949451437874557
MAE on valid when valid mean is predicted:  4.2175565
----------------------------------------------------------------------------
Batch:  300 || L1 share: 0.9500 || Reg: 20.0000 || Feat:   80
Apply incremental PCA on data.
300
Transform data matrix of shape:  torch.Size([300, 4915200])
269
Transform data matrix of shape:  torch.Size([269, 4915200])
MAE of ElasticNet:  4.053633013186078
MAE on valid when valid mean is predicted:  4.2175565
----------------------------------------------------------------------------
Batch:  300 || L1 share: 0.9500 || Reg: 20.0000 || Feat:   90
Apply incremental PCA on data.
300
Transform data matrix of shape:  torch.Size([300, 4915200])
269
Transform data matrix of shape:  torch.Size([269, 4915200])
MAE of ElasticNet:  3.916534568468508
MAE on valid when valid mean is predicted:  4.2175565
----------------------------------------------------------------------------
Batch:  300 || L1 share: 0.9500 || Reg: 20.0000 || Feat:  120
Apply incremental PCA on data.
300
Transform data matrix of shape:  torch.Size([300, 4915200])
269
Transform data matrix of shape:  torch.Size([269, 4915200])
MAE of ElasticNet:  3.2921497750994586
MAE on valid when valid mean is predicted:  4.2175565
----------------------------------------------------------------------------
Batch:  300 || L1 share: 0.9500 || Reg: 20.0000 || Feat:  140
Apply incremental PCA on data.
300
Transform data matrix of shape:  torch.Size([300, 4915200])
269
Transform data matrix of shape:  torch.Size([269, 4915200])
MAE of ElasticNet:  3.2857836531058253
MAE on valid when valid mean is predicted:  4.2175565
----------------------------------------------------------------------------
Batch:  300 || L1 share: 0.9500 || Reg: 40.0000 || Feat:   60
Apply incremental PCA on data.
300
Transform data matrix of shape:  torch.Size([300, 4915200])
269
Transform data matrix of shape:  torch.Size([269, 4915200])
MAE of ElasticNet:  3.2362192055761683
MAE on valid when valid mean is predicted:  4.2175565
----------------------------------------------------------------------------
Batch:  300 || L1 share: 0.9500 || Reg: 40.0000 || Feat:   70
Apply incremental PCA on data.
300
Transform data matrix of shape:  torch.Size([300, 4915200])
269
Transform data matrix of shape:  torch.Size([269, 4915200])
MAE of ElasticNet:  3.7603258708952696
MAE on valid when valid mean is predicted:  4.2175565
----------------------------------------------------------------------------
Batch:  300 || L1 share: 0.9500 || Reg: 40.0000 || Feat:   80
Apply incremental PCA on data.
300
Transform data matrix of shape:  torch.Size([300, 4915200])
269
Transform data matrix of shape:  torch.Size([269, 4915200])
MAE of ElasticNet:  3.0129857179329003
MAE on valid when valid mean is predicted:  4.217556
----------------------------------------------------------------------------
Batch:  300 || L1 share: 0.9500 || Reg: 40.0000 || Feat:   90
Apply incremental PCA on data.
300
Transform data matrix of shape:  torch.Size([300, 4915200])
269
Transform data matrix of shape:  torch.Size([269, 4915200])
MAE of ElasticNet:  3.95407035245572
MAE on valid when valid mean is predicted:  4.2175565
----------------------------------------------------------------------------
Batch:  300 || L1 share: 0.9500 || Reg: 40.0000 || Feat:  120
Apply incremental PCA on data.
300
Transform data matrix of shape:  torch.Size([300, 4915200])
269
Transform data matrix of shape:  torch.Size([269, 4915200])
MAE of ElasticNet:  3.9767296142709476
MAE on valid when valid mean is predicted:  4.2175565
----------------------------------------------------------------------------
Batch:  300 || L1 share: 0.9500 || Reg: 40.0000 || Feat:  140
Apply incremental PCA on data.
300
Transform data matrix of shape:  torch.Size([300, 4915200])
269
Transform data matrix of shape:  torch.Size([269, 4915200])
MAE of ElasticNet:  4.0406585167269835
MAE on valid when valid mean is predicted:  4.2175565
----------------------------------------------------------------------------
Batch:  300 || L1 share: 0.9200 || Reg: 5.0000 || Feat:   60
Apply incremental PCA on data.
300
Transform data matrix of shape:  torch.Size([300, 4915200])
269
Transform data matrix of shape:  torch.Size([269, 4915200])
MAE of ElasticNet:  3.1299448938283074
MAE on valid when valid mean is predicted:  4.217556
----------------------------------------------------------------------------
Batch:  300 || L1 share: 0.9200 || Reg: 5.0000 || Feat:   70
Apply incremental PCA on data.
300
Transform data matrix of shape:  torch.Size([300, 4915200])
269
Transform data matrix of shape:  torch.Size([269, 4915200])
MAE of ElasticNet:  3.057114692176353
MAE on valid when valid mean is predicted:  4.2175565
----------------------------------------------------------------------------
Batch:  300 || L1 share: 0.9200 || Reg: 5.0000 || Feat:   80
Apply incremental PCA on data.
300
Transform data matrix of shape:  torch.Size([300, 4915200])
269
Transform data matrix of shape:  torch.Size([269, 4915200])
MAE of ElasticNet:  3.211636254588757
MAE on valid when valid mean is predicted:  4.2175565
----------------------------------------------------------------------------
Batch:  300 || L1 share: 0.9200 || Reg: 5.0000 || Feat:   90
Apply incremental PCA on data.
300
Transform data matrix of shape:  torch.Size([300, 4915200])
269
Transform data matrix of shape:  torch.Size([269, 4915200])
MAE of ElasticNet:  3.6753938693026913
MAE on valid when valid mean is predicted:  4.2175565
----------------------------------------------------------------------------
Batch:  300 || L1 share: 0.9200 || Reg: 5.0000 || Feat:  120
Apply incremental PCA on data.
300
Transform data matrix of shape:  torch.Size([300, 4915200])
269
Transform data matrix of shape:  torch.Size([269, 4915200])
MAE of ElasticNet:  3.965292153003266
MAE on valid when valid mean is predicted:  4.2175565
----------------------------------------------------------------------------
Batch:  300 || L1 share: 0.9200 || Reg: 5.0000 || Feat:  140
Apply incremental PCA on data.
300
Transform data matrix of shape:  torch.Size([300, 4915200])
269
Transform data matrix of shape:  torch.Size([269, 4915200])
MAE of ElasticNet:  4.1399059910878755
MAE on valid when valid mean is predicted:  4.2175565
----------------------------------------------------------------------------
Batch:  300 || L1 share: 0.9200 || Reg: 7.5000 || Feat:   60
Apply incremental PCA on data.
300
Transform data matrix of shape:  torch.Size([300, 4915200])
269
Transform data matrix of shape:  torch.Size([269, 4915200])
MAE of ElasticNet:  2.9734408906923586
MAE on valid when valid mean is predicted:  4.2175565
----------------------------------------------------------------------------
Batch:  300 || L1 share: 0.9200 || Reg: 7.5000 || Feat:   70
Apply incremental PCA on data.
300
Transform data matrix of shape:  torch.Size([300, 4915200])
269
Transform data matrix of shape:  torch.Size([269, 4915200])
MAE of ElasticNet:  3.1640454221886745
MAE on valid when valid mean is predicted:  4.2175565
----------------------------------------------------------------------------
Batch:  300 || L1 share: 0.9200 || Reg: 7.5000 || Feat:   80
Apply incremental PCA on data.
300
Transform data matrix of shape:  torch.Size([300, 4915200])
269
Transform data matrix of shape:  torch.Size([269, 4915200])
MAE of ElasticNet:  3.5460168643142778
MAE on valid when valid mean is predicted:  4.2175565
----------------------------------------------------------------------------
Batch:  300 || L1 share: 0.9200 || Reg: 7.5000 || Feat:   90
Apply incremental PCA on data.
300
Transform data matrix of shape:  torch.Size([300, 4915200])
269
Transform data matrix of shape:  torch.Size([269, 4915200])
MAE of ElasticNet:  2.8362415673185963
MAE on valid when valid mean is predicted:  4.2175565
----------------------------------------------------------------------------
Batch:  300 || L1 share: 0.9200 || Reg: 7.5000 || Feat:  120
Apply incremental PCA on data.
300
Transform data matrix of shape:  torch.Size([300, 4915200])
269
Transform data matrix of shape:  torch.Size([269, 4915200])
MAE of ElasticNet:  2.880387864760735
MAE on valid when valid mean is predicted:  4.2175565
----------------------------------------------------------------------------
Batch:  300 || L1 share: 0.9200 || Reg: 7.5000 || Feat:  140
Apply incremental PCA on data.
300
Transform data matrix of shape:  torch.Size([300, 4915200])
269
Transform data matrix of shape:  torch.Size([269, 4915200])
MAE of ElasticNet:  3.6270724868655138
MAE on valid when valid mean is predicted:  4.2175565
----------------------------------------------------------------------------
Batch:  300 || L1 share: 0.9200 || Reg: 10.0000 || Feat:   60
Apply incremental PCA on data.
300
Transform data matrix of shape:  torch.Size([300, 4915200])
269
Transform data matrix of shape:  torch.Size([269, 4915200])
MAE of ElasticNet:  3.0104874230990504
MAE on valid when valid mean is predicted:  4.2175565
----------------------------------------------------------------------------
Batch:  300 || L1 share: 0.9200 || Reg: 10.0000 || Feat:   70
Apply incremental PCA on data.
300
Transform data matrix of shape:  torch.Size([300, 4915200])
269
Transform data matrix of shape:  torch.Size([269, 4915200])
MAE of ElasticNet:  2.809160799555374
MAE on valid when valid mean is predicted:  4.2175565
----------------------------------------------------------------------------
Batch:  300 || L1 share: 0.9200 || Reg: 10.0000 || Feat:   80
Apply incremental PCA on data.
300
Transform data matrix of shape:  torch.Size([300, 4915200])
269
Transform data matrix of shape:  torch.Size([269, 4915200])
MAE of ElasticNet:  3.768641551198947
MAE on valid when valid mean is predicted:  4.217556
----------------------------------------------------------------------------
Batch:  300 || L1 share: 0.9200 || Reg: 10.0000 || Feat:   90
Apply incremental PCA on data.
300
Transform data matrix of shape:  torch.Size([300, 4915200])
269
Transform data matrix of shape:  torch.Size([269, 4915200])
MAE of ElasticNet:  3.8438747705459013
MAE on valid when valid mean is predicted:  4.2175565
----------------------------------------------------------------------------
Batch:  300 || L1 share: 0.9200 || Reg: 10.0000 || Feat:  120
Apply incremental PCA on data.
300
Transform data matrix of shape:  torch.Size([300, 4915200])
269
Transform data matrix of shape:  torch.Size([269, 4915200])
MAE of ElasticNet:  3.9545489191735808
MAE on valid when valid mean is predicted:  4.2175565
----------------------------------------------------------------------------
Batch:  300 || L1 share: 0.9200 || Reg: 10.0000 || Feat:  140
Apply incremental PCA on data.
300
Transform data matrix of shape:  torch.Size([300, 4915200])
269
Transform data matrix of shape:  torch.Size([269, 4915200])
MAE of ElasticNet:  2.9448146104332866
MAE on valid when valid mean is predicted:  4.217557
----------------------------------------------------------------------------
Batch:  300 || L1 share: 0.9200 || Reg: 12.0000 || Feat:   60
Apply incremental PCA on data.
300
Transform data matrix of shape:  torch.Size([300, 4915200])
269
Transform data matrix of shape:  torch.Size([269, 4915200])
MAE of ElasticNet:  3.036725804997985
MAE on valid when valid mean is predicted:  4.2175565
----------------------------------------------------------------------------
Batch:  300 || L1 share: 0.9200 || Reg: 12.0000 || Feat:   70
Apply incremental PCA on data.
300
Transform data matrix of shape:  torch.Size([300, 4915200])
269
Transform data matrix of shape:  torch.Size([269, 4915200])
MAE of ElasticNet:  3.468321018763667
MAE on valid when valid mean is predicted:  4.2175565
----------------------------------------------------------------------------
Batch:  300 || L1 share: 0.9200 || Reg: 12.0000 || Feat:   80
Apply incremental PCA on data.
300
Transform data matrix of shape:  torch.Size([300, 4915200])
269
Transform data matrix of shape:  torch.Size([269, 4915200])
MAE of ElasticNet:  3.8590143998839617
MAE on valid when valid mean is predicted:  4.217556
----------------------------------------------------------------------------
Batch:  300 || L1 share: 0.9200 || Reg: 12.0000 || Feat:   90
Apply incremental PCA on data.
300
Transform data matrix of shape:  torch.Size([300, 4915200])
269
Transform data matrix of shape:  torch.Size([269, 4915200])
MAE of ElasticNet:  2.927160808139429
MAE on valid when valid mean is predicted:  4.2175565
----------------------------------------------------------------------------
Batch:  300 || L1 share: 0.9200 || Reg: 12.0000 || Feat:  120
Apply incremental PCA on data.
300
Transform data matrix of shape:  torch.Size([300, 4915200])
269
Transform data matrix of shape:  torch.Size([269, 4915200])
MAE of ElasticNet:  3.0395600165389993
MAE on valid when valid mean is predicted:  4.217556
----------------------------------------------------------------------------
Batch:  300 || L1 share: 0.9200 || Reg: 12.0000 || Feat:  140
Apply incremental PCA on data.
