------------------------------------------------
Job ID: 36175042
Run on host: compg010.hpc.in.bmrc.ox.ac.uk
Operating system: Linux
Username: lhw539
Started at: Fri Feb 12 11:22:29 GMT 2021
------------------------------------------------
Number of GPUs:  2
----------------------------------------------------------------------------------------------------------------------
Passed arguments: 
{'DEBUG': 'full', 'TRAIN': 'pre_full', 'BATCH_SIZE': 8, 'NUM_WORKERS': 4, 'LOSS': 'kl', 'DROP': 0.5, 'PRE': 'age', 'TASK': 'age', 'RUN': 0, 'PATH': None, 'INIT': 7, 'PL': 'none', 'PRO': 'full', 'WDEC': 0.001, 'MOM': 0.9, 'GAMMA': 0.3, 'N_EPOCHS': 150, 'PAT': 30, 'LR': 0.01, 'PL_LL': 'none', 'WDEC_LL': 0.0, 'MOM_LL': 0.0, 'GAMMA_LL': 0.1, 'N_EPOCHS_LL': 25, 'PAT_LL': 1, 'LR_LL': 0.01, 'RETRAIN': 0, 'PRINT_EVERY': 1}

----------------------------------------------------------------------------------------------------------------------
Pre-trained on:  age  prediction.
Run:  run_20191206_00_epoch_best_mae.p
Loading loaded OASIS train data.
Loading loaded OASIS   val data.

Start training of full model:  2021-02-12 11:22:37.156886
----------------------------------------------------------------------------------------------------------------------
|epoch:   0 | lr: 0.010 |train kld: 2.43095 |train kld ravg: 2.43095 |train mae:  6.14227 |train mae ravg:  6.14227 |val kld: 3.46754 |val kldravg: 3.46754 |val mae:  7.62607 |val mae ravg:  7.62607 |
|epoch:   1 | lr: 0.010 |train kld: 2.12258 |train kld ravg: 2.27677 |train mae:  6.06569 |train mae ravg:  6.10398 |val kld: 2.24919 |val kldravg: 2.85837 |val mae:  7.29066 |val mae ravg:  7.45836 |
|epoch:   2 | lr: 0.010 |train kld: 2.08132 |train kld ravg: 2.21162 |train mae:  6.03232 |train mae ravg:  6.08009 |val kld: 2.23490 |val kldravg: 2.65054 |val mae:  7.24338 |val mae ravg:  7.38670 |
|epoch:   3 | lr: 0.010 |train kld: 2.04145 |train kld ravg: 2.08178 |train mae:  5.98626 |train mae ravg:  6.02809 |val kld: 2.26114 |val kldravg: 2.24841 |val mae:  7.56008 |val mae ravg:  7.36470 |
|epoch:   4 | lr: 0.010 |train kld: 2.02988 |train kld ravg: 2.05088 |train mae:  5.79833 |train mae ravg:  5.93897 |val kld: 2.23278 |val kldravg: 2.24294 |val mae:  7.34152 |val mae ravg:  7.38166 |
|epoch:   5 | lr: 0.010 |train kld: 2.01635 |train kld ravg: 2.02922 |train mae:  5.82570 |train mae ravg:  5.87010 |val kld: 2.46672 |val kldravg: 2.32022 |val mae:  7.65342 |val mae ravg:  7.51834 |
|epoch:   6 | lr: 0.010 |train kld: 2.00042 |train kld ravg: 2.01555 |train mae:  5.73898 |train mae ravg:  5.78767 |val kld: 2.22952 |val kldravg: 2.30968 |val mae:  6.95474 |val mae ravg:  7.31656 |
|epoch:   7 | lr: 0.010 |train kld: 1.95869 |train kld ravg: 1.99182 |train mae:  5.66255 |train mae ravg:  5.74241 |val kld: 3.38601 |val kldravg: 2.69409 |val mae:  8.42406 |val mae ravg:  7.67741 |
|epoch:   8 | lr: 0.010 |train kld: 2.00345 |train kld ravg: 1.98752 |train mae:  5.67502 |train mae ravg:  5.69218 |val kld: 2.14693 |val kldravg: 2.58749 |val mae:  7.06779 |val mae ravg:  7.48220 |
|epoch:   9 | lr: 0.010 |train kld: 1.95071 |train kld ravg: 1.97095 |train mae:  5.58942 |train mae ravg:  5.64233 |val kld: 2.48156 |val kldravg: 2.67150 |val mae:  8.57056 |val mae ravg:  8.02080 |
|epoch:  10 | lr: 0.010 |train kld: 1.96269 |train kld ravg: 1.97228 |train mae:  5.59825 |train mae ravg:  5.62090 |val kld: 2.12755 |val kldravg: 2.25201 |val mae:  6.66783 |val mae ravg:  7.43539 |
|epoch:  11 | lr: 0.010 |train kld: 1.91823 |train kld ravg: 1.94388 |train mae:  5.47524 |train mae ravg:  5.55430 |val kld: 2.52443 |val kldravg: 2.37785 |val mae:  8.91274 |val mae ravg:  8.05037 |
|epoch:  12 | lr: 0.010 |train kld: 1.88351 |train kld ravg: 1.92148 |train mae:  5.27332 |train mae ravg:  5.44894 |val kld: 2.15351 |val kldravg: 2.26850 |val mae:  7.48423 |val mae ravg:  7.68827 |
|epoch:  13 | lr: 0.010 |train kld: 1.88694 |train kld ravg: 1.89623 |train mae:  5.30217 |train mae ravg:  5.35024 |val kld: 2.09078 |val kldravg: 2.25624 |val mae:  6.81145 |val mae ravg:  7.73614 |
|epoch:  14 | lr: 0.010 |train kld: 1.89194 |train kld ravg: 1.88746 |train mae:  5.30567 |train mae ravg:  5.29372 |val kld: 3.16153 |val kldravg: 2.46860 |val mae:  10.37479 |val mae ravg:  8.22349 |
|epoch:  15 | lr: 0.010 |train kld: 1.84685 |train kld ravg: 1.87524 |train mae:  5.10498 |train mae ravg:  5.23761 |val kld: 2.76401 |val kldravg: 2.67210 |val mae:  9.90636 |val mae ravg:  9.03087 |
|epoch:  16 | lr: 0.010 |train kld: 1.83229 |train kld ravg: 1.85703 |train mae:  5.06129 |train mae ravg:  5.15731 |val kld: 2.09795 |val kldravg: 2.67450 |val mae:  6.02730 |val mae ravg:  8.76948 |
|epoch:  17 | lr: 0.010 |train kld: 1.87794 |train kld ravg: 1.85236 |train mae:  5.25780 |train mae ravg:  5.14136 |val kld: 2.54362 |val kldravg: 2.46853 |val mae:  7.03798 |val mae ravg:  7.65721 |
|epoch:  18 | lr: 0.010 |train kld: 1.82100 |train kld ravg: 1.84374 |train mae:  5.03103 |train mae ravg:  5.11671 |val kld: 2.44397 |val kldravg: 2.36185 |val mae:  8.92916 |val mae ravg:  7.33148 |
|epoch:  19 | lr: 0.010 |train kld: 1.82876 |train kld ravg: 1.84256 |train mae:  4.90503 |train mae ravg:  5.06462 |val kld: 2.08786 |val kldravg: 2.35848 |val mae:  5.87202 |val mae ravg:  7.27972 |
|epoch:  20 | lr: 0.010 |train kld: 1.83298 |train kld ravg: 1.82758 |train mae:  5.03311 |train mae ravg:  4.98972 |val kld: 2.14345 |val kldravg: 2.22509 |val mae:  6.06798 |val mae ravg:  6.95639 |
|epoch:  21 | lr: 0.010 |train kld: 1.78800 |train kld ravg: 1.81658 |train mae:  4.71777 |train mae ravg:  4.88530 |val kld: 2.01522 |val kldravg: 2.08218 |val mae:  5.50755 |val mae ravg:  5.81585 |
|epoch:  22 | lr: 0.010 |train kld: 1.80129 |train kld ravg: 1.80743 |train mae:  4.80652 |train mae ravg:  4.85247 |val kld: 2.02222 |val kldravg: 2.06030 |val mae:  5.92295 |val mae ravg:  5.83283 |
|epoch:  23 | lr: 0.010 |train kld: 1.82252 |train kld ravg: 1.80394 |train mae:  4.87646 |train mae ravg:  4.80025 |val kld: 2.29480 |val kldravg: 2.11075 |val mae:  5.74011 |val mae ravg:  5.72354 |
|epoch:  24 | lr: 0.010 |train kld: 1.80518 |train kld ravg: 1.80966 |train mae:  4.86777 |train mae ravg:  4.85025 |val kld: 2.08662 |val kldravg: 2.13454 |val mae:  5.97461 |val mae ravg:  5.87922 |
|epoch:  25 | lr: 0.010 |train kld: 1.80003 |train kld ravg: 1.80924 |train mae:  4.78365 |train mae ravg:  4.84263 |val kld: 1.98343 |val kldravg: 2.12161 |val mae:  5.63461 |val mae ravg:  5.78311 |
|epoch:  26 | lr: 0.010 |train kld: 1.76991 |train kld ravg: 1.79171 |train mae:  4.80681 |train mae ravg:  4.81941 |val kld: 2.69609 |val kldravg: 2.25538 |val mae:  9.22727 |val mae ravg:  6.94550 |
|epoch:  27 | lr: 0.010 |train kld: 1.74840 |train kld ravg: 1.77278 |train mae:  4.60008 |train mae ravg:  4.73018 |val kld: 1.99553 |val kldravg: 2.22501 |val mae:  5.39793 |val mae ravg:  6.75327 |
|epoch:  28 | lr: 0.010 |train kld: 1.79901 |train kld ravg: 1.77244 |train mae:  4.92454 |train mae ravg:  4.77714 |val kld: 2.80627 |val kldravg: 2.49929 |val mae:  10.00354 |val mae ravg:  8.20958 |
|epoch:  29 | lr: 0.010 |train kld: 1.73582 |train kld ravg: 1.76108 |train mae:  4.51815 |train mae ravg:  4.68092 |val kld: 2.60965 |val kldravg: 2.47048 |val mae:  8.97867 |val mae ravg:  8.12671 |
|epoch:  30 | lr: 0.010 |train kld: 1.74693 |train kld ravg: 1.76059 |train mae:  4.48720 |train mae ravg:  4.64329 |val kld: 2.96065 |val kldravg: 2.79219 |val mae:  8.47037 |val mae ravg:  9.15086 |
|epoch:  31 | lr: 0.003 |train kld: 1.69969 |train kld ravg: 1.72748 |train mae:  4.41205 |train mae ravg:  4.47246 |val kld: 2.57986 |val kldravg: 2.71672 |val mae:  6.54254 |val mae ravg:  7.99719 |
|epoch:  32 | lr: 0.003 |train kld: 1.66853 |train kld ravg: 1.70505 |train mae:  4.37875 |train mae ravg:  4.42600 |val kld: 1.92055 |val kldravg: 2.48702 |val mae:  5.44113 |val mae ravg:  6.81801 |
|epoch:  33 | lr: 0.003 |train kld: 1.62824 |train kld ravg: 1.66549 |train mae:  4.11463 |train mae ravg:  4.30181 |val kld: 2.42265 |val kldravg: 2.30769 |val mae:  5.75759 |val mae ravg:  5.91375 |
|epoch:  34 | lr: 0.003 |train kld: 1.61112 |train kld ravg: 1.63596 |train mae:  3.97180 |train mae ravg:  4.15506 |val kld: 2.24681 |val kldravg: 2.19667 |val mae:  5.37366 |val mae ravg:  5.52413 |
|epoch:  35 | lr: 0.003 |train kld: 1.69355 |train kld ravg: 1.64430 |train mae:  4.40081 |train mae ravg:  4.16241 |val kld: 2.33625 |val kldravg: 2.33523 |val mae:  6.41019 |val mae ravg:  5.84715 |
|epoch:  36 | lr: 0.003 |train kld: 1.60994 |train kld ravg: 1.63820 |train mae:  3.99797 |train mae ravg:  4.12353 |val kld: 2.11634 |val kldravg: 2.23313 |val mae:  6.57439 |val mae ravg:  6.11941 |
|epoch:  37 | lr: 0.003 |train kld: 1.62980 |train kld ravg: 1.64443 |train mae:  4.12481 |train mae ravg:  4.17453 |val kld: 2.69815 |val kldravg: 2.38358 |val mae:  8.94960 |val mae ravg:  7.31139 |
|epoch:  38 | lr: 0.003 |train kld: 1.67141 |train kld ravg: 1.63705 |train mae:  4.32823 |train mae ravg:  4.15034 |val kld: 2.02535 |val kldravg: 2.27995 |val mae:  6.22975 |val mae ravg:  7.25125 |
|epoch:  39 | lr: 0.003 |train kld: 1.65529 |train kld ravg: 1.65216 |train mae:  4.28752 |train mae ravg:  4.24685 |val kld: 2.61302 |val kldravg: 2.44550 |val mae:  7.18497 |val mae ravg:  7.45477 |
|epoch:  40 | lr: 0.003 |train kld: 1.60419 |train kld ravg: 1.64363 |train mae:  3.82999 |train mae ravg:  4.14858 |val kld: 2.16357 |val kldravg: 2.26731 |val mae:  5.68692 |val mae ravg:  6.36721 |
|epoch:  41 | lr: 0.003 |train kld: 1.60302 |train kld ravg: 1.62083 |train mae:  3.84705 |train mae ravg:  3.98819 |val kld: 2.34009 |val kldravg: 2.37223 |val mae:  5.91249 |val mae ravg:  6.26146 |
|epoch:  42 | lr: 0.003 |train kld: 1.58334 |train kld ravg: 1.59685 |train mae:  3.85873 |train mae ravg:  3.84526 |val kld: 1.99223 |val kldravg: 2.16530 |val mae:  5.19869 |val mae ravg:  5.59937 |
|epoch:  43 | lr: 0.003 |train kld: 1.60855 |train kld ravg: 1.59830 |train mae:  4.04875 |train mae ravg:  3.91818 |val kld: 3.44402 |val kldravg: 2.59211 |val mae:  9.10613 |val mae ravg:  6.73910 |
|epoch:  44 | lr: 0.003 |train kld: 1.61705 |train kld ravg: 1.60298 |train mae:  3.95882 |train mae ravg:  3.95543 |val kld: 1.83252 |val kldravg: 2.42293 |val mae:  4.86144 |val mae ravg:  6.38875 |
|epoch:  45 | lr: 0.003 |train kld: 1.58910 |train kld ravg: 1.60490 |train mae:  3.85845 |train mae ravg:  3.95534 |val kld: 2.49303 |val kldravg: 2.58986 |val mae:  5.87520 |val mae ravg:  6.61426 |
|epoch:  46 | lr: 0.003 |train kld: 1.58626 |train kld ravg: 1.59747 |train mae:  3.90347 |train mae ravg:  3.90691 |val kld: 1.86536 |val kldravg: 2.06364 |val mae:  5.33508 |val mae ravg:  5.35724 |
|epoch:  47 | lr: 0.003 |train kld: 1.59523 |train kld ravg: 1.59020 |train mae:  3.93896 |train mae ravg:  3.90029 |val kld: 2.14139 |val kldravg: 2.16659 |val mae:  5.52915 |val mae ravg:  5.57981 |
|epoch:  48 | lr: 0.003 |train kld: 1.53146 |train kld ravg: 1.57099 |train mae:  3.59312 |train mae ravg:  3.81185 |val kld: 2.01182 |val kldravg: 2.00619 |val mae:  5.40533 |val mae ravg:  5.42318 |
|epoch:  49 | lr: 0.003 |train kld: 1.55701 |train kld ravg: 1.56124 |train mae:  3.92352 |train mae ravg:  3.81853 |val kld: 2.37332 |val kldravg: 2.17551 |val mae:  8.34154 |val mae ravg:  6.42534 |
|epoch:  50 | lr: 0.003 |train kld: 1.59012 |train kld ravg: 1.55953 |train mae:  3.90423 |train mae ravg:  3.80695 |val kld: 1.93975 |val kldravg: 2.10830 |val mae:  5.12551 |val mae ravg:  6.29079 |
|epoch:  51 | lr: 0.003 |train kld: 1.55820 |train kld ravg: 1.56844 |train mae:  3.81484 |train mae ravg:  3.88086 |val kld: 1.96298 |val kldravg: 2.09202 |val mae:  6.02254 |val mae ravg:  6.49653 |
|epoch:  52 | lr: 0.003 |train kld: 1.61879 |train kld ravg: 1.58903 |train mae:  4.17334 |train mae ravg:  3.96414 |val kld: 2.07662 |val kldravg: 1.99311 |val mae:  5.60685 |val mae ravg:  5.58497 |
|epoch:  53 | lr: 0.003 |train kld: 1.56982 |train kld ravg: 1.58227 |train mae:  3.82664 |train mae ravg:  3.93827 |val kld: 2.34393 |val kldravg: 2.12784 |val mae:  5.85746 |val mae ravg:  5.82895 |
|epoch:  54 | lr: 0.003 |train kld: 1.54014 |train kld ravg: 1.57625 |train mae:  3.70904 |train mae ravg:  3.90301 |val kld: 2.12385 |val kldravg: 2.18147 |val mae:  6.48567 |val mae ravg:  5.98333 |
|epoch:  55 | lr: 0.003 |train kld: 1.59948 |train kld ravg: 1.56981 |train mae:  4.08149 |train mae ravg:  3.87239 |val kld: 2.86560 |val kldravg: 2.44446 |val mae:  10.11562 |val mae ravg:  7.48625 |
|epoch:  56 | lr: 0.003 |train kld: 1.53877 |train kld ravg: 1.55947 |train mae:  3.78369 |train mae ravg:  3.85807 |val kld: 1.96334 |val kldravg: 2.31760 |val mae:  5.04731 |val mae ravg:  7.21620 |
|epoch:  57 | lr: 0.003 |train kld: 1.51173 |train kld ravg: 1.55000 |train mae:  3.70070 |train mae ravg:  3.85529 |val kld: 1.96186 |val kldravg: 2.26360 |val mae:  5.57189 |val mae ravg:  6.91161 |
|epoch:  58 | lr: 0.003 |train kld: 1.54577 |train kld ravg: 1.53209 |train mae:  3.79647 |train mae ravg:  3.76029 |val kld: 2.85847 |val kldravg: 2.26122 |val mae:  7.92551 |val mae ravg:  6.18157 |
|epoch:  59 | lr: 0.003 |train kld: 1.50108 |train kld ravg: 1.51953 |train mae:  3.59800 |train mae ravg:  3.69839 |val kld: 2.41589 |val kldravg: 2.41207 |val mae:  5.64128 |val mae ravg:  6.37956 |
|epoch:  60 | lr: 0.003 |train kld: 1.49876 |train kld ravg: 1.51521 |train mae:  3.57967 |train mae ravg:  3.65805 |val kld: 2.16394 |val kldravg: 2.47943 |val mae:  5.27772 |val mae ravg:  6.28150 |
|epoch:  61 | lr: 0.003 |train kld: 1.49226 |train kld ravg: 1.49737 |train mae:  3.60321 |train mae ravg:  3.59363 |val kld: 4.57890 |val kldravg: 3.05291 |val mae:  8.48344 |val mae ravg:  6.46748 |
|epoch:  62 | lr: 0.001 |train kld: 1.46595 |train kld ravg: 1.48566 |train mae:  3.52091 |train mae ravg:  3.56793 |val kld: 2.03566 |val kldravg: 2.92617 |val mae:  5.03109 |val mae ravg:  6.26408 |
|epoch:  63 | lr: 0.001 |train kld: 1.43274 |train kld ravg: 1.46365 |train mae:  3.29913 |train mae ravg:  3.47441 |val kld: 1.80496 |val kldravg: 2.80651 |val mae:  4.80729 |val mae ravg:  6.10728 |
|epoch:  64 | lr: 0.001 |train kld: 1.44872 |train kld ravg: 1.44914 |train mae:  3.39640 |train mae ravg:  3.40548 |val kld: 1.80456 |val kldravg: 1.88173 |val mae:  4.61504 |val mae ravg:  4.81781 |
|epoch:  65 | lr: 0.001 |train kld: 1.45183 |train kld ravg: 1.44443 |train mae:  3.41116 |train mae ravg:  3.36890 |val kld: 1.89156 |val kldravg: 1.83369 |val mae:  5.69729 |val mae ravg:  5.03987 |
|epoch:  66 | lr: 0.001 |train kld: 1.47662 |train kld ravg: 1.45906 |train mae:  3.60694 |train mae ravg:  3.47150 |val kld: 1.82643 |val kldravg: 1.84085 |val mae:  5.08093 |val mae ravg:  5.13109 |
|epoch:  67 | lr: 0.001 |train kld: 1.42376 |train kld ravg: 1.45074 |train mae:  3.28520 |train mae ravg:  3.43443 |val kld: 1.81644 |val kldravg: 1.84481 |val mae:  4.98190 |val mae ravg:  5.25337 |
|epoch:  68 | lr: 0.001 |train kld: 1.45893 |train kld ravg: 1.45310 |train mae:  3.38870 |train mae ravg:  3.42695 |val kld: 1.80463 |val kldravg: 1.81583 |val mae:  5.16117 |val mae ravg:  5.07467 |
|epoch:  69 | lr: 0.001 |train kld: 1.45272 |train kld ravg: 1.44514 |train mae:  3.46648 |train mae ravg:  3.38013 |val kld: 2.48082 |val kldravg: 2.03397 |val mae:  5.81047 |val mae ravg:  5.31785 |
|epoch:  70 | lr: 0.001 |train kld: 1.44925 |train kld ravg: 1.45363 |train mae:  3.45779 |train mae ravg:  3.43766 |val kld: 2.15613 |val kldravg: 2.14719 |val mae:  6.39716 |val mae ravg:  5.78960 |
|epoch:  71 | lr: 0.001 |train kld: 1.46162 |train kld ravg: 1.45453 |train mae:  3.48509 |train mae ravg:  3.46979 |val kld: 1.85676 |val kldravg: 2.16457 |val mae:  4.69572 |val mae ravg:  5.63445 |
|epoch:  72 | lr: 0.001 |train kld: 1.42338 |train kld ravg: 1.44475 |train mae:  3.31742 |train mae ravg:  3.42010 |val kld: 1.87741 |val kldravg: 1.96343 |val mae:  4.57723 |val mae ravg:  5.22337 |
|epoch:  73 | lr: 0.001 |train kld: 1.45858 |train kld ravg: 1.44786 |train mae:  3.52895 |train mae ravg:  3.44382 |val kld: 1.84443 |val kldravg: 1.85953 |val mae:  4.70200 |val mae ravg:  4.65832 |
|epoch:  74 | lr: 0.001 |train kld: 1.40886 |train kld ravg: 1.43027 |train mae:  3.24619 |train mae ravg:  3.36419 |val kld: 1.90738 |val kldravg: 1.87641 |val mae:  4.51989 |val mae ravg:  4.59971 |
|epoch:  75 | lr: 0.001 |train kld: 1.47888 |train kld ravg: 1.44877 |train mae:  3.48570 |train mae ravg:  3.42028 |val kld: 2.56800 |val kldravg: 2.10661 |val mae:  6.80189 |val mae ravg:  5.34126 |
|epoch:  76 | lr: 0.001 |train kld: 1.39052 |train kld ravg: 1.42609 |train mae:  3.24803 |train mae ravg:  3.32664 |val kld: 2.10821 |val kldravg: 2.19453 |val mae:  5.17467 |val mae ravg:  5.49882 |
|epoch:  77 | lr: 0.001 |train kld: 1.44983 |train kld ravg: 1.43974 |train mae:  3.42137 |train mae ravg:  3.38503 |val kld: 2.22727 |val kldravg: 2.30116 |val mae:  5.16990 |val mae ravg:  5.71549 |
|epoch:  78 | lr: 0.001 |train kld: 1.42148 |train kld ravg: 1.42061 |train mae:  3.28490 |train mae ravg:  3.31810 |val kld: 1.91714 |val kldravg: 2.08421 |val mae:  5.03412 |val mae ravg:  5.12623 |
|epoch:  79 | lr: 0.001 |train kld: 1.44888 |train kld ravg: 1.44006 |train mae:  3.50199 |train mae ravg:  3.40275 |val kld: 2.21117 |val kldravg: 2.11853 |val mae:  5.20799 |val mae ravg:  5.13734 |
|epoch:  80 | lr: 0.001 |train kld: 1.45370 |train kld ravg: 1.44135 |train mae:  3.47140 |train mae ravg:  3.41943 |val kld: 2.01279 |val kldravg: 2.04703 |val mae:  4.90902 |val mae ravg:  5.05038 |
|epoch:  81 | lr: 0.001 |train kld: 1.42683 |train kld ravg: 1.44314 |train mae:  3.35508 |train mae ravg:  3.44282 |val kld: 1.83968 |val kldravg: 2.02121 |val mae:  4.90256 |val mae ravg:  5.00652 |
|epoch:  82 | lr: 0.001 |train kld: 1.39933 |train kld ravg: 1.42662 |train mae:  3.26548 |train mae ravg:  3.36399 |val kld: 1.79795 |val kldravg: 1.88347 |val mae:  4.74073 |val mae ravg:  4.85077 |
|epoch:  83 | lr: 0.001 |train kld: 1.43103 |train kld ravg: 1.41907 |train mae:  3.37816 |train mae ravg:  3.33291 |val kld: 1.99176 |val kldravg: 1.87646 |val mae:  4.89452 |val mae ravg:  4.84594 |
|epoch:  84 | lr: 0.001 |train kld: 1.42074 |train kld ravg: 1.41703 |train mae:  3.29059 |train mae ravg:  3.31141 |val kld: 1.97986 |val kldravg: 1.92319 |val mae:  6.10828 |val mae ravg:  5.24784 |
|epoch:  85 | lr: 0.001 |train kld: 1.38042 |train kld ravg: 1.41073 |train mae:  3.06866 |train mae ravg:  3.24580 |val kld: 1.87393 |val kldravg: 1.94852 |val mae:  4.57658 |val mae ravg:  5.19313 |
|epoch:  86 | lr: 0.001 |train kld: 1.39812 |train kld ravg: 1.39976 |train mae:  3.33061 |train mae ravg:  3.22995 |val kld: 2.14647 |val kldravg: 2.00009 |val mae:  5.69815 |val mae ravg:  5.46101 |
|epoch:  87 | lr: 0.001 |train kld: 1.36302 |train kld ravg: 1.38052 |train mae:  3.14697 |train mae ravg:  3.18208 |val kld: 1.89432 |val kldravg: 1.97157 |val mae:  5.64908 |val mae ravg:  5.30794 |
|epoch:  88 | lr: 0.001 |train kld: 1.41231 |train kld ravg: 1.39115 |train mae:  3.31437 |train mae ravg:  3.26399 |val kld: 1.96819 |val kldravg: 2.00300 |val mae:  5.30476 |val mae ravg:  5.55066 |
|epoch:  89 | lr: 0.001 |train kld: 1.42276 |train kld ravg: 1.39936 |train mae:  3.39233 |train mae ravg:  3.28456 |val kld: 1.82766 |val kldravg: 1.89673 |val mae:  4.88715 |val mae ravg:  5.28033 |
|epoch:  90 | lr: 0.001 |train kld: 1.42913 |train kld ravg: 1.42140 |train mae:  3.36968 |train mae ravg:  3.35879 |val kld: 2.09036 |val kldravg: 1.96207 |val mae:  5.03792 |val mae ravg:  5.07661 |
|epoch:  91 | lr: 0.001 |train kld: 1.36049 |train kld ravg: 1.40413 |train mae:  3.14292 |train mae ravg:  3.30164 |val kld: 1.86966 |val kldravg: 1.92923 |val mae:  4.76416 |val mae ravg:  4.89641 |
|epoch:  92 | lr: 0.001 |train kld: 1.42684 |train kld ravg: 1.40549 |train mae:  3.38761 |train mae ravg:  3.30007 |val kld: 1.89518 |val kldravg: 1.95173 |val mae:  4.71614 |val mae ravg:  4.83941 |
|epoch:  93 | lr: 0.000 |train kld: 1.41070 |train kld ravg: 1.39934 |train mae:  3.26464 |train mae ravg:  3.26506 |val kld: 1.81024 |val kldravg: 1.85836 |val mae:  4.82197 |val mae ravg:  4.76742 |
|epoch:  94 | lr: 0.000 |train kld: 1.43025 |train kld ravg: 1.42259 |train mae:  3.40593 |train mae ravg:  3.35273 |val kld: 1.80845 |val kldravg: 1.83795 |val mae:  5.00882 |val mae ravg:  4.84898 |
|epoch:  95 | lr: 0.000 |train kld: 1.37919 |train kld ravg: 1.40671 |train mae:  3.20201 |train mae ravg:  3.29086 |val kld: 1.85322 |val kldravg: 1.82397 |val mae:  4.84331 |val mae ravg:  4.89137 |
|epoch:  96 | lr: 0.000 |train kld: 1.35965 |train kld ravg: 1.38969 |train mae:  3.05070 |train mae ravg:  3.21955 |val kld: 1.87676 |val kldravg: 1.84614 |val mae:  5.40011 |val mae ravg:  5.08408 |
|epoch:  97 | lr: 0.000 |train kld: 1.35937 |train kld ravg: 1.36607 |train mae:  3.12669 |train mae ravg:  3.12647 |val kld: 1.82422 |val kldravg: 1.85140 |val mae:  4.72449 |val mae ravg:  4.98930 |
|epoch:  98 | lr: 0.000 |train kld: 1.34223 |train kld ravg: 1.35375 |train mae:  2.97001 |train mae ravg:  3.04913 |val kld: 1.80156 |val kldravg: 1.83418 |val mae:  4.82109 |val mae ravg:  4.98190 |
|epoch:  99 | lr: 0.000 |train kld: 1.36546 |train kld ravg: 1.35569 |train mae:  3.15216 |train mae ravg:  3.08295 |val kld: 1.83409 |val kldravg: 1.81996 |val mae:  4.91538 |val mae ravg:  4.82032 |
|epoch: 100 | lr: 0.000 |train kld: 1.40003 |train kld ravg: 1.36924 |train mae:  3.39216 |train mae ravg:  3.17144 |val kld: 1.90751 |val kldravg: 1.84772 |val mae:  4.73976 |val mae ravg:  4.82541 |
|epoch: 101 | lr: 0.000 |train kld: 1.38847 |train kld ravg: 1.38466 |train mae:  3.26803 |train mae ravg:  3.27078 |val kld: 1.84265 |val kldravg: 1.86142 |val mae:  4.95880 |val mae ravg:  4.87131 |
|epoch: 102 | lr: 0.000 |train kld: 1.37349 |train kld ravg: 1.38733 |train mae:  3.11408 |train mae ravg:  3.25809 |val kld: 1.83732 |val kldravg: 1.86249 |val mae:  4.71093 |val mae ravg:  4.80316 |
|epoch: 103 | lr: 0.000 |train kld: 1.33730 |train kld ravg: 1.36642 |train mae:  2.97071 |train mae ravg:  3.11761 |val kld: 1.74500 |val kldravg: 1.80832 |val mae:  4.52228 |val mae ravg:  4.73067 |
|epoch: 104 | lr: 0.000 |train kld: 1.32940 |train kld ravg: 1.34673 |train mae:  2.99837 |train mae ravg:  3.02772 |val kld: 1.80214 |val kldravg: 1.79482 |val mae:  4.61157 |val mae ravg:  4.61493 |
|epoch: 105 | lr: 0.000 |train kld: 1.34936 |train kld ravg: 1.33869 |train mae:  3.05396 |train mae ravg:  3.00768 |val kld: 1.78617 |val kldravg: 1.77777 |val mae:  4.87629 |val mae ravg:  4.67005 |
|epoch: 106 | lr: 0.000 |train kld: 1.34378 |train kld ravg: 1.34085 |train mae:  3.08558 |train mae ravg:  3.04597 |val kld: 1.84746 |val kldravg: 1.81193 |val mae:  4.75958 |val mae ravg:  4.74915 |
|epoch: 107 | lr: 0.000 |train kld: 1.36029 |train kld ravg: 1.35114 |train mae:  3.11636 |train mae ravg:  3.08530 |val kld: 1.83755 |val kldravg: 1.82373 |val mae:  4.68236 |val mae ravg:  4.77274 |
|epoch: 108 | lr: 0.000 |train kld: 1.38447 |train kld ravg: 1.36285 |train mae:  3.25677 |train mae ravg:  3.15290 |val kld: 1.88236 |val kldravg: 1.85579 |val mae:  4.87121 |val mae ravg:  4.77105 |
|epoch: 109 | lr: 0.000 |train kld: 1.34911 |train kld ravg: 1.36462 |train mae:  3.09556 |train mae ravg:  3.15623 |val kld: 1.86935 |val kldravg: 1.86309 |val mae:  4.85976 |val mae ravg:  4.80444 |
|epoch: 110 | lr: 0.000 |train kld: 1.33654 |train kld ravg: 1.35671 |train mae:  2.97327 |train mae ravg:  3.10853 |val kld: 1.85460 |val kldravg: 1.86877 |val mae:  4.88419 |val mae ravg:  4.87172 |
|epoch: 111 | lr: 0.000 |train kld: 1.36862 |train kld ravg: 1.35142 |train mae:  3.13338 |train mae ravg:  3.06740 |val kld: 1.82652 |val kldravg: 1.85016 |val mae:  4.62603 |val mae ravg:  4.78999 |
|epoch: 112 | lr: 0.000 |train kld: 1.32383 |train kld ravg: 1.34300 |train mae:  2.94739 |train mae ravg:  3.01801 |val kld: 1.87641 |val kldravg: 1.85251 |val mae:  5.27380 |val mae ravg:  4.92801 |
|epoch: 113 | lr: 0.000 |train kld: 1.36143 |train kld ravg: 1.35129 |train mae:  3.17019 |train mae ravg:  3.08365 |val kld: 1.79442 |val kldravg: 1.83245 |val mae:  4.75423 |val mae ravg:  4.88469 |
|epoch: 114 | lr: 0.000 |train kld: 1.34719 |train kld ravg: 1.34415 |train mae:  2.98842 |train mae ravg:  3.03533 |val kld: 1.93552 |val kldravg: 1.86878 |val mae:  4.82390 |val mae ravg:  4.95065 |
|epoch: 115 | lr: 0.000 |train kld: 1.40527 |train kld ravg: 1.37130 |train mae:  3.28825 |train mae ravg:  3.14895 |val kld: 1.82272 |val kldravg: 1.85089 |val mae:  5.10074 |val mae ravg:  4.89296 |
|epoch: 116 | lr: 0.000 |train kld: 1.36621 |train kld ravg: 1.37289 |train mae:  3.08915 |train mae ravg:  3.12194 |val kld: 1.81746 |val kldravg: 1.85856 |val mae:  4.88724 |val mae ravg:  4.93729 |
|epoch: 117 | lr: 0.000 |train kld: 1.31292 |train kld ravg: 1.36147 |train mae:  2.87277 |train mae ravg:  3.08339 |val kld: 1.76036 |val kldravg: 1.80018 |val mae:  4.66036 |val mae ravg:  4.88278 |
|epoch: 118 | lr: 0.000 |train kld: 1.33280 |train kld ravg: 1.33731 |train mae:  3.02048 |train mae ravg:  2.99413 |val kld: 1.83842 |val kldravg: 1.80541 |val mae:  4.80609 |val mae ravg:  4.78457 |
|epoch: 119 | lr: 0.000 |train kld: 1.36030 |train kld ravg: 1.33534 |train mae:  3.20998 |train mae ravg:  3.03441 |val kld: 1.87335 |val kldravg: 1.82404 |val mae:  4.73065 |val mae ravg:  4.73237 |
|epoch: 120 | lr: 0.000 |train kld: 1.33542 |train kld ravg: 1.34284 |train mae:  3.08658 |train mae ravg:  3.10568 |val kld: 1.84949 |val kldravg: 1.85375 |val mae:  5.04258 |val mae ravg:  4.85978 |
|epoch: 121 | lr: 0.000 |train kld: 1.32654 |train kld ravg: 1.34075 |train mae:  2.99048 |train mae ravg:  3.09568 |val kld: 1.83796 |val kldravg: 1.85360 |val mae:  4.98786 |val mae ravg:  4.92036 |
|epoch: 122 | lr: 0.000 |train kld: 1.32852 |train kld ravg: 1.33016 |train mae:  3.04373 |train mae ravg:  3.04027 |val kld: 1.83004 |val kldravg: 1.83916 |val mae:  4.70315 |val mae ravg:  4.91120 |
|epoch: 123 | lr: 0.000 |train kld: 1.30453 |train kld ravg: 1.31986 |train mae:  2.98543 |train mae ravg:  3.00655 |val kld: 1.83010 |val kldravg: 1.83270 |val mae:  4.65682 |val mae ravg:  4.78261 |
|epoch: 124 | lr: 0.000 |train kld: 1.33059 |train kld ravg: 1.32122 |train mae:  3.08955 |train mae ravg:  3.03957 |val kld: 1.89089 |val kldravg: 1.85034 |val mae:  4.78215 |val mae ravg:  4.71404 |
|epoch: 125 | lr: 0.000 |train kld: 1.32536 |train kld ravg: 1.32016 |train mae:  3.00048 |train mae ravg:  3.02515 |val kld: 1.81415 |val kldravg: 1.84504 |val mae:  4.69430 |val mae ravg:  4.71109 |
|epoch: 126 | lr: 0.000 |train kld: 1.37976 |train kld ravg: 1.34524 |train mae:  3.32139 |train mae ravg:  3.13714 |val kld: 1.80877 |val kldravg: 1.83793 |val mae:  4.76181 |val mae ravg:  4.74609 |
|epoch: 127 | lr: 0.000 |train kld: 1.32595 |train kld ravg: 1.34369 |train mae:  2.99865 |train mae ravg:  3.10684 |val kld: 1.84387 |val kldravg: 1.82226 |val mae:  4.76618 |val mae ravg:  4.74077 |
|epoch: 128 | lr: 0.000 |train kld: 1.34100 |train kld ravg: 1.34891 |train mae:  3.08305 |train mae ravg:  3.13436 |val kld: 1.87052 |val kldravg: 1.84105 |val mae:  4.78871 |val mae ravg:  4.77223 |
|epoch: 129 | lr: 0.000 |train kld: 1.34484 |train kld ravg: 1.33727 |train mae:  3.05013 |train mae ravg:  3.04394 |val kld: 1.79200 |val kldravg: 1.83546 |val mae:  4.72093 |val mae ravg:  4.75861 |
|epoch: 130 | lr: 0.000 |train kld: 1.32524 |train kld ravg: 1.33703 |train mae:  3.00559 |train mae ravg:  3.04626 |val kld: 1.83998 |val kldravg: 1.83417 |val mae:  4.64184 |val mae ravg:  4.71716 |
|epoch: 131 | lr: 0.000 |train kld: 1.36274 |train kld ravg: 1.34427 |train mae:  3.02585 |train mae ravg:  3.02719 |val kld: 1.83449 |val kldravg: 1.82216 |val mae:  4.66849 |val mae ravg:  4.67709 |
|epoch: 132 | lr: 0.000 |train kld: 1.30758 |train kld ravg: 1.33185 |train mae:  3.02743 |train mae ravg:  3.01962 |val kld: 1.81082 |val kldravg: 1.82843 |val mae:  4.62372 |val mae ravg:  4.64468 |
|epoch: 133 | lr: 0.000 |train kld: 1.32825 |train kld ravg: 1.33286 |train mae:  2.98144 |train mae ravg:  3.01158 |val kld: 1.84605 |val kldravg: 1.83046 |val mae:  4.61793 |val mae ravg:  4.63671 |
|epoch: 134 | lr: 0.000 |train kld: 1.39138 |train kld ravg: 1.34240 |train mae:  3.10429 |train mae ravg:  3.03772 |val kld: 1.81588 |val kldravg: 1.82425 |val mae:  4.84563 |val mae ravg:  4.69576 |
|epoch: 135 | lr: 0.000 |train kld: 1.33980 |train kld ravg: 1.35315 |train mae:  3.00344 |train mae ravg:  3.02973 |val kld: 1.81301 |val kldravg: 1.82498 |val mae:  4.73779 |val mae ravg:  4.73379 |
|epoch: 136 | lr: 0.000 |train kld: 1.32020 |train kld ravg: 1.35046 |train mae:  3.09403 |train mae ravg:  3.06725 |val kld: 1.76604 |val kldravg: 1.79831 |val mae:  4.51155 |val mae ravg:  4.69832 |
|epoch: 137 | lr: 0.000 |train kld: 1.31711 |train kld ravg: 1.32571 |train mae:  3.02226 |train mae ravg:  3.03991 |val kld: 1.87144 |val kldravg: 1.81683 |val mae:  4.62921 |val mae ravg:  4.62618 |
|epoch: 138 | lr: 0.000 |train kld: 1.37187 |train kld ravg: 1.33640 |train mae:  3.24441 |train mae ravg:  3.12023 |val kld: 1.78630 |val kldravg: 1.80793 |val mae:  4.49485 |val mae ravg:  4.54520 |
|epoch: 139 | lr: 0.000 |train kld: 1.38013 |train kld ravg: 1.35637 |train mae:  3.23648 |train mae ravg:  3.16771 |val kld: 1.81777 |val kldravg: 1.82517 |val mae:  4.83214 |val mae ravg:  4.65207 |
|epoch: 140 | lr: 0.000 |train kld: 1.34067 |train kld ravg: 1.36422 |train mae:  3.07277 |train mae ravg:  3.18455 |val kld: 1.85461 |val kldravg: 1.81956 |val mae:  4.79027 |val mae ravg:  4.70575 |
|epoch: 141 | lr: 0.000 |train kld: 1.35019 |train kld ravg: 1.35700 |train mae:  3.06803 |train mae ravg:  3.12576 |val kld: 1.80835 |val kldravg: 1.82691 |val mae:  4.71930 |val mae ravg:  4.78057 |
|epoch: 142 | lr: 0.000 |train kld: 1.34835 |train kld ravg: 1.34640 |train mae:  3.10783 |train mae ravg:  3.08288 |val kld: 1.82869 |val kldravg: 1.83055 |val mae:  4.89756 |val mae ravg:  4.80238 |
|epoch: 143 | lr: 0.000 |train kld: 1.33863 |train kld ravg: 1.34572 |train mae:  3.11150 |train mae ravg:  3.09579 |val kld: 1.84362 |val kldravg: 1.82689 |val mae:  4.84673 |val mae ravg:  4.82120 |
|epoch: 144 | lr: 0.000 |train kld: 1.32426 |train kld ravg: 1.33708 |train mae:  3.00926 |train mae ravg:  3.07620 |val kld: 1.82708 |val kldravg: 1.83313 |val mae:  4.83474 |val mae ravg:  4.85968 |
|epoch: 145 | lr: 0.000 |train kld: 1.29415 |train kld ravg: 1.31902 |train mae:  2.94863 |train mae ravg:  3.02313 |val kld: 1.83781 |val kldravg: 1.83617 |val mae:  4.63862 |val mae ravg:  4.77336 |
|epoch: 146 | lr: 0.000 |train kld: 1.29944 |train kld ravg: 1.30595 |train mae:  2.93611 |train mae ravg:  2.96466 |val kld: 1.81019 |val kldravg: 1.82502 |val mae:  4.77231 |val mae ravg:  4.74856 |
|epoch: 147 | lr: 0.000 |train kld: 1.36946 |train kld ravg: 1.32102 |train mae:  3.12752 |train mae ravg:  3.00408 |val kld: 1.83826 |val kldravg: 1.82875 |val mae:  4.56115 |val mae ravg:  4.65736 |
|epoch: 148 | lr: 0.000 |train kld: 1.28628 |train kld ravg: 1.31840 |train mae:  2.73889 |train mae ravg:  2.93417 |val kld: 1.80315 |val kldravg: 1.81720 |val mae:  4.73011 |val mae ravg:  4.68786 |
|epoch: 149 | lr: 0.000 |train kld: 1.33309 |train kld ravg: 1.32961 |train mae:  2.99432 |train mae ravg:  2.95357 |val kld: 1.82192 |val kldravg: 1.82111 |val mae:  4.67539 |val mae ravg:  4.65555 |
----------------------------------------------------------------------------------------------------------------------
Finished training of full model.
2021-02-12 17:18:28.080345
Correlation between train loss and evaluation: 0.990

------------------------------------------------
Finished at: Fri Feb 12 17:18:29 GMT 2021
------------------------------------------------
