------------------------------------------------
Job ID: 38587147
Run on host: compg026.hpc.in.bmrc.ox.ac.uk
Operating system: Linux
Username: lhw539
Started at: Thu Mar 4 02:04:46 GMT 2021
------------------------------------------------
Loading ixi train data.
Loading ixi   val data.
Load model for age - run: 0
Number of GPUs:  2

Full model is being tested with weights loaded from pre-trained model.
Start:  2021-03-04 02:04:50.003449
----------------------------------------------------------------------------------------------------------------------------------------------------------------
test kld mean: 2.07142 | test kld std: nan |test mae mean:  13.37465 |test mae std:  nan |
----------------------------------------------------------------------------------------------------------------------------------------------------------------
Finished:  2021-03-04 02:04:58.247371

----------------------------------------------------------------------------------------------------------------------------------------------------------------
------------------------------------------------
Finished at: Thu Mar 4 02:04:58 GMT 2021
------------------------------------------------
