------------------------------------------------
Job ID: 42800364
Run on host: compg011.hpc.in.bmrc.ox.ac.uk
Operating system: Linux
Username: lhw539
Started at: Sat Apr 3 20:00:06 BST 2021
------------------------------------------------
Test (in contrast to train):  False
Loading share 1.00 train data.
The data was balanced for  sex .
Loading share 1.00   val data.
The data was balanced for  sex .
Load model for sex - run: 0
Output dimensions match.
Initialize classifier layer.
Reinitialize feature layers:  [5, 4, 3, 2, 1, 0]
Number of GPUs:  2
Epoch decay:  10
Gamma decay:  0.3

Full model is being trained with weights loaded from pre-trained model.
Start:  2021-04-03 20:00:12.555723
----------------------------------------------------------------------------------------------------------------------------------------------------------------
|epoch:   0 | lr: 0.005 |train ent: 0.66458 |train ent ravg: 0.66458 |train acc:  0.63158 |train acc ravg:  0.63158 |val ent: 20.36229 |val entravg: 20.36229 |val acc:  0.50000 |val acc ravg:  0.50000 |
|epoch:   1 | lr: 0.005 |train ent: 0.62737 |train ent ravg: 0.64598 |train acc:  0.66447 |train acc ravg:  0.64803 |val ent: 1.88355 |val entravg: 11.12292 |val acc:  0.51042 |val acc ravg:  0.50521 |
|epoch:   2 | lr: 0.005 |train ent: 0.55224 |train ent ravg: 0.61473 |train acc:  0.70395 |train acc ravg:  0.66667 |val ent: 1.03573 |val entravg: 7.76052 |val acc:  0.50000 |val acc ravg:  0.50347 |
|epoch:   3 | lr: 0.005 |train ent: 0.60766 |train ent ravg: 0.61296 |train acc:  0.69518 |train acc ravg:  0.67379 |val ent: 25.28036 |val entravg: 12.14048 |val acc:  0.50000 |val acc ravg:  0.50260 |
|epoch:   4 | lr: 0.005 |train ent: 0.52807 |train ent ravg: 0.59599 |train acc:  0.74561 |train acc ravg:  0.68816 |val ent: 4.66772 |val entravg: 10.64593 |val acc:  0.51042 |val acc ravg:  0.50417 |
|epoch:   5 | lr: 0.005 |train ent: 0.50236 |train ent ravg: 0.56354 |train acc:  0.75877 |train acc ravg:  0.71360 |val ent: 2.29423 |val entravg: 7.03232 |val acc:  0.51042 |val acc ravg:  0.50625 |
|epoch:   6 | lr: 0.005 |train ent: 0.46375 |train ent ravg: 0.53082 |train acc:  0.77632 |train acc ravg:  0.73596 |val ent: 3.16303 |val entravg: 7.28821 |val acc:  0.50000 |val acc ravg:  0.50417 |
|epoch:   7 | lr: 0.005 |train ent: 0.54188 |train ent ravg: 0.52874 |train acc:  0.73026 |train acc ravg:  0.74123 |val ent: 0.63573 |val entravg: 7.20822 |val acc:  0.67708 |val acc ravg:  0.53958 |
|epoch:   8 | lr: 0.005 |train ent: 0.48849 |train ent ravg: 0.50491 |train acc:  0.76316 |train acc ravg:  0.75482 |val ent: 0.51931 |val entravg: 2.25601 |val acc:  0.77083 |val acc ravg:  0.59375 |
|epoch:   9 | lr: 0.005 |train ent: 0.46994 |train ent ravg: 0.49328 |train acc:  0.78509 |train acc ravg:  0.76272 |val ent: 2.42612 |val entravg: 1.80769 |val acc:  0.48958 |val acc ravg:  0.58958 |
|epoch:  10 | lr: 0.002 |train ent: 0.49246 |train ent ravg: 0.49130 |train acc:  0.75658 |train acc ravg:  0.76228 |val ent: 0.75240 |val entravg: 1.49932 |val acc:  0.60417 |val acc ravg:  0.60833 |
|epoch:  11 | lr: 0.002 |train ent: 0.40109 |train ent ravg: 0.47877 |train acc:  0.82237 |train acc ravg:  0.77149 |val ent: 2.20206 |val entravg: 1.30713 |val acc:  0.50000 |val acc ravg:  0.60833 |
|epoch:  12 | lr: 0.002 |train ent: 0.39647 |train ent ravg: 0.44969 |train acc:  0.83114 |train acc ravg:  0.79167 |val ent: 0.58075 |val entravg: 1.29613 |val acc:  0.69792 |val acc ravg:  0.61250 |
|epoch:  13 | lr: 0.002 |train ent: 0.39220 |train ent ravg: 0.43043 |train acc:  0.82018 |train acc ravg:  0.80307 |val ent: 0.64182 |val entravg: 1.32063 |val acc:  0.68750 |val acc ravg:  0.59583 |
|epoch:  14 | lr: 0.002 |train ent: 0.42785 |train ent ravg: 0.42201 |train acc:  0.81140 |train acc ravg:  0.80833 |val ent: 1.60142 |val entravg: 1.15569 |val acc:  0.51042 |val acc ravg:  0.60000 |
|epoch:  15 | lr: 0.002 |train ent: 0.38449 |train ent ravg: 0.40042 |train acc:  0.83991 |train acc ravg:  0.82500 |val ent: 1.60678 |val entravg: 1.32657 |val acc:  0.51042 |val acc ravg:  0.58125 |
|epoch:  16 | lr: 0.002 |train ent: 0.42581 |train ent ravg: 0.40536 |train acc:  0.80921 |train acc ravg:  0.82237 |val ent: 0.49886 |val entravg: 0.98593 |val acc:  0.78125 |val acc ravg:  0.63750 |
|epoch:  17 | lr: 0.002 |train ent: 0.42905 |train ent ravg: 0.41188 |train acc:  0.80044 |train acc ravg:  0.81623 |val ent: 2.43040 |val entravg: 1.35586 |val acc:  0.50000 |val acc ravg:  0.59792 |
|epoch:  18 | lr: 0.002 |train ent: 0.40451 |train ent ravg: 0.41434 |train acc:  0.82018 |train acc ravg:  0.81623 |val ent: 0.65078 |val entravg: 1.35765 |val acc:  0.63542 |val acc ravg:  0.58750 |
|epoch:  19 | lr: 0.002 |train ent: 0.37126 |train ent ravg: 0.40302 |train acc:  0.85088 |train acc ravg:  0.82412 |val ent: 0.97603 |val entravg: 1.23257 |val acc:  0.57292 |val acc ravg:  0.60000 |
|epoch:  20 | lr: 0.000 |train ent: 0.35019 |train ent ravg: 0.39616 |train acc:  0.85307 |train acc ravg:  0.82675 |val ent: 1.10757 |val entravg: 1.13273 |val acc:  0.57292 |val acc ravg:  0.61250 |
|epoch:  21 | lr: 0.000 |train ent: 0.36113 |train ent ravg: 0.38323 |train acc:  0.84211 |train acc ravg:  0.83333 |val ent: 0.41433 |val entravg: 1.11582 |val acc:  0.80208 |val acc ravg:  0.61667 |
|epoch:  22 | lr: 0.000 |train ent: 0.34522 |train ent ravg: 0.36646 |train acc:  0.86623 |train acc ravg:  0.84649 |val ent: 0.35896 |val entravg: 0.70153 |val acc:  0.83333 |val acc ravg:  0.68333 |
|epoch:  23 | lr: 0.000 |train ent: 0.38315 |train ent ravg: 0.36219 |train acc:  0.82895 |train acc ravg:  0.84825 |val ent: 0.54997 |val entravg: 0.68137 |val acc:  0.76042 |val acc ravg:  0.70833 |
|epoch:  24 | lr: 0.000 |train ent: 0.31404 |train ent ravg: 0.35075 |train acc:  0.85965 |train acc ravg:  0.85000 |val ent: 0.48247 |val entravg: 0.58266 |val acc:  0.80208 |val acc ravg:  0.75417 |
|epoch:  25 | lr: 0.000 |train ent: 0.33706 |train ent ravg: 0.34812 |train acc:  0.83772 |train acc ravg:  0.84693 |val ent: 0.38304 |val entravg: 0.43776 |val acc:  0.82292 |val acc ravg:  0.80417 |
|epoch:  26 | lr: 0.000 |train ent: 0.31966 |train ent ravg: 0.33983 |train acc:  0.87939 |train acc ravg:  0.85439 |val ent: 0.48808 |val entravg: 0.45250 |val acc:  0.72917 |val acc ravg:  0.78958 |
|epoch:  27 | lr: 0.000 |train ent: 0.32050 |train ent ravg: 0.33488 |train acc:  0.87281 |train acc ravg:  0.85570 |val ent: 0.85777 |val entravg: 0.55226 |val acc:  0.56250 |val acc ravg:  0.73542 |
|epoch:  28 | lr: 0.000 |train ent: 0.32229 |train ent ravg: 0.32271 |train acc:  0.89035 |train acc ravg:  0.86798 |val ent: 0.38657 |val entravg: 0.51959 |val acc:  0.86458 |val acc ravg:  0.75625 |
|epoch:  29 | lr: 0.000 |train ent: 0.33134 |train ent ravg: 0.32617 |train acc:  0.89035 |train acc ravg:  0.87412 |val ent: 0.64494 |val entravg: 0.55208 |val acc:  0.70833 |val acc ravg:  0.73750 |
|epoch:  30 | lr: 0.000 |train ent: 0.29868 |train ent ravg: 0.31849 |train acc:  0.88816 |train acc ravg:  0.88421 |val ent: 0.32915 |val entravg: 0.54130 |val acc:  0.82292 |val acc ravg:  0.73750 |
|epoch:  31 | lr: 0.000 |train ent: 0.27261 |train ent ravg: 0.30909 |train acc:  0.90132 |train acc ravg:  0.88860 |val ent: 0.35105 |val entravg: 0.51389 |val acc:  0.84375 |val acc ravg:  0.76042 |
|epoch:  32 | lr: 0.000 |train ent: 0.29320 |train ent ravg: 0.30362 |train acc:  0.86842 |train acc ravg:  0.88772 |val ent: 0.32125 |val entravg: 0.40659 |val acc:  0.91667 |val acc ravg:  0.83125 |
|epoch:  33 | lr: 0.000 |train ent: 0.26904 |train ent ravg: 0.29297 |train acc:  0.91009 |train acc ravg:  0.89167 |val ent: 0.42038 |val entravg: 0.41335 |val acc:  0.78125 |val acc ravg:  0.81458 |
|epoch:  34 | lr: 0.000 |train ent: 0.29163 |train ent ravg: 0.28503 |train acc:  0.88158 |train acc ravg:  0.88991 |val ent: 0.31893 |val entravg: 0.34815 |val acc:  0.90625 |val acc ravg:  0.85417 |
|epoch:  35 | lr: 0.000 |train ent: 0.27937 |train ent ravg: 0.28117 |train acc:  0.90570 |train acc ravg:  0.89342 |val ent: 0.52553 |val entravg: 0.38743 |val acc:  0.69792 |val acc ravg:  0.82917 |
|epoch:  36 | lr: 0.000 |train ent: 0.27132 |train ent ravg: 0.28091 |train acc:  0.91447 |train acc ravg:  0.89605 |val ent: 0.45318 |val entravg: 0.40785 |val acc:  0.72917 |val acc ravg:  0.80625 |
|epoch:  37 | lr: 0.000 |train ent: 0.29349 |train ent ravg: 0.28097 |train acc:  0.89474 |train acc ravg:  0.90132 |val ent: 0.54783 |val entravg: 0.45317 |val acc:  0.65625 |val acc ravg:  0.75417 |
|epoch:  38 | lr: 0.000 |train ent: 0.26486 |train ent ravg: 0.28013 |train acc:  0.89035 |train acc ravg:  0.89737 |val ent: 0.42144 |val entravg: 0.45338 |val acc:  0.76042 |val acc ravg:  0.75000 |
|epoch:  39 | lr: 0.000 |train ent: 0.29755 |train ent ravg: 0.28132 |train acc:  0.87281 |train acc ravg:  0.89561 |val ent: 0.30367 |val entravg: 0.45033 |val acc:  0.90625 |val acc ravg:  0.75000 |
|epoch:  40 | lr: 0.000 |train ent: 0.23529 |train ent ravg: 0.27250 |train acc:  0.91228 |train acc ravg:  0.89693 |val ent: 0.31090 |val entravg: 0.40740 |val acc:  0.88542 |val acc ravg:  0.78750 |
|epoch:  41 | lr: 0.000 |train ent: 0.26188 |train ent ravg: 0.27061 |train acc:  0.89474 |train acc ravg:  0.89298 |val ent: 0.29059 |val entravg: 0.37489 |val acc:  0.89583 |val acc ravg:  0.82083 |
|epoch:  42 | lr: 0.000 |train ent: 0.25802 |train ent ravg: 0.26352 |train acc:  0.90789 |train acc ravg:  0.89561 |val ent: 0.29919 |val entravg: 0.32516 |val acc:  0.89583 |val acc ravg:  0.86875 |
|epoch:  43 | lr: 0.000 |train ent: 0.27413 |train ent ravg: 0.26537 |train acc:  0.89035 |train acc ravg:  0.89561 |val ent: 0.31431 |val entravg: 0.30373 |val acc:  0.88542 |val acc ravg:  0.89375 |
|epoch:  44 | lr: 0.000 |train ent: 0.27794 |train ent ravg: 0.26145 |train acc:  0.90789 |train acc ravg:  0.90263 |val ent: 0.29404 |val entravg: 0.30181 |val acc:  0.89583 |val acc ravg:  0.89167 |
|epoch:  45 | lr: 0.000 |train ent: 0.30192 |train ent ravg: 0.27478 |train acc:  0.89693 |train acc ravg:  0.89956 |val ent: 0.54962 |val entravg: 0.34955 |val acc:  0.65625 |val acc ravg:  0.84583 |
|epoch:  46 | lr: 0.000 |train ent: 0.27455 |train ent ravg: 0.27731 |train acc:  0.90570 |train acc ravg:  0.90175 |val ent: 0.39774 |val entravg: 0.37098 |val acc:  0.77083 |val acc ravg:  0.82083 |
|epoch:  47 | lr: 0.000 |train ent: 0.25702 |train ent ravg: 0.27711 |train acc:  0.91447 |train acc ravg:  0.90307 |val ent: 0.29517 |val entravg: 0.37018 |val acc:  0.90625 |val acc ravg:  0.82292 |
|epoch:  48 | lr: 0.000 |train ent: 0.25206 |train ent ravg: 0.27270 |train acc:  0.92325 |train acc ravg:  0.90965 |val ent: 0.32494 |val entravg: 0.37230 |val acc:  0.87500 |val acc ravg:  0.82083 |
|epoch:  49 | lr: 0.000 |train ent: 0.25765 |train ent ravg: 0.26864 |train acc:  0.91009 |train acc ravg:  0.91009 |val ent: 0.42662 |val entravg: 0.39882 |val acc:  0.73958 |val acc ravg:  0.78958 |
|epoch:  50 | lr: 0.000 |train ent: 0.25540 |train ent ravg: 0.25933 |train acc:  0.90789 |train acc ravg:  0.91228 |val ent: 0.33952 |val entravg: 0.35680 |val acc:  0.83333 |val acc ravg:  0.82500 |
|epoch:  51 | lr: 0.000 |train ent: 0.23026 |train ent ravg: 0.25048 |train acc:  0.93202 |train acc ravg:  0.91754 |val ent: 0.32521 |val entravg: 0.34229 |val acc:  0.86458 |val acc ravg:  0.84375 |
|epoch:  52 | lr: 0.000 |train ent: 0.24183 |train ent ravg: 0.24744 |train acc:  0.92763 |train acc ravg:  0.92018 |val ent: 0.40493 |val entravg: 0.36424 |val acc:  0.77083 |val acc ravg:  0.81667 |
|epoch:  53 | lr: 0.000 |train ent: 0.25267 |train ent ravg: 0.24756 |train acc:  0.92105 |train acc ravg:  0.91974 |val ent: 0.28866 |val entravg: 0.35699 |val acc:  0.89583 |val acc ravg:  0.82083 |
|epoch:  54 | lr: 0.000 |train ent: 0.24829 |train ent ravg: 0.24569 |train acc:  0.90351 |train acc ravg:  0.91842 |val ent: 0.31170 |val entravg: 0.33401 |val acc:  0.88542 |val acc ravg:  0.85000 |
|epoch:  55 | lr: 0.000 |train ent: 0.26107 |train ent ravg: 0.24682 |train acc:  0.91228 |train acc ravg:  0.91930 |val ent: 0.32739 |val entravg: 0.33158 |val acc:  0.85417 |val acc ravg:  0.85417 |
|epoch:  56 | lr: 0.000 |train ent: 0.28165 |train ent ravg: 0.25710 |train acc:  0.90132 |train acc ravg:  0.91316 |val ent: 0.30604 |val entravg: 0.32775 |val acc:  0.88542 |val acc ravg:  0.85833 |
|epoch:  57 | lr: 0.000 |train ent: 0.23296 |train ent ravg: 0.25533 |train acc:  0.93860 |train acc ravg:  0.91535 |val ent: 0.32242 |val entravg: 0.31124 |val acc:  0.86458 |val acc ravg:  0.87708 |
|epoch:  58 | lr: 0.000 |train ent: 0.28353 |train ent ravg: 0.26150 |train acc:  0.89912 |train acc ravg:  0.91096 |val ent: 0.31654 |val entravg: 0.31682 |val acc:  0.86458 |val acc ravg:  0.87083 |
|epoch:  59 | lr: 0.000 |train ent: 0.25681 |train ent ravg: 0.26320 |train acc:  0.90351 |train acc ravg:  0.91096 |val ent: 0.39051 |val entravg: 0.33258 |val acc:  0.78125 |val acc ravg:  0.85000 |
----------------------------------------------------------------------------------------------------------------------------------------------------------------
Finished:  2021-04-03 22:59:45.785442

Correlation between train loss and evaluation: -0.990

----------------------------------------------------------------------------------------------------------------------------------------------------------------
Save configfile.
Loading share 1.00  test data.
The data was balanced for  sex .
Number of GPUs:  2

Model loaded from None is being tested.
Start:  2021-04-03 22:59:45.890893
----------------------------------------------------------------------------------------------------------------------------------------------------------------
test ent mean: 0.35616 | test ent std: 0.00064 |test acc mean:  0.84142 |test acc std:  0.00070 |
----------------------------------------------------------------------------------------------------------------------------------------------------------------
Finished:  2021-04-03 23:02:15.990072

Correlation between train loss and evaluation: -0.346

----------------------------------------------------------------------------------------------------------------------------------------------------------------
------------------------------------------------
Finished at: Sat Apr 3 23:02:17 BST 2021
------------------------------------------------
