------------------------------------------------
Job ID: 
Run on host: win000.hpc.in.bmrc.ox.ac.uk
Operating system: Linux
Username: lhw539
Started at: Wed Mar 24 13:17:52 GMT 2021
------------------------------------------------
Test (in contrast to train):  False
------------------------------------------------
Finished at: Wed Mar 24 13:17:55 GMT 2021
------------------------------------------------
------------------------------------------------
Job ID: 
Run on host: win000.hpc.in.bmrc.ox.ac.uk
Operating system: Linux
Username: lhw539
Started at: Wed Mar 24 13:22:16 GMT 2021
------------------------------------------------
Test (in contrast to train):  False
Loading ixi train data.
Loading ixi   val data.
Apply PCA on full data.
215
Transform data matrix of shape:  torch.Size([215, 4915200])
108
Transform data matrix of shape:  torch.Size([108, 4915200])
MAE of ElasticNet:  10.679379715883647
MAE on valid when valid mean is predicted:  14.85839
Save configfile.
Loading ixi  test data.
215
Transform data matrix of shape:  torch.Size([215, 4915200])
MAE of ElasticNet:  10.036579825995938
MAE on valid when valid mean is predicted:  13.025216
------------------------------------------------
Finished at: Wed Mar 24 13:28:58 GMT 2021
------------------------------------------------
