------------------------------------------------
Job ID: 
Run on host: win000.hpc.in.bmrc.ox.ac.uk
Operating system: Linux
Username: lhw539
Started at: Sun Feb 14 16:18:52 GMT 2021
------------------------------------------------
------------------------------------------------
{'DEBUG': 'full', 'BATCH': 500, 'N_COMP': None, 'L1RAT': 0.3, 'REG': 0.01, 'TASK': 'sex', 'FEAT': 5}
Loading loaded OASIS train data.
Loading loaded OASIS   val data.
Accuracy of regression:  0.62637365
------------------------------------------------
------------------------------------------------
{'DEBUG': 'full', 'BATCH': 500, 'N_COMP': None, 'L1RAT': 0.3, 'REG': 0.01, 'TASK': 'sex', 'FEAT': 10}
Loading loaded OASIS train data.
Loading loaded OASIS   val data.
Accuracy of regression:  0.7032967
------------------------------------------------
------------------------------------------------
{'DEBUG': 'full', 'BATCH': 500, 'N_COMP': None, 'L1RAT': 0.3, 'REG': 0.01, 'TASK': 'sex', 'FEAT': 20}
Loading loaded OASIS train data.
Loading loaded OASIS   val data.
Accuracy of regression:  0.50549453
------------------------------------------------
------------------------------------------------
{'DEBUG': 'full', 'BATCH': 500, 'N_COMP': None, 'L1RAT': 0.3, 'REG': 0.01, 'TASK': 'sex', 'FEAT': 30}
Loading loaded OASIS train data.
Loading loaded OASIS   val data.
Accuracy of regression:  0.6703297
------------------------------------------------
------------------------------------------------
{'DEBUG': 'full', 'BATCH': 500, 'N_COMP': None, 'L1RAT': 0.3, 'REG': 0.01, 'TASK': 'sex', 'FEAT': 50}
Loading loaded OASIS train data.
Loading loaded OASIS   val data.
Accuracy of regression:  0.61538464
------------------------------------------------
------------------------------------------------
{'DEBUG': 'full', 'BATCH': 500, 'N_COMP': None, 'L1RAT': 0.3, 'REG': 0.01, 'TASK': 'sex', 'FEAT': 60}
Loading loaded OASIS train data.
Loading loaded OASIS   val data.
Accuracy of regression:  0.72527474
------------------------------------------------
------------------------------------------------
{'DEBUG': 'full', 'BATCH': 500, 'N_COMP': None, 'L1RAT': 0.3, 'REG': 0.01, 'TASK': 'sex', 'FEAT': 70}
Loading loaded OASIS train data.
