------------------------------------------------
Job ID: 37538004
Run on host: compg011.hpc.in.bmrc.ox.ac.uk
Operating system: Linux
Username: lhw539
Started at: Sat Feb 20 23:22:30 GMT 2021
------------------------------------------------
Loading share 1.00 train data.
Loading OASIS   val data.
Load model for age - run: 0
Number of GPUs:  2

Final layer of model is being trained.
Start:  2021-02-20 23:22:37.389497
----------------------------------------------------------------------------------------------------------------------------------------------------------------
|epoch:   0 | lr: 0.100 |train ent: 1.28848 |train ent ravg: 1.28848 |train acc:  0.52273 |train acc ravg:  0.52273 |val ent: 0.73041 |val entravg: 0.73041 |val acc:  0.45455 |val acc ravg:  0.45455 |
|epoch:   1 | lr: 0.100 |train ent: 0.70999 |train ent ravg: 0.99923 |train acc:  0.57955 |train acc ravg:  0.55114 |val ent: 0.68182 |val entravg: 0.70611 |val acc:  0.56818 |val acc ravg:  0.51136 |
|epoch:   2 | lr: 0.100 |train ent: 0.64781 |train ent ravg: 0.88209 |train acc:  0.63068 |train acc ravg:  0.57765 |val ent: 0.97696 |val entravg: 0.79639 |val acc:  0.44318 |val acc ravg:  0.48864 |
|epoch:   3 | lr: 0.100 |train ent: 0.66192 |train ent ravg: 0.82705 |train acc:  0.61648 |train acc ravg:  0.58736 |val ent: 1.01399 |val entravg: 0.85079 |val acc:  0.44318 |val acc ravg:  0.47727 |
|epoch:   4 | lr: 0.100 |train ent: 0.67161 |train ent ravg: 0.79596 |train acc:  0.60795 |train acc ravg:  0.59148 |val ent: 0.79066 |val entravg: 0.83877 |val acc:  0.45455 |val acc ravg:  0.47273 |
|epoch:   5 | lr: 0.100 |train ent: 0.66669 |train ent ravg: 0.67160 |train acc:  0.64489 |train acc ravg:  0.61591 |val ent: 1.04541 |val entravg: 0.90177 |val acc:  0.44318 |val acc ravg:  0.47045 |
|epoch:   6 | lr: 0.100 |train ent: 0.68403 |train ent ravg: 0.66641 |train acc:  0.59091 |train acc ravg:  0.61818 |val ent: 0.74166 |val entravg: 0.91374 |val acc:  0.44318 |val acc ravg:  0.44545 |
|epoch:   7 | lr: 0.100 |train ent: 0.65210 |train ent ravg: 0.66727 |train acc:  0.64205 |train acc ravg:  0.62045 |val ent: 0.74462 |val entravg: 0.86727 |val acc:  0.45455 |val acc ravg:  0.44773 |
|epoch:   8 | lr: 0.100 |train ent: 0.65293 |train ent ravg: 0.66547 |train acc:  0.63352 |train acc ravg:  0.62386 |val ent: 0.88070 |val entravg: 0.84061 |val acc:  0.44318 |val acc ravg:  0.44773 |
|epoch:   9 | lr: 0.100 |train ent: 0.65557 |train ent ravg: 0.66227 |train acc:  0.65341 |train acc ravg:  0.63295 |val ent: 0.83790 |val entravg: 0.85006 |val acc:  0.42045 |val acc ravg:  0.44091 |
|epoch:  10 | lr: 0.100 |train ent: 0.64152 |train ent ravg: 0.65723 |train acc:  0.67045 |train acc ravg:  0.63807 |val ent: 0.94027 |val entravg: 0.82903 |val acc:  0.45455 |val acc ravg:  0.44318 |
|epoch:  11 | lr: 0.100 |train ent: 0.67469 |train ent ravg: 0.65536 |train acc:  0.62216 |train acc ravg:  0.64432 |val ent: 0.80518 |val entravg: 0.84173 |val acc:  0.44318 |val acc ravg:  0.44318 |
|epoch:  12 | lr: 0.100 |train ent: 0.65832 |train ent ravg: 0.65660 |train acc:  0.63920 |train acc ravg:  0.64375 |val ent: 1.10196 |val entravg: 0.91320 |val acc:  0.44318 |val acc ravg:  0.44091 |
|epoch:  13 | lr: 0.100 |train ent: 0.69368 |train ent ravg: 0.66475 |train acc:  0.60511 |train acc ravg:  0.63807 |val ent: 0.92167 |val entravg: 0.92140 |val acc:  0.45455 |val acc ravg:  0.44318 |
|epoch:  14 | lr: 0.100 |train ent: 0.64896 |train ent ravg: 0.66343 |train acc:  0.65909 |train acc ravg:  0.63920 |val ent: 0.79879 |val entravg: 0.91357 |val acc:  0.45455 |val acc ravg:  0.45000 |
|epoch:  15 | lr: 0.100 |train ent: 0.64706 |train ent ravg: 0.66454 |train acc:  0.65057 |train acc ravg:  0.63523 |val ent: 0.77883 |val entravg: 0.88129 |val acc:  0.47727 |val acc ravg:  0.45455 |
|epoch:  16 | lr: 0.100 |train ent: 0.63715 |train ent ravg: 0.65703 |train acc:  0.65341 |train acc ravg:  0.64148 |val ent: 1.06553 |val entravg: 0.93336 |val acc:  0.45455 |val acc ravg:  0.45682 |
|epoch:  17 | lr: 0.100 |train ent: 0.67398 |train ent ravg: 0.66017 |train acc:  0.62500 |train acc ravg:  0.63864 |val ent: 0.73651 |val entravg: 0.86027 |val acc:  0.47727 |val acc ravg:  0.46364 |
|epoch:  18 | lr: 0.100 |train ent: 0.65814 |train ent ravg: 0.65306 |train acc:  0.63920 |train acc ravg:  0.64545 |val ent: 1.16428 |val entravg: 0.90879 |val acc:  0.44318 |val acc ravg:  0.46136 |
|epoch:  19 | lr: 0.100 |train ent: 0.69578 |train ent ravg: 0.66242 |train acc:  0.62216 |train acc ravg:  0.63807 |val ent: 0.74699 |val entravg: 0.89843 |val acc:  0.45455 |val acc ravg:  0.46136 |
|epoch:  20 | lr: 0.100 |train ent: 0.66989 |train ent ravg: 0.66699 |train acc:  0.61932 |train acc ravg:  0.63182 |val ent: 0.70963 |val entravg: 0.88459 |val acc:  0.55682 |val acc ravg:  0.47727 |
|epoch:  21 | lr: 0.100 |train ent: 0.62714 |train ent ravg: 0.66499 |train acc:  0.66193 |train acc ravg:  0.63352 |val ent: 0.82279 |val entravg: 0.83604 |val acc:  0.44318 |val acc ravg:  0.47500 |
|epoch:  22 | lr: 0.100 |train ent: 0.64968 |train ent ravg: 0.66013 |train acc:  0.65909 |train acc ravg:  0.64034 |val ent: 0.77949 |val entravg: 0.84464 |val acc:  0.45455 |val acc ravg:  0.47045 |
|epoch:  23 | lr: 0.100 |train ent: 0.66048 |train ent ravg: 0.66059 |train acc:  0.63352 |train acc ravg:  0.63920 |val ent: 0.71749 |val entravg: 0.75528 |val acc:  0.52273 |val acc ravg:  0.48636 |
|epoch:  24 | lr: 0.100 |train ent: 0.68121 |train ent ravg: 0.65768 |train acc:  0.63636 |train acc ravg:  0.64205 |val ent: 0.68989 |val entravg: 0.74386 |val acc:  0.53409 |val acc ravg:  0.50227 |
|epoch:  25 | lr: 0.100 |train ent: 0.63630 |train ent ravg: 0.65096 |train acc:  0.66193 |train acc ravg:  0.65057 |val ent: 0.80369 |val entravg: 0.76267 |val acc:  0.46591 |val acc ravg:  0.48409 |
|epoch:  26 | lr: 0.100 |train ent: 0.65817 |train ent ravg: 0.65717 |train acc:  0.63068 |train acc ravg:  0.64432 |val ent: 0.65774 |val entravg: 0.72966 |val acc:  0.63636 |val acc ravg:  0.52273 |
|epoch:  27 | lr: 0.100 |train ent: 0.64106 |train ent ravg: 0.65544 |train acc:  0.66477 |train acc ravg:  0.64545 |val ent: 0.67491 |val entravg: 0.70874 |val acc:  0.59091 |val acc ravg:  0.55000 |
|epoch:  28 | lr: 0.100 |train ent: 0.63003 |train ent ravg: 0.64935 |train acc:  0.67614 |train acc ravg:  0.65398 |val ent: 0.68773 |val entravg: 0.70279 |val acc:  0.55682 |val acc ravg:  0.55682 |
|epoch:  29 | lr: 0.100 |train ent: 0.65033 |train ent ravg: 0.64318 |train acc:  0.65341 |train acc ravg:  0.65739 |val ent: 0.71386 |val entravg: 0.70759 |val acc:  0.50000 |val acc ravg:  0.55000 |
|epoch:  30 | lr: 0.100 |train ent: 0.66000 |train ent ravg: 0.64792 |train acc:  0.63636 |train acc ravg:  0.65227 |val ent: 0.79350 |val entravg: 0.70555 |val acc:  0.44318 |val acc ravg:  0.54545 |
|epoch:  31 | lr: 0.100 |train ent: 0.63013 |train ent ravg: 0.64231 |train acc:  0.63352 |train acc ravg:  0.65284 |val ent: 1.14835 |val entravg: 0.80367 |val acc:  0.44318 |val acc ravg:  0.50682 |
|epoch:  32 | lr: 0.100 |train ent: 0.64487 |train ent ravg: 0.64307 |train acc:  0.64489 |train acc ravg:  0.64886 |val ent: 0.75743 |val entravg: 0.82017 |val acc:  0.44318 |val acc ravg:  0.47727 |
|epoch:  33 | lr: 0.100 |train ent: 0.64543 |train ent ravg: 0.64615 |train acc:  0.67898 |train acc ravg:  0.64943 |val ent: 0.83643 |val entravg: 0.84991 |val acc:  0.45455 |val acc ravg:  0.45682 |
|epoch:  34 | lr: 0.100 |train ent: 0.65824 |train ent ravg: 0.64773 |train acc:  0.65625 |train acc ravg:  0.65000 |val ent: 1.42585 |val entravg: 0.99231 |val acc:  0.43182 |val acc ravg:  0.44318 |
|epoch:  35 | lr: 0.100 |train ent: 0.71977 |train ent ravg: 0.65969 |train acc:  0.59659 |train acc ravg:  0.64205 |val ent: 0.80875 |val entravg: 0.99536 |val acc:  0.44318 |val acc ravg:  0.44318 |
|epoch:  36 | lr: 0.100 |train ent: 0.63460 |train ent ravg: 0.66058 |train acc:  0.65341 |train acc ravg:  0.64602 |val ent: 0.77645 |val entravg: 0.92098 |val acc:  0.47727 |val acc ravg:  0.45000 |
|epoch:  37 | lr: 0.100 |train ent: 0.64782 |train ent ravg: 0.66117 |train acc:  0.65909 |train acc ravg:  0.64886 |val ent: 0.70086 |val entravg: 0.90967 |val acc:  0.51136 |val acc ravg:  0.46364 |
|epoch:  38 | lr: 0.100 |train ent: 0.63115 |train ent ravg: 0.65832 |train acc:  0.65057 |train acc ravg:  0.64318 |val ent: 0.67991 |val entravg: 0.87836 |val acc:  0.54545 |val acc ravg:  0.48182 |
|epoch:  39 | lr: 0.100 |train ent: 0.65268 |train ent ravg: 0.65721 |train acc:  0.65341 |train acc ravg:  0.64261 |val ent: 0.84055 |val entravg: 0.76130 |val acc:  0.45455 |val acc ravg:  0.48636 |
|epoch:  40 | lr: 0.100 |train ent: 0.69672 |train ent ravg: 0.65260 |train acc:  0.60795 |train acc ravg:  0.64489 |val ent: 0.85300 |val entravg: 0.77015 |val acc:  0.45455 |val acc ravg:  0.48864 |
|epoch:  41 | lr: 0.100 |train ent: 0.69463 |train ent ravg: 0.66460 |train acc:  0.61932 |train acc ravg:  0.63807 |val ent: 0.67924 |val entravg: 0.75071 |val acc:  0.54545 |val acc ravg:  0.50227 |
|epoch:  42 | lr: 0.100 |train ent: 0.65806 |train ent ravg: 0.66665 |train acc:  0.64205 |train acc ravg:  0.63466 |val ent: 0.68193 |val entravg: 0.74693 |val acc:  0.55682 |val acc ravg:  0.51136 |
|epoch:  43 | lr: 0.100 |train ent: 0.60694 |train ent ravg: 0.66180 |train acc:  0.69318 |train acc ravg:  0.64318 |val ent: 0.69926 |val entravg: 0.75080 |val acc:  0.54545 |val acc ravg:  0.51136 |
|epoch:  44 | lr: 0.100 |train ent: 0.64535 |train ent ravg: 0.66034 |train acc:  0.64489 |train acc ravg:  0.64148 |val ent: 0.88029 |val entravg: 0.75874 |val acc:  0.45455 |val acc ravg:  0.51136 |
|epoch:  45 | lr: 0.100 |train ent: 0.67183 |train ent ravg: 0.65536 |train acc:  0.61080 |train acc ravg:  0.64205 |val ent: 1.18255 |val entravg: 0.82465 |val acc:  0.45455 |val acc ravg:  0.51136 |
|epoch:  46 | lr: 0.100 |train ent: 0.70851 |train ent ravg: 0.65814 |train acc:  0.62216 |train acc ravg:  0.64261 |val ent: 0.67079 |val entravg: 0.82296 |val acc:  0.59091 |val acc ravg:  0.52045 |
|epoch:  47 | lr: 0.100 |train ent: 0.64171 |train ent ravg: 0.65487 |train acc:  0.68466 |train acc ravg:  0.65114 |val ent: 0.78962 |val entravg: 0.84450 |val acc:  0.44318 |val acc ravg:  0.49773 |
|epoch:  48 | lr: 0.100 |train ent: 0.61960 |train ent ravg: 0.65740 |train acc:  0.68182 |train acc ravg:  0.64886 |val ent: 0.74614 |val entravg: 0.85388 |val acc:  0.50000 |val acc ravg:  0.48864 |
|epoch:  49 | lr: 0.100 |train ent: 0.64112 |train ent ravg: 0.65655 |train acc:  0.66193 |train acc ravg:  0.65227 |val ent: 0.71815 |val entravg: 0.82145 |val acc:  0.47727 |val acc ravg:  0.49318 |
----------------------------------------------------------------------------------------------------------------------------------------------------------------
Finished:  2021-02-20 23:52:49.971615

Correlation between train loss and evaluation: -0.722

----------------------------------------------------------------------------------------------------------------------------------------------------------------
Number of GPUs:  2

Full model is being trained.
Start:  2021-02-20 23:52:49.984354
----------------------------------------------------------------------------------------------------------------------------------------------------------------
|epoch:   0 | lr: 0.005 |train ent: 0.63090 |train ent ravg: 0.63090 |train acc:  0.64773 |train acc ravg:  0.64773 |val ent: 0.79204 |val entravg: 0.79204 |val acc:  0.45455 |val acc ravg:  0.45455 |
|epoch:   1 | lr: 0.005 |train ent: 0.61851 |train ent ravg: 0.62471 |train acc:  0.66477 |train acc ravg:  0.65625 |val ent: 0.74944 |val entravg: 0.77074 |val acc:  0.44318 |val acc ravg:  0.44886 |
|epoch:   2 | lr: 0.005 |train ent: 0.60183 |train ent ravg: 0.61708 |train acc:  0.67045 |train acc ravg:  0.66098 |val ent: 0.72968 |val entravg: 0.75706 |val acc:  0.44318 |val acc ravg:  0.44697 |
|epoch:   3 | lr: 0.005 |train ent: 0.61276 |train ent ravg: 0.61600 |train acc:  0.66761 |train acc ravg:  0.66264 |val ent: 0.84707 |val entravg: 0.77956 |val acc:  0.43182 |val acc ravg:  0.44318 |
|epoch:   4 | lr: 0.005 |train ent: 0.60350 |train ent ravg: 0.61350 |train acc:  0.67614 |train acc ravg:  0.66534 |val ent: 0.78419 |val entravg: 0.78049 |val acc:  0.45455 |val acc ravg:  0.44545 |
|epoch:   5 | lr: 0.005 |train ent: 0.58211 |train ent ravg: 0.60374 |train acc:  0.71307 |train acc ravg:  0.67841 |val ent: 0.73734 |val entravg: 0.76954 |val acc:  0.46591 |val acc ravg:  0.44773 |
|epoch:   6 | lr: 0.005 |train ent: 0.59279 |train ent ravg: 0.59860 |train acc:  0.69034 |train acc ravg:  0.68352 |val ent: 0.78006 |val entravg: 0.77567 |val acc:  0.45455 |val acc ravg:  0.45000 |
|epoch:   7 | lr: 0.005 |train ent: 0.60442 |train ent ravg: 0.59912 |train acc:  0.67898 |train acc ravg:  0.68523 |val ent: 0.80035 |val entravg: 0.78980 |val acc:  0.46591 |val acc ravg:  0.45455 |
|epoch:   8 | lr: 0.005 |train ent: 0.61206 |train ent ravg: 0.59898 |train acc:  0.66761 |train acc ravg:  0.68523 |val ent: 0.77953 |val entravg: 0.77629 |val acc:  0.45455 |val acc ravg:  0.45909 |
|epoch:   9 | lr: 0.005 |train ent: 0.60983 |train ent ravg: 0.60024 |train acc:  0.69886 |train acc ravg:  0.68977 |val ent: 0.82098 |val entravg: 0.78365 |val acc:  0.43182 |val acc ravg:  0.45455 |
|epoch:  10 | lr: 0.005 |train ent: 0.59327 |train ent ravg: 0.60248 |train acc:  0.68750 |train acc ravg:  0.68466 |val ent: 0.72388 |val entravg: 0.78096 |val acc:  0.51136 |val acc ravg:  0.46364 |
|epoch:  11 | lr: 0.005 |train ent: 0.60617 |train ent ravg: 0.60515 |train acc:  0.67045 |train acc ravg:  0.68068 |val ent: 0.81163 |val entravg: 0.78727 |val acc:  0.45455 |val acc ravg:  0.46364 |
|epoch:  12 | lr: 0.005 |train ent: 0.60797 |train ent ravg: 0.60586 |train acc:  0.67045 |train acc ravg:  0.67898 |val ent: 0.80455 |val entravg: 0.78811 |val acc:  0.44318 |val acc ravg:  0.45909 |
|epoch:  13 | lr: 0.005 |train ent: 0.60509 |train ent ravg: 0.60446 |train acc:  0.66477 |train acc ravg:  0.67841 |val ent: 0.74115 |val entravg: 0.78044 |val acc:  0.44318 |val acc ravg:  0.45682 |
|epoch:  14 | lr: 0.005 |train ent: 0.60350 |train ent ravg: 0.60320 |train acc:  0.67898 |train acc ravg:  0.67443 |val ent: 0.63626 |val entravg: 0.74350 |val acc:  0.69318 |val acc ravg:  0.50909 |
|epoch:  15 | lr: 0.005 |train ent: 0.62446 |train ent ravg: 0.60944 |train acc:  0.65909 |train acc ravg:  0.66875 |val ent: 0.79555 |val entravg: 0.75783 |val acc:  0.45455 |val acc ravg:  0.49773 |
|epoch:  16 | lr: 0.005 |train ent: 0.62207 |train ent ravg: 0.61262 |train acc:  0.64205 |train acc ravg:  0.66307 |val ent: 0.81804 |val entravg: 0.75911 |val acc:  0.45455 |val acc ravg:  0.49773 |
|epoch:  17 | lr: 0.005 |train ent: 0.62850 |train ent ravg: 0.61672 |train acc:  0.63352 |train acc ravg:  0.65568 |val ent: 0.81951 |val entravg: 0.76210 |val acc:  0.43182 |val acc ravg:  0.49545 |
|epoch:  18 | lr: 0.005 |train ent: 0.63191 |train ent ravg: 0.62209 |train acc:  0.65057 |train acc ravg:  0.65284 |val ent: 0.65827 |val entravg: 0.74553 |val acc:  0.61364 |val acc ravg:  0.52955 |
|epoch:  19 | lr: 0.005 |train ent: 0.62091 |train ent ravg: 0.62557 |train acc:  0.65625 |train acc ravg:  0.64830 |val ent: 0.72116 |val entravg: 0.76251 |val acc:  0.44318 |val acc ravg:  0.47955 |
|epoch:  20 | lr: 0.005 |train ent: 0.63238 |train ent ravg: 0.62716 |train acc:  0.63920 |train acc ravg:  0.64432 |val ent: 0.62920 |val entravg: 0.72924 |val acc:  0.69318 |val acc ravg:  0.52727 |
|epoch:  21 | lr: 0.005 |train ent: 0.62134 |train ent ravg: 0.62701 |train acc:  0.65341 |train acc ravg:  0.64659 |val ent: 0.75042 |val entravg: 0.71571 |val acc:  0.59091 |val acc ravg:  0.55455 |
|epoch:  22 | lr: 0.005 |train ent: 0.63031 |train ent ravg: 0.62737 |train acc:  0.64489 |train acc ravg:  0.64886 |val ent: 0.77632 |val entravg: 0.70707 |val acc:  0.46591 |val acc ravg:  0.56136 |
|epoch:  23 | lr: 0.005 |train ent: 0.63029 |train ent ravg: 0.62705 |train acc:  0.65057 |train acc ravg:  0.64886 |val ent: 0.80516 |val entravg: 0.73645 |val acc:  0.42045 |val acc ravg:  0.52273 |
|epoch:  24 | lr: 0.005 |train ent: 0.63890 |train ent ravg: 0.63064 |train acc:  0.64205 |train acc ravg:  0.64602 |val ent: 0.78736 |val entravg: 0.74969 |val acc:  0.44318 |val acc ravg:  0.52273 |
|epoch:  25 | lr: 0.005 |train ent: 0.62383 |train ent ravg: 0.62893 |train acc:  0.65057 |train acc ravg:  0.64830 |val ent: 0.79219 |val entravg: 0.78229 |val acc:  0.45455 |val acc ravg:  0.47500 |
|epoch:  26 | lr: 0.005 |train ent: 0.63398 |train ent ravg: 0.63146 |train acc:  0.64205 |train acc ravg:  0.64602 |val ent: 0.71130 |val entravg: 0.77447 |val acc:  0.43182 |val acc ravg:  0.44318 |
|epoch:  27 | lr: 0.005 |train ent: 0.62399 |train ent ravg: 0.63020 |train acc:  0.65057 |train acc ravg:  0.64716 |val ent: 0.66348 |val entravg: 0.75190 |val acc:  0.56818 |val acc ravg:  0.46364 |
|epoch:  28 | lr: 0.005 |train ent: 0.62591 |train ent ravg: 0.62932 |train acc:  0.64773 |train acc ravg:  0.64659 |val ent: 0.82030 |val entravg: 0.75493 |val acc:  0.45455 |val acc ravg:  0.47045 |
|epoch:  29 | lr: 0.005 |train ent: 0.63173 |train ent ravg: 0.62789 |train acc:  0.64205 |train acc ravg:  0.64659 |val ent: 0.68744 |val entravg: 0.73494 |val acc:  0.52273 |val acc ravg:  0.48636 |
|epoch:  30 | lr: 0.005 |train ent: 0.62264 |train ent ravg: 0.62765 |train acc:  0.64489 |train acc ravg:  0.64545 |val ent: 0.79838 |val entravg: 0.73618 |val acc:  0.45455 |val acc ravg:  0.48636 |
|epoch:  31 | lr: 0.005 |train ent: 0.63220 |train ent ravg: 0.62729 |train acc:  0.64489 |train acc ravg:  0.64602 |val ent: 0.80286 |val entravg: 0.75449 |val acc:  0.44318 |val acc ravg:  0.48864 |
|epoch:  32 | lr: 0.005 |train ent: 0.62350 |train ent ravg: 0.62720 |train acc:  0.66477 |train acc ravg:  0.64886 |val ent: 0.81048 |val entravg: 0.78389 |val acc:  0.46591 |val acc ravg:  0.46818 |
|epoch:  33 | lr: 0.005 |train ent: 0.62783 |train ent ravg: 0.62758 |train acc:  0.63636 |train acc ravg:  0.64659 |val ent: 0.81808 |val entravg: 0.78345 |val acc:  0.45455 |val acc ravg:  0.46818 |
|epoch:  34 | lr: 0.005 |train ent: 0.63216 |train ent ravg: 0.62767 |train acc:  0.63920 |train acc ravg:  0.64602 |val ent: 0.75962 |val entravg: 0.79789 |val acc:  0.46591 |val acc ravg:  0.45682 |
|epoch:  35 | lr: 0.005 |train ent: 0.63446 |train ent ravg: 0.63003 |train acc:  0.63920 |train acc ravg:  0.64489 |val ent: 0.66384 |val entravg: 0.77098 |val acc:  0.59091 |val acc ravg:  0.48409 |
|epoch:  36 | lr: 0.005 |train ent: 0.62821 |train ent ravg: 0.62923 |train acc:  0.64773 |train acc ravg:  0.64545 |val ent: 0.68314 |val entravg: 0.74703 |val acc:  0.54545 |val acc ravg:  0.50455 |
|epoch:  37 | lr: 0.005 |train ent: 0.62515 |train ent ravg: 0.62956 |train acc:  0.66193 |train acc ravg:  0.64489 |val ent: 0.85208 |val entravg: 0.75535 |val acc:  0.44318 |val acc ravg:  0.50000 |
|epoch:  38 | lr: 0.005 |train ent: 0.61922 |train ent ravg: 0.62784 |train acc:  0.65057 |train acc ravg:  0.64773 |val ent: 0.84437 |val entravg: 0.76061 |val acc:  0.44318 |val acc ravg:  0.49773 |
|epoch:  39 | lr: 0.005 |train ent: 0.63303 |train ent ravg: 0.62801 |train acc:  0.64489 |train acc ravg:  0.64886 |val ent: 0.67244 |val entravg: 0.74317 |val acc:  0.55682 |val acc ravg:  0.51591 |
|epoch:  40 | lr: 0.005 |train ent: 0.61839 |train ent ravg: 0.62480 |train acc:  0.65625 |train acc ravg:  0.65227 |val ent: 0.65672 |val entravg: 0.74175 |val acc:  0.68182 |val acc ravg:  0.53409 |
|epoch:  41 | lr: 0.005 |train ent: 0.62688 |train ent ravg: 0.62453 |train acc:  0.64205 |train acc ravg:  0.65114 |val ent: 0.85929 |val entravg: 0.77698 |val acc:  0.44318 |val acc ravg:  0.51364 |
|epoch:  42 | lr: 0.005 |train ent: 0.63583 |train ent ravg: 0.62667 |train acc:  0.63352 |train acc ravg:  0.64545 |val ent: 0.66741 |val entravg: 0.74004 |val acc:  0.61364 |val acc ravg:  0.54773 |
|epoch:  43 | lr: 0.005 |train ent: 0.62681 |train ent ravg: 0.62819 |train acc:  0.64489 |train acc ravg:  0.64432 |val ent: 0.81890 |val entravg: 0.73495 |val acc:  0.44318 |val acc ravg:  0.54773 |
|epoch:  44 | lr: 0.005 |train ent: 0.63075 |train ent ravg: 0.62773 |train acc:  0.64773 |train acc ravg:  0.64489 |val ent: 0.81220 |val entravg: 0.76290 |val acc:  0.44318 |val acc ravg:  0.52500 |
|epoch:  45 | lr: 0.005 |train ent: 0.61188 |train ent ravg: 0.62643 |train acc:  0.65057 |train acc ravg:  0.64375 |val ent: 0.81970 |val entravg: 0.79550 |val acc:  0.44318 |val acc ravg:  0.47727 |
|epoch:  46 | lr: 0.005 |train ent: 0.62108 |train ent ravg: 0.62527 |train acc:  0.65625 |train acc ravg:  0.64659 |val ent: 0.83685 |val entravg: 0.79101 |val acc:  0.46591 |val acc ravg:  0.48182 |
|epoch:  47 | lr: 0.005 |train ent: 0.62230 |train ent ravg: 0.62256 |train acc:  0.65057 |train acc ravg:  0.65000 |val ent: 0.79320 |val entravg: 0.81617 |val acc:  0.45455 |val acc ravg:  0.45000 |
|epoch:  48 | lr: 0.005 |train ent: 0.65278 |train ent ravg: 0.62776 |train acc:  0.64489 |train acc ravg:  0.65000 |val ent: 0.75389 |val entravg: 0.80317 |val acc:  0.46591 |val acc ravg:  0.45455 |
|epoch:  49 | lr: 0.005 |train ent: 0.65106 |train ent ravg: 0.63182 |train acc:  0.63920 |train acc ravg:  0.64830 |val ent: 0.76459 |val entravg: 0.79365 |val acc:  0.44318 |val acc ravg:  0.45455 |
|epoch:  50 | lr: 0.005 |train ent: 0.65281 |train ent ravg: 0.64001 |train acc:  0.64205 |train acc ravg:  0.64659 |val ent: 0.77977 |val entravg: 0.78566 |val acc:  0.43182 |val acc ravg:  0.45227 |
|epoch:  51 | lr: 0.005 |train ent: 0.65123 |train ent ravg: 0.64604 |train acc:  0.64489 |train acc ravg:  0.64432 |val ent: 0.75005 |val entravg: 0.76830 |val acc:  0.45455 |val acc ravg:  0.45000 |
|epoch:  52 | lr: 0.005 |train ent: 0.65499 |train ent ravg: 0.65257 |train acc:  0.63920 |train acc ravg:  0.64205 |val ent: 0.75521 |val entravg: 0.76070 |val acc:  0.44318 |val acc ravg:  0.44773 |
|epoch:  53 | lr: 0.005 |train ent: 0.65644 |train ent ravg: 0.65330 |train acc:  0.64205 |train acc ravg:  0.64148 |val ent: 0.75826 |val entravg: 0.76158 |val acc:  0.44318 |val acc ravg:  0.44318 |
|epoch:  54 | lr: 0.005 |train ent: 0.65400 |train ent ravg: 0.65389 |train acc:  0.64205 |train acc ravg:  0.64205 |val ent: 0.74654 |val entravg: 0.75797 |val acc:  0.46591 |val acc ravg:  0.44773 |
|epoch:  55 | lr: 0.005 |train ent: 0.65557 |train ent ravg: 0.65444 |train acc:  0.63920 |train acc ravg:  0.64148 |val ent: 0.75871 |val entravg: 0.75375 |val acc:  0.45455 |val acc ravg:  0.45227 |
|epoch:  56 | lr: 0.005 |train ent: 0.65556 |train ent ravg: 0.65531 |train acc:  0.63920 |train acc ravg:  0.64034 |val ent: 0.75110 |val entravg: 0.75396 |val acc:  0.46591 |val acc ravg:  0.45455 |
|epoch:  57 | lr: 0.005 |train ent: 0.65233 |train ent ravg: 0.65478 |train acc:  0.64205 |train acc ravg:  0.64091 |val ent: 0.75340 |val entravg: 0.75360 |val acc:  0.45455 |val acc ravg:  0.45682 |
|epoch:  58 | lr: 0.005 |train ent: 0.65531 |train ent ravg: 0.65455 |train acc:  0.63920 |train acc ravg:  0.64034 |val ent: 0.76088 |val entravg: 0.75413 |val acc:  0.44318 |val acc ravg:  0.45682 |
|epoch:  59 | lr: 0.005 |train ent: 0.65363 |train ent ravg: 0.65448 |train acc:  0.64205 |train acc ravg:  0.64034 |val ent: 0.74890 |val entravg: 0.75460 |val acc:  0.45455 |val acc ravg:  0.45455 |
|epoch:  60 | lr: 0.005 |train ent: 0.65201 |train ent ravg: 0.65377 |train acc:  0.64489 |train acc ravg:  0.64148 |val ent: 0.75768 |val entravg: 0.75439 |val acc:  0.44318 |val acc ravg:  0.45227 |
|epoch:  61 | lr: 0.005 |train ent: 0.65278 |train ent ravg: 0.65321 |train acc:  0.64205 |train acc ravg:  0.64205 |val ent: 0.75011 |val entravg: 0.75419 |val acc:  0.45455 |val acc ravg:  0.45000 |
|epoch:  62 | lr: 0.005 |train ent: 0.65397 |train ent ravg: 0.65354 |train acc:  0.64205 |train acc ravg:  0.64205 |val ent: 0.75704 |val entravg: 0.75492 |val acc:  0.45455 |val acc ravg:  0.45000 |
|epoch:  63 | lr: 0.005 |train ent: 0.65195 |train ent ravg: 0.65287 |train acc:  0.64489 |train acc ravg:  0.64318 |val ent: 0.76394 |val entravg: 0.75553 |val acc:  0.44318 |val acc ravg:  0.45000 |
|epoch:  64 | lr: 0.005 |train ent: 0.65326 |train ent ravg: 0.65280 |train acc:  0.64205 |train acc ravg:  0.64318 |val ent: 0.75119 |val entravg: 0.75599 |val acc:  0.45455 |val acc ravg:  0.45000 |
|epoch:  65 | lr: 0.005 |train ent: 0.65510 |train ent ravg: 0.65341 |train acc:  0.63920 |train acc ravg:  0.64205 |val ent: 0.76414 |val entravg: 0.75728 |val acc:  0.43182 |val acc ravg:  0.44773 |
|epoch:  66 | lr: 0.005 |train ent: 0.65509 |train ent ravg: 0.65388 |train acc:  0.63920 |train acc ravg:  0.64148 |val ent: 0.74675 |val entravg: 0.75661 |val acc:  0.45455 |val acc ravg:  0.44773 |
|epoch:  67 | lr: 0.005 |train ent: 0.65326 |train ent ravg: 0.65374 |train acc:  0.64489 |train acc ravg:  0.64205 |val ent: 0.75280 |val entravg: 0.75577 |val acc:  0.45455 |val acc ravg:  0.44773 |
|epoch:  68 | lr: 0.005 |train ent: 0.65343 |train ent ravg: 0.65403 |train acc:  0.64205 |train acc ravg:  0.64148 |val ent: 0.75163 |val entravg: 0.75331 |val acc:  0.45455 |val acc ravg:  0.45000 |
|epoch:  69 | lr: 0.005 |train ent: 0.65236 |train ent ravg: 0.65385 |train acc:  0.64489 |train acc ravg:  0.64205 |val ent: 0.76584 |val entravg: 0.75623 |val acc:  0.44318 |val acc ravg:  0.44773 |
|epoch:  70 | lr: 0.005 |train ent: 0.65367 |train ent ravg: 0.65357 |train acc:  0.64205 |train acc ravg:  0.64261 |val ent: 0.76002 |val entravg: 0.75541 |val acc:  0.45455 |val acc ravg:  0.45227 |
|epoch:  71 | lr: 0.005 |train ent: 0.65087 |train ent ravg: 0.65272 |train acc:  0.64773 |train acc ravg:  0.64432 |val ent: 0.76281 |val entravg: 0.75862 |val acc:  0.43182 |val acc ravg:  0.44773 |
|epoch:  72 | lr: 0.005 |train ent: 0.65389 |train ent ravg: 0.65285 |train acc:  0.64205 |train acc ravg:  0.64375 |val ent: 0.74816 |val entravg: 0.75769 |val acc:  0.45455 |val acc ravg:  0.44773 |
|epoch:  73 | lr: 0.005 |train ent: 0.65553 |train ent ravg: 0.65327 |train acc:  0.63920 |train acc ravg:  0.64318 |val ent: 0.75267 |val entravg: 0.75790 |val acc:  0.45455 |val acc ravg:  0.44773 |
|epoch:  74 | lr: 0.005 |train ent: 0.65517 |train ent ravg: 0.65383 |train acc:  0.63920 |train acc ravg:  0.64205 |val ent: 0.75148 |val entravg: 0.75503 |val acc:  0.44318 |val acc ravg:  0.44773 |
|epoch:  75 | lr: 0.005 |train ent: 0.65380 |train ent ravg: 0.65385 |train acc:  0.64205 |train acc ravg:  0.64205 |val ent: 0.75256 |val entravg: 0.75353 |val acc:  0.45455 |val acc ravg:  0.44773 |
|epoch:  76 | lr: 0.005 |train ent: 0.65358 |train ent ravg: 0.65439 |train acc:  0.64205 |train acc ravg:  0.64091 |val ent: 0.75568 |val entravg: 0.75211 |val acc:  0.44318 |val acc ravg:  0.45000 |
|epoch:  77 | lr: 0.005 |train ent: 0.65056 |train ent ravg: 0.65373 |train acc:  0.64773 |train acc ravg:  0.64205 |val ent: 0.76070 |val entravg: 0.75462 |val acc:  0.44318 |val acc ravg:  0.44773 |
|epoch:  78 | lr: 0.005 |train ent: 0.65135 |train ent ravg: 0.65289 |train acc:  0.64489 |train acc ravg:  0.64318 |val ent: 0.75499 |val entravg: 0.75508 |val acc:  0.45455 |val acc ravg:  0.44773 |
|epoch:  79 | lr: 0.005 |train ent: 0.65281 |train ent ravg: 0.65242 |train acc:  0.64489 |train acc ravg:  0.64432 |val ent: 0.75793 |val entravg: 0.75637 |val acc:  0.44318 |val acc ravg:  0.44773 |
|epoch:  80 | lr: 0.005 |train ent: 0.65580 |train ent ravg: 0.65282 |train acc:  0.63920 |train acc ravg:  0.64375 |val ent: 0.75198 |val entravg: 0.75626 |val acc:  0.44318 |val acc ravg:  0.44545 |
|epoch:  81 | lr: 0.005 |train ent: 0.65098 |train ent ravg: 0.65230 |train acc:  0.64773 |train acc ravg:  0.64489 |val ent: 0.75393 |val entravg: 0.75591 |val acc:  0.45455 |val acc ravg:  0.44773 |
|epoch:  82 | lr: 0.005 |train ent: 0.65181 |train ent ravg: 0.65255 |train acc:  0.64489 |train acc ravg:  0.64432 |val ent: 0.75748 |val entravg: 0.75526 |val acc:  0.44318 |val acc ravg:  0.44773 |
|epoch:  83 | lr: 0.005 |train ent: 0.65309 |train ent ravg: 0.65290 |train acc:  0.64205 |train acc ravg:  0.64375 |val ent: 0.75594 |val entravg: 0.75545 |val acc:  0.44318 |val acc ravg:  0.44545 |
|epoch:  84 | lr: 0.005 |train ent: 0.65561 |train ent ravg: 0.65346 |train acc:  0.63920 |train acc ravg:  0.64261 |val ent: 0.74661 |val entravg: 0.75319 |val acc:  0.46591 |val acc ravg:  0.45000 |
|epoch:  85 | lr: 0.005 |train ent: 0.65447 |train ent ravg: 0.65319 |train acc:  0.64205 |train acc ravg:  0.64318 |val ent: 0.74856 |val entravg: 0.75250 |val acc:  0.46591 |val acc ravg:  0.45455 |
|epoch:  86 | lr: 0.005 |train ent: 0.65129 |train ent ravg: 0.65325 |train acc:  0.64489 |train acc ravg:  0.64261 |val ent: 0.74179 |val entravg: 0.75007 |val acc:  0.46591 |val acc ravg:  0.45682 |
|epoch:  87 | lr: 0.005 |train ent: 0.65546 |train ent ravg: 0.65398 |train acc:  0.63920 |train acc ravg:  0.64148 |val ent: 0.74652 |val entravg: 0.74788 |val acc:  0.45455 |val acc ravg:  0.45909 |
|epoch:  88 | lr: 0.005 |train ent: 0.65224 |train ent ravg: 0.65381 |train acc:  0.64489 |train acc ravg:  0.64205 |val ent: 0.74733 |val entravg: 0.74616 |val acc:  0.45455 |val acc ravg:  0.46136 |
|epoch:  89 | lr: 0.005 |train ent: 0.65209 |train ent ravg: 0.65311 |train acc:  0.64489 |train acc ravg:  0.64318 |val ent: 0.76218 |val entravg: 0.74928 |val acc:  0.44318 |val acc ravg:  0.45682 |
|epoch:  90 | lr: 0.005 |train ent: 0.65353 |train ent ravg: 0.65292 |train acc:  0.64205 |train acc ravg:  0.64318 |val ent: 0.75721 |val entravg: 0.75101 |val acc:  0.45455 |val acc ravg:  0.45455 |
|epoch:  91 | lr: 0.005 |train ent: 0.65495 |train ent ravg: 0.65366 |train acc:  0.63920 |train acc ravg:  0.64205 |val ent: 0.74068 |val entravg: 0.75078 |val acc:  0.46591 |val acc ravg:  0.45455 |
|epoch:  92 | lr: 0.005 |train ent: 0.65312 |train ent ravg: 0.65319 |train acc:  0.64205 |train acc ravg:  0.64261 |val ent: 0.74920 |val entravg: 0.75132 |val acc:  0.44318 |val acc ravg:  0.45227 |
|epoch:  93 | lr: 0.005 |train ent: 0.65433 |train ent ravg: 0.65360 |train acc:  0.64205 |train acc ravg:  0.64205 |val ent: 0.74731 |val entravg: 0.75132 |val acc:  0.45455 |val acc ravg:  0.45227 |
|epoch:  94 | lr: 0.005 |train ent: 0.65555 |train ent ravg: 0.65430 |train acc:  0.63920 |train acc ravg:  0.64091 |val ent: 0.75181 |val entravg: 0.74924 |val acc:  0.45455 |val acc ravg:  0.45455 |
|epoch:  95 | lr: 0.005 |train ent: 0.65352 |train ent ravg: 0.65429 |train acc:  0.64205 |train acc ravg:  0.64091 |val ent: 0.76540 |val entravg: 0.75088 |val acc:  0.43182 |val acc ravg:  0.45000 |
|epoch:  96 | lr: 0.005 |train ent: 0.65313 |train ent ravg: 0.65393 |train acc:  0.64205 |train acc ravg:  0.64148 |val ent: 0.74927 |val entravg: 0.75260 |val acc:  0.45455 |val acc ravg:  0.44773 |
|epoch:  97 | lr: 0.005 |train ent: 0.65364 |train ent ravg: 0.65403 |train acc:  0.64205 |train acc ravg:  0.64148 |val ent: 0.75826 |val entravg: 0.75441 |val acc:  0.44318 |val acc ravg:  0.44773 |
|epoch:  98 | lr: 0.005 |train ent: 0.65444 |train ent ravg: 0.65406 |train acc:  0.64205 |train acc ravg:  0.64148 |val ent: 0.75203 |val entravg: 0.75535 |val acc:  0.45455 |val acc ravg:  0.44773 |
|epoch:  99 | lr: 0.005 |train ent: 0.65394 |train ent ravg: 0.65373 |train acc:  0.64205 |train acc ravg:  0.64205 |val ent: 0.76236 |val entravg: 0.75746 |val acc:  0.43182 |val acc ravg:  0.44318 |
|epoch: 100 | lr: 0.005 |train ent: 0.65557 |train ent ravg: 0.65414 |train acc:  0.63920 |train acc ravg:  0.64148 |val ent: 0.75679 |val entravg: 0.75574 |val acc:  0.45455 |val acc ravg:  0.44773 |
|epoch: 101 | lr: 0.005 |train ent: 0.65340 |train ent ravg: 0.65420 |train acc:  0.64205 |train acc ravg:  0.64148 |val ent: 0.76837 |val entravg: 0.75956 |val acc:  0.43182 |val acc ravg:  0.44318 |
|epoch: 102 | lr: 0.005 |train ent: 0.65337 |train ent ravg: 0.65414 |train acc:  0.64205 |train acc ravg:  0.64148 |val ent: 0.75889 |val entravg: 0.75969 |val acc:  0.44318 |val acc ravg:  0.44318 |
|epoch: 103 | lr: 0.005 |train ent: 0.65452 |train ent ravg: 0.65416 |train acc:  0.63920 |train acc ravg:  0.64091 |val ent: 0.74347 |val entravg: 0.75798 |val acc:  0.46591 |val acc ravg:  0.44545 |
|epoch: 104 | lr: 0.005 |train ent: 0.65451 |train ent ravg: 0.65427 |train acc:  0.64205 |train acc ravg:  0.64091 |val ent: 0.74266 |val entravg: 0.75404 |val acc:  0.46591 |val acc ravg:  0.45227 |
|epoch: 105 | lr: 0.005 |train ent: 0.65426 |train ent ravg: 0.65401 |train acc:  0.64205 |train acc ravg:  0.64148 |val ent: 0.75323 |val entravg: 0.75332 |val acc:  0.45455 |val acc ravg:  0.45227 |
|epoch: 106 | lr: 0.005 |train ent: 0.65505 |train ent ravg: 0.65434 |train acc:  0.63920 |train acc ravg:  0.64091 |val ent: 0.75549 |val entravg: 0.75075 |val acc:  0.44318 |val acc ravg:  0.45455 |
|epoch: 107 | lr: 0.005 |train ent: 0.65325 |train ent ravg: 0.65432 |train acc:  0.64205 |train acc ravg:  0.64091 |val ent: 0.75237 |val entravg: 0.74944 |val acc:  0.45455 |val acc ravg:  0.45682 |
|epoch: 108 | lr: 0.005 |train ent: 0.65559 |train ent ravg: 0.65453 |train acc:  0.63920 |train acc ravg:  0.64091 |val ent: 0.74356 |val entravg: 0.74946 |val acc:  0.46591 |val acc ravg:  0.45682 |
|epoch: 109 | lr: 0.005 |train ent: 0.65326 |train ent ravg: 0.65428 |train acc:  0.64205 |train acc ravg:  0.64091 |val ent: 0.74889 |val entravg: 0.75071 |val acc:  0.45455 |val acc ravg:  0.45455 |
|epoch: 110 | lr: 0.005 |train ent: 0.65390 |train ent ravg: 0.65421 |train acc:  0.64205 |train acc ravg:  0.64091 |val ent: 0.75479 |val entravg: 0.75102 |val acc:  0.45455 |val acc ravg:  0.45455 |
|epoch: 111 | lr: 0.005 |train ent: 0.65180 |train ent ravg: 0.65356 |train acc:  0.64773 |train acc ravg:  0.64261 |val ent: 0.76256 |val entravg: 0.75243 |val acc:  0.44318 |val acc ravg:  0.45455 |
|epoch: 112 | lr: 0.005 |train ent: 0.65359 |train ent ravg: 0.65363 |train acc:  0.64205 |train acc ravg:  0.64261 |val ent: 0.75583 |val entravg: 0.75312 |val acc:  0.44318 |val acc ravg:  0.45227 |
|epoch: 113 | lr: 0.005 |train ent: 0.65257 |train ent ravg: 0.65303 |train acc:  0.64489 |train acc ravg:  0.64375 |val ent: 0.75455 |val entravg: 0.75532 |val acc:  0.45455 |val acc ravg:  0.45000 |
|epoch: 114 | lr: 0.005 |train ent: 0.65418 |train ent ravg: 0.65321 |train acc:  0.64205 |train acc ravg:  0.64375 |val ent: 0.76238 |val entravg: 0.75802 |val acc:  0.45455 |val acc ravg:  0.45000 |
|epoch: 115 | lr: 0.005 |train ent: 0.65356 |train ent ravg: 0.65314 |train acc:  0.64205 |train acc ravg:  0.64375 |val ent: 0.76201 |val entravg: 0.75946 |val acc:  0.44318 |val acc ravg:  0.44773 |
|epoch: 116 | lr: 0.005 |train ent: 0.65439 |train ent ravg: 0.65366 |train acc:  0.63920 |train acc ravg:  0.64205 |val ent: 0.75184 |val entravg: 0.75732 |val acc:  0.45455 |val acc ravg:  0.45000 |
|epoch: 117 | lr: 0.005 |train ent: 0.65573 |train ent ravg: 0.65409 |train acc:  0.63920 |train acc ravg:  0.64148 |val ent: 0.75243 |val entravg: 0.75664 |val acc:  0.44318 |val acc ravg:  0.45000 |
|epoch: 118 | lr: 0.005 |train ent: 0.65496 |train ent ravg: 0.65456 |train acc:  0.63920 |train acc ravg:  0.64034 |val ent: 0.75582 |val entravg: 0.75690 |val acc:  0.44318 |val acc ravg:  0.44773 |
|epoch: 119 | lr: 0.005 |train ent: 0.65190 |train ent ravg: 0.65411 |train acc:  0.64489 |train acc ravg:  0.64091 |val ent: 0.74712 |val entravg: 0.75384 |val acc:  0.45455 |val acc ravg:  0.44773 |
|epoch: 120 | lr: 0.005 |train ent: 0.65396 |train ent ravg: 0.65419 |train acc:  0.64205 |train acc ravg:  0.64091 |val ent: 0.75768 |val entravg: 0.75298 |val acc:  0.44318 |val acc ravg:  0.44773 |
|epoch: 121 | lr: 0.005 |train ent: 0.65340 |train ent ravg: 0.65399 |train acc:  0.64205 |train acc ravg:  0.64148 |val ent: 0.75957 |val entravg: 0.75453 |val acc:  0.43182 |val acc ravg:  0.44318 |
|epoch: 122 | lr: 0.005 |train ent: 0.65474 |train ent ravg: 0.65379 |train acc:  0.64205 |train acc ravg:  0.64205 |val ent: 0.75707 |val entravg: 0.75545 |val acc:  0.45455 |val acc ravg:  0.44545 |
|epoch: 123 | lr: 0.005 |train ent: 0.65392 |train ent ravg: 0.65358 |train acc:  0.64205 |train acc ravg:  0.64261 |val ent: 0.75190 |val entravg: 0.75467 |val acc:  0.44318 |val acc ravg:  0.44545 |
|epoch: 124 | lr: 0.005 |train ent: 0.65427 |train ent ravg: 0.65406 |train acc:  0.64205 |train acc ravg:  0.64205 |val ent: 0.76487 |val entravg: 0.75822 |val acc:  0.43182 |val acc ravg:  0.44091 |
|epoch: 125 | lr: 0.005 |train ent: 0.65538 |train ent ravg: 0.65434 |train acc:  0.63920 |train acc ravg:  0.64148 |val ent: 0.76144 |val entravg: 0.75897 |val acc:  0.44318 |val acc ravg:  0.44091 |
|epoch: 126 | lr: 0.005 |train ent: 0.65447 |train ent ravg: 0.65456 |train acc:  0.64205 |train acc ravg:  0.64148 |val ent: 0.75890 |val entravg: 0.75884 |val acc:  0.45455 |val acc ravg:  0.44545 |
|epoch: 127 | lr: 0.005 |train ent: 0.65282 |train ent ravg: 0.65417 |train acc:  0.64205 |train acc ravg:  0.64148 |val ent: 0.75936 |val entravg: 0.75929 |val acc:  0.44318 |val acc ravg:  0.44318 |
|epoch: 128 | lr: 0.005 |train ent: 0.65226 |train ent ravg: 0.65384 |train acc:  0.64489 |train acc ravg:  0.64205 |val ent: 0.76832 |val entravg: 0.76258 |val acc:  0.43182 |val acc ravg:  0.44091 |
|epoch: 129 | lr: 0.005 |train ent: 0.65346 |train ent ravg: 0.65368 |train acc:  0.64205 |train acc ravg:  0.64205 |val ent: 0.76300 |val entravg: 0.76220 |val acc:  0.44318 |val acc ravg:  0.44318 |
|epoch: 130 | lr: 0.005 |train ent: 0.65217 |train ent ravg: 0.65304 |train acc:  0.64489 |train acc ravg:  0.64318 |val ent: 0.75799 |val entravg: 0.76151 |val acc:  0.45455 |val acc ravg:  0.44545 |
|epoch: 131 | lr: 0.005 |train ent: 0.65367 |train ent ravg: 0.65288 |train acc:  0.64205 |train acc ravg:  0.64318 |val ent: 0.77459 |val entravg: 0.76465 |val acc:  0.43182 |val acc ravg:  0.44091 |
|epoch: 132 | lr: 0.005 |train ent: 0.65369 |train ent ravg: 0.65305 |train acc:  0.64205 |train acc ravg:  0.64318 |val ent: 0.75535 |val entravg: 0.76385 |val acc:  0.44318 |val acc ravg:  0.44091 |
|epoch: 133 | lr: 0.005 |train ent: 0.65250 |train ent ravg: 0.65310 |train acc:  0.64489 |train acc ravg:  0.64318 |val ent: 0.74811 |val entravg: 0.75981 |val acc:  0.46591 |val acc ravg:  0.44773 |
|epoch: 134 | lr: 0.005 |train ent: 0.65429 |train ent ravg: 0.65327 |train acc:  0.64205 |train acc ravg:  0.64318 |val ent: 0.76146 |val entravg: 0.75950 |val acc:  0.43182 |val acc ravg:  0.44545 |
|epoch: 135 | lr: 0.005 |train ent: 0.65353 |train ent ravg: 0.65354 |train acc:  0.64205 |train acc ravg:  0.64261 |val ent: 0.74668 |val entravg: 0.75724 |val acc:  0.46591 |val acc ravg:  0.44773 |
|epoch: 136 | lr: 0.005 |train ent: 0.65322 |train ent ravg: 0.65345 |train acc:  0.64205 |train acc ravg:  0.64261 |val ent: 0.76150 |val entravg: 0.75462 |val acc:  0.44318 |val acc ravg:  0.45000 |
|epoch: 137 | lr: 0.005 |train ent: 0.65512 |train ent ravg: 0.65373 |train acc:  0.63920 |train acc ravg:  0.64205 |val ent: 0.75512 |val entravg: 0.75457 |val acc:  0.44318 |val acc ravg:  0.45000 |
|epoch: 138 | lr: 0.005 |train ent: 0.65219 |train ent ravg: 0.65367 |train acc:  0.64489 |train acc ravg:  0.64205 |val ent: 0.75259 |val entravg: 0.75547 |val acc:  0.43182 |val acc ravg:  0.44318 |
|epoch: 139 | lr: 0.005 |train ent: 0.65246 |train ent ravg: 0.65330 |train acc:  0.64489 |train acc ravg:  0.64261 |val ent: 0.75137 |val entravg: 0.75345 |val acc:  0.45455 |val acc ravg:  0.44773 |
|epoch: 140 | lr: 0.005 |train ent: 0.65588 |train ent ravg: 0.65377 |train acc:  0.63920 |train acc ravg:  0.64205 |val ent: 0.75375 |val entravg: 0.75486 |val acc:  0.44318 |val acc ravg:  0.44318 |
|epoch: 141 | lr: 0.005 |train ent: 0.65187 |train ent ravg: 0.65350 |train acc:  0.64489 |train acc ravg:  0.64261 |val ent: 0.76173 |val entravg: 0.75491 |val acc:  0.44318 |val acc ravg:  0.44318 |
|epoch: 142 | lr: 0.005 |train ent: 0.65546 |train ent ravg: 0.65357 |train acc:  0.63920 |train acc ravg:  0.64261 |val ent: 0.75656 |val entravg: 0.75520 |val acc:  0.45455 |val acc ravg:  0.44545 |
|epoch: 143 | lr: 0.005 |train ent: 0.65171 |train ent ravg: 0.65348 |train acc:  0.64489 |train acc ravg:  0.64261 |val ent: 0.75031 |val entravg: 0.75474 |val acc:  0.45455 |val acc ravg:  0.45000 |
