------------------------------------------------
Job ID: 34060574
Run on host: compg016.hpc.in.bmrc.ox.ac.uk
Operating system: Linux
Username: lhw539
Started at: Mon Jan 25 16:29:27 GMT 2021
------------------------------------------------
------------------------------------------------
Finished at: Mon Jan 25 16:29:27 GMT 2021
------------------------------------------------
------------------------------------------------
Job ID: 34060577
Run on host: compg011.hpc.in.bmrc.ox.ac.uk
Operating system: Linux
Username: lhw539
Started at: Mon Jan 25 16:30:28 GMT 2021
------------------------------------------------
------------------------------------------------
Finished at: Mon Jan 25 16:30:28 GMT 2021
------------------------------------------------
------------------------------------------------
Job ID: 34060578
Run on host: compg011.hpc.in.bmrc.ox.ac.uk
Operating system: Linux
Username: lhw539
Started at: Mon Jan 25 16:30:58 GMT 2021
------------------------------------------------
------------------------------------------------
Finished at: Mon Jan 25 16:30:58 GMT 2021
------------------------------------------------
------------------------------------------------
Job ID: 34060580
Run on host: compg013.hpc.in.bmrc.ox.ac.uk
Operating system: Linux
Username: lhw539
Started at: Tue Jan 26 03:37:53 GMT 2021
------------------------------------------------
------------------------------------------------
Finished at: Tue Jan 26 03:37:53 GMT 2021
------------------------------------------------
