------------------------------------------------
Job ID: 
Run on host: compe086.hpc.in.bmrc.ox.ac.uk
Operating system: Linux
Username: lhw539
Started at: Sat Jan 30 17:03:34 GMT 2021
------------------------------------------------
------------------------------------------------
Finished at: Sat Jan 30 17:03:35 GMT 2021
------------------------------------------------
------------------------------------------------
Job ID: 
Run on host: win000.hpc.in.bmrc.ox.ac.uk
Operating system: Linux
Username: lhw539
Started at: Sat Jan 30 18:10:33 GMT 2021
------------------------------------------------
{'DEBUG': 'full', 'BATCH': 500, 'N_COMP': None, 'L1RAT': 0.5, 'REG': 1.0, 'FEAT': 80}
Succesfully loaded OASIS train data.
Succesfully loaded OASIS   val data.
MAE of ElasticNet:  6.025720526661628
MAE on valid when train mean is predicted:  7.3570447
MAE on valid when valid mean is predicted:  7.3472457
------------------------------------------------
Finished at: Sat Jan 30 18:22:04 GMT 2021
------------------------------------------------
