------------------------------------------------
Job ID: 38586879
Run on host: compg026.hpc.in.bmrc.ox.ac.uk
Operating system: Linux
Username: lhw539
Started at: Thu Mar 4 01:52:34 GMT 2021
------------------------------------------------
Loading ABIDE train data.
Loading ABIDE   val data.
Load model for age - run: 1
Number of GPUs:  2

Full model is being tested with weights loaded from pre-trained model.
Start:  2021-03-04 01:52:40.491426
----------------------------------------------------------------------------------------------------------------------------------------------------------------
test kld mean: 0.08140 | test kld std: nan |test mae mean:  39.39751 |test mae std:  nan |
----------------------------------------------------------------------------------------------------------------------------------------------------------------
Finished:  2021-03-04 01:53:04.400486

----------------------------------------------------------------------------------------------------------------------------------------------------------------
------------------------------------------------
Finished at: Thu Mar 4 01:53:05 GMT 2021
------------------------------------------------
