------------------------------------------------
Job ID: 37517141
Run on host: compg013.hpc.in.bmrc.ox.ac.uk
Operating system: Linux
Username: lhw539
Started at: Sat Feb 20 15:06:22 GMT 2021
------------------------------------------------
Loading share 1.00 train data.
Loading OASIS   val data.
Number of GPUs:  2

Full model is being tested with weights loaded from pre-trained model.
Start:  2021-02-20 15:06:27.791509
----------------------------------------------------------------------------------------------------------------------------------------------------------------
test kld mean: 2.29336 | test kld std: 0.00820 |test mae mean:  9.61502 |test mae std:  0.05277 |
----------------------------------------------------------------------------------------------------------------------------------------------------------------
Finished:  2021-02-20 15:07:01.811720

Correlation between train loss and evaluation: 0.920

----------------------------------------------------------------------------------------------------------------------------------------------------------------
------------------------------------------------
Finished at: Sat Feb 20 15:07:02 GMT 2021
------------------------------------------------
