------------------------------------------------
Job ID: 38586948
Run on host: compg026.hpc.in.bmrc.ox.ac.uk
Operating system: Linux
Username: lhw539
Started at: Thu Mar 4 01:55:32 GMT 2021
------------------------------------------------
Loading ABIDE train data.
Loading ABIDE   val data.
Load model for age - run: 3
Number of GPUs:  2

Full model is being tested with weights loaded from pre-trained model.
Start:  2021-03-04 01:55:37.461622
----------------------------------------------------------------------------------------------------------------------------------------------------------------
test kld mean: 0.09669 | test kld std: nan |test mae mean:  39.18416 |test mae std:  nan |
----------------------------------------------------------------------------------------------------------------------------------------------------------------
Finished:  2021-03-04 01:55:57.992355

----------------------------------------------------------------------------------------------------------------------------------------------------------------
------------------------------------------------
Finished at: Thu Mar 4 01:55:58 GMT 2021
------------------------------------------------
