------------------------------------------------
Job ID: 41220275
Run on host: compg009.hpc.in.bmrc.ox.ac.uk
Operating system: Linux
Username: lhw539
Started at: Mon Mar 22 11:52:20 GMT 2021
------------------------------------------------
Test (in contrast to train):  False
Loading share 1.00 train data.
Loading share 1.00   val data.
Load model for sex - run: 0
Number of GPUs:  2
Epoch decay:  20
Gamma decay:  0.1

Full model is being trained with weights loaded from pre-trained model.
Start:  2021-03-22 11:52:27.396567
----------------------------------------------------------------------------------------------------------------------------------------------------------------
|epoch:   0 | lr: 0.100 |train ent: 0.33147 |train ent ravg: 0.33147 |train acc:  0.86932 |train acc ravg:  0.86932 |val ent: 0.26117 |val entravg: 0.26117 |val acc:  0.88636 |val acc ravg:  0.88636 |
|epoch:   1 | lr: 0.100 |train ent: 0.20685 |train ent ravg: 0.26916 |train acc:  0.93466 |train acc ravg:  0.90199 |val ent: 0.28747 |val entravg: 0.27432 |val acc:  0.87500 |val acc ravg:  0.88068 |
|epoch:   2 | lr: 0.100 |train ent: 0.17730 |train ent ravg: 0.23854 |train acc:  0.94318 |train acc ravg:  0.91572 |val ent: 0.24021 |val entravg: 0.26295 |val acc:  0.88636 |val acc ravg:  0.88258 |
|epoch:   3 | lr: 0.100 |train ent: 0.17144 |train ent ravg: 0.22177 |train acc:  0.93182 |train acc ravg:  0.91974 |val ent: 0.23900 |val entravg: 0.25696 |val acc:  0.89773 |val acc ravg:  0.88636 |
|epoch:   4 | lr: 0.100 |train ent: 0.16568 |train ent ravg: 0.21055 |train acc:  0.94034 |train acc ravg:  0.92386 |val ent: 0.23897 |val entravg: 0.25336 |val acc:  0.88636 |val acc ravg:  0.88636 |
|epoch:   5 | lr: 0.100 |train ent: 0.16218 |train ent ravg: 0.17669 |train acc:  0.93466 |train acc ravg:  0.93693 |val ent: 0.23379 |val entravg: 0.24789 |val acc:  0.89773 |val acc ravg:  0.88864 |
|epoch:   6 | lr: 0.100 |train ent: 0.15115 |train ent ravg: 0.16555 |train acc:  0.96307 |train acc ravg:  0.94261 |val ent: 0.21652 |val entravg: 0.23370 |val acc:  0.90909 |val acc ravg:  0.89545 |
|epoch:   7 | lr: 0.100 |train ent: 0.17737 |train ent ravg: 0.16556 |train acc:  0.93182 |train acc ravg:  0.94034 |val ent: 0.24995 |val entravg: 0.23565 |val acc:  0.88636 |val acc ravg:  0.89545 |
|epoch:   8 | lr: 0.100 |train ent: 0.17260 |train ent ravg: 0.16580 |train acc:  0.94318 |train acc ravg:  0.94261 |val ent: 0.24868 |val entravg: 0.23758 |val acc:  0.87500 |val acc ravg:  0.89091 |
|epoch:   9 | lr: 0.100 |train ent: 0.15849 |train ent ravg: 0.16436 |train acc:  0.93750 |train acc ravg:  0.94205 |val ent: 0.23186 |val entravg: 0.23616 |val acc:  0.89773 |val acc ravg:  0.89318 |
|epoch:  10 | lr: 0.100 |train ent: 0.18831 |train ent ravg: 0.16958 |train acc:  0.92614 |train acc ravg:  0.94034 |val ent: 0.24018 |val entravg: 0.23744 |val acc:  0.88636 |val acc ravg:  0.89091 |
|epoch:  11 | lr: 0.100 |train ent: 0.20210 |train ent ravg: 0.17977 |train acc:  0.93466 |train acc ravg:  0.93466 |val ent: 0.23906 |val entravg: 0.24195 |val acc:  0.89773 |val acc ravg:  0.88864 |
|epoch:  12 | lr: 0.100 |train ent: 0.18104 |train ent ravg: 0.18051 |train acc:  0.92898 |train acc ravg:  0.93409 |val ent: 0.23346 |val entravg: 0.23865 |val acc:  0.89773 |val acc ravg:  0.89091 |
|epoch:  13 | lr: 0.100 |train ent: 0.15403 |train ent ravg: 0.17679 |train acc:  0.94886 |train acc ravg:  0.93523 |val ent: 0.21799 |val entravg: 0.23251 |val acc:  0.89773 |val acc ravg:  0.89545 |
|epoch:  14 | lr: 0.100 |train ent: 0.16545 |train ent ravg: 0.17818 |train acc:  0.93750 |train acc ravg:  0.93523 |val ent: 0.23013 |val entravg: 0.23216 |val acc:  0.88636 |val acc ravg:  0.89318 |
|epoch:  15 | lr: 0.100 |train ent: 0.18727 |train ent ravg: 0.17798 |train acc:  0.93750 |train acc ravg:  0.93750 |val ent: 0.19720 |val entravg: 0.22357 |val acc:  0.90909 |val acc ravg:  0.89773 |
|epoch:  16 | lr: 0.100 |train ent: 0.17818 |train ent ravg: 0.17319 |train acc:  0.93182 |train acc ravg:  0.93693 |val ent: 0.23298 |val entravg: 0.22235 |val acc:  0.89773 |val acc ravg:  0.89773 |
|epoch:  17 | lr: 0.100 |train ent: 0.15628 |train ent ravg: 0.16824 |train acc:  0.94886 |train acc ravg:  0.94091 |val ent: 0.24578 |val entravg: 0.22482 |val acc:  0.87500 |val acc ravg:  0.89318 |
|epoch:  18 | lr: 0.100 |train ent: 0.20603 |train ent ravg: 0.17864 |train acc:  0.92898 |train acc ravg:  0.93693 |val ent: 0.24472 |val entravg: 0.23016 |val acc:  0.87500 |val acc ravg:  0.88864 |
|epoch:  19 | lr: 0.100 |train ent: 0.16145 |train ent ravg: 0.17784 |train acc:  0.94602 |train acc ravg:  0.93864 |val ent: 0.22817 |val entravg: 0.22977 |val acc:  0.88636 |val acc ravg:  0.88864 |
|epoch:  20 | lr: 0.010 |train ent: 0.19764 |train ent ravg: 0.17992 |train acc:  0.93182 |train acc ravg:  0.93750 |val ent: 0.24763 |val entravg: 0.23986 |val acc:  0.88636 |val acc ravg:  0.88409 |
|epoch:  21 | lr: 0.010 |train ent: 0.16106 |train ent ravg: 0.17649 |train acc:  0.94034 |train acc ravg:  0.93920 |val ent: 0.24383 |val entravg: 0.24203 |val acc:  0.89773 |val acc ravg:  0.88409 |
|epoch:  22 | lr: 0.010 |train ent: 0.17550 |train ent ravg: 0.18034 |train acc:  0.93466 |train acc ravg:  0.93636 |val ent: 0.20986 |val entravg: 0.23484 |val acc:  0.90909 |val acc ravg:  0.89091 |
|epoch:  23 | lr: 0.010 |train ent: 0.18695 |train ent ravg: 0.17652 |train acc:  0.94318 |train acc ravg:  0.93920 |val ent: 0.25282 |val entravg: 0.23646 |val acc:  0.87500 |val acc ravg:  0.89091 |
|epoch:  24 | lr: 0.010 |train ent: 0.15382 |train ent ravg: 0.17500 |train acc:  0.94602 |train acc ravg:  0.93920 |val ent: 0.21498 |val entravg: 0.23382 |val acc:  0.88636 |val acc ravg:  0.89091 |
|epoch:  25 | lr: 0.010 |train ent: 0.17056 |train ent ravg: 0.16958 |train acc:  0.93182 |train acc ravg:  0.93920 |val ent: 0.24133 |val entravg: 0.23257 |val acc:  0.88636 |val acc ravg:  0.89091 |
|epoch:  26 | lr: 0.010 |train ent: 0.16458 |train ent ravg: 0.17028 |train acc:  0.94318 |train acc ravg:  0.93977 |val ent: 0.23891 |val entravg: 0.23158 |val acc:  0.88636 |val acc ravg:  0.88864 |
|epoch:  27 | lr: 0.010 |train ent: 0.16000 |train ent ravg: 0.16718 |train acc:  0.94602 |train acc ravg:  0.94205 |val ent: 0.24071 |val entravg: 0.23775 |val acc:  0.88636 |val acc ravg:  0.88409 |
|epoch:  28 | lr: 0.010 |train ent: 0.19195 |train ent ravg: 0.16818 |train acc:  0.94034 |train acc ravg:  0.94148 |val ent: 0.24287 |val entravg: 0.23576 |val acc:  0.88636 |val acc ravg:  0.88636 |
|epoch:  29 | lr: 0.010 |train ent: 0.15080 |train ent ravg: 0.16758 |train acc:  0.94602 |train acc ravg:  0.94148 |val ent: 0.21453 |val entravg: 0.23567 |val acc:  0.89773 |val acc ravg:  0.88864 |
|epoch:  30 | lr: 0.010 |train ent: 0.17308 |train ent ravg: 0.16808 |train acc:  0.92614 |train acc ravg:  0.94034 |val ent: 0.22735 |val entravg: 0.23287 |val acc:  0.89773 |val acc ravg:  0.89091 |
|epoch:  31 | lr: 0.010 |train ent: 0.18765 |train ent ravg: 0.17270 |train acc:  0.92898 |train acc ravg:  0.93750 |val ent: 0.24295 |val entravg: 0.23368 |val acc:  0.88636 |val acc ravg:  0.89091 |
|epoch:  32 | lr: 0.010 |train ent: 0.14616 |train ent ravg: 0.16993 |train acc:  0.93750 |train acc ravg:  0.93580 |val ent: 0.24706 |val entravg: 0.23495 |val acc:  0.88636 |val acc ravg:  0.89091 |
|epoch:  33 | lr: 0.010 |train ent: 0.15203 |train ent ravg: 0.16195 |train acc:  0.94886 |train acc ravg:  0.93750 |val ent: 0.24396 |val entravg: 0.23517 |val acc:  0.88636 |val acc ravg:  0.89091 |
|epoch:  34 | lr: 0.010 |train ent: 0.17344 |train ent ravg: 0.16647 |train acc:  0.94034 |train acc ravg:  0.93636 |val ent: 0.20897 |val entravg: 0.23406 |val acc:  0.89773 |val acc ravg:  0.89091 |
|epoch:  35 | lr: 0.010 |train ent: 0.14843 |train ent ravg: 0.16154 |train acc:  0.95455 |train acc ravg:  0.94205 |val ent: 0.24134 |val entravg: 0.23686 |val acc:  0.88636 |val acc ravg:  0.88864 |
|epoch:  36 | lr: 0.010 |train ent: 0.18987 |train ent ravg: 0.16199 |train acc:  0.93182 |train acc ravg:  0.94261 |val ent: 0.23621 |val entravg: 0.23551 |val acc:  0.89773 |val acc ravg:  0.89091 |
|epoch:  37 | lr: 0.010 |train ent: 0.20749 |train ent ravg: 0.17425 |train acc:  0.90341 |train acc ravg:  0.93580 |val ent: 0.23999 |val entravg: 0.23409 |val acc:  0.89773 |val acc ravg:  0.89318 |
|epoch:  38 | lr: 0.010 |train ent: 0.17269 |train ent ravg: 0.17838 |train acc:  0.94318 |train acc ravg:  0.93466 |val ent: 0.22084 |val entravg: 0.22947 |val acc:  0.89773 |val acc ravg:  0.89545 |
|epoch:  39 | lr: 0.010 |train ent: 0.16747 |train ent ravg: 0.17719 |train acc:  0.94886 |train acc ravg:  0.93636 |val ent: 0.19158 |val entravg: 0.22599 |val acc:  0.90909 |val acc ravg:  0.89773 |
|epoch:  40 | lr: 0.001 |train ent: 0.17255 |train ent ravg: 0.18201 |train acc:  0.94318 |train acc ravg:  0.93409 |val ent: 0.24233 |val entravg: 0.22619 |val acc:  0.88636 |val acc ravg:  0.89773 |
|epoch:  41 | lr: 0.001 |train ent: 0.16360 |train ent ravg: 0.17676 |train acc:  0.93466 |train acc ravg:  0.93466 |val ent: 0.22543 |val entravg: 0.22403 |val acc:  0.88636 |val acc ravg:  0.89545 |
|epoch:  42 | lr: 0.001 |train ent: 0.16767 |train ent ravg: 0.16880 |train acc:  0.93182 |train acc ravg:  0.94034 |val ent: 0.23708 |val entravg: 0.22345 |val acc:  0.89773 |val acc ravg:  0.89545 |
|epoch:  43 | lr: 0.001 |train ent: 0.16605 |train ent ravg: 0.16747 |train acc:  0.94602 |train acc ravg:  0.94091 |val ent: 0.23393 |val entravg: 0.22607 |val acc:  0.89773 |val acc ravg:  0.89545 |
|epoch:  44 | lr: 0.001 |train ent: 0.16076 |train ent ravg: 0.16613 |train acc:  0.94034 |train acc ravg:  0.93920 |val ent: 0.24118 |val entravg: 0.23599 |val acc:  0.88636 |val acc ravg:  0.89091 |
|epoch:  45 | lr: 0.001 |train ent: 0.15384 |train ent ravg: 0.16238 |train acc:  0.95739 |train acc ravg:  0.94205 |val ent: 0.24259 |val entravg: 0.23604 |val acc:  0.88636 |val acc ravg:  0.89091 |
|epoch:  46 | lr: 0.001 |train ent: 0.15483 |train ent ravg: 0.16063 |train acc:  0.94318 |train acc ravg:  0.94375 |val ent: 0.22810 |val entravg: 0.23658 |val acc:  0.89773 |val acc ravg:  0.89318 |
|epoch:  47 | lr: 0.001 |train ent: 0.18488 |train ent ravg: 0.16407 |train acc:  0.92330 |train acc ravg:  0.94205 |val ent: 0.23564 |val entravg: 0.23629 |val acc:  0.89773 |val acc ravg:  0.89318 |
|epoch:  48 | lr: 0.001 |train ent: 0.16393 |train ent ravg: 0.16365 |train acc:  0.94886 |train acc ravg:  0.94261 |val ent: 0.23483 |val entravg: 0.23647 |val acc:  0.89773 |val acc ravg:  0.89318 |
|epoch:  49 | lr: 0.001 |train ent: 0.17728 |train ent ravg: 0.16695 |train acc:  0.94602 |train acc ravg:  0.94375 |val ent: 0.23604 |val entravg: 0.23544 |val acc:  0.88636 |val acc ravg:  0.89318 |
----------------------------------------------------------------------------------------------------------------------------------------------------------------
Finished:  2021-03-22 12:21:47.904244

Correlation between train loss and evaluation: -0.852

----------------------------------------------------------------------------------------------------------------------------------------------------------------
Save configfile.
------------------------------------------------
Finished at: Mon Mar 22 12:21:49 GMT 2021
------------------------------------------------
