------------------------------------------------
Job ID: 42478267
Run on host: compg013.hpc.in.bmrc.ox.ac.uk
Operating system: Linux
Username: lhw539
Started at: Tue Mar 30 07:08:26 BST 2021
------------------------------------------------
Test (in contrast to train):  False
Loading share 1.00 train data.
The data was balanced for  sex .
Loading share 1.00   val data.
The data was balanced for  sex .
Load model for sex - run: 3
Number of GPUs:  2

Full model is being tested with weights loaded from pre-trained model.
Start:  2021-03-30 07:08:33.576468
----------------------------------------------------------------------------------------------------------------------------------------------------------------
test ent mean: 0.27936 | test ent std: 0.00000 |test acc mean:  0.88000 |test acc std:  0.00000 |
----------------------------------------------------------------------------------------------------------------------------------------------------------------
Finished:  2021-03-30 07:09:09.069787

Correlation between train loss and evaluation: -0.000

----------------------------------------------------------------------------------------------------------------------------------------------------------------
Save configfile.
Loading share 1.00  test data.
The data was balanced for  sex .
Load model for sex - run: 3
Number of GPUs:  2

Full model is being tested with weights loaded from pre-trained model.
Start:  2021-03-30 07:09:09.127656
----------------------------------------------------------------------------------------------------------------------------------------------------------------
test ent mean: 0.20056 | test ent std: 0.00000 |test acc mean:  0.91184 |test acc std:  0.00000 |
----------------------------------------------------------------------------------------------------------------------------------------------------------------
Finished:  2021-03-30 07:13:24.306082

----------------------------------------------------------------------------------------------------------------------------------------------------------------
------------------------------------------------
Finished at: Tue Mar 30 07:13:25 BST 2021
------------------------------------------------
