------------------------------------------------
Job ID: 41220262
Run on host: compg011.hpc.in.bmrc.ox.ac.uk
Operating system: Linux
Username: lhw539
Started at: Mon Mar 22 11:52:20 GMT 2021
------------------------------------------------
Test (in contrast to train):  False
Loading share 1.00 train data.
Loading share 1.00   val data.
Load model for sex - run: 0
Number of GPUs:  2
Epoch decay:  10
Gamma decay:  0.1

Full model is being trained with weights loaded from pre-trained model.
Start:  2021-03-22 11:52:27.265931
----------------------------------------------------------------------------------------------------------------------------------------------------------------
|epoch:   0 | lr: 0.010 |train ent: 0.53314 |train ent ravg: 0.53314 |train acc:  0.70455 |train acc ravg:  0.70455 |val ent: 0.44310 |val entravg: 0.44310 |val acc:  0.84091 |val acc ravg:  0.84091 |
|epoch:   1 | lr: 0.010 |train ent: 0.32323 |train ent ravg: 0.42819 |train acc:  0.92898 |train acc ravg:  0.81676 |val ent: 0.33320 |val entravg: 0.38815 |val acc:  0.89773 |val acc ravg:  0.86932 |
|epoch:   2 | lr: 0.010 |train ent: 0.25526 |train ent ravg: 0.37055 |train acc:  0.93750 |train acc ravg:  0.85701 |val ent: 0.28184 |val entravg: 0.35271 |val acc:  0.90909 |val acc ravg:  0.88258 |
|epoch:   3 | lr: 0.010 |train ent: 0.25751 |train ent ravg: 0.34229 |train acc:  0.90909 |train acc ravg:  0.87003 |val ent: 0.27696 |val entravg: 0.33377 |val acc:  0.88636 |val acc ravg:  0.88352 |
|epoch:   4 | lr: 0.010 |train ent: 0.19555 |train ent ravg: 0.31294 |train acc:  0.94602 |train acc ravg:  0.88523 |val ent: 0.26823 |val entravg: 0.32067 |val acc:  0.88636 |val acc ravg:  0.88409 |
|epoch:   5 | lr: 0.010 |train ent: 0.18714 |train ent ravg: 0.24374 |train acc:  0.94602 |train acc ravg:  0.93352 |val ent: 0.26265 |val entravg: 0.28457 |val acc:  0.88636 |val acc ravg:  0.89318 |
|epoch:   6 | lr: 0.010 |train ent: 0.17310 |train ent ravg: 0.21371 |train acc:  0.94318 |train acc ravg:  0.93636 |val ent: 0.25207 |val entravg: 0.26835 |val acc:  0.88636 |val acc ravg:  0.89091 |
|epoch:   7 | lr: 0.010 |train ent: 0.20754 |train ent ravg: 0.20417 |train acc:  0.91761 |train acc ravg:  0.93239 |val ent: 0.25382 |val entravg: 0.26274 |val acc:  0.88636 |val acc ravg:  0.88636 |
|epoch:   8 | lr: 0.010 |train ent: 0.19538 |train ent ravg: 0.19174 |train acc:  0.94318 |train acc ravg:  0.93920 |val ent: 0.24417 |val entravg: 0.25619 |val acc:  0.88636 |val acc ravg:  0.88636 |
|epoch:   9 | lr: 0.010 |train ent: 0.17907 |train ent ravg: 0.18845 |train acc:  0.94602 |train acc ravg:  0.93920 |val ent: 0.24908 |val entravg: 0.25236 |val acc:  0.88636 |val acc ravg:  0.88636 |
|epoch:  10 | lr: 0.001 |train ent: 0.18787 |train ent ravg: 0.18859 |train acc:  0.93182 |train acc ravg:  0.93636 |val ent: 0.24367 |val entravg: 0.24856 |val acc:  0.88636 |val acc ravg:  0.88636 |
|epoch:  11 | lr: 0.001 |train ent: 0.19746 |train ent ravg: 0.19346 |train acc:  0.94318 |train acc ravg:  0.93636 |val ent: 0.24249 |val entravg: 0.24665 |val acc:  0.88636 |val acc ravg:  0.88636 |
|epoch:  12 | lr: 0.001 |train ent: 0.18159 |train ent ravg: 0.18828 |train acc:  0.94318 |train acc ravg:  0.94148 |val ent: 0.26139 |val entravg: 0.24816 |val acc:  0.88636 |val acc ravg:  0.88636 |
|epoch:  13 | lr: 0.001 |train ent: 0.18232 |train ent ravg: 0.18566 |train acc:  0.94318 |train acc ravg:  0.94148 |val ent: 0.24193 |val entravg: 0.24771 |val acc:  0.88636 |val acc ravg:  0.88636 |
|epoch:  14 | lr: 0.001 |train ent: 0.17653 |train ent ravg: 0.18515 |train acc:  0.94034 |train acc ravg:  0.94034 |val ent: 0.24780 |val entravg: 0.24745 |val acc:  0.88636 |val acc ravg:  0.88636 |
|epoch:  15 | lr: 0.001 |train ent: 0.19713 |train ent ravg: 0.18701 |train acc:  0.93750 |train acc ravg:  0.94148 |val ent: 0.22976 |val entravg: 0.24467 |val acc:  0.89773 |val acc ravg:  0.88864 |
|epoch:  16 | lr: 0.001 |train ent: 0.18207 |train ent ravg: 0.18393 |train acc:  0.94886 |train acc ravg:  0.94261 |val ent: 0.24549 |val entravg: 0.24527 |val acc:  0.88636 |val acc ravg:  0.88864 |
|epoch:  17 | lr: 0.001 |train ent: 0.15813 |train ent ravg: 0.17924 |train acc:  0.96591 |train acc ravg:  0.94716 |val ent: 0.22930 |val entravg: 0.23885 |val acc:  0.89773 |val acc ravg:  0.89091 |
|epoch:  18 | lr: 0.001 |train ent: 0.19711 |train ent ravg: 0.18220 |train acc:  0.94318 |train acc ravg:  0.94716 |val ent: 0.23301 |val entravg: 0.23707 |val acc:  0.89773 |val acc ravg:  0.89318 |
|epoch:  19 | lr: 0.001 |train ent: 0.19476 |train ent ravg: 0.18584 |train acc:  0.93182 |train acc ravg:  0.94545 |val ent: 0.25030 |val entravg: 0.23757 |val acc:  0.88636 |val acc ravg:  0.89318 |
|epoch:  20 | lr: 0.000 |train ent: 0.18774 |train ent ravg: 0.18396 |train acc:  0.92330 |train acc ravg:  0.94261 |val ent: 0.23642 |val entravg: 0.23890 |val acc:  0.89773 |val acc ravg:  0.89318 |
|epoch:  21 | lr: 0.000 |train ent: 0.18015 |train ent ravg: 0.18358 |train acc:  0.94318 |train acc ravg:  0.94148 |val ent: 0.24162 |val entravg: 0.23813 |val acc:  0.89773 |val acc ravg:  0.89545 |
|epoch:  22 | lr: 0.000 |train ent: 0.18134 |train ent ravg: 0.18822 |train acc:  0.92898 |train acc ravg:  0.93409 |val ent: 0.25067 |val entravg: 0.24241 |val acc:  0.88636 |val acc ravg:  0.89318 |
|epoch:  23 | lr: 0.000 |train ent: 0.15903 |train ent ravg: 0.18060 |train acc:  0.95455 |train acc ravg:  0.93636 |val ent: 0.22300 |val entravg: 0.24040 |val acc:  0.90909 |val acc ravg:  0.89545 |
|epoch:  24 | lr: 0.000 |train ent: 0.19140 |train ent ravg: 0.17993 |train acc:  0.93750 |train acc ravg:  0.93750 |val ent: 0.24679 |val entravg: 0.23970 |val acc:  0.88636 |val acc ravg:  0.89545 |
|epoch:  25 | lr: 0.000 |train ent: 0.16370 |train ent ravg: 0.17512 |train acc:  0.95170 |train acc ravg:  0.94318 |val ent: 0.23901 |val entravg: 0.24022 |val acc:  0.89773 |val acc ravg:  0.89545 |
|epoch:  26 | lr: 0.000 |train ent: 0.20330 |train ent ravg: 0.17975 |train acc:  0.92330 |train acc ravg:  0.93920 |val ent: 0.24659 |val entravg: 0.24121 |val acc:  0.88636 |val acc ravg:  0.89318 |
|epoch:  27 | lr: 0.000 |train ent: 0.19264 |train ent ravg: 0.18201 |train acc:  0.91761 |train acc ravg:  0.93693 |val ent: 0.23974 |val entravg: 0.23903 |val acc:  0.88636 |val acc ravg:  0.89318 |
|epoch:  28 | lr: 0.000 |train ent: 0.18402 |train ent ravg: 0.18701 |train acc:  0.94886 |train acc ravg:  0.93580 |val ent: 0.24237 |val entravg: 0.24290 |val acc:  0.90909 |val acc ravg:  0.89318 |
|epoch:  29 | lr: 0.000 |train ent: 0.17349 |train ent ravg: 0.18343 |train acc:  0.94034 |train acc ravg:  0.93636 |val ent: 0.25198 |val entravg: 0.24394 |val acc:  0.87500 |val acc ravg:  0.89091 |
|epoch:  30 | lr: 0.000 |train ent: 0.17168 |train ent ravg: 0.18503 |train acc:  0.94034 |train acc ravg:  0.93409 |val ent: 0.25046 |val entravg: 0.24623 |val acc:  0.88636 |val acc ravg:  0.88864 |
|epoch:  31 | lr: 0.000 |train ent: 0.19526 |train ent ravg: 0.18342 |train acc:  0.92898 |train acc ravg:  0.93523 |val ent: 0.24610 |val entravg: 0.24613 |val acc:  0.89773 |val acc ravg:  0.89091 |
|epoch:  32 | lr: 0.000 |train ent: 0.20216 |train ent ravg: 0.18532 |train acc:  0.92330 |train acc ravg:  0.93636 |val ent: 0.24081 |val entravg: 0.24634 |val acc:  0.88636 |val acc ravg:  0.89091 |
|epoch:  33 | lr: 0.000 |train ent: 0.18169 |train ent ravg: 0.18485 |train acc:  0.93182 |train acc ravg:  0.93295 |val ent: 0.23963 |val entravg: 0.24580 |val acc:  0.88636 |val acc ravg:  0.88636 |
|epoch:  34 | lr: 0.000 |train ent: 0.18732 |train ent ravg: 0.18762 |train acc:  0.94602 |train acc ravg:  0.93409 |val ent: 0.24181 |val entravg: 0.24376 |val acc:  0.89773 |val acc ravg:  0.89091 |
|epoch:  35 | lr: 0.000 |train ent: 0.19604 |train ent ravg: 0.19249 |train acc:  0.93466 |train acc ravg:  0.93295 |val ent: 0.21831 |val entravg: 0.23733 |val acc:  0.90909 |val acc ravg:  0.89545 |
|epoch:  36 | lr: 0.000 |train ent: 0.18182 |train ent ravg: 0.18981 |train acc:  0.93182 |train acc ravg:  0.93352 |val ent: 0.24711 |val entravg: 0.23753 |val acc:  0.88636 |val acc ravg:  0.89318 |
|epoch:  37 | lr: 0.000 |train ent: 0.19093 |train ent ravg: 0.18756 |train acc:  0.94886 |train acc ravg:  0.93864 |val ent: 0.24813 |val entravg: 0.23900 |val acc:  0.88636 |val acc ravg:  0.89318 |
|epoch:  38 | lr: 0.000 |train ent: 0.17185 |train ent ravg: 0.18559 |train acc:  0.93182 |train acc ravg:  0.93864 |val ent: 0.25002 |val entravg: 0.24108 |val acc:  0.88636 |val acc ravg:  0.89318 |
|epoch:  39 | lr: 0.000 |train ent: 0.18183 |train ent ravg: 0.18449 |train acc:  0.93750 |train acc ravg:  0.93693 |val ent: 0.24454 |val entravg: 0.24162 |val acc:  0.89773 |val acc ravg:  0.89318 |
|epoch:  40 | lr: 0.000 |train ent: 0.18018 |train ent ravg: 0.18132 |train acc:  0.94318 |train acc ravg:  0.93864 |val ent: 0.24559 |val entravg: 0.24708 |val acc:  0.88636 |val acc ravg:  0.88864 |
|epoch:  41 | lr: 0.000 |train ent: 0.18860 |train ent ravg: 0.18268 |train acc:  0.94034 |train acc ravg:  0.94034 |val ent: 0.24523 |val entravg: 0.24670 |val acc:  0.89773 |val acc ravg:  0.89091 |
|epoch:  42 | lr: 0.000 |train ent: 0.17671 |train ent ravg: 0.17984 |train acc:  0.94034 |train acc ravg:  0.93864 |val ent: 0.24971 |val entravg: 0.24702 |val acc:  0.88636 |val acc ravg:  0.89091 |
|epoch:  43 | lr: 0.000 |train ent: 0.20618 |train ent ravg: 0.18670 |train acc:  0.93182 |train acc ravg:  0.93864 |val ent: 0.23762 |val entravg: 0.24454 |val acc:  0.89773 |val acc ravg:  0.89318 |
|epoch:  44 | lr: 0.000 |train ent: 0.18301 |train ent ravg: 0.18694 |train acc:  0.94034 |train acc ravg:  0.93920 |val ent: 0.23058 |val entravg: 0.24174 |val acc:  0.89773 |val acc ravg:  0.89318 |
|epoch:  45 | lr: 0.000 |train ent: 0.16714 |train ent ravg: 0.18433 |train acc:  0.94318 |train acc ravg:  0.93920 |val ent: 0.23677 |val entravg: 0.23998 |val acc:  0.89773 |val acc ravg:  0.89545 |
|epoch:  46 | lr: 0.000 |train ent: 0.20543 |train ent ravg: 0.18769 |train acc:  0.93466 |train acc ravg:  0.93807 |val ent: 0.24368 |val entravg: 0.23967 |val acc:  0.88636 |val acc ravg:  0.89318 |
|epoch:  47 | lr: 0.000 |train ent: 0.17561 |train ent ravg: 0.18747 |train acc:  0.93466 |train acc ravg:  0.93693 |val ent: 0.25403 |val entravg: 0.24054 |val acc:  0.88636 |val acc ravg:  0.89318 |
|epoch:  48 | lr: 0.000 |train ent: 0.17969 |train ent ravg: 0.18217 |train acc:  0.95170 |train acc ravg:  0.94091 |val ent: 0.24818 |val entravg: 0.24265 |val acc:  0.88636 |val acc ravg:  0.89091 |
|epoch:  49 | lr: 0.000 |train ent: 0.19798 |train ent ravg: 0.18517 |train acc:  0.94602 |train acc ravg:  0.94205 |val ent: 0.26055 |val entravg: 0.24864 |val acc:  0.87500 |val acc ravg:  0.88636 |
----------------------------------------------------------------------------------------------------------------------------------------------------------------
Finished:  2021-03-22 12:21:04.121692

Correlation between train loss and evaluation: -0.907

----------------------------------------------------------------------------------------------------------------------------------------------------------------
Save configfile.
------------------------------------------------
Finished at: Mon Mar 22 12:21:05 GMT 2021
------------------------------------------------
