------------------------------------------------
Job ID: 40587279
Run on host: compg011.hpc.in.bmrc.ox.ac.uk
Operating system: Linux
Username: lhw539
Started at: Sat Mar 20 17:15:14 GMT 2021
------------------------------------------------
Test (in contrast to train):  False
Loading share 1.00 train data.
Loading share 1.00   val data.
Load model for age - run: 0
Number of GPUs:  2
Epoch decay:  10
Gamma decay:  0.1

Final layer of model is being trained.
Start:  2021-03-20 17:15:22.629409
----------------------------------------------------------------------------------------------------------------------------------------------------------------
|epoch:   0 | lr: 0.100 |train kld: 1.98908 |train kld ravg: 1.98908 |train mae:  4.68654 |train mae ravg:  4.68654 |val kld: 1.78260 |val kldravg: 1.78260 |val mae:  3.64871 |val mae ravg:  3.64872 |
|epoch:   1 | lr: 0.100 |train kld: 1.89175 |train kld ravg: 1.94041 |train mae:  3.89728 |train mae ravg:  4.29191 |val kld: 1.90486 |val kldravg: 1.84373 |val mae:  3.41557 |val mae ravg:  3.53214 |
|epoch:   2 | lr: 0.100 |train kld: 1.82413 |train kld ravg: 1.90165 |train mae:  3.69096 |train mae ravg:  4.09160 |val kld: 1.58803 |val kldravg: 1.75850 |val mae:  3.13539 |val mae ravg:  3.39989 |
|epoch:   3 | lr: 0.100 |train kld: 1.76718 |train kld ravg: 1.86803 |train mae:  3.70897 |train mae ravg:  3.99594 |val kld: 1.88064 |val kldravg: 1.78904 |val mae:  3.61109 |val mae ravg:  3.45269 |
|epoch:   4 | lr: 0.100 |train kld: 1.84215 |train kld ravg: 1.86286 |train mae:  3.73059 |train mae ravg:  3.94287 |val kld: 1.62679 |val kldravg: 1.75659 |val mae:  3.41215 |val mae ravg:  3.44458 |
|epoch:   5 | lr: 0.100 |train kld: 1.79789 |train kld ravg: 1.82462 |train mae:  3.73840 |train mae ravg:  3.75324 |val kld: 1.53734 |val kldravg: 1.70754 |val mae:  3.01253 |val mae ravg:  3.31734 |
|epoch:   6 | lr: 0.100 |train kld: 1.83820 |train kld ravg: 1.81391 |train mae:  3.62920 |train mae ravg:  3.69962 |val kld: 1.55011 |val kldravg: 1.63658 |val mae:  2.81614 |val mae ravg:  3.19746 |
|epoch:   7 | lr: 0.100 |train kld: 1.89934 |train kld ravg: 1.82895 |train mae:  3.81288 |train mae ravg:  3.72401 |val kld: 1.58684 |val kldravg: 1.63635 |val mae:  3.18075 |val mae ravg:  3.20653 |
|epoch:   8 | lr: 0.100 |train kld: 1.76299 |train kld ravg: 1.82811 |train mae:  3.64276 |train mae ravg:  3.71076 |val kld: 1.70487 |val kldravg: 1.60119 |val mae:  3.21687 |val mae ravg:  3.12769 |
|epoch:   9 | lr: 0.100 |train kld: 1.78287 |train kld ravg: 1.81626 |train mae:  3.74091 |train mae ravg:  3.71283 |val kld: 1.60911 |val kldravg: 1.59766 |val mae:  3.15140 |val mae ravg:  3.07554 |
|epoch:  10 | lr: 0.010 |train kld: 1.61723 |train kld ravg: 1.78013 |train mae:  3.52338 |train mae ravg:  3.66983 |val kld: 1.47625 |val kldravg: 1.58544 |val mae:  3.06618 |val mae ravg:  3.08627 |
|epoch:  11 | lr: 0.010 |train kld: 1.63646 |train kld ravg: 1.73978 |train mae:  3.63181 |train mae ravg:  3.67035 |val kld: 1.54679 |val kldravg: 1.58477 |val mae:  2.99075 |val mae ravg:  3.12119 |
|epoch:  12 | lr: 0.010 |train kld: 1.59898 |train kld ravg: 1.67971 |train mae:  3.54379 |train mae ravg:  3.61653 |val kld: 1.47831 |val kldravg: 1.56307 |val mae:  3.07774 |val mae ravg:  3.10059 |
|epoch:  13 | lr: 0.010 |train kld: 1.53481 |train kld ravg: 1.63407 |train mae:  3.45588 |train mae ravg:  3.57915 |val kld: 1.47607 |val kldravg: 1.51731 |val mae:  3.00143 |val mae ravg:  3.05750 |
|epoch:  14 | lr: 0.010 |train kld: 1.52194 |train kld ravg: 1.58188 |train mae:  3.38321 |train mae ravg:  3.50761 |val kld: 1.47161 |val kldravg: 1.48981 |val mae:  3.10135 |val mae ravg:  3.04749 |
|epoch:  15 | lr: 0.010 |train kld: 1.53504 |train kld ravg: 1.56545 |train mae:  3.49041 |train mae ravg:  3.50102 |val kld: 1.47399 |val kldravg: 1.48936 |val mae:  3.07390 |val mae ravg:  3.04903 |
|epoch:  16 | lr: 0.010 |train kld: 1.58243 |train kld ravg: 1.55464 |train mae:  3.72952 |train mae ravg:  3.52056 |val kld: 1.45583 |val kldravg: 1.47116 |val mae:  2.96151 |val mae ravg:  3.04319 |
|epoch:  17 | lr: 0.010 |train kld: 1.50974 |train kld ravg: 1.53679 |train mae:  3.52927 |train mae ravg:  3.51766 |val kld: 1.49524 |val kldravg: 1.47455 |val mae:  2.97537 |val mae ravg:  3.02271 |
|epoch:  18 | lr: 0.010 |train kld: 1.53037 |train kld ravg: 1.53590 |train mae:  3.47582 |train mae ravg:  3.52165 |val kld: 1.46741 |val kldravg: 1.47282 |val mae:  3.05813 |val mae ravg:  3.03405 |
|epoch:  19 | lr: 0.010 |train kld: 1.54371 |train kld ravg: 1.54026 |train mae:  3.63698 |train mae ravg:  3.57240 |val kld: 1.48097 |val kldravg: 1.47469 |val mae:  2.96493 |val mae ravg:  3.00677 |
|epoch:  20 | lr: 0.001 |train kld: 1.49775 |train kld ravg: 1.53280 |train mae:  3.42453 |train mae ravg:  3.55922 |val kld: 1.48895 |val kldravg: 1.47768 |val mae:  3.06178 |val mae ravg:  3.00434 |
|epoch:  21 | lr: 0.001 |train kld: 1.46184 |train kld ravg: 1.50868 |train mae:  3.42526 |train mae ravg:  3.49837 |val kld: 1.46489 |val kldravg: 1.47949 |val mae:  3.02867 |val mae ravg:  3.01778 |
|epoch:  22 | lr: 0.001 |train kld: 1.50379 |train kld ravg: 1.50749 |train mae:  3.52712 |train mae ravg:  3.49794 |val kld: 1.48106 |val kldravg: 1.47666 |val mae:  3.01272 |val mae ravg:  3.02525 |
|epoch:  23 | lr: 0.001 |train kld: 1.53112 |train kld ravg: 1.50764 |train mae:  3.55278 |train mae ravg:  3.51333 |val kld: 1.48309 |val kldravg: 1.47979 |val mae:  3.09060 |val mae ravg:  3.03174 |
|epoch:  24 | lr: 0.001 |train kld: 1.49028 |train kld ravg: 1.49696 |train mae:  3.44557 |train mae ravg:  3.47505 |val kld: 1.46591 |val kldravg: 1.47678 |val mae:  3.04483 |val mae ravg:  3.04772 |
|epoch:  25 | lr: 0.001 |train kld: 1.45825 |train kld ravg: 1.48906 |train mae:  3.49570 |train mae ravg:  3.48929 |val kld: 1.46424 |val kldravg: 1.47184 |val mae:  3.05053 |val mae ravg:  3.04547 |
|epoch:  26 | lr: 0.001 |train kld: 1.48268 |train kld ravg: 1.49323 |train mae:  3.45333 |train mae ravg:  3.49490 |val kld: 1.45961 |val kldravg: 1.47078 |val mae:  3.02915 |val mae ravg:  3.04557 |
|epoch:  27 | lr: 0.001 |train kld: 1.49785 |train kld ravg: 1.49204 |train mae:  3.52688 |train mae ravg:  3.49485 |val kld: 1.46585 |val kldravg: 1.46774 |val mae:  3.08569 |val mae ravg:  3.06016 |
|epoch:  28 | lr: 0.001 |train kld: 1.49992 |train kld ravg: 1.48580 |train mae:  3.48947 |train mae ravg:  3.48219 |val kld: 1.45258 |val kldravg: 1.46164 |val mae:  2.96403 |val mae ravg:  3.03485 |
|epoch:  29 | lr: 0.001 |train kld: 1.45720 |train kld ravg: 1.47918 |train mae:  3.37635 |train mae ravg:  3.46835 |val kld: 1.48642 |val kldravg: 1.46574 |val mae:  3.06103 |val mae ravg:  3.03809 |
|epoch:  30 | lr: 0.000 |train kld: 1.45838 |train kld ravg: 1.47921 |train mae:  3.45581 |train mae ravg:  3.46037 |val kld: 1.46331 |val kldravg: 1.46555 |val mae:  3.04756 |val mae ravg:  3.03749 |
|epoch:  31 | lr: 0.000 |train kld: 1.43161 |train kld ravg: 1.46899 |train mae:  3.32697 |train mae ravg:  3.43510 |val kld: 1.46717 |val kldravg: 1.46706 |val mae:  2.98226 |val mae ravg:  3.02811 |
|epoch:  32 | lr: 0.000 |train kld: 1.51205 |train kld ravg: 1.47183 |train mae:  3.62984 |train mae ravg:  3.45569 |val kld: 1.48048 |val kldravg: 1.46999 |val mae:  3.12606 |val mae ravg:  3.03619 |
|epoch:  33 | lr: 0.000 |train kld: 1.43424 |train kld ravg: 1.45870 |train mae:  3.40514 |train mae ravg:  3.43882 |val kld: 1.45288 |val kldravg: 1.47005 |val mae:  3.03793 |val mae ravg:  3.05097 |
|epoch:  34 | lr: 0.000 |train kld: 1.49106 |train kld ravg: 1.46547 |train mae:  3.45546 |train mae ravg:  3.45464 |val kld: 1.47658 |val kldravg: 1.46808 |val mae:  3.05969 |val mae ravg:  3.05070 |
|epoch:  35 | lr: 0.000 |train kld: 1.49359 |train kld ravg: 1.47251 |train mae:  3.51807 |train mae ravg:  3.46709 |val kld: 1.47453 |val kldravg: 1.47033 |val mae:  3.02213 |val mae ravg:  3.04561 |
|epoch:  36 | lr: 0.000 |train kld: 1.44595 |train kld ravg: 1.47538 |train mae:  3.27930 |train mae ravg:  3.45756 |val kld: 1.46473 |val kldravg: 1.46984 |val mae:  3.05728 |val mae ravg:  3.06062 |
|epoch:  37 | lr: 0.000 |train kld: 1.49041 |train kld ravg: 1.47105 |train mae:  3.55436 |train mae ravg:  3.44247 |val kld: 1.46372 |val kldravg: 1.46649 |val mae:  2.99934 |val mae ravg:  3.03527 |
|epoch:  38 | lr: 0.000 |train kld: 1.51713 |train kld ravg: 1.48763 |train mae:  3.55804 |train mae ravg:  3.47305 |val kld: 1.45440 |val kldravg: 1.46679 |val mae:  2.96093 |val mae ravg:  3.01988 |
|epoch:  39 | lr: 0.000 |train kld: 1.47011 |train kld ravg: 1.48344 |train mae:  3.40294 |train mae ravg:  3.46254 |val kld: 1.42593 |val kldravg: 1.45666 |val mae:  2.97333 |val mae ravg:  3.00260 |
|epoch:  40 | lr: 0.000 |train kld: 1.47149 |train kld ravg: 1.47902 |train mae:  3.51545 |train mae ravg:  3.46202 |val kld: 1.47684 |val kldravg: 1.45713 |val mae:  3.08232 |val mae ravg:  3.01464 |
|epoch:  41 | lr: 0.000 |train kld: 1.47777 |train kld ravg: 1.48538 |train mae:  3.62763 |train mae ravg:  3.53168 |val kld: 1.48175 |val kldravg: 1.46053 |val mae:  3.12087 |val mae ravg:  3.02736 |
|epoch:  42 | lr: 0.000 |train kld: 1.51221 |train kld ravg: 1.48974 |train mae:  3.40176 |train mae ravg:  3.50116 |val kld: 1.46460 |val kldravg: 1.46071 |val mae:  3.02543 |val mae ravg:  3.03258 |
|epoch:  43 | lr: 0.000 |train kld: 1.47889 |train kld ravg: 1.48210 |train mae:  3.47712 |train mae ravg:  3.48498 |val kld: 1.48770 |val kldravg: 1.46737 |val mae:  3.08510 |val mae ravg:  3.05741 |
|epoch:  44 | lr: 0.000 |train kld: 1.50218 |train kld ravg: 1.48851 |train mae:  3.54610 |train mae ravg:  3.51361 |val kld: 1.41804 |val kldravg: 1.46579 |val mae:  2.82995 |val mae ravg:  3.02874 |
|epoch:  45 | lr: 0.000 |train kld: 1.44642 |train kld ravg: 1.48350 |train mae:  3.37080 |train mae ravg:  3.48468 |val kld: 1.45209 |val kldravg: 1.46084 |val mae:  3.00969 |val mae ravg:  3.01421 |
|epoch:  46 | lr: 0.000 |train kld: 1.47747 |train kld ravg: 1.48343 |train mae:  3.26960 |train mae ravg:  3.41308 |val kld: 1.47599 |val kldravg: 1.45968 |val mae:  3.11059 |val mae ravg:  3.01215 |
|epoch:  47 | lr: 0.000 |train kld: 1.47329 |train kld ravg: 1.47565 |train mae:  3.41466 |train mae ravg:  3.41566 |val kld: 1.40848 |val kldravg: 1.44846 |val mae:  2.85268 |val mae ravg:  2.97760 |
|epoch:  48 | lr: 0.000 |train kld: 1.52493 |train kld ravg: 1.48486 |train mae:  3.58293 |train mae ravg:  3.43682 |val kld: 1.45263 |val kldravg: 1.44144 |val mae:  3.02897 |val mae ravg:  2.96638 |
|epoch:  49 | lr: 0.000 |train kld: 1.43489 |train kld ravg: 1.47140 |train mae:  3.38050 |train mae ravg:  3.40370 |val kld: 1.46411 |val kldravg: 1.45066 |val mae:  3.01558 |val mae ravg:  3.00350 |
----------------------------------------------------------------------------------------------------------------------------------------------------------------
Finished:  2021-03-20 17:46:00.302734

Correlation between train loss and evaluation: 0.798

----------------------------------------------------------------------------------------------------------------------------------------------------------------
Number of GPUs:  2
Epoch decay:  20
Gamma decay:  0.2

Full model is being trained.
Start:  2021-03-20 17:46:00.306261
----------------------------------------------------------------------------------------------------------------------------------------------------------------
|epoch:   0 | lr: 0.000 |train kld: 1.47638 |train kld ravg: 1.47638 |train mae:  3.42039 |train mae ravg:  3.42039 |val kld: 1.47886 |val kldravg: 1.47886 |val mae:  3.15606 |val mae ravg:  3.15606 |
|epoch:   1 | lr: 0.000 |train kld: 1.45992 |train kld ravg: 1.46815 |train mae:  3.23004 |train mae ravg:  3.32522 |val kld: 1.42436 |val kldravg: 1.45161 |val mae:  2.94462 |val mae ravg:  3.05034 |
|epoch:   2 | lr: 0.000 |train kld: 1.40111 |train kld ravg: 1.44580 |train mae:  3.12687 |train mae ravg:  3.25910 |val kld: 1.43418 |val kldravg: 1.44580 |val mae:  3.05631 |val mae ravg:  3.05233 |
|epoch:   3 | lr: 0.000 |train kld: 1.40752 |train kld ravg: 1.43623 |train mae:  3.16693 |train mae ravg:  3.23606 |val kld: 1.44668 |val kldravg: 1.44602 |val mae:  3.13460 |val mae ravg:  3.07290 |
|epoch:   4 | lr: 0.000 |train kld: 1.36341 |train kld ravg: 1.42166 |train mae:  2.90804 |train mae ravg:  3.17045 |val kld: 1.42374 |val kldravg: 1.44157 |val mae:  2.94207 |val mae ravg:  3.04673 |
|epoch:   5 | lr: 0.000 |train kld: 1.37975 |train kld ravg: 1.40234 |train mae:  3.06752 |train mae ravg:  3.09988 |val kld: 1.42044 |val kldravg: 1.42988 |val mae:  3.10369 |val mae ravg:  3.03625 |
|epoch:   6 | lr: 0.000 |train kld: 1.34408 |train kld ravg: 1.37917 |train mae:  2.76153 |train mae ravg:  3.00618 |val kld: 1.42456 |val kldravg: 1.42992 |val mae:  3.02364 |val mae ravg:  3.05206 |
|epoch:   7 | lr: 0.000 |train kld: 1.35648 |train kld ravg: 1.37025 |train mae:  2.99465 |train mae ravg:  2.97973 |val kld: 1.43335 |val kldravg: 1.42975 |val mae:  3.05877 |val mae ravg:  3.05255 |
|epoch:   8 | lr: 0.000 |train kld: 1.33100 |train kld ravg: 1.35495 |train mae:  2.89985 |train mae ravg:  2.92632 |val kld: 1.44383 |val kldravg: 1.42918 |val mae:  3.08369 |val mae ravg:  3.04237 |
|epoch:   9 | lr: 0.000 |train kld: 1.32141 |train kld ravg: 1.34655 |train mae:  2.70827 |train mae ravg:  2.88636 |val kld: 1.45205 |val kldravg: 1.43485 |val mae:  3.15397 |val mae ravg:  3.08475 |
|epoch:  10 | lr: 0.000 |train kld: 1.32008 |train kld ravg: 1.33461 |train mae:  2.78799 |train mae ravg:  2.83046 |val kld: 1.44383 |val kldravg: 1.43952 |val mae:  3.05700 |val mae ravg:  3.07541 |
|epoch:  11 | lr: 0.000 |train kld: 1.30078 |train kld ravg: 1.32595 |train mae:  2.80092 |train mae ravg:  2.83834 |val kld: 1.45057 |val kldravg: 1.44473 |val mae:  3.03363 |val mae ravg:  3.07741 |
|epoch:  12 | lr: 0.000 |train kld: 1.33535 |train kld ravg: 1.32172 |train mae:  2.81959 |train mae ravg:  2.80332 |val kld: 1.42697 |val kldravg: 1.44345 |val mae:  3.12550 |val mae ravg:  3.09076 |
|epoch:  13 | lr: 0.000 |train kld: 1.28525 |train kld ravg: 1.31257 |train mae:  2.67079 |train mae ravg:  2.75751 |val kld: 1.42807 |val kldravg: 1.44030 |val mae:  3.05510 |val mae ravg:  3.08504 |
|epoch:  14 | lr: 0.000 |train kld: 1.31262 |train kld ravg: 1.31082 |train mae:  2.71005 |train mae ravg:  2.75787 |val kld: 1.42040 |val kldravg: 1.43397 |val mae:  3.04308 |val mae ravg:  3.06286 |
|epoch:  15 | lr: 0.000 |train kld: 1.32395 |train kld ravg: 1.31159 |train mae:  2.76201 |train mae ravg:  2.75267 |val kld: 1.42490 |val kldravg: 1.43018 |val mae:  3.10988 |val mae ravg:  3.07344 |
|epoch:  16 | lr: 0.000 |train kld: 1.31978 |train kld ravg: 1.31539 |train mae:  2.70635 |train mae ravg:  2.73376 |val kld: 1.41505 |val kldravg: 1.42308 |val mae:  3.01553 |val mae ravg:  3.06982 |
|epoch:  17 | lr: 0.000 |train kld: 1.25052 |train kld ravg: 1.29842 |train mae:  2.59194 |train mae ravg:  2.68823 |val kld: 1.42005 |val kldravg: 1.42169 |val mae:  3.04844 |val mae ravg:  3.05441 |
|epoch:  18 | lr: 0.000 |train kld: 1.27873 |train kld ravg: 1.29712 |train mae:  2.66168 |train mae ravg:  2.68641 |val kld: 1.42542 |val kldravg: 1.42116 |val mae:  3.11197 |val mae ravg:  3.06578 |
|epoch:  19 | lr: 0.000 |train kld: 1.26539 |train kld ravg: 1.28767 |train mae:  2.51799 |train mae ravg:  2.64799 |val kld: 1.42449 |val kldravg: 1.42198 |val mae:  3.04770 |val mae ravg:  3.06671 |
|epoch:  20 | lr: 0.000 |train kld: 1.27514 |train kld ravg: 1.27791 |train mae:  2.69447 |train mae ravg:  2.63448 |val kld: 1.41126 |val kldravg: 1.41925 |val mae:  3.05109 |val mae ravg:  3.05495 |
|epoch:  21 | lr: 0.000 |train kld: 1.26021 |train kld ravg: 1.26600 |train mae:  2.69989 |train mae ravg:  2.63319 |val kld: 1.41781 |val kldravg: 1.41981 |val mae:  3.05579 |val mae ravg:  3.06300 |
|epoch:  22 | lr: 0.000 |train kld: 1.24871 |train kld ravg: 1.26564 |train mae:  2.50273 |train mae ravg:  2.61535 |val kld: 1.39780 |val kldravg: 1.41536 |val mae:  2.98194 |val mae ravg:  3.04970 |
|epoch:  23 | lr: 0.000 |train kld: 1.27545 |train kld ravg: 1.26498 |train mae:  2.60648 |train mae ravg:  2.60431 |val kld: 1.41469 |val kldravg: 1.41321 |val mae:  3.06036 |val mae ravg:  3.03937 |
|epoch:  24 | lr: 0.000 |train kld: 1.23344 |train kld ravg: 1.25859 |train mae:  2.51533 |train mae ravg:  2.60378 |val kld: 1.42675 |val kldravg: 1.41366 |val mae:  3.03792 |val mae ravg:  3.03742 |
|epoch:  25 | lr: 0.000 |train kld: 1.25608 |train kld ravg: 1.25478 |train mae:  2.57919 |train mae ravg:  2.58072 |val kld: 1.42440 |val kldravg: 1.41629 |val mae:  3.06326 |val mae ravg:  3.03985 |
|epoch:  26 | lr: 0.000 |train kld: 1.25584 |train kld ravg: 1.25391 |train mae:  2.52795 |train mae ravg:  2.54634 |val kld: 1.40359 |val kldravg: 1.41345 |val mae:  2.94710 |val mae ravg:  3.01812 |
|epoch:  27 | lr: 0.000 |train kld: 1.23190 |train kld ravg: 1.25054 |train mae:  2.51618 |train mae ravg:  2.54903 |val kld: 1.36140 |val kldravg: 1.40617 |val mae:  2.90335 |val mae ravg:  3.00240 |
|epoch:  28 | lr: 0.000 |train kld: 1.25161 |train kld ravg: 1.24578 |train mae:  2.60627 |train mae ravg:  2.54899 |val kld: 1.37526 |val kldravg: 1.39828 |val mae:  2.95504 |val mae ravg:  2.98134 |
|epoch:  29 | lr: 0.000 |train kld: 1.22340 |train kld ravg: 1.24377 |train mae:  2.50580 |train mae ravg:  2.54708 |val kld: 1.41010 |val kldravg: 1.39495 |val mae:  3.01642 |val mae ravg:  2.97704 |
|epoch:  30 | lr: 0.000 |train kld: 1.25140 |train kld ravg: 1.24283 |train mae:  2.55778 |train mae ravg:  2.54280 |val kld: 1.40293 |val kldravg: 1.39066 |val mae:  2.94972 |val mae ravg:  2.95433 |
|epoch:  31 | lr: 0.000 |train kld: 1.24788 |train kld ravg: 1.24124 |train mae:  2.65761 |train mae ravg:  2.56873 |val kld: 1.40298 |val kldravg: 1.39054 |val mae:  3.03522 |val mae ravg:  2.97195 |
|epoch:  32 | lr: 0.000 |train kld: 1.26086 |train kld ravg: 1.24703 |train mae:  2.67277 |train mae ravg:  2.60005 |val kld: 1.38827 |val kldravg: 1.39591 |val mae:  2.98330 |val mae ravg:  2.98794 |
|epoch:  33 | lr: 0.000 |train kld: 1.25006 |train kld ravg: 1.24672 |train mae:  2.60269 |train mae ravg:  2.59933 |val kld: 1.43108 |val kldravg: 1.40707 |val mae:  3.05820 |val mae ravg:  3.00857 |
|epoch:  34 | lr: 0.000 |train kld: 1.24859 |train kld ravg: 1.25176 |train mae:  2.61895 |train mae ravg:  2.62196 |val kld: 1.41359 |val kldravg: 1.40777 |val mae:  3.05843 |val mae ravg:  3.01697 |
|epoch:  35 | lr: 0.000 |train kld: 1.26045 |train kld ravg: 1.25357 |train mae:  2.65412 |train mae ravg:  2.64123 |val kld: 1.41155 |val kldravg: 1.40950 |val mae:  3.00391 |val mae ravg:  3.02781 |
|epoch:  36 | lr: 0.000 |train kld: 1.22228 |train kld ravg: 1.24845 |train mae:  2.57771 |train mae ravg:  2.62525 |val kld: 1.40902 |val kldravg: 1.41070 |val mae:  3.06665 |val mae ravg:  3.03410 |
|epoch:  37 | lr: 0.000 |train kld: 1.23212 |train kld ravg: 1.24270 |train mae:  2.48026 |train mae ravg:  2.58675 |val kld: 1.34336 |val kldravg: 1.40172 |val mae:  2.91021 |val mae ravg:  3.01948 |
|epoch:  38 | lr: 0.000 |train kld: 1.24298 |train kld ravg: 1.24128 |train mae:  2.46880 |train mae ravg:  2.55997 |val kld: 1.33476 |val kldravg: 1.38246 |val mae:  2.83731 |val mae ravg:  2.97530 |
|epoch:  39 | lr: 0.000 |train kld: 1.25837 |train kld ravg: 1.24324 |train mae:  2.57930 |train mae ravg:  2.55204 |val kld: 1.37837 |val kldravg: 1.37541 |val mae:  2.85578 |val mae ravg:  2.93477 |
----------------------------------------------------------------------------------------------------------------------------------------------------------------
Finished:  2021-03-20 20:36:05.220890

Correlation between train loss and evaluation: 0.960

----------------------------------------------------------------------------------------------------------------------------------------------------------------
Save configfile.
Loading share 1.00  test data.
Number of GPUs:  2

Model loaded from None is being tested.
Start:  2021-03-20 20:36:05.259021
----------------------------------------------------------------------------------------------------------------------------------------------------------------
test kld mean: 1.45286 | test kld std: 0.00182 |test mae mean:  3.27637 |test mae std:  0.00560 |
----------------------------------------------------------------------------------------------------------------------------------------------------------------
Finished:  2021-03-20 20:38:27.389269

Correlation between train loss and evaluation: 0.939

----------------------------------------------------------------------------------------------------------------------------------------------------------------
------------------------------------------------
Finished at: Sat Mar 20 20:38:28 GMT 2021
------------------------------------------------
