------------------------------------------------
Job ID: 38513449
Run on host: compg013.hpc.in.bmrc.ox.ac.uk
Operating system: Linux
Username: lhw539
Started at: Mon Mar 1 23:16:11 GMT 2021
------------------------------------------------
Loading ixi train data.
Loading ixi   val data.
Load model for sex - run: 4
Number of GPUs:  2

Full model is being tested with weights loaded from pre-trained model.
Start:  2021-03-01 23:16:19.665283
----------------------------------------------------------------------------------------------------------------------------------------------------------------
test ent mean: 1.18074 | test ent std: nan |test acc mean:  0.62037 |test acc std:  nan |
----------------------------------------------------------------------------------------------------------------------------------------------------------------
Finished:  2021-03-01 23:16:37.492785

----------------------------------------------------------------------------------------------------------------------------------------------------------------
------------------------------------------------
Finished at: Mon Mar 1 23:16:38 GMT 2021
------------------------------------------------
