------------------------------------------------
Job ID: 43021142
Run on host: compg010.hpc.in.bmrc.ox.ac.uk
Operating system: Linux
Username: lhw539
Started at: Fri Apr 9 10:17:08 BST 2021
------------------------------------------------
Test (in contrast to train):  False
Loading share 0.33 train data.
The data was balanced for  sex .
Loading ABIDE   val data.
The data was balanced for  sex .
Load model for sex - run: 0
Output dimensions match.
Number of GPUs:  2
Epoch decay:  20
Gamma decay:  0.5

Full model is being trained with weights loaded from pre-trained model.
Start:  2021-04-09 10:17:15.603035
----------------------------------------------------------------------------------------------------------------------------------------------------------------
|epoch:   0 | lr: 0.005 |train ent: 1.08797 |train ent ravg: 1.08797 |train acc:  0.46371 |train acc ravg:  0.46371 |val ent: 1.20461 |val entravg: 1.20461 |val acc:  0.49235 |val acc ravg:  0.49235 |
|epoch:   1 | lr: 0.005 |train ent: 0.79147 |train ent ravg: 0.93972 |train acc:  0.46774 |train acc ravg:  0.46573 |val ent: 0.70590 |val entravg: 0.95526 |val acc:  0.54592 |val acc ravg:  0.51913 |
|epoch:   2 | lr: 0.005 |train ent: 0.77929 |train ent ravg: 0.88624 |train acc:  0.48790 |train acc ravg:  0.47312 |val ent: 0.72754 |val entravg: 0.87935 |val acc:  0.49490 |val acc ravg:  0.51105 |
|epoch:   3 | lr: 0.005 |train ent: 0.68604 |train ent ravg: 0.83619 |train acc:  0.56048 |train acc ravg:  0.49496 |val ent: 0.71242 |val entravg: 0.83762 |val acc:  0.51276 |val acc ravg:  0.51148 |
