------------------------------------------------
Job ID: 43021155
Run on host: compg009.hpc.in.bmrc.ox.ac.uk
Operating system: Linux
Username: lhw539
Started at: Fri Apr 9 20:20:51 BST 2021
------------------------------------------------
Test (in contrast to train):  False
Loading ABIDE train data.
The data was balanced for  sex .
Loading ABIDE   val data.
The data was balanced for  sex .
Load model for sex - run: 0
Output dimensions match.
Number of GPUs:  2
Epoch decay:  20
Gamma decay:  0.5

Full model is being trained with weights loaded from pre-trained model.
Start:  2021-04-09 20:20:58.616483
----------------------------------------------------------------------------------------------------------------------------------------------------------------
|epoch:   0 | lr: 0.005 |train ent: 0.90605 |train ent ravg: 0.90605 |train acc:  0.51160 |train acc ravg:  0.51160 |val ent: 0.83742 |val entravg: 0.83742 |val acc:  0.49745 |val acc ravg:  0.49745 |
|epoch:   1 | lr: 0.005 |train ent: 0.76053 |train ent ravg: 0.83329 |train acc:  0.51675 |train acc ravg:  0.51418 |val ent: 0.69855 |val entravg: 0.76799 |val acc:  0.53571 |val acc ravg:  0.51658 |
|epoch:   2 | lr: 0.005 |train ent: 0.74124 |train ent ravg: 0.80261 |train acc:  0.51804 |train acc ravg:  0.51546 |val ent: 0.69563 |val entravg: 0.74387 |val acc:  0.51276 |val acc ravg:  0.51531 |
|epoch:   3 | lr: 0.005 |train ent: 0.71136 |train ent ravg: 0.77980 |train acc:  0.56443 |train acc ravg:  0.52771 |val ent: 0.74370 |val entravg: 0.74383 |val acc:  0.50255 |val acc ravg:  0.51212 |
|epoch:   4 | lr: 0.005 |train ent: 0.70132 |train ent ravg: 0.76410 |train acc:  0.56443 |train acc ravg:  0.53505 |val ent: 0.73352 |val entravg: 0.74176 |val acc:  0.51020 |val acc ravg:  0.51173 |
|epoch:   5 | lr: 0.005 |train ent: 0.70972 |train ent ravg: 0.72483 |train acc:  0.54897 |train acc ravg:  0.54253 |val ent: 0.69985 |val entravg: 0.71425 |val acc:  0.55102 |val acc ravg:  0.52245 |
|epoch:   6 | lr: 0.005 |train ent: 0.68858 |train ent ravg: 0.71044 |train acc:  0.58892 |train acc ravg:  0.55696 |val ent: 0.70021 |val entravg: 0.71458 |val acc:  0.51531 |val acc ravg:  0.51837 |
|epoch:   7 | lr: 0.005 |train ent: 0.67666 |train ent ravg: 0.69753 |train acc:  0.58119 |train acc ravg:  0.56959 |val ent: 0.70106 |val entravg: 0.71567 |val acc:  0.57398 |val acc ravg:  0.53061 |
|epoch:   8 | lr: 0.005 |train ent: 0.67479 |train ent ravg: 0.69021 |train acc:  0.59407 |train acc ravg:  0.57552 |val ent: 0.70487 |val entravg: 0.70790 |val acc:  0.52551 |val acc ravg:  0.53520 |
|epoch:   9 | lr: 0.005 |train ent: 0.67238 |train ent ravg: 0.68443 |train acc:  0.58763 |train acc ravg:  0.58015 |val ent: 0.73207 |val entravg: 0.70761 |val acc:  0.54337 |val acc ravg:  0.54184 |
|epoch:  10 | lr: 0.005 |train ent: 0.65849 |train ent ravg: 0.67418 |train acc:  0.60567 |train acc ravg:  0.59149 |val ent: 0.69682 |val entravg: 0.70701 |val acc:  0.56378 |val acc ravg:  0.54439 |
|epoch:  11 | lr: 0.005 |train ent: 0.63697 |train ent ravg: 0.66385 |train acc:  0.63402 |train acc ravg:  0.60052 |val ent: 0.67950 |val entravg: 0.70286 |val acc:  0.57653 |val acc ravg:  0.55663 |
|epoch:  12 | lr: 0.005 |train ent: 0.64244 |train ent ravg: 0.65701 |train acc:  0.63273 |train acc ravg:  0.61082 |val ent: 0.69596 |val entravg: 0.70184 |val acc:  0.55357 |val acc ravg:  0.55255 |
|epoch:  13 | lr: 0.005 |train ent: 0.62573 |train ent ravg: 0.64720 |train acc:  0.63660 |train acc ravg:  0.61933 |val ent: 0.76165 |val entravg: 0.71320 |val acc:  0.53061 |val acc ravg:  0.55357 |
|epoch:  14 | lr: 0.005 |train ent: 0.62373 |train ent ravg: 0.63747 |train acc:  0.64175 |train acc ravg:  0.63015 |val ent: 0.99227 |val entravg: 0.76524 |val acc:  0.50765 |val acc ravg:  0.54643 |
|epoch:  15 | lr: 0.005 |train ent: 0.64833 |train ent ravg: 0.63544 |train acc:  0.62887 |train acc ravg:  0.63479 |val ent: 0.68557 |val entravg: 0.76299 |val acc:  0.56888 |val acc ravg:  0.54745 |
|epoch:  16 | lr: 0.005 |train ent: 0.59071 |train ent ravg: 0.62619 |train acc:  0.68170 |train acc ravg:  0.64433 |val ent: 0.90114 |val entravg: 0.80732 |val acc:  0.50510 |val acc ravg:  0.53316 |
|epoch:  17 | lr: 0.005 |train ent: 0.58483 |train ent ravg: 0.61467 |train acc:  0.70232 |train acc ravg:  0.65825 |val ent: 1.14277 |val entravg: 0.89668 |val acc:  0.50255 |val acc ravg:  0.52296 |
|epoch:  18 | lr: 0.005 |train ent: 0.59941 |train ent ravg: 0.60940 |train acc:  0.67139 |train acc ravg:  0.66521 |val ent: 0.70242 |val entravg: 0.88483 |val acc:  0.52296 |val acc ravg:  0.52143 |
|epoch:  19 | lr: 0.005 |train ent: 0.59382 |train ent ravg: 0.60342 |train acc:  0.68686 |train acc ravg:  0.67423 |val ent: 0.68184 |val entravg: 0.82275 |val acc:  0.59184 |val acc ravg:  0.53827 |
|epoch:  20 | lr: 0.003 |train ent: 0.52078 |train ent ravg: 0.57791 |train acc:  0.73969 |train acc ravg:  0.69639 |val ent: 0.61812 |val entravg: 0.80926 |val acc:  0.68367 |val acc ravg:  0.56122 |
|epoch:  21 | lr: 0.003 |train ent: 0.50296 |train ent ravg: 0.56036 |train acc:  0.74613 |train acc ravg:  0.70928 |val ent: 1.23735 |val entravg: 0.87650 |val acc:  0.50510 |val acc ravg:  0.56122 |
|epoch:  22 | lr: 0.003 |train ent: 0.53220 |train ent ravg: 0.54983 |train acc:  0.73711 |train acc ravg:  0.71624 |val ent: 0.62003 |val entravg: 0.77195 |val acc:  0.69643 |val acc ravg:  0.60000 |
|epoch:  23 | lr: 0.003 |train ent: 0.49951 |train ent ravg: 0.52986 |train acc:  0.76289 |train acc ravg:  0.73454 |val ent: 0.78397 |val entravg: 0.78826 |val acc:  0.57653 |val acc ravg:  0.61071 |
|epoch:  24 | lr: 0.003 |train ent: 0.48360 |train ent ravg: 0.50781 |train acc:  0.77577 |train acc ravg:  0.75232 |val ent: 0.62138 |val entravg: 0.77617 |val acc:  0.65051 |val acc ravg:  0.62245 |
|epoch:  25 | lr: 0.003 |train ent: 0.43971 |train ent ravg: 0.49160 |train acc:  0.80026 |train acc ravg:  0.76443 |val ent: 0.74796 |val entravg: 0.80214 |val acc:  0.56888 |val acc ravg:  0.59949 |
|epoch:  26 | lr: 0.003 |train ent: 0.45203 |train ent ravg: 0.48141 |train acc:  0.79639 |train acc ravg:  0.77448 |val ent: 0.57409 |val entravg: 0.66948 |val acc:  0.73469 |val acc ravg:  0.64541 |
|epoch:  27 | lr: 0.003 |train ent: 0.42425 |train ent ravg: 0.45982 |train acc:  0.81314 |train acc ravg:  0.78969 |val ent: 0.62942 |val entravg: 0.67136 |val acc:  0.67857 |val acc ravg:  0.64184 |
|epoch:  28 | lr: 0.003 |train ent: 0.42485 |train ent ravg: 0.44489 |train acc:  0.79381 |train acc ravg:  0.79588 |val ent: 0.57647 |val entravg: 0.62987 |val acc:  0.71429 |val acc ravg:  0.66939 |
|epoch:  29 | lr: 0.003 |train ent: 0.40771 |train ent ravg: 0.42971 |train acc:  0.82603 |train acc ravg:  0.80593 |val ent: 1.46416 |val entravg: 0.79842 |val acc:  0.50255 |val acc ravg:  0.63980 |
|epoch:  30 | lr: 0.003 |train ent: 0.39778 |train ent ravg: 0.42132 |train acc:  0.82990 |train acc ravg:  0.81186 |val ent: 0.58223 |val entravg: 0.76528 |val acc:  0.69898 |val acc ravg:  0.66582 |
|epoch:  31 | lr: 0.003 |train ent: 0.40898 |train ent ravg: 0.41271 |train acc:  0.83376 |train acc ravg:  0.81933 |val ent: 0.79919 |val entravg: 0.81030 |val acc:  0.57653 |val acc ravg:  0.63418 |
|epoch:  32 | lr: 0.003 |train ent: 0.38695 |train ent ravg: 0.40525 |train acc:  0.81186 |train acc ravg:  0.81907 |val ent: 2.00576 |val entravg: 1.08556 |val acc:  0.50255 |val acc ravg:  0.59898 |
|epoch:  33 | lr: 0.003 |train ent: 0.36997 |train ent ravg: 0.39428 |train acc:  0.83634 |train acc ravg:  0.82758 |val ent: 0.75138 |val entravg: 1.12054 |val acc:  0.63010 |val acc ravg:  0.58214 |
|epoch:  34 | lr: 0.003 |train ent: 0.32930 |train ent ravg: 0.37859 |train acc:  0.86469 |train acc ravg:  0.83531 |val ent: 0.57355 |val entravg: 0.94242 |val acc:  0.72959 |val acc ravg:  0.62755 |
|epoch:  35 | lr: 0.003 |train ent: 0.32200 |train ent ravg: 0.36344 |train acc:  0.87887 |train acc ravg:  0.84510 |val ent: 0.56278 |val entravg: 0.93853 |val acc:  0.77551 |val acc ravg:  0.64286 |
|epoch:  36 | lr: 0.003 |train ent: 0.34009 |train ent ravg: 0.34966 |train acc:  0.84536 |train acc ravg:  0.84742 |val ent: 0.51523 |val entravg: 0.88174 |val acc:  0.76276 |val acc ravg:  0.68010 |
|epoch:  37 | lr: 0.003 |train ent: 0.30465 |train ent ravg: 0.33320 |train acc:  0.87758 |train acc ravg:  0.86057 |val ent: 0.52718 |val entravg: 0.58602 |val acc:  0.77296 |val acc ravg:  0.73418 |
|epoch:  38 | lr: 0.003 |train ent: 0.29042 |train ent ravg: 0.31729 |train acc:  0.89046 |train acc ravg:  0.87139 |val ent: 1.49800 |val entravg: 0.73535 |val acc:  0.51531 |val acc ravg:  0.71122 |
|epoch:  39 | lr: 0.003 |train ent: 0.27365 |train ent ravg: 0.30616 |train acc:  0.90335 |train acc ravg:  0.87912 |val ent: 0.52507 |val entravg: 0.72565 |val acc:  0.76276 |val acc ravg:  0.71786 |
|epoch:  40 | lr: 0.001 |train ent: 0.21291 |train ent ravg: 0.28435 |train acc:  0.92655 |train acc ravg:  0.88866 |val ent: 0.59855 |val entravg: 0.73281 |val acc:  0.68622 |val acc ravg:  0.70000 |
|epoch:  41 | lr: 0.001 |train ent: 0.18384 |train ent ravg: 0.25310 |train acc:  0.94201 |train acc ravg:  0.90799 |val ent: 0.57824 |val entravg: 0.74541 |val acc:  0.72959 |val acc ravg:  0.69337 |
|epoch:  42 | lr: 0.001 |train ent: 0.18451 |train ent ravg: 0.22907 |train acc:  0.95490 |train acc ravg:  0.92345 |val ent: 0.64551 |val entravg: 0.76908 |val acc:  0.71429 |val acc ravg:  0.68163 |
|epoch:  43 | lr: 0.001 |train ent: 0.17706 |train ent ravg: 0.20640 |train acc:  0.95232 |train acc ravg:  0.93582 |val ent: 0.52841 |val entravg: 0.57516 |val acc:  0.74745 |val acc ravg:  0.72806 |
|epoch:  44 | lr: 0.001 |train ent: 0.19291 |train ent ravg: 0.19025 |train acc:  0.94588 |train acc ravg:  0.94433 |val ent: 1.38089 |val entravg: 0.74632 |val acc:  0.54847 |val acc ravg:  0.68520 |
|epoch:  45 | lr: 0.001 |train ent: 0.20754 |train ent ravg: 0.18917 |train acc:  0.93041 |train acc ravg:  0.94510 |val ent: 0.70923 |val entravg: 0.76845 |val acc:  0.64796 |val acc ravg:  0.67755 |
|epoch:  46 | lr: 0.001 |train ent: 0.15750 |train ent ravg: 0.18391 |train acc:  0.95232 |train acc ravg:  0.94717 |val ent: 0.49766 |val entravg: 0.75234 |val acc:  0.79592 |val acc ravg:  0.69082 |
|epoch:  47 | lr: 0.001 |train ent: 0.16551 |train ent ravg: 0.18011 |train acc:  0.95103 |train acc ravg:  0.94639 |val ent: 0.53301 |val entravg: 0.72984 |val acc:  0.73469 |val acc ravg:  0.69490 |
|epoch:  48 | lr: 0.001 |train ent: 0.14577 |train ent ravg: 0.17385 |train acc:  0.96392 |train acc ravg:  0.94871 |val ent: 0.79859 |val entravg: 0.78388 |val acc:  0.57143 |val acc ravg:  0.65969 |
|epoch:  49 | lr: 0.001 |train ent: 0.14164 |train ent ravg: 0.16359 |train acc:  0.96778 |train acc ravg:  0.95309 |val ent: 0.53260 |val entravg: 0.61422 |val acc:  0.77806 |val acc ravg:  0.70561 |
|epoch:  50 | lr: 0.001 |train ent: 0.13865 |train ent ravg: 0.14982 |train acc:  0.97036 |train acc ravg:  0.96108 |val ent: 1.60008 |val entravg: 0.79239 |val acc:  0.52296 |val acc ravg:  0.68061 |
|epoch:  51 | lr: 0.001 |train ent: 0.18440 |train ent ravg: 0.15520 |train acc:  0.93170 |train acc ravg:  0.95696 |val ent: 0.52038 |val entravg: 0.79693 |val acc:  0.78061 |val acc ravg:  0.67755 |
|epoch:  52 | lr: 0.001 |train ent: 0.16289 |train ent ravg: 0.15467 |train acc:  0.95232 |train acc ravg:  0.95722 |val ent: 0.57872 |val entravg: 0.80608 |val acc:  0.70663 |val acc ravg:  0.67194 |
|epoch:  53 | lr: 0.001 |train ent: 0.12150 |train ent ravg: 0.14982 |train acc:  0.97165 |train acc ravg:  0.95876 |val ent: 0.53388 |val entravg: 0.75313 |val acc:  0.77296 |val acc ravg:  0.71224 |
|epoch:  54 | lr: 0.001 |train ent: 0.13439 |train ent ravg: 0.14837 |train acc:  0.97036 |train acc ravg:  0.95928 |val ent: 1.99934 |val entravg: 1.04648 |val acc:  0.50255 |val acc ravg:  0.65714 |
|epoch:  55 | lr: 0.001 |train ent: 0.13338 |train ent ravg: 0.14731 |train acc:  0.96005 |train acc ravg:  0.95722 |val ent: 0.86722 |val entravg: 0.89991 |val acc:  0.60714 |val acc ravg:  0.67398 |
|epoch:  56 | lr: 0.001 |train ent: 0.13342 |train ent ravg: 0.13712 |train acc:  0.96263 |train acc ravg:  0.96340 |val ent: 1.19840 |val entravg: 1.03551 |val acc:  0.51020 |val acc ravg:  0.61990 |
|epoch:  57 | lr: 0.001 |train ent: 0.12362 |train ent ravg: 0.12926 |train acc:  0.96778 |train acc ravg:  0.96649 |val ent: 1.56747 |val entravg: 1.23326 |val acc:  0.52806 |val acc ravg:  0.58418 |
|epoch:  58 | lr: 0.001 |train ent: 0.14789 |train ent ravg: 0.13454 |train acc:  0.95747 |train acc ravg:  0.96366 |val ent: 1.10799 |val entravg: 1.34808 |val acc:  0.52551 |val acc ravg:  0.53469 |
|epoch:  59 | lr: 0.001 |train ent: 0.13594 |train ent ravg: 0.13485 |train acc:  0.96392 |train acc ravg:  0.96237 |val ent: 0.91488 |val entravg: 1.13119 |val acc:  0.59439 |val acc ravg:  0.55306 |
----------------------------------------------------------------------------------------------------------------------------------------------------------------
Finished:  2021-04-10 01:39:17.327394

Correlation between train loss and evaluation: -0.989

----------------------------------------------------------------------------------------------------------------------------------------------------------------
Save configfile.
Loading ABIDE  test data.
The data was balanced for  sex .
Number of GPUs:  2

Model loaded from None is being tested.
Start:  2021-04-10 01:39:17.426385
----------------------------------------------------------------------------------------------------------------------------------------------------------------
test ent mean: 0.90025 | test ent std: 0.00044 |test acc mean:  0.62623 |test acc std:  0.00000 |
----------------------------------------------------------------------------------------------------------------------------------------------------------------
Finished:  2021-04-10 01:42:03.863127

----------------------------------------------------------------------------------------------------------------------------------------------------------------
------------------------------------------------
Finished at: Sat Apr 10 01:42:05 BST 2021
------------------------------------------------
