------------------------------------------------
Job ID: 33406892
Run on host: compg027.hpc.in.bmrc.ox.ac.uk
Operating system: Linux
Username: lhw539
Started at: Wed Jan 20 10:24:58 GMT 2021
------------------------------------------------
Running on the GPU
Succesfully loaded OASIS train data.
Succesfully loaded OASIS   val data.

Start training.
----------------------------------------------------------------------------------------------------------------------
------------------------------------------------
Job ID: 33406898
Run on host: compg016.hpc.in.bmrc.ox.ac.uk
Operating system: Linux
Username: lhw539
Started at: Wed Jan 20 10:25:36 GMT 2021
------------------------------------------------
Running on the GPU
Succesfully loaded OASIS train data.
Succesfully loaded OASIS   val data.

Start training.
----------------------------------------------------------------------------------------------------------------------
|epoch:   0 | lr: 0.010 |train loss: 2.56329 |train loss ravg: 2.56329 |train MAE:  6.23934 |train MAE ravg:  6.23934 |val loss: 2.43370 |val loss ravg: 2.43370 |val MAE:  7.39869 |val MAE ravg:  7.39869 |
------------------------------------------------
Job ID: 33407396
Run on host: compg009.hpc.in.bmrc.ox.ac.uk
Operating system: Linux
Username: lhw539
Started at: Wed Jan 20 10:45:06 GMT 2021
------------------------------------------------
Running on the GPU
Succesfully loaded OASIS train data.
Succesfully loaded OASIS   val data.

Start training.
----------------------------------------------------------------------------------------------------------------------
------------------------------------------------
Job ID: 33407397
Run on host: compg010.hpc.in.bmrc.ox.ac.uk
Operating system: Linux
Username: lhw539
Started at: Wed Jan 20 10:51:51 GMT 2021
------------------------------------------------
Running on the GPU
Succesfully loaded OASIS train data.
Succesfully loaded OASIS   val data.

Start training.
----------------------------------------------------------------------------------------------------------------------
|epoch:   0 | lr: 0.010 |train loss: 2.51897 |train loss ravg: 2.51897 |train MAE:  6.27654 |train MAE ravg:  6.27654 |val loss: 2.38212 |val loss ravg: 2.38212 |val MAE:  7.47493 |val MAE ravg:  7.47493 |
|epoch:   0 | lr: 0.010 |train loss: 2.50271 |train loss ravg: 2.50271 |train MAE:  6.08772 |train MAE ravg:  6.08772 |val loss: 2.37976 |val loss ravg: 2.37976 |val MAE:  7.36647 |val MAE ravg:  7.36647 |
|epoch:   1 | lr: 0.010 |train loss: 2.28005 |train loss ravg: 2.39951 |train MAE:  6.09233 |train MAE ravg:  6.18443 |val loss: 2.28117 |val loss ravg: 2.33164 |val MAE:  7.40882 |val MAE ravg:  7.44188 |
|epoch:   1 | lr: 0.010 |train loss: 2.27389 |train loss ravg: 2.38830 |train MAE:  6.08722 |train MAE ravg:  6.08747 |val loss: 2.27170 |val loss ravg: 2.32573 |val MAE:  7.21822 |val MAE ravg:  7.29234 |
|epoch:   2 | lr: 0.010 |train loss: 2.17038 |train loss ravg: 2.32313 |train MAE:  6.05088 |train MAE ravg:  6.13991 |val loss: 2.25137 |val loss ravg: 2.30489 |val MAE:  7.36393 |val MAE ravg:  7.41590 |
|epoch:   2 | lr: 0.010 |train loss: 2.16370 |train loss ravg: 2.31343 |train MAE:  6.04522 |train MAE ravg:  6.07339 |val loss: 2.25479 |val loss ravg: 2.30208 |val MAE:  7.18261 |val MAE ravg:  7.25576 |
|epoch:   3 | lr: 0.010 |train loss: 2.11819 |train loss ravg: 2.27190 |train MAE:  5.97091 |train MAE ravg:  6.09766 |val loss: 2.23301 |val loss ravg: 2.28692 |val MAE:  7.28153 |val MAE ravg:  7.38230 |
|epoch:   3 | lr: 0.010 |train loss: 2.10808 |train loss ravg: 2.26210 |train MAE:  5.98373 |train MAE ravg:  6.05097 |val loss: 2.22678 |val loss ravg: 2.28326 |val MAE:  7.21221 |val MAE ravg:  7.24488 |
|epoch:   4 | lr: 0.010 |train loss: 2.07485 |train loss ravg: 2.23249 |train MAE:  5.90153 |train MAE ravg:  6.05844 |val loss: 2.31615 |val loss ravg: 2.29276 |val MAE:  7.29918 |val MAE ravg:  7.36568 |
|epoch:   4 | lr: 0.010 |train loss: 2.10089 |train loss ravg: 2.22985 |train MAE:  5.96399 |train MAE ravg:  6.03358 |val loss: 2.23422 |val loss ravg: 2.27345 |val MAE:  7.25918 |val MAE ravg:  7.24774 |
|epoch:   5 | lr: 0.010 |train loss: 2.09355 |train loss ravg: 2.20933 |train MAE:  6.01671 |train MAE ravg:  6.05148 |val loss: 2.21024 |val loss ravg: 2.27901 |val MAE:  7.32995 |val MAE ravg:  7.35972 |
|epoch:   5 | lr: 0.010 |train loss: 2.07132 |train loss ravg: 2.20343 |train MAE:  5.96007 |train MAE ravg:  6.02133 |val loss: 2.22207 |val loss ravg: 2.26489 |val MAE:  7.06866 |val MAE ravg:  7.21789 |
|epoch:   6 | lr: 0.010 |train loss: 2.05670 |train loss ravg: 2.18753 |train MAE:  5.93827 |train MAE ravg:  6.03531 |val loss: 2.20745 |val loss ravg: 2.26879 |val MAE:  7.08859 |val MAE ravg:  7.32099 |
|epoch:   6 | lr: 0.010 |train loss: 2.04765 |train loss ravg: 2.18118 |train MAE:  5.88230 |train MAE ravg:  6.00146 |val loss: 2.23046 |val loss ravg: 2.25997 |val MAE:  7.39025 |val MAE ravg:  7.24251 |
|epoch:   7 | lr: 0.010 |train loss: 2.03543 |train loss ravg: 2.16851 |train MAE:  5.90267 |train MAE ravg:  6.01873 |val loss: 2.21041 |val loss ravg: 2.26149 |val MAE:  7.32089 |val MAE ravg:  7.32098 |
|epoch:   7 | lr: 0.010 |train loss: 2.03634 |train loss ravg: 2.16307 |train MAE:  5.87606 |train MAE ravg:  5.98579 |val loss: 2.23159 |val loss ravg: 2.25642 |val MAE:  7.12820 |val MAE ravg:  7.22822 |
|epoch:   8 | lr: 0.010 |train loss: 2.02114 |train loss ravg: 2.15214 |train MAE:  5.87067 |train MAE ravg:  6.00228 |val loss: 2.27892 |val loss ravg: 2.26343 |val MAE:  7.00423 |val MAE ravg:  7.28578 |
|epoch:   8 | lr: 0.010 |train loss: 2.01071 |train loss ravg: 2.14614 |train MAE:  5.73807 |train MAE ravg:  5.95827 |val loss: 2.22543 |val loss ravg: 2.25298 |val MAE:  7.28209 |val MAE ravg:  7.23421 |
|epoch:   9 | lr: 0.010 |train loss: 2.02018 |train loss ravg: 2.13894 |train MAE:  5.93969 |train MAE ravg:  5.99602 |val loss: 2.19394 |val loss ravg: 2.25648 |val MAE:  7.17149 |val MAE ravg:  7.27435 |
|epoch:   9 | lr: 0.010 |train loss: 2.00751 |train loss ravg: 2.13228 |train MAE:  5.77668 |train MAE ravg:  5.94011 |val loss: 2.20084 |val loss ravg: 2.24776 |val MAE:  7.14500 |val MAE ravg:  7.22529 |
|epoch:  10 | lr: 0.010 |train loss: 2.01921 |train loss ravg: 2.12806 |train MAE:  5.85151 |train MAE ravg:  5.98288 |val loss: 2.20317 |val loss ravg: 2.25163 |val MAE:  6.78568 |val MAE ravg:  7.22993 |
|epoch:  10 | lr: 0.010 |train loss: 2.01254 |train loss ravg: 2.12140 |train MAE:  5.79959 |train MAE ravg:  5.92733 |val loss: 2.31173 |val loss ravg: 2.25358 |val MAE:  7.93631 |val MAE ravg:  7.28993 |
|epoch:  11 | lr: 0.007 |train loss: 1.99500 |train loss ravg: 2.11697 |train MAE:  5.75616 |train MAE ravg:  5.96399 |val loss: 2.27771 |val loss ravg: 2.25381 |val MAE:  6.69318 |val MAE ravg:  7.18520 |
|epoch:  11 | lr: 0.007 |train loss: 1.99791 |train loss ravg: 2.11110 |train MAE:  5.80692 |train MAE ravg:  5.91730 |val loss: 2.19653 |val loss ravg: 2.24883 |val MAE:  6.95516 |val MAE ravg:  7.26203 |
|epoch:  12 | lr: 0.007 |train loss: 1.99562 |train loss ravg: 2.10764 |train MAE:  5.80044 |train MAE ravg:  5.95141 |val loss: 2.20613 |val loss ravg: 2.25014 |val MAE:  6.59820 |val MAE ravg:  7.14005 |
|epoch:  12 | lr: 0.007 |train loss: 2.00912 |train loss ravg: 2.10326 |train MAE:  5.81786 |train MAE ravg:  5.90965 |val loss: 2.19843 |val loss ravg: 2.24495 |val MAE:  7.16767 |val MAE ravg:  7.25477 |
|epoch:  13 | lr: 0.007 |train loss: 1.98949 |train loss ravg: 2.09920 |train MAE:  5.78956 |train MAE ravg:  5.93985 |val loss: 2.25163 |val loss ravg: 2.25025 |val MAE:  7.53299 |val MAE ravg:  7.16811 |
|epoch:  13 | lr: 0.007 |train loss: 1.99313 |train loss ravg: 2.09539 |train MAE:  5.76099 |train MAE ravg:  5.89903 |val loss: 2.20809 |val loss ravg: 2.24232 |val MAE:  7.46057 |val MAE ravg:  7.26947 |
|epoch:  14 | lr: 0.007 |train loss: 1.97384 |train loss ravg: 2.09084 |train MAE:  5.71287 |train MAE ravg:  5.92472 |val loss: 2.60565 |val loss ravg: 2.27394 |val MAE:  7.59325 |val MAE ravg:  7.19646 |
|epoch:  14 | lr: 0.007 |train loss: 1.98507 |train loss ravg: 2.08804 |train MAE:  5.64691 |train MAE ravg:  5.88222 |val loss: 2.28292 |val loss ravg: 2.24502 |val MAE:  7.31323 |val MAE ravg:  7.27239 |
|epoch:  15 | lr: 0.007 |train loss: 1.96556 |train loss ravg: 2.08301 |train MAE:  5.68031 |train MAE ravg:  5.90944 |val loss: 2.31229 |val loss ravg: 2.27634 |val MAE:  6.66671 |val MAE ravg:  7.16335 |
|epoch:  15 | lr: 0.007 |train loss: 1.94618 |train loss ravg: 2.07917 |train MAE:  5.53419 |train MAE ravg:  5.86047 |val loss: 2.29141 |val loss ravg: 2.24792 |val MAE:  6.59876 |val MAE ravg:  7.23029 |
|epoch:  16 | lr: 0.007 |train loss: 1.95831 |train loss ravg: 2.07567 |train MAE:  5.65907 |train MAE ravg:  5.89471 |val loss: 2.31241 |val loss ravg: 2.27846 |val MAE:  7.65749 |val MAE ravg:  7.19241 |
|epoch:  16 | lr: 0.007 |train loss: 1.95178 |train loss ravg: 2.07168 |train MAE:  5.59030 |train MAE ravg:  5.84458 |val loss: 2.41698 |val loss ravg: 2.25787 |val MAE:  6.60302 |val MAE ravg:  7.19339 |
|epoch:  17 | lr: 0.007 |train loss: 1.94924 |train loss ravg: 2.06865 |train MAE:  5.69721 |train MAE ravg:  5.88374 |val loss: 2.18234 |val loss ravg: 2.27312 |val MAE:  6.35211 |val MAE ravg:  7.14573 |
|epoch:  17 | lr: 0.007 |train loss: 1.95585 |train loss ravg: 2.06524 |train MAE:  5.60569 |train MAE ravg:  5.83131 |val loss: 2.40211 |val loss ravg: 2.26588 |val MAE:  8.54866 |val MAE ravg:  7.26868 |
|epoch:  18 | lr: 0.007 |train loss: 1.94368 |train loss ravg: 2.06207 |train MAE:  5.62185 |train MAE ravg:  5.86996 |val loss: 2.75560 |val loss ravg: 2.29851 |val MAE:  7.44512 |val MAE ravg:  7.16149 |
|epoch:  18 | lr: 0.007 |train loss: 1.94708 |train loss ravg: 2.05902 |train MAE:  5.63826 |train MAE ravg:  5.82115 |val loss: 2.33426 |val loss ravg: 2.26948 |val MAE:  6.68654 |val MAE ravg:  7.23804 |
|epoch:  19 | lr: 0.007 |train loss: 1.92796 |train loss ravg: 2.05537 |train MAE:  5.60292 |train MAE ravg:  5.85660 |val loss: 2.41668 |val loss ravg: 2.30442 |val MAE:  8.86744 |val MAE ravg:  7.24679 |
|epoch:  19 | lr: 0.007 |train loss: 1.91794 |train loss ravg: 2.05197 |train MAE:  5.37528 |train MAE ravg:  5.79885 |val loss: 2.52505 |val loss ravg: 2.28226 |val MAE:  7.17883 |val MAE ravg:  7.23508 |
|epoch:  20 | lr: 0.007 |train loss: 1.92570 |train loss ravg: 2.02570 |train MAE:  5.58038 |train MAE ravg:  5.82180 |val loss: 2.26359 |val loss ravg: 2.29849 |val MAE:  7.18463 |val MAE ravg:  7.23227 |
|epoch:  20 | lr: 0.007 |train loss: 1.94330 |train loss ravg: 2.02400 |train MAE:  5.56890 |train MAE ravg:  5.77291 |val loss: 2.46138 |val loss ravg: 2.28634 |val MAE:  6.76947 |val MAE ravg:  7.20523 |
|epoch:  21 | lr: 0.007 |train loss: 1.93852 |train loss ravg: 2.00863 |train MAE:  5.49227 |train MAE ravg:  5.79179 |val loss: 3.51382 |val loss ravg: 2.36013 |val MAE:  8.65682 |val MAE ravg:  7.29467 |
|epoch:  21 | lr: 0.007 |train loss: 1.92690 |train loss ravg: 2.00665 |train MAE:  5.48048 |train MAE ravg:  5.74258 |val loss: 2.16763 |val loss ravg: 2.28114 |val MAE:  6.35704 |val MAE ravg:  7.16217 |
|epoch:  22 | lr: 0.006 |train loss: 1.91294 |train loss ravg: 1.99576 |train MAE:  5.47841 |train MAE ravg:  5.76317 |val loss: 2.50761 |val loss ravg: 2.37294 |val MAE:  7.76665 |val MAE ravg:  7.31481 |
|epoch:  22 | lr: 0.006 |train loss: 1.86405 |train loss ravg: 1.99167 |train MAE:  5.22951 |train MAE ravg:  5.70179 |val loss: 2.15365 |val loss ravg: 2.27608 |val MAE:  6.24185 |val MAE ravg:  7.11513 |
|epoch:  23 | lr: 0.006 |train loss: 1.90468 |train loss ravg: 1.98508 |train MAE:  5.46636 |train MAE ravg:  5.73794 |val loss: 2.55847 |val loss ravg: 2.38921 |val MAE:  6.82063 |val MAE ravg:  7.29176 |
|epoch:  23 | lr: 0.006 |train loss: 1.89784 |train loss ravg: 1.98116 |train MAE:  5.39513 |train MAE ravg:  5.67236 |val loss: 2.35571 |val loss ravg: 2.28252 |val MAE:  6.40195 |val MAE ravg:  7.07462 |
|epoch:  24 | lr: 0.006 |train loss: 1.85928 |train loss ravg: 1.97430 |train MAE:  5.26557 |train MAE ravg:  5.70614 |val loss: 2.32808 |val loss ravg: 2.38981 |val MAE:  6.19800 |val MAE ravg:  7.23670 |
|epoch:  24 | lr: 0.006 |train loss: 1.87817 |train loss ravg: 1.97002 |train MAE:  5.35492 |train MAE ravg:  5.64191 |val loss: 2.10886 |val loss ravg: 2.27626 |val MAE:  6.22648 |val MAE ravg:  7.02299 |
|epoch:  25 | lr: 0.006 |train loss: 1.87293 |train loss ravg: 1.96327 |train MAE:  5.31008 |train MAE ravg:  5.67081 |val loss: 2.30593 |val loss ravg: 2.39459 |val MAE:  6.28499 |val MAE ravg:  7.18445 |
|epoch:  25 | lr: 0.006 |train loss: 1.87452 |train loss ravg: 1.96018 |train MAE:  5.22968 |train MAE ravg:  5.60539 |val loss: 2.99602 |val loss ravg: 2.31495 |val MAE:  7.02820 |val MAE ravg:  7.02096 |
|epoch:  26 | lr: 0.006 |train loss: 1.86591 |train loss ravg: 1.95373 |train MAE:  5.29136 |train MAE ravg:  5.63847 |val loss: 2.66176 |val loss ravg: 2.41731 |val MAE:  8.80837 |val MAE ravg:  7.27044 |
|epoch:  26 | lr: 0.006 |train loss: 1.86279 |train loss ravg: 1.95094 |train MAE:  5.22255 |train MAE ravg:  5.57240 |val loss: 2.16473 |val loss ravg: 2.31167 |val MAE:  5.92199 |val MAE ravg:  6.94755 |
|epoch:  27 | lr: 0.006 |train loss: 1.88863 |train loss ravg: 1.94639 |train MAE:  5.39273 |train MAE ravg:  5.61297 |val loss: 2.86415 |val loss ravg: 2.44999 |val MAE:  7.34127 |val MAE ravg:  7.27146 |
|epoch:  27 | lr: 0.006 |train loss: 1.83295 |train loss ravg: 1.94077 |train MAE:  5.16219 |train MAE ravg:  5.53671 |val loss: 3.76575 |val loss ravg: 2.38838 |val MAE:  7.62549 |val MAE ravg:  6.97242 |
|epoch:  28 | lr: 0.006 |train loss: 1.86155 |train loss ravg: 1.93841 |train MAE:  5.26508 |train MAE ravg:  5.58269 |val loss: 2.28893 |val loss ravg: 2.45049 |val MAE:  7.44296 |val MAE ravg:  7.29340 |
|epoch:  28 | lr: 0.006 |train loss: 1.86044 |train loss ravg: 1.93325 |train MAE:  5.30649 |train MAE ravg:  5.51513 |val loss: 3.79597 |val loss ravg: 2.46690 |val MAE:  7.84403 |val MAE ravg:  7.00051 |
|epoch:  29 | lr: 0.006 |train loss: 1.85457 |train loss ravg: 1.93013 |train MAE:  5.37297 |train MAE ravg:  5.55436 |val loss: 2.19750 |val loss ravg: 2.45067 |val MAE:  7.86381 |val MAE ravg:  7.32802 |
|epoch:  29 | lr: 0.006 |train loss: 1.81282 |train loss ravg: 1.92352 |train MAE:  5.06241 |train MAE ravg:  5.47941 |val loss: 2.61386 |val loss ravg: 2.48755 |val MAE:  6.29451 |val MAE ravg:  6.95799 |
|epoch:  30 | lr: 0.006 |train loss: 1.84013 |train loss ravg: 1.92118 |train MAE:  5.36705 |train MAE ravg:  5.53013 |val loss: 3.54698 |val loss ravg: 2.51786 |val MAE:  8.38646 |val MAE ravg:  7.40806 |
|epoch:  30 | lr: 0.006 |train loss: 1.81603 |train loss ravg: 1.91369 |train MAE:  4.99189 |train MAE ravg:  5.43903 |val loss: 3.25126 |val loss ravg: 2.53453 |val MAE:  8.16749 |val MAE ravg:  6.96955 |
|epoch:  31 | lr: 0.006 |train loss: 1.85371 |train loss ravg: 1.91411 |train MAE:  5.23085 |train MAE ravg:  5.50387 |val loss: 2.18758 |val loss ravg: 2.51336 |val MAE:  5.74964 |val MAE ravg:  7.36088 |
|epoch:  31 | lr: 0.006 |train loss: 1.78843 |train loss ravg: 1.90322 |train MAE:  5.02176 |train MAE ravg:  5.39977 |val loss: 2.40002 |val loss ravg: 2.54470 |val MAE:  8.87836 |val MAE ravg:  7.06571 |
|epoch:  32 | lr: 0.006 |train loss: 1.80544 |train loss ravg: 1.90460 |train MAE:  5.12038 |train MAE ravg:  5.46986 |val loss: 2.17223 |val loss ravg: 2.51166 |val MAE:  5.91043 |val MAE ravg:  7.32649 |
|epoch:  32 | lr: 0.006 |train loss: 1.79536 |train loss ravg: 1.89253 |train MAE:  5.12881 |train MAE ravg:  5.36532 |val loss: 2.95205 |val loss ravg: 2.58239 |val MAE:  7.97967 |val MAE ravg:  7.10631 |
|epoch:  33 | lr: 0.004 |train loss: 1.79459 |train loss ravg: 1.89486 |train MAE:  5.02988 |train MAE ravg:  5.43188 |val loss: 2.34162 |val loss ravg: 2.51616 |val MAE:  6.54496 |val MAE ravg:  7.27709 |
|epoch:  33 | lr: 0.004 |train loss: 1.77891 |train loss ravg: 1.88182 |train MAE:  4.89295 |train MAE ravg:  5.32192 |val loss: 2.53185 |val loss ravg: 2.59857 |val MAE:  6.90845 |val MAE ravg:  7.07870 |
|epoch:  34 | lr: 0.004 |train loss: 1.81903 |train loss ravg: 1.88712 |train MAE:  5.12059 |train MAE ravg:  5.40227 |val loss: 3.12066 |val loss ravg: 2.54191 |val MAE:  7.86371 |val MAE ravg:  7.29061 |
|epoch:  34 | lr: 0.004 |train loss: 1.72412 |train loss ravg: 1.86877 |train MAE:  4.74324 |train MAE ravg:  5.27673 |val loss: 2.05083 |val loss ravg: 2.58697 |val MAE:  6.35351 |val MAE ravg:  7.03071 |
|epoch:  35 | lr: 0.004 |train loss: 1.78664 |train loss ravg: 1.87817 |train MAE:  4.88489 |train MAE ravg:  5.36249 |val loss: 2.14915 |val loss ravg: 2.53376 |val MAE:  7.20516 |val MAE ravg:  7.31753 |
|epoch:  35 | lr: 0.004 |train loss: 1.75006 |train loss ravg: 1.85897 |train MAE:  4.99979 |train MAE ravg:  5.25001 |val loss: 2.30487 |val loss ravg: 2.58764 |val MAE:  7.09605 |val MAE ravg:  7.05558 |
|epoch:  36 | lr: 0.004 |train loss: 1.76220 |train loss ravg: 1.86837 |train MAE:  4.99970 |train MAE ravg:  5.32953 |val loss: 2.75720 |val loss ravg: 2.55599 |val MAE:  9.89936 |val MAE ravg:  7.42963 |
|epoch:  36 | lr: 0.004 |train loss: 1.69996 |train loss ravg: 1.84638 |train MAE:  4.59915 |train MAE ravg:  5.20045 |val loss: 4.00269 |val loss ravg: 2.66693 |val MAE:  8.47313 |val MAE ravg:  7.14908 |
|epoch:  37 | lr: 0.004 |train loss: 1.71398 |train loss ravg: 1.85660 |train MAE:  4.66750 |train MAE ravg:  5.27804 |val loss: 2.32136 |val loss ravg: 2.56295 |val MAE:  5.68862 |val MAE ravg:  7.39645 |
|epoch:  37 | lr: 0.004 |train loss: 1.69851 |train loss ravg: 1.83351 |train MAE:  4.71750 |train MAE ravg:  5.15604 |val loss: 3.46485 |val loss ravg: 2.72006 |val MAE:  6.76179 |val MAE ravg:  7.05974 |
|epoch:  38 | lr: 0.004 |train loss: 1.73926 |train loss ravg: 1.84638 |train MAE:  4.75430 |train MAE ravg:  5.23466 |val loss: 4.84592 |val loss ravg: 2.66746 |val MAE:  9.13434 |val MAE ravg:  7.48091 |
|epoch:  38 | lr: 0.004 |train loss: 1.70609 |train loss ravg: 1.82146 |train MAE:  4.64921 |train MAE ravg:  5.10659 |val loss: 3.34707 |val loss ravg: 2.77070 |val MAE:  8.78941 |val MAE ravg:  7.16488 |
|epoch:  39 | lr: 0.004 |train loss: 1.75899 |train loss ravg: 1.83793 |train MAE:  4.94139 |train MAE ravg:  5.20159 |val loss: 2.39966 |val loss ravg: 2.66661 |val MAE:  9.08271 |val MAE ravg:  7.49168 |
|epoch:  39 | lr: 0.004 |train loss: 1.69728 |train loss ravg: 1.81043 |train MAE:  4.54984 |train MAE ravg:  5.06532 |val loss: 2.66040 |val loss ravg: 2.77747 |val MAE:  9.82883 |val MAE ravg:  7.29739 |
|epoch:  40 | lr: 0.004 |train loss: 1.76295 |train loss ravg: 1.82980 |train MAE:  4.97426 |train MAE ravg:  5.17128 |val loss: 3.89997 |val loss ravg: 2.74843 |val MAE:  7.17229 |val MAE ravg:  7.49106 |
|epoch:  40 | lr: 0.004 |train loss: 1.69400 |train loss ravg: 1.79796 |train MAE:  4.61837 |train MAE ravg:  5.01779 |val loss: 2.40359 |val loss ravg: 2.77458 |val MAE:  6.48495 |val MAE ravg:  7.28316 |
|epoch:  41 | lr: 0.004 |train loss: 1.76224 |train loss ravg: 1.82098 |train MAE:  4.97948 |train MAE ravg:  5.14564 |val loss: 2.90254 |val loss ravg: 2.71786 |val MAE:  6.43563 |val MAE ravg:  7.38000 |
|epoch:  41 | lr: 0.004 |train loss: 1.69801 |train loss ravg: 1.78652 |train MAE:  4.72682 |train MAE ravg:  4.98011 |val loss: 2.17895 |val loss ravg: 2.77515 |val MAE:  5.98651 |val MAE ravg:  7.26463 |
|epoch:  42 | lr: 0.004 |train loss: 1.76829 |train loss ravg: 1.81375 |train MAE:  4.99902 |train MAE ravg:  5.12167 |val loss: 3.49603 |val loss ravg: 2.76729 |val MAE:  6.55181 |val MAE ravg:  7.31926 |
------------------------------------------------
Job ID: 33474353
Run on host: compg016.hpc.in.bmrc.ox.ac.uk
Operating system: Linux
Username: lhw539
Started at: Wed Jan 20 16:44:13 GMT 2021
------------------------------------------------
usage: train.py [-h] [-deb DEBUG] [-batch BATCH_SIZE] [-n_work NUM_WORKERS]
                [-lr LR] [-gamma GAMMA] [-epochs N_EPOCHS] [-train TRAIN]
                [-init INIT] [-pat PAT] [-pl PL] [-loss LOSS] [-drop DROP]
train.py: error: unrecognized arguments: -debug full
Number of GPUs:  1
------------------------------------------------
Finished at: Wed Jan 20 16:44:14 GMT 2021
------------------------------------------------
