------------------------------------------------
Job ID: 40018635
Run on host: compg010.hpc.in.bmrc.ox.ac.uk
Operating system: Linux
Username: lhw539
Started at: Fri Mar 19 13:54:08 GMT 2021
------------------------------------------------
Test (in contrast to train):  False
Loading share 1.00 train data.
Loading share 1.00   val data.
Load model for sex - run: 0
Number of GPUs:  2
Epoch decay:  10
Gamma decay:  0.1

Full model is being trained with weights loaded from pre-trained model.
Start:  2021-03-19 13:54:14.868698
----------------------------------------------------------------------------------------------------------------------------------------------------------------
|epoch:   0 | lr: 0.100 |train kld: 2.28977 |train kld ravg: 2.28977 |train mae:  6.35785 |train mae ravg:  6.35785 |val kld: 2.24605 |val kldravg: 2.24605 |val mae:  7.42639 |val mae ravg:  7.42639 |
|epoch:   1 | lr: 0.100 |train kld: 2.04988 |train kld ravg: 2.16983 |train mae:  6.18576 |train mae ravg:  6.27181 |val kld: 2.25070 |val kldravg: 2.24837 |val mae:  7.29667 |val mae ravg:  7.36153 |
|epoch:   2 | lr: 0.100 |train kld: 2.03490 |train kld ravg: 2.12485 |train mae:  6.14002 |train mae ravg:  6.22788 |val kld: 2.24619 |val kldravg: 2.24765 |val mae:  7.39443 |val mae ravg:  7.37249 |
|epoch:   3 | lr: 0.100 |train kld: 2.03391 |train kld ravg: 2.10211 |train mae:  6.18014 |train mae ravg:  6.21594 |val kld: 2.26615 |val kldravg: 2.25227 |val mae:  7.52410 |val mae ravg:  7.41039 |
|epoch:   4 | lr: 0.100 |train kld: 2.04589 |train kld ravg: 2.09087 |train mae:  6.21653 |train mae ravg:  6.21606 |val kld: 2.22520 |val kldravg: 2.24686 |val mae:  7.15940 |val mae ravg:  7.36020 |
|epoch:   5 | lr: 0.100 |train kld: 2.02882 |train kld ravg: 2.03868 |train mae:  6.12572 |train mae ravg:  6.16963 |val kld: 2.22421 |val kldravg: 2.24249 |val mae:  7.25673 |val mae ravg:  7.32626 |
|epoch:   6 | lr: 0.100 |train kld: 2.02395 |train kld ravg: 2.03349 |train mae:  6.11874 |train mae ravg:  6.15623 |val kld: 2.25289 |val kldravg: 2.24293 |val mae:  7.46076 |val mae ravg:  7.35908 |
|epoch:   7 | lr: 0.100 |train kld: 2.02056 |train kld ravg: 2.03063 |train mae:  6.17693 |train mae ravg:  6.16361 |val kld: 2.23925 |val kldravg: 2.24154 |val mae:  7.22109 |val mae ravg:  7.32442 |
|epoch:   8 | lr: 0.100 |train kld: 2.03580 |train kld ravg: 2.03100 |train mae:  6.14658 |train mae ravg:  6.15690 |val kld: 2.26776 |val kldravg: 2.24186 |val mae:  7.38121 |val mae ravg:  7.29584 |
|epoch:   9 | lr: 0.100 |train kld: 2.02776 |train kld ravg: 2.02738 |train mae:  6.21497 |train mae ravg:  6.15659 |val kld: 2.23687 |val kldravg: 2.24419 |val mae:  7.27738 |val mae ravg:  7.31944 |
|epoch:  10 | lr: 0.010 |train kld: 2.00309 |train kld ravg: 2.02223 |train mae:  6.19361 |train mae ravg:  6.17017 |val kld: 2.26239 |val kldravg: 2.25183 |val mae:  7.54335 |val mae ravg:  7.37676 |
|epoch:  11 | lr: 0.010 |train kld: 1.99856 |train kld ravg: 2.01715 |train mae:  6.20355 |train mae ravg:  6.18713 |val kld: 2.22163 |val kldravg: 2.24558 |val mae:  7.26686 |val mae ravg:  7.33798 |
|epoch:  12 | lr: 0.010 |train kld: 1.99717 |train kld ravg: 2.01247 |train mae:  6.22605 |train mae ravg:  6.19695 |val kld: 2.19510 |val kldravg: 2.23675 |val mae:  7.18728 |val mae ravg:  7.33122 |
|epoch:  13 | lr: 0.010 |train kld: 1.99784 |train kld ravg: 2.00488 |train mae:  6.20414 |train mae ravg:  6.20846 |val kld: 2.25842 |val kldravg: 2.23488 |val mae:  7.43206 |val mae ravg:  7.34139 |
|epoch:  14 | lr: 0.010 |train kld: 1.99025 |train kld ravg: 1.99738 |train mae:  6.16935 |train mae ravg:  6.19934 |val kld: 2.24886 |val kldravg: 2.23728 |val mae:  7.45133 |val mae ravg:  7.37617 |
|epoch:  15 | lr: 0.010 |train kld: 1.99026 |train kld ravg: 1.99481 |train mae:  6.13914 |train mae ravg:  6.18845 |val kld: 2.21125 |val kldravg: 2.22705 |val mae:  7.12587 |val mae ravg:  7.29268 |
|epoch:  16 | lr: 0.010 |train kld: 1.99792 |train kld ravg: 1.99469 |train mae:  6.15566 |train mae ravg:  6.17887 |val kld: 2.22399 |val kldravg: 2.22752 |val mae:  7.28960 |val mae ravg:  7.29723 |
|epoch:  17 | lr: 0.010 |train kld: 1.99192 |train kld ravg: 1.99364 |train mae:  6.14056 |train mae ravg:  6.16177 |val kld: 2.23477 |val kldravg: 2.23546 |val mae:  7.38634 |val mae ravg:  7.33704 |
|epoch:  18 | lr: 0.010 |train kld: 1.99971 |train kld ravg: 1.99401 |train mae:  6.17782 |train mae ravg:  6.15651 |val kld: 2.23204 |val kldravg: 2.23018 |val mae:  7.26125 |val mae ravg:  7.30288 |
|epoch:  19 | lr: 0.010 |train kld: 2.00449 |train kld ravg: 1.99686 |train mae:  6.18078 |train mae ravg:  6.15880 |val kld: 2.24549 |val kldravg: 2.22951 |val mae:  7.40044 |val mae ravg:  7.29270 |
|epoch:  20 | lr: 0.001 |train kld: 2.00526 |train kld ravg: 1.99986 |train mae:  6.17674 |train mae ravg:  6.16631 |val kld: 2.20030 |val kldravg: 2.22732 |val mae:  7.19622 |val mae ravg:  7.30677 |
|epoch:  21 | lr: 0.001 |train kld: 1.99377 |train kld ravg: 1.99903 |train mae:  6.16205 |train mae ravg:  6.16759 |val kld: 2.24756 |val kldravg: 2.23203 |val mae:  7.37607 |val mae ravg:  7.32406 |
|epoch:  22 | lr: 0.001 |train kld: 2.00158 |train kld ravg: 2.00096 |train mae:  6.19440 |train mae ravg:  6.17836 |val kld: 2.24123 |val kldravg: 2.23333 |val mae:  7.35338 |val mae ravg:  7.31747 |
|epoch:  23 | lr: 0.001 |train kld: 2.00211 |train kld ravg: 2.00144 |train mae:  6.19817 |train mae ravg:  6.18243 |val kld: 2.21282 |val kldravg: 2.22948 |val mae:  7.24119 |val mae ravg:  7.31346 |
|epoch:  24 | lr: 0.001 |train kld: 1.99879 |train kld ravg: 2.00030 |train mae:  6.19982 |train mae ravg:  6.18624 |val kld: 2.21155 |val kldravg: 2.22269 |val mae:  7.27815 |val mae ravg:  7.28900 |
|epoch:  25 | lr: 0.001 |train kld: 2.00509 |train kld ravg: 2.00027 |train mae:  6.20673 |train mae ravg:  6.19223 |val kld: 2.24749 |val kldravg: 2.23213 |val mae:  7.30295 |val mae ravg:  7.31035 |
|epoch:  26 | lr: 0.001 |train kld: 1.99070 |train kld ravg: 1.99965 |train mae:  6.10774 |train mae ravg:  6.18137 |val kld: 2.23797 |val kldravg: 2.23021 |val mae:  7.34098 |val mae ravg:  7.30333 |
|epoch:  27 | lr: 0.001 |train kld: 2.00085 |train kld ravg: 1.99951 |train mae:  6.19410 |train mae ravg:  6.18131 |val kld: 2.25186 |val kldravg: 2.23234 |val mae:  7.50163 |val mae ravg:  7.33298 |
|epoch:  28 | lr: 0.001 |train kld: 1.99814 |train kld ravg: 1.99872 |train mae:  6.20339 |train mae ravg:  6.18236 |val kld: 2.26013 |val kldravg: 2.24180 |val mae:  7.53633 |val mae ravg:  7.39201 |
|epoch:  29 | lr: 0.001 |train kld: 1.99801 |train kld ravg: 1.99856 |train mae:  6.19370 |train mae ravg:  6.18113 |val kld: 2.24287 |val kldravg: 2.24807 |val mae:  7.36326 |val mae ravg:  7.40903 |
|epoch:  30 | lr: 0.000 |train kld: 1.99589 |train kld ravg: 1.99672 |train mae:  6.16314 |train mae ravg:  6.17241 |val kld: 2.21415 |val kldravg: 2.24140 |val mae:  7.12886 |val mae ravg:  7.37421 |
|epoch:  31 | lr: 0.000 |train kld: 1.99660 |train kld ravg: 1.99790 |train mae:  6.19024 |train mae ravg:  6.18891 |val kld: 2.23734 |val kldravg: 2.24127 |val mae:  7.38591 |val mae ravg:  7.38320 |
|epoch:  32 | lr: 0.000 |train kld: 1.99732 |train kld ravg: 1.99719 |train mae:  6.17239 |train mae ravg:  6.18457 |val kld: 2.20239 |val kldravg: 2.23138 |val mae:  7.22935 |val mae ravg:  7.32874 |
|epoch:  33 | lr: 0.000 |train kld: 1.99249 |train kld ravg: 1.99606 |train mae:  6.14506 |train mae ravg:  6.17291 |val kld: 2.26421 |val kldravg: 2.23219 |val mae:  7.44452 |val mae ravg:  7.31038 |
|epoch:  34 | lr: 0.000 |train kld: 1.99443 |train kld ravg: 1.99535 |train mae:  6.13741 |train mae ravg:  6.16165 |val kld: 2.24350 |val kldravg: 2.23232 |val mae:  7.38411 |val mae ravg:  7.31455 |
|epoch:  35 | lr: 0.000 |train kld: 2.00339 |train kld ravg: 1.99685 |train mae:  6.20110 |train mae ravg:  6.16924 |val kld: 2.22317 |val kldravg: 2.23412 |val mae:  7.24683 |val mae ravg:  7.33814 |
|epoch:  36 | lr: 0.000 |train kld: 2.00456 |train kld ravg: 1.99844 |train mae:  6.18276 |train mae ravg:  6.16774 |val kld: 2.23305 |val kldravg: 2.23326 |val mae:  7.26374 |val mae ravg:  7.31371 |
|epoch:  37 | lr: 0.000 |train kld: 1.98882 |train kld ravg: 1.99674 |train mae:  6.14340 |train mae ravg:  6.16195 |val kld: 2.21679 |val kldravg: 2.23614 |val mae:  7.29970 |val mae ravg:  7.32778 |
|epoch:  38 | lr: 0.000 |train kld: 1.98904 |train kld ravg: 1.99605 |train mae:  6.13717 |train mae ravg:  6.16037 |val kld: 2.23111 |val kldravg: 2.22952 |val mae:  7.26875 |val mae ravg:  7.29263 |
|epoch:  39 | lr: 0.000 |train kld: 2.00183 |train kld ravg: 1.99753 |train mae:  6.20401 |train mae ravg:  6.17369 |val kld: 2.23260 |val kldravg: 2.22734 |val mae:  7.35805 |val mae ravg:  7.28741 |
|epoch:  40 | lr: 0.000 |train kld: 2.00207 |train kld ravg: 1.99726 |train mae:  6.21270 |train mae ravg:  6.17601 |val kld: 2.22166 |val kldravg: 2.22704 |val mae:  7.34279 |val mae ravg:  7.30660 |
|epoch:  41 | lr: 0.000 |train kld: 2.00265 |train kld ravg: 1.99688 |train mae:  6.20628 |train mae ravg:  6.18071 |val kld: 2.18848 |val kldravg: 2.21813 |val mae:  7.10682 |val mae ravg:  7.27522 |
|epoch:  42 | lr: 0.000 |train kld: 1.99655 |train kld ravg: 1.99843 |train mae:  6.19388 |train mae ravg:  6.19081 |val kld: 2.23625 |val kldravg: 2.22202 |val mae:  7.40435 |val mae ravg:  7.29615 |
|epoch:  43 | lr: 0.000 |train kld: 1.99928 |train kld ravg: 2.00048 |train mae:  6.15236 |train mae ravg:  6.19385 |val kld: 2.24988 |val kldravg: 2.22577 |val mae:  7.40034 |val mae ravg:  7.32247 |
|epoch:  44 | lr: 0.000 |train kld: 1.98981 |train kld ravg: 1.99807 |train mae:  6.13711 |train mae ravg:  6.18047 |val kld: 2.22312 |val kldravg: 2.22388 |val mae:  7.20757 |val mae ravg:  7.29238 |
|epoch:  45 | lr: 0.000 |train kld: 1.99804 |train kld ravg: 1.99727 |train mae:  6.12532 |train mae ravg:  6.16299 |val kld: 2.25035 |val kldravg: 2.22961 |val mae:  7.40914 |val mae ravg:  7.30564 |
|epoch:  46 | lr: 0.000 |train kld: 1.98460 |train kld ravg: 1.99366 |train mae:  6.14556 |train mae ravg:  6.15085 |val kld: 2.25790 |val kldravg: 2.24350 |val mae:  7.49048 |val mae ravg:  7.38238 |
|epoch:  47 | lr: 0.000 |train kld: 2.00493 |train kld ravg: 1.99533 |train mae:  6.19238 |train mae ravg:  6.15055 |val kld: 2.24111 |val kldravg: 2.24447 |val mae:  7.26360 |val mae ravg:  7.35423 |
|epoch:  48 | lr: 0.000 |train kld: 1.98979 |train kld ravg: 1.99343 |train mae:  6.15056 |train mae ravg:  6.15019 |val kld: 2.23071 |val kldravg: 2.24064 |val mae:  7.37649 |val mae ravg:  7.34946 |
|epoch:  49 | lr: 0.000 |train kld: 1.98726 |train kld ravg: 1.99292 |train mae:  6.13533 |train mae ravg:  6.14983 |val kld: 2.23708 |val kldravg: 2.24343 |val mae:  7.31336 |val mae ravg:  7.37061 |
----------------------------------------------------------------------------------------------------------------------------------------------------------------
Finished:  2021-03-19 14:24:37.876183

Correlation between train loss and evaluation: 0.659

----------------------------------------------------------------------------------------------------------------------------------------------------------------
Save configfile.
Loading share 1.00  test data.
Traceback (most recent call last):
  File "/users/win-fmrib-analysis/lhw539/TransferLearning_Neuroimaging/main.py", line 209, in <module>
    test_final_sfcn_preloaded(test_loader,hps,model=model)
  File "/gpfs3/users/win-fmrib-analysis/lhw539/TransferLearning_Neuroimaging/methods/ft_final.py", line 67, in test_final_sfcn_preloaded
    return sfcn_test(model=model,
NameError: name 'sfcn_test' is not defined
------------------------------------------------
Finished at: Fri Mar 19 14:24:39 GMT 2021
------------------------------------------------
