------------------------------------------------
Job ID: 36558219
Run on host: compg013.hpc.in.bmrc.ox.ac.uk
Operating system: Linux
Username: lhw539
Started at: Sun Feb 14 18:24:17 GMT 2021
------------------------------------------------
Number of GPUs:  2
----------------------------------------------------------------------------------------------------------------------
Passed arguments: 
{'DEBUG': 'full', 'TRAIN': 'pre_full', 'BATCH_SIZE': 4, 'NUM_WORKERS': 4, 'LOSS': 'ent', 'DROP': 0.5, 'PRE': 'age', 'TASK': 'sex', 'RUN': 0, 'PATH': '../../', 'INIT': 0, 'PL': 'none', 'PRO': 'full', 'WDEC': 0.05, 'MOM': 0.8, 'GAMMA': 0.2, 'N_EPOCHS': 150, 'PAT': 15, 'LR': 0.005, 'PL_LL': 'none', 'WDEC_LL': 0.001, 'MOM_LL': 0.9, 'GAMMA_LL': 0.1, 'N_EPOCHS_LL': 25, 'PAT_LL': 12, 'LR_LL': 0.01, 'RETRAIN': 2, 'PRINT_EVERY': 1}

----------------------------------------------------------------------------------------------------------------------
Pre-trained on:  age  prediction.
Run:  run_20191206_00_epoch_best_mae.p
Loading loaded OASIS train data.
Loading loaded OASIS   val data.

Start training of full model:  2021-02-14 18:24:25.148112
----------------------------------------------------------------------------------------------------------------------
|epoch:   0 | lr: 0.005 |train ent: 0.65380 |train ent ravg: 0.65380 |train acc:  0.64489 |train acc ravg:  0.64489 |val ent: 0.73050 |val entravg: 0.73050 |val acc:  0.42045 |val acc ravg:  0.42045 |
|epoch:   1 | lr: 0.005 |train ent: 0.58653 |train ent ravg: 0.62017 |train acc:  0.69034 |train acc ravg:  0.66761 |val ent: 0.90208 |val entravg: 0.81629 |val acc:  0.44318 |val acc ravg:  0.43182 |
|epoch:   2 | lr: 0.005 |train ent: 0.57721 |train ent ravg: 0.60585 |train acc:  0.71307 |train acc ravg:  0.68277 |val ent: 0.69423 |val entravg: 0.77560 |val acc:  0.62500 |val acc ravg:  0.49621 |
|epoch:   3 | lr: 0.005 |train ent: 0.55306 |train ent ravg: 0.57227 |train acc:  0.71307 |train acc ravg:  0.70549 |val ent: 0.58421 |val entravg: 0.72684 |val acc:  0.68182 |val acc ravg:  0.58333 |
|epoch:   4 | lr: 0.005 |train ent: 0.53584 |train ent ravg: 0.55537 |train acc:  0.72443 |train acc ravg:  0.71686 |val ent: 0.79705 |val entravg: 0.69183 |val acc:  0.55682 |val acc ravg:  0.62121 |
|epoch:   5 | lr: 0.005 |train ent: 0.55054 |train ent ravg: 0.54648 |train acc:  0.73011 |train acc ravg:  0.72254 |val ent: 0.60009 |val entravg: 0.66045 |val acc:  0.69318 |val acc ravg:  0.64394 |
|epoch:   6 | lr: 0.005 |train ent: 0.54101 |train ent ravg: 0.54246 |train acc:  0.72443 |train acc ravg:  0.72633 |val ent: 1.72823 |val entravg: 1.04179 |val acc:  0.45455 |val acc ravg:  0.56818 |
|epoch:   7 | lr: 0.005 |train ent: 0.53362 |train ent ravg: 0.54172 |train acc:  0.76420 |train acc ravg:  0.73958 |val ent: 0.55610 |val entravg: 0.96147 |val acc:  0.69318 |val acc ravg:  0.61364 |
|epoch:   8 | lr: 0.005 |train ent: 0.52538 |train ent ravg: 0.53334 |train acc:  0.75284 |train acc ravg:  0.74716 |val ent: 1.98021 |val entravg: 1.42151 |val acc:  0.46591 |val acc ravg:  0.53788 |
|epoch:   9 | lr: 0.005 |train ent: 0.53911 |train ent ravg: 0.53270 |train acc:  0.74716 |train acc ravg:  0.75473 |val ent: 0.53277 |val entravg: 1.02303 |val acc:  0.71591 |val acc ravg:  0.62500 |
|epoch:  10 | lr: 0.005 |train ent: 0.53103 |train ent ravg: 0.53184 |train acc:  0.75568 |train acc ravg:  0.75189 |val ent: 0.60958 |val entravg: 1.04085 |val acc:  0.73864 |val acc ravg:  0.64015 |
|epoch:  11 | lr: 0.005 |train ent: 0.54399 |train ent ravg: 0.53804 |train acc:  0.74148 |train acc ravg:  0.74811 |val ent: 0.56860 |val entravg: 0.57032 |val acc:  0.70455 |val acc ravg:  0.71970 |
|epoch:  12 | lr: 0.005 |train ent: 0.52251 |train ent ravg: 0.53251 |train acc:  0.77557 |train acc ravg:  0.75758 |val ent: 0.91487 |val entravg: 0.69768 |val acc:  0.45455 |val acc ravg:  0.63258 |
|epoch:  13 | lr: 0.005 |train ent: 0.55497 |train ent ravg: 0.54049 |train acc:  0.73580 |train acc ravg:  0.75095 |val ent: 0.78869 |val entravg: 0.75739 |val acc:  0.48864 |val acc ravg:  0.54924 |
|epoch:  14 | lr: 0.005 |train ent: 0.55316 |train ent ravg: 0.54355 |train acc:  0.73864 |train acc ravg:  0.75000 |val ent: 0.56217 |val entravg: 0.75524 |val acc:  0.79545 |val acc ravg:  0.57955 |
|epoch:  15 | lr: 0.005 |train ent: 0.55599 |train ent ravg: 0.55471 |train acc:  0.74148 |train acc ravg:  0.73864 |val ent: 0.84354 |val entravg: 0.73147 |val acc:  0.55682 |val acc ravg:  0.61364 |
|epoch:  16 | lr: 0.001 |train ent: 0.53551 |train ent ravg: 0.54822 |train acc:  0.77841 |train acc ravg:  0.75284 |val ent: 0.55144 |val entravg: 0.65239 |val acc:  0.70455 |val acc ravg:  0.68561 |
|epoch:  17 | lr: 0.001 |train ent: 0.50134 |train ent ravg: 0.53095 |train acc:  0.80114 |train acc ravg:  0.77367 |val ent: 0.82000 |val entravg: 0.73833 |val acc:  0.48864 |val acc ravg:  0.58333 |
|epoch:  18 | lr: 0.001 |train ent: 0.50827 |train ent ravg: 0.51504 |train acc:  0.78409 |train acc ravg:  0.78788 |val ent: 0.93174 |val entravg: 0.76773 |val acc:  0.46591 |val acc ravg:  0.55303 |
|epoch:  19 | lr: 0.001 |train ent: 0.49087 |train ent ravg: 0.50016 |train acc:  0.81534 |train acc ravg:  0.80019 |val ent: 1.46931 |val entravg: 1.07369 |val acc:  0.46591 |val acc ravg:  0.47348 |
|epoch:  20 | lr: 0.001 |train ent: 0.49457 |train ent ravg: 0.49790 |train acc:  0.80682 |train acc ravg:  0.80208 |val ent: 0.53405 |val entravg: 0.97837 |val acc:  0.72727 |val acc ravg:  0.55303 |
|epoch:  21 | lr: 0.001 |train ent: 0.47667 |train ent ravg: 0.48737 |train acc:  0.83239 |train acc ravg:  0.81818 |val ent: 0.54699 |val entravg: 0.85012 |val acc:  0.75000 |val acc ravg:  0.64773 |
|epoch:  22 | lr: 0.001 |train ent: 0.46106 |train ent ravg: 0.47743 |train acc:  0.85795 |train acc ravg:  0.83239 |val ent: 0.50321 |val entravg: 0.52808 |val acc:  0.79545 |val acc ravg:  0.75758 |
|epoch:  23 | lr: 0.001 |train ent: 0.49312 |train ent ravg: 0.47695 |train acc:  0.81250 |train acc ravg:  0.83428 |val ent: 0.51868 |val entravg: 0.52296 |val acc:  0.79545 |val acc ravg:  0.78030 |
|epoch:  24 | lr: 0.001 |train ent: 0.44976 |train ent ravg: 0.46798 |train acc:  0.84091 |train acc ravg:  0.83712 |val ent: 0.57834 |val entravg: 0.53341 |val acc:  0.69318 |val acc ravg:  0.76136 |
|epoch:  25 | lr: 0.001 |train ent: 0.47085 |train ent ravg: 0.47124 |train acc:  0.82670 |train acc ravg:  0.82670 |val ent: 0.56083 |val entravg: 0.55262 |val acc:  0.69318 |val acc ravg:  0.72727 |
|epoch:  26 | lr: 0.001 |train ent: 0.45299 |train ent ravg: 0.45787 |train acc:  0.84091 |train acc ravg:  0.83617 |val ent: 0.61868 |val entravg: 0.58595 |val acc:  0.62500 |val acc ravg:  0.67045 |
|epoch:  27 | lr: 0.001 |train ent: 0.45307 |train ent ravg: 0.45897 |train acc:  0.85511 |train acc ravg:  0.84091 |val ent: 0.56451 |val entravg: 0.58134 |val acc:  0.71591 |val acc ravg:  0.67803 |
|epoch:  28 | lr: 0.001 |train ent: 0.46856 |train ent ravg: 0.45821 |train acc:  0.86080 |train acc ravg:  0.85227 |val ent: 0.70178 |val entravg: 0.62833 |val acc:  0.56818 |val acc ravg:  0.63636 |
|epoch:  29 | lr: 0.001 |train ent: 0.45153 |train ent ravg: 0.45772 |train acc:  0.86364 |train acc ravg:  0.85985 |val ent: 0.53766 |val entravg: 0.60132 |val acc:  0.71591 |val acc ravg:  0.66667 |
|epoch:  30 | lr: 0.001 |train ent: 0.43686 |train ent ravg: 0.45231 |train acc:  0.86648 |train acc ravg:  0.86364 |val ent: 0.52365 |val entravg: 0.58770 |val acc:  0.77273 |val acc ravg:  0.68561 |
|epoch:  31 | lr: 0.001 |train ent: 0.46227 |train ent ravg: 0.45022 |train acc:  0.83523 |train acc ravg:  0.85511 |val ent: 0.51589 |val entravg: 0.52573 |val acc:  0.80682 |val acc ravg:  0.76515 |
|epoch:  32 | lr: 0.000 |train ent: 0.42454 |train ent ravg: 0.44122 |train acc:  0.88920 |train acc ravg:  0.86364 |val ent: 0.51354 |val entravg: 0.51769 |val acc:  0.73864 |val acc ravg:  0.77273 |
|epoch:  33 | lr: 0.000 |train ent: 0.44288 |train ent ravg: 0.44323 |train acc:  0.86932 |train acc ravg:  0.86458 |val ent: 0.49860 |val entravg: 0.50934 |val acc:  0.73864 |val acc ravg:  0.76136 |
|epoch:  34 | lr: 0.000 |train ent: 0.42436 |train ent ravg: 0.43059 |train acc:  0.86932 |train acc ravg:  0.87595 |val ent: 0.62964 |val entravg: 0.54726 |val acc:  0.61364 |val acc ravg:  0.69697 |
|epoch:  35 | lr: 0.000 |train ent: 0.41647 |train ent ravg: 0.42790 |train acc:  0.88352 |train acc ravg:  0.87405 |val ent: 0.63517 |val entravg: 0.58780 |val acc:  0.60227 |val acc ravg:  0.65152 |
|epoch:  36 | lr: 0.000 |train ent: 0.41209 |train ent ravg: 0.41764 |train acc:  0.89205 |train acc ravg:  0.88163 |val ent: 0.51164 |val entravg: 0.59215 |val acc:  0.72727 |val acc ravg:  0.64773 |
|epoch:  37 | lr: 0.000 |train ent: 0.38969 |train ent ravg: 0.40608 |train acc:  0.92045 |train acc ravg:  0.89867 |val ent: 0.76478 |val entravg: 0.63719 |val acc:  0.51136 |val acc ravg:  0.61364 |
|epoch:  38 | lr: 0.000 |train ent: 0.40398 |train ent ravg: 0.40192 |train acc:  0.88636 |train acc ravg:  0.89962 |val ent: 0.52468 |val entravg: 0.60036 |val acc:  0.75000 |val acc ravg:  0.66288 |
|epoch:  39 | lr: 0.000 |train ent: 0.42033 |train ent ravg: 0.40467 |train acc:  0.87784 |train acc ravg:  0.89489 |val ent: 0.51725 |val entravg: 0.60223 |val acc:  0.77273 |val acc ravg:  0.67803 |
|epoch:  40 | lr: 0.000 |train ent: 0.39567 |train ent ravg: 0.40666 |train acc:  0.89205 |train acc ravg:  0.88542 |val ent: 0.49679 |val entravg: 0.51290 |val acc:  0.72727 |val acc ravg:  0.75000 |
|epoch:  41 | lr: 0.000 |train ent: 0.41859 |train ent ravg: 0.41153 |train acc:  0.88352 |train acc ravg:  0.88447 |val ent: 0.59573 |val entravg: 0.53659 |val acc:  0.65909 |val acc ravg:  0.71970 |
|epoch:  42 | lr: 0.000 |train ent: 0.40833 |train ent ravg: 0.40753 |train acc:  0.89205 |train acc ravg:  0.88920 |val ent: 0.49949 |val entravg: 0.53067 |val acc:  0.79545 |val acc ravg:  0.72727 |
|epoch:  43 | lr: 0.000 |train ent: 0.41141 |train ent ravg: 0.41278 |train acc:  0.87500 |train acc ravg:  0.88352 |val ent: 0.59792 |val entravg: 0.56438 |val acc:  0.64773 |val acc ravg:  0.70076 |
|epoch:  44 | lr: 0.000 |train ent: 0.38288 |train ent ravg: 0.40087 |train acc:  0.91761 |train acc ravg:  0.89489 |val ent: 0.59359 |val entravg: 0.56367 |val acc:  0.67045 |val acc ravg:  0.70455 |
|epoch:  45 | lr: 0.000 |train ent: 0.38935 |train ent ravg: 0.39455 |train acc:  0.90625 |train acc ravg:  0.89962 |val ent: 0.49569 |val entravg: 0.56240 |val acc:  0.75000 |val acc ravg:  0.68939 |
|epoch:  46 | lr: 0.000 |train ent: 0.39250 |train ent ravg: 0.38825 |train acc:  0.89773 |train acc ravg:  0.90720 |val ent: 0.58635 |val entravg: 0.55854 |val acc:  0.68182 |val acc ravg:  0.70076 |
|epoch:  47 | lr: 0.000 |train ent: 0.38112 |train ent ravg: 0.38766 |train acc:  0.91761 |train acc ravg:  0.90720 |val ent: 0.66519 |val entravg: 0.58241 |val acc:  0.59091 |val acc ravg:  0.67424 |
|epoch:  48 | lr: 0.000 |train ent: 0.37121 |train ent ravg: 0.38161 |train acc:  0.91761 |train acc ravg:  0.91098 |val ent: 0.49088 |val entravg: 0.58081 |val acc:  0.78409 |val acc ravg:  0.68561 |
|epoch:  49 | lr: 0.000 |train ent: 0.37976 |train ent ravg: 0.37736 |train acc:  0.91477 |train acc ravg:  0.91667 |val ent: 0.50978 |val entravg: 0.55528 |val acc:  0.76136 |val acc ravg:  0.71212 |
|epoch:  50 | lr: 0.000 |train ent: 0.37042 |train ent ravg: 0.37380 |train acc:  0.90625 |train acc ravg:  0.91288 |val ent: 0.52044 |val entravg: 0.50703 |val acc:  0.75000 |val acc ravg:  0.76515 |
|epoch:  51 | lr: 0.000 |train ent: 0.37251 |train ent ravg: 0.37423 |train acc:  0.91193 |train acc ravg:  0.91098 |val ent: 0.54290 |val entravg: 0.52437 |val acc:  0.70455 |val acc ravg:  0.73864 |
|epoch:  52 | lr: 0.000 |train ent: 0.36580 |train ent ravg: 0.36958 |train acc:  0.91761 |train acc ravg:  0.91193 |val ent: 0.50232 |val entravg: 0.52189 |val acc:  0.76136 |val acc ravg:  0.73864 |
|epoch:  53 | lr: 0.000 |train ent: 0.37771 |train ent ravg: 0.37201 |train acc:  0.90909 |train acc ravg:  0.91288 |val ent: 0.49767 |val entravg: 0.51430 |val acc:  0.77273 |val acc ravg:  0.74621 |
|epoch:  54 | lr: 0.000 |train ent: 0.38875 |train ent ravg: 0.37742 |train acc:  0.90909 |train acc ravg:  0.91193 |val ent: 0.51238 |val entravg: 0.50412 |val acc:  0.77273 |val acc ravg:  0.76894 |
|epoch:  55 | lr: 0.000 |train ent: 0.37544 |train ent ravg: 0.38063 |train acc:  0.91477 |train acc ravg:  0.91098 |val ent: 0.51973 |val entravg: 0.50992 |val acc:  0.72727 |val acc ravg:  0.75758 |
|epoch:  56 | lr: 0.000 |train ent: 0.36925 |train ent ravg: 0.37781 |train acc:  0.92898 |train acc ravg:  0.91761 |val ent: 0.56937 |val entravg: 0.53383 |val acc:  0.68182 |val acc ravg:  0.72727 |
|epoch:  57 | lr: 0.000 |train ent: 0.38071 |train ent ravg: 0.37514 |train acc:  0.91477 |train acc ravg:  0.91951 |val ent: 0.51685 |val entravg: 0.53532 |val acc:  0.76136 |val acc ravg:  0.72348 |
|epoch:  58 | lr: 0.000 |train ent: 0.36800 |train ent ravg: 0.37266 |train acc:  0.89773 |train acc ravg:  0.91383 |val ent: 0.51844 |val entravg: 0.53489 |val acc:  0.72727 |val acc ravg:  0.72348 |
|epoch:  59 | lr: 0.000 |train ent: 0.36811 |train ent ravg: 0.37227 |train acc:  0.90625 |train acc ravg:  0.90625 |val ent: 0.54019 |val entravg: 0.52516 |val acc:  0.70455 |val acc ravg:  0.73106 |
|epoch:  60 | lr: 0.000 |train ent: 0.37383 |train ent ravg: 0.36998 |train acc:  0.90625 |train acc ravg:  0.90341 |val ent: 0.54463 |val entravg: 0.53442 |val acc:  0.69318 |val acc ravg:  0.70833 |
|epoch:  61 | lr: 0.000 |train ent: 0.36664 |train ent ravg: 0.36952 |train acc:  0.91761 |train acc ravg:  0.91004 |val ent: 0.49257 |val entravg: 0.52580 |val acc:  0.77273 |val acc ravg:  0.72348 |
|epoch:  62 | lr: 0.000 |train ent: 0.37812 |train ent ravg: 0.37286 |train acc:  0.91193 |train acc ravg:  0.91193 |val ent: 0.50914 |val entravg: 0.51545 |val acc:  0.76136 |val acc ravg:  0.74242 |
|epoch:  63 | lr: 0.000 |train ent: 0.37050 |train ent ravg: 0.37175 |train acc:  0.90909 |train acc ravg:  0.91288 |val ent: 0.49805 |val entravg: 0.49992 |val acc:  0.76136 |val acc ravg:  0.76515 |
|epoch:  64 | lr: 0.000 |train ent: 0.35859 |train ent ravg: 0.36907 |train acc:  0.93182 |train acc ravg:  0.91761 |val ent: 0.50722 |val entravg: 0.50480 |val acc:  0.75000 |val acc ravg:  0.75758 |
|epoch:  65 | lr: 0.000 |train ent: 0.37199 |train ent ravg: 0.36703 |train acc:  0.90909 |train acc ravg:  0.91667 |val ent: 0.51761 |val entravg: 0.50763 |val acc:  0.73864 |val acc ravg:  0.75000 |
|epoch:  66 | lr: 0.000 |train ent: 0.36353 |train ent ravg: 0.36471 |train acc:  0.92614 |train acc ravg:  0.92235 |val ent: 0.51425 |val entravg: 0.51303 |val acc:  0.73864 |val acc ravg:  0.74242 |
|epoch:  67 | lr: 0.000 |train ent: 0.36784 |train ent ravg: 0.36779 |train acc:  0.91193 |train acc ravg:  0.91572 |val ent: 0.49798 |val entravg: 0.50995 |val acc:  0.77273 |val acc ravg:  0.75000 |
|epoch:  68 | lr: 0.000 |train ent: 0.36210 |train ent ravg: 0.36449 |train acc:  0.92330 |train acc ravg:  0.92045 |val ent: 0.55729 |val entravg: 0.52317 |val acc:  0.68182 |val acc ravg:  0.73106 |
|epoch:  69 | lr: 0.000 |train ent: 0.38116 |train ent ravg: 0.37037 |train acc:  0.90909 |train acc ravg:  0.91477 |val ent: 0.49371 |val entravg: 0.51633 |val acc:  0.76136 |val acc ravg:  0.73864 |
|epoch:  70 | lr: 0.000 |train ent: 0.38615 |train ent ravg: 0.37647 |train acc:  0.89489 |train acc ravg:  0.90909 |val ent: 0.49950 |val entravg: 0.51684 |val acc:  0.76136 |val acc ravg:  0.73485 |
|epoch:  71 | lr: 0.000 |train ent: 0.36255 |train ent ravg: 0.37662 |train acc:  0.91193 |train acc ravg:  0.90530 |val ent: 0.51375 |val entravg: 0.50232 |val acc:  0.76136 |val acc ravg:  0.76136 |
|epoch:  72 | lr: 0.000 |train ent: 0.34460 |train ent ravg: 0.36443 |train acc:  0.94034 |train acc ravg:  0.91572 |val ent: 0.50408 |val entravg: 0.50578 |val acc:  0.73864 |val acc ravg:  0.75379 |
|epoch:  73 | lr: 0.000 |train ent: 0.37773 |train ent ravg: 0.36162 |train acc:  0.91193 |train acc ravg:  0.92140 |val ent: 0.51749 |val entravg: 0.51177 |val acc:  0.72727 |val acc ravg:  0.74242 |
|epoch:  74 | lr: 0.000 |train ent: 0.37114 |train ent ravg: 0.36449 |train acc:  0.90625 |train acc ravg:  0.91951 |val ent: 0.50201 |val entravg: 0.50786 |val acc:  0.76136 |val acc ravg:  0.74242 |
|epoch:  75 | lr: 0.000 |train ent: 0.38735 |train ent ravg: 0.37874 |train acc:  0.90341 |train acc ravg:  0.90720 |val ent: 0.52431 |val entravg: 0.51460 |val acc:  0.73864 |val acc ravg:  0.74242 |
|epoch:  76 | lr: 0.000 |train ent: 0.36872 |train ent ravg: 0.37573 |train acc:  0.91477 |train acc ravg:  0.90814 |val ent: 0.55022 |val entravg: 0.52551 |val acc:  0.69318 |val acc ravg:  0.73106 |
|epoch:  77 | lr: 0.000 |train ent: 0.38496 |train ent ravg: 0.38034 |train acc:  0.90625 |train acc ravg:  0.90814 |val ent: 0.47982 |val entravg: 0.51812 |val acc:  0.81818 |val acc ravg:  0.75000 |
|epoch:  78 | lr: 0.000 |train ent: 0.35311 |train ent ravg: 0.36893 |train acc:  0.93466 |train acc ravg:  0.91856 |val ent: 0.51870 |val entravg: 0.51625 |val acc:  0.75000 |val acc ravg:  0.75379 |
|epoch:  79 | lr: 0.000 |train ent: 0.37006 |train ent ravg: 0.36938 |train acc:  0.91477 |train acc ravg:  0.91856 |val ent: 0.50830 |val entravg: 0.50228 |val acc:  0.75000 |val acc ravg:  0.77273 |
|epoch:  80 | lr: 0.000 |train ent: 0.37187 |train ent ravg: 0.36501 |train acc:  0.92614 |train acc ravg:  0.92519 |val ent: 0.50527 |val entravg: 0.51076 |val acc:  0.75000 |val acc ravg:  0.75000 |
|epoch:  81 | lr: 0.000 |train ent: 0.36943 |train ent ravg: 0.37045 |train acc:  0.91477 |train acc ravg:  0.91856 |val ent: 0.50515 |val entravg: 0.50624 |val acc:  0.76136 |val acc ravg:  0.75379 |
|epoch:  82 | lr: 0.000 |train ent: 0.38222 |train ent ravg: 0.37451 |train acc:  0.90057 |train acc ravg:  0.91383 |val ent: 0.53334 |val entravg: 0.51459 |val acc:  0.70455 |val acc ravg:  0.73864 |
|epoch:  83 | lr: 0.000 |train ent: 0.35769 |train ent ravg: 0.36978 |train acc:  0.93466 |train acc ravg:  0.91667 |val ent: 0.49120 |val entravg: 0.50990 |val acc:  0.80682 |val acc ravg:  0.75758 |
|epoch:  84 | lr: 0.000 |train ent: 0.35264 |train ent ravg: 0.36419 |train acc:  0.93750 |train acc ravg:  0.92424 |val ent: 0.51438 |val entravg: 0.51297 |val acc:  0.73864 |val acc ravg:  0.75000 |
|epoch:  85 | lr: 0.000 |train ent: 0.36485 |train ent ravg: 0.35839 |train acc:  0.91477 |train acc ravg:  0.92898 |val ent: 0.49897 |val entravg: 0.50152 |val acc:  0.75000 |val acc ravg:  0.76515 |
|epoch:  86 | lr: 0.000 |train ent: 0.35552 |train ent ravg: 0.35767 |train acc:  0.93466 |train acc ravg:  0.92898 |val ent: 0.51862 |val entravg: 0.51066 |val acc:  0.75000 |val acc ravg:  0.74621 |
|epoch:  87 | lr: 0.000 |train ent: 0.35441 |train ent ravg: 0.35826 |train acc:  0.92898 |train acc ravg:  0.92614 |val ent: 0.49879 |val entravg: 0.50546 |val acc:  0.76136 |val acc ravg:  0.75379 |
|epoch:  88 | lr: 0.000 |train ent: 0.36037 |train ent ravg: 0.35677 |train acc:  0.92330 |train acc ravg:  0.92898 |val ent: 0.50521 |val entravg: 0.50754 |val acc:  0.75000 |val acc ravg:  0.75379 |
|epoch:  89 | lr: 0.000 |train ent: 0.38372 |train ent ravg: 0.36617 |train acc:  0.88636 |train acc ravg:  0.91288 |val ent: 0.50954 |val entravg: 0.50451 |val acc:  0.75000 |val acc ravg:  0.75379 |
|epoch:  90 | lr: 0.000 |train ent: 0.36732 |train ent ravg: 0.37047 |train acc:  0.90625 |train acc ravg:  0.90530 |val ent: 0.53027 |val entravg: 0.51501 |val acc:  0.71591 |val acc ravg:  0.73864 |
|epoch:  91 | lr: 0.000 |train ent: 0.35677 |train ent ravg: 0.36927 |train acc:  0.92898 |train acc ravg:  0.90720 |val ent: 0.49360 |val entravg: 0.51114 |val acc:  0.78409 |val acc ravg:  0.75000 |
|epoch:  92 | lr: 0.000 |train ent: 0.36905 |train ent ravg: 0.36438 |train acc:  0.91193 |train acc ravg:  0.91572 |val ent: 0.50592 |val entravg: 0.50993 |val acc:  0.75000 |val acc ravg:  0.75000 |
|epoch:  93 | lr: 0.000 |train ent: 0.37201 |train ent ravg: 0.36594 |train acc:  0.90909 |train acc ravg:  0.91667 |val ent: 0.55126 |val entravg: 0.51693 |val acc:  0.69318 |val acc ravg:  0.74242 |
|epoch:  94 | lr: 0.000 |train ent: 0.36523 |train ent ravg: 0.36876 |train acc:  0.92045 |train acc ravg:  0.91383 |val ent: 0.50083 |val entravg: 0.51934 |val acc:  0.76136 |val acc ravg:  0.73485 |
|epoch:  95 | lr: 0.000 |train ent: 0.36564 |train ent ravg: 0.36763 |train acc:  0.89205 |train acc ravg:  0.90720 |val ent: 0.49996 |val entravg: 0.51735 |val acc:  0.77273 |val acc ravg:  0.74242 |
|epoch:  96 | lr: 0.000 |train ent: 0.38141 |train ent ravg: 0.37076 |train acc:  0.90057 |train acc ravg:  0.90436 |val ent: 0.50537 |val entravg: 0.50206 |val acc:  0.77273 |val acc ravg:  0.76894 |
|epoch:  97 | lr: 0.000 |train ent: 0.36055 |train ent ravg: 0.36920 |train acc:  0.90341 |train acc ravg:  0.89867 |val ent: 0.48336 |val entravg: 0.49623 |val acc:  0.79545 |val acc ravg:  0.78030 |
|epoch:  98 | lr: 0.000 |train ent: 0.36822 |train ent ravg: 0.37006 |train acc:  0.90909 |train acc ravg:  0.90436 |val ent: 0.49015 |val entravg: 0.49296 |val acc:  0.75000 |val acc ravg:  0.77273 |
|epoch:  99 | lr: 0.000 |train ent: 0.36957 |train ent ravg: 0.36611 |train acc:  0.92330 |train acc ravg:  0.91193 |val ent: 0.50501 |val entravg: 0.49284 |val acc:  0.76136 |val acc ravg:  0.76894 |
|epoch: 100 | lr: 0.000 |train ent: 0.37048 |train ent ravg: 0.36942 |train acc:  0.89773 |train acc ravg:  0.91004 |val ent: 0.50868 |val entravg: 0.50128 |val acc:  0.76136 |val acc ravg:  0.75758 |
|epoch: 101 | lr: 0.000 |train ent: 0.36579 |train ent ravg: 0.36861 |train acc:  0.92614 |train acc ravg:  0.91572 |val ent: 0.48979 |val entravg: 0.50116 |val acc:  0.75000 |val acc ravg:  0.75758 |
|epoch: 102 | lr: 0.000 |train ent: 0.37460 |train ent ravg: 0.37029 |train acc:  0.90625 |train acc ravg:  0.91004 |val ent: 0.48306 |val entravg: 0.49384 |val acc:  0.79545 |val acc ravg:  0.76894 |
|epoch: 103 | lr: 0.000 |train ent: 0.36771 |train ent ravg: 0.36937 |train acc:  0.91193 |train acc ravg:  0.91477 |val ent: 0.51574 |val entravg: 0.49620 |val acc:  0.73864 |val acc ravg:  0.76136 |
|epoch: 104 | lr: 0.000 |train ent: 0.36886 |train ent ravg: 0.37039 |train acc:  0.90341 |train acc ravg:  0.90720 |val ent: 0.51044 |val entravg: 0.50308 |val acc:  0.76136 |val acc ravg:  0.76515 |
|epoch: 105 | lr: 0.000 |train ent: 0.37488 |train ent ravg: 0.37048 |train acc:  0.89489 |train acc ravg:  0.90341 |val ent: 0.50229 |val entravg: 0.50949 |val acc:  0.76136 |val acc ravg:  0.75379 |
|epoch: 106 | lr: 0.000 |train ent: 0.36787 |train ent ravg: 0.37054 |train acc:  0.91477 |train acc ravg:  0.90436 |val ent: 0.49487 |val entravg: 0.50253 |val acc:  0.79545 |val acc ravg:  0.77273 |
|epoch: 107 | lr: 0.000 |train ent: 0.35371 |train ent ravg: 0.36549 |train acc:  0.92898 |train acc ravg:  0.91288 |val ent: 0.52976 |val entravg: 0.50897 |val acc:  0.71591 |val acc ravg:  0.75758 |
|epoch: 108 | lr: 0.000 |train ent: 0.35805 |train ent ravg: 0.35988 |train acc:  0.92614 |train acc ravg:  0.92330 |val ent: 0.49416 |val entravg: 0.50626 |val acc:  0.78409 |val acc ravg:  0.76515 |
|epoch: 109 | lr: 0.000 |train ent: 0.38784 |train ent ravg: 0.36653 |train acc:  0.90057 |train acc ravg:  0.91856 |val ent: 0.48937 |val entravg: 0.50443 |val acc:  0.80682 |val acc ravg:  0.76894 |
|epoch: 110 | lr: 0.000 |train ent: 0.35424 |train ent ravg: 0.36671 |train acc:  0.92614 |train acc ravg:  0.91761 |val ent: 0.48266 |val entravg: 0.48873 |val acc:  0.80682 |val acc ravg:  0.79924 |
|epoch: 111 | lr: 0.000 |train ent: 0.38704 |train ent ravg: 0.37637 |train acc:  0.87784 |train acc ravg:  0.90152 |val ent: 0.49620 |val entravg: 0.48941 |val acc:  0.76136 |val acc ravg:  0.79167 |
|epoch: 112 | lr: 0.000 |train ent: 0.34736 |train ent ravg: 0.36288 |train acc:  0.93182 |train acc ravg:  0.91193 |val ent: 0.50318 |val entravg: 0.49401 |val acc:  0.76136 |val acc ravg:  0.77652 |
|epoch: 113 | lr: 0.000 |train ent: 0.37697 |train ent ravg: 0.37046 |train acc:  0.91193 |train acc ravg:  0.90720 |val ent: 0.51679 |val entravg: 0.50539 |val acc:  0.72727 |val acc ravg:  0.75000 |
|epoch: 114 | lr: 0.000 |train ent: 0.38058 |train ent ravg: 0.36830 |train acc:  0.90057 |train acc ravg:  0.91477 |val ent: 0.55050 |val entravg: 0.52349 |val acc:  0.69318 |val acc ravg:  0.72727 |
|epoch: 115 | lr: 0.000 |train ent: 0.36809 |train ent ravg: 0.37521 |train acc:  0.91761 |train acc ravg:  0.91004 |val ent: 0.53811 |val entravg: 0.53513 |val acc:  0.71591 |val acc ravg:  0.71212 |
|epoch: 116 | lr: 0.000 |train ent: 0.36630 |train ent ravg: 0.37165 |train acc:  0.91477 |train acc ravg:  0.91098 |val ent: 0.51012 |val entravg: 0.53291 |val acc:  0.76136 |val acc ravg:  0.72348 |
|epoch: 117 | lr: 0.000 |train ent: 0.35286 |train ent ravg: 0.36241 |train acc:  0.93750 |train acc ravg:  0.92330 |val ent: 0.49100 |val entravg: 0.51308 |val acc:  0.78409 |val acc ravg:  0.75379 |
|epoch: 118 | lr: 0.000 |train ent: 0.36233 |train ent ravg: 0.36049 |train acc:  0.91477 |train acc ravg:  0.92235 |val ent: 0.53104 |val entravg: 0.51072 |val acc:  0.70455 |val acc ravg:  0.75000 |
|epoch: 119 | lr: 0.000 |train ent: 0.36047 |train ent ravg: 0.35855 |train acc:  0.91477 |train acc ravg:  0.92235 |val ent: 0.49943 |val entravg: 0.50715 |val acc:  0.76136 |val acc ravg:  0.75000 |
|epoch: 120 | lr: 0.000 |train ent: 0.36169 |train ent ravg: 0.36150 |train acc:  0.90909 |train acc ravg:  0.91288 |val ent: 0.47927 |val entravg: 0.50325 |val acc:  0.79545 |val acc ravg:  0.75379 |
|epoch: 121 | lr: 0.000 |train ent: 0.36573 |train ent ravg: 0.36263 |train acc:  0.92614 |train acc ravg:  0.91667 |val ent: 0.50021 |val entravg: 0.49297 |val acc:  0.75000 |val acc ravg:  0.76894 |
|epoch: 122 | lr: 0.000 |train ent: 0.36134 |train ent ravg: 0.36292 |train acc:  0.92045 |train acc ravg:  0.91856 |val ent: 0.51397 |val entravg: 0.49782 |val acc:  0.75000 |val acc ravg:  0.76515 |
|epoch: 123 | lr: 0.000 |train ent: 0.36369 |train ent ravg: 0.36359 |train acc:  0.92045 |train acc ravg:  0.92235 |val ent: 0.52319 |val entravg: 0.51246 |val acc:  0.72727 |val acc ravg:  0.74242 |
|epoch: 124 | lr: 0.000 |train ent: 0.37285 |train ent ravg: 0.36596 |train acc:  0.91193 |train acc ravg:  0.91761 |val ent: 0.50520 |val entravg: 0.51412 |val acc:  0.77273 |val acc ravg:  0.75000 |
|epoch: 125 | lr: 0.000 |train ent: 0.38219 |train ent ravg: 0.37291 |train acc:  0.90057 |train acc ravg:  0.91098 |val ent: 0.50750 |val entravg: 0.51196 |val acc:  0.76136 |val acc ravg:  0.75379 |
|epoch: 126 | lr: 0.000 |train ent: 0.38267 |train ent ravg: 0.37924 |train acc:  0.90057 |train acc ravg:  0.90436 |val ent: 0.50914 |val entravg: 0.50728 |val acc:  0.75000 |val acc ravg:  0.76136 |
|epoch: 127 | lr: 0.000 |train ent: 0.35684 |train ent ravg: 0.37390 |train acc:  0.91761 |train acc ravg:  0.90625 |val ent: 0.47721 |val entravg: 0.49795 |val acc:  0.78409 |val acc ravg:  0.76515 |
|epoch: 128 | lr: 0.000 |train ent: 0.35709 |train ent ravg: 0.36553 |train acc:  0.92614 |train acc ravg:  0.91477 |val ent: 0.47698 |val entravg: 0.48778 |val acc:  0.81818 |val acc ravg:  0.78409 |
|epoch: 129 | lr: 0.000 |train ent: 0.37920 |train ent ravg: 0.36437 |train acc:  0.91761 |train acc ravg:  0.92045 |val ent: 0.48165 |val entravg: 0.47861 |val acc:  0.77273 |val acc ravg:  0.79167 |
|epoch: 130 | lr: 0.000 |train ent: 0.37339 |train ent ravg: 0.36989 |train acc:  0.91761 |train acc ravg:  0.92045 |val ent: 0.52853 |val entravg: 0.49572 |val acc:  0.71591 |val acc ravg:  0.76894 |
|epoch: 131 | lr: 0.000 |train ent: 0.36075 |train ent ravg: 0.37111 |train acc:  0.93182 |train acc ravg:  0.92235 |val ent: 0.50378 |val entravg: 0.50465 |val acc:  0.75000 |val acc ravg:  0.74621 |
|epoch: 132 | lr: 0.000 |train ent: 0.36265 |train ent ravg: 0.36560 |train acc:  0.91761 |train acc ravg:  0.92235 |val ent: 0.51416 |val entravg: 0.51549 |val acc:  0.76136 |val acc ravg:  0.74242 |
|epoch: 133 | lr: 0.000 |train ent: 0.36903 |train ent ravg: 0.36415 |train acc:  0.90909 |train acc ravg:  0.91951 |val ent: 0.49099 |val entravg: 0.50298 |val acc:  0.77273 |val acc ravg:  0.76136 |
|epoch: 134 | lr: 0.000 |train ent: 0.36611 |train ent ravg: 0.36593 |train acc:  0.90625 |train acc ravg:  0.91098 |val ent: 0.48915 |val entravg: 0.49810 |val acc:  0.79545 |val acc ravg:  0.77652 |
|epoch: 135 | lr: 0.000 |train ent: 0.37043 |train ent ravg: 0.36853 |train acc:  0.90909 |train acc ravg:  0.90814 |val ent: 0.51165 |val entravg: 0.49726 |val acc:  0.73864 |val acc ravg:  0.76894 |
|epoch: 136 | lr: 0.000 |train ent: 0.35758 |train ent ravg: 0.36471 |train acc:  0.92898 |train acc ravg:  0.91477 |val ent: 0.57958 |val entravg: 0.52679 |val acc:  0.65909 |val acc ravg:  0.73106 |
|epoch: 137 | lr: 0.000 |train ent: 0.37609 |train ent ravg: 0.36804 |train acc:  0.90625 |train acc ravg:  0.91477 |val ent: 0.51035 |val entravg: 0.53386 |val acc:  0.76136 |val acc ravg:  0.71970 |
|epoch: 138 | lr: 0.000 |train ent: 0.36186 |train ent ravg: 0.36518 |train acc:  0.91477 |train acc ravg:  0.91667 |val ent: 0.49657 |val entravg: 0.52883 |val acc:  0.75000 |val acc ravg:  0.72348 |
|epoch: 139 | lr: 0.000 |train ent: 0.36968 |train ent ravg: 0.36921 |train acc:  0.91193 |train acc ravg:  0.91098 |val ent: 0.48929 |val entravg: 0.49874 |val acc:  0.77273 |val acc ravg:  0.76136 |
|epoch: 140 | lr: 0.000 |train ent: 0.34782 |train ent ravg: 0.35979 |train acc:  0.92898 |train acc ravg:  0.91856 |val ent: 0.50793 |val entravg: 0.49793 |val acc:  0.75000 |val acc ravg:  0.75758 |
|epoch: 141 | lr: 0.000 |train ent: 0.36086 |train ent ravg: 0.35945 |train acc:  0.91761 |train acc ravg:  0.91951 |val ent: 0.52137 |val entravg: 0.50620 |val acc:  0.73864 |val acc ravg:  0.75379 |
|epoch: 142 | lr: 0.000 |train ent: 0.38922 |train ent ravg: 0.36597 |train acc:  0.88636 |train acc ravg:  0.91098 |val ent: 0.51253 |val entravg: 0.51394 |val acc:  0.75000 |val acc ravg:  0.74621 |
|epoch: 143 | lr: 0.000 |train ent: 0.37962 |train ent ravg: 0.37656 |train acc:  0.90341 |train acc ravg:  0.90246 |val ent: 0.51854 |val entravg: 0.51748 |val acc:  0.75000 |val acc ravg:  0.74621 |
|epoch: 144 | lr: 0.000 |train ent: 0.36663 |train ent ravg: 0.37849 |train acc:  0.90909 |train acc ravg:  0.89962 |val ent: 0.49078 |val entravg: 0.50728 |val acc:  0.79545 |val acc ravg:  0.76515 |
|epoch: 145 | lr: 0.000 |train ent: 0.36537 |train ent ravg: 0.37054 |train acc:  0.91193 |train acc ravg:  0.90814 |val ent: 0.54529 |val entravg: 0.51820 |val acc:  0.70455 |val acc ravg:  0.75000 |
|epoch: 146 | lr: 0.000 |train ent: 0.36926 |train ent ravg: 0.36709 |train acc:  0.90909 |train acc ravg:  0.91004 |val ent: 0.49344 |val entravg: 0.50984 |val acc:  0.76136 |val acc ravg:  0.75379 |
|epoch: 147 | lr: 0.000 |train ent: 0.36808 |train ent ravg: 0.36757 |train acc:  0.91477 |train acc ravg:  0.91193 |val ent: 0.50336 |val entravg: 0.51403 |val acc:  0.76136 |val acc ravg:  0.74242 |
|epoch: 148 | lr: 0.000 |train ent: 0.34661 |train ent ravg: 0.36132 |train acc:  0.93750 |train acc ravg:  0.92045 |val ent: 0.50461 |val entravg: 0.50047 |val acc:  0.76136 |val acc ravg:  0.76136 |
|epoch: 149 | lr: 0.000 |train ent: 0.37890 |train ent ravg: 0.36453 |train acc:  0.90909 |train acc ravg:  0.92045 |val ent: 0.51110 |val entravg: 0.50636 |val acc:  0.75000 |val acc ravg:  0.75758 |
----------------------------------------------------------------------------------------------------------------------
Finished training of full model.
2021-02-15 04:55:30.362137
Correlation between train loss and evaluation: -0.983

------------------------------------------------
Finished at: Mon Feb 15 04:55:31 GMT 2021
------------------------------------------------
