------------------------------------------------
Job ID: 39998332
Run on host: compg026.hpc.in.bmrc.ox.ac.uk
Operating system: Linux
Username: lhw539
Started at: Thu Mar 18 01:13:16 GMT 2021
------------------------------------------------
Loading share 1.00 train data.
Loading share 1.00   val data.
Load model for age - run: 4
Reinitialize with same scaling.
Initialize classifier layer.
Reinitialize feature layers:  [5, 4, 3, 2, 1, 0]
Number of GPUs:  2
Epoch decay:  8
Gamma decay:  0.1

Final layer of model is being trained.
Start:  2021-03-18 01:13:23.512137
----------------------------------------------------------------------------------------------------------------------------------------------------------------
|epoch:   0 | lr: 0.100 |train kld: 2.39981 |train kld ravg: 2.39981 |train mae:  6.17788 |train mae ravg:  6.17788 |val kld: 2.37095 |val kldravg: 2.37095 |val mae:  7.79685 |val mae ravg:  7.79685 |
|epoch:   1 | lr: 0.100 |train kld: 2.56467 |train kld ravg: 2.48224 |train mae:  6.30612 |train mae ravg:  6.24200 |val kld: 2.52413 |val kldravg: 2.44754 |val mae:  7.56585 |val mae ravg:  7.68135 |
|epoch:   2 | lr: 0.100 |train kld: 2.60371 |train kld ravg: 2.52273 |train mae:  6.12293 |train mae ravg:  6.20231 |val kld: 2.53502 |val kldravg: 2.47670 |val mae:  7.80190 |val mae ravg:  7.72153 |
|epoch:   3 | lr: 0.100 |train kld: 2.49080 |train kld ravg: 2.51475 |train mae:  6.00878 |train mae ravg:  6.15393 |val kld: 2.56531 |val kldravg: 2.49885 |val mae:  7.32783 |val mae ravg:  7.62311 |
|epoch:   4 | lr: 0.100 |train kld: 2.59949 |train kld ravg: 2.53169 |train mae:  6.29869 |train mae ravg:  6.18288 |val kld: 2.65312 |val kldravg: 2.52971 |val mae:  8.40503 |val mae ravg:  7.77949 |
|epoch:   5 | lr: 0.100 |train kld: 2.60894 |train kld ravg: 2.57352 |train mae:  6.33419 |train mae ravg:  6.21414 |val kld: 2.54986 |val kldravg: 2.56549 |val mae:  7.82724 |val mae ravg:  7.78557 |
|epoch:   6 | lr: 0.100 |train kld: 2.56684 |train kld ravg: 2.57395 |train mae:  6.30128 |train mae ravg:  6.21317 |val kld: 2.45617 |val kldravg: 2.55190 |val mae:  7.91415 |val mae ravg:  7.85523 |
|epoch:   7 | lr: 0.100 |train kld: 2.71264 |train kld ravg: 2.59574 |train mae:  6.33390 |train mae ravg:  6.25537 |val kld: 2.78534 |val kldravg: 2.60196 |val mae:  7.70561 |val mae ravg:  7.83597 |
|epoch:   8 | lr: 0.010 |train kld: 2.39544 |train kld ravg: 2.57667 |train mae:  6.22309 |train mae ravg:  6.29823 |val kld: 2.34478 |val kldravg: 2.55785 |val mae:  7.58015 |val mae ravg:  7.88644 |
|epoch:   9 | lr: 0.010 |train kld: 2.26551 |train kld ravg: 2.50987 |train mae:  6.16821 |train mae ravg:  6.27213 |val kld: 2.29611 |val kldravg: 2.48645 |val mae:  7.80974 |val mae ravg:  7.76738 |
|epoch:  10 | lr: 0.010 |train kld: 2.17099 |train kld ravg: 2.42228 |train mae:  6.06136 |train mae ravg:  6.21757 |val kld: 2.25002 |val kldravg: 2.42648 |val mae:  7.58896 |val mae ravg:  7.71972 |
|epoch:  11 | lr: 0.010 |train kld: 2.17703 |train kld ravg: 2.34432 |train mae:  6.06446 |train mae ravg:  6.17021 |val kld: 2.26081 |val kldravg: 2.38741 |val mae:  7.55731 |val mae ravg:  7.64835 |
|epoch:  12 | lr: 0.010 |train kld: 2.14204 |train kld ravg: 2.23020 |train mae:  6.08970 |train mae ravg:  6.12136 |val kld: 2.25857 |val kldravg: 2.28206 |val mae:  7.55417 |val mae ravg:  7.61806 |
|epoch:  13 | lr: 0.010 |train kld: 2.09790 |train kld ravg: 2.17069 |train mae:  5.97473 |train mae ravg:  6.07169 |val kld: 2.26531 |val kldravg: 2.26616 |val mae:  7.64329 |val mae ravg:  7.63069 |
|epoch:  14 | lr: 0.010 |train kld: 2.11233 |train kld ravg: 2.14006 |train mae:  6.03190 |train mae ravg:  6.04443 |val kld: 2.27382 |val kldravg: 2.26171 |val mae:  7.48797 |val mae ravg:  7.56634 |
|epoch:  15 | lr: 0.010 |train kld: 2.10905 |train kld ravg: 2.12767 |train mae:  6.09696 |train mae ravg:  6.05155 |val kld: 2.29583 |val kldravg: 2.27087 |val mae:  7.70748 |val mae ravg:  7.59004 |
|epoch:  16 | lr: 0.001 |train kld: 2.11096 |train kld ravg: 2.11446 |train mae:  6.11298 |train mae ravg:  6.06125 |val kld: 2.26123 |val kldravg: 2.27095 |val mae:  7.61504 |val mae ravg:  7.60159 |
|epoch:  17 | lr: 0.001 |train kld: 2.07860 |train kld ravg: 2.10177 |train mae:  5.94757 |train mae ravg:  6.03283 |val kld: 2.26234 |val kldravg: 2.27171 |val mae:  7.69888 |val mae ravg:  7.63053 |
|epoch:  18 | lr: 0.001 |train kld: 2.07125 |train kld ravg: 2.09644 |train mae:  6.10566 |train mae ravg:  6.05902 |val kld: 2.22314 |val kldravg: 2.26327 |val mae:  7.44102 |val mae ravg:  7.59008 |
|epoch:  19 | lr: 0.001 |train kld: 2.05500 |train kld ravg: 2.08497 |train mae:  6.08921 |train mae ravg:  6.07048 |val kld: 2.22817 |val kldravg: 2.25414 |val mae:  7.46315 |val mae ravg:  7.58511 |
|epoch:  20 | lr: 0.001 |train kld: 2.03566 |train kld ravg: 2.07029 |train mae:  5.89818 |train mae ravg:  6.03072 |val kld: 2.26729 |val kldravg: 2.24843 |val mae:  7.63059 |val mae ravg:  7.56974 |
|epoch:  21 | lr: 0.001 |train kld: 2.09744 |train kld ravg: 2.06759 |train mae:  6.20458 |train mae ravg:  6.04904 |val kld: 2.26092 |val kldravg: 2.24837 |val mae:  7.70345 |val mae ravg:  7.58742 |
|epoch:  22 | lr: 0.001 |train kld: 2.09571 |train kld ravg: 2.07101 |train mae:  6.24466 |train mae ravg:  6.10846 |val kld: 2.26513 |val kldravg: 2.24893 |val mae:  7.71163 |val mae ravg:  7.58997 |
|epoch:  23 | lr: 0.001 |train kld: 2.06345 |train kld ravg: 2.06945 |train mae:  6.06337 |train mae ravg:  6.10000 |val kld: 2.26853 |val kldravg: 2.25801 |val mae:  7.72386 |val mae ravg:  7.64654 |
|epoch:  24 | lr: 0.000 |train kld: 2.07738 |train kld ravg: 2.07393 |train mae:  6.18540 |train mae ravg:  6.11924 |val kld: 2.23740 |val kldravg: 2.25985 |val mae:  7.54565 |val mae ravg:  7.66304 |
----------------------------------------------------------------------------------------------------------------------------------------------------------------
Finished:  2021-03-18 01:24:52.554600

Correlation between train loss and evaluation: 0.670

----------------------------------------------------------------------------------------------------------------------------------------------------------------
Number of GPUs:  2
Epoch decay:  5
Gamma decay:  0.2

Full model is being trained.
Start:  2021-03-18 01:24:52.567450
----------------------------------------------------------------------------------------------------------------------------------------------------------------
|epoch:   0 | lr: 0.001 |train kld: 2.11576 |train kld ravg: 2.11576 |train mae:  6.06927 |train mae ravg:  6.06927 |val kld: 2.38258 |val kldravg: 2.38258 |val mae:  7.59053 |val mae ravg:  7.59053 |
|epoch:   1 | lr: 0.001 |train kld: 2.08379 |train kld ravg: 2.09977 |train mae:  6.14060 |train mae ravg:  6.10493 |val kld: 2.29376 |val kldravg: 2.33817 |val mae:  7.31366 |val mae ravg:  7.45210 |
|epoch:   2 | lr: 0.001 |train kld: 2.05377 |train kld ravg: 2.08444 |train mae:  6.06278 |train mae ravg:  6.09088 |val kld: 2.22536 |val kldravg: 2.30056 |val mae:  7.48249 |val mae ravg:  7.46223 |
|epoch:   3 | lr: 0.001 |train kld: 2.04423 |train kld ravg: 2.07439 |train mae:  5.93203 |train mae ravg:  6.05117 |val kld: 2.24547 |val kldravg: 2.28679 |val mae:  7.88276 |val mae ravg:  7.56736 |
|epoch:   4 | lr: 0.001 |train kld: 2.07055 |train kld ravg: 2.07362 |train mae:  5.96956 |train mae ravg:  6.03485 |val kld: 2.19219 |val kldravg: 2.26787 |val mae:  7.25393 |val mae ravg:  7.50468 |
|epoch:   5 | lr: 0.000 |train kld: 2.02421 |train kld ravg: 2.05531 |train mae:  5.92201 |train mae ravg:  6.00539 |val kld: 2.16794 |val kldravg: 2.22494 |val mae:  7.10069 |val mae ravg:  7.40671 |
|epoch:   6 | lr: 0.000 |train kld: 2.01580 |train kld ravg: 2.04171 |train mae:  5.77789 |train mae ravg:  5.93285 |val kld: 2.15922 |val kldravg: 2.19804 |val mae:  6.86151 |val mae ravg:  7.31628 |
|epoch:   7 | lr: 0.000 |train kld: 2.01722 |train kld ravg: 2.03440 |train mae:  5.83842 |train mae ravg:  5.88798 |val kld: 2.11900 |val kldravg: 2.17676 |val mae:  6.92373 |val mae ravg:  7.20453 |
|epoch:   8 | lr: 0.000 |train kld: 1.99112 |train kld ravg: 2.02378 |train mae:  5.79362 |train mae ravg:  5.86030 |val kld: 2.11456 |val kldravg: 2.15058 |val mae:  6.77636 |val mae ravg:  6.98325 |
|epoch:   9 | lr: 0.000 |train kld: 2.00887 |train kld ravg: 2.01144 |train mae:  5.94962 |train mae ravg:  5.85631 |val kld: 2.14943 |val kldravg: 2.14203 |val mae:  6.69962 |val mae ravg:  6.87238 |
|epoch:  10 | lr: 0.000 |train kld: 2.01751 |train kld ravg: 2.01010 |train mae:  5.64739 |train mae ravg:  5.80139 |val kld: 2.13349 |val kldravg: 2.13514 |val mae:  7.03230 |val mae ravg:  6.85871 |
|epoch:  11 | lr: 0.000 |train kld: 2.04189 |train kld ravg: 2.01532 |train mae:  5.81077 |train mae ravg:  5.80796 |val kld: 2.13334 |val kldravg: 2.12996 |val mae:  6.98057 |val mae ravg:  6.88252 |
|epoch:  12 | lr: 0.000 |train kld: 1.97603 |train kld ravg: 2.00708 |train mae:  5.52292 |train mae ravg:  5.74486 |val kld: 2.13694 |val kldravg: 2.13355 |val mae:  6.76635 |val mae ravg:  6.85104 |
|epoch:  13 | lr: 0.000 |train kld: 2.02184 |train kld ravg: 2.01323 |train mae:  5.77029 |train mae ravg:  5.74020 |val kld: 2.09985 |val kldravg: 2.13061 |val mae:  6.54440 |val mae ravg:  6.80465 |
|epoch:  14 | lr: 0.000 |train kld: 2.03388 |train kld ravg: 2.01823 |train mae:  5.96379 |train mae ravg:  5.74303 |val kld: 2.09820 |val kldravg: 2.12036 |val mae:  6.54619 |val mae ravg:  6.77396 |
|epoch:  15 | lr: 0.000 |train kld: 2.01254 |train kld ravg: 2.01724 |train mae:  5.82051 |train mae ravg:  5.77766 |val kld: 2.12614 |val kldravg: 2.11889 |val mae:  6.76064 |val mae ravg:  6.71963 |
|epoch:  16 | lr: 0.000 |train kld: 1.96657 |train kld ravg: 2.00217 |train mae:  5.66480 |train mae ravg:  5.74846 |val kld: 2.13256 |val kldravg: 2.11874 |val mae:  6.65748 |val mae ravg:  6.65501 |
|epoch:  17 | lr: 0.000 |train kld: 1.99885 |train kld ravg: 2.00673 |train mae:  5.73861 |train mae ravg:  5.79160 |val kld: 2.13182 |val kldravg: 2.11771 |val mae:  6.80893 |val mae ravg:  6.66353 |
|epoch:  18 | lr: 0.000 |train kld: 1.99535 |train kld ravg: 2.00144 |train mae:  5.65436 |train mae ravg:  5.76841 |val kld: 2.11323 |val kldravg: 2.12039 |val mae:  6.65889 |val mae ravg:  6.68643 |
|epoch:  19 | lr: 0.000 |train kld: 2.00215 |train kld ravg: 1.99509 |train mae:  5.85975 |train mae ravg:  5.74761 |val kld: 2.09155 |val kldravg: 2.11906 |val mae:  6.70301 |val mae ravg:  6.71779 |
|epoch:  20 | lr: 0.000 |train kld: 2.01498 |train kld ravg: 1.99558 |train mae:  5.85320 |train mae ravg:  5.75415 |val kld: 2.09035 |val kldravg: 2.11190 |val mae:  6.62251 |val mae ravg:  6.69017 |
|epoch:  21 | lr: 0.000 |train kld: 1.96584 |train kld ravg: 1.99543 |train mae:  5.77095 |train mae ravg:  5.77537 |val kld: 2.05872 |val kldravg: 2.09714 |val mae:  6.57390 |val mae ravg:  6.67345 |
|epoch:  22 | lr: 0.000 |train kld: 1.99639 |train kld ravg: 1.99494 |train mae:  5.83329 |train mae ravg:  5.79431 |val kld: 2.08308 |val kldravg: 2.08739 |val mae:  6.63079 |val mae ravg:  6.63782 |
|epoch:  23 | lr: 0.000 |train kld: 1.97257 |train kld ravg: 1.99039 |train mae:  5.68574 |train mae ravg:  5.80059 |val kld: 2.12390 |val kldravg: 2.08952 |val mae:  6.90866 |val mae ravg:  6.68777 |
|epoch:  24 | lr: 0.000 |train kld: 1.92910 |train kld ravg: 1.97577 |train mae:  5.56468 |train mae ravg:  5.74157 |val kld: 2.12579 |val kldravg: 2.09637 |val mae:  6.69889 |val mae ravg:  6.68695 |
|epoch:  25 | lr: 0.000 |train kld: 2.00866 |train kld ravg: 1.97451 |train mae:  5.88565 |train mae ravg:  5.74806 |val kld: 2.14553 |val kldravg: 2.10741 |val mae:  6.70866 |val mae ravg:  6.70418 |
|epoch:  26 | lr: 0.000 |train kld: 1.99213 |train kld ravg: 1.97977 |train mae:  5.83871 |train mae ravg:  5.76161 |val kld: 2.13000 |val kldravg: 2.12166 |val mae:  6.84451 |val mae ravg:  6.75830 |
|epoch:  27 | lr: 0.000 |train kld: 1.94832 |train kld ravg: 1.97015 |train mae:  5.68685 |train mae ravg:  5.73232 |val kld: 2.12070 |val kldravg: 2.12918 |val mae:  6.89545 |val mae ravg:  6.81123 |
|epoch:  28 | lr: 0.000 |train kld: 2.00152 |train kld ravg: 1.97594 |train mae:  5.74785 |train mae ravg:  5.74475 |val kld: 2.09318 |val kldravg: 2.12304 |val mae:  6.63816 |val mae ravg:  6.75713 |
|epoch:  29 | lr: 0.000 |train kld: 1.97804 |train kld ravg: 1.98573 |train mae:  5.72387 |train mae ravg:  5.77659 |val kld: 2.06862 |val kldravg: 2.11161 |val mae:  6.48220 |val mae ravg:  6.71379 |
----------------------------------------------------------------------------------------------------------------------------------------------------------------
Finished:  2021-03-18 03:42:17.044711

Correlation between train loss and evaluation: 0.820

----------------------------------------------------------------------------------------------------------------------------------------------------------------
Save configfile.
Loading share 1.00  test data.
Number of GPUs:  2

Model loaded from None is being tested.
Start:  2021-03-18 03:42:17.178759
----------------------------------------------------------------------------------------------------------------------------------------------------------------
test kld mean: 2.02187 | test kld std: 0.00084 |test mae mean:  5.84949 |test mae std:  0.00522 |
----------------------------------------------------------------------------------------------------------------------------------------------------------------
Finished:  2021-03-18 03:44:08.783766

Correlation between train loss and evaluation: 0.409

----------------------------------------------------------------------------------------------------------------------------------------------------------------
------------------------------------------------
Finished at: Thu Mar 18 03:44:09 GMT 2021
------------------------------------------------
