------------------------------------------------
Job ID: 39998331
Run on host: compg011.hpc.in.bmrc.ox.ac.uk
Operating system: Linux
Username: lhw539
Started at: Thu Mar 18 01:03:10 GMT 2021
------------------------------------------------
Loading share 1.00 train data.
Loading share 1.00   val data.
Load model for age - run: 4
Reinitialize with same scaling.
Initialize classifier layer.
Reinitialize feature layers:  [5, 4, 3, 2, 1, 0]
Number of GPUs:  2
Epoch decay:  8
Gamma decay:  0.1

Final layer of model is being trained.
Start:  2021-03-18 01:03:18.008748
----------------------------------------------------------------------------------------------------------------------------------------------------------------
|epoch:   0 | lr: 0.100 |train kld: 2.35725 |train kld ravg: 2.35725 |train mae:  6.40049 |train mae ravg:  6.40049 |val kld: 2.47402 |val kldravg: 2.47402 |val mae:  7.39387 |val mae ravg:  7.39387 |
|epoch:   1 | lr: 0.100 |train kld: 2.45400 |train kld ravg: 2.40562 |train mae:  6.29872 |train mae ravg:  6.34961 |val kld: 2.79533 |val kldravg: 2.63468 |val mae:  7.60001 |val mae ravg:  7.49694 |
|epoch:   2 | lr: 0.100 |train kld: 2.54460 |train kld ravg: 2.45195 |train mae:  6.31314 |train mae ravg:  6.33745 |val kld: 2.55954 |val kldravg: 2.60963 |val mae:  7.57615 |val mae ravg:  7.52335 |
|epoch:   3 | lr: 0.100 |train kld: 2.55250 |train kld ravg: 2.47709 |train mae:  6.27736 |train mae ravg:  6.32243 |val kld: 2.60407 |val kldravg: 2.60824 |val mae:  7.26125 |val mae ravg:  7.45782 |
|epoch:   4 | lr: 0.100 |train kld: 2.67407 |train kld ravg: 2.51648 |train mae:  6.35358 |train mae ravg:  6.32866 |val kld: 2.39672 |val kldravg: 2.56594 |val mae:  7.20440 |val mae ravg:  7.40714 |
|epoch:   5 | lr: 0.100 |train kld: 2.55785 |train kld ravg: 2.55660 |train mae:  6.48485 |train mae ravg:  6.34553 |val kld: 2.68139 |val kldravg: 2.60741 |val mae:  7.39400 |val mae ravg:  7.40716 |
|epoch:   6 | lr: 0.100 |train kld: 2.50561 |train kld ravg: 2.56692 |train mae:  6.32397 |train mae ravg:  6.35058 |val kld: 2.58265 |val kldravg: 2.56487 |val mae:  7.25414 |val mae ravg:  7.33799 |
|epoch:   7 | lr: 0.100 |train kld: 2.44921 |train kld ravg: 2.54785 |train mae:  6.17732 |train mae ravg:  6.32342 |val kld: 2.48804 |val kldravg: 2.55057 |val mae:  7.71684 |val mae ravg:  7.36613 |
|epoch:   8 | lr: 0.010 |train kld: 2.29896 |train kld ravg: 2.49714 |train mae:  6.34209 |train mae ravg:  6.33636 |val kld: 2.21041 |val kldravg: 2.47184 |val mae:  7.29353 |val mae ravg:  7.37258 |
|epoch:   9 | lr: 0.010 |train kld: 2.25545 |train kld ravg: 2.41342 |train mae:  6.13119 |train mae ravg:  6.29188 |val kld: 2.21438 |val kldravg: 2.43537 |val mae:  7.43719 |val mae ravg:  7.41914 |
|epoch:  10 | lr: 0.010 |train kld: 2.19378 |train kld ravg: 2.34060 |train mae:  6.21156 |train mae ravg:  6.23723 |val kld: 2.20986 |val kldravg: 2.34107 |val mae:  7.25571 |val mae ravg:  7.39148 |
|epoch:  11 | lr: 0.010 |train kld: 2.17067 |train kld ravg: 2.27361 |train mae:  6.13415 |train mae ravg:  6.19926 |val kld: 2.23421 |val kldravg: 2.27138 |val mae:  7.22200 |val mae ravg:  7.38505 |
|epoch:  12 | lr: 0.010 |train kld: 2.14945 |train kld ravg: 2.21366 |train mae:  6.14110 |train mae ravg:  6.19202 |val kld: 2.24018 |val kldravg: 2.22181 |val mae:  7.35010 |val mae ravg:  7.31171 |
|epoch:  13 | lr: 0.010 |train kld: 2.17527 |train kld ravg: 2.18892 |train mae:  6.28450 |train mae ravg:  6.18050 |val kld: 2.27111 |val kldravg: 2.23395 |val mae:  7.41893 |val mae ravg:  7.33679 |
|epoch:  14 | lr: 0.010 |train kld: 2.18135 |train kld ravg: 2.17410 |train mae:  6.16788 |train mae ravg:  6.18784 |val kld: 2.24033 |val kldravg: 2.23914 |val mae:  7.31522 |val mae ravg:  7.31239 |
|epoch:  15 | lr: 0.010 |train kld: 2.05701 |train kld ravg: 2.14675 |train mae:  6.03543 |train mae ravg:  6.15261 |val kld: 2.25812 |val kldravg: 2.24879 |val mae:  7.31114 |val mae ravg:  7.32348 |
|epoch:  16 | lr: 0.001 |train kld: 2.08989 |train kld ravg: 2.13060 |train mae:  6.12716 |train mae ravg:  6.15121 |val kld: 2.23937 |val kldravg: 2.24982 |val mae:  7.34114 |val mae ravg:  7.34731 |
|epoch:  17 | lr: 0.001 |train kld: 2.06280 |train kld ravg: 2.11327 |train mae:  6.07470 |train mae ravg:  6.13794 |val kld: 2.24975 |val kldravg: 2.25174 |val mae:  7.37467 |val mae ravg:  7.35222 |
|epoch:  18 | lr: 0.001 |train kld: 2.05069 |train kld ravg: 2.08835 |train mae:  6.04377 |train mae ravg:  6.08979 |val kld: 2.22040 |val kldravg: 2.24159 |val mae:  7.16953 |val mae ravg:  7.30234 |
|epoch:  19 | lr: 0.001 |train kld: 2.07034 |train kld ravg: 2.06615 |train mae:  6.11295 |train mae ravg:  6.07880 |val kld: 2.18286 |val kldravg: 2.23010 |val mae:  7.03044 |val mae ravg:  7.24539 |
|epoch:  20 | lr: 0.001 |train kld: 2.07006 |train kld ravg: 2.06876 |train mae:  6.10656 |train mae ravg:  6.09303 |val kld: 2.23931 |val kldravg: 2.22634 |val mae:  7.39073 |val mae ravg:  7.26130 |
|epoch:  21 | lr: 0.001 |train kld: 2.09387 |train kld ravg: 2.06955 |train mae:  6.17729 |train mae ravg:  6.10305 |val kld: 2.24115 |val kldravg: 2.22669 |val mae:  7.31857 |val mae ravg:  7.25679 |
|epoch:  22 | lr: 0.001 |train kld: 2.05386 |train kld ravg: 2.06776 |train mae:  5.98981 |train mae ravg:  6.08607 |val kld: 2.22462 |val kldravg: 2.22167 |val mae:  7.21509 |val mae ravg:  7.22487 |
|epoch:  23 | lr: 0.001 |train kld: 2.03561 |train kld ravg: 2.06475 |train mae:  6.01641 |train mae ravg:  6.08060 |val kld: 2.24371 |val kldravg: 2.22633 |val mae:  7.37859 |val mae ravg:  7.26668 |
|epoch:  24 | lr: 0.000 |train kld: 2.09772 |train kld ravg: 2.07022 |train mae:  6.23345 |train mae ravg:  6.10470 |val kld: 2.24307 |val kldravg: 2.23837 |val mae:  7.43192 |val mae ravg:  7.34698 |
----------------------------------------------------------------------------------------------------------------------------------------------------------------
Finished:  2021-03-18 01:17:43.055072

Correlation between train loss and evaluation: 0.802

----------------------------------------------------------------------------------------------------------------------------------------------------------------
Number of GPUs:  2
Epoch decay:  5
Gamma decay:  0.2

Full model is being trained.
Start:  2021-03-18 01:17:43.058351
----------------------------------------------------------------------------------------------------------------------------------------------------------------
|epoch:   0 | lr: 0.001 |train kld: 2.07952 |train kld ravg: 2.07952 |train mae:  6.19194 |train mae ravg:  6.19194 |val kld: 2.31538 |val kldravg: 2.31538 |val mae:  7.93687 |val mae ravg:  7.93687 |
|epoch:   1 | lr: 0.001 |train kld: 2.01279 |train kld ravg: 2.04616 |train mae:  5.97131 |train mae ravg:  6.08162 |val kld: 2.30721 |val kldravg: 2.31130 |val mae:  7.35821 |val mae ravg:  7.64754 |
|epoch:   2 | lr: 0.001 |train kld: 2.07493 |train kld ravg: 2.05575 |train mae:  6.12538 |train mae ravg:  6.09621 |val kld: 2.22630 |val kldravg: 2.28296 |val mae:  7.55215 |val mae ravg:  7.61574 |
|epoch:   3 | lr: 0.001 |train kld: 2.04735 |train kld ravg: 2.05365 |train mae:  6.03113 |train mae ravg:  6.07994 |val kld: 2.13117 |val kldravg: 2.24502 |val mae:  7.06992 |val mae ravg:  7.47929 |
|epoch:   4 | lr: 0.001 |train kld: 2.00963 |train kld ravg: 2.04484 |train mae:  5.83342 |train mae ravg:  6.03063 |val kld: 2.14974 |val kldravg: 2.22596 |val mae:  6.78541 |val mae ravg:  7.34051 |
|epoch:   5 | lr: 0.000 |train kld: 1.99418 |train kld ravg: 2.02778 |train mae:  5.85080 |train mae ravg:  5.96241 |val kld: 2.08552 |val kldravg: 2.17999 |val mae:  6.53806 |val mae ravg:  7.06075 |
|epoch:   6 | lr: 0.000 |train kld: 1.96393 |train kld ravg: 2.01800 |train mae:  5.72767 |train mae ravg:  5.91368 |val kld: 2.15690 |val kldravg: 2.14993 |val mae:  6.45802 |val mae ravg:  6.88071 |
|epoch:   7 | lr: 0.000 |train kld: 1.98032 |train kld ravg: 1.99908 |train mae:  5.78931 |train mae ravg:  5.84647 |val kld: 2.15455 |val kldravg: 2.13558 |val mae:  7.11992 |val mae ravg:  6.79427 |
|epoch:   8 | lr: 0.000 |train kld: 2.02583 |train kld ravg: 1.99478 |train mae:  5.92431 |train mae ravg:  5.82510 |val kld: 2.11928 |val kldravg: 2.13320 |val mae:  6.67203 |val mae ravg:  6.71469 |
|epoch:   9 | lr: 0.000 |train kld: 1.96723 |train kld ravg: 1.98630 |train mae:  5.63170 |train mae ravg:  5.78476 |val kld: 2.15728 |val kldravg: 2.13471 |val mae:  6.57817 |val mae ravg:  6.67324 |
|epoch:  10 | lr: 0.000 |train kld: 1.95420 |train kld ravg: 1.97830 |train mae:  5.57912 |train mae ravg:  5.73042 |val kld: 2.12753 |val kldravg: 2.14311 |val mae:  6.60569 |val mae ravg:  6.68677 |
|epoch:  11 | lr: 0.000 |train kld: 1.99411 |train kld ravg: 1.98434 |train mae:  5.70622 |train mae ravg:  5.72613 |val kld: 2.12659 |val kldravg: 2.13705 |val mae:  6.47524 |val mae ravg:  6.69021 |
|epoch:  12 | lr: 0.000 |train kld: 1.92993 |train kld ravg: 1.97426 |train mae:  5.60366 |train mae ravg:  5.68900 |val kld: 2.09627 |val kldravg: 2.12539 |val mae:  6.44157 |val mae ravg:  6.55454 |
|epoch:  13 | lr: 0.000 |train kld: 1.97752 |train kld ravg: 1.96460 |train mae:  5.72947 |train mae ravg:  5.65003 |val kld: 2.12364 |val kldravg: 2.12626 |val mae:  6.66081 |val mae ravg:  6.55230 |
|epoch:  14 | lr: 0.000 |train kld: 1.97620 |train kld ravg: 1.96639 |train mae:  5.71603 |train mae ravg:  5.66690 |val kld: 2.11515 |val kldravg: 2.11784 |val mae:  6.75579 |val mae ravg:  6.58782 |
|epoch:  15 | lr: 0.000 |train kld: 1.97251 |train kld ravg: 1.97005 |train mae:  5.68071 |train mae ravg:  5.68722 |val kld: 2.07256 |val kldravg: 2.10684 |val mae:  6.21108 |val mae ravg:  6.50890 |
|epoch:  16 | lr: 0.000 |train kld: 1.97031 |train kld ravg: 1.96529 |train mae:  5.67650 |train mae ravg:  5.68127 |val kld: 2.05918 |val kldravg: 2.09336 |val mae:  6.25154 |val mae ravg:  6.46416 |
|epoch:  17 | lr: 0.000 |train kld: 1.95149 |train kld ravg: 1.96961 |train mae:  5.59320 |train mae ravg:  5.67918 |val kld: 2.11415 |val kldravg: 2.09693 |val mae:  6.74391 |val mae ravg:  6.52463 |
|epoch:  18 | lr: 0.000 |train kld: 2.00444 |train kld ravg: 1.97499 |train mae:  5.63171 |train mae ravg:  5.65963 |val kld: 2.11483 |val kldravg: 2.09517 |val mae:  6.54708 |val mae ravg:  6.50188 |
|epoch:  19 | lr: 0.000 |train kld: 2.00763 |train kld ravg: 1.98128 |train mae:  5.82620 |train mae ravg:  5.68166 |val kld: 2.04865 |val kldravg: 2.08187 |val mae:  6.34476 |val mae ravg:  6.41967 |
|epoch:  20 | lr: 0.000 |train kld: 1.98114 |train kld ravg: 1.98300 |train mae:  5.65171 |train mae ravg:  5.67586 |val kld: 2.09969 |val kldravg: 2.08730 |val mae:  6.34424 |val mae ravg:  6.44630 |
|epoch:  21 | lr: 0.000 |train kld: 1.96728 |train kld ravg: 1.98240 |train mae:  5.76849 |train mae ravg:  5.69426 |val kld: 2.12413 |val kldravg: 2.10029 |val mae:  6.75514 |val mae ravg:  6.54702 |
|epoch:  22 | lr: 0.000 |train kld: 1.94338 |train kld ravg: 1.98077 |train mae:  5.59191 |train mae ravg:  5.69401 |val kld: 2.11072 |val kldravg: 2.09960 |val mae:  6.30178 |val mae ravg:  6.45860 |
|epoch:  23 | lr: 0.000 |train kld: 1.96306 |train kld ravg: 1.97250 |train mae:  5.61846 |train mae ravg:  5.69136 |val kld: 2.12122 |val kldravg: 2.10088 |val mae:  6.62914 |val mae ravg:  6.47501 |
|epoch:  24 | lr: 0.000 |train kld: 1.96378 |train kld ravg: 1.96373 |train mae:  5.64410 |train mae ravg:  5.65494 |val kld: 2.11402 |val kldravg: 2.11396 |val mae:  6.53056 |val mae ravg:  6.51217 |
|epoch:  25 | lr: 0.000 |train kld: 1.98399 |train kld ravg: 1.96430 |train mae:  5.75025 |train mae ravg:  5.67464 |val kld: 2.13446 |val kldravg: 2.12091 |val mae:  6.57439 |val mae ravg:  6.55820 |
|epoch:  26 | lr: 0.000 |train kld: 1.96310 |train kld ravg: 1.96346 |train mae:  5.63771 |train mae ravg:  5.64849 |val kld: 2.11876 |val kldravg: 2.11984 |val mae:  6.66121 |val mae ravg:  6.53942 |
|epoch:  27 | lr: 0.000 |train kld: 1.95885 |train kld ravg: 1.96656 |train mae:  5.57676 |train mae ravg:  5.64546 |val kld: 2.07660 |val kldravg: 2.11301 |val mae:  6.33575 |val mae ravg:  6.54621 |
|epoch:  28 | lr: 0.000 |train kld: 1.99725 |train kld ravg: 1.97340 |train mae:  5.75796 |train mae ravg:  5.67335 |val kld: 2.03894 |val kldravg: 2.09656 |val mae:  6.42688 |val mae ravg:  6.50576 |
|epoch:  29 | lr: 0.000 |train kld: 1.94547 |train kld ravg: 1.96973 |train mae:  5.62831 |train mae ravg:  5.67020 |val kld: 2.12280 |val kldravg: 2.09831 |val mae:  6.69706 |val mae ravg:  6.53906 |
----------------------------------------------------------------------------------------------------------------------------------------------------------------
Finished:  2021-03-18 03:26:13.793331

Correlation between train loss and evaluation: 0.925

----------------------------------------------------------------------------------------------------------------------------------------------------------------
Save configfile.
Loading share 1.00  test data.
Number of GPUs:  2

Model loaded from None is being tested.
Start:  2021-03-18 03:26:13.885740
----------------------------------------------------------------------------------------------------------------------------------------------------------------
test kld mean: 1.99648 | test kld std: 0.00094 |test mae mean:  5.74078 |test mae std:  0.01021 |
----------------------------------------------------------------------------------------------------------------------------------------------------------------
Finished:  2021-03-18 03:28:23.556299

Correlation between train loss and evaluation: 0.511

----------------------------------------------------------------------------------------------------------------------------------------------------------------
------------------------------------------------
Finished at: Thu Mar 18 03:28:24 GMT 2021
------------------------------------------------
