------------------------------------------------
Job ID: 39998329
Run on host: compg011.hpc.in.bmrc.ox.ac.uk
Operating system: Linux
Username: lhw539
Started at: Wed Mar 17 22:37:12 GMT 2021
------------------------------------------------
Loading share 1.00 train data.
Loading share 1.00   val data.
Load model for age - run: 4
Reinitialize with same scaling.
Initialize classifier layer.
Reinitialize feature layers:  [5, 4, 3, 2, 1, 0]
Number of GPUs:  2
Epoch decay:  8
Gamma decay:  0.1

Final layer of model is being trained.
Start:  2021-03-17 22:37:19.849067
----------------------------------------------------------------------------------------------------------------------------------------------------------------
|epoch:   0 | lr: 0.100 |train kld: 2.49115 |train kld ravg: 2.49115 |train mae:  6.25936 |train mae ravg:  6.25936 |val kld: 3.17185 |val kldravg: 3.17185 |val mae:  7.34781 |val mae ravg:  7.34781 |
|epoch:   1 | lr: 0.100 |train kld: 2.56025 |train kld ravg: 2.52570 |train mae:  6.42395 |train mae ravg:  6.34165 |val kld: 2.51999 |val kldravg: 2.84592 |val mae:  7.67163 |val mae ravg:  7.50972 |
|epoch:   2 | lr: 0.100 |train kld: 2.60415 |train kld ravg: 2.55185 |train mae:  6.52725 |train mae ravg:  6.40352 |val kld: 2.58721 |val kldravg: 2.75969 |val mae:  7.16749 |val mae ravg:  7.39564 |
|epoch:   3 | lr: 0.100 |train kld: 2.56781 |train kld ravg: 2.55584 |train mae:  6.40509 |train mae ravg:  6.40391 |val kld: 2.56446 |val kldravg: 2.71088 |val mae:  7.59685 |val mae ravg:  7.44594 |
|epoch:   4 | lr: 0.100 |train kld: 2.64039 |train kld ravg: 2.57275 |train mae:  6.32838 |train mae ravg:  6.38881 |val kld: 2.70424 |val kldravg: 2.70955 |val mae:  7.51285 |val mae ravg:  7.45932 |
|epoch:   5 | lr: 0.100 |train kld: 2.66634 |train kld ravg: 2.60779 |train mae:  6.38975 |train mae ravg:  6.41489 |val kld: 2.47284 |val kldravg: 2.56975 |val mae:  7.72472 |val mae ravg:  7.53471 |
|epoch:   6 | lr: 0.100 |train kld: 2.64238 |train kld ravg: 2.62421 |train mae:  6.17731 |train mae ravg:  6.36556 |val kld: 2.48103 |val kldravg: 2.56196 |val mae:  7.83822 |val mae ravg:  7.56803 |
|epoch:   7 | lr: 0.100 |train kld: 2.65403 |train kld ravg: 2.63419 |train mae:  6.43527 |train mae ravg:  6.34716 |val kld: 3.16187 |val kldravg: 2.67689 |val mae:  7.34016 |val mae ravg:  7.60256 |
|epoch:   8 | lr: 0.010 |train kld: 2.43100 |train kld ravg: 2.60683 |train mae:  6.13319 |train mae ravg:  6.29278 |val kld: 2.30484 |val kldravg: 2.62496 |val mae:  7.32401 |val mae ravg:  7.54799 |
|epoch:   9 | lr: 0.010 |train kld: 2.25799 |train kld ravg: 2.53035 |train mae:  6.20322 |train mae ravg:  6.26775 |val kld: 2.25517 |val kldravg: 2.53515 |val mae:  7.24003 |val mae ravg:  7.49343 |
|epoch:  10 | lr: 0.010 |train kld: 2.20709 |train kld ravg: 2.43850 |train mae:  6.28292 |train mae ravg:  6.24638 |val kld: 2.24563 |val kldravg: 2.48971 |val mae:  7.28440 |val mae ravg:  7.40536 |
|epoch:  11 | lr: 0.010 |train kld: 2.22064 |train kld ravg: 2.35415 |train mae:  6.19595 |train mae ravg:  6.25011 |val kld: 2.24468 |val kldravg: 2.44244 |val mae:  7.45229 |val mae ravg:  7.32818 |
|epoch:  12 | lr: 0.010 |train kld: 2.20549 |train kld ravg: 2.26444 |train mae:  6.20213 |train mae ravg:  6.20348 |val kld: 2.27813 |val kldravg: 2.26569 |val mae:  7.38643 |val mae ravg:  7.33743 |
|epoch:  13 | lr: 0.010 |train kld: 2.16268 |train kld ravg: 2.21078 |train mae:  6.31891 |train mae ravg:  6.24063 |val kld: 2.22252 |val kldravg: 2.24923 |val mae:  7.23256 |val mae ravg:  7.31914 |
|epoch:  14 | lr: 0.010 |train kld: 2.14584 |train kld ravg: 2.18835 |train mae:  6.27812 |train mae ravg:  6.25561 |val kld: 2.21486 |val kldravg: 2.24117 |val mae:  7.19520 |val mae ravg:  7.31018 |
|epoch:  15 | lr: 0.010 |train kld: 2.20441 |train kld ravg: 2.18781 |train mae:  6.34952 |train mae ravg:  6.26893 |val kld: 2.24230 |val kldravg: 2.24050 |val mae:  7.36602 |val mae ravg:  7.32650 |
|epoch:  16 | lr: 0.001 |train kld: 2.10133 |train kld ravg: 2.16395 |train mae:  6.13431 |train mae ravg:  6.25660 |val kld: 2.25461 |val kldravg: 2.24249 |val mae:  7.41275 |val mae ravg:  7.31859 |
|epoch:  17 | lr: 0.001 |train kld: 2.10478 |train kld ravg: 2.14381 |train mae:  6.24078 |train mae ravg:  6.26433 |val kld: 2.23202 |val kldravg: 2.23327 |val mae:  7.18307 |val mae ravg:  7.27792 |
|epoch:  18 | lr: 0.001 |train kld: 2.07921 |train kld ravg: 2.12711 |train mae:  6.23479 |train mae ravg:  6.24750 |val kld: 2.22760 |val kldravg: 2.23428 |val mae:  7.31999 |val mae ravg:  7.29541 |
|epoch:  19 | lr: 0.001 |train kld: 2.07595 |train kld ravg: 2.11313 |train mae:  6.19426 |train mae ravg:  6.23073 |val kld: 2.24849 |val kldravg: 2.24101 |val mae:  7.34463 |val mae ravg:  7.32529 |
|epoch:  20 | lr: 0.001 |train kld: 2.08458 |train kld ravg: 2.08917 |train mae:  6.28868 |train mae ravg:  6.21856 |val kld: 2.23319 |val kldravg: 2.23918 |val mae:  7.32530 |val mae ravg:  7.31715 |
|epoch:  21 | lr: 0.001 |train kld: 2.09343 |train kld ravg: 2.08759 |train mae:  6.29340 |train mae ravg:  6.25038 |val kld: 2.22211 |val kldravg: 2.23268 |val mae:  7.13130 |val mae ravg:  7.26086 |
|epoch:  22 | lr: 0.001 |train kld: 2.09556 |train kld ravg: 2.08575 |train mae:  6.19866 |train mae ravg:  6.24196 |val kld: 2.23307 |val kldravg: 2.23289 |val mae:  7.35788 |val mae ravg:  7.29582 |
|epoch:  23 | lr: 0.001 |train kld: 2.10449 |train kld ravg: 2.09080 |train mae:  6.24455 |train mae ravg:  6.24391 |val kld: 2.24487 |val kldravg: 2.23635 |val mae:  7.37496 |val mae ravg:  7.30681 |
|epoch:  24 | lr: 0.000 |train kld: 2.08040 |train kld ravg: 2.09169 |train mae:  6.18381 |train mae ravg:  6.24182 |val kld: 2.25712 |val kldravg: 2.23807 |val mae:  7.39022 |val mae ravg:  7.31593 |
----------------------------------------------------------------------------------------------------------------------------------------------------------------
Finished:  2021-03-17 22:51:25.921106

Correlation between train loss and evaluation: 0.563

----------------------------------------------------------------------------------------------------------------------------------------------------------------
Number of GPUs:  2
Epoch decay:  5
Gamma decay:  0.2

Full model is being trained.
Start:  2021-03-17 22:51:25.924387
----------------------------------------------------------------------------------------------------------------------------------------------------------------
|epoch:   0 | lr: 0.001 |train kld: 2.06906 |train kld ravg: 2.06906 |train mae:  6.05781 |train mae ravg:  6.05781 |val kld: 2.26600 |val kldravg: 2.26600 |val mae:  7.22646 |val mae ravg:  7.22646 |
|epoch:   1 | lr: 0.001 |train kld: 2.05539 |train kld ravg: 2.06222 |train mae:  6.14170 |train mae ravg:  6.09976 |val kld: 2.51665 |val kldravg: 2.39133 |val mae:  7.57926 |val mae ravg:  7.40286 |
|epoch:   2 | lr: 0.001 |train kld: 2.07787 |train kld ravg: 2.06744 |train mae:  6.09204 |train mae ravg:  6.09718 |val kld: 2.25229 |val kldravg: 2.34498 |val mae:  8.01120 |val mae ravg:  7.60564 |
|epoch:   3 | lr: 0.001 |train kld: 2.04721 |train kld ravg: 2.06238 |train mae:  6.06616 |train mae ravg:  6.08943 |val kld: 2.24693 |val kldravg: 2.32047 |val mae:  8.08798 |val mae ravg:  7.72623 |
|epoch:   4 | lr: 0.001 |train kld: 2.06617 |train kld ravg: 2.06314 |train mae:  5.94354 |train mae ravg:  6.06025 |val kld: 2.72221 |val kldravg: 2.40081 |val mae:  7.81145 |val mae ravg:  7.74327 |
|epoch:   5 | lr: 0.000 |train kld: 2.04466 |train kld ravg: 2.05826 |train mae:  6.00108 |train mae ravg:  6.04890 |val kld: 2.25137 |val kldravg: 2.39789 |val mae:  7.31817 |val mae ravg:  7.76161 |
|epoch:   6 | lr: 0.000 |train kld: 2.04877 |train kld ravg: 2.05694 |train mae:  5.97587 |train mae ravg:  6.01574 |val kld: 2.22382 |val kldravg: 2.33932 |val mae:  7.60208 |val mae ravg:  7.76618 |
|epoch:   7 | lr: 0.000 |train kld: 2.04079 |train kld ravg: 2.04952 |train mae:  5.93547 |train mae ravg:  5.98443 |val kld: 2.23092 |val kldravg: 2.33505 |val mae:  7.32186 |val mae ravg:  7.62831 |
|epoch:   8 | lr: 0.000 |train kld: 2.03360 |train kld ravg: 2.04680 |train mae:  6.14917 |train mae ravg:  6.00103 |val kld: 2.22970 |val kldravg: 2.33160 |val mae:  7.32526 |val mae ravg:  7.47576 |
|epoch:   9 | lr: 0.000 |train kld: 2.02602 |train kld ravg: 2.03877 |train mae:  6.00577 |train mae ravg:  6.01347 |val kld: 2.22500 |val kldravg: 2.23216 |val mae:  7.86598 |val mae ravg:  7.48667 |
|epoch:  10 | lr: 0.000 |train kld: 2.00003 |train kld ravg: 2.02984 |train mae:  5.93695 |train mae ravg:  6.00065 |val kld: 2.17819 |val kldravg: 2.21752 |val mae:  7.18633 |val mae ravg:  7.46030 |
|epoch:  11 | lr: 0.000 |train kld: 2.00408 |train kld ravg: 2.02090 |train mae:  5.88000 |train mae ravg:  5.98147 |val kld: 2.21944 |val kldravg: 2.21665 |val mae:  7.38497 |val mae ravg:  7.41688 |
|epoch:  12 | lr: 0.000 |train kld: 1.98471 |train kld ravg: 2.00969 |train mae:  5.78985 |train mae ravg:  5.95235 |val kld: 2.21430 |val kldravg: 2.21333 |val mae:  7.26670 |val mae ravg:  7.40585 |
|epoch:  13 | lr: 0.000 |train kld: 2.05183 |train kld ravg: 2.01333 |train mae:  6.06911 |train mae ravg:  5.93634 |val kld: 2.19770 |val kldravg: 2.20693 |val mae:  7.08077 |val mae ravg:  7.35695 |
|epoch:  14 | lr: 0.000 |train kld: 1.99595 |train kld ravg: 2.00732 |train mae:  6.00084 |train mae ravg:  5.93535 |val kld: 2.20061 |val kldravg: 2.20205 |val mae:  6.99613 |val mae ravg:  7.18298 |
|epoch:  15 | lr: 0.000 |train kld: 1.99686 |train kld ravg: 2.00668 |train mae:  5.81312 |train mae ravg:  5.91058 |val kld: 2.20658 |val kldravg: 2.20773 |val mae:  7.20960 |val mae ravg:  7.18763 |
|epoch:  16 | lr: 0.000 |train kld: 2.01587 |train kld ravg: 2.00904 |train mae:  5.96503 |train mae ravg:  5.92759 |val kld: 2.18798 |val kldravg: 2.20143 |val mae:  6.94760 |val mae ravg:  7.10016 |
|epoch:  17 | lr: 0.000 |train kld: 2.04250 |train kld ravg: 2.02060 |train mae:  6.02106 |train mae ravg:  5.97383 |val kld: 2.19846 |val kldravg: 2.19827 |val mae:  7.31509 |val mae ravg:  7.10984 |
|epoch:  18 | lr: 0.000 |train kld: 2.05025 |train kld ravg: 2.02029 |train mae:  5.98087 |train mae ravg:  5.95618 |val kld: 2.20535 |val kldravg: 2.19980 |val mae:  7.19480 |val mae ravg:  7.13264 |
|epoch:  19 | lr: 0.000 |train kld: 2.01455 |train kld ravg: 2.02401 |train mae:  5.94741 |train mae ravg:  5.94550 |val kld: 2.20359 |val kldravg: 2.20039 |val mae:  7.24973 |val mae ravg:  7.18336 |
|epoch:  20 | lr: 0.000 |train kld: 2.03791 |train kld ravg: 2.03222 |train mae:  5.94818 |train mae ravg:  5.97251 |val kld: 2.19902 |val kldravg: 2.19888 |val mae:  7.23775 |val mae ravg:  7.18899 |
|epoch:  21 | lr: 0.000 |train kld: 2.01115 |train kld ravg: 2.03127 |train mae:  5.97999 |train mae ravg:  5.97550 |val kld: 2.21637 |val kldravg: 2.20456 |val mae:  7.25898 |val mae ravg:  7.25127 |
|epoch:  22 | lr: 0.000 |train kld: 2.03964 |train kld ravg: 2.03070 |train mae:  5.94798 |train mae ravg:  5.96089 |val kld: 2.21960 |val kldravg: 2.20879 |val mae:  7.22629 |val mae ravg:  7.23351 |
|epoch:  23 | lr: 0.000 |train kld: 2.00451 |train kld ravg: 2.02155 |train mae:  5.76872 |train mae ravg:  5.91846 |val kld: 2.20853 |val kldravg: 2.20942 |val mae:  7.12301 |val mae ravg:  7.21915 |
|epoch:  24 | lr: 0.000 |train kld: 2.04578 |train kld ravg: 2.02780 |train mae:  5.93766 |train mae ravg:  5.91651 |val kld: 2.17193 |val kldravg: 2.20309 |val mae:  7.01653 |val mae ravg:  7.17251 |
|epoch:  25 | lr: 0.000 |train kld: 2.01195 |train kld ravg: 2.02261 |train mae:  5.89067 |train mae ravg:  5.90501 |val kld: 2.21107 |val kldravg: 2.20550 |val mae:  7.07083 |val mae ravg:  7.13913 |
|epoch:  26 | lr: 0.000 |train kld: 2.01486 |train kld ravg: 2.02335 |train mae:  5.79187 |train mae ravg:  5.86738 |val kld: 2.18972 |val kldravg: 2.20017 |val mae:  6.92181 |val mae ravg:  7.07169 |
|epoch:  27 | lr: 0.000 |train kld: 2.03379 |train kld ravg: 2.02218 |train mae:  5.80255 |train mae ravg:  5.83829 |val kld: 2.18338 |val kldravg: 2.19292 |val mae:  7.16530 |val mae ravg:  7.05950 |
|epoch:  28 | lr: 0.000 |train kld: 2.01727 |train kld ravg: 2.02473 |train mae:  5.97170 |train mae ravg:  5.87889 |val kld: 2.21785 |val kldravg: 2.19479 |val mae:  7.25547 |val mae ravg:  7.08599 |
|epoch:  29 | lr: 0.000 |train kld: 2.01036 |train kld ravg: 2.01765 |train mae:  6.05203 |train mae ravg:  5.90176 |val kld: 2.18160 |val kldravg: 2.19672 |val mae:  7.16616 |val mae ravg:  7.11591 |
----------------------------------------------------------------------------------------------------------------------------------------------------------------
Finished:  2021-03-18 00:59:56.757076

Correlation between train loss and evaluation: 0.573

----------------------------------------------------------------------------------------------------------------------------------------------------------------
Save configfile.
Loading share 1.00  test data.
Number of GPUs:  2

Model loaded from None is being tested.
Start:  2021-03-18 00:59:56.852547
----------------------------------------------------------------------------------------------------------------------------------------------------------------
test kld mean: 2.08481 | test kld std: 0.00338 |test mae mean:  6.24313 |test mae std:  0.02168 |
----------------------------------------------------------------------------------------------------------------------------------------------------------------
Finished:  2021-03-18 01:02:07.260812

Correlation between train loss and evaluation: 0.981

----------------------------------------------------------------------------------------------------------------------------------------------------------------
------------------------------------------------
Finished at: Thu Mar 18 01:02:08 GMT 2021
------------------------------------------------
