------------------------------------------------
Job ID: 34311378
Run on host: compg013.hpc.in.bmrc.ox.ac.uk
Operating system: Linux
Username: lhw539
Started at: Wed Jan 27 23:26:54 GMT 2021
------------------------------------------------
Number of GPUs:  2
{'DEBUG': 'full', 'TRAIN': 'pre_step', 'BATCH_SIZE': 8, 'NUM_WORKERS': 4, 'LOSS': 'kl', 'DROP': 'drop', 'PATH': '../../', 'PL': 'none', 'PRE': 'full', 'WDEC': 0.0001, 'MOM': 0.9, 'GAMMA': 0.1, 'N_EPOCHS': 15, 'PAT': 5, 'LR': 0.0001, 'PL_LL': 'none', 'WDEC_LL': 0.001, 'MOM_LL': 0.9, 'GAMMA_LL': 0.1, 'N_EPOCHS_LL': 25, 'PAT_LL': 8, 'LR_LL': 0.1, 'PRINT_EVERY': 1}
Debug:  full
Path:  ../../
Patience:  8
Succesfully loaded OASIS train data.
Succesfully loaded OASIS   val data.

Start training of last layer:  2021-01-27 23:27:02.738754
----------------------------------------------------------------------------------------------------------------------
Number of epochs of pre-training: 25
|epoch:   0 | lr: 0.100 |train loss: 2.02334 |train loss ravg: 2.02334 |train MAE:  5.25076 |train MAE ravg:  5.25076 |val loss: 1.81299 |val loss ravg: 1.81299 |val MAE:  4.32890 |val MAE ravg:  4.32890 |
|epoch:   1 | lr: 0.100 |train loss: 1.65892 |train loss ravg: 1.84113 |train MAE:  3.98981 |train MAE ravg:  4.62028 |val loss: 1.60478 |val loss ravg: 1.70889 |val MAE:  3.38027 |val MAE ravg:  3.85459 |
|epoch:   2 | lr: 0.100 |train loss: 1.66056 |train loss ravg: 1.78094 |train MAE:  3.68911 |train MAE ravg:  4.30989 |val loss: 1.59790 |val loss ravg: 1.67189 |val MAE:  3.40567 |val MAE ravg:  3.70495 |
|epoch:   3 | lr: 0.100 |train loss: 1.59426 |train loss ravg: 1.73427 |train MAE:  3.56253 |train MAE ravg:  4.12305 |val loss: 1.57407 |val loss ravg: 1.64744 |val MAE:  3.37997 |val MAE ravg:  3.62370 |
|epoch:   4 | lr: 0.100 |train loss: 1.58699 |train loss ravg: 1.70481 |train MAE:  3.56975 |train MAE ravg:  4.01239 |val loss: 1.53919 |val loss ravg: 1.62579 |val MAE:  3.19451 |val MAE ravg:  3.53786 |
|epoch:   5 | lr: 0.100 |train loss: 1.60758 |train loss ravg: 1.68861 |train MAE:  3.57773 |train MAE ravg:  3.93995 |val loss: 1.61281 |val loss ravg: 1.62362 |val MAE:  3.37199 |val MAE ravg:  3.51022 |
|epoch:   6 | lr: 0.100 |train loss: 1.57862 |train loss ravg: 1.67290 |train MAE:  3.55185 |train MAE ravg:  3.88451 |val loss: 1.54195 |val loss ravg: 1.61195 |val MAE:  3.35262 |val MAE ravg:  3.48770 |
|epoch:   7 | lr: 0.100 |train loss: 1.60730 |train loss ravg: 1.66470 |train MAE:  3.59665 |train MAE ravg:  3.84852 |val loss: 1.51503 |val loss ravg: 1.59984 |val MAE:  3.03596 |val MAE ravg:  3.43124 |
|epoch:   8 | lr: 0.100 |train loss: 1.57021 |train loss ravg: 1.65420 |train MAE:  3.43072 |train MAE ravg:  3.80210 |val loss: 1.55225 |val loss ravg: 1.59455 |val MAE:  3.12723 |val MAE ravg:  3.39746 |
|epoch:   9 | lr: 0.010 |train loss: 1.51804 |train loss ravg: 1.64058 |train MAE:  3.27550 |train MAE ravg:  3.74944 |val loss: 1.47609 |val loss ravg: 1.58271 |val MAE:  3.08390 |val MAE ravg:  3.36610 |
|epoch:  10 | lr: 0.010 |train loss: 1.44582 |train loss ravg: 1.58283 |train MAE:  3.54761 |train MAE ravg:  3.57913 |val loss: 1.44691 |val loss ravg: 1.54610 |val MAE:  3.05686 |val MAE ravg:  3.23890 |
|epoch:  11 | lr: 0.010 |train loss: 1.48646 |train loss ravg: 1.56558 |train MAE:  3.51079 |train MAE ravg:  3.53123 |val loss: 1.44693 |val loss ravg: 1.53031 |val MAE:  3.08638 |val MAE ravg:  3.20951 |
|epoch:  12 | lr: 0.010 |train loss: 1.46059 |train loss ravg: 1.54559 |train MAE:  3.41571 |train MAE ravg:  3.50388 |val loss: 1.46452 |val loss ravg: 1.51697 |val MAE:  3.11409 |val MAE ravg:  3.18035 |
|epoch:  13 | lr: 0.010 |train loss: 1.48576 |train loss ravg: 1.53474 |train MAE:  3.41681 |train MAE ravg:  3.48931 |val loss: 1.46617 |val loss ravg: 1.50618 |val MAE:  3.11211 |val MAE ravg:  3.15356 |
|epoch:  14 | lr: 0.010 |train loss: 1.45043 |train loss ravg: 1.52108 |train MAE:  3.36125 |train MAE ravg:  3.46846 |val loss: 1.43653 |val loss ravg: 1.49592 |val MAE:  3.06270 |val MAE ravg:  3.14038 |
|epoch:  15 | lr: 0.010 |train loss: 1.47904 |train loss ravg: 1.50823 |train MAE:  3.44316 |train MAE ravg:  3.45501 |val loss: 1.46603 |val loss ravg: 1.48124 |val MAE:  3.14215 |val MAE ravg:  3.11740 |
|epoch:  16 | lr: 0.010 |train loss: 1.43381 |train loss ravg: 1.49375 |train MAE:  3.23668 |train MAE ravg:  3.42349 |val loss: 1.46053 |val loss ravg: 1.47310 |val MAE:  3.15210 |val MAE ravg:  3.09735 |
|epoch:  17 | lr: 0.010 |train loss: 1.49548 |train loss ravg: 1.48256 |train MAE:  3.57265 |train MAE ravg:  3.42109 |val loss: 1.46697 |val loss ravg: 1.46829 |val MAE:  3.20429 |val MAE ravg:  3.11418 |
|epoch:  18 | lr: 0.001 |train loss: 1.45805 |train loss ravg: 1.47135 |train MAE:  3.46983 |train MAE ravg:  3.42500 |val loss: 1.43775 |val loss ravg: 1.45684 |val MAE:  3.05704 |val MAE ravg:  3.10716 |
|epoch:  19 | lr: 0.001 |train loss: 1.49936 |train loss ravg: 1.46948 |train MAE:  3.50876 |train MAE ravg:  3.44833 |val loss: 1.42216 |val loss ravg: 1.45145 |val MAE:  2.97518 |val MAE ravg:  3.09629 |
|epoch:  20 | lr: 0.001 |train loss: 1.44950 |train loss ravg: 1.46985 |train MAE:  3.47165 |train MAE ravg:  3.44073 |val loss: 1.45569 |val loss ravg: 1.45233 |val MAE:  3.12441 |val MAE ravg:  3.10304 |
|epoch:  21 | lr: 0.001 |train loss: 1.42228 |train loss ravg: 1.46343 |train MAE:  3.41841 |train MAE ravg:  3.43149 |val loss: 1.46555 |val loss ravg: 1.45419 |val MAE:  3.14176 |val MAE ravg:  3.10858 |
|epoch:  22 | lr: 0.001 |train loss: 1.46399 |train loss ravg: 1.46377 |train MAE:  3.33688 |train MAE ravg:  3.42361 |val loss: 1.45344 |val loss ravg: 1.45308 |val MAE:  3.07634 |val MAE ravg:  3.10481 |
|epoch:  23 | lr: 0.001 |train loss: 1.45229 |train loss ravg: 1.46042 |train MAE:  3.41565 |train MAE ravg:  3.42349 |val loss: 1.46694 |val loss ravg: 1.45316 |val MAE:  3.15141 |val MAE ravg:  3.10874 |
|epoch:  24 | lr: 0.001 |train loss: 1.43816 |train loss ravg: 1.45920 |train MAE:  3.34382 |train MAE ravg:  3.42175 |val loss: 1.45313 |val loss ravg: 1.45482 |val MAE:  3.13405 |val MAE ravg:  3.11587 |
----------------------------------------------------------------------------------------------------------------------
Finished training of full model.
2021-01-27 23:47:30.555740
Correlation between train loss and MAE: 0.91651


Start training of full model:  2021-01-27 23:47:30.566771
----------------------------------------------------------------------------------------------------------------------
|epoch:   0 | lr: 0.000 |train loss: 1.40848 |train loss ravg: 1.40848 |train MAE:  3.27822 |train MAE ravg:  3.27822 |val loss: 1.43515 |val loss ravg: 1.43515 |val MAE:  3.07460 |val MAE ravg:  3.07460 |
|epoch:   1 | lr: 0.000 |train loss: 1.40189 |train loss ravg: 1.40518 |train MAE:  3.29631 |train MAE ravg:  3.28726 |val loss: 1.41996 |val loss ravg: 1.42755 |val MAE:  3.00958 |val MAE ravg:  3.04209 |
|epoch:   2 | lr: 0.000 |train loss: 1.34733 |train loss ravg: 1.38590 |train MAE:  3.15826 |train MAE ravg:  3.24426 |val loss: 1.42441 |val loss ravg: 1.42651 |val MAE:  2.95486 |val MAE ravg:  3.01301 |
|epoch:   3 | lr: 0.000 |train loss: 1.34372 |train loss ravg: 1.37535 |train MAE:  2.93279 |train MAE ravg:  3.16639 |val loss: 1.38020 |val loss ravg: 1.41493 |val MAE:  2.82662 |val MAE ravg:  2.96641 |
|epoch:   4 | lr: 0.000 |train loss: 1.31392 |train loss ravg: 1.36307 |train MAE:  2.89588 |train MAE ravg:  3.11229 |val loss: 1.41490 |val loss ravg: 1.41492 |val MAE:  2.89381 |val MAE ravg:  2.95189 |
|epoch:   5 | lr: 0.000 |train loss: 1.32212 |train loss ravg: 1.35624 |train MAE:  3.06103 |train MAE ravg:  3.10375 |val loss: 1.40482 |val loss ravg: 1.41324 |val MAE:  2.90720 |val MAE ravg:  2.94445 |
|epoch:   6 | lr: 0.000 |train loss: 1.28634 |train loss ravg: 1.34626 |train MAE:  2.74544 |train MAE ravg:  3.05256 |val loss: 1.42001 |val loss ravg: 1.41421 |val MAE:  2.99963 |val MAE ravg:  2.95233 |
|epoch:   7 | lr: 0.000 |train loss: 1.27729 |train loss ravg: 1.33763 |train MAE:  2.74920 |train MAE ravg:  3.01464 |val loss: 1.41476 |val loss ravg: 1.41428 |val MAE:  2.92977 |val MAE ravg:  2.94951 |
|epoch:   8 | lr: 0.000 |train loss: 1.30003 |train loss ravg: 1.33346 |train MAE:  2.71219 |train MAE ravg:  2.98104 |val loss: 1.42921 |val loss ravg: 1.41594 |val MAE:  2.96230 |val MAE ravg:  2.95093 |
|epoch:   9 | lr: 0.000 |train loss: 1.25005 |train loss ravg: 1.32512 |train MAE:  2.66142 |train MAE ravg:  2.94907 |val loss: 1.31373 |val loss ravg: 1.40572 |val MAE:  2.73279 |val MAE ravg:  2.92912 |
|epoch:  10 | lr: 0.000 |train loss: 1.30038 |train loss ravg: 1.31431 |train MAE:  2.78066 |train MAE ravg:  2.89932 |val loss: 1.43180 |val loss ravg: 1.40538 |val MAE:  2.96653 |val MAE ravg:  2.91831 |
|epoch:  11 | lr: 0.000 |train loss: 1.30231 |train loss ravg: 1.30435 |train MAE:  2.79429 |train MAE ravg:  2.84912 |val loss: 1.38543 |val loss ravg: 1.40193 |val MAE:  2.87000 |val MAE ravg:  2.90435 |
|epoch:  12 | lr: 0.000 |train loss: 1.29421 |train loss ravg: 1.29904 |train MAE:  2.82967 |train MAE ravg:  2.81626 |val loss: 1.39337 |val loss ravg: 1.39882 |val MAE:  2.86949 |val MAE ravg:  2.89582 |
|epoch:  13 | lr: 0.000 |train loss: 1.32307 |train loss ravg: 1.29697 |train MAE:  2.85173 |train MAE ravg:  2.80815 |val loss: 1.42239 |val loss ravg: 1.40304 |val MAE:  2.96322 |val MAE ravg:  2.90948 |
|epoch:  14 | lr: 0.000 |train loss: 1.29062 |train loss ravg: 1.29464 |train MAE:  2.78915 |train MAE ravg:  2.79748 |val loss: 1.41172 |val loss ravg: 1.40273 |val MAE:  2.95889 |val MAE ravg:  2.91598 |
----------------------------------------------------------------------------------------------------------------------
Finished training of full model.
2021-01-28 00:38:13.501499
Correlation between train loss and MAE: 0.93707

------------------------------------------------
Finished at: Thu Jan 28 00:38:15 GMT 2021
------------------------------------------------
