------------------------------------------------
Job ID: 34574150
Run on host: compg009.hpc.in.bmrc.ox.ac.uk
Operating system: Linux
Username: lhw539
Started at: Fri Jan 29 15:18:34 GMT 2021
------------------------------------------------
Number of GPUs:  2
{'DEBUG': 'full', 'TRAIN': 'pre_step', 'BATCH_SIZE': 2, 'NUM_WORKERS': 4, 'LOSS': 'kl', 'DROP': 'drop', 'PATH': '../../', 'PL': 'none', 'PRE': 'full', 'WDEC': 0.0001, 'MOM': 0.9, 'GAMMA': 0.1, 'N_EPOCHS': 30, 'PAT': 5, 'LR': 0.001, 'PL_LL': 'none', 'WDEC_LL': 0.001, 'MOM_LL': 0.9, 'GAMMA_LL': 0.1, 'N_EPOCHS_LL': 25, 'PAT_LL': 8, 'LR_LL': 0.1, 'PRINT_EVERY': 1}
Debug:  full
Path:  ../../
Patience:  8
Succesfully loaded OASIS train data.
Succesfully loaded OASIS   val data.

Start training of last layer:  2021-01-29 15:18:42.070002
----------------------------------------------------------------------------------------------------------------------
Number of epochs of pre-training: 25
|epoch:   0 | lr: 0.100 |train loss: 2.12959 |train loss ravg: 2.12959 |train MAE:  4.45617 |train MAE ravg:  4.45617 |val loss: 1.92599 |val loss ravg: 1.92599 |val MAE:  4.13114 |val MAE ravg:  4.13114 |
|epoch:   1 | lr: 0.100 |train loss: 2.15353 |train loss ravg: 2.14156 |train MAE:  3.87594 |train MAE ravg:  4.16605 |val loss: 1.81243 |val loss ravg: 1.86921 |val MAE:  3.49976 |val MAE ravg:  3.81545 |
|epoch:   2 | lr: 0.100 |train loss: 2.11478 |train loss ravg: 2.13264 |train MAE:  3.96428 |train MAE ravg:  4.09880 |val loss: 1.69602 |val loss ravg: 1.81148 |val MAE:  3.25294 |val MAE ravg:  3.62795 |
|epoch:   3 | lr: 0.100 |train loss: 1.97126 |train loss ravg: 2.07986 |train MAE:  3.65148 |train MAE ravg:  3.83057 |val loss: 1.59111 |val loss ravg: 1.69985 |val MAE:  3.12875 |val MAE ravg:  3.29382 |
|epoch:   4 | lr: 0.100 |train loss: 2.04920 |train loss ravg: 2.04508 |train MAE:  3.55437 |train MAE ravg:  3.72338 |val loss: 1.70680 |val loss ravg: 1.66464 |val MAE:  3.22622 |val MAE ravg:  3.20264 |
|epoch:   5 | lr: 0.100 |train loss: 2.08628 |train loss ravg: 2.03558 |train MAE:  3.73589 |train MAE ravg:  3.64725 |val loss: 1.58584 |val loss ravg: 1.62792 |val MAE:  3.13484 |val MAE ravg:  3.16327 |
|epoch:   6 | lr: 0.100 |train loss: 2.04121 |train loss ravg: 2.05889 |train MAE:  3.69925 |train MAE ravg:  3.66317 |val loss: 1.68155 |val loss ravg: 1.65806 |val MAE:  3.44483 |val MAE ravg:  3.26863 |
|epoch:   7 | lr: 0.100 |train loss: 1.94195 |train loss ravg: 2.02315 |train MAE:  3.77452 |train MAE ravg:  3.73655 |val loss: 1.79056 |val loss ravg: 1.68598 |val MAE:  3.65517 |val MAE ravg:  3.41161 |
|epoch:   8 | lr: 0.100 |train loss: 2.12598 |train loss ravg: 2.03638 |train MAE:  3.77981 |train MAE ravg:  3.75119 |val loss: 1.85296 |val loss ravg: 1.77503 |val MAE:  3.27812 |val MAE ravg:  3.45937 |
|epoch:   9 | lr: 0.010 |train loss: 1.79208 |train loss ravg: 1.95334 |train MAE:  3.64745 |train MAE ravg:  3.73392 |val loss: 1.48823 |val loss ravg: 1.71058 |val MAE:  3.10790 |val MAE ravg:  3.34706 |
|epoch:  10 | lr: 0.010 |train loss: 1.63298 |train loss ravg: 1.85035 |train MAE:  3.47865 |train MAE ravg:  3.63530 |val loss: 1.50293 |val loss ravg: 1.61470 |val MAE:  3.17925 |val MAE ravg:  3.18842 |
|epoch:  11 | lr: 0.010 |train loss: 1.59927 |train loss ravg: 1.67478 |train MAE:  3.50223 |train MAE ravg:  3.54277 |val loss: 1.46865 |val loss ravg: 1.48660 |val MAE:  3.16399 |val MAE ravg:  3.15038 |
|epoch:  12 | lr: 0.010 |train loss: 1.55701 |train loss ravg: 1.59642 |train MAE:  3.44377 |train MAE ravg:  3.47488 |val loss: 1.49820 |val loss ravg: 1.48993 |val MAE:  3.24976 |val MAE ravg:  3.19767 |
|epoch:  13 | lr: 0.010 |train loss: 1.55177 |train loss ravg: 1.56935 |train MAE:  3.44033 |train MAE ravg:  3.46211 |val loss: 1.46036 |val loss ravg: 1.47574 |val MAE:  3.06081 |val MAE ravg:  3.15818 |
|epoch:  14 | lr: 0.010 |train loss: 1.57467 |train loss ravg: 1.56115 |train MAE:  3.58295 |train MAE ravg:  3.48902 |val loss: 1.47806 |val loss ravg: 1.47887 |val MAE:  3.12580 |val MAE ravg:  3.14546 |
|epoch:  15 | lr: 0.010 |train loss: 1.51832 |train loss ravg: 1.54825 |train MAE:  3.49245 |train MAE ravg:  3.50524 |val loss: 1.45326 |val loss ravg: 1.46389 |val MAE:  3.09454 |val MAE ravg:  3.09372 |
|epoch:  16 | lr: 0.010 |train loss: 1.50009 |train loss ravg: 1.53103 |train MAE:  3.30715 |train MAE ravg:  3.46085 |val loss: 1.47831 |val loss ravg: 1.46987 |val MAE:  3.19004 |val MAE ravg:  3.13679 |
|epoch:  17 | lr: 0.010 |train loss: 1.52541 |train loss ravg: 1.51461 |train MAE:  3.42326 |train MAE ravg:  3.40762 |val loss: 1.44126 |val loss ravg: 1.45761 |val MAE:  3.02687 |val MAE ravg:  3.10381 |
|epoch:  18 | lr: 0.001 |train loss: 1.52088 |train loss ravg: 1.51546 |train MAE:  3.57909 |train MAE ravg:  3.43650 |val loss: 1.46207 |val loss ravg: 1.46055 |val MAE:  3.15938 |val MAE ravg:  3.12543 |
|epoch:  19 | lr: 0.001 |train loss: 1.52315 |train loss ravg: 1.52315 |train MAE:  3.45364 |train MAE ravg:  3.48533 |val loss: 1.43736 |val loss ravg: 1.44690 |val MAE:  3.07883 |val MAE ravg:  3.08836 |
|epoch:  20 | lr: 0.001 |train loss: 1.53554 |train loss ravg: 1.52652 |train MAE:  3.46841 |train MAE ravg:  3.50038 |val loss: 1.46235 |val loss ravg: 1.45393 |val MAE:  3.09739 |val MAE ravg:  3.11187 |
|epoch:  21 | lr: 0.001 |train loss: 1.49510 |train loss ravg: 1.51793 |train MAE:  3.61795 |train MAE ravg:  3.51333 |val loss: 1.48290 |val loss ravg: 1.46087 |val MAE:  3.07952 |val MAE ravg:  3.08525 |
|epoch:  22 | lr: 0.001 |train loss: 1.48088 |train loss ravg: 1.50384 |train MAE:  3.37515 |train MAE ravg:  3.48717 |val loss: 1.45201 |val loss ravg: 1.46575 |val MAE:  3.10373 |val MAE ravg:  3.09355 |
|epoch:  23 | lr: 0.001 |train loss: 1.49667 |train loss ravg: 1.49088 |train MAE:  3.57647 |train MAE ravg:  3.52319 |val loss: 1.45698 |val loss ravg: 1.46396 |val MAE:  3.13253 |val MAE ravg:  3.10526 |
|epoch:  24 | lr: 0.001 |train loss: 1.48344 |train loss ravg: 1.48700 |train MAE:  3.51577 |train MAE ravg:  3.48913 |val loss: 1.47255 |val loss ravg: 1.46051 |val MAE:  3.18668 |val MAE ravg:  3.14098 |
----------------------------------------------------------------------------------------------------------------------
Finished training of full model.
2021-01-29 15:33:23.624669
Correlation between train loss and MAE: 0.75527


Start training of full model:  2021-01-29 15:33:23.634819
----------------------------------------------------------------------------------------------------------------------
|epoch:   0 | lr: 0.001 |train loss: 1.52770 |train loss ravg: 1.52770 |train MAE:  3.54758 |train MAE ravg:  3.54759 |val loss: 1.49933 |val loss ravg: 1.49933 |val MAE:  3.44959 |val MAE ravg:  3.44959 |
|epoch:   1 | lr: 0.001 |train loss: 1.39227 |train loss ravg: 1.45999 |train MAE:  3.21585 |train MAE ravg:  3.38172 |val loss: 1.66458 |val loss ravg: 1.58196 |val MAE:  3.99082 |val MAE ravg:  3.72021 |
|epoch:   2 | lr: 0.001 |train loss: 1.35883 |train loss ravg: 1.42627 |train MAE:  3.01144 |train MAE ravg:  3.25829 |val loss: 1.68723 |val loss ravg: 1.61705 |val MAE:  3.18322 |val MAE ravg:  3.54121 |
|epoch:   3 | lr: 0.001 |train loss: 1.26974 |train loss ravg: 1.34028 |train MAE:  2.77759 |train MAE ravg:  3.00163 |val loss: 1.51607 |val loss ravg: 1.62263 |val MAE:  3.45036 |val MAE ravg:  3.54147 |
|epoch:   4 | lr: 0.001 |train loss: 1.18239 |train loss ravg: 1.27032 |train MAE:  2.54460 |train MAE ravg:  2.77788 |val loss: 1.53538 |val loss ravg: 1.57956 |val MAE:  3.17368 |val MAE ravg:  3.26909 |
|epoch:   5 | lr: 0.001 |train loss: 1.14377 |train loss ravg: 1.19863 |train MAE:  2.29280 |train MAE ravg:  2.53833 |val loss: 1.57368 |val loss ravg: 1.54171 |val MAE:  3.56690 |val MAE ravg:  3.39698 |
|epoch:   6 | lr: 0.000 |train loss: 1.03726 |train loss ravg: 1.12114 |train MAE:  2.08550 |train MAE ravg:  2.30763 |val loss: 1.49748 |val loss ravg: 1.53551 |val MAE:  3.35492 |val MAE ravg:  3.36517 |
|epoch:   7 | lr: 0.000 |train loss: 1.03691 |train loss ravg: 1.07265 |train MAE:  2.06964 |train MAE ravg:  2.14931 |val loss: 1.44940 |val loss ravg: 1.50685 |val MAE:  3.20354 |val MAE ravg:  3.37512 |
|epoch:   8 | lr: 0.000 |train loss: 1.02197 |train loss ravg: 1.03205 |train MAE:  1.91036 |train MAE ravg:  2.02183 |val loss: 1.44786 |val loss ravg: 1.46491 |val MAE:  3.15787 |val MAE ravg:  3.23878 |
|epoch:   9 | lr: 0.000 |train loss: 1.00134 |train loss ravg: 1.02007 |train MAE:  1.88544 |train MAE ravg:  1.95514 |val loss: 1.45898 |val loss ravg: 1.45208 |val MAE:  3.07030 |val MAE ravg:  3.14390 |
|epoch:  10 | lr: 0.000 |train loss: 1.00258 |train loss ravg: 1.00863 |train MAE:  1.92136 |train MAE ravg:  1.90572 |val loss: 1.46905 |val loss ravg: 1.45863 |val MAE:  3.17890 |val MAE ravg:  3.13569 |
|epoch:  11 | lr: 0.000 |train loss: 1.00670 |train loss ravg: 1.00354 |train MAE:  1.93132 |train MAE ravg:  1.91271 |val loss: 1.46177 |val loss ravg: 1.46327 |val MAE:  3.12360 |val MAE ravg:  3.12426 |
|epoch:  12 | lr: 0.000 |train loss: 0.99390 |train loss ravg: 1.00106 |train MAE:  1.86419 |train MAE ravg:  1.90562 |val loss: 1.47104 |val loss ravg: 1.46728 |val MAE:  3.22385 |val MAE ravg:  3.17545 |
|epoch:  13 | lr: 0.000 |train loss: 0.98074 |train loss ravg: 0.99378 |train MAE:  1.83854 |train MAE ravg:  1.87802 |val loss: 1.46949 |val loss ravg: 1.46743 |val MAE:  3.10485 |val MAE ravg:  3.15077 |
|epoch:  14 | lr: 0.000 |train loss: 0.98729 |train loss ravg: 0.98731 |train MAE:  1.81543 |train MAE ravg:  1.83939 |val loss: 1.46943 |val loss ravg: 1.46998 |val MAE:  3.14266 |val MAE ravg:  3.15712 |
|epoch:  15 | lr: 0.000 |train loss: 0.98140 |train loss ravg: 0.98314 |train MAE:  1.80135 |train MAE ravg:  1.81844 |val loss: 1.46518 |val loss ravg: 1.46803 |val MAE:  3.18126 |val MAE ravg:  3.14292 |
|epoch:  16 | lr: 0.000 |train loss: 0.98028 |train loss ravg: 0.98299 |train MAE:  1.92051 |train MAE ravg:  1.84576 |val loss: 1.46298 |val loss ravg: 1.46586 |val MAE:  3.26763 |val MAE ravg:  3.19718 |
|epoch:  17 | lr: 0.000 |train loss: 0.99459 |train loss ravg: 0.98542 |train MAE:  1.89362 |train MAE ravg:  1.87183 |val loss: 1.47506 |val loss ravg: 1.46774 |val MAE:  3.12967 |val MAE ravg:  3.19285 |
|epoch:  18 | lr: 0.000 |train loss: 0.99566 |train loss ravg: 0.99018 |train MAE:  1.89765 |train MAE ravg:  1.90393 |val loss: 1.45533 |val loss ravg: 1.46446 |val MAE:  3.14866 |val MAE ravg:  3.18199 |
|epoch:  19 | lr: 0.000 |train loss: 0.99759 |train loss ravg: 0.99594 |train MAE:  1.90969 |train MAE ravg:  1.90032 |val loss: 1.50128 |val loss ravg: 1.47722 |val MAE:  3.28651 |val MAE ravg:  3.18828 |
|epoch:  20 | lr: 0.000 |train loss: 1.00371 |train loss ravg: 0.99898 |train MAE:  1.98150 |train MAE ravg:  1.92961 |val loss: 1.47061 |val loss ravg: 1.47574 |val MAE:  3.13228 |val MAE ravg:  3.18915 |
|epoch:  21 | lr: 0.000 |train loss: 0.99754 |train loss ravg: 0.99961 |train MAE:  1.84567 |train MAE ravg:  1.91229 |val loss: 1.43935 |val loss ravg: 1.47041 |val MAE:  3.09185 |val MAE ravg:  3.17021 |
|epoch:  22 | lr: 0.000 |train loss: 0.99078 |train loss ravg: 0.99734 |train MAE:  1.92087 |train MAE ravg:  1.91601 |val loss: 1.46860 |val loss ravg: 1.45952 |val MAE:  3.18968 |val MAE ravg:  3.13794 |
|epoch:  23 | lr: 0.000 |train loss: 0.99998 |train loss ravg: 0.99610 |train MAE:  1.89596 |train MAE ravg:  1.88750 |val loss: 1.47589 |val loss ravg: 1.46128 |val MAE:  3.20974 |val MAE ravg:  3.16376 |
|epoch:  24 | lr: 0.000 |train loss: 0.97900 |train loss ravg: 0.98992 |train MAE:  1.86538 |train MAE ravg:  1.89407 |val loss: 1.43952 |val loss ravg: 1.46133 |val MAE:  3.08364 |val MAE ravg:  3.16102 |
|epoch:  25 | lr: 0.000 |train loss: 0.98962 |train loss ravg: 0.98954 |train MAE:  1.81197 |train MAE ravg:  1.85777 |val loss: 1.48006 |val loss ravg: 1.46515 |val MAE:  3.21571 |val MAE ravg:  3.16970 |
|epoch:  26 | lr: 0.000 |train loss: 1.00222 |train loss ravg: 0.99028 |train MAE:  1.95491 |train MAE ravg:  1.87742 |val loss: 1.48432 |val loss ravg: 1.46797 |val MAE:  3.17854 |val MAE ravg:  3.15930 |
|epoch:  27 | lr: 0.000 |train loss: 0.97515 |train loss ravg: 0.98900 |train MAE:  1.83741 |train MAE ravg:  1.86809 |val loss: 1.45204 |val loss ravg: 1.47214 |val MAE:  3.13871 |val MAE ravg:  3.17765 |
|epoch:  28 | lr: 0.000 |train loss: 0.99477 |train loss ravg: 0.99071 |train MAE:  1.91046 |train MAE ravg:  1.90093 |val loss: 1.45844 |val loss ravg: 1.46494 |val MAE:  3.10673 |val MAE ravg:  3.14133 |
|epoch:  29 | lr: 0.000 |train loss: 0.98282 |train loss ravg: 0.98424 |train MAE:  1.84815 |train MAE ravg:  1.86534 |val loss: 1.46930 |val loss ravg: 1.45993 |val MAE:  3.11467 |val MAE ravg:  3.12004 |
----------------------------------------------------------------------------------------------------------------------
Finished training of full model.
2021-01-29 19:34:54.618356
Correlation between train loss and MAE: 0.99556

------------------------------------------------
Finished at: Fri Jan 29 19:34:55 GMT 2021
------------------------------------------------
