------------------------------------------------
Job ID: 34574671
Run on host: compg013.hpc.in.bmrc.ox.ac.uk
Operating system: Linux
Username: lhw539
Started at: Fri Jan 29 19:35:58 GMT 2021
------------------------------------------------
Number of GPUs:  2
{'DEBUG': 'full', 'TRAIN': 'pre_step', 'BATCH_SIZE': 4, 'NUM_WORKERS': 4, 'LOSS': 'kl', 'DROP': 'drop', 'PATH': '../../', 'PL': 'none', 'PRE': 'full', 'WDEC': 0.0001, 'MOM': 0.9, 'GAMMA': 0.1, 'N_EPOCHS': 30, 'PAT': 8, 'LR': 0.0001, 'PL_LL': 'none', 'WDEC_LL': 0.0001, 'MOM_LL': 0.9, 'GAMMA_LL': 0.1, 'N_EPOCHS_LL': 25, 'PAT_LL': 8, 'LR_LL': 0.1, 'PRINT_EVERY': 1}
Debug:  full
Path:  ../../
Patience:  8
Succesfully loaded OASIS train data.
Succesfully loaded OASIS   val data.

Start training of last layer:  2021-01-29 19:36:05.623407
----------------------------------------------------------------------------------------------------------------------
Number of epochs of pre-training: 25
|epoch:   0 | lr: 0.100 |train loss: 1.95332 |train loss ravg: 1.95332 |train MAE:  4.52488 |train MAE ravg:  4.52488 |val loss: 1.79135 |val loss ravg: 1.79135 |val MAE:  3.64262 |val MAE ravg:  3.64262 |
|epoch:   1 | lr: 0.100 |train loss: 1.74906 |train loss ravg: 1.85119 |train MAE:  3.59749 |train MAE ravg:  4.06118 |val loss: 1.60199 |val loss ravg: 1.69667 |val MAE:  3.21465 |val MAE ravg:  3.42864 |
|epoch:   2 | lr: 0.100 |train loss: 1.78081 |train loss ravg: 1.82773 |train MAE:  3.69436 |train MAE ravg:  3.93891 |val loss: 1.59031 |val loss ravg: 1.66121 |val MAE:  3.10757 |val MAE ravg:  3.32161 |
|epoch:   3 | lr: 0.100 |train loss: 1.75849 |train loss ravg: 1.76279 |train MAE:  3.63874 |train MAE ravg:  3.64353 |val loss: 1.56162 |val loss ravg: 1.58464 |val MAE:  3.13530 |val MAE ravg:  3.15251 |
|epoch:   4 | lr: 0.100 |train loss: 1.77583 |train loss ravg: 1.77171 |train MAE:  3.56224 |train MAE ravg:  3.63178 |val loss: 1.54219 |val loss ravg: 1.56471 |val MAE:  3.08610 |val MAE ravg:  3.10965 |
|epoch:   5 | lr: 0.100 |train loss: 1.73574 |train loss ravg: 1.75669 |train MAE:  3.51730 |train MAE ravg:  3.57276 |val loss: 1.57407 |val loss ravg: 1.55930 |val MAE:  3.03758 |val MAE ravg:  3.08632 |
|epoch:   6 | lr: 0.100 |train loss: 1.71405 |train loss ravg: 1.74187 |train MAE:  3.54588 |train MAE ravg:  3.54181 |val loss: 1.53751 |val loss ravg: 1.55126 |val MAE:  3.21899 |val MAE ravg:  3.11422 |
|epoch:   7 | lr: 0.100 |train loss: 1.69871 |train loss ravg: 1.71616 |train MAE:  3.56284 |train MAE ravg:  3.54201 |val loss: 1.55273 |val loss ravg: 1.55477 |val MAE:  3.03447 |val MAE ravg:  3.09701 |
|epoch:   8 | lr: 0.100 |train loss: 1.69748 |train loss ravg: 1.70341 |train MAE:  3.43201 |train MAE ravg:  3.51358 |val loss: 1.60853 |val loss ravg: 1.56625 |val MAE:  3.15282 |val MAE ravg:  3.13543 |
|epoch:   9 | lr: 0.010 |train loss: 1.59598 |train loss ravg: 1.66406 |train MAE:  3.38164 |train MAE ravg:  3.45883 |val loss: 1.39958 |val loss ravg: 1.52028 |val MAE:  2.97635 |val MAE ravg:  3.05455 |
|epoch:  10 | lr: 0.010 |train loss: 1.51246 |train loss ravg: 1.60197 |train MAE:  3.35490 |train MAE ravg:  3.38952 |val loss: 1.39924 |val loss ravg: 1.46912 |val MAE:  2.95049 |val MAE ravg:  3.02655 |
|epoch:  11 | lr: 0.010 |train loss: 1.55334 |train loss ravg: 1.55393 |train MAE:  3.48719 |train MAE ravg:  3.40791 |val loss: 1.41687 |val loss ravg: 1.40523 |val MAE:  3.05893 |val MAE ravg:  2.99526 |
|epoch:  12 | lr: 0.010 |train loss: 1.47992 |train loss ravg: 1.51524 |train MAE:  3.34223 |train MAE ravg:  3.39477 |val loss: 1.41890 |val loss ravg: 1.41167 |val MAE:  3.07898 |val MAE ravg:  3.02947 |
|epoch:  13 | lr: 0.010 |train loss: 1.49713 |train loss ravg: 1.51013 |train MAE:  3.36418 |train MAE ravg:  3.39786 |val loss: 1.43418 |val loss ravg: 1.42332 |val MAE:  3.07304 |val MAE ravg:  3.07032 |
|epoch:  14 | lr: 0.010 |train loss: 1.50785 |train loss ravg: 1.49497 |train MAE:  3.44312 |train MAE ravg:  3.38317 |val loss: 1.43035 |val loss ravg: 1.42781 |val MAE:  3.09251 |val MAE ravg:  3.08151 |
|epoch:  15 | lr: 0.010 |train loss: 1.50489 |train loss ravg: 1.50329 |train MAE:  3.40603 |train MAE ravg:  3.40444 |val loss: 1.41328 |val loss ravg: 1.42593 |val MAE:  3.03219 |val MAE ravg:  3.06591 |
|epoch:  16 | lr: 0.010 |train loss: 1.45518 |train loss ravg: 1.48931 |train MAE:  3.23006 |train MAE ravg:  3.35974 |val loss: 1.40258 |val loss ravg: 1.41540 |val MAE:  2.98782 |val MAE ravg:  3.03750 |
|epoch:  17 | lr: 0.010 |train loss: 1.46785 |train loss ravg: 1.47597 |train MAE:  3.34368 |train MAE ravg:  3.32659 |val loss: 1.40786 |val loss ravg: 1.40791 |val MAE:  2.96925 |val MAE ravg:  2.99642 |
|epoch:  18 | lr: 0.001 |train loss: 1.45437 |train loss ravg: 1.45913 |train MAE:  3.34770 |train MAE ravg:  3.30715 |val loss: 1.40047 |val loss ravg: 1.40364 |val MAE:  3.00166 |val MAE ravg:  2.98624 |
|epoch:  19 | lr: 0.001 |train loss: 1.42892 |train loss ravg: 1.45038 |train MAE:  3.18108 |train MAE ravg:  3.29082 |val loss: 1.41203 |val loss ravg: 1.40679 |val MAE:  3.00311 |val MAE ravg:  2.99134 |
|epoch:  20 | lr: 0.001 |train loss: 1.42420 |train loss ravg: 1.43583 |train MAE:  3.31070 |train MAE ravg:  3.27983 |val loss: 1.42001 |val loss ravg: 1.41084 |val MAE:  3.10509 |val MAE ravg:  3.03662 |
|epoch:  21 | lr: 0.001 |train loss: 1.46095 |train loss ravg: 1.43802 |train MAE:  3.39216 |train MAE ravg:  3.29464 |val loss: 1.34118 |val loss ravg: 1.39107 |val MAE:  2.96268 |val MAE ravg:  3.02363 |
|epoch:  22 | lr: 0.001 |train loss: 1.49176 |train loss ravg: 1.45897 |train MAE:  3.49690 |train MAE ravg:  3.39992 |val loss: 1.41109 |val loss ravg: 1.39076 |val MAE:  3.03109 |val MAE ravg:  3.03295 |
|epoch:  23 | lr: 0.001 |train loss: 1.48190 |train loss ravg: 1.47820 |train MAE:  3.50400 |train MAE ravg:  3.46435 |val loss: 1.39756 |val loss ravg: 1.38328 |val MAE:  3.01109 |val MAE ravg:  3.00162 |
|epoch:  24 | lr: 0.001 |train loss: 1.43293 |train loss ravg: 1.46886 |train MAE:  3.30898 |train MAE ravg:  3.43663 |val loss: 1.40733 |val loss ravg: 1.40533 |val MAE:  3.07827 |val MAE ravg:  3.04015 |
----------------------------------------------------------------------------------------------------------------------
Finished training of full model.
2021-01-29 19:50:32.029422
Correlation between train loss and MAE: 0.80746


Start training of full model:  2021-01-29 19:50:32.039140
----------------------------------------------------------------------------------------------------------------------
|epoch:   0 | lr: 0.000 |train loss: 1.46244 |train loss ravg: 1.46244 |train MAE:  3.38173 |train MAE ravg:  3.38173 |val loss: 1.39153 |val loss ravg: 1.39153 |val MAE:  3.02632 |val MAE ravg:  3.02632 |
|epoch:   1 | lr: 0.000 |train loss: 1.34698 |train loss ravg: 1.40471 |train MAE:  2.97818 |train MAE ravg:  3.17995 |val loss: 1.32261 |val loss ravg: 1.35707 |val MAE:  2.90878 |val MAE ravg:  2.96755 |
|epoch:   2 | lr: 0.000 |train loss: 1.33567 |train loss ravg: 1.38170 |train MAE:  2.88212 |train MAE ravg:  3.08068 |val loss: 1.36859 |val loss ravg: 1.36091 |val MAE:  2.81393 |val MAE ravg:  2.91634 |
|epoch:   3 | lr: 0.000 |train loss: 1.29403 |train loss ravg: 1.32556 |train MAE:  2.75754 |train MAE ravg:  2.87261 |val loss: 1.36994 |val loss ravg: 1.35371 |val MAE:  2.86314 |val MAE ravg:  2.86195 |
|epoch:   4 | lr: 0.000 |train loss: 1.31667 |train loss ravg: 1.31545 |train MAE:  2.84346 |train MAE ravg:  2.82771 |val loss: 1.40753 |val loss ravg: 1.38202 |val MAE:  2.91691 |val MAE ravg:  2.86466 |
|epoch:   5 | lr: 0.000 |train loss: 1.28863 |train loss ravg: 1.29977 |train MAE:  2.73410 |train MAE ravg:  2.77837 |val loss: 1.39394 |val loss ravg: 1.39047 |val MAE:  2.88309 |val MAE ravg:  2.88771 |
|epoch:   6 | lr: 0.000 |train loss: 1.23248 |train loss ravg: 1.27926 |train MAE:  2.55075 |train MAE ravg:  2.70944 |val loss: 1.35491 |val loss ravg: 1.38546 |val MAE:  2.86160 |val MAE ravg:  2.88720 |
|epoch:   7 | lr: 0.000 |train loss: 1.21568 |train loss ravg: 1.24559 |train MAE:  2.51164 |train MAE ravg:  2.59883 |val loss: 1.39058 |val loss ravg: 1.37981 |val MAE:  2.94860 |val MAE ravg:  2.89776 |
|epoch:   8 | lr: 0.000 |train loss: 1.17037 |train loss ravg: 1.20618 |train MAE:  2.40871 |train MAE ravg:  2.49037 |val loss: 1.35428 |val loss ravg: 1.36659 |val MAE:  2.86124 |val MAE ravg:  2.89048 |
|epoch:   9 | lr: 0.000 |train loss: 1.23174 |train loss ravg: 1.20593 |train MAE:  2.46693 |train MAE ravg:  2.46243 |val loss: 1.38084 |val loss ravg: 1.37523 |val MAE:  2.90293 |val MAE ravg:  2.90426 |
|epoch:  10 | lr: 0.000 |train loss: 1.19060 |train loss ravg: 1.19757 |train MAE:  2.44762 |train MAE ravg:  2.44109 |val loss: 1.35824 |val loss ravg: 1.36445 |val MAE:  2.84802 |val MAE ravg:  2.87073 |
|epoch:  11 | lr: 0.000 |train loss: 1.25068 |train loss ravg: 1.22434 |train MAE:  2.58945 |train MAE ravg:  2.50134 |val loss: 1.38677 |val loss ravg: 1.37528 |val MAE:  2.94746 |val MAE ravg:  2.89947 |
|epoch:  12 | lr: 0.000 |train loss: 1.23071 |train loss ravg: 1.22400 |train MAE:  2.55906 |train MAE ravg:  2.53204 |val loss: 1.39298 |val loss ravg: 1.37933 |val MAE:  2.96187 |val MAE ravg:  2.91911 |
|epoch:  13 | lr: 0.000 |train loss: 1.21632 |train loss ravg: 1.23257 |train MAE:  2.45516 |train MAE ravg:  2.53456 |val loss: 1.37652 |val loss ravg: 1.38543 |val MAE:  2.89790 |val MAE ravg:  2.93574 |
|epoch:  14 | lr: 0.000 |train loss: 1.16894 |train loss ravg: 1.20532 |train MAE:  2.31390 |train MAE ravg:  2.44271 |val loss: 1.39961 |val loss ravg: 1.38971 |val MAE:  2.93189 |val MAE ravg:  2.93056 |
|epoch:  15 | lr: 0.000 |train loss: 1.21016 |train loss ravg: 1.19847 |train MAE:  2.60937 |train MAE ravg:  2.45948 |val loss: 1.35421 |val loss ravg: 1.37678 |val MAE:  2.84629 |val MAE ravg:  2.89203 |
|epoch:  16 | lr: 0.000 |train loss: 1.17802 |train loss ravg: 1.18571 |train MAE:  2.51006 |train MAE ravg:  2.47777 |val loss: 1.29561 |val loss ravg: 1.34981 |val MAE:  2.79864 |val MAE ravg:  2.85894 |
|epoch:  17 | lr: 0.000 |train loss: 1.20480 |train loss ravg: 1.19766 |train MAE:  2.49034 |train MAE ravg:  2.53659 |val loss: 1.38559 |val loss ravg: 1.34513 |val MAE:  2.95349 |val MAE ravg:  2.86614 |
|epoch:  18 | lr: 0.000 |train loss: 1.18183 |train loss ravg: 1.18822 |train MAE:  2.40910 |train MAE ravg:  2.46983 |val loss: 1.37007 |val loss ravg: 1.35042 |val MAE:  2.86003 |val MAE ravg:  2.87072 |
|epoch:  19 | lr: 0.000 |train loss: 1.15726 |train loss ravg: 1.18130 |train MAE:  2.37013 |train MAE ravg:  2.42319 |val loss: 1.37026 |val loss ravg: 1.37530 |val MAE:  2.88408 |val MAE ravg:  2.89920 |
|epoch:  20 | lr: 0.000 |train loss: 1.19157 |train loss ravg: 1.17689 |train MAE:  2.47227 |train MAE ravg:  2.41717 |val loss: 1.39978 |val loss ravg: 1.38004 |val MAE:  2.98981 |val MAE ravg:  2.91131 |
|epoch:  21 | lr: 0.000 |train loss: 1.18765 |train loss ravg: 1.17883 |train MAE:  2.45615 |train MAE ravg:  2.43285 |val loss: 1.37096 |val loss ravg: 1.38033 |val MAE:  2.88340 |val MAE ravg:  2.91910 |
|epoch:  22 | lr: 0.000 |train loss: 1.14873 |train loss ravg: 1.17598 |train MAE:  2.27913 |train MAE ravg:  2.40252 |val loss: 1.36555 |val loss ravg: 1.37876 |val MAE:  2.82514 |val MAE ravg:  2.89945 |
|epoch:  23 | lr: 0.000 |train loss: 1.20803 |train loss ravg: 1.18147 |train MAE:  2.53752 |train MAE ravg:  2.42427 |val loss: 1.40202 |val loss ravg: 1.37951 |val MAE:  2.97326 |val MAE ravg:  2.89393 |
|epoch:  24 | lr: 0.000 |train loss: 1.17397 |train loss ravg: 1.17691 |train MAE:  2.36750 |train MAE ravg:  2.39472 |val loss: 1.38565 |val loss ravg: 1.38441 |val MAE:  2.86352 |val MAE ravg:  2.88731 |
|epoch:  25 | lr: 0.000 |train loss: 1.18888 |train loss ravg: 1.19030 |train MAE:  2.45402 |train MAE ravg:  2.45301 |val loss: 1.37888 |val loss ravg: 1.38885 |val MAE:  2.94702 |val MAE ravg:  2.92793 |
|epoch:  26 | lr: 0.000 |train loss: 1.17187 |train loss ravg: 1.17824 |train MAE:  2.36743 |train MAE ravg:  2.39632 |val loss: 1.37904 |val loss ravg: 1.38119 |val MAE:  2.93783 |val MAE ravg:  2.91613 |
|epoch:  27 | lr: 0.000 |train loss: 1.18331 |train loss ravg: 1.18135 |train MAE:  2.41976 |train MAE ravg:  2.41373 |val loss: 1.38465 |val loss ravg: 1.38086 |val MAE:  2.94832 |val MAE ravg:  2.94439 |
|epoch:  28 | lr: 0.000 |train loss: 1.18285 |train loss ravg: 1.17934 |train MAE:  2.42618 |train MAE ravg:  2.40446 |val loss: 1.38635 |val loss ravg: 1.38335 |val MAE:  2.93990 |val MAE ravg:  2.94202 |
|epoch:  29 | lr: 0.000 |train loss: 1.17494 |train loss ravg: 1.18036 |train MAE:  2.44922 |train MAE ravg:  2.43172 |val loss: 1.38342 |val loss ravg: 1.38481 |val MAE:  2.94439 |val MAE ravg:  2.94420 |
----------------------------------------------------------------------------------------------------------------------
Finished training of full model.
2021-01-29 21:58:46.659873
Correlation between train loss and MAE: 0.97927

------------------------------------------------
Finished at: Fri Jan 29 21:58:48 GMT 2021
------------------------------------------------
