------------------------------------------------
Job ID: 42800130
Run on host: compg011.hpc.in.bmrc.ox.ac.uk
Operating system: Linux
Username: lhw539
Started at: Sat Apr 3 19:11:06 BST 2021
------------------------------------------------
Test (in contrast to train):  False
Loading ixi train data.
The data was balanced for  sex .
Loading ixi   val data.
The data was balanced for  sex .
Load model for sex - run: 0
Output dimensions match. No reshaping of final layer.
Number of GPUs:  2
Epoch decay:  10
Gamma decay:  0.1

Full model is being trained with weights loaded from pre-trained model.
Start:  2021-04-03 19:11:13.579746
----------------------------------------------------------------------------------------------------------------------------------------------------------------
|epoch:   0 | lr: 0.100 |train ent: 0.41775 |train ent ravg: 0.41775 |train acc:  0.82083 |train acc ravg:  0.82083 |val ent: 0.60760 |val entravg: 0.60760 |val acc:  0.79167 |val acc ravg:  0.79167 |
|epoch:   1 | lr: 0.100 |train ent: 0.39442 |train ent ravg: 0.40608 |train acc:  0.82500 |train acc ravg:  0.82292 |val ent: 0.58160 |val entravg: 0.59460 |val acc:  0.81667 |val acc ravg:  0.80417 |
|epoch:   2 | lr: 0.100 |train ent: 0.42037 |train ent ravg: 0.41085 |train acc:  0.80417 |train acc ravg:  0.81667 |val ent: 0.60513 |val entravg: 0.59811 |val acc:  0.78333 |val acc ravg:  0.79722 |
|epoch:   3 | lr: 0.100 |train ent: 0.39840 |train ent ravg: 0.40773 |train acc:  0.82500 |train acc ravg:  0.81875 |val ent: 0.60335 |val entravg: 0.59942 |val acc:  0.80833 |val acc ravg:  0.80000 |
|epoch:   4 | lr: 0.100 |train ent: 0.40836 |train ent ravg: 0.40786 |train acc:  0.83333 |train acc ravg:  0.82167 |val ent: 0.58214 |val entravg: 0.59597 |val acc:  0.80833 |val acc ravg:  0.80167 |
|epoch:   5 | lr: 0.100 |train ent: 0.35623 |train ent ravg: 0.39556 |train acc:  0.84583 |train acc ravg:  0.82667 |val ent: 0.52312 |val entravg: 0.57907 |val acc:  0.83333 |val acc ravg:  0.81000 |
|epoch:   6 | lr: 0.100 |train ent: 0.36428 |train ent ravg: 0.38953 |train acc:  0.85000 |train acc ravg:  0.83167 |val ent: 0.57671 |val entravg: 0.57809 |val acc:  0.80000 |val acc ravg:  0.80667 |
|epoch:   7 | lr: 0.100 |train ent: 0.35421 |train ent ravg: 0.37630 |train acc:  0.88333 |train acc ravg:  0.84750 |val ent: 0.61695 |val entravg: 0.58046 |val acc:  0.80833 |val acc ravg:  0.81167 |
|epoch:   8 | lr: 0.100 |train ent: 0.36393 |train ent ravg: 0.36940 |train acc:  0.83750 |train acc ravg:  0.85000 |val ent: 0.55881 |val entravg: 0.57155 |val acc:  0.79167 |val acc ravg:  0.80833 |
|epoch:   9 | lr: 0.100 |train ent: 0.43654 |train ent ravg: 0.37503 |train acc:  0.80000 |train acc ravg:  0.84333 |val ent: 0.61557 |val entravg: 0.57823 |val acc:  0.80000 |val acc ravg:  0.80667 |
|epoch:  10 | lr: 0.010 |train ent: 0.45026 |train ent ravg: 0.39384 |train acc:  0.80000 |train acc ravg:  0.83417 |val ent: 0.57819 |val entravg: 0.58925 |val acc:  0.78333 |val acc ravg:  0.79667 |
|epoch:  11 | lr: 0.010 |train ent: 0.37165 |train ent ravg: 0.39532 |train acc:  0.85417 |train acc ravg:  0.83500 |val ent: 0.55828 |val entravg: 0.58556 |val acc:  0.79167 |val acc ravg:  0.79500 |
|epoch:  12 | lr: 0.010 |train ent: 0.37242 |train ent ravg: 0.39896 |train acc:  0.85417 |train acc ravg:  0.82917 |val ent: 0.59359 |val entravg: 0.58089 |val acc:  0.79167 |val acc ravg:  0.79167 |
|epoch:  13 | lr: 0.010 |train ent: 0.32571 |train ent ravg: 0.39132 |train acc:  0.86667 |train acc ravg:  0.83500 |val ent: 0.58259 |val entravg: 0.58565 |val acc:  0.80833 |val acc ravg:  0.79500 |
|epoch:  14 | lr: 0.010 |train ent: 0.36485 |train ent ravg: 0.37698 |train acc:  0.85000 |train acc ravg:  0.84500 |val ent: 0.57983 |val entravg: 0.57850 |val acc:  0.80000 |val acc ravg:  0.79500 |
|epoch:  15 | lr: 0.010 |train ent: 0.32039 |train ent ravg: 0.35100 |train acc:  0.85000 |train acc ravg:  0.85500 |val ent: 0.59663 |val entravg: 0.58219 |val acc:  0.80000 |val acc ravg:  0.79833 |
|epoch:  16 | lr: 0.010 |train ent: 0.37847 |train ent ravg: 0.35237 |train acc:  0.83750 |train acc ravg:  0.85167 |val ent: 0.59810 |val entravg: 0.59015 |val acc:  0.80000 |val acc ravg:  0.80000 |
|epoch:  17 | lr: 0.010 |train ent: 0.34990 |train ent ravg: 0.34786 |train acc:  0.82917 |train acc ravg:  0.84667 |val ent: 0.58076 |val entravg: 0.58758 |val acc:  0.79167 |val acc ravg:  0.80000 |
|epoch:  18 | lr: 0.010 |train ent: 0.35491 |train ent ravg: 0.35370 |train acc:  0.83333 |train acc ravg:  0.84000 |val ent: 0.57156 |val entravg: 0.58538 |val acc:  0.80833 |val acc ravg:  0.80000 |
|epoch:  19 | lr: 0.010 |train ent: 0.32062 |train ent ravg: 0.34486 |train acc:  0.86667 |train acc ravg:  0.84333 |val ent: 0.58540 |val entravg: 0.58649 |val acc:  0.80000 |val acc ravg:  0.80000 |
|epoch:  20 | lr: 0.001 |train ent: 0.37810 |train ent ravg: 0.35640 |train acc:  0.84167 |train acc ravg:  0.84167 |val ent: 0.55832 |val entravg: 0.57883 |val acc:  0.80833 |val acc ravg:  0.80167 |
|epoch:  21 | lr: 0.001 |train ent: 0.34514 |train ent ravg: 0.34973 |train acc:  0.85417 |train acc ravg:  0.84500 |val ent: 0.58118 |val entravg: 0.57544 |val acc:  0.79167 |val acc ravg:  0.80000 |
|epoch:  22 | lr: 0.001 |train ent: 0.32553 |train ent ravg: 0.34486 |train acc:  0.88333 |train acc ravg:  0.85583 |val ent: 0.58853 |val entravg: 0.57700 |val acc:  0.79167 |val acc ravg:  0.80000 |
|epoch:  23 | lr: 0.001 |train ent: 0.40517 |train ent ravg: 0.35491 |train acc:  0.83750 |train acc ravg:  0.85667 |val ent: 0.56773 |val entravg: 0.57623 |val acc:  0.80833 |val acc ravg:  0.80000 |
|epoch:  24 | lr: 0.001 |train ent: 0.38457 |train ent ravg: 0.36770 |train acc:  0.84167 |train acc ravg:  0.85167 |val ent: 0.58542 |val entravg: 0.57623 |val acc:  0.79167 |val acc ravg:  0.79833 |
|epoch:  25 | lr: 0.001 |train ent: 0.38296 |train ent ravg: 0.36868 |train acc:  0.85417 |train acc ravg:  0.85417 |val ent: 0.54477 |val entravg: 0.57352 |val acc:  0.80833 |val acc ravg:  0.79833 |
|epoch:  26 | lr: 0.001 |train ent: 0.36644 |train ent ravg: 0.37294 |train acc:  0.82917 |train acc ravg:  0.84917 |val ent: 0.56378 |val entravg: 0.57004 |val acc:  0.79167 |val acc ravg:  0.79833 |
|epoch:  27 | lr: 0.001 |train ent: 0.31647 |train ent ravg: 0.37112 |train acc:  0.87917 |train acc ravg:  0.84833 |val ent: 0.57122 |val entravg: 0.56658 |val acc:  0.80000 |val acc ravg:  0.80000 |
|epoch:  28 | lr: 0.001 |train ent: 0.36053 |train ent ravg: 0.36220 |train acc:  0.85833 |train acc ravg:  0.85250 |val ent: 0.56218 |val entravg: 0.56547 |val acc:  0.79167 |val acc ravg:  0.79667 |
|epoch:  29 | lr: 0.001 |train ent: 0.38078 |train ent ravg: 0.36144 |train acc:  0.81250 |train acc ravg:  0.84667 |val ent: 0.57819 |val entravg: 0.56403 |val acc:  0.80000 |val acc ravg:  0.79833 |
|epoch:  30 | lr: 0.000 |train ent: 0.35903 |train ent ravg: 0.35665 |train acc:  0.84167 |train acc ravg:  0.84417 |val ent: 0.56337 |val entravg: 0.56775 |val acc:  0.80833 |val acc ravg:  0.79833 |
|epoch:  31 | lr: 0.000 |train ent: 0.33266 |train ent ravg: 0.34990 |train acc:  0.85417 |train acc ravg:  0.84917 |val ent: 0.58825 |val entravg: 0.57264 |val acc:  0.80833 |val acc ravg:  0.80167 |
|epoch:  32 | lr: 0.000 |train ent: 0.35714 |train ent ravg: 0.35803 |train acc:  0.84167 |train acc ravg:  0.84167 |val ent: 0.54517 |val entravg: 0.56743 |val acc:  0.81667 |val acc ravg:  0.80500 |
|epoch:  33 | lr: 0.000 |train ent: 0.31676 |train ent ravg: 0.34927 |train acc:  0.88333 |train acc ravg:  0.84667 |val ent: 0.57414 |val entravg: 0.56982 |val acc:  0.80000 |val acc ravg:  0.80667 |
|epoch:  34 | lr: 0.000 |train ent: 0.32612 |train ent ravg: 0.33834 |train acc:  0.85417 |train acc ravg:  0.85500 |val ent: 0.57962 |val entravg: 0.57011 |val acc:  0.79167 |val acc ravg:  0.80500 |
|epoch:  35 | lr: 0.000 |train ent: 0.33021 |train ent ravg: 0.33258 |train acc:  0.85417 |train acc ravg:  0.85750 |val ent: 0.56884 |val entravg: 0.57120 |val acc:  0.79167 |val acc ravg:  0.80167 |
|epoch:  36 | lr: 0.000 |train ent: 0.37304 |train ent ravg: 0.34065 |train acc:  0.84583 |train acc ravg:  0.85583 |val ent: 0.58987 |val entravg: 0.57153 |val acc:  0.80000 |val acc ravg:  0.80000 |
|epoch:  37 | lr: 0.000 |train ent: 0.38381 |train ent ravg: 0.34599 |train acc:  0.84583 |train acc ravg:  0.85667 |val ent: 0.56497 |val entravg: 0.57549 |val acc:  0.80000 |val acc ravg:  0.79667 |
|epoch:  38 | lr: 0.000 |train ent: 0.37867 |train ent ravg: 0.35837 |train acc:  0.84167 |train acc ravg:  0.84833 |val ent: 0.57114 |val entravg: 0.57489 |val acc:  0.80000 |val acc ravg:  0.79667 |
|epoch:  39 | lr: 0.000 |train ent: 0.38081 |train ent ravg: 0.36931 |train acc:  0.85417 |train acc ravg:  0.84833 |val ent: 0.55582 |val entravg: 0.57013 |val acc:  0.81667 |val acc ravg:  0.80167 |
|epoch:  40 | lr: 0.000 |train ent: 0.35222 |train ent ravg: 0.37371 |train acc:  0.83750 |train acc ravg:  0.84500 |val ent: 0.58246 |val entravg: 0.57285 |val acc:  0.80000 |val acc ravg:  0.80333 |
|epoch:  41 | lr: 0.000 |train ent: 0.39236 |train ent ravg: 0.37757 |train acc:  0.85000 |train acc ravg:  0.84583 |val ent: 0.58236 |val entravg: 0.57135 |val acc:  0.80833 |val acc ravg:  0.80500 |
|epoch:  42 | lr: 0.000 |train ent: 0.33576 |train ent ravg: 0.36796 |train acc:  0.84583 |train acc ravg:  0.84583 |val ent: 0.58316 |val entravg: 0.57499 |val acc:  0.79167 |val acc ravg:  0.80333 |
|epoch:  43 | lr: 0.000 |train ent: 0.36292 |train ent ravg: 0.36481 |train acc:  0.86667 |train acc ravg:  0.85083 |val ent: 0.58024 |val entravg: 0.57681 |val acc:  0.80000 |val acc ravg:  0.80333 |
|epoch:  44 | lr: 0.000 |train ent: 0.35564 |train ent ravg: 0.35978 |train acc:  0.85000 |train acc ravg:  0.85000 |val ent: 0.49554 |val entravg: 0.56475 |val acc:  0.80833 |val acc ravg:  0.80167 |
|epoch:  45 | lr: 0.000 |train ent: 0.34390 |train ent ravg: 0.35811 |train acc:  0.83333 |train acc ravg:  0.84917 |val ent: 0.55494 |val entravg: 0.55925 |val acc:  0.80000 |val acc ravg:  0.80167 |
|epoch:  46 | lr: 0.000 |train ent: 0.34664 |train ent ravg: 0.34897 |train acc:  0.85833 |train acc ravg:  0.85083 |val ent: 0.57804 |val entravg: 0.55839 |val acc:  0.80833 |val acc ravg:  0.80167 |
|epoch:  47 | lr: 0.000 |train ent: 0.36212 |train ent ravg: 0.35424 |train acc:  0.84167 |train acc ravg:  0.85000 |val ent: 0.59696 |val entravg: 0.56114 |val acc:  0.80000 |val acc ravg:  0.80333 |
|epoch:  48 | lr: 0.000 |train ent: 0.33076 |train ent ravg: 0.34781 |train acc:  0.85417 |train acc ravg:  0.84750 |val ent: 0.57256 |val entravg: 0.55961 |val acc:  0.79167 |val acc ravg:  0.80167 |
|epoch:  49 | lr: 0.000 |train ent: 0.34195 |train ent ravg: 0.34507 |train acc:  0.86667 |train acc ravg:  0.85083 |val ent: 0.58251 |val entravg: 0.57700 |val acc:  0.78333 |val acc ravg:  0.79667 |
----------------------------------------------------------------------------------------------------------------------------------------------------------------
Finished:  2021-04-03 19:35:00.646574

Correlation between train loss and evaluation: -0.755

----------------------------------------------------------------------------------------------------------------------------------------------------------------
Save configfile.
Loading ixi  test data.
The data was balanced for  sex .
Number of GPUs:  2

Model loaded from None is being tested.
Start:  2021-04-03 19:35:00.736088
----------------------------------------------------------------------------------------------------------------------------------------------------------------
test ent mean: 0.31609 | test ent std: 0.00099 |test acc mean:  0.87946 |test acc std:  0.00000 |
----------------------------------------------------------------------------------------------------------------------------------------------------------------
Finished:  2021-04-03 19:35:45.886428

----------------------------------------------------------------------------------------------------------------------------------------------------------------
------------------------------------------------
Finished at: Sat Apr 3 19:35:47 BST 2021
------------------------------------------------
