------------------------------------------------
Job ID: 37534296
Run on host: compg010.hpc.in.bmrc.ox.ac.uk
Operating system: Linux
Username: lhw539
Started at: Sat Feb 20 17:30:01 GMT 2021
------------------------------------------------
Loading share 1.00 train data.
Loading OASIS   val data.
Load model for sex - run: 0
Number of GPUs:  2

Full model is being tested with weights loaded from pre-trained model.
Start:  2021-02-20 17:30:06.820552
----------------------------------------------------------------------------------------------------------------------------------------------------------------
test ent mean: 0.28305 | test ent std: 0.00344 |test acc mean:  0.85778 |test acc std:  0.00497 |
----------------------------------------------------------------------------------------------------------------------------------------------------------------
Finished:  2021-02-20 17:30:37.832629

Correlation between train loss and evaluation: -0.944

----------------------------------------------------------------------------------------------------------------------------------------------------------------
------------------------------------------------
Finished at: Sat Feb 20 17:30:38 GMT 2021
------------------------------------------------
