------------------------------------------------
Job ID: 37534327
Run on host: compg013.hpc.in.bmrc.ox.ac.uk
Operating system: Linux
Username: lhw539
Started at: Sat Feb 20 17:30:16 GMT 2021
------------------------------------------------
Loading share 1.00 train data.
Loading OASIS   val data.
Load model for sex - run: 1
Number of GPUs:  2

Full model is being tested with weights loaded from pre-trained model.
Start:  2021-02-20 17:30:22.127852
----------------------------------------------------------------------------------------------------------------------------------------------------------------
test ent mean: 0.36219 | test ent std: 0.00506 |test acc mean:  0.88000 |test acc std:  0.00497 |
----------------------------------------------------------------------------------------------------------------------------------------------------------------
Finished:  2021-02-20 17:30:54.848603

Correlation between train loss and evaluation: -0.995

----------------------------------------------------------------------------------------------------------------------------------------------------------------
------------------------------------------------
Finished at: Sat Feb 20 17:30:55 GMT 2021
------------------------------------------------
Test (in contrast to train):  True
Loading share 1.00  test data.
Load model for sex - run: 1
Number of GPUs:  1

Full model is being tested with weights loaded from pre-trained model.
Start:  2021-03-19 16:36:09.070045
----------------------------------------------------------------------------------------------------------------------------------------------------------------
