------------------------------------------------
Job ID: 39999595
Run on host: compg026.hpc.in.bmrc.ox.ac.uk
Operating system: Linux
Username: lhw539
Started at: Thu Mar 18 04:59:27 GMT 2021
------------------------------------------------
Loading share 1.00 train data.
Loading share 1.00   val data.
Load model for age - run: 0
Number of GPUs:  2
Epoch decay:  20
Gamma decay:  0.3

Full model is being trained with weights loaded from pre-trained model.
Start:  2021-03-18 04:59:33.237015
----------------------------------------------------------------------------------------------------------------------------------------------------------------
|epoch:   0 | lr: 0.100 |train kld: 2.00534 |train kld ravg: 2.00534 |train mae:  4.96614 |train mae ravg:  4.96614 |val kld: 1.85134 |val kldravg: 1.85134 |val mae:  4.14132 |val mae ravg:  4.14132 |
|epoch:   1 | lr: 0.100 |train kld: 1.71228 |train kld ravg: 1.85881 |train mae:  4.05036 |train mae ravg:  4.50825 |val kld: 1.68653 |val kldravg: 1.76893 |val mae:  3.88840 |val mae ravg:  4.01486 |
|epoch:   2 | lr: 0.100 |train kld: 1.67089 |train kld ravg: 1.79617 |train mae:  3.80757 |train mae ravg:  4.27469 |val kld: 1.62706 |val kldravg: 1.72164 |val mae:  3.63852 |val mae ravg:  3.88941 |
|epoch:   3 | lr: 0.100 |train kld: 1.65667 |train kld ravg: 1.76130 |train mae:  3.71940 |train mae ravg:  4.13587 |val kld: 1.61733 |val kldravg: 1.69557 |val mae:  3.27806 |val mae ravg:  3.73657 |
|epoch:   4 | lr: 0.100 |train kld: 1.67344 |train kld ravg: 1.74373 |train mae:  3.76764 |train mae ravg:  4.06223 |val kld: 1.59896 |val kldravg: 1.67624 |val mae:  3.45397 |val mae ravg:  3.68005 |
|epoch:   5 | lr: 0.100 |train kld: 1.59280 |train kld ravg: 1.66122 |train mae:  3.62676 |train mae ravg:  3.79435 |val kld: 1.73494 |val kldravg: 1.65296 |val mae:  3.52189 |val mae ravg:  3.55617 |
|epoch:   6 | lr: 0.100 |train kld: 1.70560 |train kld ravg: 1.65988 |train mae:  3.84156 |train mae ravg:  3.75259 |val kld: 1.66304 |val kldravg: 1.64827 |val mae:  3.44393 |val mae ravg:  3.46727 |
|epoch:   7 | lr: 0.100 |train kld: 1.61942 |train kld ravg: 1.64958 |train mae:  3.66242 |train mae ravg:  3.72356 |val kld: 1.61943 |val kldravg: 1.64674 |val mae:  3.39261 |val mae ravg:  3.41809 |
|epoch:   8 | lr: 0.100 |train kld: 1.57669 |train kld ravg: 1.63359 |train mae:  3.58849 |train mae ravg:  3.69738 |val kld: 1.57656 |val kldravg: 1.63859 |val mae:  3.58431 |val mae ravg:  3.47934 |
|epoch:   9 | lr: 0.100 |train kld: 1.64570 |train kld ravg: 1.62804 |train mae:  3.64641 |train mae ravg:  3.67313 |val kld: 1.69113 |val kldravg: 1.65702 |val mae:  3.40690 |val mae ravg:  3.46992 |
|epoch:  10 | lr: 0.100 |train kld: 1.59721 |train kld ravg: 1.62892 |train mae:  3.55374 |train mae ravg:  3.65852 |val kld: 1.56457 |val kldravg: 1.62295 |val mae:  3.50205 |val mae ravg:  3.46596 |
|epoch:  11 | lr: 0.100 |train kld: 1.64493 |train kld ravg: 1.61679 |train mae:  3.70869 |train mae ravg:  3.63195 |val kld: 1.63246 |val kldravg: 1.61683 |val mae:  3.33946 |val mae ravg:  3.44507 |
|epoch:  12 | lr: 0.100 |train kld: 1.65625 |train kld ravg: 1.62415 |train mae:  3.75587 |train mae ravg:  3.65064 |val kld: 1.63138 |val kldravg: 1.61922 |val mae:  3.58675 |val mae ravg:  3.48389 |
|epoch:  13 | lr: 0.100 |train kld: 1.62473 |train kld ravg: 1.63376 |train mae:  3.67772 |train mae ravg:  3.66849 |val kld: 1.59434 |val kldravg: 1.62278 |val mae:  3.58811 |val mae ravg:  3.48466 |
|epoch:  14 | lr: 0.100 |train kld: 1.67144 |train kld ravg: 1.63891 |train mae:  3.94360 |train mae ravg:  3.72792 |val kld: 1.59570 |val kldravg: 1.60369 |val mae:  3.46980 |val mae ravg:  3.49724 |
|epoch:  15 | lr: 0.100 |train kld: 1.61736 |train kld ravg: 1.64294 |train mae:  3.65439 |train mae ravg:  3.74805 |val kld: 1.55492 |val kldravg: 1.60176 |val mae:  3.60816 |val mae ravg:  3.51846 |
|epoch:  16 | lr: 0.100 |train kld: 1.59202 |train kld ravg: 1.63236 |train mae:  3.61710 |train mae ravg:  3.72974 |val kld: 1.57907 |val kldravg: 1.59108 |val mae:  3.24999 |val mae ravg:  3.50056 |
|epoch:  17 | lr: 0.100 |train kld: 1.65758 |train kld ravg: 1.63263 |train mae:  3.83354 |train mae ravg:  3.74527 |val kld: 1.58276 |val kldravg: 1.58136 |val mae:  3.43219 |val mae ravg:  3.46965 |
|epoch:  18 | lr: 0.100 |train kld: 1.66328 |train kld ravg: 1.64034 |train mae:  3.65693 |train mae ravg:  3.74111 |val kld: 1.55366 |val kldravg: 1.57322 |val mae:  3.40798 |val mae ravg:  3.43362 |
|epoch:  19 | lr: 0.100 |train kld: 1.58679 |train kld ravg: 1.62341 |train mae:  3.64027 |train mae ravg:  3.68044 |val kld: 1.63845 |val kldravg: 1.58177 |val mae:  3.80640 |val mae ravg:  3.50094 |
|epoch:  20 | lr: 0.030 |train kld: 1.56510 |train kld ravg: 1.61295 |train mae:  3.50155 |train mae ravg:  3.64988 |val kld: 1.56816 |val kldravg: 1.58442 |val mae:  3.41690 |val mae ravg:  3.46269 |
|epoch:  21 | lr: 0.030 |train kld: 1.54590 |train kld ravg: 1.60373 |train mae:  3.51577 |train mae ravg:  3.62961 |val kld: 1.56261 |val kldravg: 1.58113 |val mae:  3.48265 |val mae ravg:  3.50922 |
|epoch:  22 | lr: 0.030 |train kld: 1.55492 |train kld ravg: 1.58320 |train mae:  3.74774 |train mae ravg:  3.61245 |val kld: 1.59888 |val kldravg: 1.58435 |val mae:  3.49610 |val mae ravg:  3.52201 |
|epoch:  23 | lr: 0.030 |train kld: 1.54928 |train kld ravg: 1.56040 |train mae:  3.63232 |train mae ravg:  3.60753 |val kld: 1.57625 |val kldravg: 1.58887 |val mae:  3.54163 |val mae ravg:  3.54874 |
|epoch:  24 | lr: 0.030 |train kld: 1.54200 |train kld ravg: 1.55144 |train mae:  3.68922 |train mae ravg:  3.61732 |val kld: 1.57318 |val kldravg: 1.57582 |val mae:  3.43943 |val mae ravg:  3.47534 |
|epoch:  25 | lr: 0.030 |train kld: 1.54292 |train kld ravg: 1.54700 |train mae:  3.67686 |train mae ravg:  3.65238 |val kld: 1.54697 |val kldravg: 1.57158 |val mae:  3.45064 |val mae ravg:  3.48209 |
|epoch:  26 | lr: 0.030 |train kld: 1.54381 |train kld ravg: 1.54659 |train mae:  3.67453 |train mae ravg:  3.68413 |val kld: 1.55414 |val kldravg: 1.56988 |val mae:  3.47002 |val mae ravg:  3.47956 |
|epoch:  27 | lr: 0.030 |train kld: 1.53601 |train kld ravg: 1.54280 |train mae:  3.69155 |train mae ravg:  3.67290 |val kld: 1.54625 |val kldravg: 1.55936 |val mae:  3.55205 |val mae ravg:  3.49075 |
|epoch:  28 | lr: 0.030 |train kld: 1.50684 |train kld ravg: 1.53432 |train mae:  3.62679 |train mae ravg:  3.67179 |val kld: 1.55398 |val kldravg: 1.55490 |val mae:  3.33230 |val mae ravg:  3.44889 |
|epoch:  29 | lr: 0.030 |train kld: 1.53885 |train kld ravg: 1.53369 |train mae:  3.67140 |train mae ravg:  3.66823 |val kld: 1.54396 |val kldravg: 1.54906 |val mae:  3.44952 |val mae ravg:  3.45091 |
|epoch:  30 | lr: 0.030 |train kld: 1.55009 |train kld ravg: 1.53512 |train mae:  3.61835 |train mae ravg:  3.65652 |val kld: 1.52236 |val kldravg: 1.54414 |val mae:  3.36933 |val mae ravg:  3.43464 |
|epoch:  31 | lr: 0.030 |train kld: 1.52919 |train kld ravg: 1.53220 |train mae:  3.55154 |train mae ravg:  3.63192 |val kld: 1.50218 |val kldravg: 1.53375 |val mae:  3.35170 |val mae ravg:  3.41098 |
|epoch:  32 | lr: 0.030 |train kld: 1.53519 |train kld ravg: 1.53203 |train mae:  3.62098 |train mae ravg:  3.61781 |val kld: 1.56873 |val kldravg: 1.53824 |val mae:  3.44365 |val mae ravg:  3.38930 |
|epoch:  33 | lr: 0.030 |train kld: 1.53909 |train kld ravg: 1.53848 |train mae:  3.67281 |train mae ravg:  3.62701 |val kld: 1.53667 |val kldravg: 1.53478 |val mae:  3.41808 |val mae ravg:  3.40646 |
|epoch:  34 | lr: 0.030 |train kld: 1.55951 |train kld ravg: 1.54261 |train mae:  3.65558 |train mae ravg:  3.62385 |val kld: 1.54575 |val kldravg: 1.53514 |val mae:  3.31450 |val mae ravg:  3.37945 |
|epoch:  35 | lr: 0.030 |train kld: 1.57094 |train kld ravg: 1.54678 |train mae:  3.74211 |train mae ravg:  3.64860 |val kld: 1.54320 |val kldravg: 1.53931 |val mae:  3.40675 |val mae ravg:  3.38694 |
|epoch:  36 | lr: 0.030 |train kld: 1.56849 |train kld ravg: 1.55464 |train mae:  3.79123 |train mae ravg:  3.69654 |val kld: 1.54285 |val kldravg: 1.54744 |val mae:  3.37939 |val mae ravg:  3.39247 |
|epoch:  37 | lr: 0.030 |train kld: 1.50372 |train kld ravg: 1.54835 |train mae:  3.64846 |train mae ravg:  3.70204 |val kld: 1.54565 |val kldravg: 1.54282 |val mae:  3.41986 |val mae ravg:  3.38772 |
|epoch:  38 | lr: 0.030 |train kld: 1.51046 |train kld ravg: 1.54262 |train mae:  3.59614 |train mae ravg:  3.68671 |val kld: 1.55248 |val kldravg: 1.54598 |val mae:  3.42116 |val mae ravg:  3.38833 |
|epoch:  39 | lr: 0.030 |train kld: 1.55520 |train kld ravg: 1.54176 |train mae:  3.83423 |train mae ravg:  3.72244 |val kld: 1.51132 |val kldravg: 1.53910 |val mae:  3.44870 |val mae ravg:  3.41517 |
|epoch:  40 | lr: 0.009 |train kld: 1.50146 |train kld ravg: 1.52787 |train mae:  3.60208 |train mae ravg:  3.69443 |val kld: 1.51943 |val kldravg: 1.53434 |val mae:  3.39886 |val mae ravg:  3.41359 |
|epoch:  41 | lr: 0.009 |train kld: 1.53770 |train kld ravg: 1.52171 |train mae:  3.72134 |train mae ravg:  3.68045 |val kld: 1.53682 |val kldravg: 1.53314 |val mae:  3.48939 |val mae ravg:  3.43559 |
|epoch:  42 | lr: 0.009 |train kld: 1.55356 |train kld ravg: 1.53168 |train mae:  3.76641 |train mae ravg:  3.70404 |val kld: 1.55600 |val kldravg: 1.53521 |val mae:  3.42642 |val mae ravg:  3.43691 |
|epoch:  43 | lr: 0.009 |train kld: 1.52542 |train kld ravg: 1.53467 |train mae:  3.68406 |train mae ravg:  3.72162 |val kld: 1.55423 |val kldravg: 1.53556 |val mae:  3.42754 |val mae ravg:  3.43818 |
|epoch:  44 | lr: 0.009 |train kld: 1.53849 |train kld ravg: 1.53133 |train mae:  3.83609 |train mae ravg:  3.72199 |val kld: 1.56012 |val kldravg: 1.54532 |val mae:  3.49875 |val mae ravg:  3.44819 |
|epoch:  45 | lr: 0.009 |train kld: 1.50041 |train kld ravg: 1.53112 |train mae:  3.59461 |train mae ravg:  3.72050 |val kld: 1.54262 |val kldravg: 1.54996 |val mae:  3.39122 |val mae ravg:  3.44666 |
|epoch:  46 | lr: 0.009 |train kld: 1.51381 |train kld ravg: 1.52634 |train mae:  3.62215 |train mae ravg:  3.70066 |val kld: 1.53449 |val kldravg: 1.54949 |val mae:  3.45780 |val mae ravg:  3.44034 |
|epoch:  47 | lr: 0.009 |train kld: 1.46902 |train kld ravg: 1.50943 |train mae:  3.54187 |train mae ravg:  3.65576 |val kld: 1.55336 |val kldravg: 1.54896 |val mae:  3.47068 |val mae ravg:  3.44920 |
|epoch:  48 | lr: 0.009 |train kld: 1.51064 |train kld ravg: 1.50647 |train mae:  3.63518 |train mae ravg:  3.64598 |val kld: 1.55389 |val kldravg: 1.54890 |val mae:  3.33019 |val mae ravg:  3.42973 |
|epoch:  49 | lr: 0.009 |train kld: 1.50101 |train kld ravg: 1.49898 |train mae:  3.58821 |train mae ravg:  3.59640 |val kld: 1.54346 |val kldravg: 1.54556 |val mae:  3.36337 |val mae ravg:  3.40265 |
|epoch:  50 | lr: 0.009 |train kld: 1.50703 |train kld ravg: 1.50030 |train mae:  3.69415 |train mae ravg:  3.61631 |val kld: 1.55646 |val kldravg: 1.54833 |val mae:  3.45031 |val mae ravg:  3.41447 |
|epoch:  51 | lr: 0.009 |train kld: 1.50278 |train kld ravg: 1.49810 |train mae:  3.51188 |train mae ravg:  3.59426 |val kld: 1.56317 |val kldravg: 1.55407 |val mae:  3.47750 |val mae ravg:  3.41841 |
|epoch:  52 | lr: 0.009 |train kld: 1.52541 |train kld ravg: 1.50938 |train mae:  3.68781 |train mae ravg:  3.62345 |val kld: 1.57383 |val kldravg: 1.55816 |val mae:  3.57397 |val mae ravg:  3.43907 |
|epoch:  53 | lr: 0.009 |train kld: 1.53579 |train kld ravg: 1.51441 |train mae:  3.79732 |train mae ravg:  3.65587 |val kld: 1.52374 |val kldravg: 1.55213 |val mae:  3.34148 |val mae ravg:  3.44133 |
|epoch:  54 | lr: 0.009 |train kld: 1.51020 |train kld ravg: 1.51624 |train mae:  3.71811 |train mae ravg:  3.68185 |val kld: 1.56523 |val kldravg: 1.55648 |val mae:  3.48269 |val mae ravg:  3.46519 |
|epoch:  55 | lr: 0.009 |train kld: 1.51674 |train kld ravg: 1.51819 |train mae:  3.72088 |train mae ravg:  3.68720 |val kld: 1.54383 |val kldravg: 1.55396 |val mae:  3.44400 |val mae ravg:  3.46393 |
|epoch:  56 | lr: 0.009 |train kld: 1.52457 |train kld ravg: 1.52254 |train mae:  3.69515 |train mae ravg:  3.72385 |val kld: 1.53600 |val kldravg: 1.54852 |val mae:  3.34529 |val mae ravg:  3.43749 |
|epoch:  57 | lr: 0.009 |train kld: 1.50261 |train kld ravg: 1.51798 |train mae:  3.66059 |train mae ravg:  3.71841 |val kld: 1.51176 |val kldravg: 1.53611 |val mae:  3.26842 |val mae ravg:  3.37638 |
|epoch:  58 | lr: 0.009 |train kld: 1.50122 |train kld ravg: 1.51107 |train mae:  3.55805 |train mae ravg:  3.67056 |val kld: 1.54992 |val kldravg: 1.54135 |val mae:  3.51401 |val mae ravg:  3.41088 |
|epoch:  59 | lr: 0.009 |train kld: 1.51656 |train kld ravg: 1.51234 |train mae:  3.66562 |train mae ravg:  3.66006 |val kld: 1.55218 |val kldravg: 1.53874 |val mae:  3.37152 |val mae ravg:  3.38865 |
|epoch:  60 | lr: 0.003 |train kld: 1.50523 |train kld ravg: 1.51004 |train mae:  3.62130 |train mae ravg:  3.64014 |val kld: 1.56714 |val kldravg: 1.54340 |val mae:  3.48615 |val mae ravg:  3.39708 |
|epoch:  61 | lr: 0.003 |train kld: 1.46837 |train kld ravg: 1.49880 |train mae:  3.57654 |train mae ravg:  3.61642 |val kld: 1.52181 |val kldravg: 1.54056 |val mae:  3.27721 |val mae ravg:  3.38346 |
|epoch:  62 | lr: 0.003 |train kld: 1.51845 |train kld ravg: 1.50197 |train mae:  3.66696 |train mae ravg:  3.61769 |val kld: 1.55103 |val kldravg: 1.54841 |val mae:  3.48288 |val mae ravg:  3.42635 |
|epoch:  63 | lr: 0.003 |train kld: 1.54219 |train kld ravg: 1.51016 |train mae:  3.74580 |train mae ravg:  3.65524 |val kld: 1.56169 |val kldravg: 1.55077 |val mae:  3.60236 |val mae ravg:  3.44402 |
|epoch:  64 | lr: 0.003 |train kld: 1.50320 |train kld ravg: 1.50749 |train mae:  3.66430 |train mae ravg:  3.65498 |val kld: 1.50398 |val kldravg: 1.54113 |val mae:  3.30976 |val mae ravg:  3.43167 |
|epoch:  65 | lr: 0.003 |train kld: 1.48527 |train kld ravg: 1.50350 |train mae:  3.60001 |train mae ravg:  3.65072 |val kld: 1.53390 |val kldravg: 1.53448 |val mae:  3.34085 |val mae ravg:  3.40261 |
|epoch:  66 | lr: 0.003 |train kld: 1.49742 |train kld ravg: 1.50931 |train mae:  3.68604 |train mae ravg:  3.67262 |val kld: 1.50394 |val kldravg: 1.53091 |val mae:  3.31998 |val mae ravg:  3.41116 |
|epoch:  67 | lr: 0.003 |train kld: 1.50831 |train kld ravg: 1.50728 |train mae:  3.73762 |train mae ravg:  3.68675 |val kld: 1.53993 |val kldravg: 1.52869 |val mae:  3.40972 |val mae ravg:  3.39653 |
|epoch:  68 | lr: 0.003 |train kld: 1.50123 |train kld ravg: 1.49909 |train mae:  3.63936 |train mae ravg:  3.66547 |val kld: 1.51729 |val kldravg: 1.51981 |val mae:  3.34511 |val mae ravg:  3.34508 |
|epoch:  69 | lr: 0.003 |train kld: 1.50939 |train kld ravg: 1.50032 |train mae:  3.67884 |train mae ravg:  3.66837 |val kld: 1.57285 |val kldravg: 1.53358 |val mae:  3.46541 |val mae ravg:  3.37621 |
|epoch:  70 | lr: 0.003 |train kld: 1.48831 |train kld ravg: 1.50093 |train mae:  3.55966 |train mae ravg:  3.66030 |val kld: 1.54500 |val kldravg: 1.53580 |val mae:  3.42307 |val mae ravg:  3.39266 |
|epoch:  71 | lr: 0.003 |train kld: 1.48121 |train kld ravg: 1.49769 |train mae:  3.58067 |train mae ravg:  3.63923 |val kld: 1.54055 |val kldravg: 1.54312 |val mae:  3.34962 |val mae ravg:  3.39859 |
|epoch:  72 | lr: 0.003 |train kld: 1.52348 |train kld ravg: 1.50072 |train mae:  3.70711 |train mae ravg:  3.63313 |val kld: 1.55405 |val kldravg: 1.54595 |val mae:  3.49624 |val mae ravg:  3.41589 |
|epoch:  73 | lr: 0.003 |train kld: 1.50745 |train kld ravg: 1.50197 |train mae:  3.71370 |train mae ravg:  3.64800 |val kld: 1.49566 |val kldravg: 1.54162 |val mae:  3.29429 |val mae ravg:  3.40573 |
|epoch:  74 | lr: 0.003 |train kld: 1.49213 |train kld ravg: 1.49852 |train mae:  3.65547 |train mae ravg:  3.64332 |val kld: 1.51346 |val kldravg: 1.52974 |val mae:  3.32714 |val mae ravg:  3.37807 |
|epoch:  75 | lr: 0.003 |train kld: 1.48746 |train kld ravg: 1.49835 |train mae:  3.57023 |train mae ravg:  3.64544 |val kld: 1.50292 |val kldravg: 1.52133 |val mae:  3.28424 |val mae ravg:  3.35031 |
|epoch:  76 | lr: 0.003 |train kld: 1.51192 |train kld ravg: 1.50449 |train mae:  3.71019 |train mae ravg:  3.67134 |val kld: 1.52081 |val kldravg: 1.51738 |val mae:  3.43995 |val mae ravg:  3.36837 |
|epoch:  77 | lr: 0.003 |train kld: 1.52672 |train kld ravg: 1.50513 |train mae:  3.72829 |train mae ravg:  3.67558 |val kld: 1.55705 |val kldravg: 1.51798 |val mae:  3.48148 |val mae ravg:  3.36542 |
|epoch:  78 | lr: 0.003 |train kld: 1.50993 |train kld ravg: 1.50563 |train mae:  3.68449 |train mae ravg:  3.66974 |val kld: 1.53536 |val kldravg: 1.52592 |val mae:  3.44353 |val mae ravg:  3.39527 |
|epoch:  79 | lr: 0.003 |train kld: 1.53160 |train kld ravg: 1.51352 |train mae:  3.69219 |train mae ravg:  3.67708 |val kld: 1.51994 |val kldravg: 1.52721 |val mae:  3.23654 |val mae ravg:  3.37715 |
|epoch:  80 | lr: 0.001 |train kld: 1.53297 |train kld ravg: 1.52263 |train mae:  3.82717 |train mae ravg:  3.72847 |val kld: 1.54047 |val kldravg: 1.53472 |val mae:  3.37072 |val mae ravg:  3.39444 |
|epoch:  81 | lr: 0.001 |train kld: 1.51158 |train kld ravg: 1.52256 |train mae:  3.64215 |train mae ravg:  3.71486 |val kld: 1.51636 |val kldravg: 1.53383 |val mae:  3.38094 |val mae ravg:  3.38264 |
|epoch:  82 | lr: 0.001 |train kld: 1.51963 |train kld ravg: 1.52114 |train mae:  3.72095 |train mae ravg:  3.71339 |val kld: 1.54654 |val kldravg: 1.53173 |val mae:  3.33567 |val mae ravg:  3.35348 |
|epoch:  83 | lr: 0.001 |train kld: 1.48485 |train kld ravg: 1.51613 |train mae:  3.59230 |train mae ravg:  3.69495 |val kld: 1.55193 |val kldravg: 1.53505 |val mae:  3.55296 |val mae ravg:  3.37536 |
|epoch:  84 | lr: 0.001 |train kld: 1.50922 |train kld ravg: 1.51165 |train mae:  3.66720 |train mae ravg:  3.68995 |val kld: 1.54148 |val kldravg: 1.53936 |val mae:  3.39851 |val mae ravg:  3.40776 |
|epoch:  85 | lr: 0.001 |train kld: 1.49685 |train kld ravg: 1.50443 |train mae:  3.67059 |train mae ravg:  3.65864 |val kld: 1.55934 |val kldravg: 1.54313 |val mae:  3.52641 |val mae ravg:  3.43890 |
|epoch:  86 | lr: 0.001 |train kld: 1.50905 |train kld ravg: 1.50392 |train mae:  3.72484 |train mae ravg:  3.67518 |val kld: 1.53739 |val kldravg: 1.54734 |val mae:  3.47850 |val mae ravg:  3.45841 |
|epoch:  87 | lr: 0.001 |train kld: 1.48258 |train kld ravg: 1.49651 |train mae:  3.64189 |train mae ravg:  3.65936 |val kld: 1.55108 |val kldravg: 1.54824 |val mae:  3.52743 |val mae ravg:  3.49676 |
|epoch:  88 | lr: 0.001 |train kld: 1.51070 |train kld ravg: 1.50168 |train mae:  3.75218 |train mae ravg:  3.69134 |val kld: 1.55335 |val kldravg: 1.54853 |val mae:  3.37583 |val mae ravg:  3.46133 |
|epoch:  89 | lr: 0.001 |train kld: 1.52037 |train kld ravg: 1.50391 |train mae:  3.74411 |train mae ravg:  3.70672 |val kld: 1.52886 |val kldravg: 1.54600 |val mae:  3.36459 |val mae ravg:  3.45455 |
|epoch:  90 | lr: 0.001 |train kld: 1.49397 |train kld ravg: 1.50334 |train mae:  3.66255 |train mae ravg:  3.70511 |val kld: 1.53873 |val kldravg: 1.54188 |val mae:  3.41416 |val mae ravg:  3.43210 |
|epoch:  91 | lr: 0.001 |train kld: 1.51743 |train kld ravg: 1.50501 |train mae:  3.70832 |train mae ravg:  3.70181 |val kld: 1.51719 |val kldravg: 1.53784 |val mae:  3.42753 |val mae ravg:  3.42191 |
|epoch:  92 | lr: 0.001 |train kld: 1.50202 |train kld ravg: 1.50890 |train mae:  3.67078 |train mae ravg:  3.70759 |val kld: 1.52464 |val kldravg: 1.53255 |val mae:  3.39515 |val mae ravg:  3.39545 |
|epoch:  93 | lr: 0.001 |train kld: 1.50591 |train kld ravg: 1.50794 |train mae:  3.67199 |train mae ravg:  3.69155 |val kld: 1.54660 |val kldravg: 1.53120 |val mae:  3.41988 |val mae ravg:  3.40426 |
|epoch:  94 | lr: 0.001 |train kld: 1.51158 |train kld ravg: 1.50618 |train mae:  3.74255 |train mae ravg:  3.69124 |val kld: 1.53188 |val kldravg: 1.53181 |val mae:  3.40157 |val mae ravg:  3.41166 |
|epoch:  95 | lr: 0.001 |train kld: 1.50473 |train kld ravg: 1.50834 |train mae:  3.64530 |train mae ravg:  3.68779 |val kld: 1.53780 |val kldravg: 1.53162 |val mae:  3.35123 |val mae ravg:  3.39907 |
|epoch:  96 | lr: 0.001 |train kld: 1.50931 |train kld ravg: 1.50671 |train mae:  3.63254 |train mae ravg:  3.67263 |val kld: 1.55540 |val kldravg: 1.53926 |val mae:  3.51214 |val mae ravg:  3.41599 |
|epoch:  97 | lr: 0.001 |train kld: 1.50487 |train kld ravg: 1.50728 |train mae:  3.71061 |train mae ravg:  3.68060 |val kld: 1.55477 |val kldravg: 1.54529 |val mae:  3.52010 |val mae ravg:  3.44098 |
|epoch:  98 | lr: 0.001 |train kld: 1.51854 |train kld ravg: 1.50981 |train mae:  3.67865 |train mae ravg:  3.68193 |val kld: 1.54856 |val kldravg: 1.54568 |val mae:  3.35460 |val mae ravg:  3.42793 |
|epoch:  99 | lr: 0.001 |train kld: 1.49804 |train kld ravg: 1.50710 |train mae:  3.68117 |train mae ravg:  3.66965 |val kld: 1.52987 |val kldravg: 1.54528 |val mae:  3.38699 |val mae ravg:  3.42501 |
----------------------------------------------------------------------------------------------------------------------------------------------------------------
Finished:  2021-03-18 05:46:36.378508

Correlation between train loss and evaluation: 0.747

----------------------------------------------------------------------------------------------------------------------------------------------------------------
Save configfile.
------------------------------------------------
Finished at: Thu Mar 18 05:46:37 GMT 2021
------------------------------------------------
