------------------------------------------------
Job ID: 41684805
Run on host: compg009.hpc.in.bmrc.ox.ac.uk
Operating system: Linux
Username: lhw539
Started at: Sat Mar 27 05:25:14 GMT 2021
------------------------------------------------
Test (in contrast to train):  False
Loading ixi train data.
The data was balanced for  sex .
Loading ixi   val data.
The data was balanced for  sex .
Number of GPUs:  2
Epoch decay:  30
Gamma decay:  0.5

Full model is being trained with random initialization.
Start:  2021-03-27 05:25:20.193266
----------------------------------------------------------------------------------------------------------------------------------------------------------------
|epoch:   0 | lr: 0.100 |train ent: 0.78461 |train ent ravg: 0.78461 |train acc:  0.57083 |train acc ravg:  0.57083 |val ent: 10.23283 |val entravg: 10.23283 |val acc:  0.50000 |val acc ravg:  0.50000 |
|epoch:   1 | lr: 0.100 |train ent: 1.10554 |train ent ravg: 0.94507 |train acc:  0.52917 |train acc ravg:  0.55000 |val ent: 0.81193 |val entravg: 5.52238 |val acc:  0.50833 |val acc ravg:  0.50417 |
|epoch:   2 | lr: 0.100 |train ent: 0.75808 |train ent ravg: 0.88274 |train acc:  0.53333 |train acc ravg:  0.54444 |val ent: 1.47142 |val entravg: 4.17206 |val acc:  0.51667 |val acc ravg:  0.50833 |
|epoch:   3 | lr: 0.100 |train ent: 0.73609 |train ent ravg: 0.84608 |train acc:  0.55833 |train acc ravg:  0.54792 |val ent: 0.76232 |val entravg: 3.31963 |val acc:  0.50833 |val acc ravg:  0.50833 |
|epoch:   4 | lr: 0.100 |train ent: 0.69025 |train ent ravg: 0.81491 |train acc:  0.53333 |train acc ravg:  0.54500 |val ent: 0.70604 |val entravg: 2.79691 |val acc:  0.54167 |val acc ravg:  0.51500 |
|epoch:   5 | lr: 0.100 |train ent: 0.69066 |train ent ravg: 0.79612 |train acc:  0.56250 |train acc ravg:  0.54333 |val ent: 0.70354 |val entravg: 0.89105 |val acc:  0.47500 |val acc ravg:  0.51000 |
|epoch:   6 | lr: 0.100 |train ent: 0.69286 |train ent ravg: 0.71359 |train acc:  0.56667 |train acc ravg:  0.55083 |val ent: 0.77683 |val entravg: 0.88403 |val acc:  0.53333 |val acc ravg:  0.51500 |
|epoch:   7 | lr: 0.100 |train ent: 0.70827 |train ent ravg: 0.70363 |train acc:  0.52083 |train acc ravg:  0.54833 |val ent: 0.74023 |val entravg: 0.73779 |val acc:  0.50000 |val acc ravg:  0.51167 |
|epoch:   8 | lr: 0.100 |train ent: 0.70102 |train ent ravg: 0.69661 |train acc:  0.52500 |train acc ravg:  0.54167 |val ent: 0.73164 |val entravg: 0.73166 |val acc:  0.50000 |val acc ravg:  0.51000 |
|epoch:   9 | lr: 0.100 |train ent: 0.70600 |train ent ravg: 0.69977 |train acc:  0.50000 |train acc ravg:  0.53500 |val ent: 0.71323 |val entravg: 0.73310 |val acc:  0.50000 |val acc ravg:  0.50167 |
|epoch:  10 | lr: 0.100 |train ent: 0.67337 |train ent ravg: 0.69631 |train acc:  0.59583 |train acc ravg:  0.54167 |val ent: 0.72904 |val entravg: 0.73820 |val acc:  0.50000 |val acc ravg:  0.50667 |
|epoch:  11 | lr: 0.100 |train ent: 0.68901 |train ent ravg: 0.69554 |train acc:  0.56667 |train acc ravg:  0.54167 |val ent: 0.68843 |val entravg: 0.72051 |val acc:  0.54167 |val acc ravg:  0.50833 |
|epoch:  12 | lr: 0.100 |train ent: 0.66237 |train ent ravg: 0.68636 |train acc:  0.59167 |train acc ravg:  0.55583 |val ent: 1.01518 |val entravg: 0.77550 |val acc:  0.48333 |val acc ravg:  0.50500 |
|epoch:  13 | lr: 0.100 |train ent: 0.73804 |train ent ravg: 0.69376 |train acc:  0.53333 |train acc ravg:  0.55750 |val ent: 0.79010 |val entravg: 0.78719 |val acc:  0.50833 |val acc ravg:  0.50667 |
|epoch:  14 | lr: 0.100 |train ent: 0.71512 |train ent ravg: 0.69558 |train acc:  0.52500 |train acc ravg:  0.56250 |val ent: 0.69006 |val entravg: 0.78256 |val acc:  0.49167 |val acc ravg:  0.50500 |
|epoch:  15 | lr: 0.100 |train ent: 0.68466 |train ent ravg: 0.69784 |train acc:  0.52500 |train acc ravg:  0.54833 |val ent: 0.85784 |val entravg: 0.80832 |val acc:  0.53333 |val acc ravg:  0.51167 |
|epoch:  16 | lr: 0.100 |train ent: 0.70880 |train ent ravg: 0.70180 |train acc:  0.51250 |train acc ravg:  0.53750 |val ent: 0.68709 |val entravg: 0.80805 |val acc:  0.53333 |val acc ravg:  0.51000 |
|epoch:  17 | lr: 0.100 |train ent: 0.69320 |train ent ravg: 0.70797 |train acc:  0.58750 |train acc ravg:  0.53667 |val ent: 4.52559 |val entravg: 1.51014 |val acc:  0.49167 |val acc ravg:  0.51167 |
|epoch:  18 | lr: 0.100 |train ent: 0.65662 |train ent ravg: 0.69168 |train acc:  0.61667 |train acc ravg:  0.55333 |val ent: 0.70821 |val entravg: 1.49376 |val acc:  0.50000 |val acc ravg:  0.51000 |
|epoch:  19 | lr: 0.100 |train ent: 0.69607 |train ent ravg: 0.68787 |train acc:  0.55833 |train acc ravg:  0.56000 |val ent: 0.68433 |val entravg: 1.49261 |val acc:  0.51667 |val acc ravg:  0.51500 |
|epoch:  20 | lr: 0.100 |train ent: 0.69544 |train ent ravg: 0.69003 |train acc:  0.52917 |train acc ravg:  0.56083 |val ent: 0.69471 |val entravg: 1.45999 |val acc:  0.53333 |val acc ravg:  0.51500 |
|epoch:  21 | lr: 0.100 |train ent: 0.68208 |train ent ravg: 0.68468 |train acc:  0.55000 |train acc ravg:  0.56833 |val ent: 0.75282 |val entravg: 1.47313 |val acc:  0.48333 |val acc ravg:  0.50500 |
|epoch:  22 | lr: 0.100 |train ent: 0.70824 |train ent ravg: 0.68769 |train acc:  0.53750 |train acc ravg:  0.55833 |val ent: 3.05752 |val entravg: 1.17952 |val acc:  0.50000 |val acc ravg:  0.50667 |
|epoch:  23 | lr: 0.100 |train ent: 0.72335 |train ent ravg: 0.70104 |train acc:  0.53750 |train acc ravg:  0.54250 |val ent: 0.69521 |val entravg: 1.17692 |val acc:  0.50000 |val acc ravg:  0.50667 |
|epoch:  24 | lr: 0.100 |train ent: 0.69485 |train ent ravg: 0.70079 |train acc:  0.53333 |train acc ravg:  0.53750 |val ent: 0.70244 |val entravg: 1.18054 |val acc:  0.55833 |val acc ravg:  0.51500 |
|epoch:  25 | lr: 0.100 |train ent: 0.70434 |train ent ravg: 0.70257 |train acc:  0.50417 |train acc ravg:  0.53250 |val ent: 0.74863 |val entravg: 1.19132 |val acc:  0.49167 |val acc ravg:  0.50667 |
|epoch:  26 | lr: 0.100 |train ent: 0.71039 |train ent ravg: 0.70823 |train acc:  0.50833 |train acc ravg:  0.52417 |val ent: 0.70218 |val entravg: 1.18119 |val acc:  0.50000 |val acc ravg:  0.51000 |
|epoch:  27 | lr: 0.100 |train ent: 0.69954 |train ent ravg: 0.70649 |train acc:  0.50833 |train acc ravg:  0.51833 |val ent: 0.68793 |val entravg: 0.70728 |val acc:  0.50833 |val acc ravg:  0.51167 |
|epoch:  28 | lr: 0.100 |train ent: 0.70193 |train ent ravg: 0.70221 |train acc:  0.52083 |train acc ravg:  0.51500 |val ent: 0.70337 |val entravg: 0.70891 |val acc:  0.50833 |val acc ravg:  0.51333 |
|epoch:  29 | lr: 0.100 |train ent: 0.71849 |train ent ravg: 0.70694 |train acc:  0.51667 |train acc ravg:  0.51167 |val ent: 0.71659 |val entravg: 0.71174 |val acc:  0.52500 |val acc ravg:  0.50667 |
|epoch:  30 | lr: 0.050 |train ent: 0.69399 |train ent ravg: 0.70487 |train acc:  0.52083 |train acc ravg:  0.51500 |val ent: 0.70290 |val entravg: 0.70259 |val acc:  0.50000 |val acc ravg:  0.50833 |
|epoch:  31 | lr: 0.050 |train ent: 0.68504 |train ent ravg: 0.69980 |train acc:  0.50833 |train acc ravg:  0.51500 |val ent: 0.68780 |val entravg: 0.69972 |val acc:  0.50833 |val acc ravg:  0.51000 |
|epoch:  32 | lr: 0.050 |train ent: 0.69445 |train ent ravg: 0.69878 |train acc:  0.57500 |train acc ravg:  0.52833 |val ent: 0.73578 |val entravg: 0.70929 |val acc:  0.50833 |val acc ravg:  0.51000 |
|epoch:  33 | lr: 0.050 |train ent: 0.69444 |train ent ravg: 0.69728 |train acc:  0.54167 |train acc ravg:  0.53250 |val ent: 0.69381 |val entravg: 0.70738 |val acc:  0.51667 |val acc ravg:  0.51167 |
|epoch:  34 | lr: 0.050 |train ent: 0.68173 |train ent ravg: 0.68993 |train acc:  0.59167 |train acc ravg:  0.54750 |val ent: 0.70287 |val entravg: 0.70463 |val acc:  0.50833 |val acc ravg:  0.50833 |
|epoch:  35 | lr: 0.050 |train ent: 0.67910 |train ent ravg: 0.68695 |train acc:  0.55417 |train acc ravg:  0.55417 |val ent: 2.35022 |val entravg: 1.03410 |val acc:  0.50833 |val acc ravg:  0.51000 |
|epoch:  36 | lr: 0.050 |train ent: 0.68038 |train ent ravg: 0.68602 |train acc:  0.55417 |train acc ravg:  0.56333 |val ent: 1.39189 |val entravg: 1.17491 |val acc:  0.52500 |val acc ravg:  0.51333 |
|epoch:  37 | lr: 0.050 |train ent: 0.68430 |train ent ravg: 0.68399 |train acc:  0.54167 |train acc ravg:  0.55667 |val ent: 0.69291 |val entravg: 1.16634 |val acc:  0.53333 |val acc ravg:  0.51833 |
|epoch:  38 | lr: 0.050 |train ent: 0.70342 |train ent ravg: 0.68579 |train acc:  0.56250 |train acc ravg:  0.56083 |val ent: 3.45521 |val entravg: 1.71862 |val acc:  0.50000 |val acc ravg:  0.51500 |
|epoch:  39 | lr: 0.050 |train ent: 0.69195 |train ent ravg: 0.68783 |train acc:  0.54583 |train acc ravg:  0.55167 |val ent: 0.74028 |val entravg: 1.72610 |val acc:  0.50000 |val acc ravg:  0.51333 |
|epoch:  40 | lr: 0.050 |train ent: 0.66947 |train ent ravg: 0.68591 |train acc:  0.57500 |train acc ravg:  0.55583 |val ent: 0.69836 |val entravg: 1.39573 |val acc:  0.50000 |val acc ravg:  0.51167 |
|epoch:  41 | lr: 0.050 |train ent: 0.68531 |train ent ravg: 0.68689 |train acc:  0.55833 |train acc ravg:  0.55667 |val ent: 0.69538 |val entravg: 1.25643 |val acc:  0.51667 |val acc ravg:  0.51000 |
|epoch:  42 | lr: 0.050 |train ent: 0.67415 |train ent ravg: 0.68486 |train acc:  0.57083 |train acc ravg:  0.56250 |val ent: 0.74545 |val entravg: 1.26694 |val acc:  0.52500 |val acc ravg:  0.50833 |
|epoch:  43 | lr: 0.050 |train ent: 0.68403 |train ent ravg: 0.68098 |train acc:  0.57500 |train acc ravg:  0.56500 |val ent: 0.77294 |val entravg: 0.73048 |val acc:  0.49167 |val acc ravg:  0.50667 |
|epoch:  44 | lr: 0.050 |train ent: 0.67039 |train ent ravg: 0.67667 |train acc:  0.57917 |train acc ravg:  0.57167 |val ent: 0.71914 |val entravg: 0.72626 |val acc:  0.50833 |val acc ravg:  0.50833 |
|epoch:  45 | lr: 0.050 |train ent: 0.63921 |train ent ravg: 0.67062 |train acc:  0.66667 |train acc ravg:  0.59000 |val ent: 4.66652 |val entravg: 1.51989 |val acc:  0.49167 |val acc ravg:  0.50667 |
|epoch:  46 | lr: 0.050 |train ent: 0.68067 |train ent ravg: 0.66969 |train acc:  0.60833 |train acc ravg:  0.60000 |val ent: 3.60383 |val entravg: 2.10158 |val acc:  0.49167 |val acc ravg:  0.50167 |
|epoch:  47 | lr: 0.050 |train ent: 0.67137 |train ent ravg: 0.66913 |train acc:  0.58750 |train acc ravg:  0.60333 |val ent: 0.77355 |val entravg: 2.10720 |val acc:  0.50833 |val acc ravg:  0.49833 |
|epoch:  48 | lr: 0.050 |train ent: 0.61444 |train ent ravg: 0.65522 |train acc:  0.67917 |train acc ravg:  0.62417 |val ent: 0.83790 |val entravg: 2.12019 |val acc:  0.50000 |val acc ravg:  0.50000 |
|epoch:  49 | lr: 0.050 |train ent: 0.68755 |train ent ravg: 0.65865 |train acc:  0.62917 |train acc ravg:  0.63417 |val ent: 0.78263 |val entravg: 2.13289 |val acc:  0.50833 |val acc ravg:  0.50000 |
|epoch:  50 | lr: 0.050 |train ent: 0.70626 |train ent ravg: 0.67206 |train acc:  0.52500 |train acc ravg:  0.60583 |val ent: 0.77895 |val entravg: 1.35537 |val acc:  0.51667 |val acc ravg:  0.50500 |
|epoch:  51 | lr: 0.050 |train ent: 0.69177 |train ent ravg: 0.67428 |train acc:  0.56667 |train acc ravg:  0.59750 |val ent: 0.70202 |val entravg: 0.77501 |val acc:  0.50833 |val acc ravg:  0.50833 |
|epoch:  52 | lr: 0.050 |train ent: 0.67826 |train ent ravg: 0.67565 |train acc:  0.57083 |train acc ravg:  0.59417 |val ent: 0.70747 |val entravg: 0.76179 |val acc:  0.55000 |val acc ravg:  0.51667 |
|epoch:  53 | lr: 0.050 |train ent: 0.71272 |train ent ravg: 0.69531 |train acc:  0.51250 |train acc ravg:  0.56083 |val ent: 0.68649 |val entravg: 0.73151 |val acc:  0.51667 |val acc ravg:  0.52000 |
|epoch:  54 | lr: 0.050 |train ent: 0.67462 |train ent ravg: 0.69273 |train acc:  0.55417 |train acc ravg:  0.54583 |val ent: 0.69513 |val entravg: 0.71401 |val acc:  0.55000 |val acc ravg:  0.52833 |
|epoch:  55 | lr: 0.050 |train ent: 0.68127 |train ent ravg: 0.68773 |train acc:  0.54583 |train acc ravg:  0.55000 |val ent: 0.80826 |val entravg: 0.71987 |val acc:  0.50833 |val acc ravg:  0.52667 |
|epoch:  56 | lr: 0.050 |train ent: 0.67444 |train ent ravg: 0.68426 |train acc:  0.58333 |train acc ravg:  0.55333 |val ent: 28.40412 |val entravg: 6.26030 |val acc:  0.48333 |val acc ravg:  0.52167 |
|epoch:  57 | lr: 0.050 |train ent: 0.71737 |train ent ravg: 0.69208 |train acc:  0.51250 |train acc ravg:  0.54167 |val ent: 0.73305 |val entravg: 6.26541 |val acc:  0.50000 |val acc ravg:  0.51167 |
|epoch:  58 | lr: 0.050 |train ent: 0.70579 |train ent ravg: 0.69070 |train acc:  0.50417 |train acc ravg:  0.54000 |val ent: 0.69427 |val entravg: 6.26697 |val acc:  0.53333 |val acc ravg:  0.51500 |
|epoch:  59 | lr: 0.050 |train ent: 0.70014 |train ent ravg: 0.69580 |train acc:  0.56250 |train acc ravg:  0.54167 |val ent: 0.71572 |val entravg: 6.27109 |val acc:  0.51667 |val acc ravg:  0.50833 |
|epoch:  60 | lr: 0.025 |train ent: 0.68467 |train ent ravg: 0.69648 |train acc:  0.55833 |train acc ravg:  0.54417 |val ent: 0.68029 |val entravg: 6.24549 |val acc:  0.55833 |val acc ravg:  0.51833 |
|epoch:  61 | lr: 0.025 |train ent: 0.68087 |train ent ravg: 0.69777 |train acc:  0.56667 |train acc ravg:  0.54083 |val ent: 0.69577 |val entravg: 0.70382 |val acc:  0.52500 |val acc ravg:  0.52667 |
|epoch:  62 | lr: 0.025 |train ent: 0.67385 |train ent ravg: 0.68906 |train acc:  0.58750 |train acc ravg:  0.55583 |val ent: 0.70036 |val entravg: 0.69728 |val acc:  0.54167 |val acc ravg:  0.53500 |
|epoch:  63 | lr: 0.025 |train ent: 0.66993 |train ent ravg: 0.68189 |train acc:  0.60833 |train acc ravg:  0.57667 |val ent: 0.69383 |val entravg: 0.69719 |val acc:  0.51667 |val acc ravg:  0.53167 |
|epoch:  64 | lr: 0.025 |train ent: 0.65642 |train ent ravg: 0.67315 |train acc:  0.61250 |train acc ravg:  0.58667 |val ent: 0.73274 |val entravg: 0.70060 |val acc:  0.53333 |val acc ravg:  0.53500 |
|epoch:  65 | lr: 0.025 |train ent: 0.67375 |train ent ravg: 0.67096 |train acc:  0.57500 |train acc ravg:  0.59000 |val ent: 0.68593 |val entravg: 0.70173 |val acc:  0.53333 |val acc ravg:  0.53000 |
|epoch:  66 | lr: 0.025 |train ent: 0.67528 |train ent ravg: 0.66984 |train acc:  0.54583 |train acc ravg:  0.58583 |val ent: 0.69500 |val entravg: 0.70157 |val acc:  0.55833 |val acc ravg:  0.53667 |
|epoch:  67 | lr: 0.025 |train ent: 0.67751 |train ent ravg: 0.67058 |train acc:  0.59583 |train acc ravg:  0.58750 |val ent: 0.68216 |val entravg: 0.69793 |val acc:  0.53333 |val acc ravg:  0.53500 |
|epoch:  68 | lr: 0.025 |train ent: 0.67021 |train ent ravg: 0.67063 |train acc:  0.58750 |train acc ravg:  0.58333 |val ent: 0.68974 |val entravg: 0.69712 |val acc:  0.52500 |val acc ravg:  0.53667 |
|epoch:  69 | lr: 0.025 |train ent: 0.65869 |train ent ravg: 0.67109 |train acc:  0.59167 |train acc ravg:  0.57917 |val ent: 0.68909 |val entravg: 0.68839 |val acc:  0.55000 |val acc ravg:  0.54000 |
|epoch:  70 | lr: 0.025 |train ent: 0.68856 |train ent ravg: 0.67405 |train acc:  0.57500 |train acc ravg:  0.57917 |val ent: 1.63249 |val entravg: 0.87770 |val acc:  0.51667 |val acc ravg:  0.53667 |
|epoch:  71 | lr: 0.025 |train ent: 0.67459 |train ent ravg: 0.67391 |train acc:  0.57500 |train acc ravg:  0.58500 |val ent: 0.69248 |val entravg: 0.87719 |val acc:  0.54167 |val acc ravg:  0.53333 |
|epoch:  72 | lr: 0.025 |train ent: 0.68524 |train ent ravg: 0.67546 |train acc:  0.54583 |train acc ravg:  0.57500 |val ent: 0.70005 |val entravg: 0.88077 |val acc:  0.50833 |val acc ravg:  0.52833 |
|epoch:  73 | lr: 0.025 |train ent: 0.67805 |train ent ravg: 0.67703 |train acc:  0.58750 |train acc ravg:  0.57500 |val ent: 0.68436 |val entravg: 0.87969 |val acc:  0.55000 |val acc ravg:  0.53333 |
|epoch:  74 | lr: 0.025 |train ent: 0.64383 |train ent ravg: 0.67406 |train acc:  0.61667 |train acc ravg:  0.58000 |val ent: 0.68087 |val entravg: 0.87805 |val acc:  0.59167 |val acc ravg:  0.54167 |
|epoch:  75 | lr: 0.025 |train ent: 0.65973 |train ent ravg: 0.66829 |train acc:  0.60833 |train acc ravg:  0.58667 |val ent: 0.69279 |val entravg: 0.69011 |val acc:  0.54167 |val acc ravg:  0.54667 |
|epoch:  76 | lr: 0.025 |train ent: 0.64563 |train ent ravg: 0.66250 |train acc:  0.63333 |train acc ravg:  0.59833 |val ent: 0.70787 |val entravg: 0.69319 |val acc:  0.55833 |val acc ravg:  0.55000 |
|epoch:  77 | lr: 0.025 |train ent: 0.66630 |train ent ravg: 0.65871 |train acc:  0.58750 |train acc ravg:  0.60667 |val ent: 0.68313 |val entravg: 0.68980 |val acc:  0.59167 |val acc ravg:  0.56667 |
|epoch:  78 | lr: 0.025 |train ent: 0.67912 |train ent ravg: 0.65892 |train acc:  0.55417 |train acc ravg:  0.60000 |val ent: 0.71277 |val entravg: 0.69548 |val acc:  0.52500 |val acc ravg:  0.56167 |
|epoch:  79 | lr: 0.025 |train ent: 0.65092 |train ent ravg: 0.66034 |train acc:  0.63333 |train acc ravg:  0.60333 |val ent: 0.68122 |val entravg: 0.69555 |val acc:  0.55000 |val acc ravg:  0.55333 |
|epoch:  80 | lr: 0.025 |train ent: 0.66460 |train ent ravg: 0.66131 |train acc:  0.63750 |train acc ravg:  0.60917 |val ent: 0.84853 |val entravg: 0.72670 |val acc:  0.53333 |val acc ravg:  0.55167 |
|epoch:  81 | lr: 0.025 |train ent: 0.65706 |train ent ravg: 0.66360 |train acc:  0.56667 |train acc ravg:  0.59583 |val ent: 0.83350 |val entravg: 0.75183 |val acc:  0.55000 |val acc ravg:  0.55000 |
|epoch:  82 | lr: 0.025 |train ent: 0.66749 |train ent ravg: 0.66384 |train acc:  0.56667 |train acc ravg:  0.59167 |val ent: 0.70805 |val entravg: 0.75681 |val acc:  0.47500 |val acc ravg:  0.52667 |
|epoch:  83 | lr: 0.025 |train ent: 0.70747 |train ent ravg: 0.66951 |train acc:  0.47500 |train acc ravg:  0.57583 |val ent: 0.70235 |val entravg: 0.75473 |val acc:  0.50833 |val acc ravg:  0.52333 |
|epoch:  84 | lr: 0.025 |train ent: 0.68665 |train ent ravg: 0.67665 |train acc:  0.53750 |train acc ravg:  0.55667 |val ent: 0.69064 |val entravg: 0.75662 |val acc:  0.52500 |val acc ravg:  0.51833 |
|epoch:  85 | lr: 0.025 |train ent: 0.63579 |train ent ravg: 0.67089 |train acc:  0.67083 |train acc ravg:  0.56333 |val ent: 0.73426 |val entravg: 0.73376 |val acc:  0.50833 |val acc ravg:  0.51333 |
|epoch:  86 | lr: 0.025 |train ent: 0.58217 |train ent ravg: 0.65592 |train acc:  0.70833 |train acc ravg:  0.59167 |val ent: 1.47135 |val entravg: 0.86133 |val acc:  0.52500 |val acc ravg:  0.50833 |
|epoch:  87 | lr: 0.025 |train ent: 0.55400 |train ent ravg: 0.63322 |train acc:  0.75000 |train acc ravg:  0.62833 |val ent: 0.85913 |val entravg: 0.89155 |val acc:  0.50833 |val acc ravg:  0.51500 |
|epoch:  88 | lr: 0.025 |train ent: 0.59309 |train ent ravg: 0.61034 |train acc:  0.68333 |train acc ravg:  0.67000 |val ent: 1.60924 |val entravg: 1.07292 |val acc:  0.51667 |val acc ravg:  0.51667 |
|epoch:  89 | lr: 0.025 |train ent: 0.63764 |train ent ravg: 0.60054 |train acc:  0.64583 |train acc ravg:  0.69167 |val ent: 0.90635 |val entravg: 1.11607 |val acc:  0.49167 |val acc ravg:  0.51000 |
|epoch:  90 | lr: 0.013 |train ent: 0.56006 |train ent ravg: 0.58539 |train acc:  0.68750 |train acc ravg:  0.69500 |val ent: 0.93668 |val entravg: 1.15655 |val acc:  0.49167 |val acc ravg:  0.50667 |
|epoch:  91 | lr: 0.013 |train ent: 0.54940 |train ent ravg: 0.57884 |train acc:  0.71667 |train acc ravg:  0.69667 |val ent: 0.92645 |val entravg: 1.04757 |val acc:  0.50000 |val acc ravg:  0.50167 |
|epoch:  92 | lr: 0.013 |train ent: 0.66188 |train ent ravg: 0.60042 |train acc:  0.60417 |train acc ravg:  0.66750 |val ent: 0.70947 |val entravg: 1.01764 |val acc:  0.53333 |val acc ravg:  0.50667 |
|epoch:  93 | lr: 0.013 |train ent: 0.58523 |train ent ravg: 0.59884 |train acc:  0.70000 |train acc ravg:  0.67083 |val ent: 1.93199 |val entravg: 1.08219 |val acc:  0.51667 |val acc ravg:  0.50667 |
|epoch:  94 | lr: 0.013 |train ent: 0.56811 |train ent ravg: 0.58494 |train acc:  0.71667 |train acc ravg:  0.68500 |val ent: 1.15176 |val entravg: 1.13127 |val acc:  0.50000 |val acc ravg:  0.50833 |
|epoch:  95 | lr: 0.013 |train ent: 0.52121 |train ent ravg: 0.57717 |train acc:  0.75417 |train acc ravg:  0.69833 |val ent: 0.95303 |val entravg: 1.13454 |val acc:  0.50833 |val acc ravg:  0.51167 |
|epoch:  96 | lr: 0.013 |train ent: 0.50934 |train ent ravg: 0.56915 |train acc:  0.82500 |train acc ravg:  0.72000 |val ent: 31.72579 |val entravg: 7.29441 |val acc:  0.50000 |val acc ravg:  0.51167 |
|epoch:  97 | lr: 0.013 |train ent: 0.51309 |train ent ravg: 0.53940 |train acc:  0.72500 |train acc ravg:  0.74417 |val ent: 0.89807 |val entravg: 7.33213 |val acc:  0.50000 |val acc ravg:  0.50500 |
|epoch:  98 | lr: 0.013 |train ent: 0.49660 |train ent ravg: 0.52167 |train acc:  0.77917 |train acc ravg:  0.76000 |val ent: 51.35322 |val entravg: 17.21637 |val acc:  0.48333 |val acc ravg:  0.49833 |
|epoch:  99 | lr: 0.013 |train ent: 0.56250 |train ent ravg: 0.52055 |train acc:  0.70000 |train acc ravg:  0.75667 |val ent: 1.07037 |val entravg: 17.20009 |val acc:  0.50000 |val acc ravg:  0.49833 |
|epoch: 100 | lr: 0.013 |train ent: 0.49040 |train ent ravg: 0.51439 |train acc:  0.77500 |train acc ravg:  0.76083 |val ent: 0.81298 |val entravg: 17.17208 |val acc:  0.52500 |val acc ravg:  0.50167 |
|epoch: 101 | lr: 0.013 |train ent: 0.53091 |train ent ravg: 0.51870 |train acc:  0.73333 |train acc ravg:  0.74250 |val ent: 1.14328 |val entravg: 11.05558 |val acc:  0.51667 |val acc ravg:  0.50500 |
|epoch: 102 | lr: 0.013 |train ent: 0.52421 |train ent ravg: 0.52093 |train acc:  0.73750 |train acc ravg:  0.74500 |val ent: 1.14213 |val entravg: 11.10439 |val acc:  0.49167 |val acc ravg:  0.50333 |
|epoch: 103 | lr: 0.013 |train ent: 0.45221 |train ent ravg: 0.51205 |train acc:  0.78333 |train acc ravg:  0.74583 |val ent: 13.87818 |val entravg: 3.60939 |val acc:  0.49167 |val acc ravg:  0.50500 |
|epoch: 104 | lr: 0.013 |train ent: 0.57531 |train ent ravg: 0.51461 |train acc:  0.70417 |train acc ravg:  0.74667 |val ent: 1.10526 |val entravg: 3.61637 |val acc:  0.50000 |val acc ravg:  0.50500 |
|epoch: 105 | lr: 0.013 |train ent: 0.53065 |train ent ravg: 0.52266 |train acc:  0.72917 |train acc ravg:  0.73750 |val ent: 1.24156 |val entravg: 3.70208 |val acc:  0.56667 |val acc ravg:  0.51333 |
|epoch: 106 | lr: 0.013 |train ent: 0.51248 |train ent ravg: 0.51897 |train acc:  0.72500 |train acc ravg:  0.73583 |val ent: 1.06877 |val entravg: 3.68718 |val acc:  0.50833 |val acc ravg:  0.51167 |
|epoch: 107 | lr: 0.013 |train ent: 0.51343 |train ent ravg: 0.51682 |train acc:  0.75833 |train acc ravg:  0.74000 |val ent: 2.85549 |val entravg: 4.02985 |val acc:  0.50833 |val acc ravg:  0.51500 |
|epoch: 108 | lr: 0.013 |train ent: 0.50579 |train ent ravg: 0.52753 |train acc:  0.77500 |train acc ravg:  0.73833 |val ent: 10.67909 |val entravg: 3.39003 |val acc:  0.52500 |val acc ravg:  0.52167 |
|epoch: 109 | lr: 0.013 |train ent: 0.46686 |train ent ravg: 0.50584 |train acc:  0.78750 |train acc ravg:  0.75500 |val ent: 1.17284 |val entravg: 3.40355 |val acc:  0.49167 |val acc ravg:  0.52000 |
|epoch: 110 | lr: 0.013 |train ent: 0.52544 |train ent ravg: 0.50480 |train acc:  0.73333 |train acc ravg:  0.75583 |val ent: 8.09113 |val entravg: 4.77346 |val acc:  0.50833 |val acc ravg:  0.50833 |
|epoch: 111 | lr: 0.013 |train ent: 0.54018 |train ent ravg: 0.51034 |train acc:  0.76250 |train acc ravg:  0.76333 |val ent: 0.58126 |val entravg: 4.67596 |val acc:  0.72500 |val acc ravg:  0.55167 |
|epoch: 112 | lr: 0.013 |train ent: 0.44567 |train ent ravg: 0.49679 |train acc:  0.80833 |train acc ravg:  0.77333 |val ent: 0.68995 |val entravg: 4.24285 |val acc:  0.70833 |val acc ravg:  0.59167 |
|epoch: 113 | lr: 0.013 |train ent: 0.48424 |train ent ravg: 0.49248 |train acc:  0.80000 |train acc ravg:  0.77833 |val ent: 1.20049 |val entravg: 2.34713 |val acc:  0.49167 |val acc ravg:  0.58500 |
|epoch: 114 | lr: 0.013 |train ent: 0.47954 |train ent ravg: 0.49501 |train acc:  0.79583 |train acc ravg:  0.78000 |val ent: 1.75268 |val entravg: 2.46310 |val acc:  0.55000 |val acc ravg:  0.59667 |
|epoch: 115 | lr: 0.013 |train ent: 0.49205 |train ent ravg: 0.48834 |train acc:  0.77500 |train acc ravg:  0.78833 |val ent: 1.25324 |val entravg: 1.09553 |val acc:  0.50000 |val acc ravg:  0.59500 |
|epoch: 116 | lr: 0.013 |train ent: 0.49248 |train ent ravg: 0.47880 |train acc:  0.77917 |train acc ravg:  0.79167 |val ent: 0.54052 |val entravg: 1.08738 |val acc:  0.74167 |val acc ravg:  0.59833 |
|epoch: 117 | lr: 0.013 |train ent: 0.46842 |train ent ravg: 0.48335 |train acc:  0.79583 |train acc ravg:  0.78917 |val ent: 3.75797 |val entravg: 1.70098 |val acc:  0.49167 |val acc ravg:  0.55500 |
|epoch: 118 | lr: 0.013 |train ent: 0.46993 |train ent ravg: 0.48049 |train acc:  0.78750 |train acc ravg:  0.78667 |val ent: 1.29284 |val entravg: 1.71945 |val acc:  0.49167 |val acc ravg:  0.55500 |
|epoch: 119 | lr: 0.013 |train ent: 0.65840 |train ent ravg: 0.51626 |train acc:  0.63333 |train acc ravg:  0.75417 |val ent: 0.77122 |val entravg: 1.52316 |val acc:  0.50000 |val acc ravg:  0.54500 |
|epoch: 120 | lr: 0.006 |train ent: 0.73003 |train ent ravg: 0.56385 |train acc:  0.47500 |train acc ravg:  0.69417 |val ent: 0.72597 |val entravg: 1.41771 |val acc:  0.50000 |val acc ravg:  0.54500 |
|epoch: 121 | lr: 0.006 |train ent: 0.73117 |train ent ravg: 0.61159 |train acc:  0.49583 |train acc ravg:  0.63750 |val ent: 0.70340 |val entravg: 1.45028 |val acc:  0.50833 |val acc ravg:  0.49833 |
|epoch: 122 | lr: 0.006 |train ent: 0.66182 |train ent ravg: 0.65027 |train acc:  0.60417 |train acc ravg:  0.59917 |val ent: 0.99093 |val entravg: 0.89687 |val acc:  0.47500 |val acc ravg:  0.49500 |
|epoch: 123 | lr: 0.006 |train ent: 0.51519 |train ent ravg: 0.65932 |train acc:  0.77917 |train acc ravg:  0.59750 |val ent: 0.99288 |val entravg: 0.83688 |val acc:  0.48333 |val acc ravg:  0.49333 |
|epoch: 124 | lr: 0.006 |train ent: 0.47608 |train ent ravg: 0.62286 |train acc:  0.78750 |train acc ravg:  0.62833 |val ent: 2.85718 |val entravg: 1.25407 |val acc:  0.50833 |val acc ravg:  0.49500 |
|epoch: 125 | lr: 0.006 |train ent: 0.48156 |train ent ravg: 0.57316 |train acc:  0.79167 |train acc ravg:  0.69167 |val ent: 0.57967 |val entravg: 1.22481 |val acc:  0.70833 |val acc ravg:  0.53667 |
|epoch: 126 | lr: 0.006 |train ent: 0.49301 |train ent ravg: 0.52553 |train acc:  0.75000 |train acc ravg:  0.74250 |val ent: 0.93221 |val entravg: 1.27058 |val acc:  0.50000 |val acc ravg:  0.53500 |
|epoch: 127 | lr: 0.006 |train ent: 0.47221 |train ent ravg: 0.48761 |train acc:  0.74583 |train acc ravg:  0.77083 |val ent: 1.02900 |val entravg: 1.27819 |val acc:  0.51667 |val acc ravg:  0.54333 |
|epoch: 128 | lr: 0.006 |train ent: 0.51829 |train ent ravg: 0.48823 |train acc:  0.77500 |train acc ravg:  0.77000 |val ent: 3.88715 |val entravg: 1.85704 |val acc:  0.50000 |val acc ravg:  0.54667 |
|epoch: 129 | lr: 0.006 |train ent: 0.45958 |train ent ravg: 0.48493 |train acc:  0.80417 |train acc ravg:  0.77333 |val ent: 1.16343 |val entravg: 1.51829 |val acc:  0.50833 |val acc ravg:  0.54667 |
|epoch: 130 | lr: 0.006 |train ent: 0.46159 |train ent ravg: 0.48093 |train acc:  0.82083 |train acc ravg:  0.77917 |val ent: 7.98881 |val entravg: 3.00012 |val acc:  0.49167 |val acc ravg:  0.50333 |
|epoch: 131 | lr: 0.006 |train ent: 0.47489 |train ent ravg: 0.47731 |train acc:  0.75833 |train acc ravg:  0.78083 |val ent: 0.47941 |val entravg: 2.90956 |val acc:  0.83333 |val acc ravg:  0.57000 |
|epoch: 132 | lr: 0.006 |train ent: 0.42189 |train ent ravg: 0.46725 |train acc:  0.83333 |train acc ravg:  0.79833 |val ent: 1.65695 |val entravg: 3.03515 |val acc:  0.52500 |val acc ravg:  0.57167 |
|epoch: 133 | lr: 0.006 |train ent: 0.49209 |train ent ravg: 0.46201 |train acc:  0.78333 |train acc ravg:  0.80000 |val ent: 1.05366 |val entravg: 2.46845 |val acc:  0.49167 |val acc ravg:  0.57000 |
|epoch: 134 | lr: 0.006 |train ent: 0.45417 |train ent ravg: 0.46093 |train acc:  0.77083 |train acc ravg:  0.79333 |val ent: 3.11729 |val entravg: 2.85922 |val acc:  0.50000 |val acc ravg:  0.56833 |
|epoch: 135 | lr: 0.006 |train ent: 0.41809 |train ent ravg: 0.45223 |train acc:  0.82500 |train acc ravg:  0.79417 |val ent: 0.46765 |val entravg: 1.35499 |val acc:  0.80000 |val acc ravg:  0.63000 |
|epoch: 136 | lr: 0.006 |train ent: 0.45069 |train ent ravg: 0.44739 |train acc:  0.77083 |train acc ravg:  0.79667 |val ent: 0.64472 |val entravg: 1.38806 |val acc:  0.73333 |val acc ravg:  0.61000 |
|epoch: 137 | lr: 0.006 |train ent: 0.40967 |train ent ravg: 0.44494 |train acc:  0.84167 |train acc ravg:  0.79833 |val ent: 0.65984 |val entravg: 1.18863 |val acc:  0.69167 |val acc ravg:  0.64333 |
|epoch: 138 | lr: 0.006 |train ent: 0.44439 |train ent ravg: 0.43540 |train acc:  0.82083 |train acc ravg:  0.80583 |val ent: 0.68417 |val entravg: 1.11473 |val acc:  0.70833 |val acc ravg:  0.68667 |
|epoch: 139 | lr: 0.006 |train ent: 0.45338 |train ent ravg: 0.43524 |train acc:  0.78333 |train acc ravg:  0.80833 |val ent: 2.12509 |val entravg: 0.91629 |val acc:  0.50833 |val acc ravg:  0.68833 |
|epoch: 140 | lr: 0.006 |train ent: 0.43681 |train ent ravg: 0.43899 |train acc:  0.80417 |train acc ravg:  0.80417 |val ent: 1.18871 |val entravg: 1.06050 |val acc:  0.49167 |val acc ravg:  0.62667 |
|epoch: 141 | lr: 0.006 |train ent: 0.44823 |train ent ravg: 0.43850 |train acc:  0.77083 |train acc ravg:  0.80417 |val ent: 1.04737 |val entravg: 1.14103 |val acc:  0.48333 |val acc ravg:  0.57667 |
|epoch: 142 | lr: 0.006 |train ent: 0.45135 |train ent ravg: 0.44683 |train acc:  0.77083 |train acc ravg:  0.79000 |val ent: 3.60611 |val entravg: 1.73029 |val acc:  0.51667 |val acc ravg:  0.54167 |
|epoch: 143 | lr: 0.006 |train ent: 0.38914 |train ent ravg: 0.43578 |train acc:  0.80000 |train acc ravg:  0.78583 |val ent: 1.19422 |val entravg: 1.83230 |val acc:  0.50833 |val acc ravg:  0.50167 |
|epoch: 144 | lr: 0.006 |train ent: 0.47083 |train ent ravg: 0.43927 |train acc:  0.78333 |train acc ravg:  0.78583 |val ent: 0.50128 |val entravg: 1.50754 |val acc:  0.78333 |val acc ravg:  0.55667 |
|epoch: 145 | lr: 0.006 |train ent: 0.43215 |train ent ravg: 0.43834 |train acc:  0.80417 |train acc ravg:  0.78583 |val ent: 0.79326 |val entravg: 1.42845 |val acc:  0.57500 |val acc ravg:  0.57333 |
|epoch: 146 | lr: 0.006 |train ent: 0.40041 |train ent ravg: 0.42877 |train acc:  0.83333 |train acc ravg:  0.79833 |val ent: 1.85117 |val entravg: 1.58921 |val acc:  0.53333 |val acc ravg:  0.58333 |
|epoch: 147 | lr: 0.006 |train ent: 0.38223 |train ent ravg: 0.41495 |train acc:  0.84167 |train acc ravg:  0.81250 |val ent: 1.26135 |val entravg: 1.12026 |val acc:  0.57500 |val acc ravg:  0.59500 |
|epoch: 148 | lr: 0.006 |train ent: 0.36297 |train ent ravg: 0.40971 |train acc:  0.85000 |train acc ravg:  0.82250 |val ent: 1.28416 |val entravg: 1.13824 |val acc:  0.50000 |val acc ravg:  0.59333 |
|epoch: 149 | lr: 0.006 |train ent: 0.42781 |train ent ravg: 0.40111 |train acc:  0.80417 |train acc ravg:  0.82667 |val ent: 0.54012 |val entravg: 1.14601 |val acc:  0.76667 |val acc ravg:  0.59000 |
|epoch: 150 | lr: 0.003 |train ent: 0.42573 |train ent ravg: 0.39983 |train acc:  0.80833 |train acc ravg:  0.82750 |val ent: 0.45434 |val entravg: 1.07823 |val acc:  0.80000 |val acc ravg:  0.63500 |
|epoch: 151 | lr: 0.003 |train ent: 0.41942 |train ent ravg: 0.40363 |train acc:  0.84167 |train acc ravg:  0.82917 |val ent: 1.16684 |val entravg: 0.94136 |val acc:  0.48333 |val acc ravg:  0.62500 |
|epoch: 152 | lr: 0.003 |train ent: 0.30860 |train ent ravg: 0.38891 |train acc:  0.87917 |train acc ravg:  0.83667 |val ent: 0.45095 |val entravg: 0.77928 |val acc:  0.80833 |val acc ravg:  0.67167 |
|epoch: 153 | lr: 0.003 |train ent: 0.36435 |train ent ravg: 0.38918 |train acc:  0.85000 |train acc ravg:  0.83667 |val ent: 0.73953 |val entravg: 0.67036 |val acc:  0.73333 |val acc ravg:  0.71833 |
|epoch: 154 | lr: 0.003 |train ent: 0.35188 |train ent ravg: 0.37400 |train acc:  0.86250 |train acc ravg:  0.84833 |val ent: 0.52476 |val entravg: 0.66728 |val acc:  0.77500 |val acc ravg:  0.72000 |
|epoch: 155 | lr: 0.003 |train ent: 0.44106 |train ent ravg: 0.37706 |train acc:  0.82917 |train acc ravg:  0.85250 |val ent: 0.76284 |val entravg: 0.72898 |val acc:  0.65833 |val acc ravg:  0.69167 |
|epoch: 156 | lr: 0.003 |train ent: 0.34219 |train ent ravg: 0.36162 |train acc:  0.87917 |train acc ravg:  0.86000 |val ent: 0.73465 |val entravg: 0.64254 |val acc:  0.68333 |val acc ravg:  0.73167 |
|epoch: 157 | lr: 0.003 |train ent: 0.36089 |train ent ravg: 0.37207 |train acc:  0.86667 |train acc ravg:  0.85750 |val ent: 0.65249 |val entravg: 0.68285 |val acc:  0.74167 |val acc ravg:  0.71833 |
|epoch: 158 | lr: 0.003 |train ent: 0.31829 |train ent ravg: 0.36286 |train acc:  0.87917 |train acc ravg:  0.86333 |val ent: 0.82430 |val entravg: 0.69981 |val acc:  0.63333 |val acc ravg:  0.69833 |
|epoch: 159 | lr: 0.003 |train ent: 0.42268 |train ent ravg: 0.37702 |train acc:  0.80833 |train acc ravg:  0.85250 |val ent: 0.41035 |val entravg: 0.67693 |val acc:  0.85833 |val acc ravg:  0.71500 |
|epoch: 160 | lr: 0.003 |train ent: 0.32348 |train ent ravg: 0.35350 |train acc:  0.86667 |train acc ravg:  0.86000 |val ent: 0.71576 |val entravg: 0.66751 |val acc:  0.68333 |val acc ravg:  0.72000 |
|epoch: 161 | lr: 0.003 |train ent: 0.37508 |train ent ravg: 0.36008 |train acc:  0.84167 |train acc ravg:  0.85250 |val ent: 0.91148 |val entravg: 0.70288 |val acc:  0.56667 |val acc ravg:  0.69667 |
|epoch: 162 | lr: 0.003 |train ent: 0.34749 |train ent ravg: 0.35740 |train acc:  0.87083 |train acc ravg:  0.85333 |val ent: 0.64185 |val entravg: 0.70075 |val acc:  0.72500 |val acc ravg:  0.69333 |
|epoch: 163 | lr: 0.003 |train ent: 0.30046 |train ent ravg: 0.35384 |train acc:  0.88333 |train acc ravg:  0.85417 |val ent: 1.01216 |val entravg: 0.73832 |val acc:  0.68333 |val acc ravg:  0.70333 |
|epoch: 164 | lr: 0.003 |train ent: 0.34976 |train ent ravg: 0.33925 |train acc:  0.84583 |train acc ravg:  0.86167 |val ent: 0.75556 |val entravg: 0.80736 |val acc:  0.69167 |val acc ravg:  0.67000 |
|epoch: 165 | lr: 0.003 |train ent: 0.27188 |train ent ravg: 0.32893 |train acc:  0.90417 |train acc ravg:  0.86917 |val ent: 0.80127 |val entravg: 0.82446 |val acc:  0.67500 |val acc ravg:  0.66833 |
|epoch: 166 | lr: 0.003 |train ent: 0.37284 |train ent ravg: 0.32849 |train acc:  0.85833 |train acc ravg:  0.87250 |val ent: 0.65685 |val entravg: 0.77354 |val acc:  0.74167 |val acc ravg:  0.70333 |
|epoch: 167 | lr: 0.003 |train ent: 0.36707 |train ent ravg: 0.33240 |train acc:  0.85833 |train acc ravg:  0.87000 |val ent: 0.46114 |val entravg: 0.73740 |val acc:  0.84167 |val acc ravg:  0.72667 |
|epoch: 168 | lr: 0.003 |train ent: 0.29239 |train ent ravg: 0.33079 |train acc:  0.89167 |train acc ravg:  0.87167 |val ent: 0.59955 |val entravg: 0.65487 |val acc:  0.75833 |val acc ravg:  0.74167 |
|epoch: 169 | lr: 0.003 |train ent: 0.33057 |train ent ravg: 0.32695 |train acc:  0.83750 |train acc ravg:  0.87000 |val ent: 1.27396 |val entravg: 0.75855 |val acc:  0.49167 |val acc ravg:  0.70167 |
|epoch: 170 | lr: 0.003 |train ent: 0.34722 |train ent ravg: 0.34202 |train acc:  0.87083 |train acc ravg:  0.86333 |val ent: 0.89203 |val entravg: 0.77671 |val acc:  0.61667 |val acc ravg:  0.69000 |
|epoch: 171 | lr: 0.003 |train ent: 0.31260 |train ent ravg: 0.32997 |train acc:  0.86667 |train acc ravg:  0.86500 |val ent: 0.64251 |val entravg: 0.77384 |val acc:  0.73333 |val acc ravg:  0.68833 |
|epoch: 172 | lr: 0.003 |train ent: 0.29400 |train ent ravg: 0.31536 |train acc:  0.87500 |train acc ravg:  0.86833 |val ent: 3.00099 |val entravg: 1.28181 |val acc:  0.54167 |val acc ravg:  0.62833 |
|epoch: 173 | lr: 0.003 |train ent: 0.43021 |train ent ravg: 0.34292 |train acc:  0.82083 |train acc ravg:  0.85417 |val ent: 0.75581 |val entravg: 1.31306 |val acc:  0.57500 |val acc ravg:  0.59167 |
|epoch: 174 | lr: 0.003 |train ent: 0.34168 |train ent ravg: 0.34514 |train acc:  0.85417 |train acc ravg:  0.85750 |val ent: 0.67479 |val entravg: 1.19322 |val acc:  0.76667 |val acc ravg:  0.64667 |
|epoch: 175 | lr: 0.003 |train ent: 0.29152 |train ent ravg: 0.33400 |train acc:  0.87917 |train acc ravg:  0.85917 |val ent: 4.19966 |val entravg: 1.85475 |val acc:  0.53333 |val acc ravg:  0.63000 |
|epoch: 176 | lr: 0.003 |train ent: 0.34957 |train ent ravg: 0.34140 |train acc:  0.86250 |train acc ravg:  0.85833 |val ent: 0.86542 |val entravg: 1.89933 |val acc:  0.65000 |val acc ravg:  0.61333 |
|epoch: 177 | lr: 0.003 |train ent: 0.32780 |train ent ravg: 0.34816 |train acc:  0.87500 |train acc ravg:  0.85833 |val ent: 0.64347 |val entravg: 1.42783 |val acc:  0.77500 |val acc ravg:  0.66000 |
|epoch: 178 | lr: 0.003 |train ent: 0.33594 |train ent ravg: 0.32930 |train acc:  0.85833 |train acc ravg:  0.86583 |val ent: 0.61673 |val entravg: 1.40001 |val acc:  0.75000 |val acc ravg:  0.69500 |
|epoch: 179 | lr: 0.003 |train ent: 0.33677 |train ent ravg: 0.32832 |train acc:  0.86667 |train acc ravg:  0.86833 |val ent: 4.37221 |val entravg: 2.13950 |val acc:  0.50833 |val acc ravg:  0.64333 |
|epoch: 180 | lr: 0.002 |train ent: 0.30564 |train ent ravg: 0.33115 |train acc:  0.86667 |train acc ravg:  0.86583 |val ent: 0.60906 |val entravg: 1.42138 |val acc:  0.75000 |val acc ravg:  0.68667 |
|epoch: 181 | lr: 0.002 |train ent: 0.29890 |train ent ravg: 0.32101 |train acc:  0.86667 |train acc ravg:  0.86667 |val ent: 0.68134 |val entravg: 1.38456 |val acc:  0.75000 |val acc ravg:  0.70667 |
|epoch: 182 | lr: 0.002 |train ent: 0.31512 |train ent ravg: 0.31847 |train acc:  0.87500 |train acc ravg:  0.86667 |val ent: 0.56004 |val entravg: 1.36788 |val acc:  0.80833 |val acc ravg:  0.71333 |
|epoch: 183 | lr: 0.002 |train ent: 0.32188 |train ent ravg: 0.31566 |train acc:  0.85833 |train acc ravg:  0.86667 |val ent: 0.63505 |val entravg: 1.37154 |val acc:  0.72500 |val acc ravg:  0.70833 |
|epoch: 184 | lr: 0.002 |train ent: 0.30273 |train ent ravg: 0.30885 |train acc:  0.85417 |train acc ravg:  0.86417 |val ent: 0.68792 |val entravg: 0.63468 |val acc:  0.73333 |val acc ravg:  0.75333 |
|epoch: 185 | lr: 0.002 |train ent: 0.30547 |train ent ravg: 0.30882 |train acc:  0.85833 |train acc ravg:  0.86250 |val ent: 0.49765 |val entravg: 0.61240 |val acc:  0.80833 |val acc ravg:  0.76500 |
|epoch: 186 | lr: 0.002 |train ent: 0.24253 |train ent ravg: 0.29755 |train acc:  0.90833 |train acc ravg:  0.87083 |val ent: 0.59338 |val entravg: 0.59481 |val acc:  0.78333 |val acc ravg:  0.77167 |
|epoch: 187 | lr: 0.002 |train ent: 0.35255 |train ent ravg: 0.30503 |train acc:  0.86250 |train acc ravg:  0.86833 |val ent: 0.48511 |val entravg: 0.57982 |val acc:  0.80000 |val acc ravg:  0.77000 |
|epoch: 188 | lr: 0.002 |train ent: 0.33831 |train ent ravg: 0.30832 |train acc:  0.83750 |train acc ravg:  0.86417 |val ent: 0.84456 |val entravg: 0.62172 |val acc:  0.73333 |val acc ravg:  0.77167 |
|epoch: 189 | lr: 0.002 |train ent: 0.30381 |train ent ravg: 0.30854 |train acc:  0.88333 |train acc ravg:  0.87000 |val ent: 0.96875 |val entravg: 0.67789 |val acc:  0.58333 |val acc ravg:  0.74167 |
|epoch: 190 | lr: 0.002 |train ent: 0.24464 |train ent ravg: 0.29637 |train acc:  0.90833 |train acc ravg:  0.88000 |val ent: 0.54024 |val entravg: 0.68641 |val acc:  0.78333 |val acc ravg:  0.73667 |
|epoch: 191 | lr: 0.002 |train ent: 0.30806 |train ent ravg: 0.30948 |train acc:  0.85417 |train acc ravg:  0.86917 |val ent: 0.51715 |val entravg: 0.67116 |val acc:  0.80833 |val acc ravg:  0.74167 |
|epoch: 192 | lr: 0.002 |train ent: 0.33408 |train ent ravg: 0.30578 |train acc:  0.85833 |train acc ravg:  0.86833 |val ent: 0.83721 |val entravg: 0.74158 |val acc:  0.66667 |val acc ravg:  0.71500 |
|epoch: 193 | lr: 0.002 |train ent: 0.24985 |train ent ravg: 0.28809 |train acc:  0.90833 |train acc ravg:  0.88250 |val ent: 0.48574 |val entravg: 0.66982 |val acc:  0.83333 |val acc ravg:  0.73500 |
|epoch: 194 | lr: 0.002 |train ent: 0.22627 |train ent ravg: 0.27258 |train acc:  0.92500 |train acc ravg:  0.89083 |val ent: 0.51197 |val entravg: 0.57846 |val acc:  0.78333 |val acc ravg:  0.77500 |
|epoch: 195 | lr: 0.002 |train ent: 0.29143 |train ent ravg: 0.28194 |train acc:  0.87917 |train acc ravg:  0.88500 |val ent: 0.59763 |val entravg: 0.58994 |val acc:  0.78333 |val acc ravg:  0.77500 |
|epoch: 196 | lr: 0.002 |train ent: 0.31009 |train ent ravg: 0.28234 |train acc:  0.86667 |train acc ravg:  0.88750 |val ent: 1.21784 |val entravg: 0.73008 |val acc:  0.59167 |val acc ravg:  0.73167 |
|epoch: 197 | lr: 0.002 |train ent: 0.28831 |train ent ravg: 0.27319 |train acc:  0.88750 |train acc ravg:  0.89333 |val ent: 0.88242 |val entravg: 0.73912 |val acc:  0.65833 |val acc ravg:  0.73000 |
|epoch: 198 | lr: 0.002 |train ent: 0.29271 |train ent ravg: 0.28176 |train acc:  0.86250 |train acc ravg:  0.88417 |val ent: 0.46581 |val entravg: 0.73513 |val acc:  0.80833 |val acc ravg:  0.72500 |
|epoch: 199 | lr: 0.002 |train ent: 0.20959 |train ent ravg: 0.27843 |train acc:  0.92917 |train acc ravg:  0.88500 |val ent: 0.70795 |val entravg: 0.77433 |val acc:  0.75833 |val acc ravg:  0.72000 |
|epoch: 200 | lr: 0.002 |train ent: 0.28341 |train ent ravg: 0.27682 |train acc:  0.90000 |train acc ravg:  0.88917 |val ent: 1.10645 |val entravg: 0.87609 |val acc:  0.50833 |val acc ravg:  0.66500 |
|epoch: 201 | lr: 0.002 |train ent: 0.26923 |train ent ravg: 0.26865 |train acc:  0.90417 |train acc ravg:  0.89667 |val ent: 0.77225 |val entravg: 0.78698 |val acc:  0.69167 |val acc ravg:  0.68500 |
|epoch: 202 | lr: 0.002 |train ent: 0.29754 |train ent ravg: 0.27050 |train acc:  0.87083 |train acc ravg:  0.89333 |val ent: 2.13056 |val entravg: 1.03660 |val acc:  0.58333 |val acc ravg:  0.67000 |
|epoch: 203 | lr: 0.002 |train ent: 0.27472 |train ent ravg: 0.26690 |train acc:  0.88750 |train acc ravg:  0.89833 |val ent: 0.54126 |val entravg: 1.05169 |val acc:  0.81667 |val acc ravg:  0.67167 |
|epoch: 204 | lr: 0.002 |train ent: 0.26263 |train ent ravg: 0.27751 |train acc:  0.91250 |train acc ravg:  0.89500 |val ent: 0.55087 |val entravg: 1.02028 |val acc:  0.81667 |val acc ravg:  0.68333 |
|epoch: 205 | lr: 0.002 |train ent: 0.23411 |train ent ravg: 0.26765 |train acc:  0.92083 |train acc ravg:  0.89917 |val ent: 1.80538 |val entravg: 1.16006 |val acc:  0.55000 |val acc ravg:  0.69167 |
|epoch: 206 | lr: 0.002 |train ent: 0.23017 |train ent ravg: 0.25984 |train acc:  0.90417 |train acc ravg:  0.89917 |val ent: 0.54955 |val entravg: 1.11552 |val acc:  0.82500 |val acc ravg:  0.71833 |
|epoch: 207 | lr: 0.002 |train ent: 0.27975 |train ent ravg: 0.25628 |train acc:  0.90833 |train acc ravg:  0.90667 |val ent: 0.71904 |val entravg: 0.83322 |val acc:  0.71667 |val acc ravg:  0.74500 |
|epoch: 208 | lr: 0.002 |train ent: 0.24215 |train ent ravg: 0.24976 |train acc:  0.92083 |train acc ravg:  0.91333 |val ent: 0.90343 |val entravg: 0.90566 |val acc:  0.73333 |val acc ravg:  0.72833 |
|epoch: 209 | lr: 0.002 |train ent: 0.29198 |train ent ravg: 0.25563 |train acc:  0.89167 |train acc ravg:  0.90917 |val ent: 0.72492 |val entravg: 0.94047 |val acc:  0.73333 |val acc ravg:  0.71167 |
|epoch: 210 | lr: 0.001 |train ent: 0.22094 |train ent ravg: 0.25300 |train acc:  0.94167 |train acc ravg:  0.91333 |val ent: 0.62871 |val entravg: 0.70513 |val acc:  0.81667 |val acc ravg:  0.76500 |
|epoch: 211 | lr: 0.001 |train ent: 0.24107 |train ent ravg: 0.25518 |train acc:  0.90417 |train acc ravg:  0.91333 |val ent: 0.46118 |val entravg: 0.68746 |val acc:  0.84167 |val acc ravg:  0.76833 |
|epoch: 212 | lr: 0.001 |train ent: 0.16264 |train ent ravg: 0.23176 |train acc:  0.95833 |train acc ravg:  0.92333 |val ent: 0.49013 |val entravg: 0.64168 |val acc:  0.83333 |val acc ravg:  0.79167 |
|epoch: 213 | lr: 0.001 |train ent: 0.21343 |train ent ravg: 0.22601 |train acc:  0.92083 |train acc ravg:  0.92333 |val ent: 0.50400 |val entravg: 0.56179 |val acc:  0.82500 |val acc ravg:  0.81000 |
|epoch: 214 | lr: 0.001 |train ent: 0.22974 |train ent ravg: 0.21357 |train acc:  0.92083 |train acc ravg:  0.92917 |val ent: 0.63962 |val entravg: 0.54473 |val acc:  0.72500 |val acc ravg:  0.80833 |
|epoch: 215 | lr: 0.001 |train ent: 0.21517 |train ent ravg: 0.21241 |train acc:  0.91250 |train acc ravg:  0.92333 |val ent: 0.50447 |val entravg: 0.51988 |val acc:  0.79167 |val acc ravg:  0.80333 |
|epoch: 216 | lr: 0.001 |train ent: 0.17086 |train ent ravg: 0.19837 |train acc:  0.93333 |train acc ravg:  0.92917 |val ent: 0.49898 |val entravg: 0.52744 |val acc:  0.83333 |val acc ravg:  0.80167 |
|epoch: 217 | lr: 0.001 |train ent: 0.29670 |train ent ravg: 0.22518 |train acc:  0.91667 |train acc ravg:  0.92083 |val ent: 0.52883 |val entravg: 0.53518 |val acc:  0.79167 |val acc ravg:  0.79333 |
|epoch: 218 | lr: 0.001 |train ent: 0.23258 |train ent ravg: 0.22901 |train acc:  0.91667 |train acc ravg:  0.92000 |val ent: 0.57697 |val entravg: 0.54978 |val acc:  0.80000 |val acc ravg:  0.78833 |
|epoch: 219 | lr: 0.001 |train ent: 0.22583 |train ent ravg: 0.22823 |train acc:  0.90833 |train acc ravg:  0.91750 |val ent: 0.48426 |val entravg: 0.51870 |val acc:  0.83333 |val acc ravg:  0.81000 |
|epoch: 220 | lr: 0.001 |train ent: 0.24276 |train ent ravg: 0.23375 |train acc:  0.92917 |train acc ravg:  0.92083 |val ent: 0.53154 |val entravg: 0.52412 |val acc:  0.81667 |val acc ravg:  0.81500 |
|epoch: 221 | lr: 0.001 |train ent: 0.16790 |train ent ravg: 0.23315 |train acc:  0.92500 |train acc ravg:  0.91917 |val ent: 0.55521 |val entravg: 0.53536 |val acc:  0.77500 |val acc ravg:  0.80333 |
|epoch: 222 | lr: 0.001 |train ent: 0.22193 |train ent ravg: 0.21820 |train acc:  0.89583 |train acc ravg:  0.91500 |val ent: 0.50535 |val entravg: 0.53067 |val acc:  0.80000 |val acc ravg:  0.80500 |
|epoch: 223 | lr: 0.001 |train ent: 0.25226 |train ent ravg: 0.22214 |train acc:  0.90000 |train acc ravg:  0.91167 |val ent: 0.81717 |val entravg: 0.57871 |val acc:  0.77500 |val acc ravg:  0.80000 |
|epoch: 224 | lr: 0.001 |train ent: 0.25113 |train ent ravg: 0.22719 |train acc:  0.87917 |train acc ravg:  0.90583 |val ent: 0.51595 |val entravg: 0.58505 |val acc:  0.81667 |val acc ravg:  0.79667 |
|epoch: 225 | lr: 0.001 |train ent: 0.22509 |train ent ravg: 0.22366 |train acc:  0.91667 |train acc ravg:  0.90333 |val ent: 0.68614 |val entravg: 0.61596 |val acc:  0.74167 |val acc ravg:  0.78167 |
|epoch: 226 | lr: 0.001 |train ent: 0.19663 |train ent ravg: 0.22941 |train acc:  0.93750 |train acc ravg:  0.90583 |val ent: 0.46734 |val entravg: 0.59839 |val acc:  0.83333 |val acc ravg:  0.79333 |
|epoch: 227 | lr: 0.001 |train ent: 0.17646 |train ent ravg: 0.22031 |train acc:  0.95000 |train acc ravg:  0.91667 |val ent: 0.53830 |val entravg: 0.60498 |val acc:  0.79167 |val acc ravg:  0.79167 |
|epoch: 228 | lr: 0.001 |train ent: 0.17382 |train ent ravg: 0.20462 |train acc:  0.93750 |train acc ravg:  0.92417 |val ent: 0.48283 |val entravg: 0.53811 |val acc:  0.82500 |val acc ravg:  0.80167 |
|epoch: 229 | lr: 0.001 |train ent: 0.24262 |train ent ravg: 0.20292 |train acc:  0.91250 |train acc ravg:  0.93083 |val ent: 0.52167 |val entravg: 0.53926 |val acc:  0.80833 |val acc ravg:  0.80000 |
|epoch: 230 | lr: 0.001 |train ent: 0.18970 |train ent ravg: 0.19584 |train acc:  0.93750 |train acc ravg:  0.93500 |val ent: 0.57223 |val entravg: 0.51648 |val acc:  0.80000 |val acc ravg:  0.81167 |
|epoch: 231 | lr: 0.001 |train ent: 0.21443 |train ent ravg: 0.19940 |train acc:  0.94583 |train acc ravg:  0.93667 |val ent: 0.54478 |val entravg: 0.53196 |val acc:  0.81667 |val acc ravg:  0.80833 |
|epoch: 232 | lr: 0.001 |train ent: 0.19567 |train ent ravg: 0.20325 |train acc:  0.92500 |train acc ravg:  0.93167 |val ent: 0.70178 |val entravg: 0.56466 |val acc:  0.75000 |val acc ravg:  0.80000 |
|epoch: 233 | lr: 0.001 |train ent: 0.23235 |train ent ravg: 0.21495 |train acc:  0.90833 |train acc ravg:  0.92583 |val ent: 0.54656 |val entravg: 0.57741 |val acc:  0.81667 |val acc ravg:  0.79833 |
|epoch: 234 | lr: 0.001 |train ent: 0.18101 |train ent ravg: 0.20263 |train acc:  0.93750 |train acc ravg:  0.93083 |val ent: 0.51372 |val entravg: 0.57581 |val acc:  0.80000 |val acc ravg:  0.79667 |
|epoch: 235 | lr: 0.001 |train ent: 0.16917 |train ent ravg: 0.19853 |train acc:  0.93750 |train acc ravg:  0.93083 |val ent: 0.57333 |val entravg: 0.57603 |val acc:  0.81667 |val acc ravg:  0.80000 |
|epoch: 236 | lr: 0.001 |train ent: 0.16276 |train ent ravg: 0.18819 |train acc:  0.95000 |train acc ravg:  0.93167 |val ent: 0.67985 |val entravg: 0.60305 |val acc:  0.73333 |val acc ravg:  0.78333 |
|epoch: 237 | lr: 0.001 |train ent: 0.17558 |train ent ravg: 0.18418 |train acc:  0.96250 |train acc ravg:  0.93917 |val ent: 0.54658 |val entravg: 0.57201 |val acc:  0.78333 |val acc ravg:  0.79000 |
|epoch: 238 | lr: 0.001 |train ent: 0.19363 |train ent ravg: 0.17643 |train acc:  0.94583 |train acc ravg:  0.94667 |val ent: 0.78301 |val entravg: 0.61930 |val acc:  0.78333 |val acc ravg:  0.78333 |
|epoch: 239 | lr: 0.001 |train ent: 0.22389 |train ent ravg: 0.18501 |train acc:  0.92500 |train acc ravg:  0.94417 |val ent: 0.54474 |val entravg: 0.62550 |val acc:  0.80833 |val acc ravg:  0.78500 |
|epoch: 240 | lr: 0.000 |train ent: 0.21160 |train ent ravg: 0.19349 |train acc:  0.93333 |train acc ravg:  0.94333 |val ent: 0.48379 |val entravg: 0.60759 |val acc:  0.80833 |val acc ravg:  0.78333 |
|epoch: 241 | lr: 0.000 |train ent: 0.17891 |train ent ravg: 0.19672 |train acc:  0.92083 |train acc ravg:  0.93750 |val ent: 0.51620 |val entravg: 0.57486 |val acc:  0.83333 |val acc ravg:  0.80333 |
|epoch: 242 | lr: 0.000 |train ent: 0.18031 |train ent ravg: 0.19767 |train acc:  0.94583 |train acc ravg:  0.93417 |val ent: 0.54513 |val entravg: 0.57457 |val acc:  0.81667 |val acc ravg:  0.81000 |
|epoch: 243 | lr: 0.000 |train ent: 0.18488 |train ent ravg: 0.19592 |train acc:  0.93333 |train acc ravg:  0.93167 |val ent: 0.56137 |val entravg: 0.53025 |val acc:  0.80833 |val acc ravg:  0.81500 |
|epoch: 244 | lr: 0.000 |train ent: 0.18091 |train ent ravg: 0.18732 |train acc:  0.93333 |train acc ravg:  0.93333 |val ent: 0.58745 |val entravg: 0.53879 |val acc:  0.79167 |val acc ravg:  0.81167 |
|epoch: 245 | lr: 0.000 |train ent: 0.16976 |train ent ravg: 0.17895 |train acc:  0.95000 |train acc ravg:  0.93667 |val ent: 0.51734 |val entravg: 0.54550 |val acc:  0.81667 |val acc ravg:  0.81333 |
|epoch: 246 | lr: 0.000 |train ent: 0.16864 |train ent ravg: 0.17690 |train acc:  0.95000 |train acc ravg:  0.94250 |val ent: 0.48981 |val entravg: 0.54022 |val acc:  0.81667 |val acc ravg:  0.81000 |
|epoch: 247 | lr: 0.000 |train ent: 0.16905 |train ent ravg: 0.17465 |train acc:  0.95000 |train acc ravg:  0.94333 |val ent: 0.51581 |val entravg: 0.53436 |val acc:  0.85000 |val acc ravg:  0.81667 |
|epoch: 248 | lr: 0.000 |train ent: 0.16401 |train ent ravg: 0.17047 |train acc:  0.96250 |train acc ravg:  0.94917 |val ent: 0.56009 |val entravg: 0.53410 |val acc:  0.80833 |val acc ravg:  0.81667 |
|epoch: 249 | lr: 0.000 |train ent: 0.21510 |train ent ravg: 0.17731 |train acc:  0.92917 |train acc ravg:  0.94833 |val ent: 0.64769 |val entravg: 0.54615 |val acc:  0.75833 |val acc ravg:  0.81000 |
----------------------------------------------------------------------------------------------------------------------------------------------------------------
Finished:  2021-03-27 12:28:53.810757

Correlation between train loss and evaluation: -0.969

----------------------------------------------------------------------------------------------------------------------------------------------------------------
Save configfile.
Loading ixi  test data.
The data was balanced for  sex .
Number of GPUs:  2

Model loaded from None is being tested.
Start:  2021-03-27 12:28:53.901698
----------------------------------------------------------------------------------------------------------------------------------------------------------------
test ent mean: 0.58387 | test ent std: 0.00822 |test acc mean:  0.70982 |test acc std:  0.00446 |
----------------------------------------------------------------------------------------------------------------------------------------------------------------
Finished:  2021-03-27 12:29:37.608000

Correlation between train loss and evaluation: -0.989

----------------------------------------------------------------------------------------------------------------------------------------------------------------
------------------------------------------------
Finished at: Sat Mar 27 12:29:38 GMT 2021
------------------------------------------------
