------------------------------------------------
Job ID: 41680211
Run on host: compg009.hpc.in.bmrc.ox.ac.uk
Operating system: Linux
Username: lhw539
Started at: Fri Mar 26 08:30:16 GMT 2021
------------------------------------------------
Test (in contrast to train):  False
Loading ixi train data.
Loading ixi   val data.
Load model for age - run: 0
Number of GPUs:  2
Epoch decay:  8
Gamma decay:  1.0

Final layer of model is being trained.
Start:  2021-03-26 08:30:22.397729
----------------------------------------------------------------------------------------------------------------------------------------------------------------
|epoch:   0 | lr: 0.100 |train kld: 2.64379 |train kld ravg: 2.64379 |train mae:  11.34778 |train mae ravg:  11.34778 |val kld: 2.19699 |val kldravg: 2.19699 |val mae:  8.52402 |val mae ravg:  8.52402 |
|epoch:   1 | lr: 0.100 |train kld: 2.38269 |train kld ravg: 2.51324 |train mae:  8.35801 |train mae ravg:  9.85290 |val kld: 2.11033 |val kldravg: 2.15366 |val mae:  6.92660 |val mae ravg:  7.72531 |
|epoch:   2 | lr: 0.100 |train kld: 2.37716 |train kld ravg: 2.46788 |train mae:  7.16854 |train mae ravg:  8.95811 |val kld: 2.10472 |val kldravg: 2.13735 |val mae:  6.61903 |val mae ravg:  7.35655 |
|epoch:   3 | lr: 0.100 |train kld: 2.35734 |train kld ravg: 2.44025 |train mae:  7.74400 |train mae ravg:  8.65458 |val kld: 2.12371 |val kldravg: 2.13394 |val mae:  6.58222 |val mae ravg:  7.16297 |
|epoch:   4 | lr: 0.100 |train kld: 2.28815 |train kld ravg: 2.40983 |train mae:  6.92857 |train mae ravg:  8.30938 |val kld: 2.17150 |val kldravg: 2.14145 |val mae:  6.27860 |val mae ravg:  6.98609 |
|epoch:   5 | lr: 0.100 |train kld: 2.50043 |train kld ravg: 2.38115 |train mae:  7.31353 |train mae ravg:  7.50253 |val kld: 2.22576 |val kldravg: 2.14720 |val mae:  6.66050 |val mae ravg:  6.61339 |
|epoch:   6 | lr: 0.100 |train kld: 2.35139 |train kld ravg: 2.37489 |train mae:  6.93296 |train mae ravg:  7.21752 |val kld: 2.21196 |val kldravg: 2.16753 |val mae:  6.45393 |val mae ravg:  6.51885 |
|epoch:   7 | lr: 0.100 |train kld: 2.36433 |train kld ravg: 2.37233 |train mae:  7.59800 |train mae ravg:  7.30341 |val kld: 2.23660 |val kldravg: 2.19391 |val mae:  6.17075 |val mae ravg:  6.42920 |
|epoch:   8 | lr: 0.100 |train kld: 2.47129 |train kld ravg: 2.39512 |train mae:  7.52620 |train mae ravg:  7.25985 |val kld: 2.09665 |val kldravg: 2.18849 |val mae:  6.39931 |val mae ravg:  6.39262 |
|epoch:   9 | lr: 0.100 |train kld: 2.26090 |train kld ravg: 2.38967 |train mae:  6.75704 |train mae ravg:  7.22555 |val kld: 2.09428 |val kldravg: 2.17305 |val mae:  6.21020 |val mae ravg:  6.37894 |
|epoch:  10 | lr: 0.100 |train kld: 2.27858 |train kld ravg: 2.34530 |train mae:  7.11229 |train mae ravg:  7.18530 |val kld: 2.22529 |val kldravg: 2.17295 |val mae:  6.00116 |val mae ravg:  6.24707 |
|epoch:  11 | lr: 0.100 |train kld: 2.33004 |train kld ravg: 2.34103 |train mae:  6.78729 |train mae ravg:  7.15617 |val kld: 2.06440 |val kldravg: 2.14344 |val mae:  5.87727 |val mae ravg:  6.13174 |
|epoch:  12 | lr: 0.100 |train kld: 2.23942 |train kld ravg: 2.31605 |train mae:  6.80656 |train mae ravg:  6.99788 |val kld: 2.09769 |val kldravg: 2.11566 |val mae:  6.17608 |val mae ravg:  6.13280 |
|epoch:  13 | lr: 0.100 |train kld: 2.30372 |train kld ravg: 2.28253 |train mae:  7.10632 |train mae ravg:  6.91390 |val kld: 2.10566 |val kldravg: 2.11747 |val mae:  6.32831 |val mae ravg:  6.11861 |
|epoch:  14 | lr: 0.100 |train kld: 2.16162 |train kld ravg: 2.26267 |train mae:  6.79816 |train mae ravg:  6.92213 |val kld: 2.12840 |val kldravg: 2.12429 |val mae:  6.20585 |val mae ravg:  6.11774 |
|epoch:  15 | lr: 0.100 |train kld: 2.29301 |train kld ravg: 2.26556 |train mae:  6.61972 |train mae ravg:  6.82361 |val kld: 2.18238 |val kldravg: 2.11571 |val mae:  6.02677 |val mae ravg:  6.12286 |
|epoch:  16 | lr: 0.100 |train kld: 2.28792 |train kld ravg: 2.25714 |train mae:  6.72428 |train mae ravg:  6.81101 |val kld: 2.12268 |val kldravg: 2.12736 |val mae:  6.09220 |val mae ravg:  6.16584 |
|epoch:  17 | lr: 0.100 |train kld: 2.26822 |train kld ravg: 2.26290 |train mae:  6.51758 |train mae ravg:  6.75321 |val kld: 2.05468 |val kldravg: 2.11876 |val mae:  6.15284 |val mae ravg:  6.16120 |
|epoch:  18 | lr: 0.100 |train kld: 2.32087 |train kld ravg: 2.26633 |train mae:  6.96138 |train mae ravg:  6.72423 |val kld: 2.02897 |val kldravg: 2.10342 |val mae:  6.17192 |val mae ravg:  6.12992 |
|epoch:  19 | lr: 0.100 |train kld: 2.29807 |train kld ravg: 2.29362 |train mae:  6.93998 |train mae ravg:  6.75259 |val kld: 2.01287 |val kldravg: 2.08031 |val mae:  6.22274 |val mae ravg:  6.13330 |
|epoch:  20 | lr: 0.100 |train kld: 2.28752 |train kld ravg: 2.29252 |train mae:  7.43698 |train mae ravg:  6.91604 |val kld: 2.18907 |val kldravg: 2.08165 |val mae:  6.04408 |val mae ravg:  6.13676 |
|epoch:  21 | lr: 0.100 |train kld: 2.30484 |train kld ravg: 2.29590 |train mae:  6.95740 |train mae ravg:  6.96267 |val kld: 2.03603 |val kldravg: 2.06432 |val mae:  6.09965 |val mae ravg:  6.13825 |
|epoch:  22 | lr: 0.100 |train kld: 2.27115 |train kld ravg: 2.29649 |train mae:  7.25823 |train mae ravg:  7.11080 |val kld: 2.00416 |val kldravg: 2.05422 |val mae:  5.93173 |val mae ravg:  6.09403 |
|epoch:  23 | lr: 0.100 |train kld: 2.31309 |train kld ravg: 2.29493 |train mae:  6.93628 |train mae ravg:  7.10578 |val kld: 2.05487 |val kldravg: 2.05940 |val mae:  6.04605 |val mae ravg:  6.06885 |
|epoch:  24 | lr: 0.100 |train kld: 2.37228 |train kld ravg: 2.30977 |train mae:  7.23691 |train mae ravg:  7.16516 |val kld: 2.11652 |val kldravg: 2.08013 |val mae:  6.28682 |val mae ravg:  6.08167 |
----------------------------------------------------------------------------------------------------------------------------------------------------------------
Finished:  2021-03-26 08:40:43.983440

Correlation between train loss and evaluation: 0.788

----------------------------------------------------------------------------------------------------------------------------------------------------------------
Number of GPUs:  2
Epoch decay:  20
Gamma decay:  0.8

Full model is being trained.
Start:  2021-03-26 08:40:43.986778
----------------------------------------------------------------------------------------------------------------------------------------------------------------
|epoch:   0 | lr: 0.010 |train kld: 2.97863 |train kld ravg: 2.97863 |train mae:  14.08719 |train mae ravg:  14.08719 |val kld: 2.93169 |val kldravg: 2.93169 |val mae:  15.84445 |val mae ravg:  15.84445 |
|epoch:   1 | lr: 0.010 |train kld: 2.77541 |train kld ravg: 2.87702 |train mae:  14.80893 |train mae ravg:  14.44806 |val kld: 2.58703 |val kldravg: 2.75936 |val mae:  12.24017 |val mae ravg:  14.04231 |
|epoch:   2 | lr: 0.010 |train kld: 2.77571 |train kld ravg: 2.84325 |train mae:  14.29561 |train mae ravg:  14.39724 |val kld: 2.79482 |val kldravg: 2.77118 |val mae:  15.27388 |val mae ravg:  14.45284 |
|epoch:   3 | lr: 0.010 |train kld: 2.72215 |train kld ravg: 2.81297 |train mae:  14.61619 |train mae ravg:  14.45198 |val kld: 2.60855 |val kldravg: 2.73052 |val mae:  13.94236 |val mae ravg:  14.32522 |
|epoch:   4 | lr: 0.010 |train kld: 2.71315 |train kld ravg: 2.79301 |train mae:  14.48787 |train mae ravg:  14.45916 |val kld: 2.67628 |val kldravg: 2.71967 |val mae:  14.94657 |val mae ravg:  14.44949 |
|epoch:   5 | lr: 0.010 |train kld: 2.71628 |train kld ravg: 2.74054 |train mae:  14.47832 |train mae ravg:  14.53738 |val kld: 2.55932 |val kldravg: 2.64520 |val mae:  13.49183 |val mae ravg:  13.97896 |
|epoch:   6 | lr: 0.010 |train kld: 2.67226 |train kld ravg: 2.71991 |train mae:  14.16621 |train mae ravg:  14.40884 |val kld: 2.53678 |val kldravg: 2.63515 |val mae:  12.78056 |val mae ravg:  14.08704 |
|epoch:   7 | lr: 0.010 |train kld: 2.64353 |train kld ravg: 2.69347 |train mae:  13.83897 |train mae ravg:  14.31751 |val kld: 2.52970 |val kldravg: 2.58213 |val mae:  13.27168 |val mae ravg:  13.68660 |
|epoch:   8 | lr: 0.010 |train kld: 2.61919 |train kld ravg: 2.67288 |train mae:  13.30711 |train mae ravg:  14.05570 |val kld: 2.54585 |val kldravg: 2.56959 |val mae:  12.54660 |val mae ravg:  13.40745 |
|epoch:   9 | lr: 0.010 |train kld: 2.60432 |train kld ravg: 2.65112 |train mae:  12.77490 |train mae ravg:  13.71310 |val kld: 2.47594 |val kldravg: 2.52952 |val mae:  12.33426 |val mae ravg:  12.88499 |
|epoch:  10 | lr: 0.010 |train kld: 2.57999 |train kld ravg: 2.62386 |train mae:  13.02096 |train mae ravg:  13.42163 |val kld: 2.75702 |val kldravg: 2.56906 |val mae:  14.13202 |val mae ravg:  13.01303 |
|epoch:  11 | lr: 0.010 |train kld: 2.60992 |train kld ravg: 2.61139 |train mae:  13.08844 |train mae ravg:  13.20608 |val kld: 2.77517 |val kldravg: 2.61674 |val mae:  15.02800 |val mae ravg:  13.46251 |
|epoch:  12 | lr: 0.010 |train kld: 2.54873 |train kld ravg: 2.59243 |train mae:  12.18933 |train mae ravg:  12.87615 |val kld: 2.64416 |val kldravg: 2.63963 |val mae:  12.67204 |val mae ravg:  13.34258 |
|epoch:  13 | lr: 0.010 |train kld: 2.53166 |train kld ravg: 2.57492 |train mae:  11.75053 |train mae ravg:  12.56483 |val kld: 2.36185 |val kldravg: 2.60283 |val mae:  9.31411 |val mae ravg:  12.69609 |
|epoch:  14 | lr: 0.010 |train kld: 2.51235 |train kld ravg: 2.55653 |train mae:  11.48247 |train mae ravg:  12.30635 |val kld: 3.72569 |val kldravg: 2.85278 |val mae:  19.70528 |val mae ravg:  14.17029 |
|epoch:  15 | lr: 0.010 |train kld: 2.42365 |train kld ravg: 2.52526 |train mae:  10.80944 |train mae ravg:  11.86404 |val kld: 2.63392 |val kldravg: 2.82816 |val mae:  9.37152 |val mae ravg:  13.21819 |
|epoch:  16 | lr: 0.010 |train kld: 2.45673 |train kld ravg: 2.49462 |train mae:  11.01612 |train mae ravg:  11.44958 |val kld: 3.21386 |val kldravg: 2.91590 |val mae:  17.06717 |val mae ravg:  13.62602 |
|epoch:  17 | lr: 0.010 |train kld: 2.45408 |train kld ravg: 2.47569 |train mae:  11.22305 |train mae ravg:  11.25632 |val kld: 2.50238 |val kldravg: 2.88754 |val mae:  11.83012 |val mae ravg:  13.45764 |
|epoch:  18 | lr: 0.010 |train kld: 2.48618 |train kld ravg: 2.46660 |train mae:  10.96270 |train mae ravg:  11.09876 |val kld: 3.01246 |val kldravg: 3.01766 |val mae:  16.21044 |val mae ravg:  14.83691 |
|epoch:  19 | lr: 0.010 |train kld: 2.38168 |train kld ravg: 2.44046 |train mae:  10.16600 |train mae ravg:  10.83546 |val kld: 3.17527 |val kldravg: 2.90758 |val mae:  16.44699 |val mae ravg:  14.18525 |
|epoch:  20 | lr: 0.008 |train kld: 2.34356 |train kld ravg: 2.42445 |train mae:  10.09483 |train mae ravg:  10.69254 |val kld: 2.33574 |val kldravg: 2.84794 |val mae:  10.09166 |val mae ravg:  14.32928 |
|epoch:  21 | lr: 0.008 |train kld: 2.38865 |train kld ravg: 2.41083 |train mae:  10.23290 |train mae ravg:  10.53590 |val kld: 2.42916 |val kldravg: 2.69100 |val mae:  11.63408 |val mae ravg:  13.24266 |
|epoch:  22 | lr: 0.008 |train kld: 2.33432 |train kld ravg: 2.38688 |train mae:  9.68513 |train mae ravg:  10.22831 |val kld: 2.23076 |val kldravg: 2.63668 |val mae:  8.11019 |val mae ravg:  12.49867 |
|epoch:  23 | lr: 0.008 |train kld: 2.31793 |train kld ravg: 2.35323 |train mae:  9.48006 |train mae ravg:  9.93178 |val kld: 2.33162 |val kldravg: 2.50051 |val mae:  10.14336 |val mae ravg:  11.28526 |
|epoch:  24 | lr: 0.008 |train kld: 2.30200 |train kld ravg: 2.33729 |train mae:  9.28788 |train mae ravg:  9.75616 |val kld: 2.22646 |val kldravg: 2.31075 |val mae:  8.76698 |val mae ravg:  9.74925 |
|epoch:  25 | lr: 0.008 |train kld: 2.27960 |train kld ravg: 2.32450 |train mae:  9.36602 |train mae ravg:  9.61040 |val kld: 2.55095 |val kldravg: 2.35379 |val mae:  12.60171 |val mae ravg:  10.25126 |
|epoch:  26 | lr: 0.008 |train kld: 2.32114 |train kld ravg: 2.31100 |train mae:  9.89135 |train mae ravg:  9.54209 |val kld: 2.47013 |val kldravg: 2.36198 |val mae:  11.53431 |val mae ravg:  10.23131 |
|epoch:  27 | lr: 0.008 |train kld: 2.29728 |train kld ravg: 2.30359 |train mae:  9.76572 |train mae ravg:  9.55821 |val kld: 2.62493 |val kldravg: 2.44082 |val mae:  12.39596 |val mae ravg:  11.08846 |
|epoch:  28 | lr: 0.008 |train kld: 2.29950 |train kld ravg: 2.29990 |train mae:  9.38331 |train mae ravg:  9.53886 |val kld: 2.16131 |val kldravg: 2.40676 |val mae:  7.90469 |val mae ravg:  10.64073 |
|epoch:  29 | lr: 0.008 |train kld: 2.20188 |train kld ravg: 2.27988 |train mae:  8.12030 |train mae ravg:  9.30534 |val kld: 2.19546 |val kldravg: 2.40056 |val mae:  7.59007 |val mae ravg:  10.40535 |
|epoch:  30 | lr: 0.008 |train kld: 2.27975 |train kld ravg: 2.27991 |train mae:  8.91769 |train mae ravg:  9.21567 |val kld: 2.36863 |val kldravg: 2.36409 |val mae:  10.98178 |val mae ravg:  10.08136 |
|epoch:  31 | lr: 0.008 |train kld: 2.19976 |train kld ravg: 2.25563 |train mae:  8.24015 |train mae ravg:  8.88543 |val kld: 2.70604 |val kldravg: 2.41128 |val mae:  12.73263 |val mae ravg:  10.32103 |
|epoch:  32 | lr: 0.008 |train kld: 2.20280 |train kld ravg: 2.23674 |train mae:  8.17863 |train mae ravg:  8.56802 |val kld: 2.33627 |val kldravg: 2.35354 |val mae:  10.27006 |val mae ravg:  9.89585 |
|epoch:  33 | lr: 0.008 |train kld: 2.18456 |train kld ravg: 2.21375 |train mae:  8.39659 |train mae ravg:  8.37067 |val kld: 2.28676 |val kldravg: 2.37863 |val mae:  9.09565 |val mae ravg:  10.13404 |
|epoch:  34 | lr: 0.008 |train kld: 2.12702 |train kld ravg: 2.19878 |train mae:  7.74050 |train mae ravg:  8.29471 |val kld: 2.15561 |val kldravg: 2.37066 |val mae:  7.59737 |val mae ravg:  10.13550 |
|epoch:  35 | lr: 0.008 |train kld: 2.13818 |train kld ravg: 2.17046 |train mae:  7.58600 |train mae ravg:  8.02838 |val kld: 2.32638 |val kldravg: 2.36221 |val mae:  10.36623 |val mae ravg:  10.01239 |
|epoch:  36 | lr: 0.008 |train kld: 2.14367 |train kld ravg: 2.15924 |train mae:  7.87978 |train mae ravg:  7.95630 |val kld: 2.17528 |val kldravg: 2.25606 |val mae:  8.69411 |val mae ravg:  9.20469 |
|epoch:  37 | lr: 0.008 |train kld: 2.12018 |train kld ravg: 2.14272 |train mae:  7.42912 |train mae ravg:  7.80640 |val kld: 2.20050 |val kldravg: 2.22891 |val mae:  8.75211 |val mae ravg:  8.90109 |
|epoch:  38 | lr: 0.008 |train kld: 2.16883 |train kld ravg: 2.13957 |train mae:  8.06041 |train mae ravg:  7.73916 |val kld: 2.37473 |val kldravg: 2.24650 |val mae:  9.94109 |val mae ravg:  9.07018 |
|epoch:  39 | lr: 0.008 |train kld: 2.06257 |train kld ravg: 2.12668 |train mae:  6.69947 |train mae ravg:  7.53096 |val kld: 2.25563 |val kldravg: 2.26650 |val mae:  8.09735 |val mae ravg:  9.17018 |
|epoch:  40 | lr: 0.006 |train kld: 2.10498 |train kld ravg: 2.12004 |train mae:  7.72733 |train mae ravg:  7.55922 |val kld: 2.08024 |val kldravg: 2.21728 |val mae:  7.39834 |val mae ravg:  8.57660 |
|epoch:  41 | lr: 0.006 |train kld: 2.05039 |train kld ravg: 2.10139 |train mae:  7.16828 |train mae ravg:  7.41692 |val kld: 2.37497 |val kldravg: 2.25722 |val mae:  10.52676 |val mae ravg:  8.94313 |
|epoch:  42 | lr: 0.006 |train kld: 2.11145 |train kld ravg: 2.09964 |train mae:  7.22038 |train mae ravg:  7.37517 |val kld: 2.22834 |val kldravg: 2.26278 |val mae:  8.48226 |val mae ravg:  8.88916 |
|epoch:  43 | lr: 0.006 |train kld: 2.05949 |train kld ravg: 2.07778 |train mae:  6.82488 |train mae ravg:  7.12807 |val kld: 2.30759 |val kldravg: 2.24936 |val mae:  9.51926 |val mae ravg:  8.80479 |
|epoch:  44 | lr: 0.006 |train kld: 2.07063 |train kld ravg: 2.07939 |train mae:  7.51773 |train mae ravg:  7.29172 |val kld: 2.16361 |val kldravg: 2.23095 |val mae:  7.72298 |val mae ravg:  8.72992 |
|epoch:  45 | lr: 0.006 |train kld: 2.11780 |train kld ravg: 2.08195 |train mae:  7.56627 |train mae ravg:  7.25951 |val kld: 2.15484 |val kldravg: 2.24587 |val mae:  8.62762 |val mae ravg:  8.97577 |
|epoch:  46 | lr: 0.006 |train kld: 2.07620 |train kld ravg: 2.08711 |train mae:  7.08054 |train mae ravg:  7.24196 |val kld: 2.14136 |val kldravg: 2.19915 |val mae:  7.73364 |val mae ravg:  8.41715 |
|epoch:  47 | lr: 0.006 |train kld: 2.07763 |train kld ravg: 2.08035 |train mae:  7.01649 |train mae ravg:  7.20118 |val kld: 2.11596 |val kldravg: 2.17667 |val mae:  7.82842 |val mae ravg:  8.28638 |
|epoch:  48 | lr: 0.006 |train kld: 1.99274 |train kld ravg: 2.06700 |train mae:  6.43012 |train mae ravg:  7.12223 |val kld: 2.08920 |val kldravg: 2.13299 |val mae:  7.72778 |val mae ravg:  7.92809 |
|epoch:  49 | lr: 0.006 |train kld: 2.04740 |train kld ravg: 2.06235 |train mae:  7.18889 |train mae ravg:  7.05646 |val kld: 2.19816 |val kldravg: 2.13990 |val mae:  8.19183 |val mae ravg:  8.02186 |
|epoch:  50 | lr: 0.006 |train kld: 2.01829 |train kld ravg: 2.04245 |train mae:  6.59213 |train mae ravg:  6.86163 |val kld: 2.22153 |val kldravg: 2.15324 |val mae:  9.03297 |val mae ravg:  8.10293 |
|epoch:  51 | lr: 0.006 |train kld: 2.01707 |train kld ravg: 2.03063 |train mae:  6.68607 |train mae ravg:  6.78274 |val kld: 2.25446 |val kldravg: 2.17586 |val mae:  9.28990 |val mae ravg:  8.41418 |
|epoch:  52 | lr: 0.006 |train kld: 1.96507 |train kld ravg: 2.00811 |train mae:  6.48556 |train mae ravg:  6.67655 |val kld: 2.07312 |val kldravg: 2.16729 |val mae:  7.16733 |val mae ravg:  8.28196 |
|epoch:  53 | lr: 0.006 |train kld: 2.03058 |train kld ravg: 2.01568 |train mae:  6.84673 |train mae ravg:  6.75988 |val kld: 2.53848 |val kldravg: 2.25715 |val mae:  12.21406 |val mae ravg:  9.17922 |
|epoch:  54 | lr: 0.006 |train kld: 2.10494 |train kld ravg: 2.02719 |train mae:  7.50250 |train mae ravg:  6.82260 |val kld: 2.29146 |val kldravg: 2.27581 |val mae:  9.85080 |val mae ravg:  9.51101 |
|epoch:  55 | lr: 0.006 |train kld: 1.95384 |train kld ravg: 2.01430 |train mae:  6.29759 |train mae ravg:  6.76369 |val kld: 2.20212 |val kldravg: 2.27193 |val mae:  8.44544 |val mae ravg:  9.39351 |
|epoch:  56 | lr: 0.006 |train kld: 1.96473 |train kld ravg: 2.00383 |train mae:  6.49702 |train mae ravg:  6.72588 |val kld: 2.12932 |val kldravg: 2.24690 |val mae:  7.99698 |val mae ravg:  9.13492 |
|epoch:  57 | lr: 0.006 |train kld: 1.93150 |train kld ravg: 1.99712 |train mae:  6.24985 |train mae ravg:  6.67874 |val kld: 2.23604 |val kldravg: 2.27948 |val mae:  8.75344 |val mae ravg:  9.45214 |
|epoch:  58 | lr: 0.006 |train kld: 1.91927 |train kld ravg: 1.97486 |train mae:  6.14617 |train mae ravg:  6.53862 |val kld: 2.07835 |val kldravg: 2.18746 |val mae:  6.53655 |val mae ravg:  8.31664 |
|epoch:  59 | lr: 0.006 |train kld: 1.99763 |train kld ravg: 1.95339 |train mae:  6.64903 |train mae ravg:  6.36793 |val kld: 2.33424 |val kldravg: 2.19601 |val mae:  10.14997 |val mae ravg:  8.37647 |
|epoch:  60 | lr: 0.005 |train kld: 1.99053 |train kld ravg: 1.96073 |train mae:  6.60399 |train mae ravg:  6.42921 |val kld: 2.15144 |val kldravg: 2.18588 |val mae:  8.08825 |val mae ravg:  8.30504 |
|epoch:  61 | lr: 0.005 |train kld: 1.89711 |train kld ravg: 1.94721 |train mae:  5.57633 |train mae ravg:  6.24507 |val kld: 2.33082 |val kldravg: 2.22618 |val mae:  9.54374 |val mae ravg:  8.61439 |
|epoch:  62 | lr: 0.005 |train kld: 1.93033 |train kld ravg: 1.94697 |train mae:  5.51069 |train mae ravg:  6.09724 |val kld: 2.18447 |val kldravg: 2.21587 |val mae:  8.60861 |val mae ravg:  8.58542 |
|epoch:  63 | lr: 0.005 |train kld: 1.89447 |train kld ravg: 1.94201 |train mae:  5.57618 |train mae ravg:  5.98325 |val kld: 2.08991 |val kldravg: 2.21818 |val mae:  6.35037 |val mae ravg:  8.54819 |
|epoch:  64 | lr: 0.005 |train kld: 1.90058 |train kld ravg: 1.92260 |train mae:  5.92029 |train mae ravg:  5.83750 |val kld: 2.03196 |val kldravg: 2.15772 |val mae:  6.59345 |val mae ravg:  7.83688 |
|epoch:  65 | lr: 0.005 |train kld: 1.88839 |train kld ravg: 1.90218 |train mae:  5.82932 |train mae ravg:  5.68256 |val kld: 2.11541 |val kldravg: 2.15051 |val mae:  8.30506 |val mae ravg:  7.88025 |
|epoch:  66 | lr: 0.005 |train kld: 1.88774 |train kld ravg: 1.90030 |train mae:  5.65679 |train mae ravg:  5.69865 |val kld: 2.03678 |val kldravg: 2.09171 |val mae:  7.43940 |val mae ravg:  7.45938 |
|epoch:  67 | lr: 0.005 |train kld: 1.87533 |train kld ravg: 1.88930 |train mae:  5.49283 |train mae ravg:  5.69508 |val kld: 2.09906 |val kldravg: 2.07462 |val mae:  7.00884 |val mae ravg:  7.13942 |
|epoch:  68 | lr: 0.005 |train kld: 1.92376 |train kld ravg: 1.89516 |train mae:  5.80042 |train mae ravg:  5.73993 |val kld: 2.06575 |val kldravg: 2.06979 |val mae:  6.36241 |val mae ravg:  7.14183 |
|epoch:  69 | lr: 0.005 |train kld: 1.94012 |train kld ravg: 1.90307 |train mae:  5.87408 |train mae ravg:  5.73069 |val kld: 2.09150 |val kldravg: 2.08170 |val mae:  6.55926 |val mae ravg:  7.13499 |
|epoch:  70 | lr: 0.005 |train kld: 1.86680 |train kld ravg: 1.89875 |train mae:  5.06414 |train mae ravg:  5.57765 |val kld: 2.34421 |val kldravg: 2.12746 |val mae:  9.35865 |val mae ravg:  7.34571 |
|epoch:  71 | lr: 0.005 |train kld: 1.83298 |train kld ravg: 1.88780 |train mae:  5.60357 |train mae ravg:  5.56701 |val kld: 2.01049 |val kldravg: 2.12220 |val mae:  6.27106 |val mae ravg:  7.11204 |
|epoch:  72 | lr: 0.005 |train kld: 1.90691 |train kld ravg: 1.89411 |train mae:  5.68178 |train mae ravg:  5.60480 |val kld: 1.99167 |val kldravg: 2.10072 |val mae:  6.61832 |val mae ravg:  7.03394 |
|epoch:  73 | lr: 0.005 |train kld: 1.83714 |train kld ravg: 1.87679 |train mae:  5.32822 |train mae ravg:  5.51036 |val kld: 2.02662 |val kldravg: 2.09290 |val mae:  6.66080 |val mae ravg:  7.09362 |
|epoch:  74 | lr: 0.005 |train kld: 1.74689 |train kld ravg: 1.83814 |train mae:  4.86729 |train mae ravg:  5.30900 |val kld: 2.03909 |val kldravg: 2.08242 |val mae:  6.68569 |val mae ravg:  7.11890 |
|epoch:  75 | lr: 0.005 |train kld: 1.82748 |train kld ravg: 1.83028 |train mae:  5.44242 |train mae ravg:  5.38466 |val kld: 2.05758 |val kldravg: 2.02509 |val mae:  7.04837 |val mae ravg:  6.65685 |
|epoch:  76 | lr: 0.005 |train kld: 1.85613 |train kld ravg: 1.83491 |train mae:  5.19860 |train mae ravg:  5.30366 |val kld: 2.05072 |val kldravg: 2.03314 |val mae:  7.18769 |val mae ravg:  6.84017 |
|epoch:  77 | lr: 0.005 |train kld: 1.81806 |train kld ravg: 1.81714 |train mae:  5.27694 |train mae ravg:  5.22269 |val kld: 2.11769 |val kldravg: 2.05834 |val mae:  8.32021 |val mae ravg:  7.18055 |
|epoch:  78 | lr: 0.005 |train kld: 1.80650 |train kld ravg: 1.81101 |train mae:  5.31914 |train mae ravg:  5.22088 |val kld: 2.05634 |val kldravg: 2.06428 |val mae:  6.53460 |val mae ravg:  7.15531 |
|epoch:  79 | lr: 0.005 |train kld: 1.78257 |train kld ravg: 1.81815 |train mae:  5.20893 |train mae ravg:  5.28921 |val kld: 2.00641 |val kldravg: 2.05775 |val mae:  6.84997 |val mae ravg:  7.18817 |
|epoch:  80 | lr: 0.004 |train kld: 1.78869 |train kld ravg: 1.81039 |train mae:  5.11090 |train mae ravg:  5.22290 |val kld: 2.04542 |val kldravg: 2.05531 |val mae:  6.11706 |val mae ravg:  7.00191 |
|epoch:  81 | lr: 0.004 |train kld: 1.77938 |train kld ravg: 1.79504 |train mae:  4.87286 |train mae ravg:  5.15775 |val kld: 2.09671 |val kldravg: 2.06451 |val mae:  7.20595 |val mae ravg:  7.00556 |
|epoch:  82 | lr: 0.004 |train kld: 1.77954 |train kld ravg: 1.78734 |train mae:  5.01835 |train mae ravg:  5.10604 |val kld: 2.21124 |val kldravg: 2.08322 |val mae:  8.42957 |val mae ravg:  7.02743 |
|epoch:  83 | lr: 0.004 |train kld: 1.76759 |train kld ravg: 1.77956 |train mae:  4.55551 |train mae ravg:  4.95331 |val kld: 1.95158 |val kldravg: 2.06227 |val mae:  6.15501 |val mae ravg:  6.95151 |
|epoch:  84 | lr: 0.004 |train kld: 1.72643 |train kld ravg: 1.76833 |train mae:  4.54381 |train mae ravg:  4.82029 |val kld: 2.05144 |val kldravg: 2.07128 |val mae:  7.29522 |val mae ravg:  7.04056 |
|epoch:  85 | lr: 0.004 |train kld: 1.75916 |train kld ravg: 1.76242 |train mae:  4.93333 |train mae ravg:  4.78477 |val kld: 2.00114 |val kldravg: 2.06242 |val mae:  6.47945 |val mae ravg:  7.11304 |
|epoch:  86 | lr: 0.004 |train kld: 1.78701 |train kld ravg: 1.76395 |train mae:  5.27896 |train mae ravg:  4.86599 |val kld: 2.05783 |val kldravg: 2.05464 |val mae:  7.74763 |val mae ravg:  7.22138 |
|epoch:  87 | lr: 0.004 |train kld: 1.75652 |train kld ravg: 1.75934 |train mae:  4.72461 |train mae ravg:  4.80724 |val kld: 2.14446 |val kldravg: 2.04129 |val mae:  8.10641 |val mae ravg:  7.15675 |
|epoch:  88 | lr: 0.004 |train kld: 1.76603 |train kld ravg: 1.75903 |train mae:  4.97829 |train mae ravg:  4.89180 |val kld: 2.40761 |val kldravg: 2.13250 |val mae:  8.86775 |val mae ravg:  7.69929 |
|epoch:  89 | lr: 0.004 |train kld: 1.77458 |train kld ravg: 1.76866 |train mae:  4.96441 |train mae ravg:  4.97592 |val kld: 2.11997 |val kldravg: 2.14620 |val mae:  7.51492 |val mae ravg:  7.74324 |
|epoch:  90 | lr: 0.004 |train kld: 1.70002 |train kld ravg: 1.75683 |train mae:  4.39297 |train mae ravg:  4.86784 |val kld: 1.98362 |val kldravg: 2.14270 |val mae:  6.51499 |val mae ravg:  7.75034 |
|epoch:  91 | lr: 0.004 |train kld: 1.74780 |train kld ravg: 1.74899 |train mae:  4.77161 |train mae ravg:  4.76638 |val kld: 2.16133 |val kldravg: 2.16340 |val mae:  9.11083 |val mae ravg:  8.02298 |
|epoch:  92 | lr: 0.004 |train kld: 1.71129 |train kld ravg: 1.73994 |train mae:  4.61683 |train mae ravg:  4.74482 |val kld: 1.96595 |val kldravg: 2.12770 |val mae:  6.76239 |val mae ravg:  7.75418 |
|epoch:  93 | lr: 0.004 |train kld: 1.67170 |train kld ravg: 1.72108 |train mae:  4.26324 |train mae ravg:  4.60181 |val kld: 2.24464 |val kldravg: 2.09510 |val mae:  8.93510 |val mae ravg:  7.76765 |
|epoch:  94 | lr: 0.004 |train kld: 1.65971 |train kld ravg: 1.69810 |train mae:  4.52958 |train mae ravg:  4.51484 |val kld: 1.96116 |val kldravg: 2.06334 |val mae:  6.33066 |val mae ravg:  7.53079 |
|epoch:  95 | lr: 0.004 |train kld: 1.70085 |train kld ravg: 1.69827 |train mae:  4.55291 |train mae ravg:  4.54683 |val kld: 1.98660 |val kldravg: 2.06394 |val mae:  5.91335 |val mae ravg:  7.41047 |
|epoch:  96 | lr: 0.004 |train kld: 1.69227 |train kld ravg: 1.68717 |train mae:  4.39453 |train mae ravg:  4.47142 |val kld: 2.28864 |val kldravg: 2.08940 |val mae:  7.98673 |val mae ravg:  7.18565 |
|epoch:  97 | lr: 0.004 |train kld: 1.71602 |train kld ravg: 1.68811 |train mae:  4.82799 |train mae ravg:  4.51365 |val kld: 2.05612 |val kldravg: 2.10743 |val mae:  7.47582 |val mae ravg:  7.32833 |
|epoch:  98 | lr: 0.004 |train kld: 1.67687 |train kld ravg: 1.68914 |train mae:  4.39184 |train mae ravg:  4.53937 |val kld: 2.04583 |val kldravg: 2.06767 |val mae:  7.37591 |val mae ravg:  7.01649 |
|epoch:  99 | lr: 0.004 |train kld: 1.67268 |train kld ravg: 1.69174 |train mae:  4.36868 |train mae ravg:  4.50719 |val kld: 2.01228 |val kldravg: 2.07789 |val mae:  7.30149 |val mae ravg:  7.21066 |
|epoch: 100 | lr: 0.003 |train kld: 1.69672 |train kld ravg: 1.69091 |train mae:  4.77170 |train mae ravg:  4.55095 |val kld: 2.05418 |val kldravg: 2.09141 |val mae:  7.32427 |val mae ravg:  7.49284 |
|epoch: 101 | lr: 0.003 |train kld: 1.65187 |train kld ravg: 1.68283 |train mae:  4.42383 |train mae ravg:  4.55681 |val kld: 2.01685 |val kldravg: 2.03705 |val mae:  6.47255 |val mae ravg:  7.19001 |
|epoch: 102 | lr: 0.003 |train kld: 1.67289 |train kld ravg: 1.67421 |train mae:  4.43702 |train mae ravg:  4.47862 |val kld: 2.09588 |val kldravg: 2.04500 |val mae:  7.75882 |val mae ravg:  7.24661 |
|epoch: 103 | lr: 0.003 |train kld: 1.64127 |train kld ravg: 1.66709 |train mae:  3.98978 |train mae ravg:  4.39820 |val kld: 2.03243 |val kldravg: 2.04232 |val mae:  6.67958 |val mae ravg:  7.10734 |
|epoch: 104 | lr: 0.003 |train kld: 1.61415 |train kld ravg: 1.65538 |train mae:  4.09275 |train mae ravg:  4.34302 |val kld: 2.29123 |val kldravg: 2.09811 |val mae:  8.76253 |val mae ravg:  7.39955 |
|epoch: 105 | lr: 0.003 |train kld: 1.68561 |train kld ravg: 1.65316 |train mae:  4.42593 |train mae ravg:  4.27386 |val kld: 2.03946 |val kldravg: 2.09517 |val mae:  6.89138 |val mae ravg:  7.31297 |
|epoch: 106 | lr: 0.003 |train kld: 1.62451 |train kld ravg: 1.64768 |train mae:  4.09543 |train mae ravg:  4.20818 |val kld: 1.99800 |val kldravg: 2.09140 |val mae:  6.77807 |val mae ravg:  7.37408 |
|epoch: 107 | lr: 0.003 |train kld: 1.61844 |train kld ravg: 1.63680 |train mae:  3.98818 |train mae ravg:  4.11841 |val kld: 2.13086 |val kldravg: 2.09840 |val mae:  7.84215 |val mae ravg:  7.39074 |
|epoch: 108 | lr: 0.003 |train kld: 1.58204 |train kld ravg: 1.62495 |train mae:  3.82553 |train mae ravg:  4.08556 |val kld: 1.97988 |val kldravg: 2.08789 |val mae:  6.70294 |val mae ravg:  7.39541 |
|epoch: 109 | lr: 0.003 |train kld: 1.65189 |train kld ravg: 1.63250 |train mae:  4.38693 |train mae ravg:  4.14440 |val kld: 2.47740 |val kldravg: 2.12512 |val mae:  10.39035 |val mae ravg:  7.72098 |
|epoch: 110 | lr: 0.003 |train kld: 1.73030 |train kld ravg: 1.64144 |train mae:  5.06725 |train mae ravg:  4.27266 |val kld: 2.12153 |val kldravg: 2.14154 |val mae:  8.04970 |val mae ravg:  7.95264 |
|epoch: 111 | lr: 0.003 |train kld: 1.60989 |train kld ravg: 1.63851 |train mae:  3.85391 |train mae ravg:  4.22436 |val kld: 1.97511 |val kldravg: 2.13696 |val mae:  6.22358 |val mae ravg:  7.84174 |
|epoch: 112 | lr: 0.003 |train kld: 1.64485 |train kld ravg: 1.64380 |train mae:  4.25274 |train mae ravg:  4.27727 |val kld: 2.07502 |val kldravg: 2.12579 |val mae:  7.46939 |val mae ravg:  7.76719 |
|epoch: 113 | lr: 0.003 |train kld: 1.60636 |train kld ravg: 1.64866 |train mae:  4.03741 |train mae ravg:  4.31965 |val kld: 1.94840 |val kldravg: 2.11949 |val mae:  6.67073 |val mae ravg:  7.76075 |
|epoch: 114 | lr: 0.003 |train kld: 1.64818 |train kld ravg: 1.64792 |train mae:  4.16084 |train mae ravg:  4.27443 |val kld: 1.93232 |val kldravg: 2.01048 |val mae:  6.32646 |val mae ravg:  6.94797 |
|epoch: 115 | lr: 0.003 |train kld: 1.64287 |train kld ravg: 1.63043 |train mae:  4.58066 |train mae ravg:  4.17711 |val kld: 1.97629 |val kldravg: 1.98143 |val mae:  6.49832 |val mae ravg:  6.63770 |
|epoch: 116 | lr: 0.003 |train kld: 1.64299 |train kld ravg: 1.63705 |train mae:  4.35367 |train mae ravg:  4.27706 |val kld: 2.15615 |val kldravg: 2.01764 |val mae:  7.39416 |val mae ravg:  6.87181 |
|epoch: 117 | lr: 0.003 |train kld: 1.62619 |train kld ravg: 1.63332 |train mae:  4.20672 |train mae ravg:  4.26786 |val kld: 2.40713 |val kldravg: 2.08406 |val mae:  9.65118 |val mae ravg:  7.30817 |
|epoch: 118 | lr: 0.003 |train kld: 1.59298 |train kld ravg: 1.63064 |train mae:  4.08538 |train mae ravg:  4.27745 |val kld: 2.00575 |val kldravg: 2.09553 |val mae:  6.54058 |val mae ravg:  7.28214 |
|epoch: 119 | lr: 0.003 |train kld: 1.57659 |train kld ravg: 1.61632 |train mae:  4.03261 |train mae ravg:  4.25181 |val kld: 2.00089 |val kldravg: 2.10924 |val mae:  6.45706 |val mae ravg:  7.30826 |
|epoch: 120 | lr: 0.003 |train kld: 1.57008 |train kld ravg: 1.60176 |train mae:  3.97053 |train mae ravg:  4.12978 |val kld: 1.97861 |val kldravg: 2.10970 |val mae:  6.38417 |val mae ravg:  7.28543 |
|epoch: 121 | lr: 0.003 |train kld: 1.60566 |train kld ravg: 1.59430 |train mae:  3.87774 |train mae ravg:  4.03460 |val kld: 1.96413 |val kldravg: 2.07130 |val mae:  6.11463 |val mae ravg:  7.02952 |
|epoch: 122 | lr: 0.003 |train kld: 1.51485 |train kld ravg: 1.57203 |train mae:  3.63310 |train mae ravg:  3.91987 |val kld: 1.92956 |val kldravg: 1.97579 |val mae:  6.31742 |val mae ravg:  6.36277 |
|epoch: 123 | lr: 0.003 |train kld: 1.58493 |train kld ravg: 1.57042 |train mae:  4.18143 |train mae ravg:  3.93908 |val kld: 2.12853 |val kldravg: 2.00034 |val mae:  6.66618 |val mae ravg:  6.38789 |
|epoch: 124 | lr: 0.003 |train kld: 1.56182 |train kld ravg: 1.56747 |train mae:  3.84837 |train mae ravg:  3.90223 |val kld: 2.01614 |val kldravg: 2.00339 |val mae:  7.02965 |val mae ravg:  6.50241 |
|epoch: 125 | lr: 0.003 |train kld: 1.59921 |train kld ravg: 1.57330 |train mae:  3.95043 |train mae ravg:  3.89822 |val kld: 1.95250 |val kldravg: 1.99817 |val mae:  6.00142 |val mae ravg:  6.42586 |
|epoch: 126 | lr: 0.003 |train kld: 1.57953 |train kld ravg: 1.56807 |train mae:  3.81015 |train mae ravg:  3.88470 |val kld: 1.92255 |val kldravg: 1.98985 |val mae:  6.00032 |val mae ravg:  6.40299 |
|epoch: 127 | lr: 0.003 |train kld: 1.59286 |train kld ravg: 1.58367 |train mae:  4.35655 |train mae ravg:  4.02939 |val kld: 2.03556 |val kldravg: 2.01105 |val mae:  7.19154 |val mae ravg:  6.57782 |
|epoch: 128 | lr: 0.003 |train kld: 1.56727 |train kld ravg: 1.58014 |train mae:  3.84475 |train mae ravg:  3.96205 |val kld: 2.11654 |val kldravg: 2.00866 |val mae:  7.70597 |val mae ravg:  6.78578 |
|epoch: 129 | lr: 0.003 |train kld: 1.55841 |train kld ravg: 1.57946 |train mae:  3.74807 |train mae ravg:  3.94199 |val kld: 1.97914 |val kldravg: 2.00126 |val mae:  6.55493 |val mae ravg:  6.69083 |
|epoch: 130 | lr: 0.003 |train kld: 1.54953 |train kld ravg: 1.56952 |train mae:  4.00048 |train mae ravg:  3.95200 |val kld: 1.94667 |val kldravg: 2.00009 |val mae:  6.70172 |val mae ravg:  6.83089 |
|epoch: 131 | lr: 0.003 |train kld: 1.58922 |train kld ravg: 1.57146 |train mae:  4.22707 |train mae ravg:  4.03538 |val kld: 1.97992 |val kldravg: 2.01157 |val mae:  6.70787 |val mae ravg:  6.97241 |
|epoch: 132 | lr: 0.003 |train kld: 1.56893 |train kld ravg: 1.56667 |train mae:  3.48197 |train mae ravg:  3.86047 |val kld: 1.95563 |val kldravg: 1.99558 |val mae:  6.26822 |val mae ravg:  6.78774 |
|epoch: 133 | lr: 0.003 |train kld: 1.52352 |train kld ravg: 1.55792 |train mae:  3.41769 |train mae ravg:  3.77505 |val kld: 2.10890 |val kldravg: 1.99405 |val mae:  7.43188 |val mae ravg:  6.73292 |
|epoch: 134 | lr: 0.003 |train kld: 1.57925 |train kld ravg: 1.56209 |train mae:  4.00233 |train mae ravg:  3.82591 |val kld: 2.04074 |val kldravg: 2.00637 |val mae:  6.55646 |val mae ravg:  6.73323 |
|epoch: 135 | lr: 0.003 |train kld: 1.57350 |train kld ravg: 1.56688 |train mae:  3.78184 |train mae ravg:  3.78218 |val kld: 1.93757 |val kldravg: 2.00455 |val mae:  6.39610 |val mae ravg:  6.67210 |
|epoch: 136 | lr: 0.003 |train kld: 1.56507 |train kld ravg: 1.56205 |train mae:  4.09963 |train mae ravg:  3.75669 |val kld: 2.01675 |val kldravg: 2.01192 |val mae:  6.10718 |val mae ravg:  6.55196 |
|epoch: 137 | lr: 0.003 |train kld: 1.53951 |train kld ravg: 1.55617 |train mae:  3.66113 |train mae ravg:  3.79252 |val kld: 2.12652 |val kldravg: 2.04610 |val mae:  7.49810 |val mae ravg:  6.79794 |
|epoch: 138 | lr: 0.003 |train kld: 1.51933 |train kld ravg: 1.55533 |train mae:  3.86898 |train mae ravg:  3.88278 |val kld: 2.08156 |val kldravg: 2.04063 |val mae:  7.17410 |val mae ravg:  6.74639 |
|epoch: 139 | lr: 0.003 |train kld: 1.54645 |train kld ravg: 1.54877 |train mae:  3.72723 |train mae ravg:  3.82776 |val kld: 1.97647 |val kldravg: 2.02777 |val mae:  6.11202 |val mae ravg:  6.65750 |
|epoch: 140 | lr: 0.002 |train kld: 1.52191 |train kld ravg: 1.53846 |train mae:  3.51918 |train mae ravg:  3.77523 |val kld: 1.97548 |val kldravg: 2.03536 |val mae:  6.25238 |val mae ravg:  6.62876 |
|epoch: 141 | lr: 0.002 |train kld: 1.48984 |train kld ravg: 1.52341 |train mae:  3.36117 |train mae ravg:  3.62754 |val kld: 1.93313 |val kldravg: 2.01863 |val mae:  6.14625 |val mae ravg:  6.63657 |
|epoch: 142 | lr: 0.002 |train kld: 1.47888 |train kld ravg: 1.51128 |train mae:  3.49581 |train mae ravg:  3.59448 |val kld: 1.97972 |val kldravg: 1.98927 |val mae:  6.69212 |val mae ravg:  6.47537 |
|epoch: 143 | lr: 0.002 |train kld: 1.48616 |train kld ravg: 1.50465 |train mae:  3.67258 |train mae ravg:  3.55519 |val kld: 1.95483 |val kldravg: 1.96393 |val mae:  6.56238 |val mae ravg:  6.35303 |
|epoch: 144 | lr: 0.002 |train kld: 1.50409 |train kld ravg: 1.49618 |train mae:  3.32315 |train mae ravg:  3.47438 |val kld: 1.98744 |val kldravg: 1.96612 |val mae:  6.27823 |val mae ravg:  6.38627 |
|epoch: 145 | lr: 0.002 |train kld: 1.48664 |train kld ravg: 1.48912 |train mae:  3.51461 |train mae ravg:  3.47346 |val kld: 1.94027 |val kldravg: 1.95908 |val mae:  6.21673 |val mae ravg:  6.37914 |
|epoch: 146 | lr: 0.002 |train kld: 1.51484 |train kld ravg: 1.49412 |train mae:  3.73260 |train mae ravg:  3.54775 |val kld: 1.96914 |val kldravg: 1.96628 |val mae:  6.12895 |val mae ravg:  6.37568 |
|epoch: 147 | lr: 0.002 |train kld: 1.51111 |train kld ravg: 1.50057 |train mae:  3.68192 |train mae ravg:  3.58497 |val kld: 1.95104 |val kldravg: 1.96054 |val mae:  5.51225 |val mae ravg:  6.13971 |
|epoch: 148 | lr: 0.002 |train kld: 1.54984 |train kld ravg: 1.51330 |train mae:  3.79300 |train mae ravg:  3.60905 |val kld: 1.94523 |val kldravg: 1.95862 |val mae:  6.09267 |val mae ravg:  6.04577 |
|epoch: 149 | lr: 0.002 |train kld: 1.50547 |train kld ravg: 1.51358 |train mae:  3.69535 |train mae ravg:  3.68349 |val kld: 2.07695 |val kldravg: 1.97652 |val mae:  7.17995 |val mae ravg:  6.22611 |
|epoch: 150 | lr: 0.002 |train kld: 1.51724 |train kld ravg: 1.51970 |train mae:  3.68873 |train mae ravg:  3.71832 |val kld: 1.94420 |val kldravg: 1.97731 |val mae:  6.34843 |val mae ravg:  6.25245 |
|epoch: 151 | lr: 0.002 |train kld: 1.45844 |train kld ravg: 1.50842 |train mae:  3.35587 |train mae ravg:  3.64297 |val kld: 2.02210 |val kldravg: 1.98790 |val mae:  6.88059 |val mae ravg:  6.40278 |
|epoch: 152 | lr: 0.002 |train kld: 1.50553 |train kld ravg: 1.50730 |train mae:  3.94804 |train mae ravg:  3.69620 |val kld: 2.03313 |val kldravg: 2.00432 |val mae:  7.36476 |val mae ravg:  6.77328 |
|epoch: 153 | lr: 0.002 |train kld: 1.53156 |train kld ravg: 1.50365 |train mae:  3.71196 |train mae ravg:  3.67999 |val kld: 2.03052 |val kldravg: 2.02138 |val mae:  7.14462 |val mae ravg:  6.98367 |
|epoch: 154 | lr: 0.002 |train kld: 1.51109 |train kld ravg: 1.50477 |train mae:  3.49473 |train mae ravg:  3.63987 |val kld: 2.09884 |val kldravg: 2.02576 |val mae:  7.89324 |val mae ravg:  7.12633 |
|epoch: 155 | lr: 0.002 |train kld: 1.52190 |train kld ravg: 1.50570 |train mae:  3.91800 |train mae ravg:  3.68572 |val kld: 1.91915 |val kldravg: 2.02075 |val mae:  6.19143 |val mae ravg:  7.09493 |
|epoch: 156 | lr: 0.002 |train kld: 1.47637 |train kld ravg: 1.50929 |train mae:  3.46509 |train mae ravg:  3.70756 |val kld: 1.85528 |val kldravg: 1.98739 |val mae:  5.85884 |val mae ravg:  6.89058 |
|epoch: 157 | lr: 0.002 |train kld: 1.51606 |train kld ravg: 1.51139 |train mae:  3.75555 |train mae ravg:  3.66907 |val kld: 1.94798 |val kldravg: 1.97035 |val mae:  6.62230 |val mae ravg:  6.74209 |
|epoch: 158 | lr: 0.002 |train kld: 1.46990 |train kld ravg: 1.49906 |train mae:  3.49205 |train mae ravg:  3.62508 |val kld: 1.90774 |val kldravg: 1.94580 |val mae:  6.16563 |val mae ravg:  6.54629 |
|epoch: 159 | lr: 0.002 |train kld: 1.46768 |train kld ravg: 1.49038 |train mae:  3.65431 |train mae ravg:  3.65700 |val kld: 1.97391 |val kldravg: 1.92081 |val mae:  6.50359 |val mae ravg:  6.26836 |
|epoch: 160 | lr: 0.002 |train kld: 1.50329 |train kld ravg: 1.48666 |train mae:  3.32147 |train mae ravg:  3.53769 |val kld: 1.92015 |val kldravg: 1.92101 |val mae:  6.45917 |val mae ravg:  6.32191 |
|epoch: 161 | lr: 0.002 |train kld: 1.47684 |train kld ravg: 1.48675 |train mae:  3.77250 |train mae ravg:  3.59918 |val kld: 2.16527 |val kldravg: 1.98301 |val mae:  7.52675 |val mae ravg:  6.65549 |
|epoch: 162 | lr: 0.002 |train kld: 1.44775 |train kld ravg: 1.47309 |train mae:  3.45810 |train mae ravg:  3.53969 |val kld: 1.96412 |val kldravg: 1.98624 |val mae:  6.60229 |val mae ravg:  6.65148 |
|epoch: 163 | lr: 0.002 |train kld: 1.46612 |train kld ravg: 1.47234 |train mae:  3.28200 |train mae ravg:  3.49768 |val kld: 1.96068 |val kldravg: 1.99683 |val mae:  6.50098 |val mae ravg:  6.71855 |
|epoch: 164 | lr: 0.002 |train kld: 1.44871 |train kld ravg: 1.46854 |train mae:  3.36859 |train mae ravg:  3.44053 |val kld: 1.98994 |val kldravg: 2.00003 |val mae:  6.52868 |val mae ravg:  6.72357 |
|epoch: 165 | lr: 0.002 |train kld: 1.44003 |train kld ravg: 1.45589 |train mae:  3.16435 |train mae ravg:  3.40911 |val kld: 1.93049 |val kldravg: 2.00210 |val mae:  6.25873 |val mae ravg:  6.68349 |
|epoch: 166 | lr: 0.002 |train kld: 1.43209 |train kld ravg: 1.44694 |train mae:  3.39169 |train mae ravg:  3.33295 |val kld: 2.00187 |val kldravg: 1.96942 |val mae:  6.42520 |val mae ravg:  6.46318 |
|epoch: 167 | lr: 0.002 |train kld: 1.47250 |train kld ravg: 1.45189 |train mae:  3.17576 |train mae ravg:  3.27648 |val kld: 1.92748 |val kldravg: 1.96209 |val mae:  6.14673 |val mae ravg:  6.37207 |
|epoch: 168 | lr: 0.002 |train kld: 1.44093 |train kld ravg: 1.44685 |train mae:  3.44510 |train mae ravg:  3.30910 |val kld: 1.95623 |val kldravg: 1.96120 |val mae:  6.17792 |val mae ravg:  6.30745 |
|epoch: 169 | lr: 0.002 |train kld: 1.43116 |train kld ravg: 1.44334 |train mae:  3.32148 |train mae ravg:  3.29968 |val kld: 2.01031 |val kldravg: 1.96528 |val mae:  6.67843 |val mae ravg:  6.33740 |
|epoch: 170 | lr: 0.002 |train kld: 1.45277 |train kld ravg: 1.44589 |train mae:  3.38275 |train mae ravg:  3.34336 |val kld: 1.93478 |val kldravg: 1.96613 |val mae:  6.30942 |val mae ravg:  6.34754 |
|epoch: 171 | lr: 0.002 |train kld: 1.45782 |train kld ravg: 1.45104 |train mae:  3.37599 |train mae ravg:  3.34022 |val kld: 1.98066 |val kldravg: 1.96189 |val mae:  6.53910 |val mae ravg:  6.37032 |
|epoch: 172 | lr: 0.002 |train kld: 1.41446 |train kld ravg: 1.43943 |train mae:  3.22432 |train mae ravg:  3.34993 |val kld: 1.96271 |val kldravg: 1.96894 |val mae:  6.50804 |val mae ravg:  6.44258 |
|epoch: 173 | lr: 0.002 |train kld: 1.45840 |train kld ravg: 1.44292 |train mae:  3.47354 |train mae ravg:  3.35562 |val kld: 1.95215 |val kldravg: 1.96813 |val mae:  6.39841 |val mae ravg:  6.48668 |
|epoch: 174 | lr: 0.002 |train kld: 1.43143 |train kld ravg: 1.44298 |train mae:  3.36629 |train mae ravg:  3.36458 |val kld: 2.03047 |val kldravg: 1.97216 |val mae:  6.73189 |val mae ravg:  6.49737 |
|epoch: 175 | lr: 0.002 |train kld: 1.49892 |train kld ravg: 1.45220 |train mae:  3.77198 |train mae ravg:  3.44242 |val kld: 2.04989 |val kldravg: 1.99518 |val mae:  6.92395 |val mae ravg:  6.62028 |
|epoch: 176 | lr: 0.002 |train kld: 1.43432 |train kld ravg: 1.44750 |train mae:  3.14758 |train mae ravg:  3.39674 |val kld: 1.91594 |val kldravg: 1.98223 |val mae:  6.18695 |val mae ravg:  6.54985 |
|epoch: 177 | lr: 0.002 |train kld: 1.46610 |train kld ravg: 1.45783 |train mae:  3.49168 |train mae ravg:  3.45022 |val kld: 2.04828 |val kldravg: 1.99935 |val mae:  7.23518 |val mae ravg:  6.69527 |
|epoch: 178 | lr: 0.002 |train kld: 1.43459 |train kld ravg: 1.45307 |train mae:  3.27990 |train mae ravg:  3.41149 |val kld: 1.89052 |val kldravg: 1.98702 |val mae:  5.96304 |val mae ravg:  6.60820 |
|epoch: 179 | lr: 0.002 |train kld: 1.42468 |train kld ravg: 1.45172 |train mae:  3.42247 |train mae ravg:  3.42272 |val kld: 1.98966 |val kldravg: 1.97886 |val mae:  6.99299 |val mae ravg:  6.66042 |
|epoch: 180 | lr: 0.001 |train kld: 1.40733 |train kld ravg: 1.43340 |train mae:  3.40185 |train mae ravg:  3.34869 |val kld: 1.92584 |val kldravg: 1.95405 |val mae:  6.17060 |val mae ravg:  6.50975 |
|epoch: 181 | lr: 0.001 |train kld: 1.45160 |train kld ravg: 1.43686 |train mae:  3.63585 |train mae ravg:  3.44635 |val kld: 1.88884 |val kldravg: 1.94863 |val mae:  6.08753 |val mae ravg:  6.48987 |
|epoch: 182 | lr: 0.001 |train kld: 1.42486 |train kld ravg: 1.42861 |train mae:  3.50344 |train mae ravg:  3.44870 |val kld: 1.91977 |val kldravg: 1.92293 |val mae:  6.29365 |val mae ravg:  6.30156 |
|epoch: 183 | lr: 0.001 |train kld: 1.43045 |train kld ravg: 1.42778 |train mae:  3.39123 |train mae ravg:  3.47097 |val kld: 1.99141 |val kldravg: 1.94310 |val mae:  6.72953 |val mae ravg:  6.45486 |
|epoch: 184 | lr: 0.001 |train kld: 1.40289 |train kld ravg: 1.42343 |train mae:  3.05544 |train mae ravg:  3.39756 |val kld: 1.90445 |val kldravg: 1.92606 |val mae:  6.34983 |val mae ravg:  6.32623 |
|epoch: 185 | lr: 0.001 |train kld: 1.48358 |train kld ravg: 1.43867 |train mae:  3.81721 |train mae ravg:  3.48063 |val kld: 1.96572 |val kldravg: 1.93404 |val mae:  6.55031 |val mae ravg:  6.40217 |
|epoch: 186 | lr: 0.001 |train kld: 1.41974 |train kld ravg: 1.43230 |train mae:  3.19832 |train mae ravg:  3.39313 |val kld: 1.92972 |val kldravg: 1.94222 |val mae:  6.41972 |val mae ravg:  6.46861 |
|epoch: 187 | lr: 0.001 |train kld: 1.43690 |train kld ravg: 1.43471 |train mae:  3.36203 |train mae ravg:  3.36484 |val kld: 2.04366 |val kldravg: 1.96699 |val mae:  7.31838 |val mae ravg:  6.67355 |
|epoch: 188 | lr: 0.001 |train kld: 1.37681 |train kld ravg: 1.42398 |train mae:  3.07180 |train mae ravg:  3.30096 |val kld: 1.89205 |val kldravg: 1.94712 |val mae:  6.11797 |val mae ravg:  6.55124 |
|epoch: 189 | lr: 0.001 |train kld: 1.40304 |train kld ravg: 1.42401 |train mae:  3.20699 |train mae ravg:  3.33127 |val kld: 1.94629 |val kldravg: 1.95549 |val mae:  6.44309 |val mae ravg:  6.56989 |
|epoch: 190 | lr: 0.001 |train kld: 1.44094 |train kld ravg: 1.41549 |train mae:  3.56688 |train mae ravg:  3.28120 |val kld: 2.03406 |val kldravg: 1.96915 |val mae:  7.02723 |val mae ravg:  6.66528 |
|epoch: 191 | lr: 0.001 |train kld: 1.42530 |train kld ravg: 1.41660 |train mae:  3.12561 |train mae ravg:  3.26666 |val kld: 1.85988 |val kldravg: 1.95519 |val mae:  5.60667 |val mae ravg:  6.50267 |
|epoch: 192 | lr: 0.001 |train kld: 1.44981 |train kld ravg: 1.41918 |train mae:  3.39314 |train mae ravg:  3.27288 |val kld: 1.93193 |val kldravg: 1.93284 |val mae:  6.40275 |val mae ravg:  6.31955 |
|epoch: 193 | lr: 0.001 |train kld: 1.40071 |train kld ravg: 1.42396 |train mae:  3.21607 |train mae ravg:  3.30174 |val kld: 1.98367 |val kldravg: 1.95117 |val mae:  6.90397 |val mae ravg:  6.47674 |
|epoch: 194 | lr: 0.001 |train kld: 1.43266 |train kld ravg: 1.42988 |train mae:  3.13106 |train mae ravg:  3.28655 |val kld: 1.87316 |val kldravg: 1.93654 |val mae:  5.99509 |val mae ravg:  6.38714 |
|epoch: 195 | lr: 0.001 |train kld: 1.43616 |train kld ravg: 1.42893 |train mae:  3.30653 |train mae ravg:  3.23448 |val kld: 1.96052 |val kldravg: 1.92183 |val mae:  6.20908 |val mae ravg:  6.22351 |
|epoch: 196 | lr: 0.001 |train kld: 1.41294 |train kld ravg: 1.42646 |train mae:  3.22262 |train mae ravg:  3.25388 |val kld: 1.94508 |val kldravg: 1.93887 |val mae:  6.31373 |val mae ravg:  6.36492 |
|epoch: 197 | lr: 0.001 |train kld: 1.40827 |train kld ravg: 1.41815 |train mae:  3.13602 |train mae ravg:  3.20246 |val kld: 1.98655 |val kldravg: 1.94980 |val mae:  6.31730 |val mae ravg:  6.34783 |
|epoch: 198 | lr: 0.001 |train kld: 1.41111 |train kld ravg: 1.42023 |train mae:  3.24507 |train mae ravg:  3.20826 |val kld: 1.92916 |val kldravg: 1.93889 |val mae:  6.63697 |val mae ravg:  6.29443 |
|epoch: 199 | lr: 0.001 |train kld: 1.42395 |train kld ravg: 1.41849 |train mae:  3.59135 |train mae ravg:  3.30032 |val kld: 2.00354 |val kldravg: 1.96497 |val mae:  7.05061 |val mae ravg:  6.50554 |
|epoch: 200 | lr: 0.001 |train kld: 1.41360 |train kld ravg: 1.41397 |train mae:  3.21161 |train mae ravg:  3.28133 |val kld: 1.93060 |val kldravg: 1.95899 |val mae:  6.31084 |val mae ravg:  6.52589 |
|epoch: 201 | lr: 0.001 |train kld: 1.37958 |train kld ravg: 1.40730 |train mae:  3.17651 |train mae ravg:  3.27211 |val kld: 1.99201 |val kldravg: 1.96837 |val mae:  6.81167 |val mae ravg:  6.62548 |
|epoch: 202 | lr: 0.001 |train kld: 1.39430 |train kld ravg: 1.40451 |train mae:  3.41737 |train mae ravg:  3.32838 |val kld: 1.99913 |val kldravg: 1.97089 |val mae:  6.64383 |val mae ravg:  6.69078 |
|epoch: 203 | lr: 0.001 |train kld: 1.38615 |train kld ravg: 1.39952 |train mae:  3.25927 |train mae ravg:  3.33122 |val kld: 1.98204 |val kldravg: 1.98146 |val mae:  6.02143 |val mae ravg:  6.56768 |
|epoch: 204 | lr: 0.001 |train kld: 1.39882 |train kld ravg: 1.39449 |train mae:  3.46524 |train mae ravg:  3.30600 |val kld: 1.95200 |val kldravg: 1.97116 |val mae:  6.19814 |val mae ravg:  6.39718 |
|epoch: 205 | lr: 0.001 |train kld: 1.39902 |train kld ravg: 1.39158 |train mae:  3.20527 |train mae ravg:  3.30473 |val kld: 1.94619 |val kldravg: 1.97427 |val mae:  6.45050 |val mae ravg:  6.42512 |
|epoch: 206 | lr: 0.001 |train kld: 1.38530 |train kld ravg: 1.39272 |train mae:  3.15524 |train mae ravg:  3.30048 |val kld: 1.99267 |val kldravg: 1.97441 |val mae:  6.82382 |val mae ravg:  6.42755 |
|epoch: 207 | lr: 0.001 |train kld: 1.39012 |train kld ravg: 1.39188 |train mae:  3.42599 |train mae ravg:  3.30220 |val kld: 1.98140 |val kldravg: 1.97086 |val mae:  6.80927 |val mae ravg:  6.46063 |
|epoch: 208 | lr: 0.001 |train kld: 1.39995 |train kld ravg: 1.39464 |train mae:  3.34196 |train mae ravg:  3.31874 |val kld: 1.92520 |val kldravg: 1.95949 |val mae:  6.41600 |val mae ravg:  6.53955 |
|epoch: 209 | lr: 0.001 |train kld: 1.38520 |train kld ravg: 1.39192 |train mae:  3.21117 |train mae ravg:  3.26793 |val kld: 2.02873 |val kldravg: 1.97484 |val mae:  7.29170 |val mae ravg:  6.75826 |
|epoch: 210 | lr: 0.001 |train kld: 1.37733 |train kld ravg: 1.38758 |train mae:  3.57746 |train mae ravg:  3.34236 |val kld: 1.90984 |val kldravg: 1.96757 |val mae:  6.41033 |val mae ravg:  6.75022 |
|epoch: 211 | lr: 0.001 |train kld: 1.39912 |train kld ravg: 1.39034 |train mae:  3.22264 |train mae ravg:  3.35584 |val kld: 2.04542 |val kldravg: 1.97812 |val mae:  7.40264 |val mae ravg:  6.86599 |
|epoch: 212 | lr: 0.001 |train kld: 1.36837 |train kld ravg: 1.38600 |train mae:  3.16278 |train mae ravg:  3.30320 |val kld: 1.96463 |val kldravg: 1.97476 |val mae:  6.56071 |val mae ravg:  6.81628 |
|epoch: 213 | lr: 0.001 |train kld: 1.37620 |train kld ravg: 1.38125 |train mae:  3.24303 |train mae ravg:  3.28342 |val kld: 1.91402 |val kldravg: 1.97253 |val mae:  6.16421 |val mae ravg:  6.76592 |
|epoch: 214 | lr: 0.001 |train kld: 1.38096 |train kld ravg: 1.38040 |train mae:  3.09026 |train mae ravg:  3.25923 |val kld: 1.95720 |val kldravg: 1.95822 |val mae:  6.54916 |val mae ravg:  6.61741 |
|epoch: 215 | lr: 0.001 |train kld: 1.42677 |train kld ravg: 1.39028 |train mae:  3.65184 |train mae ravg:  3.27411 |val kld: 1.97685 |val kldravg: 1.97163 |val mae:  6.55690 |val mae ravg:  6.64672 |
|epoch: 216 | lr: 0.001 |train kld: 1.37784 |train kld ravg: 1.38603 |train mae:  3.29889 |train mae ravg:  3.28936 |val kld: 1.91806 |val kldravg: 1.94615 |val mae:  5.96482 |val mae ravg:  6.35916 |
|epoch: 217 | lr: 0.001 |train kld: 1.33880 |train kld ravg: 1.38011 |train mae:  2.92964 |train mae ravg:  3.24273 |val kld: 1.89531 |val kldravg: 1.93229 |val mae:  6.13507 |val mae ravg:  6.27403 |
|epoch: 218 | lr: 0.001 |train kld: 1.38533 |train kld ravg: 1.38194 |train mae:  3.13096 |train mae ravg:  3.22032 |val kld: 1.92409 |val kldravg: 1.93430 |val mae:  6.22621 |val mae ravg:  6.28643 |
|epoch: 219 | lr: 0.001 |train kld: 1.38635 |train kld ravg: 1.38302 |train mae:  3.06519 |train mae ravg:  3.21530 |val kld: 2.06462 |val kldravg: 1.95579 |val mae:  7.14613 |val mae ravg:  6.40583 |
|epoch: 220 | lr: 0.001 |train kld: 1.41253 |train kld ravg: 1.38017 |train mae:  3.24949 |train mae ravg:  3.13483 |val kld: 1.97713 |val kldravg: 1.95584 |val mae:  6.76248 |val mae ravg:  6.44694 |
|epoch: 221 | lr: 0.001 |train kld: 1.35006 |train kld ravg: 1.37461 |train mae:  3.20412 |train mae ravg:  3.11588 |val kld: 1.91090 |val kldravg: 1.95441 |val mae:  6.09820 |val mae ravg:  6.47362 |
|epoch: 222 | lr: 0.001 |train kld: 1.37646 |train kld ravg: 1.38214 |train mae:  3.18690 |train mae ravg:  3.16733 |val kld: 1.98566 |val kldravg: 1.97248 |val mae:  6.64434 |val mae ravg:  6.57547 |
|epoch: 223 | lr: 0.001 |train kld: 1.37470 |train kld ravg: 1.38002 |train mae:  3.23851 |train mae ravg:  3.18884 |val kld: 1.90420 |val kldravg: 1.96850 |val mae:  5.89667 |val mae ravg:  6.50956 |
|epoch: 224 | lr: 0.001 |train kld: 1.36035 |train kld ravg: 1.37482 |train mae:  3.13964 |train mae ravg:  3.20373 |val kld: 1.94463 |val kldravg: 1.94450 |val mae:  6.40337 |val mae ravg:  6.36101 |
|epoch: 225 | lr: 0.001 |train kld: 1.31949 |train kld ravg: 1.35621 |train mae:  2.99684 |train mae ravg:  3.15320 |val kld: 1.86554 |val kldravg: 1.92218 |val mae:  6.02039 |val mae ravg:  6.21259 |
|epoch: 226 | lr: 0.001 |train kld: 1.39184 |train kld ravg: 1.36457 |train mae:  3.35894 |train mae ravg:  3.18417 |val kld: 1.91993 |val kldravg: 1.92399 |val mae:  6.17257 |val mae ravg:  6.22747 |
|epoch: 227 | lr: 0.001 |train kld: 1.34983 |train kld ravg: 1.35924 |train mae:  3.06495 |train mae ravg:  3.15978 |val kld: 1.99792 |val kldravg: 1.92644 |val mae:  6.97042 |val mae ravg:  6.29268 |
|epoch: 228 | lr: 0.001 |train kld: 1.33460 |train kld ravg: 1.35122 |train mae:  2.83227 |train mae ravg:  3.07853 |val kld: 1.94659 |val kldravg: 1.93492 |val mae:  6.50937 |val mae ravg:  6.41522 |
|epoch: 229 | lr: 0.001 |train kld: 1.30618 |train kld ravg: 1.34039 |train mae:  3.02351 |train mae ravg:  3.05530 |val kld: 1.89914 |val kldravg: 1.92582 |val mae:  6.04945 |val mae ravg:  6.34444 |
|epoch: 230 | lr: 0.001 |train kld: 1.38340 |train kld ravg: 1.35317 |train mae:  3.43081 |train mae ravg:  3.14210 |val kld: 1.96920 |val kldravg: 1.94656 |val mae:  6.31263 |val mae ravg:  6.40289 |
|epoch: 231 | lr: 0.001 |train kld: 1.34295 |train kld ravg: 1.34339 |train mae:  3.40588 |train mae ravg:  3.15148 |val kld: 1.94250 |val kldravg: 1.95107 |val mae:  6.18383 |val mae ravg:  6.40514 |
|epoch: 232 | lr: 0.001 |train kld: 1.35935 |train kld ravg: 1.34530 |train mae:  3.18652 |train mae ravg:  3.17580 |val kld: 1.93311 |val kldravg: 1.93811 |val mae:  6.25555 |val mae ravg:  6.26217 |
|epoch: 233 | lr: 0.001 |train kld: 1.34731 |train kld ravg: 1.34784 |train mae:  3.17418 |train mae ravg:  3.24418 |val kld: 1.89783 |val kldravg: 1.92835 |val mae:  6.12740 |val mae ravg:  6.18577 |
|epoch: 234 | lr: 0.001 |train kld: 1.36549 |train kld ravg: 1.35970 |train mae:  2.98085 |train mae ravg:  3.23565 |val kld: 1.96726 |val kldravg: 1.94198 |val mae:  6.61924 |val mae ravg:  6.29973 |
|epoch: 235 | lr: 0.001 |train kld: 1.34275 |train kld ravg: 1.35157 |train mae:  3.08454 |train mae ravg:  3.16639 |val kld: 1.88666 |val kldravg: 1.92547 |val mae:  6.14168 |val mae ravg:  6.26554 |
|epoch: 236 | lr: 0.001 |train kld: 1.34811 |train kld ravg: 1.35260 |train mae:  3.43141 |train mae ravg:  3.17150 |val kld: 1.92411 |val kldravg: 1.92179 |val mae:  6.35405 |val mae ravg:  6.29958 |
|epoch: 237 | lr: 0.001 |train kld: 1.34518 |train kld ravg: 1.34977 |train mae:  3.12242 |train mae ravg:  3.15868 |val kld: 1.96327 |val kldravg: 1.92782 |val mae:  6.61905 |val mae ravg:  6.37228 |
|epoch: 238 | lr: 0.001 |train kld: 1.34821 |train kld ravg: 1.34995 |train mae:  3.19979 |train mae ravg:  3.16380 |val kld: 1.94944 |val kldravg: 1.93815 |val mae:  6.58050 |val mae ravg:  6.46290 |
|epoch: 239 | lr: 0.001 |train kld: 1.32905 |train kld ravg: 1.34266 |train mae:  2.83410 |train mae ravg:  3.13445 |val kld: 1.86962 |val kldravg: 1.91862 |val mae:  6.06848 |val mae ravg:  6.35275 |
|epoch: 240 | lr: 0.001 |train kld: 1.36611 |train kld ravg: 1.34733 |train mae:  3.07720 |train mae ravg:  3.13298 |val kld: 1.90779 |val kldravg: 1.92285 |val mae:  6.37336 |val mae ravg:  6.39909 |
|epoch: 241 | lr: 0.001 |train kld: 1.37128 |train kld ravg: 1.35197 |train mae:  3.02778 |train mae ravg:  3.05226 |val kld: 1.92348 |val kldravg: 1.92272 |val mae:  6.14341 |val mae ravg:  6.35696 |
|epoch: 242 | lr: 0.001 |train kld: 1.34748 |train kld ravg: 1.35243 |train mae:  3.05494 |train mae ravg:  3.03876 |val kld: 1.88880 |val kldravg: 1.90783 |val mae:  6.43054 |val mae ravg:  6.31926 |
|epoch: 243 | lr: 0.001 |train kld: 1.39245 |train kld ravg: 1.36128 |train mae:  3.18248 |train mae ravg:  3.03530 |val kld: 1.93257 |val kldravg: 1.90445 |val mae:  6.60730 |val mae ravg:  6.32462 |
|epoch: 244 | lr: 0.001 |train kld: 1.35639 |train kld ravg: 1.36674 |train mae:  3.44695 |train mae ravg:  3.15787 |val kld: 1.94735 |val kldravg: 1.92000 |val mae:  6.19472 |val mae ravg:  6.34987 |
|epoch: 245 | lr: 0.001 |train kld: 1.34190 |train kld ravg: 1.36190 |train mae:  3.11166 |train mae ravg:  3.16476 |val kld: 1.90833 |val kldravg: 1.92011 |val mae:  6.43663 |val mae ravg:  6.36252 |
|epoch: 246 | lr: 0.001 |train kld: 1.35290 |train kld ravg: 1.35822 |train mae:  3.31208 |train mae ravg:  3.22162 |val kld: 1.96234 |val kldravg: 1.92788 |val mae:  6.47927 |val mae ravg:  6.42969 |
|epoch: 247 | lr: 0.001 |train kld: 1.33181 |train kld ravg: 1.35509 |train mae:  2.93493 |train mae ravg:  3.19762 |val kld: 1.90091 |val kldravg: 1.93030 |val mae:  6.12590 |val mae ravg:  6.36876 |
|epoch: 248 | lr: 0.001 |train kld: 1.34732 |train kld ravg: 1.34606 |train mae:  3.24398 |train mae ravg:  3.20992 |val kld: 1.88910 |val kldravg: 1.92160 |val mae:  6.28363 |val mae ravg:  6.30403 |
|epoch: 249 | lr: 0.001 |train kld: 1.35175 |train kld ravg: 1.34514 |train mae:  3.31545 |train mae ravg:  3.18362 |val kld: 1.93689 |val kldravg: 1.91951 |val mae:  6.23414 |val mae ravg:  6.31191 |
----------------------------------------------------------------------------------------------------------------------------------------------------------------
Finished:  2021-03-26 19:32:38.946872

Correlation between train loss and evaluation: 0.976

----------------------------------------------------------------------------------------------------------------------------------------------------------------
Save configfile.
Loading ixi  test data.
Number of GPUs:  2

Model loaded from None is being tested.
Start:  2021-03-26 19:32:38.994390
----------------------------------------------------------------------------------------------------------------------------------------------------------------
test kld mean: 2.00179 | test kld std: 0.00654 |test mae mean:  6.04941 |test mae std:  0.04945 |
----------------------------------------------------------------------------------------------------------------------------------------------------------------
Finished:  2021-03-26 19:33:20.612327

Correlation between train loss and evaluation: 0.943

----------------------------------------------------------------------------------------------------------------------------------------------------------------
------------------------------------------------
Finished at: Fri Mar 26 19:33:21 GMT 2021
------------------------------------------------
