------------------------------------------------
Job ID: 37521732
Run on host: compg013.hpc.in.bmrc.ox.ac.uk
Operating system: Linux
Username: lhw539
Started at: Sat Feb 20 15:31:49 GMT 2021
------------------------------------------------
Loading share 1.00 train data.
Loading OASIS   val data.
Number of GPUs:  2

Full model is being tested with weights loaded from pre-trained model.
Start:  2021-02-20 15:31:54.745742
----------------------------------------------------------------------------------------------------------------------------------------------------------------
test kld mean: 2.26726 | test kld std: 0.00075 |test mae mean:  9.88422 |test mae std:  0.03382 |
----------------------------------------------------------------------------------------------------------------------------------------------------------------
Finished:  2021-02-20 15:32:27.051456

Correlation between train loss and evaluation: 0.852

----------------------------------------------------------------------------------------------------------------------------------------------------------------
------------------------------------------------
Finished at: Sat Feb 20 15:32:28 GMT 2021
------------------------------------------------
------------------------------------------------
Job ID: 37525158
Run on host: compg013.hpc.in.bmrc.ox.ac.uk
Operating system: Linux
Username: lhw539
Started at: Sat Feb 20 15:54:19 GMT 2021
------------------------------------------------
Loading share 1.00 train data.
Loading OASIS   val data.
Load model for age - run: 2
Number of GPUs:  2

Full model is being tested with weights loaded from pre-trained model.
Start:  2021-02-20 15:54:24.591236
----------------------------------------------------------------------------------------------------------------------------------------------------------------
test kld mean: 1.69656 | test kld std: 0.00478 |test mae mean:  3.72980 |test mae std:  0.01802 |
----------------------------------------------------------------------------------------------------------------------------------------------------------------
Finished:  2021-02-20 15:54:56.755929

Correlation between train loss and evaluation: 0.994

----------------------------------------------------------------------------------------------------------------------------------------------------------------
------------------------------------------------
Finished at: Sat Feb 20 15:54:57 GMT 2021
------------------------------------------------
