------------------------------------------------
Job ID: 39819948
Run on host: compg011.hpc.in.bmrc.ox.ac.uk
Operating system: Linux
Username: lhw539
Started at: Wed Mar 17 03:50:13 GMT 2021
------------------------------------------------
Loading ixi train data.
Loading ixi   val data.
Number of GPUs:  2
Epoch decay:  30
Gamma decay:  0.3

Full model is being trained with random initialization.
Start:  2021-03-17 03:50:19.912971
----------------------------------------------------------------------------------------------------------------------------------------------------------------
|epoch:   0 | lr: 0.010 |train kld: 2.81430 |train kld ravg: 2.81430 |train mae:  14.72337 |train mae ravg:  14.72337 |val kld: 2.75354 |val kldravg: 2.75354 |val mae:  14.60434 |val mae ravg:  14.60434 |
|epoch:   1 | lr: 0.010 |train kld: 2.71718 |train kld ravg: 2.76574 |train mae:  14.64160 |train mae ravg:  14.68249 |val kld: 2.66858 |val kldravg: 2.71106 |val mae:  13.92550 |val mae ravg:  14.26492 |
|epoch:   2 | lr: 0.010 |train kld: 2.67773 |train kld ravg: 2.73640 |train mae:  14.17745 |train mae ravg:  14.51414 |val kld: 2.65084 |val kldravg: 2.69099 |val mae:  14.19827 |val mae ravg:  14.24270 |
|epoch:   3 | lr: 0.010 |train kld: 2.64563 |train kld ravg: 2.71371 |train mae:  13.85524 |train mae ravg:  14.34941 |val kld: 2.72220 |val kldravg: 2.69879 |val mae:  15.45212 |val mae ravg:  14.54506 |
|epoch:   4 | lr: 0.010 |train kld: 2.62652 |train kld ravg: 2.69627 |train mae:  13.40898 |train mae ravg:  14.16133 |val kld: 2.63410 |val kldravg: 2.68585 |val mae:  13.15798 |val mae ravg:  14.26764 |
|epoch:   5 | lr: 0.010 |train kld: 2.59273 |train kld ravg: 2.65196 |train mae:  13.26904 |train mae ravg:  13.87046 |val kld: 2.88049 |val kldravg: 2.71124 |val mae:  16.90292 |val mae ravg:  14.72736 |
|epoch:   6 | lr: 0.010 |train kld: 2.59324 |train kld ravg: 2.62717 |train mae:  13.02537 |train mae ravg:  13.54722 |val kld: 2.53531 |val kldravg: 2.68459 |val mae:  12.86409 |val mae ravg:  14.51508 |
|epoch:   7 | lr: 0.010 |train kld: 2.54703 |train kld ravg: 2.60103 |train mae:  12.61053 |train mae ravg:  13.23383 |val kld: 2.66119 |val kldravg: 2.68666 |val mae:  14.11973 |val mae ravg:  14.49937 |
|epoch:   8 | lr: 0.010 |train kld: 2.53678 |train kld ravg: 2.57926 |train mae:  12.27735 |train mae ravg:  12.91826 |val kld: 2.61778 |val kldravg: 2.66577 |val mae:  13.37382 |val mae ravg:  14.08371 |
|epoch:   9 | lr: 0.010 |train kld: 2.52633 |train kld ravg: 2.55922 |train mae:  12.28486 |train mae ravg:  12.69343 |val kld: 2.56563 |val kldravg: 2.65208 |val mae:  13.06797 |val mae ravg:  14.06570 |
|epoch:  10 | lr: 0.010 |train kld: 2.51023 |train kld ravg: 2.54272 |train mae:  12.02142 |train mae ravg:  12.44391 |val kld: 2.43449 |val kldravg: 2.56288 |val mae:  11.25640 |val mae ravg:  12.93640 |
|epoch:  11 | lr: 0.010 |train kld: 2.49128 |train kld ravg: 2.52233 |train mae:  11.69358 |train mae ravg:  12.17755 |val kld: 2.60127 |val kldravg: 2.57607 |val mae:  12.79673 |val mae ravg:  12.92293 |
|epoch:  12 | lr: 0.010 |train kld: 2.49433 |train kld ravg: 2.51179 |train mae:  11.83425 |train mae ravg:  12.02229 |val kld: 2.79842 |val kldravg: 2.60352 |val mae:  14.23428 |val mae ravg:  12.94584 |
|epoch:  13 | lr: 0.010 |train kld: 2.48811 |train kld ravg: 2.50205 |train mae:  11.76127 |train mae ravg:  11.91908 |val kld: 2.51887 |val kldravg: 2.58374 |val mae:  12.21971 |val mae ravg:  12.71502 |
|epoch:  14 | lr: 0.010 |train kld: 2.50250 |train kld ravg: 2.49729 |train mae:  11.93656 |train mae ravg:  11.84942 |val kld: 2.74467 |val kldravg: 2.61954 |val mae:  14.21155 |val mae ravg:  12.94374 |
|epoch:  15 | lr: 0.010 |train kld: 2.44945 |train kld ravg: 2.48513 |train mae:  10.99014 |train mae ravg:  11.64316 |val kld: 2.47436 |val kldravg: 2.62752 |val mae:  11.26389 |val mae ravg:  12.94523 |
|epoch:  16 | lr: 0.010 |train kld: 2.44337 |train kld ravg: 2.47555 |train mae:  11.42044 |train mae ravg:  11.58853 |val kld: 3.12890 |val kldravg: 2.73304 |val mae:  17.26269 |val mae ravg:  13.83843 |
|epoch:  17 | lr: 0.010 |train kld: 2.42773 |train kld ravg: 2.46223 |train mae:  10.97057 |train mae ravg:  11.41580 |val kld: 2.59894 |val kldravg: 2.69315 |val mae:  13.03211 |val mae ravg:  13.59799 |
|epoch:  18 | lr: 0.010 |train kld: 2.44577 |train kld ravg: 2.45376 |train mae:  11.06577 |train mae ravg:  11.27670 |val kld: 2.42868 |val kldravg: 2.67511 |val mae:  10.72677 |val mae ravg:  13.29940 |
|epoch:  19 | lr: 0.010 |train kld: 2.41774 |train kld ravg: 2.43681 |train mae:  10.90586 |train mae ravg:  11.07055 |val kld: 2.34889 |val kldravg: 2.59595 |val mae:  9.88730 |val mae ravg:  12.43455 |
|epoch:  20 | lr: 0.010 |train kld: 2.38957 |train kld ravg: 2.42484 |train mae:  10.52372 |train mae ravg:  10.97727 |val kld: 2.32592 |val kldravg: 2.56627 |val mae:  9.46896 |val mae ravg:  12.07557 |
|epoch:  21 | lr: 0.010 |train kld: 2.39828 |train kld ravg: 2.41582 |train mae:  10.83584 |train mae ravg:  10.86035 |val kld: 2.95763 |val kldravg: 2.53201 |val mae:  16.38773 |val mae ravg:  11.90057 |
|epoch:  22 | lr: 0.010 |train kld: 2.42478 |train kld ravg: 2.41523 |train mae:  11.04442 |train mae ravg:  10.87512 |val kld: 2.41889 |val kldravg: 2.49600 |val mae:  10.66687 |val mae ravg:  11.42753 |
|epoch:  23 | lr: 0.010 |train kld: 2.37029 |train kld ravg: 2.40013 |train mae:  10.10970 |train mae ravg:  10.68391 |val kld: 2.88841 |val kldravg: 2.58795 |val mae:  15.99925 |val mae ravg:  12.48202 |
|epoch:  24 | lr: 0.010 |train kld: 2.39841 |train kld ravg: 2.39627 |train mae:  10.77166 |train mae ravg:  10.65707 |val kld: 2.59612 |val kldravg: 2.63739 |val mae:  11.30509 |val mae ravg:  12.76558 |
|epoch:  25 | lr: 0.010 |train kld: 2.36860 |train kld ravg: 2.39207 |train mae:  10.27287 |train mae ravg:  10.60690 |val kld: 2.56629 |val kldravg: 2.68547 |val mae:  12.29808 |val mae ravg:  13.33140 |
|epoch:  26 | lr: 0.010 |train kld: 2.34560 |train kld ravg: 2.38154 |train mae:  10.20072 |train mae ravg:  10.47987 |val kld: 2.51371 |val kldravg: 2.59668 |val mae:  11.95908 |val mae ravg:  12.44568 |
|epoch:  27 | lr: 0.010 |train kld: 2.34832 |train kld ravg: 2.36624 |train mae:  10.22987 |train mae ravg:  10.31696 |val kld: 2.52098 |val kldravg: 2.61710 |val mae:  11.85511 |val mae ravg:  12.68332 |
|epoch:  28 | lr: 0.010 |train kld: 2.38430 |train kld ravg: 2.36905 |train mae:  10.40222 |train mae ravg:  10.37547 |val kld: 2.64821 |val kldravg: 2.56906 |val mae:  13.71916 |val mae ravg:  12.22730 |
|epoch:  29 | lr: 0.010 |train kld: 2.36656 |train kld ravg: 2.36267 |train mae:  10.41060 |train mae ravg:  10.30326 |val kld: 2.46530 |val kldravg: 2.54290 |val mae:  10.22282 |val mae ravg:  12.01085 |
|epoch:  30 | lr: 0.003 |train kld: 2.38173 |train kld ravg: 2.36530 |train mae:  10.73009 |train mae ravg:  10.39470 |val kld: 2.40946 |val kldravg: 2.51153 |val mae:  9.93529 |val mae ravg:  11.53829 |
|epoch:  31 | lr: 0.003 |train kld: 2.34545 |train kld ravg: 2.36527 |train mae:  9.92350 |train mae ravg:  10.33926 |val kld: 2.49860 |val kldravg: 2.50851 |val mae:  10.78394 |val mae ravg:  11.30326 |
|epoch:  32 | lr: 0.003 |train kld: 2.31330 |train kld ravg: 2.35827 |train mae:  10.03814 |train mae ravg:  10.30091 |val kld: 2.36607 |val kldravg: 2.47753 |val mae:  9.71571 |val mae ravg:  10.87538 |
|epoch:  33 | lr: 0.003 |train kld: 2.33052 |train kld ravg: 2.34751 |train mae:  9.97176 |train mae ravg:  10.21482 |val kld: 2.47774 |val kldravg: 2.44343 |val mae:  11.16434 |val mae ravg:  10.36442 |
|epoch:  34 | lr: 0.003 |train kld: 2.29529 |train kld ravg: 2.33326 |train mae:  9.26415 |train mae ravg:  9.98553 |val kld: 2.26037 |val kldravg: 2.40245 |val mae:  8.37350 |val mae ravg:  9.99456 |
|epoch:  35 | lr: 0.003 |train kld: 2.31108 |train kld ravg: 2.31913 |train mae:  9.64634 |train mae ravg:  9.76878 |val kld: 2.64196 |val kldravg: 2.44895 |val mae:  13.21336 |val mae ravg:  10.65017 |
|epoch:  36 | lr: 0.003 |train kld: 2.31116 |train kld ravg: 2.31227 |train mae:  9.84308 |train mae ravg:  9.75270 |val kld: 2.25056 |val kldravg: 2.39934 |val mae:  8.93552 |val mae ravg:  10.28049 |
|epoch:  37 | lr: 0.003 |train kld: 2.28294 |train kld ravg: 2.30620 |train mae:  9.29003 |train mae ravg:  9.60307 |val kld: 2.20937 |val kldravg: 2.36800 |val mae:  8.38863 |val mae ravg:  10.01507 |
|epoch:  38 | lr: 0.003 |train kld: 2.29267 |train kld ravg: 2.29863 |train mae:  9.46665 |train mae ravg:  9.50205 |val kld: 2.23430 |val kldravg: 2.31931 |val mae:  8.19836 |val mae ravg:  9.42188 |
|epoch:  39 | lr: 0.003 |train kld: 2.32776 |train kld ravg: 2.30512 |train mae:  10.02703 |train mae ravg:  9.65463 |val kld: 2.49043 |val kldravg: 2.36532 |val mae:  11.37499 |val mae ravg:  10.02217 |
|epoch:  40 | lr: 0.003 |train kld: 2.25949 |train kld ravg: 2.29480 |train mae:  9.38133 |train mae ravg:  9.60162 |val kld: 2.57873 |val kldravg: 2.35268 |val mae:  12.38289 |val mae ravg:  9.85608 |
|epoch:  41 | lr: 0.003 |train kld: 2.27208 |train kld ravg: 2.28699 |train mae:  9.23691 |train mae ravg:  9.48039 |val kld: 2.42153 |val kldravg: 2.38687 |val mae:  10.36906 |val mae ravg:  10.14279 |
|epoch:  42 | lr: 0.003 |train kld: 2.25776 |train kld ravg: 2.28195 |train mae:  9.53592 |train mae ravg:  9.52957 |val kld: 2.19341 |val kldravg: 2.38368 |val mae:  8.11846 |val mae ravg:  10.08875 |
|epoch:  43 | lr: 0.003 |train kld: 2.23838 |train kld ravg: 2.27110 |train mae:  9.28913 |train mae ravg:  9.49406 |val kld: 2.17576 |val kldravg: 2.37197 |val mae:  7.43893 |val mae ravg:  9.93687 |
|epoch:  44 | lr: 0.003 |train kld: 2.24764 |train kld ravg: 2.25507 |train mae:  8.98746 |train mae ravg:  9.28615 |val kld: 2.44356 |val kldravg: 2.36260 |val mae:  10.91603 |val mae ravg:  9.84508 |
|epoch:  45 | lr: 0.003 |train kld: 2.23034 |train kld ravg: 2.24924 |train mae:  8.74753 |train mae ravg:  9.15939 |val kld: 2.29138 |val kldravg: 2.30513 |val mae:  8.33942 |val mae ravg:  9.03638 |
|epoch:  46 | lr: 0.003 |train kld: 2.21880 |train kld ravg: 2.23858 |train mae:  8.89355 |train mae ravg:  9.09072 |val kld: 3.35106 |val kldravg: 2.49103 |val mae:  18.49694 |val mae ravg:  10.66196 |
|epoch:  47 | lr: 0.003 |train kld: 2.25012 |train kld ravg: 2.23706 |train mae:  9.51509 |train mae ravg:  9.08655 |val kld: 2.45604 |val kldravg: 2.54356 |val mae:  10.44044 |val mae ravg:  11.12635 |
|epoch:  48 | lr: 0.003 |train kld: 2.23962 |train kld ravg: 2.23730 |train mae:  9.14019 |train mae ravg:  9.05676 |val kld: 2.18721 |val kldravg: 2.54585 |val mae:  7.63742 |val mae ravg:  11.16605 |
|epoch:  49 | lr: 0.003 |train kld: 2.22576 |train kld ravg: 2.23293 |train mae:  8.58710 |train mae ravg:  8.97669 |val kld: 2.48213 |val kldravg: 2.55356 |val mae:  11.28695 |val mae ravg:  11.24023 |
|epoch:  50 | lr: 0.003 |train kld: 2.22617 |train kld ravg: 2.23209 |train mae:  9.46132 |train mae ravg:  9.11945 |val kld: 2.60641 |val kldravg: 2.61657 |val mae:  12.83946 |val mae ravg:  12.14024 |
|epoch:  51 | lr: 0.003 |train kld: 2.26932 |train kld ravg: 2.24220 |train mae:  9.04883 |train mae ravg:  9.15051 |val kld: 5.71755 |val kldravg: 3.08987 |val mae:  24.63420 |val mae ravg:  13.36769 |
|epoch:  52 | lr: 0.003 |train kld: 2.18081 |train kld ravg: 2.22834 |train mae:  8.40611 |train mae ravg:  8.92871 |val kld: 2.21194 |val kldravg: 3.04105 |val mae:  8.41672 |val mae ravg:  12.96295 |
|epoch:  53 | lr: 0.003 |train kld: 2.13928 |train kld ravg: 2.20827 |train mae:  7.92827 |train mae ravg:  8.68633 |val kld: 2.15854 |val kldravg: 3.03531 |val mae:  7.25597 |val mae ravg:  12.88666 |
|epoch:  54 | lr: 0.003 |train kld: 2.19758 |train kld ravg: 2.20263 |train mae:  8.56447 |train mae ravg:  8.68180 |val kld: 2.25206 |val kldravg: 2.98930 |val mae:  7.86704 |val mae ravg:  12.20268 |
|epoch:  55 | lr: 0.003 |train kld: 2.19420 |train kld ravg: 2.19624 |train mae:  8.91495 |train mae ravg:  8.57253 |val kld: 2.22135 |val kldravg: 2.91229 |val mae:  7.20446 |val mae ravg:  11.07568 |
|epoch:  56 | lr: 0.003 |train kld: 2.17105 |train kld ravg: 2.17658 |train mae:  8.20973 |train mae ravg:  8.40471 |val kld: 2.25306 |val kldravg: 2.21939 |val mae:  8.89565 |val mae ravg:  7.92797 |
|epoch:  57 | lr: 0.003 |train kld: 2.22388 |train kld ravg: 2.18520 |train mae:  8.73708 |train mae ravg:  8.47090 |val kld: 2.19149 |val kldravg: 2.21530 |val mae:  6.67443 |val mae ravg:  7.57951 |
|epoch:  58 | lr: 0.003 |train kld: 2.18946 |train kld ravg: 2.19523 |train mae:  8.82829 |train mae ravg:  8.65091 |val kld: 2.29145 |val kldravg: 2.24188 |val mae:  8.52058 |val mae ravg:  7.83243 |
|epoch:  59 | lr: 0.003 |train kld: 2.22583 |train kld ravg: 2.20088 |train mae:  8.74458 |train mae ravg:  8.68693 |val kld: 2.27164 |val kldravg: 2.24580 |val mae:  9.19051 |val mae ravg:  8.09712 |
|epoch:  60 | lr: 0.001 |train kld: 2.15751 |train kld ravg: 2.19354 |train mae:  8.75868 |train mae ravg:  8.65567 |val kld: 2.16583 |val kldravg: 2.23469 |val mae:  7.51432 |val mae ravg:  8.15910 |
|epoch:  61 | lr: 0.001 |train kld: 2.16539 |train kld ravg: 2.19241 |train mae:  8.37163 |train mae ravg:  8.68805 |val kld: 2.12488 |val kldravg: 2.20906 |val mae:  6.96448 |val mae ravg:  7.77286 |
|epoch:  62 | lr: 0.001 |train kld: 2.11591 |train kld ravg: 2.17082 |train mae:  7.75105 |train mae ravg:  8.49085 |val kld: 2.85449 |val kldravg: 2.34166 |val mae:  15.18755 |val mae ravg:  9.47549 |
|epoch:  63 | lr: 0.001 |train kld: 2.15888 |train kld ravg: 2.16471 |train mae:  8.15817 |train mae ravg:  8.35682 |val kld: 2.21254 |val kldravg: 2.32588 |val mae:  8.35444 |val mae ravg:  9.44226 |
|epoch:  64 | lr: 0.001 |train kld: 2.20403 |train kld ravg: 2.16034 |train mae:  8.81805 |train mae ravg:  8.37152 |val kld: 2.08021 |val kldravg: 2.28759 |val mae:  6.46100 |val mae ravg:  8.89636 |
|epoch:  65 | lr: 0.001 |train kld: 2.14185 |train kld ravg: 2.15721 |train mae:  7.99414 |train mae ravg:  8.21861 |val kld: 2.09485 |val kldravg: 2.27339 |val mae:  7.00020 |val mae ravg:  8.79354 |
|epoch:  66 | lr: 0.001 |train kld: 2.14599 |train kld ravg: 2.15333 |train mae:  8.28591 |train mae ravg:  8.20146 |val kld: 2.11852 |val kldravg: 2.27212 |val mae:  7.02454 |val mae ravg:  8.80555 |
|epoch:  67 | lr: 0.001 |train kld: 2.10880 |train kld ravg: 2.15191 |train mae:  7.92066 |train mae ravg:  8.23539 |val kld: 2.13830 |val kldravg: 2.12888 |val mae:  7.31436 |val mae ravg:  7.23091 |
|epoch:  68 | lr: 0.001 |train kld: 2.09052 |train kld ravg: 2.13824 |train mae:  7.89466 |train mae ravg:  8.18268 |val kld: 2.74936 |val kldravg: 2.23625 |val mae:  14.02081 |val mae ravg:  8.36418 |
|epoch:  69 | lr: 0.001 |train kld: 2.15739 |train kld ravg: 2.12891 |train mae:  8.28107 |train mae ravg:  8.07529 |val kld: 2.30709 |val kldravg: 2.28162 |val mae:  9.53467 |val mae ravg:  8.97892 |
|epoch:  70 | lr: 0.001 |train kld: 2.12212 |train kld ravg: 2.12496 |train mae:  8.08301 |train mae ravg:  8.09306 |val kld: 2.08538 |val kldravg: 2.27973 |val mae:  6.76062 |val mae ravg:  8.93100 |
|epoch:  71 | lr: 0.001 |train kld: 2.11746 |train kld ravg: 2.11926 |train mae:  7.88910 |train mae ravg:  8.01370 |val kld: 2.55601 |val kldravg: 2.36723 |val mae:  12.59085 |val mae ravg:  10.04426 |
|epoch:  72 | lr: 0.001 |train kld: 2.14867 |train kld ravg: 2.12723 |train mae:  8.42319 |train mae ravg:  8.11421 |val kld: 2.61125 |val kldravg: 2.46182 |val mae:  13.01936 |val mae ravg:  11.18526 |
|epoch:  73 | lr: 0.001 |train kld: 2.15131 |train kld ravg: 2.13939 |train mae:  8.24597 |train mae ravg:  8.18447 |val kld: 2.09176 |val kldravg: 2.33030 |val mae:  6.31304 |val mae ravg:  9.64371 |
|epoch:  74 | lr: 0.001 |train kld: 2.16012 |train kld ravg: 2.13994 |train mae:  8.44222 |train mae ravg:  8.21670 |val kld: 2.11879 |val kldravg: 2.29264 |val mae:  6.82317 |val mae ravg:  9.10141 |
|epoch:  75 | lr: 0.001 |train kld: 2.12699 |train kld ravg: 2.14091 |train mae:  8.00483 |train mae ravg:  8.20106 |val kld: 2.28708 |val kldravg: 2.33297 |val mae:  9.03145 |val mae ravg:  9.55557 |
|epoch:  76 | lr: 0.001 |train kld: 2.14817 |train kld ravg: 2.14705 |train mae:  8.26677 |train mae ravg:  8.27660 |val kld: 2.09776 |val kldravg: 2.24132 |val mae:  6.61176 |val mae ravg:  8.35976 |
|epoch:  77 | lr: 0.001 |train kld: 2.11447 |train kld ravg: 2.14021 |train mae:  7.82131 |train mae ravg:  8.15622 |val kld: 2.10922 |val kldravg: 2.14092 |val mae:  7.45074 |val mae ravg:  7.24603 |
|epoch:  78 | lr: 0.001 |train kld: 2.09309 |train kld ravg: 2.12857 |train mae:  7.89254 |train mae ravg:  8.08554 |val kld: 2.14382 |val kldravg: 2.15133 |val mae:  6.77715 |val mae ravg:  7.33885 |
|epoch:  79 | lr: 0.001 |train kld: 2.11084 |train kld ravg: 2.11871 |train mae:  8.35662 |train mae ravg:  8.06842 |val kld: 2.24555 |val kldravg: 2.17669 |val mae:  8.91229 |val mae ravg:  7.75668 |
|epoch:  80 | lr: 0.001 |train kld: 2.08688 |train kld ravg: 2.11069 |train mae:  7.30258 |train mae ravg:  7.92797 |val kld: 2.11529 |val kldravg: 2.14233 |val mae:  7.13726 |val mae ravg:  7.37784 |
|epoch:  81 | lr: 0.001 |train kld: 2.07813 |train kld ravg: 2.09668 |train mae:  7.54000 |train mae ravg:  7.78261 |val kld: 2.35169 |val kldravg: 2.19311 |val mae:  9.43160 |val mae ravg:  7.94181 |
|epoch:  82 | lr: 0.001 |train kld: 2.14432 |train kld ravg: 2.10265 |train mae:  8.49987 |train mae ravg:  7.91832 |val kld: 2.24260 |val kldravg: 2.21979 |val mae:  8.44904 |val mae ravg:  8.14147 |
|epoch:  83 | lr: 0.001 |train kld: 2.10413 |train kld ravg: 2.10486 |train mae:  7.96750 |train mae ravg:  7.93331 |val kld: 2.34542 |val kldravg: 2.26011 |val mae:  9.67234 |val mae ravg:  8.72051 |
|epoch:  84 | lr: 0.001 |train kld: 2.06872 |train kld ravg: 2.09644 |train mae:  7.33304 |train mae ravg:  7.72859 |val kld: 2.17809 |val kldravg: 2.24662 |val mae:  6.13433 |val mae ravg:  8.16491 |
|epoch:  85 | lr: 0.001 |train kld: 2.10920 |train kld ravg: 2.10090 |train mae:  7.78751 |train mae ravg:  7.82558 |val kld: 2.06654 |val kldravg: 2.23687 |val mae:  6.21144 |val mae ravg:  7.97975 |
|epoch:  86 | lr: 0.001 |train kld: 2.07244 |train kld ravg: 2.09976 |train mae:  7.69130 |train mae ravg:  7.85584 |val kld: 2.10316 |val kldravg: 2.18716 |val mae:  6.76432 |val mae ravg:  7.44630 |
|epoch:  87 | lr: 0.001 |train kld: 2.07251 |train kld ravg: 2.08540 |train mae:  7.59009 |train mae ravg:  7.67389 |val kld: 2.43603 |val kldravg: 2.22585 |val mae:  10.95740 |val mae ravg:  7.94797 |
|epoch:  88 | lr: 0.001 |train kld: 2.10289 |train kld ravg: 2.08515 |train mae:  8.27001 |train mae ravg:  7.73439 |val kld: 2.86909 |val kldravg: 2.33058 |val mae:  14.65599 |val mae ravg:  8.94470 |
|epoch:  89 | lr: 0.001 |train kld: 2.07280 |train kld ravg: 2.08597 |train mae:  7.72026 |train mae ravg:  7.81183 |val kld: 2.14021 |val kldravg: 2.32301 |val mae:  6.90001 |val mae ravg:  9.09783 |
|epoch:  90 | lr: 0.000 |train kld: 2.08806 |train kld ravg: 2.08174 |train mae:  7.70855 |train mae ravg:  7.79604 |val kld: 2.17137 |val kldravg: 2.34397 |val mae:  7.56754 |val mae ravg:  9.36905 |
|epoch:  91 | lr: 0.000 |train kld: 2.00997 |train kld ravg: 2.06924 |train mae:  7.35638 |train mae ravg:  7.72906 |val kld: 2.11881 |val kldravg: 2.34710 |val mae:  7.22227 |val mae ravg:  9.46064 |
|epoch:  92 | lr: 0.000 |train kld: 2.05854 |train kld ravg: 2.06645 |train mae:  7.32362 |train mae ravg:  7.67577 |val kld: 2.25765 |val kldravg: 2.31143 |val mae:  8.85755 |val mae ravg:  9.04067 |
|epoch:  93 | lr: 0.000 |train kld: 2.10071 |train kld ravg: 2.06601 |train mae:  7.98022 |train mae ravg:  7.61781 |val kld: 2.14343 |val kldravg: 2.16629 |val mae:  7.27809 |val mae ravg:  7.56509 |
|epoch:  94 | lr: 0.000 |train kld: 2.06206 |train kld ravg: 2.06387 |train mae:  7.71808 |train mae ravg:  7.61737 |val kld: 2.09689 |val kldravg: 2.15763 |val mae:  6.93140 |val mae ravg:  7.57137 |
|epoch:  95 | lr: 0.000 |train kld: 2.05563 |train kld ravg: 2.05738 |train mae:  7.23970 |train mae ravg:  7.52360 |val kld: 2.14580 |val kldravg: 2.15252 |val mae:  7.15771 |val mae ravg:  7.48941 |
|epoch:  96 | lr: 0.000 |train kld: 2.09696 |train kld ravg: 2.07478 |train mae:  7.76291 |train mae ravg:  7.60491 |val kld: 2.23273 |val kldravg: 2.17530 |val mae:  8.58326 |val mae ravg:  7.76160 |
|epoch:  97 | lr: 0.000 |train kld: 2.06229 |train kld ravg: 2.07553 |train mae:  7.57519 |train mae ravg:  7.65522 |val kld: 2.13523 |val kldravg: 2.15082 |val mae:  7.02665 |val mae ravg:  7.39542 |
|epoch:  98 | lr: 0.000 |train kld: 2.07586 |train kld ravg: 2.07056 |train mae:  7.74956 |train mae ravg:  7.60909 |val kld: 2.10859 |val kldravg: 2.14385 |val mae:  6.69281 |val mae ravg:  7.27837 |
|epoch:  99 | lr: 0.000 |train kld: 2.06150 |train kld ravg: 2.07045 |train mae:  7.60983 |train mae ravg:  7.58744 |val kld: 2.08419 |val kldravg: 2.14131 |val mae:  6.54320 |val mae ravg:  7.20073 |
|epoch: 100 | lr: 0.000 |train kld: 2.12939 |train kld ravg: 2.08520 |train mae:  8.66020 |train mae ravg:  7.87154 |val kld: 2.11058 |val kldravg: 2.13426 |val mae:  6.83502 |val mae ravg:  7.13619 |
|epoch: 101 | lr: 0.000 |train kld: 2.06156 |train kld ravg: 2.07812 |train mae:  7.64216 |train mae ravg:  7.84739 |val kld: 2.21342 |val kldravg: 2.13040 |val mae:  8.28205 |val mae ravg:  7.07595 |
|epoch: 102 | lr: 0.000 |train kld: 2.05075 |train kld ravg: 2.07581 |train mae:  7.47896 |train mae ravg:  7.82814 |val kld: 2.09393 |val kldravg: 2.12214 |val mae:  6.78401 |val mae ravg:  7.02742 |
|epoch: 103 | lr: 0.000 |train kld: 2.02368 |train kld ravg: 2.06538 |train mae:  7.20825 |train mae ravg:  7.71988 |val kld: 2.08282 |val kldravg: 2.11699 |val mae:  6.69914 |val mae ravg:  7.02868 |
|epoch: 104 | lr: 0.000 |train kld: 2.05392 |train kld ravg: 2.06386 |train mae:  7.42615 |train mae ravg:  7.68314 |val kld: 2.06349 |val kldravg: 2.11285 |val mae:  6.30464 |val mae ravg:  6.98097 |
|epoch: 105 | lr: 0.000 |train kld: 2.07167 |train kld ravg: 2.05232 |train mae:  7.76036 |train mae ravg:  7.50317 |val kld: 2.04579 |val kldravg: 2.09989 |val mae:  5.99278 |val mae ravg:  6.81252 |
|epoch: 106 | lr: 0.000 |train kld: 2.04324 |train kld ravg: 2.04865 |train mae:  7.13889 |train mae ravg:  7.40252 |val kld: 2.10660 |val kldravg: 2.07853 |val mae:  6.86918 |val mae ravg:  6.52995 |
|epoch: 107 | lr: 0.000 |train kld: 2.02567 |train kld ravg: 2.04364 |train mae:  7.16593 |train mae ravg:  7.33991 |val kld: 2.08712 |val kldravg: 2.07716 |val mae:  6.59371 |val mae ravg:  6.49189 |
|epoch: 108 | lr: 0.000 |train kld: 2.02487 |train kld ravg: 2.04387 |train mae:  6.96723 |train mae ravg:  7.29171 |val kld: 2.08520 |val kldravg: 2.07764 |val mae:  6.20095 |val mae ravg:  6.39225 |
|epoch: 109 | lr: 0.000 |train kld: 2.04916 |train kld ravg: 2.04292 |train mae:  7.72242 |train mae ravg:  7.35096 |val kld: 2.10565 |val kldravg: 2.08607 |val mae:  6.93545 |val mae ravg:  6.51841 |
|epoch: 110 | lr: 0.000 |train kld: 2.05412 |train kld ravg: 2.03941 |train mae:  7.50861 |train mae ravg:  7.30061 |val kld: 2.07295 |val kldravg: 2.09150 |val mae:  6.22728 |val mae ravg:  6.56531 |
|epoch: 111 | lr: 0.000 |train kld: 2.05745 |train kld ravg: 2.04225 |train mae:  7.44803 |train mae ravg:  7.36244 |val kld: 2.09474 |val kldravg: 2.08913 |val mae:  7.15187 |val mae ravg:  6.62185 |
|epoch: 112 | lr: 0.000 |train kld: 2.01381 |train kld ravg: 2.03988 |train mae:  7.08727 |train mae ravg:  7.34671 |val kld: 2.06860 |val kldravg: 2.08543 |val mae:  6.59865 |val mae ravg:  6.62284 |
|epoch: 113 | lr: 0.000 |train kld: 2.07564 |train kld ravg: 2.05004 |train mae:  7.67060 |train mae ravg:  7.48739 |val kld: 2.06815 |val kldravg: 2.08202 |val mae:  6.50677 |val mae ravg:  6.68400 |
|epoch: 114 | lr: 0.000 |train kld: 2.05120 |train kld ravg: 2.05044 |train mae:  7.23958 |train mae ravg:  7.39082 |val kld: 2.14583 |val kldravg: 2.09005 |val mae:  6.94356 |val mae ravg:  6.68563 |
|epoch: 115 | lr: 0.000 |train kld: 2.06339 |train kld ravg: 2.05230 |train mae:  7.33274 |train mae ravg:  7.35564 |val kld: 2.06331 |val kldravg: 2.08813 |val mae:  6.20392 |val mae ravg:  6.68095 |
|epoch: 116 | lr: 0.000 |train kld: 2.06634 |train kld ravg: 2.05408 |train mae:  7.76279 |train mae ravg:  7.41860 |val kld: 2.12637 |val kldravg: 2.09445 |val mae:  6.90489 |val mae ravg:  6.63156 |
|epoch: 117 | lr: 0.000 |train kld: 2.04539 |train kld ravg: 2.06039 |train mae:  7.40570 |train mae ravg:  7.48228 |val kld: 2.14517 |val kldravg: 2.10977 |val mae:  7.40257 |val mae ravg:  6.79234 |
|epoch: 118 | lr: 0.000 |train kld: 2.00786 |train kld ravg: 2.04684 |train mae:  6.59853 |train mae ravg:  7.26787 |val kld: 2.06652 |val kldravg: 2.10944 |val mae:  6.41095 |val mae ravg:  6.77318 |
|epoch: 119 | lr: 0.000 |train kld: 2.04958 |train kld ravg: 2.04651 |train mae:  7.47420 |train mae ravg:  7.31479 |val kld: 2.10510 |val kldravg: 2.10129 |val mae:  6.61771 |val mae ravg:  6.70801 |
|epoch: 120 | lr: 0.000 |train kld: 2.03098 |train kld ravg: 2.04003 |train mae:  7.41661 |train mae ravg:  7.33156 |val kld: 2.09540 |val kldravg: 2.10771 |val mae:  7.22509 |val mae ravg:  6.91224 |
|epoch: 121 | lr: 0.000 |train kld: 2.02962 |train kld ravg: 2.03269 |train mae:  7.14848 |train mae ravg:  7.20870 |val kld: 2.11663 |val kldravg: 2.10577 |val mae:  7.18114 |val mae ravg:  6.96749 |
|epoch: 122 | lr: 0.000 |train kld: 1.97969 |train kld ravg: 2.01955 |train mae:  6.85587 |train mae ravg:  7.09874 |val kld: 2.07658 |val kldravg: 2.09205 |val mae:  6.57006 |val mae ravg:  6.80099 |
|epoch: 123 | lr: 0.000 |train kld: 2.05331 |train kld ravg: 2.02864 |train mae:  7.60131 |train mae ravg:  7.29929 |val kld: 2.06482 |val kldravg: 2.09171 |val mae:  6.45676 |val mae ravg:  6.81015 |
|epoch: 124 | lr: 0.000 |train kld: 2.02501 |train kld ravg: 2.02372 |train mae:  7.09609 |train mae ravg:  7.22367 |val kld: 2.06440 |val kldravg: 2.08356 |val mae:  6.29287 |val mae ravg:  6.74518 |
|epoch: 125 | lr: 0.000 |train kld: 2.05584 |train kld ravg: 2.02869 |train mae:  7.35790 |train mae ravg:  7.21193 |val kld: 2.09083 |val kldravg: 2.08265 |val mae:  6.65618 |val mae ravg:  6.63140 |
|epoch: 126 | lr: 0.000 |train kld: 2.08504 |train kld ravg: 2.03978 |train mae:  7.79922 |train mae ravg:  7.34208 |val kld: 2.05365 |val kldravg: 2.07005 |val mae:  6.16249 |val mae ravg:  6.42767 |
|epoch: 127 | lr: 0.000 |train kld: 2.07385 |train kld ravg: 2.05861 |train mae:  7.40412 |train mae ravg:  7.45173 |val kld: 2.13873 |val kldravg: 2.08248 |val mae:  7.25148 |val mae ravg:  6.56395 |
|epoch: 128 | lr: 0.000 |train kld: 2.07192 |train kld ravg: 2.06233 |train mae:  7.81435 |train mae ravg:  7.49434 |val kld: 2.03813 |val kldravg: 2.07715 |val mae:  6.36830 |val mae ravg:  6.54626 |
|epoch: 129 | lr: 0.000 |train kld: 2.00639 |train kld ravg: 2.05861 |train mae:  7.08375 |train mae ravg:  7.49187 |val kld: 2.10139 |val kldravg: 2.08454 |val mae:  6.57872 |val mae ravg:  6.60343 |
|epoch: 130 | lr: 0.000 |train kld: 2.06714 |train kld ravg: 2.06087 |train mae:  7.83996 |train mae ravg:  7.58828 |val kld: 2.10353 |val kldravg: 2.08709 |val mae:  6.85566 |val mae ravg:  6.64333 |
|epoch: 131 | lr: 0.000 |train kld: 2.05810 |train kld ravg: 2.05548 |train mae:  7.71176 |train mae ravg:  7.57079 |val kld: 2.08641 |val kldravg: 2.09364 |val mae:  6.62244 |val mae ravg:  6.73532 |
|epoch: 132 | lr: 0.000 |train kld: 2.02491 |train kld ravg: 2.04569 |train mae:  7.22679 |train mae ravg:  7.53532 |val kld: 2.06865 |val kldravg: 2.07962 |val mae:  6.63936 |val mae ravg:  6.61289 |
|epoch: 133 | lr: 0.000 |train kld: 2.08126 |train kld ravg: 2.04756 |train mae:  7.94609 |train mae ravg:  7.56167 |val kld: 2.10940 |val kldravg: 2.09388 |val mae:  6.99437 |val mae ravg:  6.73811 |
|epoch: 134 | lr: 0.000 |train kld: 2.06603 |train kld ravg: 2.05949 |train mae:  7.59750 |train mae ravg:  7.66442 |val kld: 2.08295 |val kldravg: 2.09019 |val mae:  6.41473 |val mae ravg:  6.70531 |
|epoch: 135 | lr: 0.000 |train kld: 2.05514 |train kld ravg: 2.05709 |train mae:  7.36172 |train mae ravg:  7.56877 |val kld: 2.05674 |val kldravg: 2.08083 |val mae:  6.62922 |val mae ravg:  6.66002 |
|epoch: 136 | lr: 0.000 |train kld: 2.06752 |train kld ravg: 2.05897 |train mae:  7.86414 |train mae ravg:  7.59925 |val kld: 2.06627 |val kldravg: 2.07680 |val mae:  6.53871 |val mae ravg:  6.64328 |
|epoch: 137 | lr: 0.000 |train kld: 2.05616 |train kld ravg: 2.06522 |train mae:  7.48777 |train mae ravg:  7.65144 |val kld: 2.11920 |val kldravg: 2.08691 |val mae:  7.25454 |val mae ravg:  6.76631 |
|epoch: 138 | lr: 0.000 |train kld: 2.11957 |train kld ravg: 2.07288 |train mae:  8.22920 |train mae ravg:  7.70806 |val kld: 2.07338 |val kldravg: 2.07971 |val mae:  6.59316 |val mae ravg:  6.68607 |
|epoch: 139 | lr: 0.000 |train kld: 2.06334 |train kld ravg: 2.07235 |train mae:  7.52507 |train mae ravg:  7.69358 |val kld: 2.11446 |val kldravg: 2.08601 |val mae:  6.74544 |val mae ravg:  6.75221 |
|epoch: 140 | lr: 0.000 |train kld: 1.99176 |train kld ravg: 2.05967 |train mae:  6.82323 |train mae ravg:  7.58588 |val kld: 2.08075 |val kldravg: 2.09081 |val mae:  6.53423 |val mae ravg:  6.73322 |
|epoch: 141 | lr: 0.000 |train kld: 2.06322 |train kld ravg: 2.05881 |train mae:  7.57627 |train mae ravg:  7.52831 |val kld: 2.04579 |val kldravg: 2.08672 |val mae:  6.35258 |val mae ravg:  6.69599 |
|epoch: 142 | lr: 0.000 |train kld: 2.02573 |train kld ravg: 2.05272 |train mae:  7.00607 |train mae ravg:  7.43197 |val kld: 2.07579 |val kldravg: 2.07803 |val mae:  6.39421 |val mae ravg:  6.52392 |
|epoch: 143 | lr: 0.000 |train kld: 2.06183 |train kld ravg: 2.04117 |train mae:  7.69489 |train mae ravg:  7.32511 |val kld: 2.06512 |val kldravg: 2.07638 |val mae:  6.23192 |val mae ravg:  6.45168 |
|epoch: 144 | lr: 0.000 |train kld: 2.03463 |train kld ravg: 2.03543 |train mae:  7.71014 |train mae ravg:  7.36212 |val kld: 2.06362 |val kldravg: 2.06622 |val mae:  6.53478 |val mae ravg:  6.40954 |
|epoch: 145 | lr: 0.000 |train kld: 2.05195 |train kld ravg: 2.04747 |train mae:  7.56492 |train mae ravg:  7.51046 |val kld: 2.06205 |val kldravg: 2.06248 |val mae:  6.49349 |val mae ravg:  6.40140 |
|epoch: 146 | lr: 0.000 |train kld: 2.02657 |train kld ravg: 2.04014 |train mae:  7.20461 |train mae ravg:  7.43613 |val kld: 2.09028 |val kldravg: 2.07137 |val mae:  6.45421 |val mae ravg:  6.42172 |
|epoch: 147 | lr: 0.000 |train kld: 2.06816 |train kld ravg: 2.04863 |train mae:  8.03519 |train mae ravg:  7.64195 |val kld: 2.08815 |val kldravg: 2.07384 |val mae:  6.87629 |val mae ravg:  6.51814 |
|epoch: 148 | lr: 0.000 |train kld: 2.01200 |train kld ravg: 2.03866 |train mae:  7.30437 |train mae ravg:  7.56384 |val kld: 2.07429 |val kldravg: 2.07568 |val mae:  6.42063 |val mae ravg:  6.55588 |
|epoch: 149 | lr: 0.000 |train kld: 2.03298 |train kld ravg: 2.03833 |train mae:  7.32569 |train mae ravg:  7.48695 |val kld: 2.08539 |val kldravg: 2.08003 |val mae:  6.56161 |val mae ravg:  6.56125 |
|epoch: 150 | lr: 0.000 |train kld: 2.02149 |train kld ravg: 2.03224 |train mae:  7.30124 |train mae ravg:  7.43422 |val kld: 2.07097 |val kldravg: 2.08182 |val mae:  6.41301 |val mae ravg:  6.54515 |
|epoch: 151 | lr: 0.000 |train kld: 2.08230 |train kld ravg: 2.04339 |train mae:  8.08280 |train mae ravg:  7.60986 |val kld: 2.08422 |val kldravg: 2.08060 |val mae:  6.64581 |val mae ravg:  6.58347 |
|epoch: 152 | lr: 0.000 |train kld: 2.08382 |train kld ravg: 2.04652 |train mae:  8.14682 |train mae ravg:  7.63218 |val kld: 2.07311 |val kldravg: 2.07760 |val mae:  6.53952 |val mae ravg:  6.51612 |
|epoch: 153 | lr: 0.000 |train kld: 2.01791 |train kld ravg: 2.04770 |train mae:  7.16732 |train mae ravg:  7.60477 |val kld: 2.07129 |val kldravg: 2.07700 |val mae:  6.49383 |val mae ravg:  6.53076 |
|epoch: 154 | lr: 0.000 |train kld: 1.97977 |train kld ravg: 2.03706 |train mae:  6.89163 |train mae ravg:  7.51796 |val kld: 2.07449 |val kldravg: 2.07481 |val mae:  6.52234 |val mae ravg:  6.52290 |
|epoch: 155 | lr: 0.000 |train kld: 1.97693 |train kld ravg: 2.02814 |train mae:  6.67880 |train mae ravg:  7.39347 |val kld: 2.07324 |val kldravg: 2.07527 |val mae:  6.30850 |val mae ravg:  6.50200 |
|epoch: 156 | lr: 0.000 |train kld: 2.02815 |train kld ravg: 2.01731 |train mae:  7.29601 |train mae ravg:  7.23611 |val kld: 2.05873 |val kldravg: 2.07017 |val mae:  6.39927 |val mae ravg:  6.45269 |
|epoch: 157 | lr: 0.000 |train kld: 2.02555 |train kld ravg: 2.00566 |train mae:  7.39959 |train mae ravg:  7.08667 |val kld: 2.08629 |val kldravg: 2.07281 |val mae:  6.53947 |val mae ravg:  6.45268 |
|epoch: 158 | lr: 0.000 |train kld: 2.03146 |train kld ravg: 2.00837 |train mae:  7.29736 |train mae ravg:  7.11268 |val kld: 2.10271 |val kldravg: 2.07909 |val mae:  6.81203 |val mae ravg:  6.51632 |
|epoch: 159 | lr: 0.000 |train kld: 2.00060 |train kld ravg: 2.01254 |train mae:  7.26349 |train mae ravg:  7.18705 |val kld: 2.06761 |val kldravg: 2.07772 |val mae:  6.53303 |val mae ravg:  6.51846 |
|epoch: 160 | lr: 0.000 |train kld: 2.06022 |train kld ravg: 2.02920 |train mae:  7.92647 |train mae ravg:  7.43658 |val kld: 2.06912 |val kldravg: 2.07689 |val mae:  6.64238 |val mae ravg:  6.58523 |
|epoch: 161 | lr: 0.000 |train kld: 1.98342 |train kld ravg: 2.02025 |train mae:  6.79430 |train mae ravg:  7.33624 |val kld: 2.07807 |val kldravg: 2.08076 |val mae:  6.57080 |val mae ravg:  6.61954 |
|epoch: 162 | lr: 0.000 |train kld: 1.98881 |train kld ravg: 2.01290 |train mae:  7.17613 |train mae ravg:  7.29155 |val kld: 2.08058 |val kldravg: 2.07962 |val mae:  6.68287 |val mae ravg:  6.64822 |
|epoch: 163 | lr: 0.000 |train kld: 2.05224 |train kld ravg: 2.01706 |train mae:  7.54028 |train mae ravg:  7.34013 |val kld: 2.03508 |val kldravg: 2.06609 |val mae:  6.28165 |val mae ravg:  6.54215 |
|epoch: 164 | lr: 0.000 |train kld: 2.00382 |train kld ravg: 2.01770 |train mae:  7.27124 |train mae ravg:  7.34168 |val kld: 2.06432 |val kldravg: 2.06543 |val mae:  6.46040 |val mae ravg:  6.52762 |
|epoch: 165 | lr: 0.000 |train kld: 2.02786 |train kld ravg: 2.01123 |train mae:  7.04838 |train mae ravg:  7.16607 |val kld: 2.08343 |val kldravg: 2.06830 |val mae:  6.49709 |val mae ravg:  6.49856 |
|epoch: 166 | lr: 0.000 |train kld: 2.10713 |train kld ravg: 2.03597 |train mae:  8.21014 |train mae ravg:  7.44923 |val kld: 2.08856 |val kldravg: 2.07040 |val mae:  6.71993 |val mae ravg:  6.52839 |
|epoch: 167 | lr: 0.000 |train kld: 2.03874 |train kld ravg: 2.04596 |train mae:  7.40330 |train mae ravg:  7.49467 |val kld: 2.08574 |val kldravg: 2.07143 |val mae:  6.63821 |val mae ravg:  6.51946 |
|epoch: 168 | lr: 0.000 |train kld: 2.04146 |train kld ravg: 2.04380 |train mae:  7.48751 |train mae ravg:  7.48411 |val kld: 2.06731 |val kldravg: 2.07787 |val mae:  6.41965 |val mae ravg:  6.54706 |
|epoch: 169 | lr: 0.000 |train kld: 1.99965 |train kld ravg: 2.04297 |train mae:  7.10565 |train mae ravg:  7.45100 |val kld: 2.13550 |val kldravg: 2.09211 |val mae:  7.03071 |val mae ravg:  6.66112 |
|epoch: 170 | lr: 0.000 |train kld: 1.95319 |train kld ravg: 2.02803 |train mae:  6.66947 |train mae ravg:  7.37521 |val kld: 2.05527 |val kldravg: 2.08648 |val mae:  6.46240 |val mae ravg:  6.65418 |
|epoch: 171 | lr: 0.000 |train kld: 2.01958 |train kld ravg: 2.01052 |train mae:  7.24484 |train mae ravg:  7.18215 |val kld: 2.07926 |val kldravg: 2.08462 |val mae:  6.51724 |val mae ravg:  6.61364 |
|epoch: 172 | lr: 0.000 |train kld: 2.05210 |train kld ravg: 2.01320 |train mae:  7.42879 |train mae ravg:  7.18725 |val kld: 2.04673 |val kldravg: 2.07681 |val mae:  6.33626 |val mae ravg:  6.55325 |
|epoch: 173 | lr: 0.000 |train kld: 1.98923 |train kld ravg: 2.00275 |train mae:  6.50913 |train mae ravg:  6.99158 |val kld: 2.08802 |val kldravg: 2.08096 |val mae:  6.60485 |val mae ravg:  6.59029 |
|epoch: 174 | lr: 0.000 |train kld: 2.08396 |train kld ravg: 2.01961 |train mae:  7.84274 |train mae ravg:  7.13900 |val kld: 2.07651 |val kldravg: 2.06916 |val mae:  6.67808 |val mae ravg:  6.51977 |
|epoch: 175 | lr: 0.000 |train kld: 2.01239 |train kld ravg: 2.03145 |train mae:  7.27798 |train mae ravg:  7.26070 |val kld: 2.06843 |val kldravg: 2.07179 |val mae:  6.49821 |val mae ravg:  6.52693 |
|epoch: 176 | lr: 0.000 |train kld: 1.96887 |train kld ravg: 2.02131 |train mae:  6.39247 |train mae ravg:  7.09022 |val kld: 2.07144 |val kldravg: 2.07023 |val mae:  6.43878 |val mae ravg:  6.51124 |
|epoch: 177 | lr: 0.000 |train kld: 2.08032 |train kld ravg: 2.02695 |train mae:  7.89348 |train mae ravg:  7.18316 |val kld: 2.07082 |val kldravg: 2.07504 |val mae:  6.61661 |val mae ravg:  6.56731 |
|epoch: 178 | lr: 0.000 |train kld: 2.03886 |train kld ravg: 2.03688 |train mae:  7.48399 |train mae ravg:  7.37813 |val kld: 2.09335 |val kldravg: 2.07611 |val mae:  6.69880 |val mae ravg:  6.58610 |
|epoch: 179 | lr: 0.000 |train kld: 2.00558 |train kld ravg: 2.02120 |train mae:  6.90109 |train mae ravg:  7.18980 |val kld: 2.07829 |val kldravg: 2.07647 |val mae:  6.31473 |val mae ravg:  6.51343 |
|epoch: 180 | lr: 0.000 |train kld: 1.98360 |train kld ravg: 2.01544 |train mae:  6.71564 |train mae ravg:  7.07734 |val kld: 2.09172 |val kldravg: 2.08112 |val mae:  6.68116 |val mae ravg:  6.55002 |
|epoch: 181 | lr: 0.000 |train kld: 2.02837 |train kld ravg: 2.02734 |train mae:  7.43180 |train mae ravg:  7.28520 |val kld: 2.07483 |val kldravg: 2.08180 |val mae:  6.46845 |val mae ravg:  6.55595 |
|epoch: 182 | lr: 0.000 |train kld: 1.99339 |train kld ravg: 2.00996 |train mae:  6.90126 |train mae ravg:  7.08676 |val kld: 2.09426 |val kldravg: 2.08649 |val mae:  6.80616 |val mae ravg:  6.59386 |
|epoch: 183 | lr: 0.000 |train kld: 1.98494 |train kld ravg: 1.99917 |train mae:  6.83839 |train mae ravg:  6.95764 |val kld: 2.06440 |val kldravg: 2.08070 |val mae:  6.39761 |val mae ravg:  6.53362 |
|epoch: 184 | lr: 0.000 |train kld: 2.02195 |train kld ravg: 2.00245 |train mae:  7.58894 |train mae ravg:  7.09521 |val kld: 2.05279 |val kldravg: 2.07560 |val mae:  6.29259 |val mae ravg:  6.52919 |
|epoch: 185 | lr: 0.000 |train kld: 2.01204 |train kld ravg: 2.00814 |train mae:  6.95641 |train mae ravg:  7.14336 |val kld: 2.08162 |val kldravg: 2.07358 |val mae:  6.70588 |val mae ravg:  6.53414 |
|epoch: 186 | lr: 0.000 |train kld: 1.96745 |train kld ravg: 1.99595 |train mae:  6.63039 |train mae ravg:  6.98308 |val kld: 2.07967 |val kldravg: 2.07455 |val mae:  6.57432 |val mae ravg:  6.55531 |
|epoch: 187 | lr: 0.000 |train kld: 2.05903 |train kld ravg: 2.00908 |train mae:  7.52494 |train mae ravg:  7.10781 |val kld: 2.04959 |val kldravg: 2.06562 |val mae:  5.91364 |val mae ravg:  6.37681 |
|epoch: 188 | lr: 0.000 |train kld: 2.05760 |train kld ravg: 2.02361 |train mae:  7.59255 |train mae ravg:  7.25864 |val kld: 2.06251 |val kldravg: 2.06524 |val mae:  6.35166 |val mae ravg:  6.36762 |
|epoch: 189 | lr: 0.000 |train kld: 2.05174 |train kld ravg: 2.02957 |train mae:  7.44545 |train mae ravg:  7.22995 |val kld: 2.09702 |val kldravg: 2.07408 |val mae:  6.74326 |val mae ravg:  6.45775 |
|epoch: 190 | lr: 0.000 |train kld: 2.03536 |train kld ravg: 2.03424 |train mae:  7.17295 |train mae ravg:  7.27325 |val kld: 2.08593 |val kldravg: 2.07494 |val mae:  6.59771 |val mae ravg:  6.43612 |
|epoch: 191 | lr: 0.000 |train kld: 2.02135 |train kld ravg: 2.04501 |train mae:  7.50149 |train mae ravg:  7.44748 |val kld: 2.08398 |val kldravg: 2.07581 |val mae:  6.50426 |val mae ravg:  6.42211 |
|epoch: 192 | lr: 0.000 |train kld: 2.07953 |train kld ravg: 2.04912 |train mae:  8.16320 |train mae ravg:  7.57513 |val kld: 2.06629 |val kldravg: 2.07915 |val mae:  6.45489 |val mae ravg:  6.53036 |
|epoch: 193 | lr: 0.000 |train kld: 2.00552 |train kld ravg: 2.03870 |train mae:  7.48249 |train mae ravg:  7.55312 |val kld: 2.08590 |val kldravg: 2.08382 |val mae:  6.69281 |val mae ravg:  6.59859 |
|epoch: 194 | lr: 0.000 |train kld: 2.01354 |train kld ravg: 2.03106 |train mae:  7.23289 |train mae ravg:  7.51060 |val kld: 2.09900 |val kldravg: 2.08422 |val mae:  6.65998 |val mae ravg:  6.58193 |
|epoch: 195 | lr: 0.000 |train kld: 2.00384 |train kld ravg: 2.02476 |train mae:  7.31106 |train mae ravg:  7.53822 |val kld: 2.04296 |val kldravg: 2.07563 |val mae:  6.08837 |val mae ravg:  6.48006 |
|epoch: 196 | lr: 0.000 |train kld: 2.03062 |train kld ravg: 2.02661 |train mae:  7.36094 |train mae ravg:  7.51011 |val kld: 2.08075 |val kldravg: 2.07498 |val mae:  6.49274 |val mae ravg:  6.47776 |
|epoch: 197 | lr: 0.000 |train kld: 2.00477 |train kld ravg: 2.01166 |train mae:  7.19444 |train mae ravg:  7.31636 |val kld: 2.05736 |val kldravg: 2.07319 |val mae:  6.25523 |val mae ravg:  6.43783 |
|epoch: 198 | lr: 0.000 |train kld: 2.03977 |train kld ravg: 2.01851 |train mae:  7.37401 |train mae ravg:  7.29467 |val kld: 2.03929 |val kldravg: 2.06387 |val mae:  6.34667 |val mae ravg:  6.36860 |
|epoch: 199 | lr: 0.000 |train kld: 1.97729 |train kld ravg: 2.01126 |train mae:  7.03050 |train mae ravg:  7.25419 |val kld: 2.04200 |val kldravg: 2.05247 |val mae:  6.44887 |val mae ravg:  6.32637 |
|epoch: 200 | lr: 0.000 |train kld: 2.07149 |train kld ravg: 2.02479 |train mae:  7.97289 |train mae ravg:  7.38655 |val kld: 2.07611 |val kldravg: 2.05910 |val mae:  6.35986 |val mae ravg:  6.38067 |
|epoch: 201 | lr: 0.000 |train kld: 2.05222 |train kld ravg: 2.02911 |train mae:  8.33759 |train mae ravg:  7.58189 |val kld: 2.08634 |val kldravg: 2.06022 |val mae:  6.77554 |val mae ravg:  6.43723 |
|epoch: 202 | lr: 0.000 |train kld: 2.05946 |train kld ravg: 2.04005 |train mae:  8.30987 |train mae ravg:  7.80497 |val kld: 2.09738 |val kldravg: 2.06822 |val mae:  6.89285 |val mae ravg:  6.56476 |
|epoch: 203 | lr: 0.000 |train kld: 2.05068 |train kld ravg: 2.04223 |train mae:  7.16781 |train mae ravg:  7.76373 |val kld: 2.06769 |val kldravg: 2.07390 |val mae:  6.48319 |val mae ravg:  6.59206 |
|epoch: 204 | lr: 0.000 |train kld: 2.01386 |train kld ravg: 2.04954 |train mae:  7.09107 |train mae ravg:  7.77585 |val kld: 2.07382 |val kldravg: 2.08027 |val mae:  6.55057 |val mae ravg:  6.61240 |
|epoch: 205 | lr: 0.000 |train kld: 2.05721 |train kld ravg: 2.04669 |train mae:  7.71885 |train mae ravg:  7.72504 |val kld: 2.07660 |val kldravg: 2.08036 |val mae:  6.51930 |val mae ravg:  6.64429 |
|epoch: 206 | lr: 0.000 |train kld: 2.00360 |train kld ravg: 2.03696 |train mae:  6.85706 |train mae ravg:  7.42893 |val kld: 2.07745 |val kldravg: 2.07859 |val mae:  6.75693 |val mae ravg:  6.64057 |
|epoch: 207 | lr: 0.000 |train kld: 2.00997 |train kld ravg: 2.02707 |train mae:  6.90814 |train mae ravg:  7.14859 |val kld: 2.07359 |val kldravg: 2.07383 |val mae:  6.59046 |val mae ravg:  6.58009 |
|epoch: 208 | lr: 0.000 |train kld: 1.97716 |train kld ravg: 2.01236 |train mae:  6.75767 |train mae ravg:  7.06656 |val kld: 2.09183 |val kldravg: 2.07866 |val mae:  6.81551 |val mae ravg:  6.64655 |
|epoch: 209 | lr: 0.000 |train kld: 2.03055 |train kld ravg: 2.01570 |train mae:  7.74961 |train mae ravg:  7.19827 |val kld: 2.08670 |val kldravg: 2.08123 |val mae:  6.68102 |val mae ravg:  6.67264 |
|epoch: 210 | lr: 0.000 |train kld: 2.03705 |train kld ravg: 2.01167 |train mae:  7.78585 |train mae ravg:  7.21167 |val kld: 2.04308 |val kldravg: 2.07453 |val mae:  6.21278 |val mae ravg:  6.61134 |
|epoch: 211 | lr: 0.000 |train kld: 2.09282 |train kld ravg: 2.02951 |train mae:  8.07629 |train mae ravg:  7.45551 |val kld: 2.07459 |val kldravg: 2.07396 |val mae:  6.52850 |val mae ravg:  6.56565 |
|epoch: 212 | lr: 0.000 |train kld: 2.05486 |train kld ravg: 2.03849 |train mae:  7.51830 |train mae ravg:  7.57755 |val kld: 2.06949 |val kldravg: 2.07314 |val mae:  6.62209 |val mae ravg:  6.57198 |
|epoch: 213 | lr: 0.000 |train kld: 1.99021 |train kld ravg: 2.04110 |train mae:  6.87970 |train mae ravg:  7.60195 |val kld: 2.07478 |val kldravg: 2.06973 |val mae:  6.69901 |val mae ravg:  6.54868 |
|epoch: 214 | lr: 0.000 |train kld: 1.99132 |train kld ravg: 2.03325 |train mae:  6.58817 |train mae ravg:  7.36966 |val kld: 2.07182 |val kldravg: 2.06675 |val mae:  6.43463 |val mae ravg:  6.49940 |
|epoch: 215 | lr: 0.000 |train kld: 1.95569 |train kld ravg: 2.01698 |train mae:  6.67645 |train mae ravg:  7.14778 |val kld: 2.06292 |val kldravg: 2.07072 |val mae:  6.48989 |val mae ravg:  6.55482 |
|epoch: 216 | lr: 0.000 |train kld: 2.07295 |train kld ravg: 2.01301 |train mae:  7.93586 |train mae ravg:  7.11970 |val kld: 2.08259 |val kldravg: 2.07232 |val mae:  6.68761 |val mae ravg:  6.58665 |
|epoch: 217 | lr: 0.000 |train kld: 2.05893 |train kld ravg: 2.01382 |train mae:  7.69277 |train mae ravg:  7.15459 |val kld: 2.07171 |val kldravg: 2.07276 |val mae:  6.63611 |val mae ravg:  6.58945 |
|epoch: 218 | lr: 0.000 |train kld: 2.01332 |train kld ravg: 2.01844 |train mae:  7.36322 |train mae ravg:  7.25129 |val kld: 2.06976 |val kldravg: 2.07176 |val mae:  6.39619 |val mae ravg:  6.52889 |
|epoch: 219 | lr: 0.000 |train kld: 2.13823 |train kld ravg: 2.04782 |train mae:  8.34386 |train mae ravg:  7.60243 |val kld: 2.09781 |val kldravg: 2.07696 |val mae:  6.80812 |val mae ravg:  6.60358 |
|epoch: 220 | lr: 0.000 |train kld: 2.01510 |train kld ravg: 2.05971 |train mae:  6.99631 |train mae ravg:  7.66640 |val kld: 2.05687 |val kldravg: 2.07575 |val mae:  6.51719 |val mae ravg:  6.60904 |
|epoch: 221 | lr: 0.000 |train kld: 2.00727 |train kld ravg: 2.04657 |train mae:  7.18169 |train mae ravg:  7.51557 |val kld: 2.10269 |val kldravg: 2.07977 |val mae:  6.93315 |val mae ravg:  6.65815 |
|epoch: 222 | lr: 0.000 |train kld: 2.02901 |train kld ravg: 2.04059 |train mae:  7.25782 |train mae ravg:  7.42858 |val kld: 2.08993 |val kldravg: 2.08341 |val mae:  6.71362 |val mae ravg:  6.67365 |
|epoch: 223 | lr: 0.000 |train kld: 1.95153 |train kld ravg: 2.02823 |train mae:  6.59168 |train mae ravg:  7.27427 |val kld: 2.07086 |val kldravg: 2.08363 |val mae:  6.70870 |val mae ravg:  6.73616 |
|epoch: 224 | lr: 0.000 |train kld: 2.02703 |train kld ravg: 2.00599 |train mae:  7.23139 |train mae ravg:  7.05178 |val kld: 2.09234 |val kldravg: 2.08254 |val mae:  6.77139 |val mae ravg:  6.72881 |
|epoch: 225 | lr: 0.000 |train kld: 2.03825 |train kld ravg: 2.01062 |train mae:  7.72911 |train mae ravg:  7.19834 |val kld: 2.12173 |val kldravg: 2.09551 |val mae:  7.00392 |val mae ravg:  6.82616 |
|epoch: 226 | lr: 0.000 |train kld: 2.08893 |train kld ravg: 2.02695 |train mae:  8.21169 |train mae ravg:  7.40434 |val kld: 2.06655 |val kldravg: 2.08828 |val mae:  6.48361 |val mae ravg:  6.73625 |
|epoch: 227 | lr: 0.000 |train kld: 2.05441 |train kld ravg: 2.03203 |train mae:  7.83185 |train mae ravg:  7.51914 |val kld: 2.04999 |val kldravg: 2.08030 |val mae:  6.57586 |val mae ravg:  6.70870 |
|epoch: 228 | lr: 0.000 |train kld: 1.95451 |train kld ravg: 2.03263 |train mae:  6.37002 |train mae ravg:  7.47481 |val kld: 2.08524 |val kldravg: 2.08317 |val mae:  6.49552 |val mae ravg:  6.66606 |
|epoch: 229 | lr: 0.000 |train kld: 2.07452 |train kld ravg: 2.04213 |train mae:  7.68042 |train mae ravg:  7.56462 |val kld: 2.09352 |val kldravg: 2.08341 |val mae:  6.54362 |val mae ravg:  6.62051 |
|epoch: 230 | lr: 0.000 |train kld: 2.01970 |train kld ravg: 2.03842 |train mae:  7.31835 |train mae ravg:  7.48247 |val kld: 2.09665 |val kldravg: 2.07839 |val mae:  6.69969 |val mae ravg:  6.55966 |
|epoch: 231 | lr: 0.000 |train kld: 2.04727 |train kld ravg: 2.03008 |train mae:  7.56791 |train mae ravg:  7.35371 |val kld: 2.06765 |val kldravg: 2.07861 |val mae:  6.45207 |val mae ravg:  6.55335 |
|epoch: 232 | lr: 0.000 |train kld: 2.03006 |train kld ravg: 2.02521 |train mae:  7.21822 |train mae ravg:  7.23099 |val kld: 2.07494 |val kldravg: 2.08360 |val mae:  6.37665 |val mae ravg:  6.51351 |
|epoch: 233 | lr: 0.000 |train kld: 2.05369 |train kld ravg: 2.04505 |train mae:  7.58249 |train mae ravg:  7.47348 |val kld: 2.04649 |val kldravg: 2.07585 |val mae:  6.19577 |val mae ravg:  6.45356 |
|epoch: 234 | lr: 0.000 |train kld: 2.01764 |train kld ravg: 2.03367 |train mae:  7.37066 |train mae ravg:  7.41153 |val kld: 2.10086 |val kldravg: 2.07732 |val mae:  6.74960 |val mae ravg:  6.49475 |
|epoch: 235 | lr: 0.000 |train kld: 2.01413 |train kld ravg: 2.03256 |train mae:  7.10218 |train mae ravg:  7.36829 |val kld: 2.09778 |val kldravg: 2.07755 |val mae:  6.59743 |val mae ravg:  6.47430 |
|epoch: 236 | lr: 0.000 |train kld: 1.99679 |train kld ravg: 2.02246 |train mae:  6.94347 |train mae ravg:  7.24341 |val kld: 2.08501 |val kldravg: 2.08102 |val mae:  6.56065 |val mae ravg:  6.49602 |
|epoch: 237 | lr: 0.000 |train kld: 2.02177 |train kld ravg: 2.02081 |train mae:  7.28011 |train mae ravg:  7.25578 |val kld: 2.07429 |val kldravg: 2.08089 |val mae:  6.55837 |val mae ravg:  6.53236 |
|epoch: 238 | lr: 0.000 |train kld: 2.01289 |train kld ravg: 2.01265 |train mae:  6.82209 |train mae ravg:  7.10370 |val kld: 2.08402 |val kldravg: 2.08839 |val mae:  6.79720 |val mae ravg:  6.65265 |
|epoch: 239 | lr: 0.000 |train kld: 2.02156 |train kld ravg: 2.01343 |train mae:  6.87179 |train mae ravg:  7.00393 |val kld: 2.08719 |val kldravg: 2.08566 |val mae:  6.60890 |val mae ravg:  6.62451 |
|epoch: 240 | lr: 0.000 |train kld: 2.03549 |train kld ravg: 2.01770 |train mae:  7.32156 |train mae ravg:  7.04780 |val kld: 2.11690 |val kldravg: 2.08948 |val mae:  6.79447 |val mae ravg:  6.66392 |
|epoch: 241 | lr: 0.000 |train kld: 2.02739 |train kld ravg: 2.02382 |train mae:  7.45362 |train mae ravg:  7.14983 |val kld: 2.06567 |val kldravg: 2.08561 |val mae:  6.47875 |val mae ravg:  6.64754 |
|epoch: 242 | lr: 0.000 |train kld: 2.09814 |train kld ravg: 2.03909 |train mae:  8.21769 |train mae ravg:  7.33735 |val kld: 2.08406 |val kldravg: 2.08757 |val mae:  6.67702 |val mae ravg:  6.67127 |
|epoch: 243 | lr: 0.000 |train kld: 1.98300 |train kld ravg: 2.03312 |train mae:  6.55557 |train mae ravg:  7.28405 |val kld: 2.09023 |val kldravg: 2.08881 |val mae:  6.76360 |val mae ravg:  6.66455 |
|epoch: 244 | lr: 0.000 |train kld: 2.09686 |train kld ravg: 2.04818 |train mae:  8.16055 |train mae ravg:  7.54180 |val kld: 2.08992 |val kldravg: 2.08935 |val mae:  6.57413 |val mae ravg:  6.65760 |
|epoch: 245 | lr: 0.000 |train kld: 2.00673 |train kld ravg: 2.04242 |train mae:  7.33079 |train mae ravg:  7.54364 |val kld: 2.06877 |val kldravg: 2.07973 |val mae:  6.44440 |val mae ravg:  6.58758 |
|epoch: 246 | lr: 0.000 |train kld: 2.03866 |train kld ravg: 2.04468 |train mae:  7.40209 |train mae ravg:  7.53334 |val kld: 2.07547 |val kldravg: 2.08169 |val mae:  6.44602 |val mae ravg:  6.58103 |
|epoch: 247 | lr: 0.000 |train kld: 2.00110 |train kld ravg: 2.02527 |train mae:  6.85999 |train mae ravg:  7.26180 |val kld: 2.07553 |val kldravg: 2.07998 |val mae:  6.38314 |val mae ravg:  6.52226 |
|epoch: 248 | lr: 0.000 |train kld: 1.96319 |train kld ravg: 2.02131 |train mae:  6.26977 |train mae ravg:  7.20464 |val kld: 2.07571 |val kldravg: 2.07708 |val mae:  6.69929 |val mae ravg:  6.50940 |
|epoch: 249 | lr: 0.000 |train kld: 1.98100 |train kld ravg: 1.99814 |train mae:  6.81527 |train mae ravg:  6.93558 |val kld: 2.08259 |val kldravg: 2.07561 |val mae:  6.62255 |val mae ravg:  6.51908 |
|epoch: 250 | lr: 0.000 |train kld: 2.01127 |train kld ravg: 1.99904 |train mae:  7.07776 |train mae ravg:  6.88498 |val kld: 2.07834 |val kldravg: 2.07753 |val mae:  6.47632 |val mae ravg:  6.52546 |
|epoch: 251 | lr: 0.000 |train kld: 2.00214 |train kld ravg: 1.99174 |train mae:  6.89528 |train mae ravg:  6.78361 |val kld: 2.07367 |val kldravg: 2.07717 |val mae:  6.51242 |val mae ravg:  6.53874 |
|epoch: 252 | lr: 0.000 |train kld: 2.00397 |train kld ravg: 1.99231 |train mae:  6.91426 |train mae ravg:  6.79447 |val kld: 2.08911 |val kldravg: 2.07988 |val mae:  6.68497 |val mae ravg:  6.59911 |
|epoch: 253 | lr: 0.000 |train kld: 2.08572 |train kld ravg: 2.01682 |train mae:  8.11044 |train mae ravg:  7.16260 |val kld: 2.05994 |val kldravg: 2.07673 |val mae:  6.52781 |val mae ravg:  6.56481 |
|epoch: 254 | lr: 0.000 |train kld: 2.01501 |train kld ravg: 2.02362 |train mae:  7.65985 |train mae ravg:  7.33152 |val kld: 2.07318 |val kldravg: 2.07485 |val mae:  6.59791 |val mae ravg:  6.55989 |
|epoch: 255 | lr: 0.000 |train kld: 2.05611 |train kld ravg: 2.03259 |train mae:  7.65209 |train mae ravg:  7.44638 |val kld: 2.06827 |val kldravg: 2.07283 |val mae:  6.42365 |val mae ravg:  6.54935 |
|epoch: 256 | lr: 0.000 |train kld: 1.98488 |train kld ravg: 2.02914 |train mae:  6.90720 |train mae ravg:  7.44877 |val kld: 2.08225 |val kldravg: 2.07455 |val mae:  6.53276 |val mae ravg:  6.55342 |
|epoch: 257 | lr: 0.000 |train kld: 2.03456 |train kld ravg: 2.03526 |train mae:  7.38657 |train mae ravg:  7.54323 |val kld: 2.07849 |val kldravg: 2.07243 |val mae:  6.43852 |val mae ravg:  6.50413 |
|epoch: 258 | lr: 0.000 |train kld: 2.01195 |train kld ravg: 2.02050 |train mae:  7.38527 |train mae ravg:  7.39819 |val kld: 2.07450 |val kldravg: 2.07534 |val mae:  6.58012 |val mae ravg:  6.51459 |
|epoch: 259 | lr: 0.000 |train kld: 1.99567 |train kld ravg: 2.01663 |train mae:  6.76581 |train mae ravg:  7.21938 |val kld: 2.06846 |val kldravg: 2.07439 |val mae:  6.43805 |val mae ravg:  6.48262 |
|epoch: 260 | lr: 0.000 |train kld: 1.99323 |train kld ravg: 2.00406 |train mae:  6.72257 |train mae ravg:  7.03348 |val kld: 2.08145 |val kldravg: 2.07703 |val mae:  6.77647 |val mae ravg:  6.55318 |
|epoch: 261 | lr: 0.000 |train kld: 2.01754 |train kld ravg: 2.01059 |train mae:  7.32480 |train mae ravg:  7.11700 |val kld: 2.07513 |val kldravg: 2.07560 |val mae:  6.47456 |val mae ravg:  6.54154 |
|epoch: 262 | lr: 0.000 |train kld: 2.07241 |train kld ravg: 2.01816 |train mae:  8.10422 |train mae ravg:  7.26053 |val kld: 2.10406 |val kldravg: 2.08072 |val mae:  6.86031 |val mae ravg:  6.62590 |
|epoch: 263 | lr: 0.000 |train kld: 2.02432 |train kld ravg: 2.02063 |train mae:  7.44916 |train mae ravg:  7.27331 |val kld: 2.07902 |val kldravg: 2.08162 |val mae:  6.52654 |val mae ravg:  6.61519 |
|epoch: 264 | lr: 0.000 |train kld: 2.04823 |train kld ravg: 2.03115 |train mae:  7.63626 |train mae ravg:  7.44740 |val kld: 2.03408 |val kldravg: 2.07475 |val mae:  6.41802 |val mae ravg:  6.61118 |
|epoch: 265 | lr: 0.000 |train kld: 2.04521 |train kld ravg: 2.04154 |train mae:  7.76435 |train mae ravg:  7.65576 |val kld: 2.08332 |val kldravg: 2.07512 |val mae:  6.62285 |val mae ravg:  6.58045 |
|epoch: 266 | lr: 0.000 |train kld: 2.05943 |train kld ravg: 2.04992 |train mae:  7.73200 |train mae ravg:  7.73720 |val kld: 2.08356 |val kldravg: 2.07681 |val mae:  6.48272 |val mae ravg:  6.58209 |
|epoch: 267 | lr: 0.000 |train kld: 2.03364 |train kld ravg: 2.04216 |train mae:  7.47155 |train mae ravg:  7.61066 |val kld: 2.06120 |val kldravg: 2.06823 |val mae:  6.40337 |val mae ravg:  6.49070 |
|epoch: 268 | lr: 0.000 |train kld: 2.03965 |train kld ravg: 2.04523 |train mae:  7.46648 |train mae ravg:  7.61413 |val kld: 2.09901 |val kldravg: 2.07223 |val mae:  7.03747 |val mae ravg:  6.59289 |
|epoch: 269 | lr: 0.000 |train kld: 2.03965 |train kld ravg: 2.04351 |train mae:  7.47419 |train mae ravg:  7.58171 |val kld: 2.07370 |val kldravg: 2.08016 |val mae:  6.62079 |val mae ravg:  6.63344 |
|epoch: 270 | lr: 0.000 |train kld: 2.00564 |train kld ravg: 2.03560 |train mae:  7.48688 |train mae ravg:  7.52622 |val kld: 2.07135 |val kldravg: 2.07776 |val mae:  6.52682 |val mae ravg:  6.61423 |
|epoch: 271 | lr: 0.000 |train kld: 2.02753 |train kld ravg: 2.02922 |train mae:  7.65905 |train mae ravg:  7.51163 |val kld: 2.10681 |val kldravg: 2.08242 |val mae:  6.63695 |val mae ravg:  6.64508 |
|epoch: 272 | lr: 0.000 |train kld: 1.97976 |train kld ravg: 2.01844 |train mae:  6.77351 |train mae ravg:  7.37202 |val kld: 2.08914 |val kldravg: 2.08800 |val mae:  6.63355 |val mae ravg:  6.69111 |
|epoch: 273 | lr: 0.000 |train kld: 2.02958 |train kld ravg: 2.01643 |train mae:  7.74332 |train mae ravg:  7.42739 |val kld: 2.07016 |val kldravg: 2.08223 |val mae:  6.53869 |val mae ravg:  6.59136 |
|epoch: 274 | lr: 0.000 |train kld: 2.01079 |train kld ravg: 2.01066 |train mae:  7.06749 |train mae ravg:  7.34605 |val kld: 2.07824 |val kldravg: 2.08314 |val mae:  6.46363 |val mae ravg:  6.55993 |
|epoch: 275 | lr: 0.000 |train kld: 2.03757 |train kld ravg: 2.01705 |train mae:  7.23022 |train mae ravg:  7.29472 |val kld: 2.07310 |val kldravg: 2.08349 |val mae:  6.54850 |val mae ravg:  6.56426 |
|epoch: 276 | lr: 0.000 |train kld: 2.02151 |train kld ravg: 2.01584 |train mae:  7.15656 |train mae ravg:  7.19422 |val kld: 2.09572 |val kldravg: 2.08127 |val mae:  6.42690 |val mae ravg:  6.52225 |
|epoch: 277 | lr: 0.000 |train kld: 2.01047 |train kld ravg: 2.02198 |train mae:  7.40021 |train mae ravg:  7.31956 |val kld: 2.06586 |val kldravg: 2.07662 |val mae:  6.38482 |val mae ravg:  6.47251 |
|epoch: 278 | lr: 0.000 |train kld: 2.03173 |train kld ravg: 2.02241 |train mae:  7.44572 |train mae ravg:  7.26004 |val kld: 2.05638 |val kldravg: 2.07386 |val mae:  6.41595 |val mae ravg:  6.44796 |
|epoch: 279 | lr: 0.000 |train kld: 2.01642 |train kld ravg: 2.02354 |train mae:  7.05276 |train mae ravg:  7.25709 |val kld: 2.08090 |val kldravg: 2.07439 |val mae:  6.80225 |val mae ravg:  6.51568 |
|epoch: 280 | lr: 0.000 |train kld: 1.96941 |train kld ravg: 2.00991 |train mae:  6.99866 |train mae ravg:  7.21078 |val kld: 2.07975 |val kldravg: 2.07572 |val mae:  6.64773 |val mae ravg:  6.53553 |
|epoch: 281 | lr: 0.000 |train kld: 2.05281 |train kld ravg: 2.01617 |train mae:  7.75347 |train mae ravg:  7.33016 |val kld: 2.06393 |val kldravg: 2.06937 |val mae:  6.26855 |val mae ravg:  6.50386 |
|epoch: 282 | lr: 0.000 |train kld: 2.01572 |train kld ravg: 2.01722 |train mae:  7.10788 |train mae ravg:  7.27170 |val kld: 2.08080 |val kldravg: 2.07235 |val mae:  6.44005 |val mae ravg:  6.51490 |
|epoch: 283 | lr: 0.000 |train kld: 2.07185 |train kld ravg: 2.02524 |train mae:  7.98342 |train mae ravg:  7.37924 |val kld: 2.05067 |val kldravg: 2.07121 |val mae:  6.49398 |val mae ravg:  6.53051 |
|epoch: 284 | lr: 0.000 |train kld: 2.04956 |train kld ravg: 2.03187 |train mae:  7.68255 |train mae ravg:  7.50519 |val kld: 2.14061 |val kldravg: 2.08316 |val mae:  7.25604 |val mae ravg:  6.62127 |
|epoch: 285 | lr: 0.000 |train kld: 2.00004 |train kld ravg: 2.03800 |train mae:  6.94438 |train mae ravg:  7.49434 |val kld: 2.08253 |val kldravg: 2.08371 |val mae:  6.76410 |val mae ravg:  6.64454 |
|epoch: 286 | lr: 0.000 |train kld: 2.02206 |train kld ravg: 2.03184 |train mae:  6.93514 |train mae ravg:  7.33067 |val kld: 2.08473 |val kldravg: 2.08787 |val mae:  6.80497 |val mae ravg:  6.75183 |
|epoch: 287 | lr: 0.000 |train kld: 1.99929 |train kld ravg: 2.02856 |train mae:  7.11096 |train mae ravg:  7.33129 |val kld: 2.08628 |val kldravg: 2.08896 |val mae:  6.60190 |val mae ravg:  6.78420 |
|epoch: 288 | lr: 0.000 |train kld: 1.99717 |train kld ravg: 2.01362 |train mae:  6.79767 |train mae ravg:  7.09414 |val kld: 2.08939 |val kldravg: 2.09671 |val mae:  6.71635 |val mae ravg:  6.82867 |
|epoch: 289 | lr: 0.000 |train kld: 2.05044 |train kld ravg: 2.01380 |train mae:  7.57592 |train mae ravg:  7.07281 |val kld: 2.08129 |val kldravg: 2.08484 |val mae:  6.60150 |val mae ravg:  6.69776 |
|epoch: 290 | lr: 0.000 |train kld: 2.01751 |train kld ravg: 2.01729 |train mae:  7.38687 |train mae ravg:  7.16131 |val kld: 2.07978 |val kldravg: 2.08429 |val mae:  6.59184 |val mae ravg:  6.66331 |
|epoch: 291 | lr: 0.000 |train kld: 1.99943 |train kld ravg: 2.01277 |train mae:  7.34767 |train mae ravg:  7.24382 |val kld: 2.05899 |val kldravg: 2.07914 |val mae:  6.33767 |val mae ravg:  6.56985 |
|epoch: 292 | lr: 0.000 |train kld: 2.06669 |train kld ravg: 2.02625 |train mae:  7.54861 |train mae ravg:  7.33135 |val kld: 2.07754 |val kldravg: 2.07740 |val mae:  6.52284 |val mae ravg:  6.55404 |
|epoch: 293 | lr: 0.000 |train kld: 1.99984 |train kld ravg: 2.02678 |train mae:  7.00990 |train mae ravg:  7.37379 |val kld: 2.08852 |val kldravg: 2.07722 |val mae:  6.74408 |val mae ravg:  6.55959 |
|epoch: 294 | lr: 0.000 |train kld: 2.01786 |train kld ravg: 2.02026 |train mae:  7.42605 |train mae ravg:  7.34382 |val kld: 2.11391 |val kldravg: 2.08375 |val mae:  6.79342 |val mae ravg:  6.59797 |
|epoch: 295 | lr: 0.000 |train kld: 2.02768 |train kld ravg: 2.02230 |train mae:  7.40438 |train mae ravg:  7.34732 |val kld: 2.07565 |val kldravg: 2.08292 |val mae:  6.57048 |val mae ravg:  6.59370 |
|epoch: 296 | lr: 0.000 |train kld: 2.06640 |train kld ravg: 2.03569 |train mae:  7.55719 |train mae ravg:  7.38923 |val kld: 2.07416 |val kldravg: 2.08596 |val mae:  6.42428 |val mae ravg:  6.61102 |
|epoch: 297 | lr: 0.000 |train kld: 1.99378 |train kld ravg: 2.02111 |train mae:  6.58618 |train mae ravg:  7.19674 |val kld: 2.08778 |val kldravg: 2.08800 |val mae:  6.68840 |val mae ravg:  6.64413 |
|epoch: 298 | lr: 0.000 |train kld: 2.01824 |train kld ravg: 2.02479 |train mae:  7.00249 |train mae ravg:  7.19526 |val kld: 2.06221 |val kldravg: 2.08274 |val mae:  6.44714 |val mae ravg:  6.58474 |
|epoch: 299 | lr: 0.000 |train kld: 2.02314 |train kld ravg: 2.02585 |train mae:  7.19019 |train mae ravg:  7.14809 |val kld: 2.08715 |val kldravg: 2.07739 |val mae:  6.82539 |val mae ravg:  6.59114 |
|epoch: 300 | lr: 0.000 |train kld: 2.03827 |train kld ravg: 2.02797 |train mae:  7.59999 |train mae ravg:  7.18721 |val kld: 2.09913 |val kldravg: 2.08209 |val mae:  6.90698 |val mae ravg:  6.65844 |
|epoch: 301 | lr: 0.000 |train kld: 1.95462 |train kld ravg: 2.00561 |train mae:  6.50780 |train mae ravg:  6.97733 |val kld: 2.08190 |val kldravg: 2.08363 |val mae:  6.59568 |val mae ravg:  6.69272 |
|epoch: 302 | lr: 0.000 |train kld: 2.01414 |train kld ravg: 2.00968 |train mae:  7.22752 |train mae ravg:  7.10560 |val kld: 2.08263 |val kldravg: 2.08260 |val mae:  6.76574 |val mae ravg:  6.70818 |
|epoch: 303 | lr: 0.000 |train kld: 1.98708 |train kld ravg: 2.00345 |train mae:  6.56466 |train mae ravg:  7.01803 |val kld: 2.11131 |val kldravg: 2.09242 |val mae:  6.99402 |val mae ravg:  6.81756 |
|epoch: 304 | lr: 0.000 |train kld: 2.02116 |train kld ravg: 2.00306 |train mae:  7.22900 |train mae ravg:  7.02579 |val kld: 2.05196 |val kldravg: 2.08539 |val mae:  6.45082 |val mae ravg:  6.74265 |
|epoch: 305 | lr: 0.000 |train kld: 2.03016 |train kld ravg: 2.00143 |train mae:  7.67288 |train mae ravg:  7.04037 |val kld: 2.05693 |val kldravg: 2.07695 |val mae:  6.36656 |val mae ravg:  6.63456 |
|epoch: 306 | lr: 0.000 |train kld: 1.95723 |train kld ravg: 2.00196 |train mae:  6.69362 |train mae ravg:  7.07754 |val kld: 2.10233 |val kldravg: 2.08103 |val mae:  6.78093 |val mae ravg:  6.67162 |
|epoch: 307 | lr: 0.000 |train kld: 2.03242 |train kld ravg: 2.00561 |train mae:  7.44464 |train mae ravg:  7.12096 |val kld: 2.06607 |val kldravg: 2.07772 |val mae:  6.47379 |val mae ravg:  6.61323 |
|epoch: 308 | lr: 0.000 |train kld: 2.04915 |train kld ravg: 2.01802 |train mae:  7.48826 |train mae ravg:  7.30568 |val kld: 2.06746 |val kldravg: 2.06895 |val mae:  6.58617 |val mae ravg:  6.53166 |
|epoch: 309 | lr: 0.000 |train kld: 1.97550 |train kld ravg: 2.00889 |train mae:  6.58153 |train mae ravg:  7.17618 |val kld: 2.07844 |val kldravg: 2.07425 |val mae:  6.53790 |val mae ravg:  6.54907 |
|epoch: 310 | lr: 0.000 |train kld: 2.05555 |train kld ravg: 2.01397 |train mae:  7.84208 |train mae ravg:  7.21002 |val kld: 2.06370 |val kldravg: 2.07560 |val mae:  6.51460 |val mae ravg:  6.57868 |
|epoch: 311 | lr: 0.000 |train kld: 1.96700 |train kld ravg: 2.01592 |train mae:  6.81521 |train mae ravg:  7.23434 |val kld: 2.09759 |val kldravg: 2.07465 |val mae:  6.68127 |val mae ravg:  6.55875 |
|epoch: 312 | lr: 0.000 |train kld: 2.02637 |train kld ravg: 2.01471 |train mae:  7.03980 |train mae ravg:  7.15338 |val kld: 2.08990 |val kldravg: 2.07942 |val mae:  6.75786 |val mae ravg:  6.61556 |
|epoch: 313 | lr: 0.000 |train kld: 2.01811 |train kld ravg: 2.00851 |train mae:  7.22835 |train mae ravg:  7.10139 |val kld: 2.10327 |val kldravg: 2.08658 |val mae:  6.89190 |val mae ravg:  6.67671 |
|epoch: 314 | lr: 0.000 |train kld: 2.00398 |train kld ravg: 2.01420 |train mae:  7.06832 |train mae ravg:  7.19875 |val kld: 2.06731 |val kldravg: 2.08436 |val mae:  6.49740 |val mae ravg:  6.66861 |
|epoch: 315 | lr: 0.000 |train kld: 2.02346 |train kld ravg: 2.00778 |train mae:  7.10609 |train mae ravg:  7.05155 |val kld: 2.10480 |val kldravg: 2.09258 |val mae:  6.80350 |val mae ravg:  6.72639 |
|epoch: 316 | lr: 0.000 |train kld: 2.01736 |train kld ravg: 2.01786 |train mae:  7.21647 |train mae ravg:  7.13181 |val kld: 2.09728 |val kldravg: 2.09251 |val mae:  6.87420 |val mae ravg:  6.76497 |
|epoch: 317 | lr: 0.000 |train kld: 2.06551 |train kld ravg: 2.02568 |train mae:  7.59130 |train mae ravg:  7.24211 |val kld: 2.07900 |val kldravg: 2.09033 |val mae:  6.58301 |val mae ravg:  6.73000 |
|epoch: 318 | lr: 0.000 |train kld: 2.03624 |train kld ravg: 2.02931 |train mae:  7.30799 |train mae ravg:  7.25804 |val kld: 2.09660 |val kldravg: 2.08900 |val mae:  6.78672 |val mae ravg:  6.70897 |
|epoch: 319 | lr: 0.000 |train kld: 1.97509 |train kld ravg: 2.02353 |train mae:  6.60319 |train mae ravg:  7.16501 |val kld: 2.09458 |val kldravg: 2.09445 |val mae:  6.55913 |val mae ravg:  6.72131 |
|epoch: 320 | lr: 0.000 |train kld: 2.01627 |train kld ravg: 2.02209 |train mae:  7.13390 |train mae ravg:  7.17057 |val kld: 2.07416 |val kldravg: 2.08832 |val mae:  6.61785 |val mae ravg:  6.68418 |
|epoch: 321 | lr: 0.000 |train kld: 2.00420 |train kld ravg: 2.01946 |train mae:  7.10729 |train mae ravg:  7.14873 |val kld: 2.06334 |val kldravg: 2.08153 |val mae:  6.47917 |val mae ravg:  6.60518 |
|epoch: 322 | lr: 0.000 |train kld: 1.99476 |train kld ravg: 2.00531 |train mae:  6.93455 |train mae ravg:  7.01738 |val kld: 2.06827 |val kldravg: 2.07939 |val mae:  6.63387 |val mae ravg:  6.61535 |
|epoch: 323 | lr: 0.000 |train kld: 2.03570 |train kld ravg: 2.00521 |train mae:  7.54662 |train mae ravg:  7.06511 |val kld: 2.07253 |val kldravg: 2.07458 |val mae:  6.39300 |val mae ravg:  6.53661 |
|epoch: 324 | lr: 0.000 |train kld: 2.01145 |train kld ravg: 2.01248 |train mae:  7.17723 |train mae ravg:  7.17992 |val kld: 2.07199 |val kldravg: 2.07006 |val mae:  6.44019 |val mae ravg:  6.51282 |
|epoch: 325 | lr: 0.000 |train kld: 2.00976 |train kld ravg: 2.01118 |train mae:  7.54347 |train mae ravg:  7.26183 |val kld: 2.07023 |val kldravg: 2.06927 |val mae:  6.48371 |val mae ravg:  6.48599 |
|epoch: 326 | lr: 0.000 |train kld: 2.03379 |train kld ravg: 2.01709 |train mae:  7.38470 |train mae ravg:  7.31731 |val kld: 2.08795 |val kldravg: 2.07419 |val mae:  6.72332 |val mae ravg:  6.53482 |
|epoch: 327 | lr: 0.000 |train kld: 2.01867 |train kld ravg: 2.02188 |train mae:  7.40068 |train mae ravg:  7.41054 |val kld: 2.14816 |val kldravg: 2.09017 |val mae:  7.14094 |val mae ravg:  6.63623 |
|epoch: 328 | lr: 0.000 |train kld: 2.07440 |train kld ravg: 2.02962 |train mae:  7.84435 |train mae ravg:  7.47009 |val kld: 2.04478 |val kldravg: 2.08462 |val mae:  6.28672 |val mae ravg:  6.61497 |
|epoch: 329 | lr: 0.000 |train kld: 2.03215 |train kld ravg: 2.03376 |train mae:  7.36356 |train mae ravg:  7.50735 |val kld: 2.08053 |val kldravg: 2.08633 |val mae:  6.45010 |val mae ravg:  6.61696 |
|epoch: 330 | lr: 0.000 |train kld: 2.03180 |train kld ravg: 2.03816 |train mae:  7.51714 |train mae ravg:  7.50209 |val kld: 2.07748 |val kldravg: 2.08778 |val mae:  6.59956 |val mae ravg:  6.64013 |
|epoch: 331 | lr: 0.000 |train kld: 2.02059 |train kld ravg: 2.03552 |train mae:  6.99093 |train mae ravg:  7.42333 |val kld: 2.08447 |val kldravg: 2.08709 |val mae:  6.48108 |val mae ravg:  6.59168 |
|epoch: 332 | lr: 0.000 |train kld: 2.03291 |train kld ravg: 2.03837 |train mae:  7.29164 |train mae ravg:  7.40152 |val kld: 2.06419 |val kldravg: 2.07029 |val mae:  6.40748 |val mae ravg:  6.44499 |
|epoch: 333 | lr: 0.000 |train kld: 2.02531 |train kld ravg: 2.02855 |train mae:  7.32079 |train mae ravg:  7.29681 |val kld: 2.07442 |val kldravg: 2.07622 |val mae:  6.74819 |val mae ravg:  6.53728 |
|epoch: 334 | lr: 0.000 |train kld: 1.98926 |train kld ravg: 2.01998 |train mae:  6.87171 |train mae ravg:  7.19844 |val kld: 2.08043 |val kldravg: 2.07620 |val mae:  6.60659 |val mae ravg:  6.56858 |
|epoch: 335 | lr: 0.000 |train kld: 2.01467 |train kld ravg: 2.01655 |train mae:  7.26651 |train mae ravg:  7.14831 |val kld: 2.07859 |val kldravg: 2.07642 |val mae:  6.44056 |val mae ravg:  6.53678 |
|epoch: 336 | lr: 0.000 |train kld: 2.00339 |train kld ravg: 2.01311 |train mae:  7.24080 |train mae ravg:  7.19829 |val kld: 2.06980 |val kldravg: 2.07348 |val mae:  6.48337 |val mae ravg:  6.53724 |
|epoch: 337 | lr: 0.000 |train kld: 2.01654 |train kld ravg: 2.00983 |train mae:  7.32269 |train mae ravg:  7.20450 |val kld: 2.07803 |val kldravg: 2.07625 |val mae:  6.39391 |val mae ravg:  6.53452 |
|epoch: 338 | lr: 0.000 |train kld: 2.10101 |train kld ravg: 2.02497 |train mae:  7.58935 |train mae ravg:  7.25821 |val kld: 2.07483 |val kldravg: 2.07633 |val mae:  6.34286 |val mae ravg:  6.45346 |
|epoch: 339 | lr: 0.000 |train kld: 1.99862 |train kld ravg: 2.02684 |train mae:  7.11784 |train mae ravg:  7.30744 |val kld: 2.06476 |val kldravg: 2.07320 |val mae:  6.50084 |val mae ravg:  6.43231 |
|epoch: 340 | lr: 0.000 |train kld: 1.96399 |train kld ravg: 2.01671 |train mae:  6.78707 |train mae ravg:  7.21155 |val kld: 2.07995 |val kldravg: 2.07347 |val mae:  6.73390 |val mae ravg:  6.49098 |
|epoch: 341 | lr: 0.000 |train kld: 2.01749 |train kld ravg: 2.01953 |train mae:  7.07210 |train mae ravg:  7.17781 |val kld: 2.07212 |val kldravg: 2.07394 |val mae:  6.66989 |val mae ravg:  6.52828 |
|epoch: 342 | lr: 0.000 |train kld: 2.00314 |train kld ravg: 2.01685 |train mae:  7.45755 |train mae ravg:  7.20478 |val kld: 2.10288 |val kldravg: 2.07891 |val mae:  6.71324 |val mae ravg:  6.59215 |
|epoch: 343 | lr: 0.000 |train kld: 2.04061 |train kld ravg: 2.00477 |train mae:  7.24946 |train mae ravg:  7.13680 |val kld: 2.05886 |val kldravg: 2.07572 |val mae:  6.34330 |val mae ravg:  6.59223 |
|epoch: 344 | lr: 0.000 |train kld: 2.03029 |train kld ravg: 2.01111 |train mae:  7.52933 |train mae ravg:  7.21910 |val kld: 2.07360 |val kldravg: 2.07748 |val mae:  6.77102 |val mae ravg:  6.64627 |
