------------------------------------------------
Job ID: 41309227
Run on host: compg010.hpc.in.bmrc.ox.ac.uk
Operating system: Linux
Username: lhw539
Started at: Tue Mar 23 12:45:43 GMT 2021
------------------------------------------------
Test (in contrast to train):  False
Loading ABIDE train data.
Loading ABIDE   val data.
Load model for age - run: 0
Number of GPUs:  2
Epoch decay:  8
Gamma decay:  0.5

Final layer of model is being trained.
Start:  2021-03-23 12:45:50.665675
----------------------------------------------------------------------------------------------------------------------------------------------------------------
|epoch:   0 | lr: 0.100 |train kld: 1.80347 |train kld ravg: 1.80347 |train mae:  5.81114 |train mae ravg:  5.81114 |val kld: 1.56918 |val kldravg: 1.56918 |val mae:  5.38506 |val mae ravg:  5.38506 |
|epoch:   1 | lr: 0.100 |train kld: 1.73857 |train kld ravg: 1.77102 |train mae:  4.91366 |train mae ravg:  5.36240 |val kld: 1.61725 |val kldravg: 1.59322 |val mae:  4.55293 |val mae ravg:  4.96900 |
|epoch:   2 | lr: 0.100 |train kld: 1.76003 |train kld ravg: 1.76735 |train mae:  4.71605 |train mae ravg:  5.14695 |val kld: 1.69826 |val kldravg: 1.62823 |val mae:  5.68036 |val mae ravg:  5.20612 |
|epoch:   3 | lr: 0.100 |train kld: 1.77193 |train kld ravg: 1.76850 |train mae:  4.83781 |train mae ravg:  5.06966 |val kld: 1.70248 |val kldravg: 1.64679 |val mae:  4.61284 |val mae ravg:  5.05780 |
|epoch:   4 | lr: 0.100 |train kld: 1.77487 |train kld ravg: 1.76977 |train mae:  4.68303 |train mae ravg:  4.99234 |val kld: 1.57419 |val kldravg: 1.63227 |val mae:  4.81559 |val mae ravg:  5.00936 |
|epoch:   5 | lr: 0.100 |train kld: 1.79409 |train kld ravg: 1.76790 |train mae:  4.88316 |train mae ravg:  4.80674 |val kld: 1.68873 |val kldravg: 1.65618 |val mae:  4.63275 |val mae ravg:  4.85890 |
|epoch:   6 | lr: 0.100 |train kld: 1.81966 |train kld ravg: 1.78412 |train mae:  4.89014 |train mae ravg:  4.80204 |val kld: 1.64215 |val kldravg: 1.66116 |val mae:  4.35992 |val mae ravg:  4.82029 |
|epoch:   7 | lr: 0.100 |train kld: 1.78668 |train kld ravg: 1.78945 |train mae:  4.81920 |train mae ravg:  4.82267 |val kld: 1.51877 |val kldravg: 1.62527 |val mae:  3.98090 |val mae ravg:  4.48040 |
|epoch:   8 | lr: 0.050 |train kld: 1.61556 |train kld ravg: 1.75817 |train mae:  4.59298 |train mae ravg:  4.77370 |val kld: 1.51270 |val kldravg: 1.58731 |val mae:  5.07833 |val mae ravg:  4.57350 |
|epoch:   9 | lr: 0.050 |train kld: 1.56176 |train kld ravg: 1.71555 |train mae:  4.66973 |train mae ravg:  4.77104 |val kld: 1.44248 |val kldravg: 1.56097 |val mae:  4.23272 |val mae ravg:  4.45692 |
|epoch:  10 | lr: 0.050 |train kld: 1.54697 |train kld ravg: 1.66613 |train mae:  4.43052 |train mae ravg:  4.68051 |val kld: 1.47613 |val kldravg: 1.51845 |val mae:  4.38815 |val mae ravg:  4.40800 |
|epoch:  11 | lr: 0.050 |train kld: 1.58794 |train kld ravg: 1.61978 |train mae:  4.70709 |train mae ravg:  4.64390 |val kld: 1.46052 |val kldravg: 1.48212 |val mae:  4.43067 |val mae ravg:  4.42215 |
|epoch:  12 | lr: 0.050 |train kld: 1.55156 |train kld ravg: 1.57276 |train mae:  4.62441 |train mae ravg:  4.60494 |val kld: 1.49635 |val kldravg: 1.47764 |val mae:  5.07078 |val mae ravg:  4.64013 |
|epoch:  13 | lr: 0.050 |train kld: 1.55966 |train kld ravg: 1.56158 |train mae:  4.74135 |train mae ravg:  4.63462 |val kld: 1.47310 |val kldravg: 1.46971 |val mae:  4.42918 |val mae ravg:  4.51030 |
|epoch:  14 | lr: 0.050 |train kld: 1.57175 |train kld ravg: 1.56358 |train mae:  4.73963 |train mae ravg:  4.64860 |val kld: 1.48871 |val kldravg: 1.47896 |val mae:  4.32289 |val mae ravg:  4.52833 |
|epoch:  15 | lr: 0.050 |train kld: 1.53603 |train kld ravg: 1.56139 |train mae:  4.68515 |train mae ravg:  4.69952 |val kld: 1.54548 |val kldravg: 1.49283 |val mae:  4.01938 |val mae ravg:  4.45458 |
|epoch:  16 | lr: 0.025 |train kld: 1.51731 |train kld ravg: 1.54726 |train mae:  4.65379 |train mae ravg:  4.68886 |val kld: 1.45477 |val kldravg: 1.49168 |val mae:  4.47966 |val mae ravg:  4.46438 |
|epoch:  17 | lr: 0.025 |train kld: 1.51246 |train kld ravg: 1.53944 |train mae:  4.71843 |train mae ravg:  4.70767 |val kld: 1.46787 |val kldravg: 1.48599 |val mae:  4.10255 |val mae ravg:  4.27073 |
|epoch:  18 | lr: 0.025 |train kld: 1.49694 |train kld ravg: 1.52690 |train mae:  4.63476 |train mae ravg:  4.68635 |val kld: 1.45587 |val kldravg: 1.48254 |val mae:  4.65359 |val mae ravg:  4.31561 |
|epoch:  19 | lr: 0.025 |train kld: 1.48276 |train kld ravg: 1.50910 |train mae:  4.69391 |train mae ravg:  4.67721 |val kld: 1.44038 |val kldravg: 1.47287 |val mae:  4.33126 |val mae ravg:  4.31729 |
|epoch:  20 | lr: 0.025 |train kld: 1.48396 |train kld ravg: 1.49869 |train mae:  4.56828 |train mae ravg:  4.65383 |val kld: 1.47771 |val kldravg: 1.45932 |val mae:  4.33776 |val mae ravg:  4.38096 |
|epoch:  21 | lr: 0.025 |train kld: 1.48714 |train kld ravg: 1.49265 |train mae:  4.50470 |train mae ravg:  4.62401 |val kld: 1.46208 |val kldravg: 1.46078 |val mae:  4.27314 |val mae ravg:  4.33966 |
|epoch:  22 | lr: 0.025 |train kld: 1.50137 |train kld ravg: 1.49043 |train mae:  4.55838 |train mae ravg:  4.59201 |val kld: 1.45104 |val kldravg: 1.45742 |val mae:  4.32061 |val mae ravg:  4.38327 |
|epoch:  23 | lr: 0.025 |train kld: 1.46749 |train kld ravg: 1.48454 |train mae:  4.59163 |train mae ravg:  4.58338 |val kld: 1.46935 |val kldravg: 1.46011 |val mae:  4.39503 |val mae ravg:  4.33156 |
|epoch:  24 | lr: 0.013 |train kld: 1.50509 |train kld ravg: 1.48901 |train mae:  4.56807 |train mae ravg:  4.55821 |val kld: 1.42778 |val kldravg: 1.45759 |val mae:  4.09348 |val mae ravg:  4.28400 |
----------------------------------------------------------------------------------------------------------------------------------------------------------------
Finished:  2021-03-23 13:11:37.309162

Correlation between train loss and evaluation: 0.616

----------------------------------------------------------------------------------------------------------------------------------------------------------------
Number of GPUs:  2
Epoch decay:  30
Gamma decay:  0.5

Full model is being trained.
Start:  2021-03-23 13:11:37.312313
----------------------------------------------------------------------------------------------------------------------------------------------------------------
|epoch:   0 | lr: 0.010 |train kld: 1.41771 |train kld ravg: 1.41771 |train mae:  4.05898 |train mae ravg:  4.05898 |val kld: 1.23572 |val kldravg: 1.23572 |val mae:  2.73928 |val mae ravg:  2.73928 |
|epoch:   1 | lr: 0.010 |train kld: 1.30336 |train kld ravg: 1.36053 |train mae:  3.53551 |train mae ravg:  3.79725 |val kld: 1.12887 |val kldravg: 1.18230 |val mae:  2.42848 |val mae ravg:  2.58388 |
|epoch:   2 | lr: 0.010 |train kld: 1.33521 |train kld ravg: 1.35209 |train mae:  3.59793 |train mae ravg:  3.73081 |val kld: 1.22020 |val kldravg: 1.19493 |val mae:  2.81792 |val mae ravg:  2.66190 |
|epoch:   3 | lr: 0.010 |train kld: 1.33582 |train kld ravg: 1.34803 |train mae:  3.70247 |train mae ravg:  3.72372 |val kld: 1.21950 |val kldravg: 1.20107 |val mae:  2.67128 |val mae ravg:  2.66424 |
|epoch:   4 | lr: 0.010 |train kld: 1.30353 |train kld ravg: 1.33913 |train mae:  3.56360 |train mae ravg:  3.69170 |val kld: 1.21987 |val kldravg: 1.20483 |val mae:  3.67443 |val mae ravg:  2.86628 |
|epoch:   5 | lr: 0.010 |train kld: 1.26240 |train kld ravg: 1.30807 |train mae:  3.38049 |train mae ravg:  3.55600 |val kld: 1.13267 |val kldravg: 1.18422 |val mae:  2.81087 |val mae ravg:  2.88060 |
|epoch:   6 | lr: 0.010 |train kld: 1.16598 |train kld ravg: 1.28059 |train mae:  2.90272 |train mae ravg:  3.42944 |val kld: 1.05139 |val kldravg: 1.16872 |val mae:  2.46321 |val mae ravg:  2.88754 |
|epoch:   7 | lr: 0.010 |train kld: 1.17611 |train kld ravg: 1.24877 |train mae:  3.02246 |train mae ravg:  3.31434 |val kld: 1.29222 |val kldravg: 1.18313 |val mae:  4.25029 |val mae ravg:  3.17402 |
|epoch:   8 | lr: 0.010 |train kld: 1.14722 |train kld ravg: 1.21105 |train mae:  2.94445 |train mae ravg:  3.16274 |val kld: 1.14753 |val kldravg: 1.16873 |val mae:  2.30961 |val mae ravg:  3.10168 |
|epoch:   9 | lr: 0.010 |train kld: 1.12109 |train kld ravg: 1.17456 |train mae:  2.82697 |train mae ravg:  3.01542 |val kld: 1.03289 |val kldravg: 1.13134 |val mae:  2.72639 |val mae ravg:  2.91208 |
|epoch:  10 | lr: 0.010 |train kld: 1.11105 |train kld ravg: 1.14429 |train mae:  2.79950 |train mae ravg:  2.89922 |val kld: 1.09851 |val kldravg: 1.12450 |val mae:  2.33586 |val mae ravg:  2.81707 |
|epoch:  11 | lr: 0.010 |train kld: 1.07604 |train kld ravg: 1.12630 |train mae:  2.58985 |train mae ravg:  2.83664 |val kld: 1.09729 |val kldravg: 1.13368 |val mae:  2.24776 |val mae ravg:  2.77398 |
|epoch:  12 | lr: 0.010 |train kld: 1.04210 |train kld ravg: 1.09950 |train mae:  2.52452 |train mae ravg:  2.73706 |val kld: 0.96422 |val kldravg: 1.06809 |val mae:  2.06996 |val mae ravg:  2.33792 |
|epoch:  13 | lr: 0.010 |train kld: 1.07738 |train kld ravg: 1.08553 |train mae:  2.74330 |train mae ravg:  2.69683 |val kld: 1.01028 |val kldravg: 1.04064 |val mae:  2.25678 |val mae ravg:  2.32735 |
|epoch:  14 | lr: 0.010 |train kld: 1.03527 |train kld ravg: 1.06837 |train mae:  2.49066 |train mae ravg:  2.62957 |val kld: 1.06635 |val kldravg: 1.04733 |val mae:  3.15108 |val mae ravg:  2.41229 |
|epoch:  15 | lr: 0.010 |train kld: 1.06808 |train kld ravg: 1.05978 |train mae:  2.56031 |train mae ravg:  2.58173 |val kld: 0.92329 |val kldravg: 1.01228 |val mae:  2.24233 |val mae ravg:  2.39358 |
|epoch:  16 | lr: 0.010 |train kld: 1.02364 |train kld ravg: 1.04930 |train mae:  2.53373 |train mae ravg:  2.57050 |val kld: 0.97831 |val kldravg: 0.98849 |val mae:  2.15494 |val mae ravg:  2.37502 |
|epoch:  17 | lr: 0.010 |train kld: 1.00548 |train kld ravg: 1.04197 |train mae:  2.46677 |train mae ravg:  2.55895 |val kld: 0.96082 |val kldravg: 0.98781 |val mae:  2.39498 |val mae ravg:  2.44002 |
|epoch:  18 | lr: 0.010 |train kld: 0.97713 |train kld ravg: 1.02192 |train mae:  2.38665 |train mae ravg:  2.48762 |val kld: 1.03380 |val kldravg: 0.99251 |val mae:  2.46843 |val mae ravg:  2.48235 |
|epoch:  19 | lr: 0.010 |train kld: 0.96316 |train kld ravg: 1.00750 |train mae:  2.33392 |train mae ravg:  2.45628 |val kld: 0.97324 |val kldravg: 0.97389 |val mae:  2.29692 |val mae ravg:  2.31152 |
|epoch:  20 | lr: 0.010 |train kld: 0.96458 |train kld ravg: 0.98680 |train mae:  2.36866 |train mae ravg:  2.41795 |val kld: 0.92058 |val kldravg: 0.97335 |val mae:  1.99269 |val mae ravg:  2.26159 |
|epoch:  21 | lr: 0.010 |train kld: 0.95312 |train kld ravg: 0.97269 |train mae:  2.30156 |train mae ravg:  2.37151 |val kld: 1.14665 |val kldravg: 1.00702 |val mae:  3.15146 |val mae ravg:  2.46090 |
|epoch:  22 | lr: 0.010 |train kld: 0.94375 |train kld ravg: 0.96035 |train mae:  2.31359 |train mae ravg:  2.34088 |val kld: 1.12849 |val kldravg: 1.04055 |val mae:  3.52851 |val mae ravg:  2.68760 |
|epoch:  23 | lr: 0.010 |train kld: 0.93527 |train kld ravg: 0.95197 |train mae:  2.22998 |train mae ravg:  2.30954 |val kld: 0.92321 |val kldravg: 1.01843 |val mae:  2.19234 |val mae ravg:  2.63238 |
|epoch:  24 | lr: 0.010 |train kld: 0.92585 |train kld ravg: 0.94451 |train mae:  2.22250 |train mae ravg:  2.28726 |val kld: 0.90281 |val kldravg: 1.00435 |val mae:  1.98640 |val mae ravg:  2.57028 |
|epoch:  25 | lr: 0.010 |train kld: 0.90693 |train kld ravg: 0.93298 |train mae:  2.24970 |train mae ravg:  2.26347 |val kld: 0.93028 |val kldravg: 1.00629 |val mae:  2.05436 |val mae ravg:  2.58261 |
|epoch:  26 | lr: 0.010 |train kld: 0.91942 |train kld ravg: 0.92624 |train mae:  2.25736 |train mae ravg:  2.25462 |val kld: 1.28097 |val kldravg: 1.03315 |val mae:  2.83271 |val mae ravg:  2.51886 |
|epoch:  27 | lr: 0.010 |train kld: 0.90190 |train kld ravg: 0.91787 |train mae:  2.19841 |train mae ravg:  2.23159 |val kld: 0.98335 |val kldravg: 1.00412 |val mae:  2.21647 |val mae ravg:  2.25646 |
|epoch:  28 | lr: 0.010 |train kld: 0.89509 |train kld ravg: 0.90984 |train mae:  2.21490 |train mae ravg:  2.22857 |val kld: 0.92273 |val kldravg: 1.00403 |val mae:  2.59058 |val mae ravg:  2.33610 |
|epoch:  29 | lr: 0.010 |train kld: 0.88433 |train kld ravg: 0.90153 |train mae:  2.21443 |train mae ravg:  2.22696 |val kld: 1.14696 |val kldravg: 1.05286 |val mae:  2.67202 |val mae ravg:  2.47323 |
|epoch:  30 | lr: 0.005 |train kld: 0.83117 |train kld ravg: 0.88638 |train mae:  1.94618 |train mae ravg:  2.16626 |val kld: 0.93643 |val kldravg: 1.05409 |val mae:  2.07709 |val mae ravg:  2.47777 |
|epoch:  31 | lr: 0.005 |train kld: 0.79143 |train kld ravg: 0.86079 |train mae:  1.92583 |train mae ravg:  2.09995 |val kld: 0.91403 |val kldravg: 0.98070 |val mae:  1.90015 |val mae ravg:  2.29126 |
|epoch:  32 | lr: 0.005 |train kld: 0.79144 |train kld ravg: 0.83869 |train mae:  1.91921 |train mae ravg:  2.04411 |val kld: 0.88909 |val kldravg: 0.96185 |val mae:  2.02617 |val mae ravg:  2.25320 |
|epoch:  33 | lr: 0.005 |train kld: 0.80546 |train kld ravg: 0.82077 |train mae:  1.95654 |train mae ravg:  1.99244 |val kld: 0.91142 |val kldravg: 0.95959 |val mae:  2.08701 |val mae ravg:  2.15249 |
|epoch:  34 | lr: 0.005 |train kld: 0.77395 |train kld ravg: 0.79869 |train mae:  1.82679 |train mae ravg:  1.91491 |val kld: 1.05163 |val kldravg: 0.94052 |val mae:  2.27065 |val mae ravg:  2.07221 |
|epoch:  35 | lr: 0.005 |train kld: 0.79167 |train kld ravg: 0.79079 |train mae:  1.94308 |train mae ravg:  1.91429 |val kld: 0.92820 |val kldravg: 0.93887 |val mae:  1.95840 |val mae ravg:  2.04848 |
|epoch:  36 | lr: 0.005 |train kld: 0.77035 |train kld ravg: 0.78658 |train mae:  1.88034 |train mae ravg:  1.90519 |val kld: 0.86973 |val kldravg: 0.93001 |val mae:  1.98647 |val mae ravg:  2.06574 |
|epoch:  37 | lr: 0.005 |train kld: 0.75995 |train kld ravg: 0.78028 |train mae:  1.82443 |train mae ravg:  1.88623 |val kld: 0.83799 |val kldravg: 0.91980 |val mae:  1.85205 |val mae ravg:  2.03092 |
|epoch:  38 | lr: 0.005 |train kld: 0.76200 |train kld ravg: 0.77158 |train mae:  1.80420 |train mae ravg:  1.85577 |val kld: 0.84615 |val kldravg: 0.90674 |val mae:  1.89666 |val mae ravg:  1.99285 |
|epoch:  39 | lr: 0.005 |train kld: 0.79932 |train kld ravg: 0.77666 |train mae:  1.97463 |train mae ravg:  1.88533 |val kld: 0.90225 |val kldravg: 0.87686 |val mae:  1.94989 |val mae ravg:  1.92870 |
|epoch:  40 | lr: 0.005 |train kld: 0.77912 |train kld ravg: 0.77415 |train mae:  1.85241 |train mae ravg:  1.86720 |val kld: 0.86057 |val kldravg: 0.86334 |val mae:  1.88478 |val mae ravg:  1.91397 |
|epoch:  41 | lr: 0.005 |train kld: 0.75767 |train kld ravg: 0.77161 |train mae:  1.87064 |train mae ravg:  1.86526 |val kld: 0.92932 |val kldravg: 0.87526 |val mae:  1.99435 |val mae ravg:  1.91555 |
|epoch:  42 | lr: 0.005 |train kld: 0.75833 |train kld ravg: 0.77129 |train mae:  1.83581 |train mae ravg:  1.86754 |val kld: 0.91007 |val kldravg: 0.88967 |val mae:  1.90779 |val mae ravg:  1.92670 |
|epoch:  43 | lr: 0.005 |train kld: 0.70165 |train kld ravg: 0.75922 |train mae:  1.69912 |train mae ravg:  1.84652 |val kld: 0.86366 |val kldravg: 0.89317 |val mae:  2.04391 |val mae ravg:  1.95615 |
|epoch:  44 | lr: 0.005 |train kld: 0.73424 |train kld ravg: 0.74620 |train mae:  1.79915 |train mae ravg:  1.81142 |val kld: 0.94417 |val kldravg: 0.90156 |val mae:  2.17447 |val mae ravg:  2.00106 |
|epoch:  45 | lr: 0.005 |train kld: 0.69750 |train kld ravg: 0.72988 |train mae:  1.77677 |train mae ravg:  1.79630 |val kld: 0.86910 |val kldravg: 0.90327 |val mae:  1.99219 |val mae ravg:  2.02254 |
|epoch:  46 | lr: 0.005 |train kld: 0.70882 |train kld ravg: 0.72011 |train mae:  1.73103 |train mae ravg:  1.76838 |val kld: 0.83394 |val kldravg: 0.88419 |val mae:  1.76471 |val mae ravg:  1.97661 |
|epoch:  47 | lr: 0.005 |train kld: 0.68883 |train kld ravg: 0.70621 |train mae:  1.78028 |train mae ravg:  1.75727 |val kld: 0.85620 |val kldravg: 0.87342 |val mae:  1.89110 |val mae ravg:  1.97328 |
|epoch:  48 | lr: 0.005 |train kld: 0.68899 |train kld ravg: 0.70368 |train mae:  1.65448 |train mae ravg:  1.74834 |val kld: 0.82450 |val kldravg: 0.86558 |val mae:  1.96974 |val mae ravg:  1.95844 |
|epoch:  49 | lr: 0.005 |train kld: 0.68260 |train kld ravg: 0.69335 |train mae:  1.70143 |train mae ravg:  1.72880 |val kld: 0.90294 |val kldravg: 0.85734 |val mae:  1.92126 |val mae ravg:  1.90780 |
|epoch:  50 | lr: 0.005 |train kld: 0.69146 |train kld ravg: 0.69214 |train mae:  1.75013 |train mae ravg:  1.72347 |val kld: 0.83596 |val kldravg: 0.85071 |val mae:  1.86881 |val mae ravg:  1.88313 |
|epoch:  51 | lr: 0.005 |train kld: 0.66488 |train kld ravg: 0.68335 |train mae:  1.69159 |train mae ravg:  1.71558 |val kld: 0.91015 |val kldravg: 0.86595 |val mae:  2.21557 |val mae ravg:  1.97330 |
|epoch:  52 | lr: 0.005 |train kld: 0.65643 |train kld ravg: 0.67687 |train mae:  1.65824 |train mae ravg:  1.69117 |val kld: 0.85174 |val kldravg: 0.86506 |val mae:  1.84248 |val mae ravg:  1.96357 |
|epoch:  53 | lr: 0.005 |train kld: 0.67045 |train kld ravg: 0.67316 |train mae:  1.62670 |train mae ravg:  1.68562 |val kld: 0.81416 |val kldravg: 0.86299 |val mae:  1.85518 |val mae ravg:  1.94066 |
|epoch:  54 | lr: 0.005 |train kld: 0.65732 |train kld ravg: 0.66811 |train mae:  1.64043 |train mae ravg:  1.67342 |val kld: 0.91379 |val kldravg: 0.86516 |val mae:  2.24447 |val mae ravg:  2.00530 |
|epoch:  55 | lr: 0.005 |train kld: 0.67910 |train kld ravg: 0.66563 |train mae:  1.65911 |train mae ravg:  1.65521 |val kld: 0.81640 |val kldravg: 0.86125 |val mae:  1.87556 |val mae ravg:  2.00665 |
|epoch:  56 | lr: 0.005 |train kld: 0.64773 |train kld ravg: 0.66220 |train mae:  1.63268 |train mae ravg:  1.64343 |val kld: 0.90147 |val kldravg: 0.85951 |val mae:  1.99377 |val mae ravg:  1.96229 |
|epoch:  57 | lr: 0.005 |train kld: 0.65531 |train kld ravg: 0.66198 |train mae:  1.67489 |train mae ravg:  1.64676 |val kld: 0.84840 |val kldravg: 0.85884 |val mae:  1.89317 |val mae ravg:  1.97243 |
|epoch:  58 | lr: 0.005 |train kld: 0.64529 |train kld ravg: 0.65695 |train mae:  1.61646 |train mae ravg:  1.64471 |val kld: 0.85491 |val kldravg: 0.86699 |val mae:  1.91310 |val mae ravg:  1.98401 |
|epoch:  59 | lr: 0.005 |train kld: 0.64904 |train kld ravg: 0.65529 |train mae:  1.66205 |train mae ravg:  1.64904 |val kld: 0.97976 |val kldravg: 0.88019 |val mae:  2.21412 |val mae ravg:  1.97795 |
|epoch:  60 | lr: 0.003 |train kld: 0.61555 |train kld ravg: 0.64258 |train mae:  1.52858 |train mae ravg:  1.62293 |val kld: 0.82690 |val kldravg: 0.88229 |val mae:  1.75513 |val mae ravg:  1.95386 |
|epoch:  61 | lr: 0.003 |train kld: 0.58264 |train kld ravg: 0.62957 |train mae:  1.43193 |train mae ravg:  1.58278 |val kld: 0.86165 |val kldravg: 0.87432 |val mae:  1.96577 |val mae ravg:  1.94826 |
|epoch:  62 | lr: 0.003 |train kld: 0.60447 |train kld ravg: 0.61940 |train mae:  1.54029 |train mae ravg:  1.55586 |val kld: 0.80272 |val kldravg: 0.86519 |val mae:  1.82479 |val mae ravg:  1.93458 |
|epoch:  63 | lr: 0.003 |train kld: 0.56248 |train kld ravg: 0.60284 |train mae:  1.38195 |train mae ravg:  1.50896 |val kld: 0.86079 |val kldravg: 0.86636 |val mae:  1.85955 |val mae ravg:  1.92387 |
|epoch:  64 | lr: 0.003 |train kld: 0.56704 |train kld ravg: 0.58644 |train mae:  1.39443 |train mae ravg:  1.45544 |val kld: 0.93779 |val kldravg: 0.85797 |val mae:  2.06096 |val mae ravg:  1.89324 |
|epoch:  65 | lr: 0.003 |train kld: 0.56601 |train kld ravg: 0.57653 |train mae:  1.43267 |train mae ravg:  1.43625 |val kld: 0.83799 |val kldravg: 0.86019 |val mae:  1.85018 |val mae ravg:  1.91225 |
|epoch:  66 | lr: 0.003 |train kld: 0.54485 |train kld ravg: 0.56897 |train mae:  1.42156 |train mae ravg:  1.43418 |val kld: 0.86849 |val kldravg: 0.86156 |val mae:  1.79680 |val mae ravg:  1.87846 |
|epoch:  67 | lr: 0.003 |train kld: 0.55999 |train kld ravg: 0.56007 |train mae:  1.41854 |train mae ravg:  1.40983 |val kld: 0.83436 |val kldravg: 0.86788 |val mae:  1.91613 |val mae ravg:  1.89673 |
|epoch:  68 | lr: 0.003 |train kld: 0.56647 |train kld ravg: 0.56087 |train mae:  1.43106 |train mae ravg:  1.41965 |val kld: 0.84819 |val kldravg: 0.86536 |val mae:  1.90345 |val mae ravg:  1.90550 |
|epoch:  69 | lr: 0.003 |train kld: 0.56107 |train kld ravg: 0.55968 |train mae:  1.41556 |train mae ravg:  1.42388 |val kld: 0.84652 |val kldravg: 0.84711 |val mae:  1.95052 |val mae ravg:  1.88342 |
|epoch:  70 | lr: 0.003 |train kld: 0.55059 |train kld ravg: 0.55660 |train mae:  1.40030 |train mae ravg:  1.41740 |val kld: 0.85094 |val kldravg: 0.84970 |val mae:  1.93358 |val mae ravg:  1.90010 |
|epoch:  71 | lr: 0.003 |train kld: 0.53307 |train kld ravg: 0.55424 |train mae:  1.37643 |train mae ravg:  1.40838 |val kld: 0.81028 |val kldravg: 0.83806 |val mae:  1.83452 |val mae ravg:  1.90764 |
|epoch:  72 | lr: 0.003 |train kld: 0.54547 |train kld ravg: 0.55134 |train mae:  1.38859 |train mae ravg:  1.40239 |val kld: 0.87770 |val kldravg: 0.84673 |val mae:  1.80889 |val mae ravg:  1.88619 |
|epoch:  73 | lr: 0.003 |train kld: 0.53987 |train kld ravg: 0.54602 |train mae:  1.37130 |train mae ravg:  1.39044 |val kld: 0.94619 |val kldravg: 0.86632 |val mae:  1.97760 |val mae ravg:  1.90102 |
|epoch:  74 | lr: 0.003 |train kld: 0.54179 |train kld ravg: 0.54216 |train mae:  1.38935 |train mae ravg:  1.38519 |val kld: 0.86099 |val kldravg: 0.86922 |val mae:  1.92611 |val mae ravg:  1.89614 |
|epoch:  75 | lr: 0.003 |train kld: 0.54376 |train kld ravg: 0.54079 |train mae:  1.46003 |train mae ravg:  1.39714 |val kld: 0.93787 |val kldravg: 0.88661 |val mae:  1.99496 |val mae ravg:  1.90842 |
|epoch:  76 | lr: 0.003 |train kld: 0.54589 |train kld ravg: 0.54336 |train mae:  1.33521 |train mae ravg:  1.38889 |val kld: 0.92779 |val kldravg: 0.91011 |val mae:  2.00340 |val mae ravg:  1.94219 |
|epoch:  77 | lr: 0.003 |train kld: 0.54123 |train kld ravg: 0.54251 |train mae:  1.35445 |train mae ravg:  1.38207 |val kld: 0.84758 |val kldravg: 0.90408 |val mae:  1.82122 |val mae ravg:  1.94466 |
|epoch:  78 | lr: 0.003 |train kld: 0.53683 |train kld ravg: 0.54190 |train mae:  1.35767 |train mae ravg:  1.37934 |val kld: 0.86785 |val kldravg: 0.88842 |val mae:  1.91653 |val mae ravg:  1.93244 |
|epoch:  79 | lr: 0.003 |train kld: 0.51980 |train kld ravg: 0.53750 |train mae:  1.35317 |train mae ravg:  1.37211 |val kld: 0.86335 |val kldravg: 0.88889 |val mae:  1.92037 |val mae ravg:  1.93130 |
|epoch:  80 | lr: 0.003 |train kld: 0.52926 |train kld ravg: 0.53460 |train mae:  1.38638 |train mae ravg:  1.35738 |val kld: 0.96985 |val kldravg: 0.89528 |val mae:  2.02675 |val mae ravg:  1.93765 |
|epoch:  81 | lr: 0.003 |train kld: 0.51932 |train kld ravg: 0.52929 |train mae:  1.33043 |train mae ravg:  1.35642 |val kld: 0.93677 |val kldravg: 0.89708 |val mae:  2.18654 |val mae ravg:  1.97428 |
|epoch:  82 | lr: 0.003 |train kld: 0.54245 |train kld ravg: 0.52953 |train mae:  1.37811 |train mae ravg:  1.36115 |val kld: 0.88098 |val kldravg: 0.90376 |val mae:  1.92126 |val mae ravg:  1.99429 |
|epoch:  83 | lr: 0.003 |train kld: 0.52596 |train kld ravg: 0.52736 |train mae:  1.33416 |train mae ravg:  1.35645 |val kld: 0.94440 |val kldravg: 0.91907 |val mae:  1.87388 |val mae ravg:  1.98576 |
|epoch:  84 | lr: 0.003 |train kld: 0.52673 |train kld ravg: 0.52874 |train mae:  1.36298 |train mae ravg:  1.35841 |val kld: 0.92491 |val kldravg: 0.93138 |val mae:  1.99807 |val mae ravg:  2.00130 |
|epoch:  85 | lr: 0.003 |train kld: 0.53496 |train kld ravg: 0.52988 |train mae:  1.43051 |train mae ravg:  1.36724 |val kld: 0.91606 |val kldravg: 0.92062 |val mae:  1.97226 |val mae ravg:  1.99040 |
|epoch:  86 | lr: 0.003 |train kld: 0.52487 |train kld ravg: 0.53099 |train mae:  1.35042 |train mae ravg:  1.37124 |val kld: 0.91763 |val kldravg: 0.91680 |val mae:  1.98161 |val mae ravg:  1.94942 |
|epoch:  87 | lr: 0.003 |train kld: 0.50220 |train kld ravg: 0.52294 |train mae:  1.28786 |train mae ravg:  1.35319 |val kld: 0.86654 |val kldravg: 0.91391 |val mae:  1.91019 |val mae ravg:  1.94720 |
|epoch:  88 | lr: 0.003 |train kld: 0.49642 |train kld ravg: 0.51704 |train mae:  1.31447 |train mae ravg:  1.34925 |val kld: 0.81019 |val kldravg: 0.88707 |val mae:  1.82202 |val mae ravg:  1.93683 |
|epoch:  89 | lr: 0.003 |train kld: 0.50651 |train kld ravg: 0.51299 |train mae:  1.28896 |train mae ravg:  1.33444 |val kld: 0.84050 |val kldravg: 0.87019 |val mae:  1.86919 |val mae ravg:  1.91105 |
|epoch:  90 | lr: 0.001 |train kld: 0.48058 |train kld ravg: 0.50212 |train mae:  1.25354 |train mae ravg:  1.29905 |val kld: 0.83494 |val kldravg: 0.85396 |val mae:  1.82609 |val mae ravg:  1.88182 |
|epoch:  91 | lr: 0.001 |train kld: 0.47704 |train kld ravg: 0.49255 |train mae:  1.26595 |train mae ravg:  1.28216 |val kld: 0.78031 |val kldravg: 0.82650 |val mae:  1.76480 |val mae ravg:  1.83846 |
|epoch:  92 | lr: 0.001 |train kld: 0.48139 |train kld ravg: 0.48839 |train mae:  1.22737 |train mae ravg:  1.27006 |val kld: 0.81876 |val kldravg: 0.81694 |val mae:  1.80733 |val mae ravg:  1.81789 |
|epoch:  93 | lr: 0.001 |train kld: 0.47032 |train kld ravg: 0.48317 |train mae:  1.20799 |train mae ravg:  1.24876 |val kld: 0.83066 |val kldravg: 0.82103 |val mae:  1.80052 |val mae ravg:  1.81358 |
|epoch:  94 | lr: 0.001 |train kld: 0.47916 |train kld ravg: 0.47770 |train mae:  1.25391 |train mae ravg:  1.24175 |val kld: 0.92511 |val kldravg: 0.83795 |val mae:  2.03500 |val mae ravg:  1.84675 |
|epoch:  95 | lr: 0.001 |train kld: 0.46071 |train kld ravg: 0.47372 |train mae:  1.23190 |train mae ravg:  1.23742 |val kld: 0.87768 |val kldravg: 0.84650 |val mae:  1.91665 |val mae ravg:  1.86486 |
|epoch:  96 | lr: 0.001 |train kld: 0.47933 |train kld ravg: 0.47418 |train mae:  1.25447 |train mae ravg:  1.23513 |val kld: 0.79955 |val kldravg: 0.85035 |val mae:  1.78923 |val mae ravg:  1.86975 |
|epoch:  97 | lr: 0.001 |train kld: 0.46437 |train kld ravg: 0.47078 |train mae:  1.17167 |train mae ravg:  1.22399 |val kld: 0.83235 |val kldravg: 0.85307 |val mae:  1.80531 |val mae ravg:  1.86934 |
|epoch:  98 | lr: 0.001 |train kld: 0.47564 |train kld ravg: 0.47184 |train mae:  1.24879 |train mae ravg:  1.23215 |val kld: 0.84777 |val kldravg: 0.85649 |val mae:  1.79251 |val mae ravg:  1.86774 |
|epoch:  99 | lr: 0.001 |train kld: 0.46822 |train kld ravg: 0.46966 |train mae:  1.25015 |train mae ravg:  1.23140 |val kld: 0.81206 |val kldravg: 0.83388 |val mae:  1.80706 |val mae ravg:  1.82215 |
|epoch: 100 | lr: 0.001 |train kld: 0.46311 |train kld ravg: 0.47014 |train mae:  1.27581 |train mae ravg:  1.24018 |val kld: 0.84937 |val kldravg: 0.82822 |val mae:  1.86937 |val mae ravg:  1.81269 |
|epoch: 101 | lr: 0.001 |train kld: 0.45457 |train kld ravg: 0.46518 |train mae:  1.17110 |train mae ravg:  1.22350 |val kld: 0.87403 |val kldravg: 0.84312 |val mae:  1.86887 |val mae ravg:  1.82862 |
|epoch: 102 | lr: 0.001 |train kld: 0.46325 |train kld ravg: 0.46496 |train mae:  1.24575 |train mae ravg:  1.23832 |val kld: 0.85416 |val kldravg: 0.84748 |val mae:  1.85543 |val mae ravg:  1.83865 |
|epoch: 103 | lr: 0.001 |train kld: 0.45012 |train kld ravg: 0.45985 |train mae:  1.20731 |train mae ravg:  1.23002 |val kld: 0.77244 |val kldravg: 0.83241 |val mae:  1.76238 |val mae ravg:  1.83262 |
|epoch: 104 | lr: 0.001 |train kld: 0.44929 |train kld ravg: 0.45607 |train mae:  1.19688 |train mae ravg:  1.21937 |val kld: 0.83304 |val kldravg: 0.83661 |val mae:  1.99633 |val mae ravg:  1.87048 |
|epoch: 105 | lr: 0.001 |train kld: 0.45365 |train kld ravg: 0.45418 |train mae:  1.17659 |train mae ravg:  1.19953 |val kld: 0.82196 |val kldravg: 0.83112 |val mae:  1.85179 |val mae ravg:  1.86696 |
|epoch: 106 | lr: 0.001 |train kld: 0.45771 |train kld ravg: 0.45480 |train mae:  1.22008 |train mae ravg:  1.20932 |val kld: 0.77225 |val kldravg: 0.81077 |val mae:  1.72664 |val mae ravg:  1.83851 |
|epoch: 107 | lr: 0.001 |train kld: 0.44282 |train kld ravg: 0.45072 |train mae:  1.19256 |train mae ravg:  1.19868 |val kld: 0.84348 |val kldravg: 0.80864 |val mae:  1.80564 |val mae ravg:  1.82856 |
|epoch: 108 | lr: 0.001 |train kld: 0.45507 |train kld ravg: 0.45171 |train mae:  1.22262 |train mae ravg:  1.20175 |val kld: 0.78800 |val kldravg: 0.81175 |val mae:  1.77146 |val mae ravg:  1.83037 |
|epoch: 109 | lr: 0.001 |train kld: 0.46090 |train kld ravg: 0.45403 |train mae:  1.19405 |train mae ravg:  1.20118 |val kld: 0.84144 |val kldravg: 0.81343 |val mae:  1.87972 |val mae ravg:  1.80705 |
|epoch: 110 | lr: 0.001 |train kld: 0.44052 |train kld ravg: 0.45140 |train mae:  1.13291 |train mae ravg:  1.19244 |val kld: 0.87175 |val kldravg: 0.82339 |val mae:  1.94128 |val mae ravg:  1.82495 |
|epoch: 111 | lr: 0.001 |train kld: 0.46623 |train kld ravg: 0.45311 |train mae:  1.25095 |train mae ravg:  1.19862 |val kld: 0.75624 |val kldravg: 0.82018 |val mae:  1.72511 |val mae ravg:  1.82464 |
|epoch: 112 | lr: 0.001 |train kld: 0.44409 |train kld ravg: 0.45336 |train mae:  1.22031 |train mae ravg:  1.20417 |val kld: 0.78291 |val kldravg: 0.80807 |val mae:  1.77048 |val mae ravg:  1.81761 |
|epoch: 113 | lr: 0.001 |train kld: 0.44122 |train kld ravg: 0.45059 |train mae:  1.13740 |train mae ravg:  1.18712 |val kld: 0.84129 |val kldravg: 0.81873 |val mae:  1.88725 |val mae ravg:  1.84077 |
|epoch: 114 | lr: 0.001 |train kld: 0.44076 |train kld ravg: 0.44656 |train mae:  1.17107 |train mae ravg:  1.18253 |val kld: 0.85181 |val kldravg: 0.82080 |val mae:  1.85384 |val mae ravg:  1.83559 |
|epoch: 115 | lr: 0.001 |train kld: 0.45461 |train kld ravg: 0.44938 |train mae:  1.18271 |train mae ravg:  1.19249 |val kld: 0.79304 |val kldravg: 0.80506 |val mae:  1.80436 |val mae ravg:  1.80821 |
|epoch: 116 | lr: 0.001 |train kld: 0.44557 |train kld ravg: 0.44525 |train mae:  1.21778 |train mae ravg:  1.18585 |val kld: 0.85167 |val kldravg: 0.82415 |val mae:  1.98161 |val mae ravg:  1.85951 |
|epoch: 117 | lr: 0.001 |train kld: 0.44929 |train kld ravg: 0.44629 |train mae:  1.20602 |train mae ravg:  1.18300 |val kld: 0.91164 |val kldravg: 0.84989 |val mae:  1.99877 |val mae ravg:  1.90517 |
|epoch: 118 | lr: 0.001 |train kld: 0.44250 |train kld ravg: 0.44654 |train mae:  1.16431 |train mae ravg:  1.18838 |val kld: 0.79082 |val kldravg: 0.83980 |val mae:  1.79729 |val mae ravg:  1.88718 |
|epoch: 119 | lr: 0.001 |train kld: 0.43942 |train kld ravg: 0.44628 |train mae:  1.18598 |train mae ravg:  1.19136 |val kld: 0.83394 |val kldravg: 0.83622 |val mae:  1.87591 |val mae ravg:  1.89159 |
|epoch: 120 | lr: 0.001 |train kld: 0.44140 |train kld ravg: 0.44364 |train mae:  1.18999 |train mae ravg:  1.19281 |val kld: 0.78871 |val kldravg: 0.83536 |val mae:  1.88479 |val mae ravg:  1.90768 |
|epoch: 121 | lr: 0.001 |train kld: 0.43910 |train kld ravg: 0.44234 |train mae:  1.17282 |train mae ravg:  1.18382 |val kld: 0.83255 |val kldravg: 0.83153 |val mae:  1.82757 |val mae ravg:  1.87687 |
|epoch: 122 | lr: 0.001 |train kld: 0.41993 |train kld ravg: 0.43647 |train mae:  1.06548 |train mae ravg:  1.15572 |val kld: 0.83256 |val kldravg: 0.81571 |val mae:  1.85244 |val mae ravg:  1.84760 |
|epoch: 123 | lr: 0.001 |train kld: 0.43061 |train kld ravg: 0.43409 |train mae:  1.12460 |train mae ravg:  1.14778 |val kld: 0.80268 |val kldravg: 0.81809 |val mae:  1.84204 |val mae ravg:  1.85655 |
|epoch: 124 | lr: 0.001 |train kld: 0.43513 |train kld ravg: 0.43323 |train mae:  1.16696 |train mae ravg:  1.14397 |val kld: 0.82417 |val kldravg: 0.81613 |val mae:  1.90665 |val mae ravg:  1.86270 |
|epoch: 125 | lr: 0.001 |train kld: 0.43108 |train kld ravg: 0.43117 |train mae:  1.11645 |train mae ravg:  1.12926 |val kld: 0.79129 |val kldravg: 0.81665 |val mae:  1.83343 |val mae ravg:  1.85243 |
|epoch: 126 | lr: 0.001 |train kld: 0.43376 |train kld ravg: 0.43010 |train mae:  1.14524 |train mae ravg:  1.12375 |val kld: 0.91644 |val kldravg: 0.83343 |val mae:  2.04404 |val mae ravg:  1.89572 |
|epoch: 127 | lr: 0.001 |train kld: 0.41876 |train kld ravg: 0.42987 |train mae:  1.12154 |train mae ravg:  1.13496 |val kld: 0.83753 |val kldravg: 0.83442 |val mae:  1.88807 |val mae ravg:  1.90285 |
|epoch: 128 | lr: 0.001 |train kld: 0.42329 |train kld ravg: 0.42840 |train mae:  1.12412 |train mae ravg:  1.13486 |val kld: 0.83307 |val kldravg: 0.84050 |val mae:  1.89455 |val mae ravg:  1.91335 |
|epoch: 129 | lr: 0.001 |train kld: 0.41963 |train kld ravg: 0.42530 |train mae:  1.15952 |train mae ravg:  1.13337 |val kld: 0.80386 |val kldravg: 0.83644 |val mae:  1.93518 |val mae ravg:  1.91906 |
|epoch: 130 | lr: 0.001 |train kld: 0.41916 |train kld ravg: 0.42292 |train mae:  1.18013 |train mae ravg:  1.14611 |val kld: 0.77359 |val kldravg: 0.83290 |val mae:  1.80516 |val mae ravg:  1.91340 |
|epoch: 131 | lr: 0.001 |train kld: 0.41111 |train kld ravg: 0.41839 |train mae:  1.12151 |train mae ravg:  1.14136 |val kld: 0.83986 |val kldravg: 0.81758 |val mae:  1.85409 |val mae ravg:  1.87541 |
|epoch: 132 | lr: 0.001 |train kld: 0.42087 |train kld ravg: 0.41881 |train mae:  1.16504 |train mae ravg:  1.15006 |val kld: 0.79439 |val kldravg: 0.80896 |val mae:  1.80925 |val mae ravg:  1.85965 |
|epoch: 133 | lr: 0.001 |train kld: 0.41578 |train kld ravg: 0.41731 |train mae:  1.13010 |train mae ravg:  1.15126 |val kld: 0.82478 |val kldravg: 0.80730 |val mae:  1.84576 |val mae ravg:  1.84989 |
|epoch: 134 | lr: 0.001 |train kld: 0.40881 |train kld ravg: 0.41515 |train mae:  1.13704 |train mae ravg:  1.14676 |val kld: 0.79600 |val kldravg: 0.80573 |val mae:  1.81697 |val mae ravg:  1.82625 |
|epoch: 135 | lr: 0.001 |train kld: 0.42172 |train kld ravg: 0.41566 |train mae:  1.15313 |train mae ravg:  1.14136 |val kld: 0.85678 |val kldravg: 0.82236 |val mae:  1.93285 |val mae ravg:  1.85178 |
|epoch: 136 | lr: 0.001 |train kld: 0.40786 |train kld ravg: 0.41501 |train mae:  1.12732 |train mae ravg:  1.14253 |val kld: 0.81061 |val kldravg: 0.81651 |val mae:  1.85724 |val mae ravg:  1.85241 |
|epoch: 137 | lr: 0.001 |train kld: 0.41516 |train kld ravg: 0.41387 |train mae:  1.15227 |train mae ravg:  1.13997 |val kld: 0.79281 |val kldravg: 0.81620 |val mae:  1.89565 |val mae ravg:  1.86969 |
|epoch: 138 | lr: 0.001 |train kld: 0.42053 |train kld ravg: 0.41482 |train mae:  1.16595 |train mae ravg:  1.14714 |val kld: 0.84256 |val kldravg: 0.81975 |val mae:  1.91616 |val mae ravg:  1.88377 |
|epoch: 139 | lr: 0.001 |train kld: 0.41386 |train kld ravg: 0.41583 |train mae:  1.14404 |train mae ravg:  1.14854 |val kld: 0.78157 |val kldravg: 0.81687 |val mae:  1.84849 |val mae ravg:  1.89008 |
|epoch: 140 | lr: 0.001 |train kld: 0.43045 |train kld ravg: 0.41757 |train mae:  1.18689 |train mae ravg:  1.15529 |val kld: 0.86290 |val kldravg: 0.81809 |val mae:  1.90022 |val mae ravg:  1.88355 |
|epoch: 141 | lr: 0.001 |train kld: 0.41240 |train kld ravg: 0.41848 |train mae:  1.15318 |train mae ravg:  1.16047 |val kld: 0.75845 |val kldravg: 0.80766 |val mae:  1.81409 |val mae ravg:  1.87492 |
|epoch: 142 | lr: 0.001 |train kld: 0.40548 |train kld ravg: 0.41654 |train mae:  1.10220 |train mae ravg:  1.15045 |val kld: 0.83457 |val kldravg: 0.81601 |val mae:  1.89513 |val mae ravg:  1.87482 |
|epoch: 143 | lr: 0.001 |train kld: 0.41069 |train kld ravg: 0.41457 |train mae:  1.13045 |train mae ravg:  1.14335 |val kld: 0.77451 |val kldravg: 0.80240 |val mae:  1.71841 |val mae ravg:  1.83527 |
|epoch: 144 | lr: 0.001 |train kld: 0.40282 |train kld ravg: 0.41237 |train mae:  1.13574 |train mae ravg:  1.14169 |val kld: 0.76269 |val kldravg: 0.79862 |val mae:  1.79175 |val mae ravg:  1.82392 |
|epoch: 145 | lr: 0.001 |train kld: 0.40762 |train kld ravg: 0.40780 |train mae:  1.12845 |train mae ravg:  1.13001 |val kld: 0.78215 |val kldravg: 0.78247 |val mae:  1.86901 |val mae ravg:  1.81768 |
|epoch: 146 | lr: 0.001 |train kld: 0.41610 |train kld ravg: 0.40854 |train mae:  1.17604 |train mae ravg:  1.13458 |val kld: 0.84431 |val kldravg: 0.79965 |val mae:  1.87982 |val mae ravg:  1.83082 |
|epoch: 147 | lr: 0.001 |train kld: 0.40973 |train kld ravg: 0.40939 |train mae:  1.09313 |train mae ravg:  1.13276 |val kld: 0.80013 |val kldravg: 0.79276 |val mae:  1.86675 |val mae ravg:  1.82515 |
|epoch: 148 | lr: 0.001 |train kld: 0.40710 |train kld ravg: 0.40867 |train mae:  1.04398 |train mae ravg:  1.11547 |val kld: 0.78941 |val kldravg: 0.79574 |val mae:  1.90071 |val mae ravg:  1.86161 |
|epoch: 149 | lr: 0.001 |train kld: 0.42253 |train kld ravg: 0.41262 |train mae:  1.11662 |train mae ravg:  1.11164 |val kld: 0.82928 |val kldravg: 0.80906 |val mae:  1.86417 |val mae ravg:  1.87609 |
|epoch: 150 | lr: 0.000 |train kld: 0.41003 |train kld ravg: 0.41310 |train mae:  1.12906 |train mae ravg:  1.11177 |val kld: 0.79227 |val kldravg: 0.81108 |val mae:  1.79300 |val mae ravg:  1.86089 |
|epoch: 151 | lr: 0.000 |train kld: 0.40858 |train kld ravg: 0.41159 |train mae:  1.15658 |train mae ravg:  1.10787 |val kld: 0.78161 |val kldravg: 0.79854 |val mae:  1.75476 |val mae ravg:  1.83588 |
|epoch: 152 | lr: 0.000 |train kld: 0.39741 |train kld ravg: 0.40913 |train mae:  1.04820 |train mae ravg:  1.09889 |val kld: 0.82137 |val kldravg: 0.80279 |val mae:  1.82626 |val mae ravg:  1.82778 |
|epoch: 153 | lr: 0.000 |train kld: 0.40858 |train kld ravg: 0.40943 |train mae:  1.13268 |train mae ravg:  1.11663 |val kld: 0.82431 |val kldravg: 0.80977 |val mae:  1.87046 |val mae ravg:  1.82173 |
|epoch: 154 | lr: 0.000 |train kld: 0.38814 |train kld ravg: 0.40255 |train mae:  1.06913 |train mae ravg:  1.10713 |val kld: 0.82269 |val kldravg: 0.80845 |val mae:  1.82957 |val mae ravg:  1.81481 |
|epoch: 155 | lr: 0.000 |train kld: 0.40304 |train kld ravg: 0.40115 |train mae:  1.14156 |train mae ravg:  1.10963 |val kld: 0.75403 |val kldravg: 0.80080 |val mae:  1.73439 |val mae ravg:  1.80309 |
|epoch: 156 | lr: 0.000 |train kld: 0.40917 |train kld ravg: 0.40127 |train mae:  1.13945 |train mae ravg:  1.10620 |val kld: 0.83257 |val kldravg: 0.81099 |val mae:  1.87672 |val mae ravg:  1.82748 |
|epoch: 157 | lr: 0.000 |train kld: 0.39341 |train kld ravg: 0.40047 |train mae:  1.06260 |train mae ravg:  1.10908 |val kld: 0.83110 |val kldravg: 0.81294 |val mae:  1.95867 |val mae ravg:  1.85396 |
|epoch: 158 | lr: 0.000 |train kld: 0.39219 |train kld ravg: 0.39719 |train mae:  1.06752 |train mae ravg:  1.09605 |val kld: 0.83110 |val kldravg: 0.81430 |val mae:  1.86131 |val mae ravg:  1.85213 |
|epoch: 159 | lr: 0.000 |train kld: 0.39765 |train kld ravg: 0.39909 |train mae:  1.10590 |train mae ravg:  1.10341 |val kld: 0.79960 |val kldravg: 0.80968 |val mae:  1.87247 |val mae ravg:  1.86071 |
|epoch: 160 | lr: 0.000 |train kld: 0.39451 |train kld ravg: 0.39739 |train mae:  1.04448 |train mae ravg:  1.08399 |val kld: 0.78554 |val kldravg: 0.81598 |val mae:  1.92810 |val mae ravg:  1.89945 |
|epoch: 161 | lr: 0.000 |train kld: 0.39470 |train kld ravg: 0.39449 |train mae:  1.05665 |train mae ravg:  1.06743 |val kld: 0.75139 |val kldravg: 0.79975 |val mae:  1.75681 |val mae ravg:  1.87547 |
|epoch: 162 | lr: 0.000 |train kld: 0.39037 |train kld ravg: 0.39389 |train mae:  1.05388 |train mae ravg:  1.06569 |val kld: 0.79443 |val kldravg: 0.79241 |val mae:  1.86363 |val mae ravg:  1.85646 |
|epoch: 163 | lr: 0.000 |train kld: 0.39104 |train kld ravg: 0.39366 |train mae:  1.04364 |train mae ravg:  1.06091 |val kld: 0.79282 |val kldravg: 0.78476 |val mae:  1.84974 |val mae ravg:  1.85415 |
|epoch: 164 | lr: 0.000 |train kld: 0.41056 |train kld ravg: 0.39624 |train mae:  1.11587 |train mae ravg:  1.06290 |val kld: 0.84877 |val kldravg: 0.79459 |val mae:  1.91514 |val mae ravg:  1.86268 |
|epoch: 165 | lr: 0.000 |train kld: 0.39225 |train kld ravg: 0.39578 |train mae:  1.11396 |train mae ravg:  1.07680 |val kld: 0.88518 |val kldravg: 0.81452 |val mae:  2.01528 |val mae ravg:  1.88012 |
|epoch: 166 | lr: 0.000 |train kld: 0.39400 |train kld ravg: 0.39564 |train mae:  1.05797 |train mae ravg:  1.07706 |val kld: 0.80287 |val kldravg: 0.82481 |val mae:  1.79276 |val mae ravg:  1.88731 |
|epoch: 167 | lr: 0.000 |train kld: 0.41499 |train kld ravg: 0.40057 |train mae:  1.13231 |train mae ravg:  1.09275 |val kld: 0.75077 |val kldravg: 0.81608 |val mae:  1.73473 |val mae ravg:  1.86153 |
|epoch: 168 | lr: 0.000 |train kld: 0.40185 |train kld ravg: 0.40273 |train mae:  1.04706 |train mae ravg:  1.09343 |val kld: 0.82969 |val kldravg: 0.82345 |val mae:  1.87457 |val mae ravg:  1.86649 |
|epoch: 169 | lr: 0.000 |train kld: 0.38950 |train kld ravg: 0.39852 |train mae:  1.10118 |train mae ravg:  1.09050 |val kld: 0.79189 |val kldravg: 0.81208 |val mae:  1.82865 |val mae ravg:  1.84920 |
|epoch: 170 | lr: 0.000 |train kld: 0.39013 |train kld ravg: 0.39809 |train mae:  1.08075 |train mae ravg:  1.08385 |val kld: 0.85879 |val kldravg: 0.80680 |val mae:  1.97200 |val mae ravg:  1.84054 |
|epoch: 171 | lr: 0.000 |train kld: 0.39010 |train kld ravg: 0.39731 |train mae:  1.00653 |train mae ravg:  1.07357 |val kld: 0.92210 |val kldravg: 0.83065 |val mae:  2.05199 |val mae ravg:  1.89239 |
|epoch: 172 | lr: 0.000 |train kld: 0.39613 |train kld ravg: 0.39354 |train mae:  1.10415 |train mae ravg:  1.06793 |val kld: 0.85452 |val kldravg: 0.85140 |val mae:  1.93988 |val mae ravg:  1.93342 |
|epoch: 173 | lr: 0.000 |train kld: 0.40625 |train kld ravg: 0.39442 |train mae:  1.09152 |train mae ravg:  1.07683 |val kld: 0.90800 |val kldravg: 0.86706 |val mae:  2.06920 |val mae ravg:  1.97234 |
|epoch: 174 | lr: 0.000 |train kld: 0.38785 |train kld ravg: 0.39409 |train mae:  1.07001 |train mae ravg:  1.07059 |val kld: 0.77723 |val kldravg: 0.86413 |val mae:  1.78760 |val mae ravg:  1.96413 |
|epoch: 175 | lr: 0.000 |train kld: 0.39713 |train kld ravg: 0.39549 |train mae:  1.08902 |train mae ravg:  1.07225 |val kld: 0.79464 |val kldravg: 0.85130 |val mae:  1.82130 |val mae ravg:  1.93399 |
|epoch: 176 | lr: 0.000 |train kld: 0.39678 |train kld ravg: 0.39683 |train mae:  1.07983 |train mae ravg:  1.08691 |val kld: 0.76058 |val kldravg: 0.81900 |val mae:  1.76875 |val mae ravg:  1.87735 |
|epoch: 177 | lr: 0.000 |train kld: 0.39210 |train kld ravg: 0.39602 |train mae:  1.10667 |train mae ravg:  1.08741 |val kld: 0.75635 |val kldravg: 0.79936 |val mae:  1.71847 |val mae ravg:  1.83306 |
|epoch: 178 | lr: 0.000 |train kld: 0.41260 |train kld ravg: 0.39729 |train mae:  1.19450 |train mae ravg:  1.10801 |val kld: 0.79279 |val kldravg: 0.77632 |val mae:  1.77849 |val mae ravg:  1.77492 |
|epoch: 179 | lr: 0.000 |train kld: 0.39786 |train kld ravg: 0.39929 |train mae:  1.12787 |train mae ravg:  1.11958 |val kld: 0.83700 |val kldravg: 0.78828 |val mae:  1.90430 |val mae ravg:  1.79826 |
|epoch: 180 | lr: 0.000 |train kld: 0.39933 |train kld ravg: 0.39973 |train mae:  1.08677 |train mae ravg:  1.11913 |val kld: 0.83048 |val kldravg: 0.79544 |val mae:  1.92253 |val mae ravg:  1.81851 |
|epoch: 181 | lr: 0.000 |train kld: 0.38600 |train kld ravg: 0.39758 |train mae:  1.05971 |train mae ravg:  1.11510 |val kld: 0.82024 |val kldravg: 0.80738 |val mae:  1.85535 |val mae ravg:  1.83583 |
|epoch: 182 | lr: 0.000 |train kld: 0.39315 |train kld ravg: 0.39779 |train mae:  1.02047 |train mae ravg:  1.09786 |val kld: 0.77990 |val kldravg: 0.81209 |val mae:  1.84607 |val mae ravg:  1.86135 |
|epoch: 183 | lr: 0.000 |train kld: 0.40000 |train kld ravg: 0.39527 |train mae:  1.07085 |train mae ravg:  1.07313 |val kld: 0.75864 |val kldravg: 0.80525 |val mae:  1.82269 |val mae ravg:  1.87019 |
|epoch: 184 | lr: 0.000 |train kld: 0.37470 |train kld ravg: 0.39064 |train mae:  1.00615 |train mae ravg:  1.04879 |val kld: 0.78612 |val kldravg: 0.79508 |val mae:  1.80606 |val mae ravg:  1.85054 |
|epoch: 185 | lr: 0.000 |train kld: 0.39736 |train kld ravg: 0.39024 |train mae:  1.11986 |train mae ravg:  1.05541 |val kld: 0.85754 |val kldravg: 0.80049 |val mae:  1.93166 |val mae ravg:  1.85237 |
|epoch: 186 | lr: 0.000 |train kld: 0.38790 |train kld ravg: 0.39062 |train mae:  1.10146 |train mae ravg:  1.06376 |val kld: 0.81874 |val kldravg: 0.80019 |val mae:  1.84512 |val mae ravg:  1.85032 |
|epoch: 187 | lr: 0.000 |train kld: 0.38872 |train kld ravg: 0.38974 |train mae:  1.10290 |train mae ravg:  1.08024 |val kld: 0.78830 |val kldravg: 0.80187 |val mae:  1.77750 |val mae ravg:  1.83661 |
|epoch: 188 | lr: 0.000 |train kld: 0.39481 |train kld ravg: 0.38870 |train mae:  1.07734 |train mae ravg:  1.08154 |val kld: 0.82326 |val kldravg: 0.81479 |val mae:  1.85315 |val mae ravg:  1.84270 |
|epoch: 189 | lr: 0.000 |train kld: 0.39165 |train kld ravg: 0.39209 |train mae:  1.09566 |train mae ravg:  1.09944 |val kld: 0.79331 |val kldravg: 0.81623 |val mae:  1.81358 |val mae ravg:  1.84420 |
|epoch: 190 | lr: 0.000 |train kld: 0.39159 |train kld ravg: 0.39094 |train mae:  1.10581 |train mae ravg:  1.09664 |val kld: 0.77691 |val kldravg: 0.80010 |val mae:  1.79130 |val mae ravg:  1.81613 |
|epoch: 191 | lr: 0.000 |train kld: 0.39115 |train kld ravg: 0.39159 |train mae:  1.10126 |train mae ravg:  1.09660 |val kld: 0.80321 |val kldravg: 0.79699 |val mae:  1.84491 |val mae ravg:  1.81609 |
|epoch: 192 | lr: 0.000 |train kld: 0.38931 |train kld ravg: 0.39170 |train mae:  1.04360 |train mae ravg:  1.08473 |val kld: 0.80208 |val kldravg: 0.79975 |val mae:  1.78777 |val mae ravg:  1.81814 |
|epoch: 193 | lr: 0.000 |train kld: 0.38676 |train kld ravg: 0.39009 |train mae:  1.05545 |train mae ravg:  1.08036 |val kld: 0.79351 |val kldravg: 0.79380 |val mae:  1.82324 |val mae ravg:  1.81216 |
|epoch: 194 | lr: 0.000 |train kld: 0.39459 |train kld ravg: 0.39068 |train mae:  1.09052 |train mae ravg:  1.07933 |val kld: 0.86083 |val kldravg: 0.80731 |val mae:  1.95262 |val mae ravg:  1.83997 |
