------------------------------------------------
Job ID: 42126515
Run on host: compg010.hpc.in.bmrc.ox.ac.uk
Operating system: Linux
Username: lhw539
Started at: Sat Mar 27 21:58:04 GMT 2021
------------------------------------------------
Test (in contrast to train):  False
Loading share 1.00 train data.
Loading share 1.00   val data.
Load model for age - run: 0
Output dimension is changed. Reshape final layer.
Number of GPUs:  2
Epoch decay:  20
Gamma decay:  0.1

Full model is being trained with weights loaded from pre-trained model.
Start:  2021-03-27 21:58:11.783826
----------------------------------------------------------------------------------------------------------------------------------------------------------------
|epoch:   0 | lr: 0.100 |train ent: 0.93855 |train ent ravg: 0.93855 |train acc:  0.56818 |train acc ravg:  0.56818 |val ent: 0.72418 |val entravg: 0.72418 |val acc:  0.54545 |val acc ravg:  0.54545 |
|epoch:   1 | lr: 0.100 |train ent: 0.82275 |train ent ravg: 0.88065 |train acc:  0.56534 |train acc ravg:  0.56676 |val ent: 0.78826 |val entravg: 0.75622 |val acc:  0.52273 |val acc ravg:  0.53409 |
|epoch:   2 | lr: 0.100 |train ent: 0.80767 |train ent ravg: 0.85632 |train acc:  0.57386 |train acc ravg:  0.56913 |val ent: 1.43531 |val entravg: 0.98258 |val acc:  0.45455 |val acc ravg:  0.50758 |
|epoch:   3 | lr: 0.100 |train ent: 0.88909 |train ent ravg: 0.86451 |train acc:  0.56818 |train acc ravg:  0.56889 |val ent: 1.71532 |val entravg: 1.16577 |val acc:  0.45455 |val acc ravg:  0.49432 |
|epoch:   4 | lr: 0.100 |train ent: 1.00506 |train ent ravg: 0.89262 |train acc:  0.52557 |train acc ravg:  0.56023 |val ent: 0.93248 |val entravg: 1.11911 |val acc:  0.44318 |val acc ravg:  0.48409 |
|epoch:   5 | lr: 0.100 |train ent: 0.86281 |train ent ravg: 0.87748 |train acc:  0.57670 |train acc ravg:  0.56193 |val ent: 1.00030 |val entravg: 1.17433 |val acc:  0.46591 |val acc ravg:  0.46818 |
|epoch:   6 | lr: 0.100 |train ent: 0.86169 |train ent ravg: 0.88526 |train acc:  0.58239 |train acc ravg:  0.56534 |val ent: 1.12580 |val entravg: 1.24184 |val acc:  0.44318 |val acc ravg:  0.45227 |
|epoch:   7 | lr: 0.100 |train ent: 0.85645 |train ent ravg: 0.89502 |train acc:  0.57102 |train acc ravg:  0.56477 |val ent: 1.00858 |val entravg: 1.15650 |val acc:  0.43182 |val acc ravg:  0.44773 |
|epoch:   8 | lr: 0.100 |train ent: 0.90055 |train ent ravg: 0.89731 |train acc:  0.55682 |train acc ravg:  0.56250 |val ent: 1.69940 |val entravg: 1.15331 |val acc:  0.43182 |val acc ravg:  0.44318 |
|epoch:   9 | lr: 0.100 |train ent: 1.01455 |train ent ravg: 0.89921 |train acc:  0.56250 |train acc ravg:  0.56989 |val ent: 0.76191 |val entravg: 1.11920 |val acc:  0.44318 |val acc ravg:  0.44318 |
|epoch:  10 | lr: 0.100 |train ent: 0.99542 |train ent ravg: 0.92573 |train acc:  0.56250 |train acc ravg:  0.56705 |val ent: 1.27896 |val entravg: 1.17493 |val acc:  0.46591 |val acc ravg:  0.44318 |
|epoch:  11 | lr: 0.100 |train ent: 0.87723 |train ent ravg: 0.92884 |train acc:  0.55682 |train acc ravg:  0.56193 |val ent: 0.80474 |val entravg: 1.11072 |val acc:  0.53409 |val acc ravg:  0.46136 |
|epoch:  12 | lr: 0.100 |train ent: 0.94113 |train ent ravg: 0.94578 |train acc:  0.54830 |train acc ravg:  0.55739 |val ent: 0.76919 |val entravg: 1.06284 |val acc:  0.51136 |val acc ravg:  0.47727 |
|epoch:  13 | lr: 0.100 |train ent: 0.79609 |train ent ravg: 0.92489 |train acc:  0.60795 |train acc ravg:  0.56761 |val ent: 1.14643 |val entravg: 0.95225 |val acc:  0.44318 |val acc ravg:  0.47955 |
|epoch:  14 | lr: 0.100 |train ent: 0.94515 |train ent ravg: 0.91101 |train acc:  0.58523 |train acc ravg:  0.57216 |val ent: 1.66879 |val entravg: 1.13362 |val acc:  0.44318 |val acc ravg:  0.47955 |
|epoch:  15 | lr: 0.100 |train ent: 1.00935 |train ent ravg: 0.91379 |train acc:  0.60227 |train acc ravg:  0.58011 |val ent: 1.10496 |val entravg: 1.09882 |val acc:  0.56818 |val acc ravg:  0.50000 |
|epoch:  16 | lr: 0.100 |train ent: 0.98892 |train ent ravg: 0.93613 |train acc:  0.58239 |train acc ravg:  0.58523 |val ent: 1.34839 |val entravg: 1.20755 |val acc:  0.45455 |val acc ravg:  0.48409 |
|epoch:  17 | lr: 0.100 |train ent: 0.91822 |train ent ravg: 0.93155 |train acc:  0.55966 |train acc ravg:  0.58750 |val ent: 0.81005 |val entravg: 1.21572 |val acc:  0.40909 |val acc ravg:  0.46364 |
|epoch:  18 | lr: 0.100 |train ent: 0.94537 |train ent ravg: 0.96140 |train acc:  0.55682 |train acc ravg:  0.57727 |val ent: 0.76324 |val entravg: 1.13909 |val acc:  0.52273 |val acc ravg:  0.47955 |
|epoch:  19 | lr: 0.100 |train ent: 0.87346 |train ent ravg: 0.94706 |train acc:  0.58239 |train acc ravg:  0.57670 |val ent: 0.81705 |val entravg: 0.96874 |val acc:  0.52273 |val acc ravg:  0.49545 |
|epoch:  20 | lr: 0.010 |train ent: 0.75992 |train ent ravg: 0.89718 |train acc:  0.57670 |train acc ravg:  0.57159 |val ent: 0.88056 |val entravg: 0.92386 |val acc:  0.43182 |val acc ravg:  0.46818 |
|epoch:  21 | lr: 0.010 |train ent: 0.66953 |train ent ravg: 0.83330 |train acc:  0.63068 |train acc ravg:  0.58125 |val ent: 0.80164 |val entravg: 0.81451 |val acc:  0.45455 |val acc ravg:  0.46818 |
|epoch:  22 | lr: 0.010 |train ent: 0.70756 |train ent ravg: 0.79117 |train acc:  0.61648 |train acc ravg:  0.59261 |val ent: 0.79853 |val entravg: 0.81221 |val acc:  0.44318 |val acc ravg:  0.47500 |
|epoch:  23 | lr: 0.010 |train ent: 0.68356 |train ent ravg: 0.73881 |train acc:  0.62500 |train acc ravg:  0.60625 |val ent: 0.75244 |val entravg: 0.81005 |val acc:  0.45455 |val acc ravg:  0.46136 |
|epoch:  24 | lr: 0.010 |train ent: 0.68647 |train ent ravg: 0.70141 |train acc:  0.61648 |train acc ravg:  0.61307 |val ent: 0.88856 |val entravg: 0.82435 |val acc:  0.43182 |val acc ravg:  0.44318 |
|epoch:  25 | lr: 0.010 |train ent: 0.69778 |train ent ravg: 0.68898 |train acc:  0.61648 |train acc ravg:  0.62102 |val ent: 0.89712 |val entravg: 0.82766 |val acc:  0.43182 |val acc ravg:  0.44318 |
|epoch:  26 | lr: 0.010 |train ent: 0.68105 |train ent ravg: 0.69129 |train acc:  0.61364 |train acc ravg:  0.61761 |val ent: 0.78886 |val entravg: 0.82510 |val acc:  0.46591 |val acc ravg:  0.44545 |
|epoch:  27 | lr: 0.010 |train ent: 0.67365 |train ent ravg: 0.68450 |train acc:  0.61932 |train acc ravg:  0.61818 |val ent: 0.82718 |val entravg: 0.83083 |val acc:  0.44318 |val acc ravg:  0.44545 |
|epoch:  28 | lr: 0.010 |train ent: 0.66551 |train ent ravg: 0.68089 |train acc:  0.63920 |train acc ravg:  0.62102 |val ent: 0.75609 |val entravg: 0.83156 |val acc:  0.42045 |val acc ravg:  0.43864 |
|epoch:  29 | lr: 0.010 |train ent: 0.66921 |train ent ravg: 0.67744 |train acc:  0.63352 |train acc ravg:  0.62443 |val ent: 0.76544 |val entravg: 0.80694 |val acc:  0.46591 |val acc ravg:  0.44545 |
|epoch:  30 | lr: 0.010 |train ent: 0.64610 |train ent ravg: 0.66710 |train acc:  0.61932 |train acc ravg:  0.62500 |val ent: 0.88235 |val entravg: 0.80398 |val acc:  0.44318 |val acc ravg:  0.44773 |
|epoch:  31 | lr: 0.010 |train ent: 0.65351 |train ent ravg: 0.66159 |train acc:  0.63920 |train acc ravg:  0.63011 |val ent: 0.79875 |val entravg: 0.80596 |val acc:  0.45455 |val acc ravg:  0.44545 |
|epoch:  32 | lr: 0.010 |train ent: 0.64724 |train ent ravg: 0.65631 |train acc:  0.62216 |train acc ravg:  0.63068 |val ent: 0.77607 |val entravg: 0.79574 |val acc:  0.43182 |val acc ravg:  0.44318 |
|epoch:  33 | lr: 0.010 |train ent: 0.65040 |train ent ravg: 0.65329 |train acc:  0.63068 |train acc ravg:  0.62898 |val ent: 0.77414 |val entravg: 0.79935 |val acc:  0.47727 |val acc ravg:  0.45455 |
|epoch:  34 | lr: 0.010 |train ent: 0.64135 |train ent ravg: 0.64772 |train acc:  0.65909 |train acc ravg:  0.63409 |val ent: 0.75275 |val entravg: 0.79681 |val acc:  0.44318 |val acc ravg:  0.45000 |
|epoch:  35 | lr: 0.010 |train ent: 0.66031 |train ent ravg: 0.65056 |train acc:  0.62216 |train acc ravg:  0.63466 |val ent: 0.75831 |val entravg: 0.77200 |val acc:  0.51136 |val acc ravg:  0.46364 |
|epoch:  36 | lr: 0.010 |train ent: 0.63895 |train ent ravg: 0.64765 |train acc:  0.63636 |train acc ravg:  0.63409 |val ent: 0.99300 |val entravg: 0.81085 |val acc:  0.44318 |val acc ravg:  0.46136 |
|epoch:  37 | lr: 0.010 |train ent: 0.70274 |train ent ravg: 0.65875 |train acc:  0.57955 |train acc ravg:  0.62557 |val ent: 0.87623 |val entravg: 0.83089 |val acc:  0.43182 |val acc ravg:  0.46136 |
|epoch:  38 | lr: 0.010 |train ent: 0.66787 |train ent ravg: 0.66225 |train acc:  0.60227 |train acc ravg:  0.61989 |val ent: 0.83211 |val entravg: 0.84248 |val acc:  0.42045 |val acc ravg:  0.45000 |
|epoch:  39 | lr: 0.010 |train ent: 0.65063 |train ent ravg: 0.66410 |train acc:  0.61648 |train acc ravg:  0.61136 |val ent: 0.70993 |val entravg: 0.83392 |val acc:  0.51136 |val acc ravg:  0.46364 |
|epoch:  40 | lr: 0.001 |train ent: 0.66542 |train ent ravg: 0.66512 |train acc:  0.60795 |train acc ravg:  0.60852 |val ent: 0.73354 |val entravg: 0.82896 |val acc:  0.48864 |val acc ravg:  0.45909 |
|epoch:  41 | lr: 0.001 |train ent: 0.64677 |train ent ravg: 0.66668 |train acc:  0.60227 |train acc ravg:  0.60170 |val ent: 0.76224 |val entravg: 0.78281 |val acc:  0.46591 |val acc ravg:  0.46364 |
|epoch:  42 | lr: 0.001 |train ent: 0.64104 |train ent ravg: 0.65434 |train acc:  0.64205 |train acc ravg:  0.61420 |val ent: 0.76561 |val entravg: 0.76069 |val acc:  0.46591 |val acc ravg:  0.47045 |
|epoch:  43 | lr: 0.001 |train ent: 0.65307 |train ent ravg: 0.65138 |train acc:  0.64205 |train acc ravg:  0.62216 |val ent: 0.76587 |val entravg: 0.74744 |val acc:  0.47727 |val acc ravg:  0.48182 |
|epoch:  44 | lr: 0.001 |train ent: 0.63892 |train ent ravg: 0.64904 |train acc:  0.63920 |train acc ravg:  0.62670 |val ent: 0.77145 |val entravg: 0.75974 |val acc:  0.46591 |val acc ravg:  0.47273 |
|epoch:  45 | lr: 0.001 |train ent: 0.63379 |train ent ravg: 0.64272 |train acc:  0.64489 |train acc ravg:  0.63409 |val ent: 0.77821 |val entravg: 0.76867 |val acc:  0.45455 |val acc ravg:  0.46591 |
|epoch:  46 | lr: 0.001 |train ent: 0.65129 |train ent ravg: 0.64362 |train acc:  0.61932 |train acc ravg:  0.63750 |val ent: 0.77351 |val entravg: 0.77093 |val acc:  0.47727 |val acc ravg:  0.46818 |
|epoch:  47 | lr: 0.001 |train ent: 0.64924 |train ent ravg: 0.64526 |train acc:  0.63352 |train acc ravg:  0.63580 |val ent: 0.76326 |val entravg: 0.77046 |val acc:  0.46591 |val acc ravg:  0.46818 |
|epoch:  48 | lr: 0.001 |train ent: 0.63246 |train ent ravg: 0.64114 |train acc:  0.64773 |train acc ravg:  0.63693 |val ent: 0.76030 |val entravg: 0.76934 |val acc:  0.47727 |val acc ravg:  0.46818 |
|epoch:  49 | lr: 0.001 |train ent: 0.63455 |train ent ravg: 0.64027 |train acc:  0.63920 |train acc ravg:  0.63693 |val ent: 0.76454 |val entravg: 0.76796 |val acc:  0.46591 |val acc ravg:  0.46818 |
----------------------------------------------------------------------------------------------------------------------------------------------------------------
Finished:  2021-03-27 22:26:34.206515

Correlation between train loss and evaluation: -0.858

----------------------------------------------------------------------------------------------------------------------------------------------------------------
Save configfile.
Loading share 1.00  test data.
Number of GPUs:  2

Model loaded from None is being tested.
Start:  2021-03-27 22:26:34.280169
----------------------------------------------------------------------------------------------------------------------------------------------------------------
test ent mean: 0.68648 | test ent std: 0.00139 |test acc mean:  0.60294 |test acc std:  0.00255 |
----------------------------------------------------------------------------------------------------------------------------------------------------------------
Finished:  2021-03-27 22:28:40.913467

Correlation between train loss and evaluation: -0.993

----------------------------------------------------------------------------------------------------------------------------------------------------------------
------------------------------------------------
Finished at: Sat Mar 27 22:28:42 GMT 2021
------------------------------------------------
------------------------------------------------
Job ID: 42478377
Run on host: compg013.hpc.in.bmrc.ox.ac.uk
Operating system: Linux
Username: lhw539
Started at: Tue Mar 30 07:57:49 BST 2021
------------------------------------------------
Test (in contrast to train):  False
Loading share 1.00 train data.
The data was balanced for  sex .
Loading share 1.00   val data.
The data was balanced for  sex .
Load model for age - run: 0
Output dimension is changed. Reshape final layer.
Number of GPUs:  2
Epoch decay:  20
Gamma decay:  0.1

Full model is being trained with weights loaded from pre-trained model.
Start:  2021-03-30 07:57:56.615561
----------------------------------------------------------------------------------------------------------------------------------------------------------------
|epoch:   0 | lr: 0.100 |train ent: 0.86220 |train ent ravg: 0.86220 |train acc:  0.50877 |train acc ravg:  0.50877 |val ent: 0.82690 |val entravg: 0.82690 |val acc:  0.47917 |val acc ravg:  0.47917 |
|epoch:   1 | lr: 0.100 |train ent: 0.98084 |train ent ravg: 0.92152 |train acc:  0.47807 |train acc ravg:  0.49342 |val ent: 1.13901 |val entravg: 0.98295 |val acc:  0.53125 |val acc ravg:  0.50521 |
|epoch:   2 | lr: 0.100 |train ent: 0.99992 |train ent ravg: 0.94766 |train acc:  0.49561 |train acc ravg:  0.49415 |val ent: 0.95323 |val entravg: 0.97304 |val acc:  0.46875 |val acc ravg:  0.49306 |
|epoch:   3 | lr: 0.100 |train ent: 0.92496 |train ent ravg: 0.94198 |train acc:  0.54605 |train acc ravg:  0.50713 |val ent: 1.55248 |val entravg: 1.11790 |val acc:  0.48958 |val acc ravg:  0.49219 |
|epoch:   4 | lr: 0.100 |train ent: 1.03590 |train ent ravg: 0.96077 |train acc:  0.55263 |train acc ravg:  0.51623 |val ent: 0.80103 |val entravg: 1.05453 |val acc:  0.53125 |val acc ravg:  0.50000 |
|epoch:   5 | lr: 0.100 |train ent: 0.92465 |train ent ravg: 0.97326 |train acc:  0.51316 |train acc ravg:  0.51711 |val ent: 0.75625 |val entravg: 1.04040 |val acc:  0.53125 |val acc ravg:  0.51042 |
|epoch:   6 | lr: 0.100 |train ent: 0.87534 |train ent ravg: 0.95216 |train acc:  0.53509 |train acc ravg:  0.52851 |val ent: 0.71245 |val entravg: 0.95509 |val acc:  0.43750 |val acc ravg:  0.49167 |
|epoch:   7 | lr: 0.100 |train ent: 0.95471 |train ent ravg: 0.94311 |train acc:  0.52193 |train acc ravg:  0.53377 |val ent: 0.82661 |val entravg: 0.92977 |val acc:  0.54167 |val acc ravg:  0.50625 |
|epoch:   8 | lr: 0.100 |train ent: 0.90406 |train ent ravg: 0.93893 |train acc:  0.56798 |train acc ravg:  0.53816 |val ent: 0.76055 |val entravg: 0.77138 |val acc:  0.47917 |val acc ravg:  0.50417 |
|epoch:   9 | lr: 0.100 |train ent: 0.90085 |train ent ravg: 0.91192 |train acc:  0.51754 |train acc ravg:  0.53114 |val ent: 0.73317 |val entravg: 0.75781 |val acc:  0.55208 |val acc ravg:  0.50833 |
|epoch:  10 | lr: 0.100 |train ent: 0.98584 |train ent ravg: 0.92416 |train acc:  0.53509 |train acc ravg:  0.53553 |val ent: 0.81472 |val entravg: 0.76950 |val acc:  0.41667 |val acc ravg:  0.48542 |
|epoch:  11 | lr: 0.100 |train ent: 0.86996 |train ent ravg: 0.92308 |train acc:  0.55263 |train acc ravg:  0.53904 |val ent: 1.06250 |val entravg: 0.83951 |val acc:  0.50000 |val acc ravg:  0.49792 |
|epoch:  12 | lr: 0.100 |train ent: 1.01194 |train ent ravg: 0.93453 |train acc:  0.50219 |train acc ravg:  0.53509 |val ent: 0.73940 |val entravg: 0.82207 |val acc:  0.46875 |val acc ravg:  0.48333 |
|epoch:  13 | lr: 0.100 |train ent: 0.88060 |train ent ravg: 0.92984 |train acc:  0.55263 |train acc ravg:  0.53202 |val ent: 0.79562 |val entravg: 0.82908 |val acc:  0.48958 |val acc ravg:  0.48542 |
|epoch:  14 | lr: 0.100 |train ent: 0.94534 |train ent ravg: 0.93874 |train acc:  0.51316 |train acc ravg:  0.53114 |val ent: 0.83923 |val entravg: 0.85029 |val acc:  0.50000 |val acc ravg:  0.47500 |
|epoch:  15 | lr: 0.100 |train ent: 0.98685 |train ent ravg: 0.93894 |train acc:  0.51316 |train acc ravg:  0.52675 |val ent: 0.75646 |val entravg: 0.83864 |val acc:  0.55208 |val acc ravg:  0.50208 |
|epoch:  16 | lr: 0.100 |train ent: 1.24305 |train ent ravg: 1.01356 |train acc:  0.47588 |train acc ravg:  0.51140 |val ent: 0.92875 |val entravg: 0.81189 |val acc:  0.47917 |val acc ravg:  0.49792 |
|epoch:  17 | lr: 0.100 |train ent: 0.95751 |train ent ravg: 1.00267 |train acc:  0.52412 |train acc ravg:  0.51579 |val ent: 1.20382 |val entravg: 0.90477 |val acc:  0.50000 |val acc ravg:  0.50417 |
|epoch:  18 | lr: 0.100 |train ent: 1.03925 |train ent ravg: 1.03440 |train acc:  0.47588 |train acc ravg:  0.50044 |val ent: 0.85295 |val entravg: 0.91624 |val acc:  0.53125 |val acc ravg:  0.51250 |
|epoch:  19 | lr: 0.100 |train ent: 0.94300 |train ent ravg: 1.03393 |train acc:  0.51974 |train acc ravg:  0.50175 |val ent: 0.73985 |val entravg: 0.89637 |val acc:  0.51042 |val acc ravg:  0.51458 |
|epoch:  20 | lr: 0.010 |train ent: 0.80469 |train ent ravg: 0.99750 |train acc:  0.51096 |train acc ravg:  0.50132 |val ent: 0.69884 |val entravg: 0.88484 |val acc:  0.55208 |val acc ravg:  0.51458 |
|epoch:  21 | lr: 0.010 |train ent: 0.75820 |train ent ravg: 0.90053 |train acc:  0.54167 |train acc ravg:  0.51447 |val ent: 0.69093 |val entravg: 0.83728 |val acc:  0.53125 |val acc ravg:  0.52500 |
|epoch:  22 | lr: 0.010 |train ent: 0.74511 |train ent ravg: 0.85805 |train acc:  0.55921 |train acc ravg:  0.52149 |val ent: 0.68613 |val entravg: 0.73374 |val acc:  0.56250 |val acc ravg:  0.53750 |
|epoch:  23 | lr: 0.010 |train ent: 0.73207 |train ent ravg: 0.79661 |train acc:  0.55263 |train acc ravg:  0.53684 |val ent: 0.69581 |val entravg: 0.70231 |val acc:  0.52083 |val acc ravg:  0.53542 |
|epoch:  24 | lr: 0.010 |train ent: 0.72582 |train ent ravg: 0.75318 |train acc:  0.52193 |train acc ravg:  0.53728 |val ent: 0.70248 |val entravg: 0.69484 |val acc:  0.52083 |val acc ravg:  0.53750 |
|epoch:  25 | lr: 0.010 |train ent: 0.69382 |train ent ravg: 0.73100 |train acc:  0.54825 |train acc ravg:  0.54474 |val ent: 0.70059 |val entravg: 0.69519 |val acc:  0.54167 |val acc ravg:  0.53542 |
|epoch:  26 | lr: 0.010 |train ent: 0.71828 |train ent ravg: 0.72302 |train acc:  0.54386 |train acc ravg:  0.54518 |val ent: 0.69645 |val entravg: 0.69629 |val acc:  0.57292 |val acc ravg:  0.54375 |
|epoch:  27 | lr: 0.010 |train ent: 0.69140 |train ent ravg: 0.71228 |train acc:  0.55044 |train acc ravg:  0.54342 |val ent: 0.72881 |val entravg: 0.70483 |val acc:  0.58333 |val acc ravg:  0.54792 |
|epoch:  28 | lr: 0.010 |train ent: 0.69981 |train ent ravg: 0.70583 |train acc:  0.56140 |train acc ravg:  0.54518 |val ent: 0.70292 |val entravg: 0.70625 |val acc:  0.48958 |val acc ravg:  0.54167 |
|epoch:  29 | lr: 0.010 |train ent: 0.71664 |train ent ravg: 0.70399 |train acc:  0.53947 |train acc ravg:  0.54868 |val ent: 0.72220 |val entravg: 0.71019 |val acc:  0.54167 |val acc ravg:  0.54583 |
|epoch:  30 | lr: 0.010 |train ent: 0.70185 |train ent ravg: 0.70560 |train acc:  0.55044 |train acc ravg:  0.54912 |val ent: 0.69505 |val entravg: 0.70909 |val acc:  0.52083 |val acc ravg:  0.54167 |
|epoch:  31 | lr: 0.010 |train ent: 0.70467 |train ent ravg: 0.70287 |train acc:  0.54386 |train acc ravg:  0.54912 |val ent: 0.73453 |val entravg: 0.71670 |val acc:  0.53125 |val acc ravg:  0.53333 |
|epoch:  32 | lr: 0.010 |train ent: 0.70967 |train ent ravg: 0.70653 |train acc:  0.53947 |train acc ravg:  0.54693 |val ent: 0.70569 |val entravg: 0.71208 |val acc:  0.51042 |val acc ravg:  0.51875 |
|epoch:  33 | lr: 0.010 |train ent: 0.68680 |train ent ravg: 0.70393 |train acc:  0.56798 |train acc ravg:  0.54825 |val ent: 0.69518 |val entravg: 0.71053 |val acc:  0.53125 |val acc ravg:  0.52708 |
|epoch:  34 | lr: 0.010 |train ent: 0.69757 |train ent ravg: 0.70011 |train acc:  0.56360 |train acc ravg:  0.55307 |val ent: 0.68734 |val entravg: 0.70355 |val acc:  0.55208 |val acc ravg:  0.52917 |
|epoch:  35 | lr: 0.010 |train ent: 0.69852 |train ent ravg: 0.69945 |train acc:  0.54167 |train acc ravg:  0.55132 |val ent: 0.72531 |val entravg: 0.70961 |val acc:  0.47917 |val acc ravg:  0.52083 |
|epoch:  36 | lr: 0.010 |train ent: 0.68278 |train ent ravg: 0.69507 |train acc:  0.58333 |train acc ravg:  0.55921 |val ent: 0.69088 |val entravg: 0.70088 |val acc:  0.53125 |val acc ravg:  0.52083 |
|epoch:  37 | lr: 0.010 |train ent: 0.69908 |train ent ravg: 0.69295 |train acc:  0.50658 |train acc ravg:  0.55263 |val ent: 0.70192 |val entravg: 0.70012 |val acc:  0.52083 |val acc ravg:  0.52292 |
|epoch:  38 | lr: 0.010 |train ent: 0.69131 |train ent ravg: 0.69385 |train acc:  0.57237 |train acc ravg:  0.55351 |val ent: 0.69359 |val entravg: 0.69981 |val acc:  0.55208 |val acc ravg:  0.52708 |
|epoch:  39 | lr: 0.010 |train ent: 0.69175 |train ent ravg: 0.69269 |train acc:  0.55044 |train acc ravg:  0.55088 |val ent: 0.69614 |val entravg: 0.70157 |val acc:  0.56250 |val acc ravg:  0.52917 |
|epoch:  40 | lr: 0.001 |train ent: 0.68731 |train ent ravg: 0.69045 |train acc:  0.55702 |train acc ravg:  0.55395 |val ent: 0.69455 |val entravg: 0.69541 |val acc:  0.56250 |val acc ravg:  0.54583 |
|epoch:  41 | lr: 0.001 |train ent: 0.67928 |train ent ravg: 0.68974 |train acc:  0.60088 |train acc ravg:  0.55746 |val ent: 0.68590 |val entravg: 0.69442 |val acc:  0.58333 |val acc ravg:  0.55625 |
|epoch:  42 | lr: 0.001 |train ent: 0.68423 |train ent ravg: 0.68677 |train acc:  0.57237 |train acc ravg:  0.57061 |val ent: 0.69088 |val entravg: 0.69221 |val acc:  0.58333 |val acc ravg:  0.56875 |
|epoch:  43 | lr: 0.001 |train ent: 0.67926 |train ent ravg: 0.68437 |train acc:  0.57456 |train acc ravg:  0.57105 |val ent: 0.70305 |val entravg: 0.69410 |val acc:  0.54167 |val acc ravg:  0.56667 |
|epoch:  44 | lr: 0.001 |train ent: 0.67545 |train ent ravg: 0.68111 |train acc:  0.59649 |train acc ravg:  0.58026 |val ent: 0.69051 |val entravg: 0.69298 |val acc:  0.56250 |val acc ravg:  0.56667 |
|epoch:  45 | lr: 0.001 |train ent: 0.68095 |train ent ravg: 0.67983 |train acc:  0.58114 |train acc ravg:  0.58509 |val ent: 0.68855 |val entravg: 0.69178 |val acc:  0.56250 |val acc ravg:  0.56667 |
|epoch:  46 | lr: 0.001 |train ent: 0.68604 |train ent ravg: 0.68119 |train acc:  0.57456 |train acc ravg:  0.57982 |val ent: 0.69955 |val entravg: 0.69451 |val acc:  0.55208 |val acc ravg:  0.56042 |
|epoch:  47 | lr: 0.001 |train ent: 0.67651 |train ent ravg: 0.67964 |train acc:  0.55702 |train acc ravg:  0.57675 |val ent: 0.69585 |val entravg: 0.69550 |val acc:  0.55208 |val acc ravg:  0.55417 |
|epoch:  48 | lr: 0.001 |train ent: 0.68137 |train ent ravg: 0.68007 |train acc:  0.57675 |train acc ravg:  0.57719 |val ent: 0.69422 |val entravg: 0.69374 |val acc:  0.56250 |val acc ravg:  0.55833 |
|epoch:  49 | lr: 0.001 |train ent: 0.68410 |train ent ravg: 0.68179 |train acc:  0.55044 |train acc ravg:  0.56798 |val ent: 0.69316 |val entravg: 0.69427 |val acc:  0.56250 |val acc ravg:  0.55833 |
----------------------------------------------------------------------------------------------------------------------------------------------------------------
Finished:  2021-03-30 08:33:30.096921

Correlation between train loss and evaluation: -0.728

----------------------------------------------------------------------------------------------------------------------------------------------------------------
Save configfile.
Loading share 1.00  test data.
The data was balanced for  sex .
Number of GPUs:  2

Model loaded from None is being tested.
Start:  2021-03-30 08:33:30.174707
----------------------------------------------------------------------------------------------------------------------------------------------------------------
test ent mean: 0.70685 | test ent std: 0.00036 |test acc mean:  0.51699 |test acc std:  0.00000 |
----------------------------------------------------------------------------------------------------------------------------------------------------------------
Finished:  2021-03-30 08:36:07.183792

----------------------------------------------------------------------------------------------------------------------------------------------------------------
------------------------------------------------
Finished at: Tue Mar 30 08:36:08 BST 2021
------------------------------------------------
