------------------------------------------------
Job ID: 
Run on host: win000.hpc.in.bmrc.ox.ac.uk
Operating system: Linux
Username: lhw539
Started at: Fri Mar 19 16:55:22 GMT 2021
------------------------------------------------
Test (in contrast to train):  False
Loading share 1.00 train data.
Loading share 1.00   val data.
Apply incremental PCA on data.
355
Transform data matrix of shape:  torch.Size([355, 4915200])
91
Transform data matrix of shape:  torch.Size([91, 4915200])
Accuracy of regression:  0.5714286
------------------------------------------------
Finished at: Fri Mar 19 17:07:01 GMT 2021
------------------------------------------------
------------------------------------------------
Job ID: 
Run on host: win000.hpc.in.bmrc.ox.ac.uk
Operating system: Linux
Username: lhw539
Started at: Sat Mar 20 13:11:57 GMT 2021
------------------------------------------------
------------------------------------------------
Finished at: Sat Mar 20 13:11:57 GMT 2021
------------------------------------------------
------------------------------------------------
Job ID: 
Run on host: win000.hpc.in.bmrc.ox.ac.uk
Operating system: Linux
Username: lhw539
Started at: Sat Mar 20 13:54:52 GMT 2021
------------------------------------------------
Test (in contrast to train):  False
Loading share 1.00 train data.
Loading share 1.00   val data.
Apply incremental PCA on data.
355
Transform data matrix of shape:  torch.Size([355, 4915200])
91
Transform data matrix of shape:  torch.Size([91, 4915200])
Accuracy of regression:  0.5714286
Save configfile.
Loading share 1.00  test data.
500
Transform data matrix of shape:  torch.Size([500, 4915200])
Accuracy of regression:  0.656
------------------------------------------------
Finished at: Sat Mar 20 14:09:18 GMT 2021
------------------------------------------------
------------------------------------------------
Job ID: 
Run on host: win000.hpc.in.bmrc.ox.ac.uk
Operating system: Linux
Username: lhw539
Started at: Mon Mar 22 12:15:34 GMT 2021
------------------------------------------------
Test (in contrast to train):  False
Loading share 1.00 train data.
Loading share 1.00   val data.
Apply incremental PCA on data.
