------------------------------------------------
Job ID: 37534365
Run on host: compg010.hpc.in.bmrc.ox.ac.uk
Operating system: Linux
Username: lhw539
Started at: Sat Feb 20 17:30:53 GMT 2021
------------------------------------------------
Loading share 1.00 train data.
Loading OASIS   val data.
Load model for sex - run: 2
Number of GPUs:  2

Full model is being tested with weights loaded from pre-trained model.
Start:  2021-02-20 17:30:58.260521
----------------------------------------------------------------------------------------------------------------------------------------------------------------
test ent mean: 0.42789 | test ent std: 0.00427 |test acc mean:  0.81333 |test acc std:  0.00497 |
----------------------------------------------------------------------------------------------------------------------------------------------------------------
Finished:  2021-02-20 17:31:34.721961

Correlation between train loss and evaluation: -0.934

----------------------------------------------------------------------------------------------------------------------------------------------------------------
------------------------------------------------
Finished at: Sat Feb 20 17:31:35 GMT 2021
------------------------------------------------
