------------------------------------------------
Job ID: 
Run on host: win000.hpc.in.bmrc.ox.ac.uk
Operating system: Linux
Username: lhw539
Started at: Mon Mar 22 16:57:49 GMT 2021
------------------------------------------------
------------------------------------------------
Finished at: Mon Mar 22 16:57:51 GMT 2021
------------------------------------------------
------------------------------------------------
Job ID: 
Run on host: win000.hpc.in.bmrc.ox.ac.uk
Operating system: Linux
Username: lhw539
Started at: Mon Mar 22 17:22:19 GMT 2021
------------------------------------------------
Test (in contrast to train):  False
Loading ABIDE train data.
Loading ABIDE   val data.
Apply incremental PCA on data.
300
Transform data matrix of shape:  torch.Size([300, 4915200])
269
Transform data matrix of shape:  torch.Size([269, 4915200])
MAE of ElasticNet:  3.8593914375464347
MAE on valid when valid mean is predicted:  4.217556
Save configfile.
Loading ABIDE  test data.
300
Transform data matrix of shape:  torch.Size([300, 4915200])
MAE of ElasticNet:  3.9552756417978276
MAE on valid when valid mean is predicted:  4.151169
------------------------------------------------
Finished at: Mon Mar 22 17:34:00 GMT 2021
------------------------------------------------
