------------------------------------------------
Job ID: 40330701
Run on host: compg013.hpc.in.bmrc.ox.ac.uk
Operating system: Linux
Username: lhw539
Started at: Sat Mar 20 01:58:20 GMT 2021
------------------------------------------------
Test (in contrast to train):  False
Loading share 1.00 train data.
Loading share 1.00   val data.
Number of GPUs:  2
Epoch decay:  30
Gamma decay:  0.5

Full model is being trained with random initialization.
Start:  2021-03-20 01:58:27.491822
----------------------------------------------------------------------------------------------------------------------------------------------------------------
|epoch:   0 | lr: 0.100 |train ent: 0.77496 |train ent ravg: 0.77496 |train acc:  0.63068 |train acc ravg:  0.63068 |val ent: 6.71386 |val entravg: 6.71386 |val acc:  0.55682 |val acc ravg:  0.55682 |
|epoch:   1 | lr: 0.100 |train ent: 0.75484 |train ent ravg: 0.76490 |train acc:  0.62500 |train acc ravg:  0.62784 |val ent: 0.79608 |val entravg: 3.75497 |val acc:  0.53409 |val acc ravg:  0.54545 |
|epoch:   2 | lr: 0.100 |train ent: 0.62179 |train ent ravg: 0.71720 |train acc:  0.69318 |train acc ravg:  0.64962 |val ent: 0.96467 |val entravg: 2.82487 |val acc:  0.44318 |val acc ravg:  0.51136 |
|epoch:   3 | lr: 0.100 |train ent: 0.60139 |train ent ravg: 0.68825 |train acc:  0.70455 |train acc ravg:  0.66335 |val ent: 0.90854 |val entravg: 2.34579 |val acc:  0.55682 |val acc ravg:  0.52273 |
|epoch:   4 | lr: 0.100 |train ent: 0.56933 |train ent ravg: 0.66446 |train acc:  0.72159 |train acc ravg:  0.67500 |val ent: 0.66549 |val entravg: 2.00973 |val acc:  0.70455 |val acc ravg:  0.55909 |
|epoch:   5 | lr: 0.100 |train ent: 0.54181 |train ent ravg: 0.61783 |train acc:  0.73011 |train acc ravg:  0.69489 |val ent: 3.30703 |val entravg: 1.32836 |val acc:  0.54545 |val acc ravg:  0.55682 |
|epoch:   6 | lr: 0.100 |train ent: 0.59477 |train ent ravg: 0.58582 |train acc:  0.71591 |train acc ravg:  0.71307 |val ent: 1.89658 |val entravg: 1.54846 |val acc:  0.45455 |val acc ravg:  0.54091 |
|epoch:   7 | lr: 0.100 |train ent: 0.58974 |train ent ravg: 0.57941 |train acc:  0.73295 |train acc ravg:  0.72102 |val ent: 0.78150 |val entravg: 1.51183 |val acc:  0.45455 |val acc ravg:  0.54318 |
|epoch:   8 | lr: 0.100 |train ent: 0.53027 |train ent ravg: 0.56518 |train acc:  0.75000 |train acc ravg:  0.73011 |val ent: 1.80793 |val entravg: 1.69171 |val acc:  0.45455 |val acc ravg:  0.52273 |
|epoch:   9 | lr: 0.100 |train ent: 0.56537 |train ent ravg: 0.56439 |train acc:  0.73580 |train acc ravg:  0.73295 |val ent: 0.89469 |val entravg: 1.73755 |val acc:  0.54545 |val acc ravg:  0.49091 |
|epoch:  10 | lr: 0.100 |train ent: 0.54742 |train ent ravg: 0.56551 |train acc:  0.71875 |train acc ravg:  0.73068 |val ent: 1.22440 |val entravg: 1.32102 |val acc:  0.45455 |val acc ravg:  0.47273 |
|epoch:  11 | lr: 0.100 |train ent: 0.64547 |train ent ravg: 0.57565 |train acc:  0.71023 |train acc ravg:  0.72955 |val ent: 0.59150 |val entravg: 1.06000 |val acc:  0.73864 |val acc ravg:  0.52955 |
|epoch:  12 | lr: 0.100 |train ent: 0.65338 |train ent ravg: 0.58838 |train acc:  0.66761 |train acc ravg:  0.71648 |val ent: 0.96993 |val entravg: 1.09769 |val acc:  0.45455 |val acc ravg:  0.52955 |
|epoch:  13 | lr: 0.100 |train ent: 0.61108 |train ent ravg: 0.60454 |train acc:  0.69886 |train acc ravg:  0.70625 |val ent: 0.93744 |val entravg: 0.92359 |val acc:  0.45455 |val acc ravg:  0.52955 |
|epoch:  14 | lr: 0.100 |train ent: 0.55447 |train ent ravg: 0.60236 |train acc:  0.72159 |train acc ravg:  0.70341 |val ent: 1.74668 |val entravg: 1.09399 |val acc:  0.46591 |val acc ravg:  0.51364 |
|epoch:  15 | lr: 0.100 |train ent: 0.61571 |train ent ravg: 0.61602 |train acc:  0.72159 |train acc ravg:  0.70398 |val ent: 1.03759 |val entravg: 1.05663 |val acc:  0.46591 |val acc ravg:  0.51591 |
|epoch:  16 | lr: 0.100 |train ent: 0.54966 |train ent ravg: 0.59686 |train acc:  0.71023 |train acc ravg:  0.70398 |val ent: 1.47081 |val entravg: 1.23249 |val acc:  0.44318 |val acc ravg:  0.45682 |
|epoch:  17 | lr: 0.100 |train ent: 0.53644 |train ent ravg: 0.57347 |train acc:  0.75852 |train acc ravg:  0.72216 |val ent: 1.28723 |val entravg: 1.29595 |val acc:  0.56818 |val acc ravg:  0.47955 |
|epoch:  18 | lr: 0.100 |train ent: 0.58352 |train ent ravg: 0.56796 |train acc:  0.71591 |train acc ravg:  0.72557 |val ent: 0.70934 |val entravg: 1.25033 |val acc:  0.51136 |val acc ravg:  0.49091 |
|epoch:  19 | lr: 0.100 |train ent: 0.56245 |train ent ravg: 0.56956 |train acc:  0.72443 |train acc ravg:  0.72614 |val ent: 1.34313 |val entravg: 1.16962 |val acc:  0.45455 |val acc ravg:  0.48864 |
|epoch:  20 | lr: 0.100 |train ent: 0.54021 |train ent ravg: 0.55446 |train acc:  0.75000 |train acc ravg:  0.73182 |val ent: 1.56752 |val entravg: 1.27561 |val acc:  0.63636 |val acc ravg:  0.52273 |
|epoch:  21 | lr: 0.100 |train ent: 0.61305 |train ent ravg: 0.56714 |train acc:  0.66477 |train acc ravg:  0.72273 |val ent: 1.06264 |val entravg: 1.19397 |val acc:  0.55682 |val acc ravg:  0.54545 |
|epoch:  22 | lr: 0.100 |train ent: 0.49177 |train ent ravg: 0.55820 |train acc:  0.77273 |train acc ravg:  0.72557 |val ent: 2.73377 |val entravg: 1.48328 |val acc:  0.44318 |val acc ravg:  0.52045 |
|epoch:  23 | lr: 0.100 |train ent: 0.54050 |train ent ravg: 0.54959 |train acc:  0.74148 |train acc ravg:  0.73068 |val ent: 19.56908 |val entravg: 5.25523 |val acc:  0.55682 |val acc ravg:  0.52955 |
|epoch:  24 | lr: 0.100 |train ent: 0.75489 |train ent ravg: 0.58808 |train acc:  0.66193 |train acc ravg:  0.71818 |val ent: 1.15687 |val entravg: 5.21797 |val acc:  0.45455 |val acc ravg:  0.52955 |
|epoch:  25 | lr: 0.100 |train ent: 0.61411 |train ent ravg: 0.60286 |train acc:  0.69318 |train acc ravg:  0.70682 |val ent: 1.96134 |val entravg: 5.29674 |val acc:  0.54545 |val acc ravg:  0.51136 |
|epoch:  26 | lr: 0.100 |train ent: 0.57714 |train ent ravg: 0.59568 |train acc:  0.74432 |train acc ravg:  0.72273 |val ent: 1.53337 |val entravg: 5.39088 |val acc:  0.44318 |val acc ravg:  0.48864 |
|epoch:  27 | lr: 0.100 |train ent: 0.59987 |train ent ravg: 0.61730 |train acc:  0.71591 |train acc ravg:  0.71136 |val ent: 0.66632 |val entravg: 4.97740 |val acc:  0.59091 |val acc ravg:  0.51818 |
|epoch:  28 | lr: 0.100 |train ent: 0.55249 |train ent ravg: 0.61970 |train acc:  0.72159 |train acc ravg:  0.70739 |val ent: 8.84375 |val entravg: 2.83233 |val acc:  0.53409 |val acc ravg:  0.51364 |
|epoch:  29 | lr: 0.100 |train ent: 0.54615 |train ent ravg: 0.57795 |train acc:  0.73580 |train acc ravg:  0.72216 |val ent: 1.10858 |val entravg: 2.82267 |val acc:  0.44318 |val acc ravg:  0.51136 |
|epoch:  30 | lr: 0.050 |train ent: 0.53542 |train ent ravg: 0.56221 |train acc:  0.72727 |train acc ravg:  0.72898 |val ent: 0.58466 |val entravg: 2.54734 |val acc:  0.64773 |val acc ravg:  0.53182 |
|epoch:  31 | lr: 0.050 |train ent: 0.52203 |train ent ravg: 0.55119 |train acc:  0.73864 |train acc ravg:  0.72784 |val ent: 1.71119 |val entravg: 2.58290 |val acc:  0.44318 |val acc ravg:  0.53182 |
|epoch:  32 | lr: 0.050 |train ent: 0.52677 |train ent ravg: 0.53657 |train acc:  0.75284 |train acc ravg:  0.73523 |val ent: 0.65170 |val entravg: 2.57998 |val acc:  0.57955 |val acc ravg:  0.52955 |
|epoch:  33 | lr: 0.050 |train ent: 0.50453 |train ent ravg: 0.52698 |train acc:  0.75852 |train acc ravg:  0.74261 |val ent: 12.51977 |val entravg: 3.31518 |val acc:  0.55682 |val acc ravg:  0.53409 |
|epoch:  34 | lr: 0.050 |train ent: 0.49389 |train ent ravg: 0.51653 |train acc:  0.77273 |train acc ravg:  0.75000 |val ent: 1.76466 |val entravg: 3.44640 |val acc:  0.44318 |val acc ravg:  0.53409 |
|epoch:  35 | lr: 0.050 |train ent: 0.48684 |train ent ravg: 0.50681 |train acc:  0.77273 |train acc ravg:  0.75909 |val ent: 1.57025 |val entravg: 3.64351 |val acc:  0.46591 |val acc ravg:  0.49773 |
|epoch:  36 | lr: 0.050 |train ent: 0.46608 |train ent ravg: 0.49562 |train acc:  0.80682 |train acc ravg:  0.77273 |val ent: 1.30074 |val entravg: 3.56143 |val acc:  0.44318 |val acc ravg:  0.49773 |
|epoch:  37 | lr: 0.050 |train ent: 0.51746 |train ent ravg: 0.49376 |train acc:  0.71023 |train acc ravg:  0.76420 |val ent: 1.52868 |val entravg: 3.73682 |val acc:  0.44318 |val acc ravg:  0.47045 |
|epoch:  38 | lr: 0.050 |train ent: 0.43367 |train ent ravg: 0.47959 |train acc:  0.80398 |train acc ravg:  0.77330 |val ent: 2.23079 |val entravg: 1.67902 |val acc:  0.45455 |val acc ravg:  0.45000 |
|epoch:  39 | lr: 0.050 |train ent: 0.51656 |train ent ravg: 0.48412 |train acc:  0.75852 |train acc ravg:  0.77045 |val ent: 30.68403 |val entravg: 7.46290 |val acc:  0.55682 |val acc ravg:  0.47273 |
|epoch:  40 | lr: 0.050 |train ent: 0.46423 |train ent ravg: 0.47960 |train acc:  0.78693 |train acc ravg:  0.77330 |val ent: 1.11043 |val entravg: 7.37093 |val acc:  0.43182 |val acc ravg:  0.46591 |
|epoch:  41 | lr: 0.050 |train ent: 0.48101 |train ent ravg: 0.48258 |train acc:  0.80398 |train acc ravg:  0.77273 |val ent: 2.03470 |val entravg: 7.51773 |val acc:  0.44318 |val acc ravg:  0.46591 |
|epoch:  42 | lr: 0.050 |train ent: 0.48377 |train ent ravg: 0.47585 |train acc:  0.77557 |train acc ravg:  0.78580 |val ent: 0.57241 |val entravg: 7.32647 |val acc:  0.68182 |val acc ravg:  0.51364 |
|epoch:  43 | lr: 0.050 |train ent: 0.45775 |train ent ravg: 0.48066 |train acc:  0.76989 |train acc ravg:  0.77898 |val ent: 12.62719 |val entravg: 9.40575 |val acc:  0.53409 |val acc ravg:  0.52955 |
|epoch:  44 | lr: 0.050 |train ent: 0.47408 |train ent ravg: 0.47217 |train acc:  0.77557 |train acc ravg:  0.78239 |val ent: 0.66268 |val entravg: 3.40148 |val acc:  0.63636 |val acc ravg:  0.54545 |
|epoch:  45 | lr: 0.050 |train ent: 0.41632 |train ent ravg: 0.46259 |train acc:  0.82670 |train acc ravg:  0.79034 |val ent: 2.23021 |val entravg: 3.62544 |val acc:  0.43182 |val acc ravg:  0.54545 |
|epoch:  46 | lr: 0.050 |train ent: 0.46432 |train ent ravg: 0.45925 |train acc:  0.77273 |train acc ravg:  0.78409 |val ent: 0.49282 |val entravg: 3.31706 |val acc:  0.72727 |val acc ravg:  0.60227 |
|epoch:  47 | lr: 0.050 |train ent: 0.47699 |train ent ravg: 0.45789 |train acc:  0.75284 |train acc ravg:  0.77955 |val ent: 2.39617 |val entravg: 3.68181 |val acc:  0.45455 |val acc ravg:  0.55682 |
|epoch:  48 | lr: 0.050 |train ent: 0.44059 |train ent ravg: 0.45446 |train acc:  0.80114 |train acc ravg:  0.78580 |val ent: 2.99663 |val entravg: 1.75570 |val acc:  0.44318 |val acc ravg:  0.53864 |
|epoch:  49 | lr: 0.050 |train ent: 0.40804 |train ent ravg: 0.44125 |train acc:  0.82955 |train acc ravg:  0.79659 |val ent: 0.59177 |val entravg: 1.74152 |val acc:  0.67045 |val acc ravg:  0.54545 |
|epoch:  50 | lr: 0.050 |train ent: 0.50007 |train ent ravg: 0.45800 |train acc:  0.74432 |train acc ravg:  0.78011 |val ent: 1.68269 |val entravg: 1.63201 |val acc:  0.45455 |val acc ravg:  0.55000 |
|epoch:  51 | lr: 0.050 |train ent: 0.49266 |train ent ravg: 0.46367 |train acc:  0.76420 |train acc ravg:  0.77841 |val ent: 9.29356 |val entravg: 3.39216 |val acc:  0.54545 |val acc ravg:  0.51364 |
|epoch:  52 | lr: 0.050 |train ent: 0.46797 |train ent ravg: 0.46187 |train acc:  0.76989 |train acc ravg:  0.78182 |val ent: 1.30974 |val entravg: 3.17488 |val acc:  0.46591 |val acc ravg:  0.51591 |
|epoch:  53 | lr: 0.050 |train ent: 0.47247 |train ent ravg: 0.46824 |train acc:  0.77841 |train acc ravg:  0.77727 |val ent: 1.35128 |val entravg: 2.84581 |val acc:  0.43182 |val acc ravg:  0.51364 |
|epoch:  54 | lr: 0.050 |train ent: 0.43909 |train ent ravg: 0.47445 |train acc:  0.78977 |train acc ravg:  0.76932 |val ent: 1.88043 |val entravg: 3.10354 |val acc:  0.46591 |val acc ravg:  0.47273 |
|epoch:  55 | lr: 0.050 |train ent: 0.55244 |train ent ravg: 0.48492 |train acc:  0.73011 |train acc ravg:  0.76648 |val ent: 3.76509 |val entravg: 3.52002 |val acc:  0.55682 |val acc ravg:  0.49318 |
|epoch:  56 | lr: 0.050 |train ent: 0.50769 |train ent ravg: 0.48793 |train acc:  0.75284 |train acc ravg:  0.76420 |val ent: 17.48426 |val entravg: 5.15816 |val acc:  0.54545 |val acc ravg:  0.49318 |
|epoch:  57 | lr: 0.050 |train ent: 0.44530 |train ent ravg: 0.48340 |train acc:  0.79545 |train acc ravg:  0.76932 |val ent: 3.40158 |val entravg: 5.57653 |val acc:  0.54545 |val acc ravg:  0.50909 |
|epoch:  58 | lr: 0.050 |train ent: 0.47764 |train ent ravg: 0.48443 |train acc:  0.78693 |train acc ravg:  0.77102 |val ent: 1.86881 |val entravg: 5.68004 |val acc:  0.54545 |val acc ravg:  0.53182 |
|epoch:  59 | lr: 0.050 |train ent: 0.47405 |train ent ravg: 0.49142 |train acc:  0.78977 |train acc ravg:  0.77102 |val ent: 0.68863 |val entravg: 5.44167 |val acc:  0.59091 |val acc ravg:  0.55682 |
|epoch:  60 | lr: 0.025 |train ent: 0.40658 |train ent ravg: 0.46225 |train acc:  0.81250 |train acc ravg:  0.78750 |val ent: 1.88647 |val entravg: 5.06595 |val acc:  0.46591 |val acc ravg:  0.53864 |
|epoch:  61 | lr: 0.025 |train ent: 0.40681 |train ent ravg: 0.44208 |train acc:  0.81534 |train acc ravg:  0.80000 |val ent: 1.51460 |val entravg: 1.87202 |val acc:  0.57955 |val acc ravg:  0.54545 |
|epoch:  62 | lr: 0.025 |train ent: 0.44843 |train ent ravg: 0.44270 |train acc:  0.81250 |train acc ravg:  0.80341 |val ent: 1.39153 |val entravg: 1.47001 |val acc:  0.46591 |val acc ravg:  0.52955 |
|epoch:  63 | lr: 0.025 |train ent: 0.39468 |train ent ravg: 0.42611 |train acc:  0.83239 |train acc ravg:  0.81250 |val ent: 5.28765 |val entravg: 2.15377 |val acc:  0.54545 |val acc ravg:  0.52955 |
|epoch:  64 | lr: 0.025 |train ent: 0.39105 |train ent ravg: 0.40951 |train acc:  0.83239 |train acc ravg:  0.82102 |val ent: 0.65731 |val entravg: 2.14751 |val acc:  0.79545 |val acc ravg:  0.57045 |
|epoch:  65 | lr: 0.025 |train ent: 0.37179 |train ent ravg: 0.40255 |train acc:  0.82102 |train acc ravg:  0.82273 |val ent: 8.85722 |val entravg: 3.54166 |val acc:  0.55682 |val acc ravg:  0.58864 |
|epoch:  66 | lr: 0.025 |train ent: 0.43451 |train ent ravg: 0.40809 |train acc:  0.81534 |train acc ravg:  0.82273 |val ent: 0.51231 |val entravg: 3.34120 |val acc:  0.77273 |val acc ravg:  0.62727 |
|epoch:  67 | lr: 0.025 |train ent: 0.42734 |train ent ravg: 0.40387 |train acc:  0.82386 |train acc ravg:  0.82500 |val ent: 11.63952 |val entravg: 5.39080 |val acc:  0.54545 |val acc ravg:  0.64318 |
|epoch:  68 | lr: 0.025 |train ent: 0.35583 |train ent ravg: 0.39610 |train acc:  0.85227 |train acc ravg:  0.82898 |val ent: 5.58190 |val entravg: 5.44965 |val acc:  0.46591 |val acc ravg:  0.62727 |
|epoch:  69 | lr: 0.025 |train ent: 0.41647 |train ent ravg: 0.40119 |train acc:  0.83807 |train acc ravg:  0.83011 |val ent: 13.94308 |val entravg: 8.10681 |val acc:  0.54545 |val acc ravg:  0.57727 |
|epoch:  70 | lr: 0.025 |train ent: 0.41448 |train ent ravg: 0.40973 |train acc:  0.80966 |train acc ravg:  0.82784 |val ent: 2.42246 |val entravg: 6.81985 |val acc:  0.53409 |val acc ravg:  0.57273 |
|epoch:  71 | lr: 0.025 |train ent: 0.36319 |train ent ravg: 0.39546 |train acc:  0.84375 |train acc ravg:  0.83352 |val ent: 7.61372 |val entravg: 8.24013 |val acc:  0.45455 |val acc ravg:  0.50909 |
|epoch:  72 | lr: 0.025 |train ent: 0.38130 |train ent ravg: 0.38625 |train acc:  0.86648 |train acc ravg:  0.84205 |val ent: 0.82501 |val entravg: 6.07723 |val acc:  0.57955 |val acc ravg:  0.51591 |
|epoch:  73 | lr: 0.025 |train ent: 0.37226 |train ent ravg: 0.38954 |train acc:  0.84943 |train acc ravg:  0.84148 |val ent: 1.73298 |val entravg: 5.30745 |val acc:  0.45455 |val acc ravg:  0.51364 |
|epoch:  74 | lr: 0.025 |train ent: 0.29948 |train ent ravg: 0.36614 |train acc:  0.85227 |train acc ravg:  0.84432 |val ent: 3.29639 |val entravg: 3.17811 |val acc:  0.45455 |val acc ravg:  0.49545 |
|epoch:  75 | lr: 0.025 |train ent: 0.50158 |train ent ravg: 0.38356 |train acc:  0.75852 |train acc ravg:  0.83409 |val ent: 0.59451 |val entravg: 2.81252 |val acc:  0.80682 |val acc ravg:  0.55000 |
|epoch:  76 | lr: 0.025 |train ent: 0.39858 |train ent ravg: 0.39064 |train acc:  0.81818 |train acc ravg:  0.82898 |val ent: 4.38603 |val entravg: 2.16698 |val acc:  0.53409 |val acc ravg:  0.56591 |
|epoch:  77 | lr: 0.025 |train ent: 0.36983 |train ent ravg: 0.38835 |train acc:  0.82955 |train acc ravg:  0.82159 |val ent: 0.82763 |val entravg: 2.16751 |val acc:  0.59091 |val acc ravg:  0.56818 |
|epoch:  78 | lr: 0.025 |train ent: 0.36762 |train ent ravg: 0.38742 |train acc:  0.83807 |train acc ravg:  0.81932 |val ent: 3.64624 |val entravg: 2.55016 |val acc:  0.45455 |val acc ravg:  0.56818 |
|epoch:  79 | lr: 0.025 |train ent: 0.38197 |train ent ravg: 0.40392 |train acc:  0.82102 |train acc ravg:  0.81307 |val ent: 2.42287 |val entravg: 2.37546 |val acc:  0.54545 |val acc ravg:  0.58636 |
|epoch:  80 | lr: 0.025 |train ent: 0.32001 |train ent ravg: 0.36760 |train acc:  0.86080 |train acc ravg:  0.83352 |val ent: 3.58038 |val entravg: 2.97263 |val acc:  0.45455 |val acc ravg:  0.51591 |
|epoch:  81 | lr: 0.025 |train ent: 0.37249 |train ent ravg: 0.36239 |train acc:  0.81818 |train acc ravg:  0.83352 |val ent: 0.70641 |val entravg: 2.23671 |val acc:  0.57955 |val acc ravg:  0.52500 |
|epoch:  82 | lr: 0.025 |train ent: 0.33822 |train ent ravg: 0.35606 |train acc:  0.86364 |train acc ravg:  0.84034 |val ent: 13.25109 |val entravg: 4.72140 |val acc:  0.53409 |val acc ravg:  0.51364 |
|epoch:  83 | lr: 0.025 |train ent: 0.33486 |train ent ravg: 0.34951 |train acc:  0.86364 |train acc ravg:  0.84545 |val ent: 2.76509 |val entravg: 4.54517 |val acc:  0.54545 |val acc ravg:  0.53182 |
|epoch:  84 | lr: 0.025 |train ent: 0.33146 |train ent ravg: 0.33941 |train acc:  0.85795 |train acc ravg:  0.85284 |val ent: 0.59578 |val entravg: 4.17975 |val acc:  0.75000 |val acc ravg:  0.57273 |
|epoch:  85 | lr: 0.025 |train ent: 0.32626 |train ent ravg: 0.34066 |train acc:  0.86364 |train acc ravg:  0.85341 |val ent: 16.07198 |val entravg: 6.67807 |val acc:  0.53409 |val acc ravg:  0.58864 |
|epoch:  86 | lr: 0.025 |train ent: 0.29599 |train ent ravg: 0.32536 |train acc:  0.86932 |train acc ravg:  0.86364 |val ent: 12.29600 |val entravg: 8.99599 |val acc:  0.45455 |val acc ravg:  0.56364 |
|epoch:  87 | lr: 0.025 |train ent: 0.36848 |train ent ravg: 0.33141 |train acc:  0.83523 |train acc ravg:  0.85795 |val ent: 2.77274 |val entravg: 6.90032 |val acc:  0.46591 |val acc ravg:  0.55000 |
|epoch:  88 | lr: 0.025 |train ent: 0.33639 |train ent ravg: 0.33171 |train acc:  0.82955 |train acc ravg:  0.85114 |val ent: 1.22301 |val entravg: 6.59190 |val acc:  0.57955 |val acc ravg:  0.55682 |
|epoch:  89 | lr: 0.025 |train ent: 0.33257 |train ent ravg: 0.33194 |train acc:  0.87216 |train acc ravg:  0.85398 |val ent: 5.59417 |val entravg: 7.59158 |val acc:  0.44318 |val acc ravg:  0.49545 |
|epoch:  90 | lr: 0.013 |train ent: 0.28043 |train ent ravg: 0.32277 |train acc:  0.88352 |train acc ravg:  0.85795 |val ent: 2.88608 |val entravg: 4.95440 |val acc:  0.44318 |val acc ravg:  0.47727 |
|epoch:  91 | lr: 0.013 |train ent: 0.27912 |train ent ravg: 0.31940 |train acc:  0.88352 |train acc ravg:  0.86080 |val ent: 0.42163 |val entravg: 2.57953 |val acc:  0.79545 |val acc ravg:  0.54545 |
|epoch:  92 | lr: 0.013 |train ent: 0.23577 |train ent ravg: 0.29286 |train acc:  0.92898 |train acc ravg:  0.87955 |val ent: 0.46385 |val entravg: 2.11775 |val acc:  0.75000 |val acc ravg:  0.60227 |
|epoch:  93 | lr: 0.013 |train ent: 0.21868 |train ent ravg: 0.26931 |train acc:  0.90057 |train acc ravg:  0.89375 |val ent: 1.08458 |val entravg: 2.09006 |val acc:  0.62500 |val acc ravg:  0.61136 |
|epoch:  94 | lr: 0.013 |train ent: 0.25818 |train ent ravg: 0.25443 |train acc:  0.88068 |train acc ravg:  0.89545 |val ent: 1.59480 |val entravg: 1.29019 |val acc:  0.55682 |val acc ravg:  0.63409 |
|epoch:  95 | lr: 0.013 |train ent: 0.23965 |train ent ravg: 0.24628 |train acc:  0.91193 |train acc ravg:  0.90114 |val ent: 0.90319 |val entravg: 0.89361 |val acc:  0.63636 |val acc ravg:  0.67273 |
|epoch:  96 | lr: 0.013 |train ent: 0.27218 |train ent ravg: 0.24489 |train acc:  0.91477 |train acc ravg:  0.90739 |val ent: 1.80364 |val entravg: 1.17001 |val acc:  0.50000 |val acc ravg:  0.61364 |
|epoch:  97 | lr: 0.013 |train ent: 0.24623 |train ent ravg: 0.24699 |train acc:  0.91477 |train acc ravg:  0.90455 |val ent: 1.57971 |val entravg: 1.39318 |val acc:  0.55682 |val acc ravg:  0.57500 |
|epoch:  98 | lr: 0.013 |train ent: 0.22174 |train ent ravg: 0.24760 |train acc:  0.91761 |train acc ravg:  0.90795 |val ent: 0.40412 |val entravg: 1.25709 |val acc:  0.80682 |val acc ravg:  0.61136 |
|epoch:  99 | lr: 0.013 |train ent: 0.23470 |train ent ravg: 0.24290 |train acc:  0.90057 |train acc ravg:  0.91193 |val ent: 7.28971 |val entravg: 2.39607 |val acc:  0.45455 |val acc ravg:  0.59091 |
|epoch: 100 | lr: 0.013 |train ent: 0.23282 |train ent ravg: 0.24154 |train acc:  0.90625 |train acc ravg:  0.91080 |val ent: 0.46301 |val entravg: 2.30804 |val acc:  0.80682 |val acc ravg:  0.62500 |
|epoch: 101 | lr: 0.013 |train ent: 0.18444 |train ent ravg: 0.22399 |train acc:  0.93750 |train acc ravg:  0.91534 |val ent: 1.13608 |val entravg: 2.17453 |val acc:  0.61364 |val acc ravg:  0.64773 |
|epoch: 102 | lr: 0.013 |train ent: 0.23294 |train ent ravg: 0.22133 |train acc:  0.90625 |train acc ravg:  0.91364 |val ent: 2.86594 |val entravg: 2.43177 |val acc:  0.54545 |val acc ravg:  0.64545 |
|epoch: 103 | lr: 0.013 |train ent: 0.18055 |train ent ravg: 0.21309 |train acc:  0.94318 |train acc ravg:  0.91875 |val ent: 0.90757 |val entravg: 2.53246 |val acc:  0.64773 |val acc ravg:  0.61364 |
|epoch: 104 | lr: 0.013 |train ent: 0.15570 |train ent ravg: 0.19729 |train acc:  0.94886 |train acc ravg:  0.92841 |val ent: 0.46109 |val entravg: 1.16674 |val acc:  0.79545 |val acc ravg:  0.68182 |
|epoch: 105 | lr: 0.013 |train ent: 0.17109 |train ent ravg: 0.18495 |train acc:  0.93750 |train acc ravg:  0.93466 |val ent: 0.50291 |val entravg: 1.17472 |val acc:  0.80682 |val acc ravg:  0.68182 |
|epoch: 106 | lr: 0.013 |train ent: 0.23708 |train ent ravg: 0.19547 |train acc:  0.89489 |train acc ravg:  0.92614 |val ent: 14.43747 |val entravg: 3.83500 |val acc:  0.53409 |val acc ravg:  0.66591 |
|epoch: 107 | lr: 0.013 |train ent: 0.21754 |train ent ravg: 0.19239 |train acc:  0.90625 |train acc ravg:  0.92614 |val ent: 7.68672 |val entravg: 4.79915 |val acc:  0.44318 |val acc ravg:  0.64545 |
|epoch: 108 | lr: 0.013 |train ent: 0.25586 |train ent ravg: 0.20745 |train acc:  0.89489 |train acc ravg:  0.91648 |val ent: 0.77006 |val entravg: 4.77165 |val acc:  0.60227 |val acc ravg:  0.63636 |
|epoch: 109 | lr: 0.013 |train ent: 0.27462 |train ent ravg: 0.23124 |train acc:  0.87500 |train acc ravg:  0.90170 |val ent: 1.13110 |val entravg: 4.90565 |val acc:  0.71591 |val acc ravg:  0.62045 |
|epoch: 110 | lr: 0.013 |train ent: 0.23533 |train ent ravg: 0.24409 |train acc:  0.90341 |train acc ravg:  0.89489 |val ent: 0.69198 |val entravg: 4.94347 |val acc:  0.80682 |val acc ravg:  0.62045 |
|epoch: 111 | lr: 0.013 |train ent: 0.25327 |train ent ravg: 0.24732 |train acc:  0.88920 |train acc ravg:  0.89375 |val ent: 0.55913 |val entravg: 2.16780 |val acc:  0.78409 |val acc ravg:  0.67045 |
|epoch: 112 | lr: 0.013 |train ent: 0.13448 |train ent ravg: 0.23071 |train acc:  0.94886 |train acc ravg:  0.90227 |val ent: 0.44496 |val entravg: 0.71945 |val acc:  0.80682 |val acc ravg:  0.74318 |
|epoch: 113 | lr: 0.013 |train ent: 0.17982 |train ent ravg: 0.21551 |train acc:  0.93750 |train acc ravg:  0.91080 |val ent: 4.83498 |val entravg: 1.53243 |val acc:  0.55682 |val acc ravg:  0.73409 |
|epoch: 114 | lr: 0.013 |train ent: 0.21914 |train ent ravg: 0.20441 |train acc:  0.91761 |train acc ravg:  0.91932 |val ent: 11.45125 |val entravg: 3.59646 |val acc:  0.44318 |val acc ravg:  0.67955 |
|epoch: 115 | lr: 0.013 |train ent: 0.29782 |train ent ravg: 0.21691 |train acc:  0.88068 |train acc ravg:  0.91477 |val ent: 0.86773 |val entravg: 3.63161 |val acc:  0.69318 |val acc ravg:  0.65682 |
|epoch: 116 | lr: 0.013 |train ent: 0.26053 |train ent ravg: 0.21836 |train acc:  0.89489 |train acc ravg:  0.91591 |val ent: 0.78453 |val entravg: 3.67669 |val acc:  0.63636 |val acc ravg:  0.62727 |
|epoch: 117 | lr: 0.013 |train ent: 0.26517 |train ent ravg: 0.24450 |train acc:  0.90341 |train acc ravg:  0.90682 |val ent: 5.73607 |val entravg: 4.73491 |val acc:  0.54545 |val acc ravg:  0.57500 |
|epoch: 118 | lr: 0.013 |train ent: 0.18785 |train ent ravg: 0.24610 |train acc:  0.92330 |train acc ravg:  0.90398 |val ent: 10.28639 |val entravg: 5.82519 |val acc:  0.45455 |val acc ravg:  0.55455 |
|epoch: 119 | lr: 0.013 |train ent: 0.20135 |train ent ravg: 0.24254 |train acc:  0.93466 |train acc ravg:  0.90739 |val ent: 7.39521 |val entravg: 5.01399 |val acc:  0.45455 |val acc ravg:  0.55682 |
|epoch: 120 | lr: 0.006 |train ent: 0.13866 |train ent ravg: 0.21071 |train acc:  0.94318 |train acc ravg:  0.91989 |val ent: 0.60893 |val entravg: 4.96223 |val acc:  0.77273 |val acc ravg:  0.57273 |
|epoch: 121 | lr: 0.006 |train ent: 0.12625 |train ent ravg: 0.18385 |train acc:  0.95739 |train acc ravg:  0.93239 |val ent: 0.43597 |val entravg: 4.89252 |val acc:  0.78409 |val acc ravg:  0.60227 |
|epoch: 122 | lr: 0.006 |train ent: 0.16409 |train ent ravg: 0.16364 |train acc:  0.93466 |train acc ravg:  0.93864 |val ent: 0.67853 |val entravg: 3.88101 |val acc:  0.82955 |val acc ravg:  0.65909 |
|epoch: 123 | lr: 0.006 |train ent: 0.06994 |train ent ravg: 0.14006 |train acc:  0.98295 |train acc ravg:  0.95057 |val ent: 0.97913 |val entravg: 2.01956 |val acc:  0.65909 |val acc ravg:  0.70000 |
|epoch: 124 | lr: 0.006 |train ent: 0.16632 |train ent ravg: 0.13305 |train acc:  0.93466 |train acc ravg:  0.95057 |val ent: 0.39544 |val entravg: 0.61960 |val acc:  0.79545 |val acc ravg:  0.76818 |
|epoch: 125 | lr: 0.006 |train ent: 0.13764 |train ent ravg: 0.13285 |train acc:  0.94886 |train acc ravg:  0.95170 |val ent: 1.51846 |val entravg: 0.80151 |val acc:  0.60227 |val acc ravg:  0.73409 |
|epoch: 126 | lr: 0.006 |train ent: 0.13628 |train ent ravg: 0.13485 |train acc:  0.94318 |train acc ravg:  0.94886 |val ent: 4.56440 |val entravg: 1.62719 |val acc:  0.45455 |val acc ravg:  0.66818 |
|epoch: 127 | lr: 0.006 |train ent: 0.15126 |train ent ravg: 0.13229 |train acc:  0.95170 |train acc ravg:  0.95227 |val ent: 0.54955 |val entravg: 1.60140 |val acc:  0.76136 |val acc ravg:  0.65455 |
|epoch: 128 | lr: 0.006 |train ent: 0.10398 |train ent ravg: 0.13910 |train acc:  0.98011 |train acc ravg:  0.95170 |val ent: 0.50525 |val entravg: 1.50662 |val acc:  0.80682 |val acc ravg:  0.68409 |
|epoch: 129 | lr: 0.006 |train ent: 0.08581 |train ent ravg: 0.12299 |train acc:  0.97727 |train acc ravg:  0.96023 |val ent: 0.39496 |val entravg: 1.50653 |val acc:  0.81818 |val acc ravg:  0.68864 |
|epoch: 130 | lr: 0.006 |train ent: 0.08711 |train ent ravg: 0.11289 |train acc:  0.97443 |train acc ravg:  0.96534 |val ent: 1.48488 |val entravg: 1.49981 |val acc:  0.64773 |val acc ravg:  0.69773 |
|epoch: 131 | lr: 0.006 |train ent: 0.09565 |train ent ravg: 0.10476 |train acc:  0.96591 |train acc ravg:  0.96989 |val ent: 0.39044 |val entravg: 0.66502 |val acc:  0.78409 |val acc ravg:  0.76364 |
|epoch: 132 | lr: 0.006 |train ent: 0.12041 |train ent ravg: 0.09859 |train acc:  0.95739 |train acc ravg:  0.97102 |val ent: 3.10484 |val entravg: 1.17608 |val acc:  0.54545 |val acc ravg:  0.72045 |
|epoch: 133 | lr: 0.006 |train ent: 0.11771 |train ent ravg: 0.10134 |train acc:  0.98011 |train acc ravg:  0.97102 |val ent: 0.97436 |val entravg: 1.26990 |val acc:  0.68182 |val acc ravg:  0.69545 |
|epoch: 134 | lr: 0.006 |train ent: 0.11485 |train ent ravg: 0.10714 |train acc:  0.96023 |train acc ravg:  0.96761 |val ent: 0.82579 |val entravg: 1.35606 |val acc:  0.68182 |val acc ravg:  0.66818 |
|epoch: 135 | lr: 0.006 |train ent: 0.08655 |train ent ravg: 0.10703 |train acc:  0.98011 |train acc ravg:  0.96875 |val ent: 1.98540 |val entravg: 1.45617 |val acc:  0.57955 |val acc ravg:  0.65455 |
|epoch: 136 | lr: 0.006 |train ent: 0.08631 |train ent ravg: 0.10517 |train acc:  0.97159 |train acc ravg:  0.96989 |val ent: 1.09890 |val entravg: 1.59786 |val acc:  0.64773 |val acc ravg:  0.62727 |
|epoch: 137 | lr: 0.006 |train ent: 0.07703 |train ent ravg: 0.09649 |train acc:  0.98295 |train acc ravg:  0.97500 |val ent: 1.81203 |val entravg: 1.33930 |val acc:  0.59091 |val acc ravg:  0.63636 |
|epoch: 138 | lr: 0.006 |train ent: 0.08465 |train ent ravg: 0.08988 |train acc:  0.97443 |train acc ravg:  0.97386 |val ent: 0.76465 |val entravg: 1.29735 |val acc:  0.60227 |val acc ravg:  0.62045 |
|epoch: 139 | lr: 0.006 |train ent: 0.09870 |train ent ravg: 0.08665 |train acc:  0.97443 |train acc ravg:  0.97670 |val ent: 0.40337 |val entravg: 1.21287 |val acc:  0.81818 |val acc ravg:  0.64773 |
|epoch: 140 | lr: 0.006 |train ent: 0.09115 |train ent ravg: 0.08757 |train acc:  0.97159 |train acc ravg:  0.97500 |val ent: 0.37420 |val entravg: 0.89063 |val acc:  0.84091 |val acc ravg:  0.70000 |
|epoch: 141 | lr: 0.006 |train ent: 0.06552 |train ent ravg: 0.08341 |train acc:  0.98864 |train acc ravg:  0.97841 |val ent: 0.72793 |val entravg: 0.81644 |val acc:  0.76136 |val acc ravg:  0.72273 |
|epoch: 142 | lr: 0.006 |train ent: 0.08846 |train ent ravg: 0.08569 |train acc:  0.96875 |train acc ravg:  0.97557 |val ent: 5.39961 |val entravg: 1.53395 |val acc:  0.43182 |val acc ravg:  0.69091 |
|epoch: 143 | lr: 0.006 |train ent: 0.05584 |train ent ravg: 0.07993 |train acc:  0.98295 |train acc ravg:  0.97727 |val ent: 0.39672 |val entravg: 1.46037 |val acc:  0.80682 |val acc ravg:  0.73182 |
|epoch: 144 | lr: 0.006 |train ent: 0.06004 |train ent ravg: 0.07220 |train acc:  0.98580 |train acc ravg:  0.97955 |val ent: 0.69934 |val entravg: 1.51956 |val acc:  0.76136 |val acc ravg:  0.72045 |
|epoch: 145 | lr: 0.006 |train ent: 0.08257 |train ent ravg: 0.07048 |train acc:  0.98011 |train acc ravg:  0.98125 |val ent: 2.68202 |val entravg: 1.98112 |val acc:  0.54545 |val acc ravg:  0.66136 |
|epoch: 146 | lr: 0.006 |train ent: 0.20434 |train ent ravg: 0.09825 |train acc:  0.92045 |train acc ravg:  0.96761 |val ent: 0.92885 |val entravg: 2.02131 |val acc:  0.76136 |val acc ravg:  0.66136 |
|epoch: 147 | lr: 0.006 |train ent: 0.14647 |train ent ravg: 0.10985 |train acc:  0.94886 |train acc ravg:  0.96364 |val ent: 0.67107 |val entravg: 1.07560 |val acc:  0.77273 |val acc ravg:  0.72955 |
|epoch: 148 | lr: 0.006 |train ent: 0.10151 |train ent ravg: 0.11899 |train acc:  0.96307 |train acc ravg:  0.95966 |val ent: 0.47484 |val entravg: 1.09122 |val acc:  0.80682 |val acc ravg:  0.72955 |
|epoch: 149 | lr: 0.006 |train ent: 0.07049 |train ent ravg: 0.12108 |train acc:  0.98295 |train acc ravg:  0.95909 |val ent: 1.10571 |val entravg: 1.17250 |val acc:  0.68182 |val acc ravg:  0.71364 |
|epoch: 150 | lr: 0.003 |train ent: 0.10471 |train ent ravg: 0.12550 |train acc:  0.96307 |train acc ravg:  0.95568 |val ent: 0.86782 |val entravg: 0.80966 |val acc:  0.65909 |val acc ravg:  0.73636 |
|epoch: 151 | lr: 0.003 |train ent: 0.06219 |train ent ravg: 0.09707 |train acc:  0.98295 |train acc ravg:  0.96818 |val ent: 0.45394 |val entravg: 0.71468 |val acc:  0.78409 |val acc ravg:  0.74091 |
|epoch: 152 | lr: 0.003 |train ent: 0.08739 |train ent ravg: 0.08526 |train acc:  0.97159 |train acc ravg:  0.97273 |val ent: 0.75857 |val entravg: 0.73218 |val acc:  0.75000 |val acc ravg:  0.73636 |
|epoch: 153 | lr: 0.003 |train ent: 0.04403 |train ent ravg: 0.07376 |train acc:  0.99148 |train acc ravg:  0.97841 |val ent: 0.38515 |val entravg: 0.71424 |val acc:  0.81818 |val acc ravg:  0.73864 |
|epoch: 154 | lr: 0.003 |train ent: 0.04587 |train ent ravg: 0.06884 |train acc:  0.99148 |train acc ravg:  0.98011 |val ent: 0.38897 |val entravg: 0.57089 |val acc:  0.78409 |val acc ravg:  0.75909 |
|epoch: 155 | lr: 0.003 |train ent: 0.03344 |train ent ravg: 0.05458 |train acc:  0.99716 |train acc ravg:  0.98693 |val ent: 0.52635 |val entravg: 0.50260 |val acc:  0.76136 |val acc ravg:  0.77955 |
|epoch: 156 | lr: 0.003 |train ent: 0.05500 |train ent ravg: 0.05315 |train acc:  0.98295 |train acc ravg:  0.98693 |val ent: 0.37005 |val entravg: 0.48582 |val acc:  0.82955 |val acc ravg:  0.78864 |
|epoch: 157 | lr: 0.003 |train ent: 0.04533 |train ent ravg: 0.04474 |train acc:  0.99716 |train acc ravg:  0.99205 |val ent: 0.45185 |val entravg: 0.42447 |val acc:  0.79545 |val acc ravg:  0.79773 |
|epoch: 158 | lr: 0.003 |train ent: 0.03825 |train ent ravg: 0.04358 |train acc:  0.99148 |train acc ravg:  0.99205 |val ent: 0.66578 |val entravg: 0.48060 |val acc:  0.78409 |val acc ravg:  0.79091 |
|epoch: 159 | lr: 0.003 |train ent: 0.03355 |train ent ravg: 0.04111 |train acc:  1.00000 |train acc ravg:  0.99375 |val ent: 0.44942 |val entravg: 0.49269 |val acc:  0.79545 |val acc ravg:  0.79318 |
|epoch: 160 | lr: 0.003 |train ent: 0.04866 |train ent ravg: 0.04416 |train acc:  0.99432 |train acc ravg:  0.99318 |val ent: 0.42124 |val entravg: 0.47167 |val acc:  0.81818 |val acc ravg:  0.80455 |
|epoch: 161 | lr: 0.003 |train ent: 0.08530 |train ent ravg: 0.05022 |train acc:  0.96875 |train acc ravg:  0.99034 |val ent: 0.33681 |val entravg: 0.46502 |val acc:  0.81818 |val acc ravg:  0.80227 |
|epoch: 162 | lr: 0.003 |train ent: 0.03743 |train ent ravg: 0.04864 |train acc:  0.99432 |train acc ravg:  0.98977 |val ent: 1.46311 |val entravg: 0.66727 |val acc:  0.60227 |val acc ravg:  0.76364 |
|epoch: 163 | lr: 0.003 |train ent: 0.03301 |train ent ravg: 0.04759 |train acc:  0.99432 |train acc ravg:  0.99034 |val ent: 0.61949 |val entravg: 0.65801 |val acc:  0.76136 |val acc ravg:  0.75909 |
|epoch: 164 | lr: 0.003 |train ent: 0.04500 |train ent ravg: 0.04988 |train acc:  0.99148 |train acc ravg:  0.98864 |val ent: 0.38027 |val entravg: 0.64418 |val acc:  0.79545 |val acc ravg:  0.75909 |
|epoch: 165 | lr: 0.003 |train ent: 0.06500 |train ent ravg: 0.05315 |train acc:  0.98295 |train acc ravg:  0.98636 |val ent: 0.72257 |val entravg: 0.70445 |val acc:  0.72727 |val acc ravg:  0.74091 |
|epoch: 166 | lr: 0.003 |train ent: 0.07003 |train ent ravg: 0.05009 |train acc:  0.97727 |train acc ravg:  0.98807 |val ent: 1.24506 |val entravg: 0.88610 |val acc:  0.60227 |val acc ravg:  0.69773 |
|epoch: 167 | lr: 0.003 |train ent: 0.08507 |train ent ravg: 0.05962 |train acc:  0.97159 |train acc ravg:  0.98352 |val ent: 0.97984 |val entravg: 0.78945 |val acc:  0.69318 |val acc ravg:  0.71591 |
|epoch: 168 | lr: 0.003 |train ent: 0.06802 |train ent ravg: 0.06662 |train acc:  0.98295 |train acc ravg:  0.98125 |val ent: 0.52731 |val entravg: 0.77101 |val acc:  0.76136 |val acc ravg:  0.71591 |
|epoch: 169 | lr: 0.003 |train ent: 0.03735 |train ent ravg: 0.06509 |train acc:  0.99716 |train acc ravg:  0.98239 |val ent: 0.50015 |val entravg: 0.79499 |val acc:  0.79545 |val acc ravg:  0.71591 |
|epoch: 170 | lr: 0.003 |train ent: 0.03554 |train ent ravg: 0.05920 |train acc:  0.98864 |train acc ravg:  0.98352 |val ent: 0.37395 |val entravg: 0.72526 |val acc:  0.86364 |val acc ravg:  0.74318 |
|epoch: 171 | lr: 0.003 |train ent: 0.02818 |train ent ravg: 0.05083 |train acc:  0.99432 |train acc ravg:  0.98693 |val ent: 0.43123 |val entravg: 0.56250 |val acc:  0.78409 |val acc ravg:  0.77955 |
|epoch: 172 | lr: 0.003 |train ent: 0.04220 |train ent ravg: 0.04226 |train acc:  0.98580 |train acc ravg:  0.98977 |val ent: 0.80999 |val entravg: 0.52853 |val acc:  0.67045 |val acc ravg:  0.77500 |
|epoch: 173 | lr: 0.003 |train ent: 0.03561 |train ent ravg: 0.03578 |train acc:  0.99432 |train acc ravg:  0.99205 |val ent: 0.46198 |val entravg: 0.51546 |val acc:  0.79545 |val acc ravg:  0.78182 |
|epoch: 174 | lr: 0.003 |train ent: 0.03482 |train ent ravg: 0.03527 |train acc:  0.99148 |train acc ravg:  0.99091 |val ent: 0.35650 |val entravg: 0.48673 |val acc:  0.85227 |val acc ravg:  0.79318 |
|epoch: 175 | lr: 0.003 |train ent: 0.02147 |train ent ravg: 0.03246 |train acc:  0.99716 |train acc ravg:  0.99261 |val ent: 0.46896 |val entravg: 0.50573 |val acc:  0.78409 |val acc ravg:  0.77727 |
|epoch: 176 | lr: 0.003 |train ent: 0.05162 |train ent ravg: 0.03714 |train acc:  0.98864 |train acc ravg:  0.99148 |val ent: 0.38493 |val entravg: 0.49647 |val acc:  0.80682 |val acc ravg:  0.78182 |
|epoch: 177 | lr: 0.003 |train ent: 0.02700 |train ent ravg: 0.03410 |train acc:  0.99716 |train acc ravg:  0.99375 |val ent: 0.37989 |val entravg: 0.41045 |val acc:  0.86364 |val acc ravg:  0.82045 |
|epoch: 178 | lr: 0.003 |train ent: 0.02428 |train ent ravg: 0.03184 |train acc:  1.00000 |train acc ravg:  0.99489 |val ent: 0.55895 |val entravg: 0.42985 |val acc:  0.80682 |val acc ravg:  0.82273 |
|epoch: 179 | lr: 0.003 |train ent: 0.03663 |train ent ravg: 0.03220 |train acc:  0.99432 |train acc ravg:  0.99545 |val ent: 0.42834 |val entravg: 0.44422 |val acc:  0.78409 |val acc ravg:  0.80909 |
|epoch: 180 | lr: 0.002 |train ent: 0.02601 |train ent ravg: 0.03311 |train acc:  0.99716 |train acc ravg:  0.99545 |val ent: 0.43768 |val entravg: 0.43796 |val acc:  0.80682 |val acc ravg:  0.81364 |
|epoch: 181 | lr: 0.002 |train ent: 0.01925 |train ent ravg: 0.02663 |train acc:  1.00000 |train acc ravg:  0.99773 |val ent: 0.52211 |val entravg: 0.46539 |val acc:  0.78409 |val acc ravg:  0.80909 |
|epoch: 182 | lr: 0.002 |train ent: 0.02545 |train ent ravg: 0.02632 |train acc:  1.00000 |train acc ravg:  0.99830 |val ent: 0.69478 |val entravg: 0.52837 |val acc:  0.76136 |val acc ravg:  0.78864 |
|epoch: 183 | lr: 0.002 |train ent: 0.03349 |train ent ravg: 0.02817 |train acc:  0.99148 |train acc ravg:  0.99659 |val ent: 0.58014 |val entravg: 0.53261 |val acc:  0.78409 |val acc ravg:  0.78409 |
|epoch: 184 | lr: 0.002 |train ent: 0.04067 |train ent ravg: 0.02898 |train acc:  0.99148 |train acc ravg:  0.99602 |val ent: 0.38326 |val entravg: 0.52359 |val acc:  0.78409 |val acc ravg:  0.78409 |
|epoch: 185 | lr: 0.002 |train ent: 0.03880 |train ent ravg: 0.03153 |train acc:  0.98864 |train acc ravg:  0.99432 |val ent: 0.52119 |val entravg: 0.54029 |val acc:  0.77273 |val acc ravg:  0.77727 |
|epoch: 186 | lr: 0.002 |train ent: 0.01532 |train ent ravg: 0.03075 |train acc:  1.00000 |train acc ravg:  0.99432 |val ent: 0.53935 |val entravg: 0.54374 |val acc:  0.79545 |val acc ravg:  0.77955 |
|epoch: 187 | lr: 0.002 |train ent: 0.02612 |train ent ravg: 0.03088 |train acc:  0.99716 |train acc ravg:  0.99375 |val ent: 0.60171 |val entravg: 0.52513 |val acc:  0.77273 |val acc ravg:  0.78182 |
|epoch: 188 | lr: 0.002 |train ent: 0.02990 |train ent ravg: 0.03016 |train acc:  0.99432 |train acc ravg:  0.99432 |val ent: 0.91499 |val entravg: 0.59210 |val acc:  0.79545 |val acc ravg:  0.78409 |
|epoch: 189 | lr: 0.002 |train ent: 0.02004 |train ent ravg: 0.02603 |train acc:  0.99716 |train acc ravg:  0.99545 |val ent: 0.49190 |val entravg: 0.61383 |val acc:  0.78409 |val acc ravg:  0.78409 |
|epoch: 190 | lr: 0.002 |train ent: 0.03375 |train ent ravg: 0.02502 |train acc:  0.99432 |train acc ravg:  0.99659 |val ent: 0.38007 |val entravg: 0.58560 |val acc:  0.80682 |val acc ravg:  0.79091 |
|epoch: 191 | lr: 0.002 |train ent: 0.03403 |train ent ravg: 0.02877 |train acc:  0.99432 |train acc ravg:  0.99545 |val ent: 0.47536 |val entravg: 0.57281 |val acc:  0.76136 |val acc ravg:  0.78409 |
|epoch: 192 | lr: 0.002 |train ent: 0.02027 |train ent ravg: 0.02760 |train acc:  0.99716 |train acc ravg:  0.99545 |val ent: 0.47355 |val entravg: 0.54717 |val acc:  0.73864 |val acc ravg:  0.77727 |
|epoch: 193 | lr: 0.002 |train ent: 0.02874 |train ent ravg: 0.02737 |train acc:  0.99148 |train acc ravg:  0.99489 |val ent: 0.41284 |val entravg: 0.44674 |val acc:  0.77273 |val acc ravg:  0.77273 |
|epoch: 194 | lr: 0.002 |train ent: 0.04225 |train ent ravg: 0.03181 |train acc:  0.99148 |train acc ravg:  0.99375 |val ent: 0.38296 |val entravg: 0.42496 |val acc:  0.81818 |val acc ravg:  0.77955 |
|epoch: 195 | lr: 0.002 |train ent: 0.03847 |train ent ravg: 0.03275 |train acc:  0.98864 |train acc ravg:  0.99261 |val ent: 0.44067 |val entravg: 0.43708 |val acc:  0.82955 |val acc ravg:  0.78409 |
|epoch: 196 | lr: 0.002 |train ent: 0.02848 |train ent ravg: 0.03164 |train acc:  0.99716 |train acc ravg:  0.99318 |val ent: 0.49199 |val entravg: 0.44040 |val acc:  0.78409 |val acc ravg:  0.78864 |
|epoch: 197 | lr: 0.002 |train ent: 0.01758 |train ent ravg: 0.03110 |train acc:  1.00000 |train acc ravg:  0.99375 |val ent: 0.54593 |val entravg: 0.45488 |val acc:  0.78409 |val acc ravg:  0.79773 |
|epoch: 198 | lr: 0.002 |train ent: 0.02067 |train ent ravg: 0.02949 |train acc:  1.00000 |train acc ravg:  0.99545 |val ent: 0.59545 |val entravg: 0.49140 |val acc:  0.76136 |val acc ravg:  0.79545 |
|epoch: 199 | lr: 0.002 |train ent: 0.01935 |train ent ravg: 0.02491 |train acc:  0.99716 |train acc ravg:  0.99659 |val ent: 0.53458 |val entravg: 0.52172 |val acc:  0.77273 |val acc ravg:  0.78636 |
|epoch: 200 | lr: 0.002 |train ent: 0.03935 |train ent ravg: 0.02508 |train acc:  0.98864 |train acc ravg:  0.99659 |val ent: 0.45056 |val entravg: 0.52370 |val acc:  0.78409 |val acc ravg:  0.77727 |
|epoch: 201 | lr: 0.002 |train ent: 0.02300 |train ent ravg: 0.02399 |train acc:  0.99716 |train acc ravg:  0.99659 |val ent: 0.51632 |val entravg: 0.52857 |val acc:  0.78409 |val acc ravg:  0.77727 |
|epoch: 202 | lr: 0.002 |train ent: 0.02391 |train ent ravg: 0.02526 |train acc:  0.99716 |train acc ravg:  0.99602 |val ent: 0.42047 |val entravg: 0.50348 |val acc:  0.84091 |val acc ravg:  0.78864 |
|epoch: 203 | lr: 0.002 |train ent: 0.01603 |train ent ravg: 0.02433 |train acc:  1.00000 |train acc ravg:  0.99602 |val ent: 0.43516 |val entravg: 0.47142 |val acc:  0.80682 |val acc ravg:  0.79773 |
|epoch: 204 | lr: 0.002 |train ent: 0.01839 |train ent ravg: 0.02413 |train acc:  1.00000 |train acc ravg:  0.99659 |val ent: 0.42418 |val entravg: 0.44934 |val acc:  0.79545 |val acc ravg:  0.80227 |
|epoch: 205 | lr: 0.002 |train ent: 0.02058 |train ent ravg: 0.02038 |train acc:  1.00000 |train acc ravg:  0.99886 |val ent: 0.59053 |val entravg: 0.47733 |val acc:  0.79545 |val acc ravg:  0.80455 |
|epoch: 206 | lr: 0.002 |train ent: 0.02077 |train ent ravg: 0.01993 |train acc:  1.00000 |train acc ravg:  0.99943 |val ent: 0.72490 |val entravg: 0.51905 |val acc:  0.76136 |val acc ravg:  0.80000 |
|epoch: 207 | lr: 0.002 |train ent: 0.02577 |train ent ravg: 0.02031 |train acc:  0.99148 |train acc ravg:  0.99830 |val ent: 0.48525 |val entravg: 0.53200 |val acc:  0.76136 |val acc ravg:  0.78409 |
|epoch: 208 | lr: 0.002 |train ent: 0.02237 |train ent ravg: 0.02157 |train acc:  1.00000 |train acc ravg:  0.99830 |val ent: 0.44836 |val entravg: 0.53464 |val acc:  0.78409 |val acc ravg:  0.77955 |
|epoch: 209 | lr: 0.002 |train ent: 0.03032 |train ent ravg: 0.02396 |train acc:  0.99432 |train acc ravg:  0.99716 |val ent: 0.60054 |val entravg: 0.56992 |val acc:  0.77273 |val acc ravg:  0.77500 |
|epoch: 210 | lr: 0.001 |train ent: 0.02072 |train ent ravg: 0.02399 |train acc:  0.99716 |train acc ravg:  0.99659 |val ent: 0.37235 |val entravg: 0.52628 |val acc:  0.82955 |val acc ravg:  0.78182 |
|epoch: 211 | lr: 0.001 |train ent: 0.02627 |train ent ravg: 0.02509 |train acc:  1.00000 |train acc ravg:  0.99659 |val ent: 0.63672 |val entravg: 0.50864 |val acc:  0.77273 |val acc ravg:  0.78409 |
|epoch: 212 | lr: 0.001 |train ent: 0.01425 |train ent ravg: 0.02278 |train acc:  1.00000 |train acc ravg:  0.99830 |val ent: 0.47525 |val entravg: 0.50664 |val acc:  0.77273 |val acc ravg:  0.78636 |
|epoch: 213 | lr: 0.001 |train ent: 0.02746 |train ent ravg: 0.02380 |train acc:  0.99432 |train acc ravg:  0.99716 |val ent: 0.43573 |val entravg: 0.50412 |val acc:  0.79545 |val acc ravg:  0.78864 |
|epoch: 214 | lr: 0.001 |train ent: 0.02463 |train ent ravg: 0.02267 |train acc:  0.99432 |train acc ravg:  0.99716 |val ent: 0.40332 |val entravg: 0.46467 |val acc:  0.85227 |val acc ravg:  0.80455 |
|epoch: 215 | lr: 0.001 |train ent: 0.01726 |train ent ravg: 0.02197 |train acc:  1.00000 |train acc ravg:  0.99773 |val ent: 0.43252 |val entravg: 0.47670 |val acc:  0.78409 |val acc ravg:  0.79545 |
|epoch: 216 | lr: 0.001 |train ent: 0.01434 |train ent ravg: 0.01959 |train acc:  0.99716 |train acc ravg:  0.99716 |val ent: 0.50652 |val entravg: 0.45067 |val acc:  0.77273 |val acc ravg:  0.79545 |
|epoch: 217 | lr: 0.001 |train ent: 0.01256 |train ent ravg: 0.01925 |train acc:  0.99716 |train acc ravg:  0.99659 |val ent: 0.41504 |val entravg: 0.43862 |val acc:  0.79545 |val acc ravg:  0.80000 |
|epoch: 218 | lr: 0.001 |train ent: 0.02246 |train ent ravg: 0.01825 |train acc:  0.99148 |train acc ravg:  0.99602 |val ent: 0.39442 |val entravg: 0.43036 |val acc:  0.80682 |val acc ravg:  0.80227 |
|epoch: 219 | lr: 0.001 |train ent: 0.01606 |train ent ravg: 0.01654 |train acc:  0.99716 |train acc ravg:  0.99659 |val ent: 0.40131 |val entravg: 0.42996 |val acc:  0.82955 |val acc ravg:  0.79773 |
|epoch: 220 | lr: 0.001 |train ent: 0.01268 |train ent ravg: 0.01562 |train acc:  1.00000 |train acc ravg:  0.99659 |val ent: 0.41698 |val entravg: 0.42685 |val acc:  0.80682 |val acc ravg:  0.80227 |
|epoch: 221 | lr: 0.001 |train ent: 0.02067 |train ent ravg: 0.01689 |train acc:  1.00000 |train acc ravg:  0.99716 |val ent: 0.41589 |val entravg: 0.40873 |val acc:  0.80682 |val acc ravg:  0.80909 |
|epoch: 222 | lr: 0.001 |train ent: 0.01957 |train ent ravg: 0.01829 |train acc:  0.99716 |train acc ravg:  0.99716 |val ent: 0.48817 |val entravg: 0.42335 |val acc:  0.79545 |val acc ravg:  0.80909 |
|epoch: 223 | lr: 0.001 |train ent: 0.02621 |train ent ravg: 0.01904 |train acc:  0.99716 |train acc ravg:  0.99830 |val ent: 0.51146 |val entravg: 0.44676 |val acc:  0.76136 |val acc ravg:  0.80000 |
|epoch: 224 | lr: 0.001 |train ent: 0.02878 |train ent ravg: 0.02158 |train acc:  0.99432 |train acc ravg:  0.99773 |val ent: 0.48965 |val entravg: 0.46443 |val acc:  0.77273 |val acc ravg:  0.78864 |
|epoch: 225 | lr: 0.001 |train ent: 0.01839 |train ent ravg: 0.02272 |train acc:  1.00000 |train acc ravg:  0.99773 |val ent: 0.44636 |val entravg: 0.47031 |val acc:  0.77273 |val acc ravg:  0.78182 |
|epoch: 226 | lr: 0.001 |train ent: 0.01342 |train ent ravg: 0.02127 |train acc:  1.00000 |train acc ravg:  0.99773 |val ent: 0.42515 |val entravg: 0.47216 |val acc:  0.78409 |val acc ravg:  0.77727 |
|epoch: 227 | lr: 0.001 |train ent: 0.02004 |train ent ravg: 0.02137 |train acc:  1.00000 |train acc ravg:  0.99830 |val ent: 0.50902 |val entravg: 0.47633 |val acc:  0.76136 |val acc ravg:  0.77045 |
|epoch: 228 | lr: 0.001 |train ent: 0.01803 |train ent ravg: 0.01973 |train acc:  0.99716 |train acc ravg:  0.99830 |val ent: 0.46944 |val entravg: 0.46792 |val acc:  0.77273 |val acc ravg:  0.77273 |
|epoch: 229 | lr: 0.001 |train ent: 0.02797 |train ent ravg: 0.01957 |train acc:  0.99148 |train acc ravg:  0.99773 |val ent: 0.38673 |val entravg: 0.44734 |val acc:  0.80682 |val acc ravg:  0.77955 |
|epoch: 230 | lr: 0.001 |train ent: 0.01962 |train ent ravg: 0.01981 |train acc:  0.99432 |train acc ravg:  0.99659 |val ent: 0.42090 |val entravg: 0.44225 |val acc:  0.79545 |val acc ravg:  0.78409 |
|epoch: 231 | lr: 0.001 |train ent: 0.02901 |train ent ravg: 0.02293 |train acc:  0.98864 |train acc ravg:  0.99432 |val ent: 0.49634 |val entravg: 0.45649 |val acc:  0.75000 |val acc ravg:  0.77727 |
|epoch: 232 | lr: 0.001 |train ent: 0.02538 |train ent ravg: 0.02400 |train acc:  0.99716 |train acc ravg:  0.99375 |val ent: 0.45932 |val entravg: 0.44655 |val acc:  0.77273 |val acc ravg:  0.77955 |
|epoch: 233 | lr: 0.001 |train ent: 0.01746 |train ent ravg: 0.02389 |train acc:  0.99716 |train acc ravg:  0.99375 |val ent: 0.36959 |val entravg: 0.42658 |val acc:  0.81818 |val acc ravg:  0.78864 |
|epoch: 234 | lr: 0.001 |train ent: 0.01858 |train ent ravg: 0.02201 |train acc:  0.99716 |train acc ravg:  0.99489 |val ent: 0.42928 |val entravg: 0.43509 |val acc:  0.79545 |val acc ravg:  0.78636 |
|epoch: 235 | lr: 0.001 |train ent: 0.01581 |train ent ravg: 0.02125 |train acc:  0.99716 |train acc ravg:  0.99545 |val ent: 0.40987 |val entravg: 0.43288 |val acc:  0.80682 |val acc ravg:  0.78864 |
|epoch: 236 | lr: 0.001 |train ent: 0.02234 |train ent ravg: 0.01991 |train acc:  0.99432 |train acc ravg:  0.99659 |val ent: 0.36072 |val entravg: 0.40576 |val acc:  0.81818 |val acc ravg:  0.80227 |
|epoch: 237 | lr: 0.001 |train ent: 0.01443 |train ent ravg: 0.01773 |train acc:  1.00000 |train acc ravg:  0.99716 |val ent: 0.45973 |val entravg: 0.40584 |val acc:  0.78409 |val acc ravg:  0.80455 |
|epoch: 238 | lr: 0.001 |train ent: 0.02350 |train ent ravg: 0.01893 |train acc:  0.99716 |train acc ravg:  0.99716 |val ent: 0.34466 |val entravg: 0.40085 |val acc:  0.82955 |val acc ravg:  0.80682 |
|epoch: 239 | lr: 0.001 |train ent: 0.01694 |train ent ravg: 0.01861 |train acc:  0.99716 |train acc ravg:  0.99716 |val ent: 0.42553 |val entravg: 0.40010 |val acc:  0.80682 |val acc ravg:  0.80909 |
|epoch: 240 | lr: 0.000 |train ent: 0.01432 |train ent ravg: 0.01831 |train acc:  1.00000 |train acc ravg:  0.99773 |val ent: 0.42733 |val entravg: 0.40359 |val acc:  0.81818 |val acc ravg:  0.81136 |
|epoch: 241 | lr: 0.000 |train ent: 0.01309 |train ent ravg: 0.01646 |train acc:  1.00000 |train acc ravg:  0.99886 |val ent: 0.40803 |val entravg: 0.41306 |val acc:  0.81818 |val acc ravg:  0.81136 |
|epoch: 242 | lr: 0.000 |train ent: 0.01820 |train ent ravg: 0.01721 |train acc:  0.99716 |train acc ravg:  0.99830 |val ent: 0.42622 |val entravg: 0.40635 |val acc:  0.81818 |val acc ravg:  0.81818 |
|epoch: 243 | lr: 0.000 |train ent: 0.01279 |train ent ravg: 0.01507 |train acc:  1.00000 |train acc ravg:  0.99886 |val ent: 0.43027 |val entravg: 0.42348 |val acc:  0.80682 |val acc ravg:  0.81364 |
|epoch: 244 | lr: 0.000 |train ent: 0.01430 |train ent ravg: 0.01454 |train acc:  1.00000 |train acc ravg:  0.99943 |val ent: 0.41155 |val entravg: 0.42068 |val acc:  0.80682 |val acc ravg:  0.81364 |
|epoch: 245 | lr: 0.000 |train ent: 0.01039 |train ent ravg: 0.01376 |train acc:  1.00000 |train acc ravg:  0.99943 |val ent: 0.42726 |val entravg: 0.42067 |val acc:  0.80682 |val acc ravg:  0.81136 |
|epoch: 246 | lr: 0.000 |train ent: 0.01073 |train ent ravg: 0.01328 |train acc:  1.00000 |train acc ravg:  0.99943 |val ent: 0.43105 |val entravg: 0.42527 |val acc:  0.79545 |val acc ravg:  0.80682 |
|epoch: 247 | lr: 0.000 |train ent: 0.02201 |train ent ravg: 0.01404 |train acc:  0.99716 |train acc ravg:  0.99943 |val ent: 0.52568 |val entravg: 0.44516 |val acc:  0.79545 |val acc ravg:  0.80227 |
|epoch: 248 | lr: 0.000 |train ent: 0.01506 |train ent ravg: 0.01450 |train acc:  1.00000 |train acc ravg:  0.99943 |val ent: 0.47339 |val entravg: 0.45379 |val acc:  0.77273 |val acc ravg:  0.79545 |
|epoch: 249 | lr: 0.000 |train ent: 0.01107 |train ent ravg: 0.01385 |train acc:  0.99716 |train acc ravg:  0.99886 |val ent: 0.38433 |val entravg: 0.44834 |val acc:  0.81818 |val acc ravg:  0.79773 |
|epoch: 250 | lr: 0.000 |train ent: 0.02541 |train ent ravg: 0.01686 |train acc:  0.99148 |train acc ravg:  0.99716 |val ent: 0.40590 |val entravg: 0.44407 |val acc:  0.79545 |val acc ravg:  0.79545 |
|epoch: 251 | lr: 0.000 |train ent: 0.02083 |train ent ravg: 0.01888 |train acc:  0.99432 |train acc ravg:  0.99602 |val ent: 0.38657 |val entravg: 0.43517 |val acc:  0.80682 |val acc ravg:  0.79773 |
|epoch: 252 | lr: 0.000 |train ent: 0.01114 |train ent ravg: 0.01670 |train acc:  1.00000 |train acc ravg:  0.99659 |val ent: 0.39204 |val entravg: 0.40844 |val acc:  0.81818 |val acc ravg:  0.80227 |
|epoch: 253 | lr: 0.000 |train ent: 0.01718 |train ent ravg: 0.01713 |train acc:  0.99716 |train acc ravg:  0.99602 |val ent: 0.46760 |val entravg: 0.40729 |val acc:  0.77273 |val acc ravg:  0.80227 |
|epoch: 254 | lr: 0.000 |train ent: 0.01355 |train ent ravg: 0.01762 |train acc:  1.00000 |train acc ravg:  0.99659 |val ent: 0.52127 |val entravg: 0.43468 |val acc:  0.78409 |val acc ravg:  0.79545 |
|epoch: 255 | lr: 0.000 |train ent: 0.01274 |train ent ravg: 0.01509 |train acc:  1.00000 |train acc ravg:  0.99830 |val ent: 0.44118 |val entravg: 0.44173 |val acc:  0.78409 |val acc ravg:  0.79318 |
|epoch: 256 | lr: 0.000 |train ent: 0.01111 |train ent ravg: 0.01314 |train acc:  1.00000 |train acc ravg:  0.99943 |val ent: 0.40563 |val entravg: 0.44554 |val acc:  0.80682 |val acc ravg:  0.79318 |
|epoch: 257 | lr: 0.000 |train ent: 0.01871 |train ent ravg: 0.01466 |train acc:  0.99432 |train acc ravg:  0.99830 |val ent: 0.38955 |val entravg: 0.44505 |val acc:  0.80682 |val acc ravg:  0.79091 |
|epoch: 258 | lr: 0.000 |train ent: 0.01715 |train ent ravg: 0.01465 |train acc:  1.00000 |train acc ravg:  0.99886 |val ent: 0.43224 |val entravg: 0.43797 |val acc:  0.77273 |val acc ravg:  0.79091 |
|epoch: 259 | lr: 0.000 |train ent: 0.01788 |train ent ravg: 0.01552 |train acc:  1.00000 |train acc ravg:  0.99886 |val ent: 0.45237 |val entravg: 0.42419 |val acc:  0.78409 |val acc ravg:  0.79091 |
|epoch: 260 | lr: 0.000 |train ent: 0.02082 |train ent ravg: 0.01714 |train acc:  0.99716 |train acc ravg:  0.99830 |val ent: 0.37121 |val entravg: 0.41020 |val acc:  0.81818 |val acc ravg:  0.79773 |
|epoch: 261 | lr: 0.000 |train ent: 0.02130 |train ent ravg: 0.01917 |train acc:  0.99716 |train acc ravg:  0.99773 |val ent: 0.42745 |val entravg: 0.41456 |val acc:  0.78409 |val acc ravg:  0.79318 |
|epoch: 262 | lr: 0.000 |train ent: 0.01647 |train ent ravg: 0.01873 |train acc:  0.99716 |train acc ravg:  0.99830 |val ent: 0.38668 |val entravg: 0.41399 |val acc:  0.81818 |val acc ravg:  0.79545 |
|epoch: 263 | lr: 0.000 |train ent: 0.02263 |train ent ravg: 0.01982 |train acc:  0.99716 |train acc ravg:  0.99773 |val ent: 0.44596 |val entravg: 0.41673 |val acc:  0.78409 |val acc ravg:  0.79773 |
|epoch: 264 | lr: 0.000 |train ent: 0.01266 |train ent ravg: 0.01878 |train acc:  1.00000 |train acc ravg:  0.99773 |val ent: 0.40148 |val entravg: 0.40656 |val acc:  0.80682 |val acc ravg:  0.80227 |
|epoch: 265 | lr: 0.000 |train ent: 0.01104 |train ent ravg: 0.01682 |train acc:  1.00000 |train acc ravg:  0.99830 |val ent: 0.45685 |val entravg: 0.42368 |val acc:  0.79545 |val acc ravg:  0.79773 |
|epoch: 266 | lr: 0.000 |train ent: 0.01289 |train ent ravg: 0.01514 |train acc:  1.00000 |train acc ravg:  0.99886 |val ent: 0.43750 |val entravg: 0.42569 |val acc:  0.78409 |val acc ravg:  0.79773 |
|epoch: 267 | lr: 0.000 |train ent: 0.01323 |train ent ravg: 0.01449 |train acc:  1.00000 |train acc ravg:  0.99943 |val ent: 0.49082 |val entravg: 0.44652 |val acc:  0.77273 |val acc ravg:  0.78864 |
|epoch: 268 | lr: 0.000 |train ent: 0.01463 |train ent ravg: 0.01289 |train acc:  1.00000 |train acc ravg:  1.00000 |val ent: 0.43990 |val entravg: 0.44531 |val acc:  0.79545 |val acc ravg:  0.79091 |
