------------------------------------------------
Job ID: 40000060
Run on host: compg026.hpc.in.bmrc.ox.ac.uk
Operating system: Linux
Username: lhw539
Started at: Thu Mar 18 18:59:08 GMT 2021
------------------------------------------------
Test (in contrast to train):  False
Loading share 1.00 train data.
Loading share 1.00   val data.
Number of GPUs:  2
Epoch decay:  30
Gamma decay:  0.3

Full model is being trained with random initialization.
Start:  2021-03-18 18:59:14.372756
----------------------------------------------------------------------------------------------------------------------------------------------------------------
|epoch:   0 | lr: 0.010 |train kld: 2.40887 |train kld ravg: 2.40887 |train mae:  6.31948 |train mae ravg:  6.31948 |val kld: 2.26759 |val kldravg: 2.26759 |val mae:  7.18887 |val mae ravg:  7.18887 |
|epoch:   1 | lr: 0.010 |train kld: 2.11120 |train kld ravg: 2.26004 |train mae:  5.99798 |train mae ravg:  6.15873 |val kld: 2.34452 |val kldravg: 2.30606 |val mae:  7.35237 |val mae ravg:  7.27062 |
|epoch:   2 | lr: 0.010 |train kld: 2.06335 |train kld ravg: 2.19447 |train mae:  5.93802 |train mae ravg:  6.08516 |val kld: 2.22283 |val kldravg: 2.27832 |val mae:  7.56136 |val mae ravg:  7.36753 |
|epoch:   3 | lr: 0.010 |train kld: 2.01961 |train kld ravg: 2.15076 |train mae:  5.87647 |train mae ravg:  6.03299 |val kld: 2.28451 |val kldravg: 2.27986 |val mae:  7.67601 |val mae ravg:  7.44465 |
|epoch:   4 | lr: 0.010 |train kld: 2.00533 |train kld ravg: 2.12167 |train mae:  5.67889 |train mae ravg:  5.96217 |val kld: 2.24395 |val kldravg: 2.27268 |val mae:  7.22912 |val mae ravg:  7.40155 |
|epoch:   5 | lr: 0.010 |train kld: 2.00295 |train kld ravg: 2.04049 |train mae:  5.72419 |train mae ravg:  5.84311 |val kld: 2.19673 |val kldravg: 2.25851 |val mae:  7.23897 |val mae ravg:  7.41156 |
|epoch:   6 | lr: 0.010 |train kld: 1.96877 |train kld ravg: 2.01200 |train mae:  5.61949 |train mae ravg:  5.76741 |val kld: 2.56362 |val kldravg: 2.30233 |val mae:  8.69101 |val mae ravg:  7.67929 |
|epoch:   7 | lr: 0.010 |train kld: 1.94810 |train kld ravg: 1.98895 |train mae:  5.71126 |train mae ravg:  5.72206 |val kld: 2.68292 |val kldravg: 2.39434 |val mae:  8.89803 |val mae ravg:  7.94663 |
|epoch:   8 | lr: 0.010 |train kld: 1.93287 |train kld ravg: 1.97160 |train mae:  5.53406 |train mae ravg:  5.65358 |val kld: 3.01650 |val kldravg: 2.54074 |val mae:  8.39493 |val mae ravg:  8.09041 |
|epoch:   9 | lr: 0.010 |train kld: 1.92273 |train kld ravg: 1.95508 |train mae:  5.43634 |train mae ravg:  5.60507 |val kld: 2.50818 |val kldravg: 2.59359 |val mae:  6.91039 |val mae ravg:  8.02667 |
|epoch:  10 | lr: 0.010 |train kld: 1.91432 |train kld ravg: 1.93736 |train mae:  5.42030 |train mae ravg:  5.54429 |val kld: 2.19321 |val kldravg: 2.59289 |val mae:  7.69603 |val mae ravg:  8.11808 |
|epoch:  11 | lr: 0.010 |train kld: 1.90074 |train kld ravg: 1.92375 |train mae:  5.27636 |train mae ravg:  5.47566 |val kld: 2.09183 |val kldravg: 2.49853 |val mae:  6.65440 |val mae ravg:  7.71075 |
|epoch:  12 | lr: 0.010 |train kld: 1.88566 |train kld ravg: 1.91126 |train mae:  5.24916 |train mae ravg:  5.38324 |val kld: 2.14921 |val kldravg: 2.39179 |val mae:  7.16539 |val mae ravg:  7.36423 |
|epoch:  13 | lr: 0.010 |train kld: 1.88800 |train kld ravg: 1.90229 |train mae:  5.21492 |train mae ravg:  5.31942 |val kld: 2.06268 |val kldravg: 2.20102 |val mae:  6.62279 |val mae ravg:  7.00980 |
|epoch:  14 | lr: 0.010 |train kld: 1.84915 |train kld ravg: 1.88757 |train mae:  4.96623 |train mae ravg:  5.22539 |val kld: 2.66842 |val kldravg: 2.23307 |val mae:  7.85195 |val mae ravg:  7.19811 |
|epoch:  15 | lr: 0.010 |train kld: 1.86577 |train kld ravg: 1.87786 |train mae:  5.22251 |train mae ravg:  5.18584 |val kld: 5.28192 |val kldravg: 2.85081 |val mae:  9.91651 |val mae ravg:  7.64221 |
|epoch:  16 | lr: 0.010 |train kld: 1.84801 |train kld ravg: 1.86732 |train mae:  5.13771 |train mae ravg:  5.15811 |val kld: 2.27327 |val kldravg: 2.88710 |val mae:  8.40686 |val mae ravg:  7.99270 |
|epoch:  17 | lr: 0.010 |train kld: 1.82826 |train kld ravg: 1.85584 |train mae:  5.00164 |train mae ravg:  5.10860 |val kld: 2.12602 |val kldravg: 2.88246 |val mae:  5.50709 |val mae ravg:  7.66104 |
|epoch:  18 | lr: 0.010 |train kld: 1.80843 |train kld ravg: 1.83993 |train mae:  4.89015 |train mae ravg:  5.04365 |val kld: 2.15703 |val kldravg: 2.90133 |val mae:  7.45195 |val mae ravg:  7.82687 |
|epoch:  19 | lr: 0.010 |train kld: 1.82181 |train kld ravg: 1.83446 |train mae:  5.09164 |train mae ravg:  5.06873 |val kld: 2.34515 |val kldravg: 2.83668 |val mae:  8.61381 |val mae ravg:  7.97924 |
|epoch:  20 | lr: 0.010 |train kld: 1.82645 |train kld ravg: 1.82659 |train mae:  4.95938 |train mae ravg:  5.01610 |val kld: 2.54708 |val kldravg: 2.28971 |val mae:  8.83833 |val mae ravg:  7.76361 |
|epoch:  21 | lr: 0.010 |train kld: 1.77183 |train kld ravg: 1.81135 |train mae:  4.67846 |train mae ravg:  4.92425 |val kld: 2.10807 |val kldravg: 2.25667 |val mae:  5.82769 |val mae ravg:  7.24777 |
|epoch:  22 | lr: 0.010 |train kld: 1.77158 |train kld ravg: 1.80002 |train mae:  4.78528 |train mae ravg:  4.88098 |val kld: 2.23847 |val kldravg: 2.27916 |val mae:  6.15494 |val mae ravg:  7.37734 |
|epoch:  23 | lr: 0.010 |train kld: 1.78241 |train kld ravg: 1.79481 |train mae:  4.73326 |train mae ravg:  4.84960 |val kld: 2.93880 |val kldravg: 2.43552 |val mae:  10.08157 |val mae ravg:  7.90327 |
|epoch:  24 | lr: 0.010 |train kld: 1.78055 |train kld ravg: 1.78656 |train mae:  4.72174 |train mae ravg:  4.77562 |val kld: 2.53005 |val kldravg: 2.47249 |val mae:  9.12377 |val mae ravg:  8.00526 |
|epoch:  25 | lr: 0.010 |train kld: 1.75552 |train kld ravg: 1.77238 |train mae:  4.83373 |train mae ravg:  4.75049 |val kld: 3.80503 |val kldravg: 2.72408 |val mae:  7.94346 |val mae ravg:  7.82629 |
|epoch:  26 | lr: 0.010 |train kld: 1.75813 |train kld ravg: 1.76964 |train mae:  4.58387 |train mae ravg:  4.73158 |val kld: 2.13363 |val kldravg: 2.72920 |val mae:  6.86659 |val mae ravg:  8.03407 |
|epoch:  27 | lr: 0.010 |train kld: 1.70647 |train kld ravg: 1.75662 |train mae:  4.29914 |train mae ravg:  4.63435 |val kld: 2.07829 |val kldravg: 2.69716 |val mae:  5.57966 |val mae ravg:  7.91901 |
|epoch:  28 | lr: 0.010 |train kld: 1.75253 |train kld ravg: 1.75064 |train mae:  4.68856 |train mae ravg:  4.62541 |val kld: 2.33091 |val kldravg: 2.57558 |val mae:  7.23188 |val mae ravg:  7.34907 |
|epoch:  29 | lr: 0.010 |train kld: 1.80471 |train kld ravg: 1.75547 |train mae:  4.86128 |train mae ravg:  4.65332 |val kld: 2.30059 |val kldravg: 2.52969 |val mae:  7.03041 |val mae ravg:  6.93040 |
|epoch:  30 | lr: 0.003 |train kld: 1.70433 |train kld ravg: 1.74523 |train mae:  4.36166 |train mae ravg:  4.55890 |val kld: 1.96289 |val kldravg: 2.16126 |val mae:  5.45152 |val mae ravg:  6.43201 |
|epoch:  31 | lr: 0.003 |train kld: 1.67138 |train kld ravg: 1.72788 |train mae:  4.24743 |train mae ravg:  4.49161 |val kld: 2.21915 |val kldravg: 2.17836 |val mae:  7.32195 |val mae ravg:  6.52309 |
|epoch:  32 | lr: 0.003 |train kld: 1.65480 |train kld ravg: 1.71755 |train mae:  4.18883 |train mae ravg:  4.46955 |val kld: 1.93305 |val kldravg: 2.14932 |val mae:  5.30576 |val mae ravg:  6.46831 |
|epoch:  33 | lr: 0.003 |train kld: 1.71586 |train kld ravg: 1.71022 |train mae:  4.46532 |train mae ravg:  4.42490 |val kld: 2.27065 |val kldravg: 2.13726 |val mae:  7.78908 |val mae ravg:  6.57975 |
|epoch:  34 | lr: 0.003 |train kld: 1.67860 |train kld ravg: 1.68499 |train mae:  4.29018 |train mae ravg:  4.31068 |val kld: 1.99600 |val kldravg: 2.07635 |val mae:  5.81774 |val mae ravg:  6.33721 |
|epoch:  35 | lr: 0.003 |train kld: 1.64426 |train kld ravg: 1.67298 |train mae:  4.28421 |train mae ravg:  4.29519 |val kld: 2.01748 |val kldravg: 2.08727 |val mae:  5.11711 |val mae ravg:  6.27033 |
|epoch:  36 | lr: 0.003 |train kld: 1.68022 |train kld ravg: 1.67475 |train mae:  4.25952 |train mae ravg:  4.29761 |val kld: 2.43198 |val kldravg: 2.12983 |val mae:  8.68779 |val mae ravg:  6.54350 |
|epoch:  37 | lr: 0.003 |train kld: 1.64066 |train kld ravg: 1.67192 |train mae:  4.32230 |train mae ravg:  4.32431 |val kld: 2.03948 |val kldravg: 2.15112 |val mae:  5.32833 |val mae ravg:  6.54801 |
|epoch:  38 | lr: 0.003 |train kld: 1.61813 |train kld ravg: 1.65237 |train mae:  4.02179 |train mae ravg:  4.23560 |val kld: 1.96260 |val kldravg: 2.08951 |val mae:  5.27545 |val mae ravg:  6.04529 |
|epoch:  39 | lr: 0.003 |train kld: 1.61704 |train kld ravg: 1.64006 |train mae:  4.05703 |train mae ravg:  4.18897 |val kld: 2.06963 |val kldravg: 2.10423 |val mae:  5.78728 |val mae ravg:  6.03919 |
|epoch:  40 | lr: 0.003 |train kld: 1.64411 |train kld ravg: 1.64003 |train mae:  4.16706 |train mae ravg:  4.16554 |val kld: 1.99944 |val kldravg: 2.10062 |val mae:  5.99143 |val mae ravg:  6.21406 |
|epoch:  41 | lr: 0.003 |train kld: 1.59874 |train kld ravg: 1.62374 |train mae:  3.96793 |train mae ravg:  4.10722 |val kld: 2.07819 |val kldravg: 2.02987 |val mae:  5.22959 |val mae ravg:  5.52242 |
|epoch:  42 | lr: 0.003 |train kld: 1.62057 |train kld ravg: 1.61972 |train mae:  4.15796 |train mae ravg:  4.07435 |val kld: 2.26256 |val kldravg: 2.07448 |val mae:  6.61440 |val mae ravg:  5.77963 |
|epoch:  43 | lr: 0.003 |train kld: 1.58699 |train kld ravg: 1.61349 |train mae:  3.91201 |train mae ravg:  4.05240 |val kld: 2.10528 |val kldravg: 2.10302 |val mae:  5.23922 |val mae ravg:  5.77238 |
|epoch:  44 | lr: 0.003 |train kld: 1.63968 |train kld ravg: 1.61802 |train mae:  4.21427 |train mae ravg:  4.08385 |val kld: 2.00501 |val kldravg: 2.09010 |val mae:  5.25700 |val mae ravg:  5.66633 |
|epoch:  45 | lr: 0.003 |train kld: 1.60317 |train kld ravg: 1.60983 |train mae:  4.12701 |train mae ravg:  4.07583 |val kld: 3.24716 |val kldravg: 2.33964 |val mae:  9.38501 |val mae ravg:  6.34504 |
|epoch:  46 | lr: 0.003 |train kld: 1.60950 |train kld ravg: 1.61198 |train mae:  4.07451 |train mae ravg:  4.09715 |val kld: 1.89364 |val kldravg: 2.30273 |val mae:  5.40470 |val mae ravg:  6.38006 |
|epoch:  47 | lr: 0.003 |train kld: 1.54798 |train kld ravg: 1.59746 |train mae:  3.76480 |train mae ravg:  4.01852 |val kld: 1.93946 |val kldravg: 2.23811 |val mae:  5.42510 |val mae ravg:  6.14221 |
|epoch:  48 | lr: 0.003 |train kld: 1.54486 |train kld ravg: 1.58904 |train mae:  3.71976 |train mae ravg:  3.98007 |val kld: 2.36234 |val kldravg: 2.28952 |val mae:  5.65102 |val mae ravg:  6.22457 |
|epoch:  49 | lr: 0.003 |train kld: 1.60576 |train kld ravg: 1.58225 |train mae:  4.05536 |train mae ravg:  3.94829 |val kld: 2.06362 |val kldravg: 2.30125 |val mae:  5.21571 |val mae ravg:  6.21631 |
|epoch:  50 | lr: 0.003 |train kld: 1.61250 |train kld ravg: 1.58412 |train mae:  4.20927 |train mae ravg:  3.96474 |val kld: 2.47643 |val kldravg: 2.14710 |val mae:  6.78283 |val mae ravg:  5.69587 |
|epoch:  51 | lr: 0.003 |train kld: 1.59561 |train kld ravg: 1.58134 |train mae:  4.08007 |train mae ravg:  3.96585 |val kld: 1.98016 |val kldravg: 2.16440 |val mae:  5.70609 |val mae ravg:  5.75615 |
|epoch:  52 | lr: 0.003 |train kld: 1.56714 |train kld ravg: 1.58517 |train mae:  3.87330 |train mae ravg:  3.98755 |val kld: 2.02746 |val kldravg: 2.18200 |val mae:  6.40154 |val mae ravg:  5.95144 |
|epoch:  53 | lr: 0.003 |train kld: 1.54384 |train kld ravg: 1.58497 |train mae:  3.79990 |train mae ravg:  4.00358 |val kld: 3.31189 |val kldravg: 2.37191 |val mae:  9.46263 |val mae ravg:  6.71376 |
|epoch:  54 | lr: 0.003 |train kld: 1.52620 |train kld ravg: 1.56906 |train mae:  3.72203 |train mae ravg:  3.93691 |val kld: 2.55986 |val kldravg: 2.47116 |val mae:  5.93023 |val mae ravg:  6.85666 |
|epoch:  55 | lr: 0.003 |train kld: 1.55389 |train kld ravg: 1.55734 |train mae:  3.90995 |train mae ravg:  3.87705 |val kld: 4.22202 |val kldravg: 2.82028 |val mae:  10.49515 |val mae ravg:  7.59913 |
|epoch:  56 | lr: 0.003 |train kld: 1.56048 |train kld ravg: 1.55031 |train mae:  3.93771 |train mae ravg:  3.84858 |val kld: 2.99978 |val kldravg: 3.02420 |val mae:  6.07828 |val mae ravg:  7.67357 |
|epoch:  57 | lr: 0.003 |train kld: 1.59564 |train kld ravg: 1.55601 |train mae:  4.09421 |train mae ravg:  3.89276 |val kld: 4.24813 |val kldravg: 3.46834 |val mae:  8.81329 |val mae ravg:  8.15591 |
|epoch:  58 | lr: 0.003 |train kld: 1.53387 |train kld ravg: 1.55402 |train mae:  3.79248 |train mae ravg:  3.89128 |val kld: 1.91633 |val kldravg: 3.18922 |val mae:  4.92506 |val mae ravg:  7.24840 |
|epoch:  59 | lr: 0.003 |train kld: 1.51487 |train kld ravg: 1.55175 |train mae:  3.65218 |train mae ravg:  3.87731 |val kld: 2.15166 |val kldravg: 3.10758 |val mae:  7.44868 |val mae ravg:  7.55209 |
|epoch:  60 | lr: 0.001 |train kld: 1.45068 |train kld ravg: 1.53111 |train mae:  3.48389 |train mae ravg:  3.79209 |val kld: 2.43714 |val kldravg: 2.75061 |val mae:  6.44495 |val mae ravg:  6.74205 |
|epoch:  61 | lr: 0.001 |train kld: 1.54459 |train kld ravg: 1.52793 |train mae:  3.76849 |train mae ravg:  3.75825 |val kld: 2.04962 |val kldravg: 2.56058 |val mae:  6.04292 |val mae ravg:  6.73498 |
|epoch:  62 | lr: 0.001 |train kld: 1.48029 |train kld ravg: 1.50486 |train mae:  3.67777 |train mae ravg:  3.67496 |val kld: 2.30861 |val kldravg: 2.17267 |val mae:  5.31618 |val mae ravg:  6.03556 |
|epoch:  63 | lr: 0.001 |train kld: 1.42307 |train kld ravg: 1.48270 |train mae:  3.28179 |train mae ravg:  3.57283 |val kld: 1.88556 |val kldravg: 2.16652 |val mae:  5.18464 |val mae ravg:  6.08747 |
|epoch:  64 | lr: 0.001 |train kld: 1.46642 |train kld ravg: 1.47301 |train mae:  3.63216 |train mae ravg:  3.56882 |val kld: 1.84478 |val kldravg: 2.10514 |val mae:  4.99857 |val mae ravg:  5.59745 |
|epoch:  65 | lr: 0.001 |train kld: 1.51019 |train kld ravg: 1.48491 |train mae:  3.79150 |train mae ravg:  3.63035 |val kld: 1.89966 |val kldravg: 1.99765 |val mae:  4.79993 |val mae ravg:  5.26845 |
|epoch:  66 | lr: 0.001 |train kld: 1.44722 |train kld ravg: 1.46544 |train mae:  3.46125 |train mae ravg:  3.56890 |val kld: 2.02194 |val kldravg: 1.99211 |val mae:  4.98681 |val mae ravg:  5.05722 |
|epoch:  67 | lr: 0.001 |train kld: 1.39731 |train kld ravg: 1.44884 |train mae:  3.24904 |train mae ravg:  3.48315 |val kld: 2.71128 |val kldravg: 2.07264 |val mae:  5.95572 |val mae ravg:  5.18513 |
|epoch:  68 | lr: 0.001 |train kld: 1.43848 |train kld ravg: 1.45192 |train mae:  3.41350 |train mae ravg:  3.50949 |val kld: 3.16338 |val kldravg: 2.32821 |val mae:  8.66562 |val mae ravg:  5.88133 |
|epoch:  69 | lr: 0.001 |train kld: 1.42650 |train kld ravg: 1.44394 |train mae:  3.43563 |train mae ravg:  3.47018 |val kld: 1.91772 |val kldravg: 2.34280 |val mae:  5.03909 |val mae ravg:  5.88943 |
|epoch:  70 | lr: 0.001 |train kld: 1.41848 |train kld ravg: 1.42560 |train mae:  3.40288 |train mae ravg:  3.39246 |val kld: 3.08840 |val kldravg: 2.58054 |val mae:  6.02429 |val mae ravg:  6.13430 |
|epoch:  71 | lr: 0.001 |train kld: 1.46249 |train kld ravg: 1.42865 |train mae:  3.62390 |train mae ravg:  3.42499 |val kld: 2.02755 |val kldravg: 2.58167 |val mae:  6.37714 |val mae ravg:  6.41237 |
|epoch:  72 | lr: 0.001 |train kld: 1.41641 |train kld ravg: 1.43247 |train mae:  3.36096 |train mae ravg:  3.44737 |val kld: 2.01716 |val kldravg: 2.44284 |val mae:  5.00017 |val mae ravg:  6.22126 |
|epoch:  73 | lr: 0.001 |train kld: 1.42011 |train kld ravg: 1.42880 |train mae:  3.34323 |train mae ravg:  3.43332 |val kld: 2.69205 |val kldravg: 2.34858 |val mae:  9.22471 |val mae ravg:  6.33308 |
|epoch:  74 | lr: 0.001 |train kld: 1.44979 |train kld ravg: 1.43346 |train mae:  3.60198 |train mae ravg:  3.46659 |val kld: 1.91108 |val kldravg: 2.34725 |val mae:  5.36549 |val mae ravg:  6.39836 |
|epoch:  75 | lr: 0.001 |train kld: 1.41693 |train kld ravg: 1.43315 |train mae:  3.20732 |train mae ravg:  3.42748 |val kld: 2.64783 |val kldravg: 2.25913 |val mae:  5.97745 |val mae ravg:  6.38899 |
|epoch:  76 | lr: 0.001 |train kld: 1.42213 |train kld ravg: 1.42507 |train mae:  3.42104 |train mae ravg:  3.38690 |val kld: 2.90440 |val kldravg: 2.43450 |val mae:  6.05538 |val mae ravg:  6.32464 |
|epoch:  77 | lr: 0.001 |train kld: 1.37281 |train kld ravg: 1.41635 |train mae:  3.16436 |train mae ravg:  3.34758 |val kld: 2.62173 |val kldravg: 2.55542 |val mae:  5.95823 |val mae ravg:  6.51625 |
|epoch:  78 | lr: 0.001 |train kld: 1.33388 |train kld ravg: 1.39911 |train mae:  3.14030 |train mae ravg:  3.30700 |val kld: 1.88843 |val kldravg: 2.39469 |val mae:  5.01155 |val mae ravg:  5.67362 |
|epoch:  79 | lr: 0.001 |train kld: 1.45765 |train kld ravg: 1.40068 |train mae:  3.60092 |train mae ravg:  3.30679 |val kld: 3.31723 |val kldravg: 2.67592 |val mae:  7.21829 |val mae ravg:  6.04418 |
|epoch:  80 | lr: 0.001 |train kld: 1.47144 |train kld ravg: 1.41158 |train mae:  3.59479 |train mae ravg:  3.38428 |val kld: 2.56840 |val kldravg: 2.66004 |val mae:  7.23558 |val mae ravg:  6.29580 |
|epoch:  81 | lr: 0.001 |train kld: 1.41261 |train kld ravg: 1.40968 |train mae:  3.30397 |train mae ravg:  3.36087 |val kld: 2.27889 |val kldravg: 2.53494 |val mae:  5.34427 |val mae ravg:  6.15358 |
|epoch:  82 | lr: 0.001 |train kld: 1.43026 |train kld ravg: 1.42117 |train mae:  3.47603 |train mae ravg:  3.42320 |val kld: 2.11455 |val kldravg: 2.43350 |val mae:  5.27969 |val mae ravg:  6.01788 |
|epoch:  83 | lr: 0.001 |train kld: 1.41460 |train kld ravg: 1.43731 |train mae:  3.57646 |train mae ravg:  3.51044 |val kld: 1.77620 |val kldravg: 2.41106 |val mae:  4.74509 |val mae ravg:  5.96459 |
|epoch:  84 | lr: 0.001 |train kld: 1.42954 |train kld ravg: 1.43169 |train mae:  3.49804 |train mae ravg:  3.48986 |val kld: 1.93165 |val kldravg: 2.13394 |val mae:  5.11845 |val mae ravg:  5.54462 |
|epoch:  85 | lr: 0.001 |train kld: 1.40380 |train kld ravg: 1.41816 |train mae:  3.45927 |train mae ravg:  3.46276 |val kld: 1.99136 |val kldravg: 2.01853 |val mae:  4.94228 |val mae ravg:  5.08596 |
|epoch:  86 | lr: 0.001 |train kld: 1.43153 |train kld ravg: 1.42195 |train mae:  3.43176 |train mae ravg:  3.48831 |val kld: 3.00764 |val kldravg: 2.16428 |val mae:  6.09865 |val mae ravg:  5.23683 |
|epoch:  87 | lr: 0.001 |train kld: 1.38933 |train kld ravg: 1.41376 |train mae:  3.35202 |train mae ravg:  3.46351 |val kld: 1.82281 |val kldravg: 2.10593 |val mae:  4.84240 |val mae ravg:  5.14937 |
|epoch:  88 | lr: 0.001 |train kld: 1.40170 |train kld ravg: 1.41118 |train mae:  3.43739 |train mae ravg:  3.43570 |val kld: 2.90110 |val kldravg: 2.33091 |val mae:  7.79878 |val mae ravg:  5.76011 |
|epoch:  89 | lr: 0.001 |train kld: 1.36708 |train kld ravg: 1.39869 |train mae:  3.21222 |train mae ravg:  3.37853 |val kld: 2.22519 |val kldravg: 2.38962 |val mae:  7.19669 |val mae ravg:  6.17576 |
|epoch:  90 | lr: 0.000 |train kld: 1.34344 |train kld ravg: 1.38662 |train mae:  3.15518 |train mae ravg:  3.31772 |val kld: 2.36937 |val kldravg: 2.46522 |val mae:  5.66244 |val mae ravg:  6.31979 |
|epoch:  91 | lr: 0.000 |train kld: 1.32982 |train kld ravg: 1.36627 |train mae:  3.24331 |train mae ravg:  3.28003 |val kld: 1.88265 |val kldravg: 2.24022 |val mae:  4.84050 |val mae ravg:  6.06817 |
|epoch:  92 | lr: 0.000 |train kld: 1.37202 |train kld ravg: 1.36281 |train mae:  3.36542 |train mae ravg:  3.28271 |val kld: 1.96273 |val kldravg: 2.26821 |val mae:  5.19511 |val mae ravg:  6.13871 |
|epoch:  93 | lr: 0.000 |train kld: 1.34528 |train kld ravg: 1.35153 |train mae:  3.34059 |train mae ravg:  3.26334 |val kld: 2.14435 |val kldravg: 2.11686 |val mae:  5.07670 |val mae ravg:  5.59429 |
|epoch:  94 | lr: 0.000 |train kld: 1.29145 |train kld ravg: 1.33640 |train mae:  2.95271 |train mae ravg:  3.21144 |val kld: 2.27183 |val kldravg: 2.12619 |val mae:  5.40705 |val mae ravg:  5.23636 |
|epoch:  95 | lr: 0.000 |train kld: 1.33272 |train kld ravg: 1.33426 |train mae:  3.06720 |train mae ravg:  3.19385 |val kld: 1.83945 |val kldravg: 2.02020 |val mae:  4.82493 |val mae ravg:  5.06886 |
|epoch:  96 | lr: 0.000 |train kld: 1.34729 |train kld ravg: 1.33775 |train mae:  3.18357 |train mae ravg:  3.18190 |val kld: 2.45711 |val kldravg: 2.13510 |val mae:  6.07056 |val mae ravg:  5.31487 |
|epoch:  97 | lr: 0.000 |train kld: 1.33254 |train kld ravg: 1.32986 |train mae:  3.15207 |train mae ravg:  3.13923 |val kld: 1.77271 |val kldravg: 2.09709 |val mae:  4.75553 |val mae ravg:  5.22695 |
|epoch:  98 | lr: 0.000 |train kld: 1.33786 |train kld ravg: 1.32837 |train mae:  3.27096 |train mae ravg:  3.12530 |val kld: 2.24496 |val kldravg: 2.11721 |val mae:  5.15224 |val mae ravg:  5.24206 |
|epoch:  99 | lr: 0.000 |train kld: 1.38398 |train kld ravg: 1.34688 |train mae:  3.34923 |train mae ravg:  3.20461 |val kld: 2.33305 |val kldravg: 2.12946 |val mae:  5.45038 |val mae ravg:  5.25073 |
|epoch: 100 | lr: 0.000 |train kld: 1.34774 |train kld ravg: 1.34988 |train mae:  3.24973 |train mae ravg:  3.24111 |val kld: 1.91616 |val kldravg: 2.14480 |val mae:  5.46256 |val mae ravg:  5.37825 |
|epoch: 101 | lr: 0.000 |train kld: 1.38719 |train kld ravg: 1.35786 |train mae:  3.20955 |train mae ravg:  3.24631 |val kld: 1.97094 |val kldravg: 2.04757 |val mae:  4.93700 |val mae ravg:  5.15154 |
|epoch: 102 | lr: 0.000 |train kld: 1.32428 |train kld ravg: 1.35621 |train mae:  3.06920 |train mae ravg:  3.22974 |val kld: 1.94584 |val kldravg: 2.08219 |val mae:  4.92225 |val mae ravg:  5.18489 |
|epoch: 103 | lr: 0.000 |train kld: 1.35629 |train kld ravg: 1.35990 |train mae:  3.21241 |train mae ravg:  3.21803 |val kld: 2.12847 |val kldravg: 2.05889 |val mae:  5.16280 |val mae ravg:  5.18700 |
|epoch: 104 | lr: 0.000 |train kld: 1.31431 |train kld ravg: 1.34596 |train mae:  3.02482 |train mae ravg:  3.15314 |val kld: 2.10715 |val kldravg: 2.01371 |val mae:  5.18358 |val mae ravg:  5.13364 |
|epoch: 105 | lr: 0.000 |train kld: 1.34902 |train kld ravg: 1.34622 |train mae:  3.30722 |train mae ravg:  3.16464 |val kld: 2.15606 |val kldravg: 2.06169 |val mae:  5.10942 |val mae ravg:  5.06301 |
|epoch: 106 | lr: 0.000 |train kld: 1.31946 |train kld ravg: 1.33267 |train mae:  3.03823 |train mae ravg:  3.13038 |val kld: 2.08458 |val kldravg: 2.08442 |val mae:  7.04218 |val mae ravg:  5.48405 |
|epoch: 107 | lr: 0.000 |train kld: 1.29880 |train kld ravg: 1.32758 |train mae:  3.01115 |train mae ravg:  3.11877 |val kld: 1.81506 |val kldravg: 2.05826 |val mae:  4.71226 |val mae ravg:  5.44205 |
|epoch: 108 | lr: 0.000 |train kld: 1.32458 |train kld ravg: 1.32123 |train mae:  3.06908 |train mae ravg:  3.09010 |val kld: 1.91097 |val kldravg: 2.01476 |val mae:  5.18306 |val mae ravg:  5.44610 |
|epoch: 109 | lr: 0.000 |train kld: 1.37533 |train kld ravg: 1.33344 |train mae:  3.32239 |train mae ravg:  3.14961 |val kld: 3.07210 |val kldravg: 2.20775 |val mae:  8.26516 |val mae ravg:  6.06242 |
|epoch: 110 | lr: 0.000 |train kld: 1.29637 |train kld ravg: 1.32291 |train mae:  3.10621 |train mae ravg:  3.10941 |val kld: 1.99723 |val kldravg: 2.17599 |val mae:  4.95376 |val mae ravg:  6.03129 |
|epoch: 111 | lr: 0.000 |train kld: 1.30024 |train kld ravg: 1.31907 |train mae:  3.08852 |train mae ravg:  3.11947 |val kld: 1.86151 |val kldravg: 2.13138 |val mae:  4.80092 |val mae ravg:  5.58303 |
|epoch: 112 | lr: 0.000 |train kld: 1.33957 |train kld ravg: 1.32722 |train mae:  3.11722 |train mae ravg:  3.14069 |val kld: 2.19711 |val kldravg: 2.20778 |val mae:  5.48964 |val mae ravg:  5.73851 |
|epoch: 113 | lr: 0.000 |train kld: 1.31438 |train kld ravg: 1.32518 |train mae:  3.09244 |train mae ravg:  3.14536 |val kld: 2.16346 |val kldravg: 2.25828 |val mae:  5.14117 |val mae ravg:  5.73013 |
|epoch: 114 | lr: 0.000 |train kld: 1.38611 |train kld ravg: 1.32734 |train mae:  3.37999 |train mae ravg:  3.15688 |val kld: 1.83410 |val kldravg: 2.01068 |val mae:  4.77578 |val mae ravg:  5.03225 |
|epoch: 115 | lr: 0.000 |train kld: 1.35020 |train kld ravg: 1.33810 |train mae:  3.25413 |train mae ravg:  3.18646 |val kld: 2.11478 |val kldravg: 2.03419 |val mae:  5.18986 |val mae ravg:  5.07947 |
|epoch: 116 | lr: 0.000 |train kld: 1.34390 |train kld ravg: 1.34683 |train mae:  3.25362 |train mae ravg:  3.21948 |val kld: 2.07153 |val kldravg: 2.07620 |val mae:  6.11713 |val mae ravg:  5.34272 |
|epoch: 117 | lr: 0.000 |train kld: 1.36828 |train kld ravg: 1.35258 |train mae:  3.36790 |train mae ravg:  3.26961 |val kld: 1.91084 |val kldravg: 2.01894 |val mae:  5.14226 |val mae ravg:  5.27324 |
|epoch: 118 | lr: 0.000 |train kld: 1.29567 |train kld ravg: 1.34884 |train mae:  3.08594 |train mae ravg:  3.26831 |val kld: 1.87300 |val kldravg: 1.96085 |val mae:  4.81484 |val mae ravg:  5.20797 |
|epoch: 119 | lr: 0.000 |train kld: 1.32423 |train kld ravg: 1.33646 |train mae:  3.11468 |train mae ravg:  3.21525 |val kld: 2.15135 |val kldravg: 2.02430 |val mae:  5.54642 |val mae ravg:  5.36210 |
|epoch: 120 | lr: 0.000 |train kld: 1.29617 |train kld ravg: 1.32565 |train mae:  3.04796 |train mae ravg:  3.17402 |val kld: 1.86022 |val kldravg: 1.97339 |val mae:  5.12307 |val mae ravg:  5.34874 |
|epoch: 121 | lr: 0.000 |train kld: 1.33281 |train kld ravg: 1.32343 |train mae:  3.20727 |train mae ravg:  3.16475 |val kld: 1.94319 |val kldravg: 1.94772 |val mae:  4.95385 |val mae ravg:  5.11609 |
|epoch: 122 | lr: 0.000 |train kld: 1.34196 |train kld ravg: 1.31817 |train mae:  3.28275 |train mae ravg:  3.14772 |val kld: 1.91095 |val kldravg: 1.94774 |val mae:  4.90215 |val mae ravg:  5.06807 |
|epoch: 123 | lr: 0.000 |train kld: 1.32704 |train kld ravg: 1.32444 |train mae:  3.06509 |train mae ravg:  3.14355 |val kld: 1.90178 |val kldravg: 1.95350 |val mae:  4.97292 |val mae ravg:  5.09968 |
|epoch: 124 | lr: 0.000 |train kld: 1.29451 |train kld ravg: 1.31850 |train mae:  3.00869 |train mae ravg:  3.12235 |val kld: 1.85512 |val kldravg: 1.89425 |val mae:  4.76787 |val mae ravg:  4.94397 |
|epoch: 125 | lr: 0.000 |train kld: 1.27152 |train kld ravg: 1.31357 |train mae:  2.89010 |train mae ravg:  3.09078 |val kld: 1.98146 |val kldravg: 1.91850 |val mae:  4.85454 |val mae ravg:  4.89027 |
|epoch: 126 | lr: 0.000 |train kld: 1.28078 |train kld ravg: 1.30316 |train mae:  3.00458 |train mae ravg:  3.05024 |val kld: 1.88804 |val kldravg: 1.90747 |val mae:  4.95482 |val mae ravg:  4.89046 |
|epoch: 127 | lr: 0.000 |train kld: 1.26947 |train kld ravg: 1.28867 |train mae:  3.02639 |train mae ravg:  2.99897 |val kld: 1.87274 |val kldravg: 1.89983 |val mae:  4.84412 |val mae ravg:  4.87886 |
|epoch: 128 | lr: 0.000 |train kld: 1.28811 |train kld ravg: 1.28088 |train mae:  3.09082 |train mae ravg:  3.00412 |val kld: 1.87811 |val kldravg: 1.89509 |val mae:  4.73126 |val mae ravg:  4.83052 |
|epoch: 129 | lr: 0.000 |train kld: 1.32824 |train kld ravg: 1.28763 |train mae:  3.15800 |train mae ravg:  3.03398 |val kld: 1.87393 |val kldravg: 1.89886 |val mae:  5.06476 |val mae ravg:  4.88990 |
|epoch: 130 | lr: 0.000 |train kld: 1.29781 |train kld ravg: 1.29288 |train mae:  3.10311 |train mae ravg:  3.07658 |val kld: 1.82077 |val kldravg: 1.86672 |val mae:  4.82211 |val mae ravg:  4.88341 |
|epoch: 131 | lr: 0.000 |train kld: 1.33692 |train kld ravg: 1.30411 |train mae:  3.09765 |train mae ravg:  3.09520 |val kld: 1.83997 |val kldravg: 1.85710 |val mae:  4.63252 |val mae ravg:  4.81895 |
|epoch: 132 | lr: 0.000 |train kld: 1.31648 |train kld ravg: 1.31351 |train mae:  3.16905 |train mae ravg:  3.12373 |val kld: 1.92871 |val kldravg: 1.86830 |val mae:  4.96996 |val mae ravg:  4.84412 |
|epoch: 133 | lr: 0.000 |train kld: 1.31396 |train kld ravg: 1.31868 |train mae:  3.10664 |train mae ravg:  3.12689 |val kld: 1.88385 |val kldravg: 1.86945 |val mae:  4.92253 |val mae ravg:  4.88238 |
|epoch: 134 | lr: 0.000 |train kld: 1.32280 |train kld ravg: 1.31759 |train mae:  3.25078 |train mae ravg:  3.14545 |val kld: 1.83408 |val kldravg: 1.86148 |val mae:  4.97569 |val mae ravg:  4.86456 |
|epoch: 135 | lr: 0.000 |train kld: 1.30457 |train kld ravg: 1.31894 |train mae:  3.15313 |train mae ravg:  3.15545 |val kld: 1.94127 |val kldravg: 1.88558 |val mae:  4.86043 |val mae ravg:  4.87223 |
|epoch: 136 | lr: 0.000 |train kld: 1.29367 |train kld ravg: 1.31029 |train mae:  2.94351 |train mae ravg:  3.12462 |val kld: 1.86529 |val kldravg: 1.89064 |val mae:  4.86767 |val mae ravg:  4.91925 |
|epoch: 137 | lr: 0.000 |train kld: 1.30910 |train kld ravg: 1.30882 |train mae:  3.11459 |train mae ravg:  3.11373 |val kld: 1.82829 |val kldravg: 1.87056 |val mae:  4.77053 |val mae ravg:  4.87937 |
|epoch: 138 | lr: 0.000 |train kld: 1.29411 |train kld ravg: 1.30485 |train mae:  3.07820 |train mae ravg:  3.10804 |val kld: 2.04579 |val kldravg: 1.90294 |val mae:  4.99901 |val mae ravg:  4.89466 |
|epoch: 139 | lr: 0.000 |train kld: 1.31686 |train kld ravg: 1.30366 |train mae:  3.03944 |train mae ravg:  3.06577 |val kld: 1.89233 |val kldravg: 1.91459 |val mae:  4.79733 |val mae ravg:  4.85899 |
|epoch: 140 | lr: 0.000 |train kld: 1.32348 |train kld ravg: 1.30744 |train mae:  3.14630 |train mae ravg:  3.06441 |val kld: 1.92500 |val kldravg: 1.91134 |val mae:  4.71171 |val mae ravg:  4.82925 |
|epoch: 141 | lr: 0.000 |train kld: 1.30443 |train kld ravg: 1.30960 |train mae:  2.97853 |train mae ravg:  3.07141 |val kld: 1.84261 |val kldravg: 1.90680 |val mae:  4.84666 |val mae ravg:  4.82505 |
|epoch: 142 | lr: 0.000 |train kld: 1.30600 |train kld ravg: 1.30898 |train mae:  3.13541 |train mae ravg:  3.07558 |val kld: 1.97844 |val kldravg: 1.93683 |val mae:  5.06655 |val mae ravg:  4.88425 |
|epoch: 143 | lr: 0.000 |train kld: 1.28452 |train kld ravg: 1.30706 |train mae:  2.95369 |train mae ravg:  3.05067 |val kld: 2.21133 |val kldravg: 1.96994 |val mae:  5.24194 |val mae ravg:  4.93284 |
|epoch: 144 | lr: 0.000 |train kld: 1.32832 |train kld ravg: 1.30935 |train mae:  3.15444 |train mae ravg:  3.07368 |val kld: 1.81727 |val kldravg: 1.95493 |val mae:  4.53878 |val mae ravg:  4.88113 |
|epoch: 145 | lr: 0.000 |train kld: 1.33933 |train kld ravg: 1.31252 |train mae:  3.28020 |train mae ravg:  3.10046 |val kld: 2.11278 |val kldravg: 1.99249 |val mae:  5.23403 |val mae ravg:  4.98559 |
|epoch: 146 | lr: 0.000 |train kld: 1.28197 |train kld ravg: 1.30803 |train mae:  2.94774 |train mae ravg:  3.09430 |val kld: 1.93380 |val kldravg: 2.01072 |val mae:  4.76711 |val mae ravg:  4.96968 |
|epoch: 147 | lr: 0.000 |train kld: 1.31320 |train kld ravg: 1.30947 |train mae:  3.19563 |train mae ravg:  3.10634 |val kld: 1.87624 |val kldravg: 1.99028 |val mae:  5.07974 |val mae ravg:  4.97232 |
|epoch: 148 | lr: 0.000 |train kld: 1.30991 |train kld ravg: 1.31454 |train mae:  3.08213 |train mae ravg:  3.13203 |val kld: 1.86544 |val kldravg: 1.92110 |val mae:  5.12547 |val mae ravg:  4.94903 |
|epoch: 149 | lr: 0.000 |train kld: 1.28920 |train kld ravg: 1.30672 |train mae:  2.93530 |train mae ravg:  3.08820 |val kld: 1.84473 |val kldravg: 1.92660 |val mae:  4.66910 |val mae ravg:  4.97509 |
|epoch: 150 | lr: 0.000 |train kld: 1.26704 |train kld ravg: 1.29226 |train mae:  2.95908 |train mae ravg:  3.02398 |val kld: 1.84323 |val kldravg: 1.87269 |val mae:  4.73196 |val mae ravg:  4.87468 |
|epoch: 151 | lr: 0.000 |train kld: 1.30089 |train kld ravg: 1.29605 |train mae:  3.07251 |train mae ravg:  3.04893 |val kld: 1.88275 |val kldravg: 1.86248 |val mae:  4.75686 |val mae ravg:  4.87263 |
|epoch: 152 | lr: 0.000 |train kld: 1.29479 |train kld ravg: 1.29236 |train mae:  3.19098 |train mae ravg:  3.04800 |val kld: 1.85187 |val kldravg: 1.85760 |val mae:  4.93235 |val mae ravg:  4.84315 |
|epoch: 153 | lr: 0.000 |train kld: 1.30081 |train kld ravg: 1.29054 |train mae:  2.99234 |train mae ravg:  3.03004 |val kld: 1.78289 |val kldravg: 1.84109 |val mae:  4.75421 |val mae ravg:  4.76890 |
|epoch: 154 | lr: 0.000 |train kld: 1.28059 |train kld ravg: 1.28882 |train mae:  2.90252 |train mae ravg:  3.02349 |val kld: 1.83534 |val kldravg: 1.83921 |val mae:  4.83286 |val mae ravg:  4.80165 |
|epoch: 155 | lr: 0.000 |train kld: 1.32979 |train kld ravg: 1.30137 |train mae:  3.18884 |train mae ravg:  3.06944 |val kld: 1.85484 |val kldravg: 1.84154 |val mae:  4.83154 |val mae ravg:  4.82157 |
|epoch: 156 | lr: 0.000 |train kld: 1.25756 |train kld ravg: 1.29271 |train mae:  3.00319 |train mae ravg:  3.05557 |val kld: 1.84424 |val kldravg: 1.83383 |val mae:  4.84311 |val mae ravg:  4.83882 |
|epoch: 157 | lr: 0.000 |train kld: 1.27107 |train kld ravg: 1.28796 |train mae:  3.02176 |train mae ravg:  3.02173 |val kld: 1.85276 |val kldravg: 1.83401 |val mae:  4.80113 |val mae ravg:  4.81257 |
|epoch: 158 | lr: 0.000 |train kld: 1.36043 |train kld ravg: 1.29989 |train mae:  3.19169 |train mae ravg:  3.06160 |val kld: 1.93434 |val kldravg: 1.86430 |val mae:  4.77946 |val mae ravg:  4.81762 |
|epoch: 159 | lr: 0.000 |train kld: 1.25083 |train kld ravg: 1.29394 |train mae:  2.82074 |train mae ravg:  3.04524 |val kld: 1.83673 |val kldravg: 1.86458 |val mae:  4.80727 |val mae ravg:  4.81250 |
|epoch: 160 | lr: 0.000 |train kld: 1.24142 |train kld ravg: 1.27626 |train mae:  2.77739 |train mae ravg:  2.96295 |val kld: 1.84301 |val kldravg: 1.86222 |val mae:  4.91089 |val mae ravg:  4.82837 |
|epoch: 161 | lr: 0.000 |train kld: 1.27254 |train kld ravg: 1.27926 |train mae:  2.90760 |train mae ravg:  2.94383 |val kld: 1.94109 |val kldravg: 1.88159 |val mae:  4.86522 |val mae ravg:  4.83279 |
|epoch: 162 | lr: 0.000 |train kld: 1.32091 |train kld ravg: 1.28923 |train mae:  3.18000 |train mae ravg:  2.97548 |val kld: 1.87553 |val kldravg: 1.88614 |val mae:  4.78217 |val mae ravg:  4.82900 |
|epoch: 163 | lr: 0.000 |train kld: 1.28960 |train kld ravg: 1.27506 |train mae:  3.10344 |train mae ravg:  2.95783 |val kld: 1.86808 |val kldravg: 1.87289 |val mae:  4.75337 |val mae ravg:  4.82378 |
|epoch: 164 | lr: 0.000 |train kld: 1.31985 |train kld ravg: 1.28886 |train mae:  3.24695 |train mae ravg:  3.04308 |val kld: 1.81948 |val kldravg: 1.86944 |val mae:  4.58001 |val mae ravg:  4.77833 |
|epoch: 165 | lr: 0.000 |train kld: 1.28475 |train kld ravg: 1.29753 |train mae:  3.01648 |train mae ravg:  3.09089 |val kld: 1.87872 |val kldravg: 1.87658 |val mae:  4.87727 |val mae ravg:  4.77161 |
|epoch: 166 | lr: 0.000 |train kld: 1.34606 |train kld ravg: 1.31224 |train mae:  3.17374 |train mae ravg:  3.14412 |val kld: 1.90615 |val kldravg: 1.86959 |val mae:  4.91839 |val mae ravg:  4.78224 |
|epoch: 167 | lr: 0.000 |train kld: 1.27581 |train kld ravg: 1.30322 |train mae:  2.95642 |train mae ravg:  3.09940 |val kld: 1.85922 |val kldravg: 1.86633 |val mae:  4.76530 |val mae ravg:  4.77887 |
|epoch: 168 | lr: 0.000 |train kld: 1.26850 |train kld ravg: 1.29900 |train mae:  2.91084 |train mae ravg:  3.06089 |val kld: 1.87877 |val kldravg: 1.86847 |val mae:  5.00216 |val mae ravg:  4.82862 |
|epoch: 169 | lr: 0.000 |train kld: 1.28057 |train kld ravg: 1.29114 |train mae:  3.05343 |train mae ravg:  3.02218 |val kld: 1.90496 |val kldravg: 1.88556 |val mae:  4.97373 |val mae ravg:  4.90737 |
|epoch: 170 | lr: 0.000 |train kld: 1.30365 |train kld ravg: 1.29492 |train mae:  3.11628 |train mae ravg:  3.04214 |val kld: 1.95867 |val kldravg: 1.90155 |val mae:  4.93161 |val mae ravg:  4.91824 |
|epoch: 171 | lr: 0.000 |train kld: 1.27730 |train kld ravg: 1.28117 |train mae:  2.97625 |train mae ravg:  3.00264 |val kld: 1.84728 |val kldravg: 1.88978 |val mae:  4.96048 |val mae ravg:  4.92666 |
|epoch: 172 | lr: 0.000 |train kld: 1.24905 |train kld ravg: 1.27582 |train mae:  2.85612 |train mae ravg:  2.98258 |val kld: 1.92889 |val kldravg: 1.90371 |val mae:  4.87529 |val mae ravg:  4.94866 |
|epoch: 173 | lr: 0.000 |train kld: 1.29560 |train kld ravg: 1.28123 |train mae:  3.04063 |train mae ravg:  3.00854 |val kld: 1.87083 |val kldravg: 1.90213 |val mae:  4.93873 |val mae ravg:  4.93597 |
|epoch: 174 | lr: 0.000 |train kld: 1.31525 |train kld ravg: 1.28817 |train mae:  3.25745 |train mae ravg:  3.04934 |val kld: 1.84444 |val kldravg: 1.89002 |val mae:  4.68482 |val mae ravg:  4.87819 |
|epoch: 175 | lr: 0.000 |train kld: 1.30155 |train kld ravg: 1.28775 |train mae:  2.96929 |train mae ravg:  3.01995 |val kld: 1.86077 |val kldravg: 1.87044 |val mae:  4.79186 |val mae ravg:  4.85024 |
|epoch: 176 | lr: 0.000 |train kld: 1.30357 |train kld ravg: 1.29300 |train mae:  3.14022 |train mae ravg:  3.05274 |val kld: 1.82501 |val kldravg: 1.86599 |val mae:  4.83236 |val mae ravg:  4.82461 |
|epoch: 177 | lr: 0.000 |train kld: 1.28228 |train kld ravg: 1.29965 |train mae:  3.05997 |train mae ravg:  3.09351 |val kld: 1.87144 |val kldravg: 1.85450 |val mae:  5.07430 |val mae ravg:  4.86441 |
|epoch: 178 | lr: 0.000 |train kld: 1.28994 |train kld ravg: 1.29852 |train mae:  3.01284 |train mae ravg:  3.08795 |val kld: 1.81606 |val kldravg: 1.84354 |val mae:  4.73995 |val mae ravg:  4.82466 |
|epoch: 179 | lr: 0.000 |train kld: 1.31644 |train kld ravg: 1.29876 |train mae:  3.24402 |train mae ravg:  3.08527 |val kld: 1.84779 |val kldravg: 1.84422 |val mae:  4.78619 |val mae ravg:  4.84493 |
|epoch: 180 | lr: 0.000 |train kld: 1.30510 |train kld ravg: 1.29947 |train mae:  3.04548 |train mae ravg:  3.10051 |val kld: 1.84711 |val kldravg: 1.84148 |val mae:  4.76348 |val mae ravg:  4.83925 |
|epoch: 181 | lr: 0.000 |train kld: 1.26864 |train kld ravg: 1.29248 |train mae:  2.94558 |train mae ravg:  3.06158 |val kld: 1.83276 |val kldravg: 1.84303 |val mae:  4.94995 |val mae ravg:  4.86277 |
|epoch: 182 | lr: 0.000 |train kld: 1.30653 |train kld ravg: 1.29733 |train mae:  3.09660 |train mae ravg:  3.06890 |val kld: 1.86061 |val kldravg: 1.84087 |val mae:  4.77991 |val mae ravg:  4.80389 |
|epoch: 183 | lr: 0.000 |train kld: 1.27987 |train kld ravg: 1.29532 |train mae:  3.03448 |train mae ravg:  3.07323 |val kld: 1.87904 |val kldravg: 1.85346 |val mae:  4.80715 |val mae ravg:  4.81734 |
|epoch: 184 | lr: 0.000 |train kld: 1.28193 |train kld ravg: 1.28842 |train mae:  2.96275 |train mae ravg:  3.01698 |val kld: 1.88648 |val kldravg: 1.86120 |val mae:  4.93532 |val mae ravg:  4.84716 |
|epoch: 185 | lr: 0.000 |train kld: 1.30199 |train kld ravg: 1.28779 |train mae:  3.01794 |train mae ravg:  3.01147 |val kld: 1.84810 |val kldravg: 1.86140 |val mae:  4.74182 |val mae ravg:  4.84283 |
|epoch: 186 | lr: 0.000 |train kld: 1.28109 |train kld ravg: 1.29028 |train mae:  2.94935 |train mae ravg:  3.01222 |val kld: 1.84673 |val kldravg: 1.86419 |val mae:  4.76091 |val mae ravg:  4.80502 |
|epoch: 187 | lr: 0.000 |train kld: 1.32355 |train kld ravg: 1.29369 |train mae:  3.25648 |train mae ravg:  3.04420 |val kld: 1.89238 |val kldravg: 1.87055 |val mae:  4.93174 |val mae ravg:  4.83539 |
|epoch: 188 | lr: 0.000 |train kld: 1.27265 |train kld ravg: 1.29224 |train mae:  3.06052 |train mae ravg:  3.04941 |val kld: 1.84360 |val kldravg: 1.86346 |val mae:  4.72172 |val mae ravg:  4.81830 |
|epoch: 189 | lr: 0.000 |train kld: 1.30376 |train kld ravg: 1.29661 |train mae:  3.02015 |train mae ravg:  3.06089 |val kld: 1.86697 |val kldravg: 1.85956 |val mae:  4.86432 |val mae ravg:  4.80410 |
|epoch: 190 | lr: 0.000 |train kld: 1.29270 |train kld ravg: 1.29475 |train mae:  2.99611 |train mae ravg:  3.05652 |val kld: 1.85225 |val kldravg: 1.86039 |val mae:  4.66868 |val mae ravg:  4.78947 |
|epoch: 191 | lr: 0.000 |train kld: 1.31378 |train kld ravg: 1.30129 |train mae:  3.18213 |train mae ravg:  3.10308 |val kld: 1.87653 |val kldravg: 1.86635 |val mae:  5.05416 |val mae ravg:  4.84812 |
|epoch: 192 | lr: 0.000 |train kld: 1.23653 |train kld ravg: 1.28388 |train mae:  2.79704 |train mae ravg:  3.01119 |val kld: 1.84914 |val kldravg: 1.85770 |val mae:  4.70572 |val mae ravg:  4.80292 |
|epoch: 193 | lr: 0.000 |train kld: 1.23721 |train kld ravg: 1.27680 |train mae:  2.68469 |train mae ravg:  2.93602 |val kld: 1.87932 |val kldravg: 1.86484 |val mae:  4.85659 |val mae ravg:  4.82990 |
|epoch: 194 | lr: 0.000 |train kld: 1.25348 |train kld ravg: 1.26674 |train mae:  2.90225 |train mae ravg:  2.91244 |val kld: 1.89009 |val kldravg: 1.86947 |val mae:  4.77123 |val mae ravg:  4.81128 |
|epoch: 195 | lr: 0.000 |train kld: 1.26849 |train kld ravg: 1.26190 |train mae:  2.95498 |train mae ravg:  2.90422 |val kld: 1.86180 |val kldravg: 1.87138 |val mae:  4.73786 |val mae ravg:  4.82511 |
|epoch: 196 | lr: 0.000 |train kld: 1.28499 |train kld ravg: 1.25614 |train mae:  3.11773 |train mae ravg:  2.89134 |val kld: 1.87111 |val kldravg: 1.87029 |val mae:  4.85019 |val mae ravg:  4.78432 |
|epoch: 197 | lr: 0.000 |train kld: 1.26760 |train kld ravg: 1.26235 |train mae:  2.97081 |train mae ravg:  2.92609 |val kld: 1.84144 |val kldravg: 1.86875 |val mae:  4.80569 |val mae ravg:  4.80431 |
|epoch: 198 | lr: 0.000 |train kld: 1.26717 |train kld ravg: 1.26835 |train mae:  2.92305 |train mae ravg:  2.97377 |val kld: 1.81839 |val kldravg: 1.85656 |val mae:  4.75160 |val mae ravg:  4.78331 |
|epoch: 199 | lr: 0.000 |train kld: 1.27475 |train kld ravg: 1.27260 |train mae:  3.08358 |train mae ravg:  3.01003 |val kld: 1.83245 |val kldravg: 1.84504 |val mae:  4.61808 |val mae ravg:  4.75268 |
----------------------------------------------------------------------------------------------------------------------------------------------------------------
Finished:  2021-03-19 03:20:52.395682

Correlation between train loss and evaluation: 0.991

----------------------------------------------------------------------------------------------------------------------------------------------------------------
Save configfile.
Loading share 1.00  test data.
Number of GPUs:  2

Model loaded from None is being tested.
Start:  2021-03-19 03:20:52.515914
----------------------------------------------------------------------------------------------------------------------------------------------------------------
test kld mean: 1.76940 | test kld std: 0.00420 |test mae mean:  4.22556 |test mae std:  0.00901 |
----------------------------------------------------------------------------------------------------------------------------------------------------------------
Finished:  2021-03-19 03:22:46.474116

Correlation between train loss and evaluation: 0.843

----------------------------------------------------------------------------------------------------------------------------------------------------------------
------------------------------------------------
Finished at: Fri Mar 19 03:22:47 GMT 2021
------------------------------------------------
