------------------------------------------------
Job ID: 38663738
Run on host: compg026.hpc.in.bmrc.ox.ac.uk
Operating system: Linux
Username: lhw539
Started at: Sat Mar 6 05:27:47 GMT 2021
------------------------------------------------
Traceback (most recent call last):
  File "/users/win-fmrib-analysis/lhw539/TransferLearning_Neuroimaging/main.py", line 34, in <module>
    balance=config['experiment']['balance']
KeyError: 'balance'
------------------------------------------------
Finished at: Sat Mar 6 05:27:51 GMT 2021
------------------------------------------------
------------------------------------------------
Job ID: 38667717
Run on host: compg026.hpc.in.bmrc.ox.ac.uk
Operating system: Linux
Username: lhw539
Started at: Sat Mar 6 14:26:33 GMT 2021
------------------------------------------------
Traceback (most recent call last):
  File "/users/win-fmrib-analysis/lhw539/TransferLearning_Neuroimaging/main.py", line 34, in <module>
    balance=config['experiment']['balance']
KeyError: 'balance'
------------------------------------------------
Finished at: Sat Mar 6 14:26:37 GMT 2021
------------------------------------------------
