------------------------------------------------
Job ID: 38587141
Run on host: compg026.hpc.in.bmrc.ox.ac.uk
Operating system: Linux
Username: lhw539
Started at: Thu Mar 4 02:03:15 GMT 2021
------------------------------------------------
Loading ixi train data.
Loading ixi   val data.
Load model for age - run: 3
Number of GPUs:  2

Full model is being tested with weights loaded from pre-trained model.
Start:  2021-03-04 02:03:19.050449
----------------------------------------------------------------------------------------------------------------------------------------------------------------
test kld mean: 1.76905 | test kld std: nan |test mae mean:  12.56343 |test mae std:  nan |
----------------------------------------------------------------------------------------------------------------------------------------------------------------
Finished:  2021-03-04 02:03:27.425843

----------------------------------------------------------------------------------------------------------------------------------------------------------------
------------------------------------------------
Finished at: Thu Mar 4 02:03:28 GMT 2021
------------------------------------------------
