------------------------------------------------
Job ID: 35911793
Run on host: compg011.hpc.in.bmrc.ox.ac.uk
Operating system: Linux
Username: lhw539
Started at: Mon Feb 8 01:21:52 GMT 2021
------------------------------------------------
Number of GPUs:  2
----------------------------------------------------------------------------------------------------------------------
Passed arguments: 
{'DEBUG': 'full', 'TRAIN': 'pre_full', 'BATCH_SIZE': 8, 'NUM_WORKERS': 4, 'LOSS': 'ent', 'DROP': 'drop', 'PRE': 'sex', 'TASK': 'sex', 'RUN': 0, 'PATH': '../../', 'PL': 'none', 'PRO': 'full', 'WDEC': 0.005, 'MOM': 0.8, 'GAMMA': 0.2, 'N_EPOCHS': 40, 'PAT': 5, 'LR': 0.0005, 'PL_LL': 'none', 'WDEC_LL': 0.001, 'MOM_LL': 0.9, 'GAMMA_LL': 0.1, 'N_EPOCHS_LL': 25, 'PAT_LL': 8, 'LR_LL': 0.1, 'PRINT_EVERY': 1}

----------------------------------------------------------------------------------------------------------------------
Pre-trained on:  sex  prediction.
Run:  run_20191008_00_epoch_last.p
Loading loaded OASIS train data.
Loading loaded OASIS   val data.

Start training of full model:  2021-02-08 01:21:58.881144
----------------------------------------------------------------------------------------------------------------------
|epoch:   0 | lr: 0.001 |train ent: 0.24625 |train ent ravg: 0.24625 |train acc:  0.90057 |train acc ravg:  0.90057 |val ent: 0.41039 |val entravg: 0.41039 |val acc:  0.79545 |val acc ravg:  0.79545 |
|epoch:   1 | lr: 0.001 |train ent: 0.18404 |train ent ravg: 0.21515 |train acc:  0.94034 |train acc ravg:  0.92045 |val ent: 0.43036 |val entravg: 0.42037 |val acc:  0.76136 |val acc ravg:  0.77841 |
|epoch:   2 | lr: 0.001 |train ent: 0.05464 |train ent ravg: 0.16164 |train acc:  0.98580 |train acc ravg:  0.94223 |val ent: 0.43071 |val entravg: 0.42382 |val acc:  0.78409 |val acc ravg:  0.78030 |
|epoch:   3 | lr: 0.001 |train ent: 0.05311 |train ent ravg: 0.09726 |train acc:  0.98011 |train acc ravg:  0.96875 |val ent: 0.87864 |val entravg: 0.57990 |val acc:  0.68182 |val acc ravg:  0.74242 |
|epoch:   4 | lr: 0.001 |train ent: 0.04259 |train ent ravg: 0.05011 |train acc:  0.99148 |train acc ravg:  0.98580 |val ent: 0.23090 |val entravg: 0.51342 |val acc:  0.89773 |val acc ravg:  0.78788 |
|epoch:   5 | lr: 0.001 |train ent: 0.06023 |train ent ravg: 0.05198 |train acc:  0.98295 |train acc ravg:  0.98485 |val ent: 0.41633 |val entravg: 0.50862 |val acc:  0.73864 |val acc ravg:  0.77273 |
|epoch:   6 | lr: 0.000 |train ent: 0.03671 |train ent ravg: 0.04651 |train acc:  0.99148 |train acc ravg:  0.98864 |val ent: 0.06771 |val entravg: 0.23831 |val acc:  0.97727 |val acc ravg:  0.87121 |
|epoch:   7 | lr: 0.000 |train ent: 0.01932 |train ent ravg: 0.03875 |train acc:  1.00000 |train acc ravg:  0.99148 |val ent: 0.06252 |val entravg: 0.18219 |val acc:  0.97727 |val acc ravg:  0.89773 |
|epoch:   8 | lr: 0.000 |train ent: 0.02254 |train ent ravg: 0.02619 |train acc:  0.99716 |train acc ravg:  0.99621 |val ent: 0.07110 |val entravg: 0.06711 |val acc:  0.97727 |val acc ravg:  0.97727 |
|epoch:   9 | lr: 0.000 |train ent: 0.01956 |train ent ravg: 0.02047 |train acc:  1.00000 |train acc ravg:  0.99905 |val ent: 0.06728 |val entravg: 0.06697 |val acc:  0.98864 |val acc ravg:  0.98106 |
|epoch:  10 | lr: 0.000 |train ent: 0.01285 |train ent ravg: 0.01832 |train acc:  1.00000 |train acc ravg:  0.99905 |val ent: 0.06194 |val entravg: 0.06678 |val acc:  0.97727 |val acc ravg:  0.98106 |
|epoch:  11 | lr: 0.000 |train ent: 0.01657 |train ent ravg: 0.01633 |train acc:  1.00000 |train acc ravg:  1.00000 |val ent: 0.07414 |val entravg: 0.06779 |val acc:  0.97727 |val acc ravg:  0.98106 |
|epoch:  12 | lr: 0.000 |train ent: 0.01794 |train ent ravg: 0.01579 |train acc:  1.00000 |train acc ravg:  1.00000 |val ent: 0.07056 |val entravg: 0.06888 |val acc:  0.97727 |val acc ravg:  0.97727 |
|epoch:  13 | lr: 0.000 |train ent: 0.01448 |train ent ravg: 0.01633 |train acc:  1.00000 |train acc ravg:  1.00000 |val ent: 0.06368 |val entravg: 0.06946 |val acc:  0.98864 |val acc ravg:  0.98106 |
|epoch:  14 | lr: 0.000 |train ent: 0.01625 |train ent ravg: 0.01622 |train acc:  1.00000 |train acc ravg:  1.00000 |val ent: 0.06782 |val entravg: 0.06735 |val acc:  0.98864 |val acc ravg:  0.98485 |
|epoch:  15 | lr: 0.000 |train ent: 0.01610 |train ent ravg: 0.01561 |train acc:  1.00000 |train acc ravg:  1.00000 |val ent: 0.07155 |val entravg: 0.06768 |val acc:  0.97727 |val acc ravg:  0.98485 |
|epoch:  16 | lr: 0.000 |train ent: 0.01466 |train ent ravg: 0.01567 |train acc:  1.00000 |train acc ravg:  1.00000 |val ent: 0.06833 |val entravg: 0.06923 |val acc:  0.98864 |val acc ravg:  0.98485 |
|epoch:  17 | lr: 0.000 |train ent: 0.01895 |train ent ravg: 0.01657 |train acc:  1.00000 |train acc ravg:  1.00000 |val ent: 0.07350 |val entravg: 0.07113 |val acc:  0.97727 |val acc ravg:  0.98106 |
|epoch:  18 | lr: 0.000 |train ent: 0.01619 |train ent ravg: 0.01660 |train acc:  1.00000 |train acc ravg:  1.00000 |val ent: 0.06573 |val entravg: 0.06919 |val acc:  0.97727 |val acc ravg:  0.98106 |
|epoch:  19 | lr: 0.000 |train ent: 0.01640 |train ent ravg: 0.01718 |train acc:  1.00000 |train acc ravg:  1.00000 |val ent: 0.06483 |val entravg: 0.06802 |val acc:  0.97727 |val acc ravg:  0.97727 |
|epoch:  20 | lr: 0.000 |train ent: 0.02192 |train ent ravg: 0.01817 |train acc:  0.99716 |train acc ravg:  0.99905 |val ent: 0.06795 |val entravg: 0.06617 |val acc:  0.97727 |val acc ravg:  0.97727 |
|epoch:  21 | lr: 0.000 |train ent: 0.01504 |train ent ravg: 0.01779 |train acc:  0.99716 |train acc ravg:  0.99811 |val ent: 0.06522 |val entravg: 0.06600 |val acc:  0.97727 |val acc ravg:  0.97727 |
|epoch:  22 | lr: 0.000 |train ent: 0.01463 |train ent ravg: 0.01720 |train acc:  1.00000 |train acc ravg:  0.99811 |val ent: 0.06701 |val entravg: 0.06673 |val acc:  0.97727 |val acc ravg:  0.97727 |
|epoch:  23 | lr: 0.000 |train ent: 0.01705 |train ent ravg: 0.01557 |train acc:  1.00000 |train acc ravg:  0.99905 |val ent: 0.06933 |val entravg: 0.06719 |val acc:  0.98864 |val acc ravg:  0.98106 |
|epoch:  24 | lr: 0.000 |train ent: 0.01988 |train ent ravg: 0.01719 |train acc:  1.00000 |train acc ravg:  1.00000 |val ent: 0.06631 |val entravg: 0.06755 |val acc:  0.97727 |val acc ravg:  0.98106 |
|epoch:  25 | lr: 0.000 |train ent: 0.01593 |train ent ravg: 0.01762 |train acc:  1.00000 |train acc ravg:  1.00000 |val ent: 0.06786 |val entravg: 0.06783 |val acc:  0.97727 |val acc ravg:  0.98106 |
|epoch:  26 | lr: 0.000 |train ent: 0.01413 |train ent ravg: 0.01665 |train acc:  1.00000 |train acc ravg:  1.00000 |val ent: 0.06585 |val entravg: 0.06667 |val acc:  0.97727 |val acc ravg:  0.97727 |
|epoch:  27 | lr: 0.000 |train ent: 0.02073 |train ent ravg: 0.01693 |train acc:  1.00000 |train acc ravg:  1.00000 |val ent: 0.06798 |val entravg: 0.06723 |val acc:  0.98864 |val acc ravg:  0.98106 |
|epoch:  28 | lr: 0.000 |train ent: 0.01280 |train ent ravg: 0.01589 |train acc:  1.00000 |train acc ravg:  1.00000 |val ent: 0.06643 |val entravg: 0.06676 |val acc:  0.97727 |val acc ravg:  0.98106 |
|epoch:  29 | lr: 0.000 |train ent: 0.01887 |train ent ravg: 0.01747 |train acc:  0.99716 |train acc ravg:  0.99905 |val ent: 0.06407 |val entravg: 0.06616 |val acc:  0.97727 |val acc ravg:  0.98106 |
|epoch:  30 | lr: 0.000 |train ent: 0.02110 |train ent ravg: 0.01759 |train acc:  0.99432 |train acc ravg:  0.99716 |val ent: 0.07322 |val entravg: 0.06791 |val acc:  0.97727 |val acc ravg:  0.97727 |
|epoch:  31 | lr: 0.000 |train ent: 0.01672 |train ent ravg: 0.01890 |train acc:  0.99716 |train acc ravg:  0.99621 |val ent: 0.06546 |val entravg: 0.06759 |val acc:  0.97727 |val acc ravg:  0.97727 |
|epoch:  32 | lr: 0.000 |train ent: 0.01179 |train ent ravg: 0.01654 |train acc:  1.00000 |train acc ravg:  0.99716 |val ent: 0.06716 |val entravg: 0.06861 |val acc:  0.97727 |val acc ravg:  0.97727 |
|epoch:  33 | lr: 0.000 |train ent: 0.02090 |train ent ravg: 0.01647 |train acc:  0.99716 |train acc ravg:  0.99811 |val ent: 0.07206 |val entravg: 0.06823 |val acc:  0.98864 |val acc ravg:  0.98106 |
|epoch:  34 | lr: 0.000 |train ent: 0.01564 |train ent ravg: 0.01611 |train acc:  1.00000 |train acc ravg:  0.99905 |val ent: 0.06989 |val entravg: 0.06970 |val acc:  0.98864 |val acc ravg:  0.98485 |
|epoch:  35 | lr: 0.000 |train ent: 0.01756 |train ent ravg: 0.01803 |train acc:  1.00000 |train acc ravg:  0.99905 |val ent: 0.07028 |val entravg: 0.07074 |val acc:  0.97727 |val acc ravg:  0.98485 |
|epoch:  36 | lr: 0.000 |train ent: 0.01474 |train ent ravg: 0.01598 |train acc:  1.00000 |train acc ravg:  1.00000 |val ent: 0.07097 |val entravg: 0.07038 |val acc:  0.97727 |val acc ravg:  0.98106 |
|epoch:  37 | lr: 0.000 |train ent: 0.01725 |train ent ravg: 0.01652 |train acc:  1.00000 |train acc ravg:  1.00000 |val ent: 0.06695 |val entravg: 0.06940 |val acc:  0.97727 |val acc ravg:  0.97727 |
|epoch:  38 | lr: 0.000 |train ent: 0.01544 |train ent ravg: 0.01581 |train acc:  0.99716 |train acc ravg:  0.99905 |val ent: 0.06352 |val entravg: 0.06714 |val acc:  0.97727 |val acc ravg:  0.97727 |
|epoch:  39 | lr: 0.000 |train ent: 0.01179 |train ent ravg: 0.01483 |train acc:  1.00000 |train acc ravg:  0.99905 |val ent: 0.06612 |val entravg: 0.06553 |val acc:  0.97727 |val acc ravg:  0.97727 |
----------------------------------------------------------------------------------------------------------------------
Finished training of full model.
2021-02-08 02:55:40.990433
Correlation between train loss and evaluation: -0.992

------------------------------------------------
Finished at: Mon Feb 8 02:55:42 GMT 2021
------------------------------------------------
