------------------------------------------------
Job ID: 34521628
Run on host: compg013.hpc.in.bmrc.ox.ac.uk
Operating system: Linux
Username: lhw539
Started at: Thu Jan 28 12:50:00 GMT 2021
------------------------------------------------
Number of GPUs:  2
{'DEBUG': 'full', 'TRAIN': 'pre_step', 'BATCH_SIZE': 8, 'NUM_WORKERS': 4, 'LOSS': 'kl', 'DROP': 'drop', 'PATH': '../../', 'PL': 'none', 'PRE': 'full', 'WDEC': 0.0001, 'MOM': 0.9, 'GAMMA': 0.3, 'N_EPOCHS': 15, 'PAT': 3, 'LR': 0.0001, 'PL_LL': 'none', 'WDEC_LL': 0.001, 'MOM_LL': 0.9, 'GAMMA_LL': 0.1, 'N_EPOCHS_LL': 25, 'PAT_LL': 8, 'LR_LL': 0.1, 'PRINT_EVERY': 1}
Debug:  full
Path:  ../../
Patience:  8
Succesfully loaded OASIS train data.
Succesfully loaded OASIS   val data.

Start training of last layer:  2021-01-28 12:50:09.041155
----------------------------------------------------------------------------------------------------------------------
Number of epochs of pre-training: 25
|epoch:   0 | lr: 0.100 |train loss: 2.03803 |train loss ravg: 2.03803 |train MAE:  5.14813 |train MAE ravg:  5.14813 |val loss: 1.86573 |val loss ravg: 1.86573 |val MAE:  4.37949 |val MAE ravg:  4.37949 |
|epoch:   1 | lr: 0.100 |train loss: 1.64879 |train loss ravg: 1.84341 |train MAE:  3.83618 |train MAE ravg:  4.49215 |val loss: 1.66110 |val loss ravg: 1.76342 |val MAE:  3.75663 |val MAE ravg:  4.06806 |
|epoch:   2 | lr: 0.100 |train loss: 1.63501 |train loss ravg: 1.77394 |train MAE:  3.65667 |train MAE ravg:  4.21366 |val loss: 1.59336 |val loss ravg: 1.70673 |val MAE:  3.59699 |val MAE ravg:  3.91104 |
|epoch:   3 | lr: 0.100 |train loss: 1.56797 |train loss ravg: 1.61726 |train MAE:  3.42006 |train MAE ravg:  3.63764 |val loss: 1.59682 |val loss ravg: 1.61709 |val MAE:  3.32892 |val MAE ravg:  3.56085 |
|epoch:   4 | lr: 0.100 |train loss: 1.58337 |train loss ravg: 1.59545 |train MAE:  3.50081 |train MAE ravg:  3.52585 |val loss: 1.59766 |val loss ravg: 1.59595 |val MAE:  3.42075 |val MAE ravg:  3.44889 |
|epoch:   5 | lr: 0.100 |train loss: 1.64002 |train loss ravg: 1.59712 |train MAE:  3.56174 |train MAE ravg:  3.49420 |val loss: 1.47750 |val loss ravg: 1.55733 |val MAE:  3.13146 |val MAE ravg:  3.29371 |
|epoch:   6 | lr: 0.100 |train loss: 1.57219 |train loss ravg: 1.59853 |train MAE:  3.45729 |train MAE ravg:  3.50661 |val loss: 1.50080 |val loss ravg: 1.52532 |val MAE:  3.11814 |val MAE ravg:  3.22345 |
|epoch:   7 | lr: 0.100 |train loss: 1.55203 |train loss ravg: 1.58808 |train MAE:  3.53489 |train MAE ravg:  3.51797 |val loss: 1.49630 |val loss ravg: 1.49153 |val MAE:  3.10411 |val MAE ravg:  3.11790 |
|epoch:   8 | lr: 0.100 |train loss: 1.55164 |train loss ravg: 1.55862 |train MAE:  3.47721 |train MAE ravg:  3.48980 |val loss: 1.52101 |val loss ravg: 1.50603 |val MAE:  3.05420 |val MAE ravg:  3.09215 |
|epoch:   9 | lr: 0.010 |train loss: 1.52995 |train loss ravg: 1.54454 |train MAE:  3.47145 |train MAE ravg:  3.49452 |val loss: 1.47340 |val loss ravg: 1.49690 |val MAE:  3.19226 |val MAE ravg:  3.11686 |
|epoch:  10 | lr: 0.010 |train loss: 1.47532 |train loss ravg: 1.51897 |train MAE:  3.50126 |train MAE ravg:  3.48331 |val loss: 1.45035 |val loss ravg: 1.48158 |val MAE:  3.15440 |val MAE ravg:  3.13362 |
|epoch:  11 | lr: 0.010 |train loss: 1.46506 |train loss ravg: 1.49011 |train MAE:  3.53686 |train MAE ravg:  3.50319 |val loss: 1.42812 |val loss ravg: 1.45062 |val MAE:  3.02969 |val MAE ravg:  3.12545 |
|epoch:  12 | lr: 0.010 |train loss: 1.51497 |train loss ravg: 1.48512 |train MAE:  3.57097 |train MAE ravg:  3.53636 |val loss: 1.45881 |val loss ravg: 1.44576 |val MAE:  3.15025 |val MAE ravg:  3.11145 |
|epoch:  13 | lr: 0.010 |train loss: 1.50034 |train loss ravg: 1.49346 |train MAE:  3.56781 |train MAE ravg:  3.55855 |val loss: 1.41630 |val loss ravg: 1.43441 |val MAE:  2.99454 |val MAE ravg:  3.05816 |
|epoch:  14 | lr: 0.010 |train loss: 1.49443 |train loss ravg: 1.50325 |train MAE:  3.50853 |train MAE ravg:  3.54910 |val loss: 1.44122 |val loss ravg: 1.43878 |val MAE:  3.06973 |val MAE ravg:  3.07151 |
|epoch:  15 | lr: 0.010 |train loss: 1.48311 |train loss ravg: 1.49263 |train MAE:  3.50588 |train MAE ravg:  3.52741 |val loss: 1.43854 |val loss ravg: 1.43202 |val MAE:  3.09809 |val MAE ravg:  3.05412 |
|epoch:  16 | lr: 0.010 |train loss: 1.47437 |train loss ravg: 1.48397 |train MAE:  3.47060 |train MAE ravg:  3.49500 |val loss: 1.44200 |val loss ravg: 1.44058 |val MAE:  3.14591 |val MAE ravg:  3.10457 |
|epoch:  17 | lr: 0.010 |train loss: 1.49239 |train loss ravg: 1.48329 |train MAE:  3.45522 |train MAE ravg:  3.47724 |val loss: 1.43972 |val loss ravg: 1.44009 |val MAE:  3.09085 |val MAE ravg:  3.11162 |
|epoch:  18 | lr: 0.001 |train loss: 1.43738 |train loss ravg: 1.46804 |train MAE:  3.40538 |train MAE ravg:  3.44373 |val loss: 1.42360 |val loss ravg: 1.43511 |val MAE:  3.03580 |val MAE ravg:  3.09085 |
|epoch:  19 | lr: 0.001 |train loss: 1.46089 |train loss ravg: 1.46355 |train MAE:  3.38086 |train MAE ravg:  3.41382 |val loss: 1.44569 |val loss ravg: 1.43634 |val MAE:  3.12604 |val MAE ravg:  3.08423 |
|epoch:  20 | lr: 0.001 |train loss: 1.49890 |train loss ravg: 1.46572 |train MAE:  3.51751 |train MAE ravg:  3.43458 |val loss: 1.42654 |val loss ravg: 1.43194 |val MAE:  3.04686 |val MAE ravg:  3.06957 |
|epoch:  21 | lr: 0.001 |train loss: 1.43486 |train loss ravg: 1.46488 |train MAE:  3.31683 |train MAE ravg:  3.40507 |val loss: 1.43879 |val loss ravg: 1.43701 |val MAE:  3.08978 |val MAE ravg:  3.08756 |
|epoch:  22 | lr: 0.001 |train loss: 1.45952 |train loss ravg: 1.46443 |train MAE:  3.36254 |train MAE ravg:  3.39896 |val loss: 1.45589 |val loss ravg: 1.44041 |val MAE:  3.17496 |val MAE ravg:  3.10387 |
|epoch:  23 | lr: 0.001 |train loss: 1.44345 |train loss ravg: 1.44594 |train MAE:  3.47310 |train MAE ravg:  3.38416 |val loss: 1.45020 |val loss ravg: 1.44830 |val MAE:  3.12866 |val MAE ravg:  3.13113 |
|epoch:  24 | lr: 0.001 |train loss: 1.44348 |train loss ravg: 1.44882 |train MAE:  3.53315 |train MAE ravg:  3.45626 |val loss: 1.35861 |val loss ravg: 1.42157 |val MAE:  2.97579 |val MAE ravg:  3.09314 |
----------------------------------------------------------------------------------------------------------------------
Finished training of full model.
2021-01-28 13:15:47.777403
Correlation between train loss and MAE: 0.91338


Start training of full model:  2021-01-28 13:15:47.786921
----------------------------------------------------------------------------------------------------------------------
|epoch:   0 | lr: 0.000 |train loss: 1.41884 |train loss ravg: 1.41884 |train MAE:  3.28002 |train MAE ravg:  3.28002 |val loss: 1.40881 |val loss ravg: 1.40881 |val MAE:  2.99380 |val MAE ravg:  2.99380 |
|epoch:   1 | lr: 0.000 |train loss: 1.41679 |train loss ravg: 1.41781 |train MAE:  3.32078 |train MAE ravg:  3.30040 |val loss: 1.39890 |val loss ravg: 1.40386 |val MAE:  2.97612 |val MAE ravg:  2.98496 |
|epoch:   2 | lr: 0.000 |train loss: 1.39299 |train loss ravg: 1.40954 |train MAE:  3.18680 |train MAE ravg:  3.26254 |val loss: 1.38234 |val loss ravg: 1.39669 |val MAE:  2.91206 |val MAE ravg:  2.96066 |
|epoch:   3 | lr: 0.000 |train loss: 1.34263 |train loss ravg: 1.38414 |train MAE:  2.96876 |train MAE ravg:  3.15878 |val loss: 1.42537 |val loss ravg: 1.40220 |val MAE:  2.95892 |val MAE ravg:  2.94903 |
|epoch:   4 | lr: 0.000 |train loss: 1.28362 |train loss ravg: 1.33975 |train MAE:  2.76376 |train MAE ravg:  2.97310 |val loss: 1.41864 |val loss ravg: 1.40878 |val MAE:  3.04101 |val MAE ravg:  2.97067 |
|epoch:   5 | lr: 0.000 |train loss: 1.32263 |train loss ravg: 1.31630 |train MAE:  2.93954 |train MAE ravg:  2.89068 |val loss: 1.38737 |val loss ravg: 1.41046 |val MAE:  2.96800 |val MAE ravg:  2.98931 |
|epoch:   6 | lr: 0.000 |train loss: 1.31101 |train loss ravg: 1.30575 |train MAE:  2.89422 |train MAE ravg:  2.86584 |val loss: 1.37051 |val loss ravg: 1.39217 |val MAE:  2.83619 |val MAE ravg:  2.94840 |
|epoch:   7 | lr: 0.000 |train loss: 1.31430 |train loss ravg: 1.31598 |train MAE:  2.98412 |train MAE ravg:  2.93929 |val loss: 1.40931 |val loss ravg: 1.38906 |val MAE:  2.98515 |val MAE ravg:  2.92978 |
|epoch:   8 | lr: 0.000 |train loss: 1.33273 |train loss ravg: 1.31935 |train MAE:  2.96640 |train MAE ravg:  2.94824 |val loss: 1.31358 |val loss ravg: 1.36447 |val MAE:  2.80459 |val MAE ravg:  2.87531 |
|epoch:   9 | lr: 0.000 |train loss: 1.33548 |train loss ravg: 1.32750 |train MAE:  3.00715 |train MAE ravg:  2.98589 |val loss: 1.38897 |val loss ravg: 1.37062 |val MAE:  2.94965 |val MAE ravg:  2.91313 |
|epoch:  10 | lr: 0.000 |train loss: 1.28630 |train loss ravg: 1.31817 |train MAE:  2.78888 |train MAE ravg:  2.92081 |val loss: 1.39670 |val loss ravg: 1.36642 |val MAE:  2.96182 |val MAE ravg:  2.90535 |
|epoch:  11 | lr: 0.000 |train loss: 1.32380 |train loss ravg: 1.31519 |train MAE:  3.00397 |train MAE ravg:  2.93333 |val loss: 1.40296 |val loss ravg: 1.39621 |val MAE:  2.96532 |val MAE ravg:  2.95893 |
|epoch:  12 | lr: 0.000 |train loss: 1.31044 |train loss ravg: 1.30685 |train MAE:  2.83945 |train MAE ravg:  2.87743 |val loss: 1.39176 |val loss ravg: 1.39714 |val MAE:  2.93082 |val MAE ravg:  2.95266 |
|epoch:  13 | lr: 0.000 |train loss: 1.30211 |train loss ravg: 1.31212 |train MAE:  2.86340 |train MAE ravg:  2.90228 |val loss: 1.38973 |val loss ravg: 1.39481 |val MAE:  2.92012 |val MAE ravg:  2.93875 |
|epoch:  14 | lr: 0.000 |train loss: 1.32456 |train loss ravg: 1.31237 |train MAE:  2.93634 |train MAE ravg:  2.87973 |val loss: 1.38341 |val loss ravg: 1.38830 |val MAE:  2.88822 |val MAE ravg:  2.91305 |
----------------------------------------------------------------------------------------------------------------------
Finished training of full model.
2021-01-28 14:07:01.589460
Correlation between train loss and MAE: 0.97653

------------------------------------------------
Finished at: Thu Jan 28 14:07:03 GMT 2021
------------------------------------------------
