------------------------------------------------
Job ID: 
Run on host: win000.hpc.in.bmrc.ox.ac.uk
Operating system: Linux
Username: lhw539
Started at: Wed Mar 24 13:12:23 GMT 2021
------------------------------------------------
------------------------------------------------
Finished at: Wed Mar 24 13:12:24 GMT 2021
------------------------------------------------
------------------------------------------------
Job ID: 
Run on host: win000.hpc.in.bmrc.ox.ac.uk
Operating system: Linux
Username: lhw539
Started at: Wed Mar 24 13:13:20 GMT 2021
------------------------------------------------
------------------------------------------------
Finished at: Wed Mar 24 13:13:20 GMT 2021
------------------------------------------------
------------------------------------------------
Job ID: 
Run on host: win000.hpc.in.bmrc.ox.ac.uk
Operating system: Linux
Username: lhw539
Started at: Wed Mar 24 13:14:40 GMT 2021
------------------------------------------------
------------------------------------------------
Finished at: Wed Mar 24 13:14:40 GMT 2021
------------------------------------------------
------------------------------------------------
Job ID: 
Run on host: win000.hpc.in.bmrc.ox.ac.uk
Operating system: Linux
Username: lhw539
Started at: Wed Mar 24 13:15:28 GMT 2021
------------------------------------------------
------------------------------------------------
Finished at: Wed Mar 24 13:15:28 GMT 2021
------------------------------------------------
------------------------------------------------
Job ID: 
Run on host: win000.hpc.in.bmrc.ox.ac.uk
Operating system: Linux
Username: lhw539
Started at: Wed Mar 24 13:18:00 GMT 2021
------------------------------------------------
Test (in contrast to train):  False
------------------------------------------------
Finished at: Wed Mar 24 13:18:02 GMT 2021
------------------------------------------------
------------------------------------------------
Job ID: 
Run on host: win000.hpc.in.bmrc.ox.ac.uk
Operating system: Linux
Username: lhw539
Started at: Wed Mar 24 13:43:50 GMT 2021
------------------------------------------------
Test (in contrast to train):  False
Loading ixi train data.
Loading ixi   val data.
Apply PCA on full data.
215
Transform data matrix of shape:  torch.Size([215, 4915200])
108
Transform data matrix of shape:  torch.Size([108, 4915200])
MAE of ElasticNet:  10.779730887058307
MAE on valid when valid mean is predicted:  14.85839
Save configfile.
Loading ixi  test data.
215
Transform data matrix of shape:  torch.Size([215, 4915200])
MAE of ElasticNet:  10.224409774080861
MAE on valid when valid mean is predicted:  13.025214
------------------------------------------------
Finished at: Wed Mar 24 13:50:50 GMT 2021
------------------------------------------------
