------------------------------------------------
Job ID: 38586873
Run on host: compg026.hpc.in.bmrc.ox.ac.uk
Operating system: Linux
Username: lhw539
Started at: Thu Mar 4 01:50:51 GMT 2021
------------------------------------------------
Loading ABIDE train data.
Loading ABIDE   val data.
Load model for age - run: 0
Number of GPUs:  2

Full model is being tested with weights loaded from pre-trained model.
Start:  2021-03-04 01:51:03.632700
----------------------------------------------------------------------------------------------------------------------------------------------------------------
test kld mean: 0.09459 | test kld std: nan |test mae mean:  39.31626 |test mae std:  nan |
----------------------------------------------------------------------------------------------------------------------------------------------------------------
Finished:  2021-03-04 01:51:26.944820

----------------------------------------------------------------------------------------------------------------------------------------------------------------
------------------------------------------------
Finished at: Thu Mar 4 01:51:27 GMT 2021
------------------------------------------------
