------------------------------------------------
Job ID: 37532931
Run on host: compg010.hpc.in.bmrc.ox.ac.uk
Operating system: Linux
Username: lhw539
Started at: Sat Feb 20 17:25:46 GMT 2021
------------------------------------------------
Loading share 1.00 train data.
Loading OASIS   val data.
Load model for age - run: 3
Number of GPUs:  2

Full model is being tested with weights loaded from pre-trained model.
Start:  2021-02-20 17:25:52.385534
----------------------------------------------------------------------------------------------------------------------------------------------------------------
test kld mean: 1.72431 | test kld std: 0.02815 |test mae mean:  3.77096 |test mae std:  0.05735 |
----------------------------------------------------------------------------------------------------------------------------------------------------------------
Finished:  2021-02-20 17:26:25.156909

Correlation between train loss and evaluation: -0.091

----------------------------------------------------------------------------------------------------------------------------------------------------------------
------------------------------------------------
Finished at: Sat Feb 20 17:26:26 GMT 2021
------------------------------------------------
