------------------------------------------------
Job ID: 39819897
Run on host: compg009.hpc.in.bmrc.ox.ac.uk
Operating system: Linux
Username: lhw539
Started at: Tue Mar 16 22:58:56 GMT 2021
------------------------------------------------
Loading ixi train data.
Loading ixi   val data.
Number of GPUs:  2
Epoch decay:  30
Gamma decay:  0.3

Full model is being trained with random initialization.
Start:  2021-03-16 22:59:01.849352
----------------------------------------------------------------------------------------------------------------------------------------------------------------
|epoch:   0 | lr: 0.010 |train kld: 2.81548 |train kld ravg: 2.81548 |train mae:  14.76927 |train mae ravg:  14.76927 |val kld: 2.68457 |val kldravg: 2.68457 |val mae:  14.54896 |val mae ravg:  14.54896 |
|epoch:   1 | lr: 0.010 |train kld: 2.71234 |train kld ravg: 2.76391 |train mae:  14.55931 |train mae ravg:  14.66429 |val kld: 2.65948 |val kldravg: 2.67203 |val mae:  14.70905 |val mae ravg:  14.62901 |
|epoch:   2 | lr: 0.010 |train kld: 2.69276 |train kld ravg: 2.74019 |train mae:  14.54185 |train mae ravg:  14.62348 |val kld: 2.68114 |val kldravg: 2.67506 |val mae:  15.12773 |val mae ravg:  14.79525 |
|epoch:   3 | lr: 0.010 |train kld: 2.68956 |train kld ravg: 2.72753 |train mae:  14.59503 |train mae ravg:  14.61637 |val kld: 2.69056 |val kldravg: 2.67894 |val mae:  15.02079 |val mae ravg:  14.85163 |
|epoch:   4 | lr: 0.010 |train kld: 2.65876 |train kld ravg: 2.71378 |train mae:  14.23333 |train mae ravg:  14.53976 |val kld: 2.85561 |val kldravg: 2.71427 |val mae:  16.61737 |val mae ravg:  15.20478 |
|epoch:   5 | lr: 0.010 |train kld: 2.65384 |train kld ravg: 2.68145 |train mae:  14.21068 |train mae ravg:  14.42804 |val kld: 2.54147 |val kldravg: 2.68565 |val mae:  13.52390 |val mae ravg:  14.99977 |
|epoch:   6 | lr: 0.010 |train kld: 2.65189 |train kld ravg: 2.66936 |train mae:  14.11465 |train mae ravg:  14.33911 |val kld: 2.56247 |val kldravg: 2.66625 |val mae:  13.14894 |val mae ravg:  14.68774 |
|epoch:   7 | lr: 0.010 |train kld: 2.64261 |train kld ravg: 2.65933 |train mae:  13.85967 |train mae ravg:  14.20267 |val kld: 2.55390 |val kldravg: 2.64080 |val mae:  13.26061 |val mae ravg:  14.31432 |
|epoch:   8 | lr: 0.010 |train kld: 2.63161 |train kld ravg: 2.64774 |train mae:  13.73324 |train mae ravg:  14.03031 |val kld: 2.99943 |val kldravg: 2.70258 |val mae:  17.39485 |val mae ravg:  14.78913 |
|epoch:   9 | lr: 0.010 |train kld: 2.58772 |train kld ravg: 2.63354 |train mae:  13.45273 |train mae ravg:  13.87419 |val kld: 2.61013 |val kldravg: 2.65348 |val mae:  12.97228 |val mae ravg:  14.06011 |
|epoch:  10 | lr: 0.010 |train kld: 2.57524 |train kld ravg: 2.61782 |train mae:  13.12028 |train mae ravg:  13.65611 |val kld: 3.15476 |val kldravg: 2.77614 |val mae:  18.36150 |val mae ravg:  15.02764 |
|epoch:  11 | lr: 0.010 |train kld: 2.60087 |train kld ravg: 2.60761 |train mae:  13.26289 |train mae ravg:  13.48576 |val kld: 2.77851 |val kldravg: 2.81935 |val mae:  15.00032 |val mae ravg:  15.39791 |
|epoch:  12 | lr: 0.010 |train kld: 2.54534 |train kld ravg: 2.58816 |train mae:  12.69346 |train mae ravg:  13.25252 |val kld: 3.24995 |val kldravg: 2.95855 |val mae:  18.79865 |val mae ravg:  16.50552 |
|epoch:  13 | lr: 0.010 |train kld: 2.53359 |train kld ravg: 2.56855 |train mae:  12.69296 |train mae ravg:  13.04446 |val kld: 2.45241 |val kldravg: 2.84915 |val mae:  11.52191 |val mae ravg:  15.33093 |
|epoch:  14 | lr: 0.010 |train kld: 2.53002 |train kld ravg: 2.55701 |train mae:  12.58130 |train mae ravg:  12.87018 |val kld: 2.91226 |val kldravg: 2.90958 |val mae:  14.23909 |val mae ravg:  15.58429 |
|epoch:  15 | lr: 0.010 |train kld: 2.51868 |train kld ravg: 2.54570 |train mae:  12.12589 |train mae ravg:  12.67130 |val kld: 2.57720 |val kldravg: 2.79406 |val mae:  13.08257 |val mae ravg:  14.52851 |
|epoch:  16 | lr: 0.010 |train kld: 2.55482 |train kld ravg: 2.53649 |train mae:  12.98635 |train mae ravg:  12.61599 |val kld: 2.55637 |val kldravg: 2.74964 |val mae:  12.07308 |val mae ravg:  13.94306 |
|epoch:  17 | lr: 0.010 |train kld: 2.56980 |train kld ravg: 2.54138 |train mae:  13.12650 |train mae ravg:  12.70260 |val kld: 2.38476 |val kldravg: 2.57660 |val mae:  10.07391 |val mae ravg:  12.19811 |
|epoch:  18 | lr: 0.010 |train kld: 2.53211 |train kld ravg: 2.54109 |train mae:  12.55343 |train mae ravg:  12.67470 |val kld: 2.34083 |val kldravg: 2.55428 |val mae:  9.24646 |val mae ravg:  11.74302 |
|epoch:  19 | lr: 0.010 |train kld: 2.56771 |train kld ravg: 2.54862 |train mae:  12.75728 |train mae ravg:  12.70989 |val kld: 2.49045 |val kldravg: 2.46992 |val mae:  12.02970 |val mae ravg:  11.30114 |
|epoch:  20 | lr: 0.010 |train kld: 2.50993 |train kld ravg: 2.54687 |train mae:  12.28090 |train mae ravg:  12.74089 |val kld: 2.82799 |val kldravg: 2.52008 |val mae:  15.14103 |val mae ravg:  11.71284 |
|epoch:  21 | lr: 0.010 |train kld: 2.53403 |train kld ravg: 2.54272 |train mae:  12.40734 |train mae ravg:  12.62509 |val kld: 2.60228 |val kldravg: 2.52926 |val mae:  13.13178 |val mae ravg:  11.92457 |
|epoch:  22 | lr: 0.010 |train kld: 2.52620 |train kld ravg: 2.53400 |train mae:  12.47980 |train mae ravg:  12.49575 |val kld: 2.41442 |val kldravg: 2.53520 |val mae:  10.06621 |val mae ravg:  11.92303 |
|epoch:  23 | lr: 0.010 |train kld: 2.50049 |train kld ravg: 2.52767 |train mae:  11.92459 |train mae ravg:  12.36998 |val kld: 2.91048 |val kldravg: 2.64912 |val mae:  16.00428 |val mae ravg:  13.27460 |
|epoch:  24 | lr: 0.010 |train kld: 2.49347 |train kld ravg: 2.51283 |train mae:  12.16935 |train mae ravg:  12.25239 |val kld: 2.40519 |val kldravg: 2.63207 |val mae:  10.57892 |val mae ravg:  12.98444 |
|epoch:  25 | lr: 0.010 |train kld: 2.48743 |train kld ravg: 2.50832 |train mae:  11.90065 |train mae ravg:  12.17634 |val kld: 2.40504 |val kldravg: 2.54748 |val mae:  10.07125 |val mae ravg:  11.97049 |
|epoch:  26 | lr: 0.010 |train kld: 2.48913 |train kld ravg: 2.49935 |train mae:  12.05365 |train mae ravg:  12.10561 |val kld: 2.82661 |val kldravg: 2.59235 |val mae:  14.88503 |val mae ravg:  12.32114 |
|epoch:  27 | lr: 0.010 |train kld: 2.49252 |train kld ravg: 2.49261 |train mae:  12.06931 |train mae ravg:  12.02351 |val kld: 2.54947 |val kldravg: 2.61936 |val mae:  12.25075 |val mae ravg:  12.75805 |
|epoch:  28 | lr: 0.010 |train kld: 2.49673 |train kld ravg: 2.49186 |train mae:  12.07133 |train mae ravg:  12.05286 |val kld: 2.36616 |val kldravg: 2.51049 |val mae:  9.84406 |val mae ravg:  11.52600 |
|epoch:  29 | lr: 0.010 |train kld: 2.44999 |train kld ravg: 2.48316 |train mae:  11.38896 |train mae ravg:  11.89678 |val kld: 2.75151 |val kldravg: 2.57976 |val mae:  14.72372 |val mae ravg:  12.35496 |
|epoch:  30 | lr: 0.003 |train kld: 2.49217 |train kld ravg: 2.48411 |train mae:  12.25437 |train mae ravg:  11.96752 |val kld: 2.30110 |val kldravg: 2.55897 |val mae:  8.86068 |val mae ravg:  12.11285 |
|epoch:  31 | lr: 0.003 |train kld: 2.43885 |train kld ravg: 2.47405 |train mae:  11.50249 |train mae ravg:  11.85729 |val kld: 2.34890 |val kldravg: 2.46343 |val mae:  9.16746 |val mae ravg:  10.96933 |
|epoch:  32 | lr: 0.003 |train kld: 2.44174 |train kld ravg: 2.46389 |train mae:  11.58766 |train mae ravg:  11.76096 |val kld: 2.37471 |val kldravg: 2.42848 |val mae:  9.70969 |val mae ravg:  10.46112 |
|epoch:  33 | lr: 0.003 |train kld: 2.37136 |train kld ravg: 2.43882 |train mae:  10.68040 |train mae ravg:  11.48278 |val kld: 2.27858 |val kldravg: 2.41096 |val mae:  8.60576 |val mae ravg:  10.21346 |
|epoch:  34 | lr: 0.003 |train kld: 2.41036 |train kld ravg: 2.43090 |train mae:  11.24748 |train mae ravg:  11.45448 |val kld: 2.66217 |val kldravg: 2.39309 |val mae:  13.86525 |val mae ravg:  10.04177 |
|epoch:  35 | lr: 0.003 |train kld: 2.40911 |train kld ravg: 2.41428 |train mae:  11.44138 |train mae ravg:  11.29188 |val kld: 2.35884 |val kldravg: 2.40464 |val mae:  9.54864 |val mae ravg:  10.17936 |
|epoch:  36 | lr: 0.003 |train kld: 2.39640 |train kld ravg: 2.40579 |train mae:  11.22960 |train mae ravg:  11.23731 |val kld: 2.34156 |val kldravg: 2.40317 |val mae:  9.56321 |val mae ravg:  10.25851 |
|epoch:  37 | lr: 0.003 |train kld: 2.41324 |train kld ravg: 2.40009 |train mae:  11.03380 |train mae ravg:  11.12653 |val kld: 2.34228 |val kldravg: 2.39669 |val mae:  9.86978 |val mae ravg:  10.29053 |
|epoch:  38 | lr: 0.003 |train kld: 2.41429 |train kld ravg: 2.40868 |train mae:  11.27913 |train mae ravg:  11.24628 |val kld: 2.35830 |val kldravg: 2.41263 |val mae:  9.91543 |val mae ravg:  10.55246 |
|epoch:  39 | lr: 0.003 |train kld: 2.41587 |train kld ravg: 2.40978 |train mae:  11.27491 |train mae ravg:  11.25177 |val kld: 2.33151 |val kldravg: 2.34650 |val mae:  8.96420 |val mae ravg:  9.57225 |
|epoch:  40 | lr: 0.003 |train kld: 2.41302 |train kld ravg: 2.41056 |train mae:  10.91639 |train mae ravg:  11.14676 |val kld: 2.38867 |val kldravg: 2.35246 |val mae:  9.90992 |val mae ravg:  9.64451 |
|epoch:  41 | lr: 0.003 |train kld: 2.38832 |train kld ravg: 2.40895 |train mae:  10.98084 |train mae ravg:  11.09701 |val kld: 2.31527 |val kldravg: 2.34721 |val mae:  9.23898 |val mae ravg:  9.57966 |
|epoch:  42 | lr: 0.003 |train kld: 2.41586 |train kld ravg: 2.40947 |train mae:  11.39576 |train mae ravg:  11.16941 |val kld: 2.39725 |val kldravg: 2.35820 |val mae:  9.33475 |val mae ravg:  9.47265 |
|epoch:  43 | lr: 0.003 |train kld: 2.37146 |train kld ravg: 2.40091 |train mae:  10.52784 |train mae ravg:  11.01915 |val kld: 2.35868 |val kldravg: 2.35828 |val mae:  9.55159 |val mae ravg:  9.39989 |
|epoch:  44 | lr: 0.003 |train kld: 2.43632 |train kld ravg: 2.40500 |train mae:  11.73477 |train mae ravg:  11.11112 |val kld: 2.30097 |val kldravg: 2.35217 |val mae:  9.18064 |val mae ravg:  9.44317 |
|epoch:  45 | lr: 0.003 |train kld: 2.35897 |train kld ravg: 2.39419 |train mae:  10.41671 |train mae ravg:  11.01119 |val kld: 2.28785 |val kldravg: 2.33200 |val mae:  8.58828 |val mae ravg:  9.17885 |
|epoch:  46 | lr: 0.003 |train kld: 2.39369 |train kld ravg: 2.39526 |train mae:  10.89784 |train mae ravg:  10.99459 |val kld: 2.50171 |val kldravg: 2.36929 |val mae:  11.96013 |val mae ravg:  9.72308 |
|epoch:  47 | lr: 0.003 |train kld: 2.36934 |train kld ravg: 2.38596 |train mae:  10.77898 |train mae ravg:  10.87123 |val kld: 2.33461 |val kldravg: 2.35677 |val mae:  9.15047 |val mae ravg:  9.68622 |
|epoch:  48 | lr: 0.003 |train kld: 2.35633 |train kld ravg: 2.38293 |train mae:  10.23183 |train mae ravg:  10.81203 |val kld: 2.28763 |val kldravg: 2.34255 |val mae:  9.11726 |val mae ravg:  9.59935 |
|epoch:  49 | lr: 0.003 |train kld: 2.32544 |train kld ravg: 2.36075 |train mae:  10.01344 |train mae ravg:  10.46776 |val kld: 2.42613 |val kldravg: 2.36759 |val mae:  10.26741 |val mae ravg:  9.81671 |
|epoch:  50 | lr: 0.003 |train kld: 2.35282 |train kld ravg: 2.35952 |train mae:  10.68560 |train mae ravg:  10.52154 |val kld: 2.41090 |val kldravg: 2.39219 |val mae:  10.62345 |val mae ravg:  10.22374 |
|epoch:  51 | lr: 0.003 |train kld: 2.36230 |train kld ravg: 2.35325 |train mae:  10.60474 |train mae ravg:  10.46292 |val kld: 2.37619 |val kldravg: 2.36709 |val mae:  10.53320 |val mae ravg:  9.93836 |
|epoch:  52 | lr: 0.003 |train kld: 2.35320 |train kld ravg: 2.35002 |train mae:  10.61472 |train mae ravg:  10.43007 |val kld: 2.26460 |val kldravg: 2.35309 |val mae:  8.44493 |val mae ravg:  9.79725 |
|epoch:  53 | lr: 0.003 |train kld: 2.34822 |train kld ravg: 2.34840 |train mae:  10.73220 |train mae ravg:  10.53014 |val kld: 2.40205 |val kldravg: 2.37598 |val mae:  10.16571 |val mae ravg:  10.00694 |
|epoch:  54 | lr: 0.003 |train kld: 2.36241 |train kld ravg: 2.35579 |train mae:  10.57018 |train mae ravg:  10.64149 |val kld: 2.24160 |val kldravg: 2.33907 |val mae:  8.06943 |val mae ravg:  9.56734 |
|epoch:  55 | lr: 0.003 |train kld: 2.33064 |train kld ravg: 2.35135 |train mae:  10.00459 |train mae ravg:  10.50528 |val kld: 2.37274 |val kldravg: 2.33144 |val mae:  9.81121 |val mae ravg:  9.40490 |
|epoch:  56 | lr: 0.003 |train kld: 2.33920 |train kld ravg: 2.34674 |train mae:  10.13399 |train mae ravg:  10.41113 |val kld: 2.25575 |val kldravg: 2.30735 |val mae:  8.15718 |val mae ravg:  8.92969 |
|epoch:  57 | lr: 0.003 |train kld: 2.33734 |train kld ravg: 2.34356 |train mae:  10.23785 |train mae ravg:  10.33576 |val kld: 2.52330 |val kldravg: 2.35909 |val mae:  11.95211 |val mae ravg:  9.63113 |
|epoch:  58 | lr: 0.003 |train kld: 2.33218 |train kld ravg: 2.34035 |train mae:  10.20396 |train mae ravg:  10.23011 |val kld: 2.30366 |val kldravg: 2.33941 |val mae:  9.18126 |val mae ravg:  9.43424 |
|epoch:  59 | lr: 0.003 |train kld: 2.34789 |train kld ravg: 2.33745 |train mae:  10.76324 |train mae ravg:  10.26873 |val kld: 2.81635 |val kldravg: 2.45436 |val mae:  15.56772 |val mae ravg:  10.93390 |
|epoch:  60 | lr: 0.001 |train kld: 2.30131 |train kld ravg: 2.33158 |train mae:  10.02151 |train mae ravg:  10.27211 |val kld: 2.34269 |val kldravg: 2.44835 |val mae:  9.89629 |val mae ravg:  10.95091 |
|epoch:  61 | lr: 0.001 |train kld: 2.29907 |train kld ravg: 2.32356 |train mae:  9.48822 |train mae ravg:  10.14296 |val kld: 2.39671 |val kldravg: 2.47654 |val mae:  10.56210 |val mae ravg:  11.43190 |
|epoch:  62 | lr: 0.001 |train kld: 2.28477 |train kld ravg: 2.31304 |train mae:  9.48073 |train mae ravg:  9.99153 |val kld: 2.30405 |val kldravg: 2.43269 |val mae:  9.20547 |val mae ravg:  10.88257 |
|epoch:  63 | lr: 0.001 |train kld: 2.28303 |train kld ravg: 2.30321 |train mae:  9.52198 |train mae ravg:  9.85514 |val kld: 2.25955 |val kldravg: 2.42387 |val mae:  8.63176 |val mae ravg:  10.77267 |
|epoch:  64 | lr: 0.001 |train kld: 2.27755 |train kld ravg: 2.28915 |train mae:  9.55587 |train mae ravg:  9.61366 |val kld: 2.22394 |val kldravg: 2.30539 |val mae:  8.41464 |val mae ravg:  9.34205 |
|epoch:  65 | lr: 0.001 |train kld: 2.27171 |train kld ravg: 2.28323 |train mae:  9.43480 |train mae ravg:  9.49632 |val kld: 2.21608 |val kldravg: 2.28007 |val mae:  8.36150 |val mae ravg:  9.03509 |
|epoch:  66 | lr: 0.001 |train kld: 2.31851 |train kld ravg: 2.28711 |train mae:  10.01688 |train mae ravg:  9.60205 |val kld: 2.55461 |val kldravg: 2.31165 |val mae:  12.17254 |val mae ravg:  9.35718 |
|epoch:  67 | lr: 0.001 |train kld: 2.28438 |train kld ravg: 2.28704 |train mae:  9.52124 |train mae ravg:  9.61015 |val kld: 2.21518 |val kldravg: 2.29387 |val mae:  8.21291 |val mae ravg:  9.15867 |
|epoch:  68 | lr: 0.001 |train kld: 2.24503 |train kld ravg: 2.27944 |train mae:  9.19098 |train mae ravg:  9.54395 |val kld: 2.19749 |val kldravg: 2.28146 |val mae:  7.85497 |val mae ravg:  9.00331 |
|epoch:  69 | lr: 0.001 |train kld: 2.26055 |train kld ravg: 2.27604 |train mae:  9.56807 |train mae ravg:  9.54639 |val kld: 2.23394 |val kldravg: 2.28346 |val mae:  8.43199 |val mae ravg:  9.00678 |
|epoch:  70 | lr: 0.001 |train kld: 2.29228 |train kld ravg: 2.28015 |train mae:  9.69655 |train mae ravg:  9.59874 |val kld: 2.34080 |val kldravg: 2.30840 |val mae:  9.91584 |val mae ravg:  9.31765 |
|epoch:  71 | lr: 0.001 |train kld: 2.27507 |train kld ravg: 2.27146 |train mae:  9.71497 |train mae ravg:  9.53836 |val kld: 2.24056 |val kldravg: 2.24559 |val mae:  8.42531 |val mae ravg:  8.56821 |
|epoch:  72 | lr: 0.001 |train kld: 2.26222 |train kld ravg: 2.26703 |train mae:  9.52887 |train mae ravg:  9.53989 |val kld: 2.37891 |val kldravg: 2.27834 |val mae:  10.50031 |val mae ravg:  9.02569 |
|epoch:  73 | lr: 0.001 |train kld: 2.27683 |train kld ravg: 2.27339 |train mae:  9.27800 |train mae ravg:  9.55729 |val kld: 2.28132 |val kldravg: 2.29510 |val mae:  8.93201 |val mae ravg:  9.24109 |
|epoch:  74 | lr: 0.001 |train kld: 2.29161 |train kld ravg: 2.27960 |train mae:  9.83442 |train mae ravg:  9.61056 |val kld: 2.50766 |val kldravg: 2.34985 |val mae:  11.82305 |val mae ravg:  9.91931 |
|epoch:  75 | lr: 0.001 |train kld: 2.27059 |train kld ravg: 2.27527 |train mae:  9.53051 |train mae ravg:  9.57735 |val kld: 2.24405 |val kldravg: 2.33050 |val mae:  8.77496 |val mae ravg:  9.69113 |
|epoch:  76 | lr: 0.001 |train kld: 2.19244 |train kld ravg: 2.25874 |train mae:  8.62643 |train mae ravg:  9.35964 |val kld: 2.25195 |val kldravg: 2.33278 |val mae:  8.85745 |val mae ravg:  9.77756 |
|epoch:  77 | lr: 0.001 |train kld: 2.30708 |train kld ravg: 2.26771 |train mae:  10.14881 |train mae ravg:  9.48363 |val kld: 2.43886 |val kldravg: 2.34477 |val mae:  11.35829 |val mae ravg:  9.94915 |
|epoch:  78 | lr: 0.001 |train kld: 2.24718 |train kld ravg: 2.26178 |train mae:  9.23859 |train mae ravg:  9.47575 |val kld: 2.18855 |val kldravg: 2.32622 |val mae:  8.03716 |val mae ravg:  9.77018 |
|epoch:  79 | lr: 0.001 |train kld: 2.26783 |train kld ravg: 2.25702 |train mae:  9.55069 |train mae ravg:  9.41900 |val kld: 2.22855 |val kldravg: 2.27039 |val mae:  8.50087 |val mae ravg:  9.10575 |
|epoch:  80 | lr: 0.001 |train kld: 2.25566 |train kld ravg: 2.25404 |train mae:  9.24795 |train mae ravg:  9.36249 |val kld: 2.14803 |val kldravg: 2.25119 |val mae:  7.20789 |val mae ravg:  8.79233 |
|epoch:  81 | lr: 0.001 |train kld: 2.26049 |train kld ravg: 2.26765 |train mae:  9.52828 |train mae ravg:  9.54286 |val kld: 2.49820 |val kldravg: 2.30044 |val mae:  11.80393 |val mae ravg:  9.38163 |
|epoch:  82 | lr: 0.001 |train kld: 2.26971 |train kld ravg: 2.26017 |train mae:  9.53222 |train mae ravg:  9.41955 |val kld: 2.21208 |val kldravg: 2.25508 |val mae:  8.25117 |val mae ravg:  8.76020 |
|epoch:  83 | lr: 0.001 |train kld: 2.28756 |train kld ravg: 2.26825 |train mae:  9.65960 |train mae ravg:  9.50375 |val kld: 2.36296 |val kldravg: 2.28996 |val mae:  10.49172 |val mae ravg:  9.25111 |
|epoch:  84 | lr: 0.001 |train kld: 2.25892 |train kld ravg: 2.26647 |train mae:  9.41289 |train mae ravg:  9.47619 |val kld: 2.41261 |val kldravg: 2.32677 |val mae:  10.87539 |val mae ravg:  9.72602 |
|epoch:  85 | lr: 0.001 |train kld: 2.27692 |train kld ravg: 2.27072 |train mae:  9.39663 |train mae ravg:  9.50592 |val kld: 2.30143 |val kldravg: 2.35745 |val mae:  9.28748 |val mae ravg:  10.14194 |
|epoch:  86 | lr: 0.001 |train kld: 2.27748 |train kld ravg: 2.27412 |train mae:  9.58658 |train mae ravg:  9.51758 |val kld: 2.27387 |val kldravg: 2.31259 |val mae:  8.43347 |val mae ravg:  9.46785 |
|epoch:  87 | lr: 0.001 |train kld: 2.24413 |train kld ravg: 2.26900 |train mae:  9.17063 |train mae ravg:  9.44527 |val kld: 2.18443 |val kldravg: 2.30706 |val mae:  7.91826 |val mae ravg:  9.40127 |
|epoch:  88 | lr: 0.001 |train kld: 2.24192 |train kld ravg: 2.25988 |train mae:  9.27270 |train mae ravg:  9.36788 |val kld: 2.21683 |val kldravg: 2.27783 |val mae:  8.45444 |val mae ravg:  8.99381 |
|epoch:  89 | lr: 0.001 |train kld: 2.23762 |train kld ravg: 2.25562 |train mae:  9.14514 |train mae ravg:  9.31433 |val kld: 2.27919 |val kldravg: 2.25115 |val mae:  9.18986 |val mae ravg:  8.65670 |
|epoch:  90 | lr: 0.000 |train kld: 2.21870 |train kld ravg: 2.24397 |train mae:  9.12797 |train mae ravg:  9.26060 |val kld: 2.20434 |val kldravg: 2.23173 |val mae:  8.15872 |val mae ravg:  8.43095 |
|epoch:  91 | lr: 0.000 |train kld: 2.23671 |train kld ravg: 2.23582 |train mae:  9.01885 |train mae ravg:  9.14705 |val kld: 2.17909 |val kldravg: 2.21278 |val mae:  7.67222 |val mae ravg:  8.27870 |
|epoch:  92 | lr: 0.000 |train kld: 2.24185 |train kld ravg: 2.23536 |train mae:  8.78720 |train mae ravg:  9.07037 |val kld: 2.19031 |val kldravg: 2.21395 |val mae:  7.72877 |val mae ravg:  8.24080 |
|epoch:  93 | lr: 0.000 |train kld: 2.24870 |train kld ravg: 2.23672 |train mae:  9.10788 |train mae ravg:  9.03741 |val kld: 2.18095 |val kldravg: 2.20678 |val mae:  7.78938 |val mae ravg:  8.10779 |
|epoch:  94 | lr: 0.000 |train kld: 2.23391 |train kld ravg: 2.23597 |train mae:  9.07758 |train mae ravg:  9.02390 |val kld: 2.20562 |val kldravg: 2.19206 |val mae:  7.89601 |val mae ravg:  7.84902 |
|epoch:  95 | lr: 0.000 |train kld: 2.19744 |train kld ravg: 2.23172 |train mae:  8.68413 |train mae ravg:  8.93513 |val kld: 2.16580 |val kldravg: 2.18435 |val mae:  7.10509 |val mae ravg:  7.63829 |
|epoch:  96 | lr: 0.000 |train kld: 2.24177 |train kld ravg: 2.23273 |train mae:  9.18333 |train mae ravg:  8.96802 |val kld: 2.22449 |val kldravg: 2.19343 |val mae:  8.60520 |val mae ravg:  7.82489 |
|epoch:  97 | lr: 0.000 |train kld: 2.20326 |train kld ravg: 2.22502 |train mae:  8.49859 |train mae ravg:  8.91030 |val kld: 2.18052 |val kldravg: 2.19148 |val mae:  7.79625 |val mae ravg:  7.83838 |
|epoch:  98 | lr: 0.000 |train kld: 2.22083 |train kld ravg: 2.21944 |train mae:  9.00948 |train mae ravg:  8.89062 |val kld: 2.20223 |val kldravg: 2.19573 |val mae:  8.03698 |val mae ravg:  7.88791 |
|epoch:  99 | lr: 0.000 |train kld: 2.23301 |train kld ravg: 2.21926 |train mae:  8.72995 |train mae ravg:  8.82110 |val kld: 2.19827 |val kldravg: 2.19426 |val mae:  8.06263 |val mae ravg:  7.92123 |
|epoch: 100 | lr: 0.000 |train kld: 2.24835 |train kld ravg: 2.22944 |train mae:  9.03414 |train mae ravg:  8.89110 |val kld: 2.22663 |val kldravg: 2.20643 |val mae:  8.63121 |val mae ravg:  8.22645 |
|epoch: 101 | lr: 0.000 |train kld: 2.20713 |train kld ravg: 2.22252 |train mae:  8.76596 |train mae ravg:  8.80762 |val kld: 2.17014 |val kldravg: 2.19556 |val mae:  7.54991 |val mae ravg:  8.01540 |
|epoch: 102 | lr: 0.000 |train kld: 2.20265 |train kld ravg: 2.22239 |train mae:  8.46007 |train mae ravg:  8.79992 |val kld: 2.19077 |val kldravg: 2.19761 |val mae:  7.61217 |val mae ravg:  7.97858 |
|epoch: 103 | lr: 0.000 |train kld: 2.21080 |train kld ravg: 2.22039 |train mae:  8.83877 |train mae ravg:  8.76578 |val kld: 2.33705 |val kldravg: 2.22457 |val mae:  9.81001 |val mae ravg:  8.33319 |
|epoch: 104 | lr: 0.000 |train kld: 2.20159 |train kld ravg: 2.21410 |train mae:  8.66147 |train mae ravg:  8.75208 |val kld: 2.22848 |val kldravg: 2.23062 |val mae:  8.53198 |val mae ravg:  8.42706 |
|epoch: 105 | lr: 0.000 |train kld: 2.21614 |train kld ravg: 2.20766 |train mae:  8.77760 |train mae ravg:  8.70077 |val kld: 2.16885 |val kldravg: 2.21906 |val mae:  7.15651 |val mae ravg:  8.13212 |
|epoch: 106 | lr: 0.000 |train kld: 2.18975 |train kld ravg: 2.20418 |train mae:  8.24993 |train mae ravg:  8.59757 |val kld: 2.22652 |val kldravg: 2.23033 |val mae:  8.38959 |val mae ravg:  8.30005 |
|epoch: 107 | lr: 0.000 |train kld: 2.19823 |train kld ravg: 2.20330 |train mae:  8.53110 |train mae ravg:  8.61177 |val kld: 2.23443 |val kldravg: 2.23907 |val mae:  8.69357 |val mae ravg:  8.51633 |
|epoch: 108 | lr: 0.000 |train kld: 2.18870 |train kld ravg: 2.19888 |train mae:  8.57593 |train mae ravg:  8.55920 |val kld: 2.19501 |val kldravg: 2.21066 |val mae:  7.82094 |val mae ravg:  8.11852 |
|epoch: 109 | lr: 0.000 |train kld: 2.19731 |train kld ravg: 2.19802 |train mae:  8.35413 |train mae ravg:  8.49774 |val kld: 2.19687 |val kldravg: 2.20434 |val mae:  7.88605 |val mae ravg:  7.98933 |
|epoch: 110 | lr: 0.000 |train kld: 2.20844 |train kld ravg: 2.19649 |train mae:  8.71719 |train mae ravg:  8.48565 |val kld: 2.17829 |val kldravg: 2.20622 |val mae:  7.83426 |val mae ravg:  8.12488 |
|epoch: 111 | lr: 0.000 |train kld: 2.23347 |train kld ravg: 2.20523 |train mae:  8.97606 |train mae ravg:  8.63088 |val kld: 2.20927 |val kldravg: 2.20278 |val mae:  8.25686 |val mae ravg:  8.09833 |
|epoch: 112 | lr: 0.000 |train kld: 2.21614 |train kld ravg: 2.20881 |train mae:  8.54768 |train mae ravg:  8.63420 |val kld: 2.15528 |val kldravg: 2.18694 |val mae:  7.34366 |val mae ravg:  7.82835 |
|epoch: 113 | lr: 0.000 |train kld: 2.20493 |train kld ravg: 2.21206 |train mae:  8.43895 |train mae ravg:  8.60680 |val kld: 2.41836 |val kldravg: 2.23161 |val mae:  11.02450 |val mae ravg:  8.46906 |
|epoch: 114 | lr: 0.000 |train kld: 2.19403 |train kld ravg: 2.21140 |train mae:  8.55757 |train mae ravg:  8.64749 |val kld: 2.19713 |val kldravg: 2.23167 |val mae:  7.78082 |val mae ravg:  8.44802 |
|epoch: 115 | lr: 0.000 |train kld: 2.20054 |train kld ravg: 2.20982 |train mae:  8.58831 |train mae ravg:  8.62171 |val kld: 2.21799 |val kldravg: 2.23961 |val mae:  8.22172 |val mae ravg:  8.52551 |
|epoch: 116 | lr: 0.000 |train kld: 2.19815 |train kld ravg: 2.20276 |train mae:  8.36175 |train mae ravg:  8.49885 |val kld: 2.20324 |val kldravg: 2.23840 |val mae:  8.08254 |val mae ravg:  8.49065 |
|epoch: 117 | lr: 0.000 |train kld: 2.20125 |train kld ravg: 2.19978 |train mae:  8.59034 |train mae ravg:  8.50738 |val kld: 2.39929 |val kldravg: 2.28720 |val mae:  10.37930 |val mae ravg:  9.09777 |
|epoch: 118 | lr: 0.000 |train kld: 2.20833 |train kld ravg: 2.20046 |train mae:  8.65311 |train mae ravg:  8.55021 |val kld: 2.30181 |val kldravg: 2.26389 |val mae:  9.37148 |val mae ravg:  8.76717 |
|epoch: 119 | lr: 0.000 |train kld: 2.21448 |train kld ravg: 2.20455 |train mae:  8.68197 |train mae ravg:  8.57510 |val kld: 2.18806 |val kldravg: 2.26208 |val mae:  7.90731 |val mae ravg:  8.79247 |
|epoch: 120 | lr: 0.000 |train kld: 2.18349 |train kld ravg: 2.20114 |train mae:  8.48027 |train mae ravg:  8.55349 |val kld: 2.18626 |val kldravg: 2.25573 |val mae:  7.39313 |val mae ravg:  8.62675 |
|epoch: 121 | lr: 0.000 |train kld: 2.18917 |train kld ravg: 2.19934 |train mae:  8.51784 |train mae ravg:  8.58471 |val kld: 2.19463 |val kldravg: 2.25401 |val mae:  7.95487 |val mae ravg:  8.60122 |
|epoch: 122 | lr: 0.000 |train kld: 2.19512 |train kld ravg: 2.19812 |train mae:  8.53542 |train mae ravg:  8.57372 |val kld: 2.20324 |val kldravg: 2.21480 |val mae:  8.08995 |val mae ravg:  8.14335 |
|epoch: 123 | lr: 0.000 |train kld: 2.19365 |train kld ravg: 2.19518 |train mae:  8.57627 |train mae ravg:  8.55836 |val kld: 2.21172 |val kldravg: 2.19678 |val mae:  7.95588 |val mae ravg:  7.86023 |
|epoch: 124 | lr: 0.000 |train kld: 2.18372 |train kld ravg: 2.18903 |train mae:  8.29199 |train mae ravg:  8.48036 |val kld: 2.17598 |val kldravg: 2.19437 |val mae:  7.49019 |val mae ravg:  7.77680 |
|epoch: 125 | lr: 0.000 |train kld: 2.21420 |train kld ravg: 2.19517 |train mae:  8.66421 |train mae ravg:  8.51715 |val kld: 2.16433 |val kldravg: 2.18998 |val mae:  7.40002 |val mae ravg:  7.77818 |
|epoch: 126 | lr: 0.000 |train kld: 2.18997 |train kld ravg: 2.19533 |train mae:  8.48259 |train mae ravg:  8.51010 |val kld: 2.21654 |val kldravg: 2.19436 |val mae:  8.32838 |val mae ravg:  7.85288 |
|epoch: 127 | lr: 0.000 |train kld: 2.18895 |train kld ravg: 2.19410 |train mae:  8.33525 |train mae ravg:  8.47006 |val kld: 2.16438 |val kldravg: 2.18659 |val mae:  7.26029 |val mae ravg:  7.68695 |
|epoch: 128 | lr: 0.000 |train kld: 2.16457 |train kld ravg: 2.18828 |train mae:  8.08543 |train mae ravg:  8.37189 |val kld: 2.22665 |val kldravg: 2.18958 |val mae:  8.26162 |val mae ravg:  7.74810 |
|epoch: 129 | lr: 0.000 |train kld: 2.19541 |train kld ravg: 2.19062 |train mae:  8.67220 |train mae ravg:  8.44794 |val kld: 2.18650 |val kldravg: 2.19168 |val mae:  7.93672 |val mae ravg:  7.83740 |
|epoch: 130 | lr: 0.000 |train kld: 2.17978 |train kld ravg: 2.18374 |train mae:  8.46670 |train mae ravg:  8.40843 |val kld: 2.17473 |val kldravg: 2.19376 |val mae:  7.70878 |val mae ravg:  7.89916 |
|epoch: 131 | lr: 0.000 |train kld: 2.19565 |train kld ravg: 2.18487 |train mae:  8.54578 |train mae ravg:  8.42107 |val kld: 2.15839 |val kldravg: 2.18213 |val mae:  7.27068 |val mae ravg:  7.68762 |
|epoch: 132 | lr: 0.000 |train kld: 2.21040 |train kld ravg: 2.18916 |train mae:  8.85348 |train mae ravg:  8.52472 |val kld: 2.16333 |val kldravg: 2.18192 |val mae:  7.54681 |val mae ravg:  7.74492 |
|epoch: 133 | lr: 0.000 |train kld: 2.17784 |train kld ravg: 2.19181 |train mae:  8.38073 |train mae ravg:  8.58378 |val kld: 2.18678 |val kldravg: 2.17395 |val mae:  7.89414 |val mae ravg:  7.67143 |
|epoch: 134 | lr: 0.000 |train kld: 2.17030 |train kld ravg: 2.18679 |train mae:  8.47891 |train mae ravg:  8.54512 |val kld: 2.22294 |val kldravg: 2.18124 |val mae:  8.19740 |val mae ravg:  7.72356 |
|epoch: 135 | lr: 0.000 |train kld: 2.18697 |train kld ravg: 2.18823 |train mae:  8.27634 |train mae ravg:  8.50705 |val kld: 2.20647 |val kldravg: 2.18758 |val mae:  8.00029 |val mae ravg:  7.78186 |
|epoch: 136 | lr: 0.000 |train kld: 2.19935 |train kld ravg: 2.18897 |train mae:  8.53932 |train mae ravg:  8.50576 |val kld: 2.16893 |val kldravg: 2.18969 |val mae:  7.60206 |val mae ravg:  7.84814 |
|epoch: 137 | lr: 0.000 |train kld: 2.18759 |train kld ravg: 2.18441 |train mae:  8.70676 |train mae ravg:  8.47641 |val kld: 2.16697 |val kldravg: 2.19042 |val mae:  7.45269 |val mae ravg:  7.82932 |
|epoch: 138 | lr: 0.000 |train kld: 2.17596 |train kld ravg: 2.18404 |train mae:  8.35248 |train mae ravg:  8.47076 |val kld: 2.18238 |val kldravg: 2.18954 |val mae:  7.60908 |val mae ravg:  7.77231 |
|epoch: 139 | lr: 0.000 |train kld: 2.19041 |train kld ravg: 2.18806 |train mae:  8.18671 |train mae ravg:  8.41232 |val kld: 2.21847 |val kldravg: 2.18864 |val mae:  8.19248 |val mae ravg:  7.77132 |
|epoch: 140 | lr: 0.000 |train kld: 2.18728 |train kld ravg: 2.18812 |train mae:  8.82920 |train mae ravg:  8.52289 |val kld: 2.16481 |val kldravg: 2.18031 |val mae:  7.40635 |val mae ravg:  7.65253 |
|epoch: 141 | lr: 0.000 |train kld: 2.18561 |train kld ravg: 2.18537 |train mae:  8.49997 |train mae ravg:  8.51502 |val kld: 2.19981 |val kldravg: 2.18649 |val mae:  7.93140 |val mae ravg:  7.71840 |
|epoch: 142 | lr: 0.000 |train kld: 2.14892 |train kld ravg: 2.17764 |train mae:  8.08674 |train mae ravg:  8.39102 |val kld: 2.17265 |val kldravg: 2.18762 |val mae:  7.64789 |val mae ravg:  7.75744 |
|epoch: 143 | lr: 0.000 |train kld: 2.18504 |train kld ravg: 2.17945 |train mae:  8.64183 |train mae ravg:  8.44889 |val kld: 2.20972 |val kldravg: 2.19309 |val mae:  8.12580 |val mae ravg:  7.86078 |
|epoch: 144 | lr: 0.000 |train kld: 2.16747 |train kld ravg: 2.17486 |train mae:  8.50629 |train mae ravg:  8.51280 |val kld: 2.18690 |val kldravg: 2.18678 |val mae:  7.58948 |val mae ravg:  7.74018 |
|epoch: 145 | lr: 0.000 |train kld: 2.19494 |train kld ravg: 2.17640 |train mae:  8.53461 |train mae ravg:  8.45389 |val kld: 2.30630 |val kldravg: 2.21508 |val mae:  9.60741 |val mae ravg:  8.18040 |
|epoch: 146 | lr: 0.000 |train kld: 2.21027 |train kld ravg: 2.18133 |train mae:  8.65100 |train mae ravg:  8.48409 |val kld: 2.15250 |val kldravg: 2.20561 |val mae:  7.15298 |val mae ravg:  8.02471 |
|epoch: 147 | lr: 0.000 |train kld: 2.13939 |train kld ravg: 2.17942 |train mae:  7.79861 |train mae ravg:  8.42647 |val kld: 2.16676 |val kldravg: 2.20444 |val mae:  7.19561 |val mae ravg:  7.93425 |
|epoch: 148 | lr: 0.000 |train kld: 2.18682 |train kld ravg: 2.17978 |train mae:  8.27064 |train mae ravg:  8.35223 |val kld: 2.20997 |val kldravg: 2.20449 |val mae:  8.04216 |val mae ravg:  7.91752 |
|epoch: 149 | lr: 0.000 |train kld: 2.15674 |train kld ravg: 2.17763 |train mae:  8.37343 |train mae ravg:  8.32566 |val kld: 2.21171 |val kldravg: 2.20945 |val mae:  7.93476 |val mae ravg:  7.98658 |
|epoch: 150 | lr: 0.000 |train kld: 2.18694 |train kld ravg: 2.17603 |train mae:  8.47447 |train mae ravg:  8.31363 |val kld: 2.18485 |val kldravg: 2.18516 |val mae:  7.70282 |val mae ravg:  7.60566 |
|epoch: 151 | lr: 0.000 |train kld: 2.15966 |train kld ravg: 2.16591 |train mae:  8.20270 |train mae ravg:  8.22397 |val kld: 2.19270 |val kldravg: 2.19320 |val mae:  7.86379 |val mae ravg:  7.74783 |
|epoch: 152 | lr: 0.000 |train kld: 2.20743 |train kld ravg: 2.17952 |train mae:  8.72001 |train mae ravg:  8.40825 |val kld: 2.16948 |val kldravg: 2.19374 |val mae:  7.61134 |val mae ravg:  7.83097 |
|epoch: 153 | lr: 0.000 |train kld: 2.18370 |train kld ravg: 2.17889 |train mae:  8.44525 |train mae ravg:  8.44317 |val kld: 2.15864 |val kldravg: 2.18348 |val mae:  7.31447 |val mae ravg:  7.68544 |
|epoch: 154 | lr: 0.000 |train kld: 2.18129 |train kld ravg: 2.18380 |train mae:  8.35557 |train mae ravg:  8.43960 |val kld: 2.16853 |val kldravg: 2.17484 |val mae:  7.43964 |val mae ravg:  7.58641 |
|epoch: 155 | lr: 0.000 |train kld: 2.19190 |train kld ravg: 2.18479 |train mae:  8.48383 |train mae ravg:  8.44147 |val kld: 2.26110 |val kldravg: 2.19009 |val mae:  8.88092 |val mae ravg:  7.82203 |
|epoch: 156 | lr: 0.000 |train kld: 2.17758 |train kld ravg: 2.18838 |train mae:  7.77665 |train mae ravg:  8.35626 |val kld: 2.15864 |val kldravg: 2.18328 |val mae:  7.11018 |val mae ravg:  7.67131 |
|epoch: 157 | lr: 0.000 |train kld: 2.16860 |train kld ravg: 2.18061 |train mae:  8.23054 |train mae ravg:  8.25837 |val kld: 2.15566 |val kldravg: 2.18051 |val mae:  7.10082 |val mae ravg:  7.56921 |
|epoch: 158 | lr: 0.000 |train kld: 2.15590 |train kld ravg: 2.17505 |train mae:  8.12243 |train mae ravg:  8.19381 |val kld: 2.19601 |val kldravg: 2.18799 |val mae:  8.07029 |val mae ravg:  7.72037 |
|epoch: 159 | lr: 0.000 |train kld: 2.15544 |train kld ravg: 2.16988 |train mae:  8.00301 |train mae ravg:  8.12329 |val kld: 2.17108 |val kldravg: 2.18850 |val mae:  7.63764 |val mae ravg:  7.75997 |
|epoch: 160 | lr: 0.000 |train kld: 2.18313 |train kld ravg: 2.16813 |train mae:  8.51073 |train mae ravg:  8.12867 |val kld: 2.17034 |val kldravg: 2.17034 |val mae:  7.43482 |val mae ravg:  7.47075 |
|epoch: 161 | lr: 0.000 |train kld: 2.19860 |train kld ravg: 2.17233 |train mae:  8.74263 |train mae ravg:  8.32187 |val kld: 2.16215 |val kldravg: 2.17105 |val mae:  7.38347 |val mae ravg:  7.52541 |
|epoch: 162 | lr: 0.000 |train kld: 2.18448 |train kld ravg: 2.17551 |train mae:  8.43843 |train mae ravg:  8.36344 |val kld: 2.16301 |val kldravg: 2.17252 |val mae:  7.21882 |val mae ravg:  7.54901 |
|epoch: 163 | lr: 0.000 |train kld: 2.17576 |train kld ravg: 2.17948 |train mae:  8.54196 |train mae ravg:  8.44735 |val kld: 2.18491 |val kldravg: 2.17030 |val mae:  7.58352 |val mae ravg:  7.45165 |
|epoch: 164 | lr: 0.000 |train kld: 2.17033 |train kld ravg: 2.18246 |train mae:  8.18781 |train mae ravg:  8.48431 |val kld: 2.16695 |val kldravg: 2.16947 |val mae:  7.49253 |val mae ravg:  7.42263 |
|epoch: 165 | lr: 0.000 |train kld: 2.17995 |train kld ravg: 2.18183 |train mae:  8.62300 |train mae ravg:  8.50677 |val kld: 2.18228 |val kldravg: 2.17186 |val mae:  7.48421 |val mae ravg:  7.43251 |
|epoch: 166 | lr: 0.000 |train kld: 2.18878 |train kld ravg: 2.17986 |train mae:  8.44101 |train mae ravg:  8.44644 |val kld: 2.18470 |val kldravg: 2.17637 |val mae:  7.70872 |val mae ravg:  7.49756 |
|epoch: 167 | lr: 0.000 |train kld: 2.13294 |train kld ravg: 2.16955 |train mae:  7.43338 |train mae ravg:  8.24543 |val kld: 2.19932 |val kldravg: 2.18363 |val mae:  7.92240 |val mae ravg:  7.63827 |
|epoch: 168 | lr: 0.000 |train kld: 2.14431 |train kld ravg: 2.16326 |train mae:  8.05869 |train mae ravg:  8.14878 |val kld: 2.16846 |val kldravg: 2.18034 |val mae:  7.43042 |val mae ravg:  7.60765 |
|epoch: 169 | lr: 0.000 |train kld: 2.18022 |train kld ravg: 2.16524 |train mae:  8.43306 |train mae ravg:  8.19783 |val kld: 2.15507 |val kldravg: 2.17797 |val mae:  7.21165 |val mae ravg:  7.55148 |
|epoch: 170 | lr: 0.000 |train kld: 2.18325 |train kld ravg: 2.16590 |train mae:  8.34901 |train mae ravg:  8.14303 |val kld: 2.18550 |val kldravg: 2.17861 |val mae:  7.70760 |val mae ravg:  7.59616 |
|epoch: 171 | lr: 0.000 |train kld: 2.15598 |train kld ravg: 2.15934 |train mae:  7.88960 |train mae ravg:  8.03275 |val kld: 2.16028 |val kldravg: 2.17373 |val mae:  7.24631 |val mae ravg:  7.50367 |
|epoch: 172 | lr: 0.000 |train kld: 2.17979 |train kld ravg: 2.16871 |train mae:  8.55730 |train mae ravg:  8.25753 |val kld: 2.18226 |val kldravg: 2.17031 |val mae:  7.72587 |val mae ravg:  7.46437 |
|epoch: 173 | lr: 0.000 |train kld: 2.17934 |train kld ravg: 2.17571 |train mae:  8.33576 |train mae ravg:  8.31295 |val kld: 2.18736 |val kldravg: 2.17409 |val mae:  7.67693 |val mae ravg:  7.51367 |
|epoch: 174 | lr: 0.000 |train kld: 2.16579 |train kld ravg: 2.17283 |train mae:  7.92407 |train mae ravg:  8.21115 |val kld: 2.16993 |val kldravg: 2.17706 |val mae:  7.50880 |val mae ravg:  7.57310 |
|epoch: 175 | lr: 0.000 |train kld: 2.18575 |train kld ravg: 2.17333 |train mae:  8.45640 |train mae ravg:  8.23263 |val kld: 2.18779 |val kldravg: 2.17752 |val mae:  7.78643 |val mae ravg:  7.58887 |
|epoch: 176 | lr: 0.000 |train kld: 2.19063 |train kld ravg: 2.18026 |train mae:  8.58770 |train mae ravg:  8.37225 |val kld: 2.16493 |val kldravg: 2.17845 |val mae:  7.34136 |val mae ravg:  7.60788 |
|epoch: 177 | lr: 0.000 |train kld: 2.17844 |train kld ravg: 2.17999 |train mae:  8.47845 |train mae ravg:  8.35648 |val kld: 2.17554 |val kldravg: 2.17711 |val mae:  7.41301 |val mae ravg:  7.54531 |
|epoch: 178 | lr: 0.000 |train kld: 2.17779 |train kld ravg: 2.17968 |train mae:  8.51636 |train mae ravg:  8.39260 |val kld: 2.15743 |val kldravg: 2.17112 |val mae:  7.29703 |val mae ravg:  7.46932 |
|epoch: 179 | lr: 0.000 |train kld: 2.18421 |train kld ravg: 2.18336 |train mae:  8.56751 |train mae ravg:  8.52129 |val kld: 2.17189 |val kldravg: 2.17152 |val mae:  7.44479 |val mae ravg:  7.45652 |
|epoch: 180 | lr: 0.000 |train kld: 2.16099 |train kld ravg: 2.17841 |train mae:  8.08648 |train mae ravg:  8.44730 |val kld: 2.17627 |val kldravg: 2.16921 |val mae:  7.57236 |val mae ravg:  7.41371 |
|epoch: 181 | lr: 0.000 |train kld: 2.13749 |train kld ravg: 2.16778 |train mae:  7.70382 |train mae ravg:  8.27052 |val kld: 2.17639 |val kldravg: 2.17150 |val mae:  7.76733 |val mae ravg:  7.49890 |
|epoch: 182 | lr: 0.000 |train kld: 2.17270 |train kld ravg: 2.16664 |train mae:  8.26896 |train mae ravg:  8.22863 |val kld: 2.16517 |val kldravg: 2.16943 |val mae:  7.27368 |val mae ravg:  7.47104 |
|epoch: 183 | lr: 0.000 |train kld: 2.14406 |train kld ravg: 2.15989 |train mae:  8.10158 |train mae ravg:  8.14567 |val kld: 2.17684 |val kldravg: 2.17331 |val mae:  7.77672 |val mae ravg:  7.56698 |
|epoch: 184 | lr: 0.000 |train kld: 2.15615 |train kld ravg: 2.15428 |train mae:  8.11308 |train mae ravg:  8.05478 |val kld: 2.17262 |val kldravg: 2.17346 |val mae:  7.41189 |val mae ravg:  7.56040 |
|epoch: 185 | lr: 0.000 |train kld: 2.14098 |train kld ravg: 2.15028 |train mae:  7.52434 |train mae ravg:  7.94236 |val kld: 2.18385 |val kldravg: 2.17497 |val mae:  7.61334 |val mae ravg:  7.56859 |
|epoch: 186 | lr: 0.000 |train kld: 2.17666 |train kld ravg: 2.15811 |train mae:  8.49133 |train mae ravg:  8.09986 |val kld: 2.17141 |val kldravg: 2.17398 |val mae:  7.52682 |val mae ravg:  7.52049 |
|epoch: 187 | lr: 0.000 |train kld: 2.16902 |train kld ravg: 2.15737 |train mae:  8.39214 |train mae ravg:  8.12449 |val kld: 2.17656 |val kldravg: 2.17626 |val mae:  7.55141 |val mae ravg:  7.57604 |
|epoch: 188 | lr: 0.000 |train kld: 2.18482 |train kld ravg: 2.16552 |train mae:  8.29925 |train mae ravg:  8.16403 |val kld: 2.16873 |val kldravg: 2.17463 |val mae:  7.31628 |val mae ravg:  7.48395 |
|epoch: 189 | lr: 0.000 |train kld: 2.19168 |train kld ravg: 2.17263 |train mae:  8.35485 |train mae ravg:  8.21238 |val kld: 2.16099 |val kldravg: 2.17231 |val mae:  7.31999 |val mae ravg:  7.46557 |
|epoch: 190 | lr: 0.000 |train kld: 2.17997 |train kld ravg: 2.18043 |train mae:  8.52680 |train mae ravg:  8.41287 |val kld: 2.17829 |val kldravg: 2.17120 |val mae:  7.79525 |val mae ravg:  7.50195 |
|epoch: 191 | lr: 0.000 |train kld: 2.17205 |train kld ravg: 2.17951 |train mae:  8.14241 |train mae ravg:  8.34309 |val kld: 2.16989 |val kldravg: 2.17089 |val mae:  7.43870 |val mae ravg:  7.48433 |
|epoch: 192 | lr: 0.000 |train kld: 2.18994 |train kld ravg: 2.18369 |train mae:  8.72135 |train mae ravg:  8.40893 |val kld: 2.17599 |val kldravg: 2.17078 |val mae:  7.42773 |val mae ravg:  7.45959 |
|epoch: 193 | lr: 0.000 |train kld: 2.15842 |train kld ravg: 2.17841 |train mae:  8.30005 |train mae ravg:  8.40909 |val kld: 2.18703 |val kldravg: 2.17444 |val mae:  7.69202 |val mae ravg:  7.53474 |
|epoch: 194 | lr: 0.000 |train kld: 2.14574 |train kld ravg: 2.16922 |train mae:  7.94921 |train mae ravg:  8.32796 |val kld: 2.17737 |val kldravg: 2.17771 |val mae:  7.64627 |val mae ravg:  7.59999 |
|epoch: 195 | lr: 0.000 |train kld: 2.15993 |train kld ravg: 2.16522 |train mae:  8.10214 |train mae ravg:  8.24303 |val kld: 2.18119 |val kldravg: 2.17829 |val mae:  7.61737 |val mae ravg:  7.56442 |
|epoch: 196 | lr: 0.000 |train kld: 2.17827 |train kld ravg: 2.16646 |train mae:  8.49669 |train mae ravg:  8.31389 |val kld: 2.17745 |val kldravg: 2.17980 |val mae:  7.45803 |val mae ravg:  7.56828 |
|epoch: 197 | lr: 0.000 |train kld: 2.19146 |train kld ravg: 2.16676 |train mae:  8.66580 |train mae ravg:  8.30278 |val kld: 2.17069 |val kldravg: 2.17874 |val mae:  7.48129 |val mae ravg:  7.57900 |
|epoch: 198 | lr: 0.000 |train kld: 2.18952 |train kld ravg: 2.17298 |train mae:  8.55347 |train mae ravg:  8.35346 |val kld: 2.17306 |val kldravg: 2.17595 |val mae:  7.51910 |val mae ravg:  7.54441 |
|epoch: 199 | lr: 0.000 |train kld: 2.16785 |train kld ravg: 2.17740 |train mae:  8.04440 |train mae ravg:  8.37250 |val kld: 2.17887 |val kldravg: 2.17625 |val mae:  7.61110 |val mae ravg:  7.53738 |
|epoch: 200 | lr: 0.000 |train kld: 2.17620 |train kld ravg: 2.18066 |train mae:  8.09571 |train mae ravg:  8.37121 |val kld: 2.18546 |val kldravg: 2.17711 |val mae:  7.71005 |val mae ravg:  7.55591 |
|epoch: 201 | lr: 0.000 |train kld: 2.18745 |train kld ravg: 2.18250 |train mae:  8.42348 |train mae ravg:  8.35657 |val kld: 2.18392 |val kldravg: 2.17840 |val mae:  7.82390 |val mae ravg:  7.62909 |
|epoch: 202 | lr: 0.000 |train kld: 2.18339 |train kld ravg: 2.18088 |train mae:  8.21544 |train mae ravg:  8.26650 |val kld: 2.18407 |val kldravg: 2.18108 |val mae:  8.04730 |val mae ravg:  7.74229 |
|epoch: 203 | lr: 0.000 |train kld: 2.17898 |train kld ravg: 2.17877 |train mae:  8.27083 |train mae ravg:  8.20997 |val kld: 2.17895 |val kldravg: 2.18225 |val mae:  7.77343 |val mae ravg:  7.79315 |
|epoch: 204 | lr: 0.000 |train kld: 2.20090 |train kld ravg: 2.18538 |train mae:  8.45491 |train mae ravg:  8.29207 |val kld: 2.17906 |val kldravg: 2.18229 |val mae:  7.51403 |val mae ravg:  7.77374 |
|epoch: 205 | lr: 0.000 |train kld: 2.17528 |train kld ravg: 2.18520 |train mae:  8.27548 |train mae ravg:  8.32803 |val kld: 2.17204 |val kldravg: 2.17961 |val mae:  7.60028 |val mae ravg:  7.75179 |
|epoch: 206 | lr: 0.000 |train kld: 2.17296 |train kld ravg: 2.18230 |train mae:  8.22306 |train mae ravg:  8.28794 |val kld: 2.16775 |val kldravg: 2.17637 |val mae:  7.47409 |val mae ravg:  7.68183 |
|epoch: 207 | lr: 0.000 |train kld: 2.14854 |train kld ravg: 2.17533 |train mae:  8.01774 |train mae ravg:  8.24841 |val kld: 2.16974 |val kldravg: 2.17351 |val mae:  7.46580 |val mae ravg:  7.56553 |
|epoch: 208 | lr: 0.000 |train kld: 2.18590 |train kld ravg: 2.17672 |train mae:  8.45978 |train mae ravg:  8.28619 |val kld: 2.18524 |val kldravg: 2.17476 |val mae:  7.82329 |val mae ravg:  7.57550 |
|epoch: 209 | lr: 0.000 |train kld: 2.19186 |train kld ravg: 2.17491 |train mae:  8.38398 |train mae ravg:  8.27201 |val kld: 2.17812 |val kldravg: 2.17458 |val mae:  7.60561 |val mae ravg:  7.59381 |
|epoch: 210 | lr: 0.000 |train kld: 2.13218 |train kld ravg: 2.16629 |train mae:  7.42859 |train mae ravg:  8.10263 |val kld: 2.17913 |val kldravg: 2.17600 |val mae:  7.64207 |val mae ravg:  7.60217 |
|epoch: 211 | lr: 0.000 |train kld: 2.17847 |train kld ravg: 2.16739 |train mae:  8.48923 |train mae ravg:  8.15587 |val kld: 2.17753 |val kldravg: 2.17795 |val mae:  7.58990 |val mae ravg:  7.62534 |
|epoch: 212 | lr: 0.000 |train kld: 2.16570 |train kld ravg: 2.17082 |train mae:  8.14970 |train mae ravg:  8.18226 |val kld: 2.17038 |val kldravg: 2.17808 |val mae:  7.56945 |val mae ravg:  7.64606 |
|epoch: 213 | lr: 0.000 |train kld: 2.15537 |train kld ravg: 2.16472 |train mae:  8.20675 |train mae ravg:  8.13165 |val kld: 2.17337 |val kldravg: 2.17571 |val mae:  7.58597 |val mae ravg:  7.59860 |
|epoch: 214 | lr: 0.000 |train kld: 2.17490 |train kld ravg: 2.16132 |train mae:  8.51259 |train mae ravg:  8.15737 |val kld: 2.15748 |val kldravg: 2.17158 |val mae:  7.14577 |val mae ravg:  7.50663 |
|epoch: 215 | lr: 0.000 |train kld: 2.17797 |train kld ravg: 2.17048 |train mae:  7.99901 |train mae ravg:  8.27146 |val kld: 2.19316 |val kldravg: 2.17438 |val mae:  7.71172 |val mae ravg:  7.52056 |
|epoch: 216 | lr: 0.000 |train kld: 2.15270 |train kld ravg: 2.16533 |train mae:  8.25372 |train mae ravg:  8.22435 |val kld: 2.17166 |val kldravg: 2.17321 |val mae:  7.31040 |val mae ravg:  7.46466 |
|epoch: 217 | lr: 0.000 |train kld: 2.21139 |train kld ravg: 2.17447 |train mae:  8.44862 |train mae ravg:  8.28414 |val kld: 2.16424 |val kldravg: 2.17198 |val mae:  7.19487 |val mae ravg:  7.38975 |
|epoch: 218 | lr: 0.000 |train kld: 2.18952 |train kld ravg: 2.18129 |train mae:  8.48159 |train mae ravg:  8.33911 |val kld: 2.17715 |val kldravg: 2.17274 |val mae:  7.48572 |val mae ravg:  7.36970 |
|epoch: 219 | lr: 0.000 |train kld: 2.14159 |train kld ravg: 2.17463 |train mae:  8.25943 |train mae ravg:  8.28847 |val kld: 2.16842 |val kldravg: 2.17493 |val mae:  7.27434 |val mae ravg:  7.39541 |
|epoch: 220 | lr: 0.000 |train kld: 2.16509 |train kld ravg: 2.17206 |train mae:  8.11693 |train mae ravg:  8.31206 |val kld: 2.19561 |val kldravg: 2.17542 |val mae:  8.05902 |val mae ravg:  7.46487 |
|epoch: 221 | lr: 0.000 |train kld: 2.18524 |train kld ravg: 2.17856 |train mae:  8.74759 |train mae ravg:  8.41083 |val kld: 2.16227 |val kldravg: 2.17354 |val mae:  7.35726 |val mae ravg:  7.47424 |
|epoch: 222 | lr: 0.000 |train kld: 2.18290 |train kld ravg: 2.17287 |train mae:  8.21090 |train mae ravg:  8.36329 |val kld: 2.16030 |val kldravg: 2.17275 |val mae:  7.34472 |val mae ravg:  7.50421 |
|epoch: 223 | lr: 0.000 |train kld: 2.18127 |train kld ravg: 2.17122 |train mae:  8.22865 |train mae ravg:  8.31270 |val kld: 2.17950 |val kldravg: 2.17322 |val mae:  7.75660 |val mae ravg:  7.55839 |
|epoch: 224 | lr: 0.000 |train kld: 2.16080 |train kld ravg: 2.17506 |train mae:  8.12012 |train mae ravg:  8.28484 |val kld: 2.16736 |val kldravg: 2.17301 |val mae:  7.28848 |val mae ravg:  7.56122 |
|epoch: 225 | lr: 0.000 |train kld: 2.19639 |train kld ravg: 2.18132 |train mae:  8.28150 |train mae ravg:  8.31775 |val kld: 2.20207 |val kldravg: 2.17430 |val mae:  8.16153 |val mae ravg:  7.58172 |
|epoch: 226 | lr: 0.000 |train kld: 2.15648 |train kld ravg: 2.17557 |train mae:  8.14102 |train mae ravg:  8.19644 |val kld: 2.17636 |val kldravg: 2.17712 |val mae:  7.64069 |val mae ravg:  7.63840 |
|epoch: 227 | lr: 0.000 |train kld: 2.15022 |train kld ravg: 2.16903 |train mae:  7.97285 |train mae ravg:  8.14883 |val kld: 2.16362 |val kldravg: 2.17778 |val mae:  7.25314 |val mae ravg:  7.62009 |
|epoch: 228 | lr: 0.000 |train kld: 2.17005 |train kld ravg: 2.16679 |train mae:  8.14687 |train mae ravg:  8.13247 |val kld: 2.17780 |val kldravg: 2.17744 |val mae:  7.52475 |val mae ravg:  7.57372 |
|epoch: 229 | lr: 0.000 |train kld: 2.17778 |train kld ravg: 2.17018 |train mae:  8.64985 |train mae ravg:  8.23842 |val kld: 2.18489 |val kldravg: 2.18095 |val mae:  7.81553 |val mae ravg:  7.67913 |
|epoch: 230 | lr: 0.000 |train kld: 2.15830 |train kld ravg: 2.16257 |train mae:  8.00489 |train mae ravg:  8.18309 |val kld: 2.19603 |val kldravg: 2.17974 |val mae:  7.94711 |val mae ravg:  7.63625 |
|epoch: 231 | lr: 0.000 |train kld: 2.15511 |train kld ravg: 2.16229 |train mae:  7.93110 |train mae ravg:  8.14111 |val kld: 2.16650 |val kldravg: 2.17777 |val mae:  7.21974 |val mae ravg:  7.55206 |
|epoch: 232 | lr: 0.000 |train kld: 2.17397 |train kld ravg: 2.16704 |train mae:  8.43959 |train mae ravg:  8.23446 |val kld: 2.17102 |val kldravg: 2.17925 |val mae:  7.49106 |val mae ravg:  7.59964 |
|epoch: 233 | lr: 0.000 |train kld: 2.17088 |train kld ravg: 2.16721 |train mae:  8.36473 |train mae ravg:  8.27803 |val kld: 2.19185 |val kldravg: 2.18206 |val mae:  7.96248 |val mae ravg:  7.68718 |
|epoch: 234 | lr: 0.000 |train kld: 2.17191 |train kld ravg: 2.16603 |train mae:  8.28441 |train mae ravg:  8.20495 |val kld: 2.16571 |val kldravg: 2.17822 |val mae:  7.45050 |val mae ravg:  7.61418 |
|epoch: 235 | lr: 0.000 |train kld: 2.15288 |train kld ravg: 2.16495 |train mae:  8.19519 |train mae ravg:  8.24301 |val kld: 2.16458 |val kldravg: 2.17193 |val mae:  7.33921 |val mae ravg:  7.49260 |
|epoch: 236 | lr: 0.000 |train kld: 2.19241 |train kld ravg: 2.17241 |train mae:  8.38358 |train mae ravg:  8.33350 |val kld: 2.17117 |val kldravg: 2.17287 |val mae:  7.48364 |val mae ravg:  7.54538 |
|epoch: 237 | lr: 0.000 |train kld: 2.20713 |train kld ravg: 2.17904 |train mae:  8.74518 |train mae ravg:  8.39462 |val kld: 2.18435 |val kldravg: 2.17553 |val mae:  7.73607 |val mae ravg:  7.59438 |
|epoch: 238 | lr: 0.000 |train kld: 2.14127 |train kld ravg: 2.17312 |train mae:  7.84893 |train mae ravg:  8.29146 |val kld: 2.15775 |val kldravg: 2.16871 |val mae:  7.26660 |val mae ravg:  7.45521 |
|epoch: 239 | lr: 0.000 |train kld: 2.16969 |train kld ravg: 2.17268 |train mae:  8.30122 |train mae ravg:  8.29482 |val kld: 2.16954 |val kldravg: 2.16948 |val mae:  7.29086 |val mae ravg:  7.42328 |
|epoch: 240 | lr: 0.000 |train kld: 2.18496 |train kld ravg: 2.17910 |train mae:  8.40553 |train mae ravg:  8.33689 |val kld: 2.15831 |val kldravg: 2.16822 |val mae:  7.19235 |val mae ravg:  7.39391 |
|epoch: 241 | lr: 0.000 |train kld: 2.17778 |train kld ravg: 2.17617 |train mae:  8.38634 |train mae ravg:  8.33744 |val kld: 2.16794 |val kldravg: 2.16758 |val mae:  7.48313 |val mae ravg:  7.39380 |
|epoch: 242 | lr: 0.000 |train kld: 2.16984 |train kld ravg: 2.16871 |train mae:  8.02959 |train mae ravg:  8.19432 |val kld: 2.16253 |val kldravg: 2.16321 |val mae:  7.24822 |val mae ravg:  7.29623 |
|epoch: 243 | lr: 0.000 |train kld: 2.15413 |train kld ravg: 2.17128 |train mae:  8.21566 |train mae ravg:  8.26767 |val kld: 2.15903 |val kldravg: 2.16347 |val mae:  7.07197 |val mae ravg:  7.25731 |
|epoch: 244 | lr: 0.000 |train kld: 2.18217 |train kld ravg: 2.17378 |train mae:  8.21555 |train mae ravg:  8.25054 |val kld: 2.18294 |val kldravg: 2.16615 |val mae:  7.70727 |val mae ravg:  7.34059 |
|epoch: 245 | lr: 0.000 |train kld: 2.12184 |train kld ravg: 2.16115 |train mae:  7.61706 |train mae ravg:  8.09284 |val kld: 2.18945 |val kldravg: 2.17238 |val mae:  7.81946 |val mae ravg:  7.46601 |
|epoch: 246 | lr: 0.000 |train kld: 2.16812 |train kld ravg: 2.15922 |train mae:  8.31729 |train mae ravg:  8.07903 |val kld: 2.16706 |val kldravg: 2.17220 |val mae:  7.32508 |val mae ravg:  7.43440 |
|epoch: 247 | lr: 0.000 |train kld: 2.16514 |train kld ravg: 2.15828 |train mae:  7.94720 |train mae ravg:  8.06255 |val kld: 2.17919 |val kldravg: 2.17553 |val mae:  7.66732 |val mae ravg:  7.51822 |
|epoch: 248 | lr: 0.000 |train kld: 2.17104 |train kld ravg: 2.16166 |train mae:  8.47104 |train mae ravg:  8.11363 |val kld: 2.18732 |val kldravg: 2.18119 |val mae:  7.76070 |val mae ravg:  7.65596 |
|epoch: 249 | lr: 0.000 |train kld: 2.17856 |train kld ravg: 2.16094 |train mae:  8.47402 |train mae ravg:  8.16532 |val kld: 2.16700 |val kldravg: 2.17800 |val mae:  7.26603 |val mae ravg:  7.56772 |
|epoch: 250 | lr: 0.000 |train kld: 2.20143 |train kld ravg: 2.17686 |train mae:  8.21138 |train mae ravg:  8.28418 |val kld: 2.16428 |val kldravg: 2.17297 |val mae:  7.21922 |val mae ravg:  7.44767 |
|epoch: 251 | lr: 0.000 |train kld: 2.17865 |train kld ravg: 2.17896 |train mae:  8.30927 |train mae ravg:  8.28258 |val kld: 2.17035 |val kldravg: 2.17363 |val mae:  7.35698 |val mae ravg:  7.45405 |
|epoch: 252 | lr: 0.000 |train kld: 2.16186 |train kld ravg: 2.17831 |train mae:  8.09075 |train mae ravg:  8.31129 |val kld: 2.15626 |val kldravg: 2.16904 |val mae:  7.15750 |val mae ravg:  7.35208 |
|epoch: 253 | lr: 0.000 |train kld: 2.16681 |train kld ravg: 2.17746 |train mae:  8.47374 |train mae ravg:  8.31183 |val kld: 2.19585 |val kldravg: 2.17075 |val mae:  7.93710 |val mae ravg:  7.38736 |
|epoch: 254 | lr: 0.000 |train kld: 2.14731 |train kld ravg: 2.17121 |train mae:  8.09242 |train mae ravg:  8.23551 |val kld: 2.16215 |val kldravg: 2.16978 |val mae:  7.27197 |val mae ravg:  7.38855 |
|epoch: 255 | lr: 0.000 |train kld: 2.15619 |train kld ravg: 2.16216 |train mae:  8.14867 |train mae ravg:  8.22297 |val kld: 2.17567 |val kldravg: 2.17205 |val mae:  7.61623 |val mae ravg:  7.46796 |
|epoch: 256 | lr: 0.000 |train kld: 2.17265 |train kld ravg: 2.16096 |train mae:  8.14627 |train mae ravg:  8.19037 |val kld: 2.16139 |val kldravg: 2.17026 |val mae:  7.32501 |val mae ravg:  7.46156 |
|epoch: 257 | lr: 0.000 |train kld: 2.20069 |train kld ravg: 2.16873 |train mae:  8.71813 |train mae ravg:  8.31585 |val kld: 2.16838 |val kldravg: 2.17269 |val mae:  7.43970 |val mae ravg:  7.51800 |
|epoch: 258 | lr: 0.000 |train kld: 2.14391 |train kld ravg: 2.16415 |train mae:  7.76644 |train mae ravg:  8.17439 |val kld: 2.19494 |val kldravg: 2.17251 |val mae:  7.89249 |val mae ravg:  7.50908 |
|epoch: 259 | lr: 0.000 |train kld: 2.16976 |train kld ravg: 2.16864 |train mae:  8.12574 |train mae ravg:  8.18105 |val kld: 2.16450 |val kldravg: 2.17298 |val mae:  7.31185 |val mae ravg:  7.51706 |
|epoch: 260 | lr: 0.000 |train kld: 2.17237 |train kld ravg: 2.17188 |train mae:  8.28533 |train mae ravg:  8.20838 |val kld: 2.15629 |val kldravg: 2.16910 |val mae:  7.25352 |val mae ravg:  7.44451 |
|epoch: 261 | lr: 0.000 |train kld: 2.15889 |train kld ravg: 2.16913 |train mae:  8.26349 |train mae ravg:  8.23183 |val kld: 2.16619 |val kldravg: 2.17006 |val mae:  7.25162 |val mae ravg:  7.42984 |
|epoch: 262 | lr: 0.000 |train kld: 2.20140 |train kld ravg: 2.16927 |train mae:  8.38863 |train mae ravg:  8.16593 |val kld: 2.16683 |val kldravg: 2.16975 |val mae:  7.30197 |val mae ravg:  7.40229 |
|epoch: 263 | lr: 0.000 |train kld: 2.16591 |train kld ravg: 2.17367 |train mae:  8.26859 |train mae ravg:  8.26636 |val kld: 2.18922 |val kldravg: 2.16861 |val mae:  7.82632 |val mae ravg:  7.38906 |
|epoch: 264 | lr: 0.000 |train kld: 2.17669 |train kld ravg: 2.17505 |train mae:  8.53107 |train mae ravg:  8.34742 |val kld: 2.16908 |val kldravg: 2.16952 |val mae:  7.49529 |val mae ravg:  7.42574 |
|epoch: 265 | lr: 0.000 |train kld: 2.18746 |train kld ravg: 2.17807 |train mae:  8.57974 |train mae ravg:  8.40631 |val kld: 2.16293 |val kldravg: 2.17085 |val mae:  7.22577 |val mae ravg:  7.42019 |
|epoch: 266 | lr: 0.000 |train kld: 2.17669 |train kld ravg: 2.18163 |train mae:  8.39901 |train mae ravg:  8.43341 |val kld: 2.16291 |val kldravg: 2.17019 |val mae:  7.19109 |val mae ravg:  7.40809 |
|epoch: 267 | lr: 0.000 |train kld: 2.18198 |train kld ravg: 2.17775 |train mae:  8.23916 |train mae ravg:  8.40351 |val kld: 2.16368 |val kldravg: 2.16956 |val mae:  7.21079 |val mae ravg:  7.38985 |
|epoch: 268 | lr: 0.000 |train kld: 2.18581 |train kld ravg: 2.18173 |train mae:  8.46316 |train mae ravg:  8.44243 |val kld: 2.17276 |val kldravg: 2.16627 |val mae:  7.62710 |val mae ravg:  7.35001 |
|epoch: 269 | lr: 0.000 |train kld: 2.17222 |train kld ravg: 2.18083 |train mae:  8.08446 |train mae ravg:  8.35311 |val kld: 2.16567 |val kldravg: 2.16559 |val mae:  7.37099 |val mae ravg:  7.32515 |
|epoch: 270 | lr: 0.000 |train kld: 2.16809 |train kld ravg: 2.17696 |train mae:  8.05280 |train mae ravg:  8.24772 |val kld: 2.18086 |val kldravg: 2.16918 |val mae:  7.67240 |val mae ravg:  7.41448 |
|epoch: 271 | lr: 0.000 |train kld: 2.16221 |train kld ravg: 2.17406 |train mae:  8.47801 |train mae ravg:  8.26352 |val kld: 2.16513 |val kldravg: 2.16962 |val mae:  7.40915 |val mae ravg:  7.45809 |
|epoch: 272 | lr: 0.000 |train kld: 2.16782 |train kld ravg: 2.17123 |train mae:  8.48012 |train mae ravg:  8.31171 |val kld: 2.17370 |val kldravg: 2.17162 |val mae:  7.58393 |val mae ravg:  7.53271 |
|epoch: 273 | lr: 0.000 |train kld: 2.14595 |train kld ravg: 2.16326 |train mae:  7.93453 |train mae ravg:  8.20598 |val kld: 2.16430 |val kldravg: 2.16993 |val mae:  7.30731 |val mae ravg:  7.46876 |
|epoch: 274 | lr: 0.000 |train kld: 2.18033 |train kld ravg: 2.16488 |train mae:  8.24755 |train mae ravg:  8.23860 |val kld: 2.15203 |val kldravg: 2.16721 |val mae:  7.13981 |val mae ravg:  7.42252 |
|epoch: 275 | lr: 0.000 |train kld: 2.17065 |train kld ravg: 2.16539 |train mae:  8.39880 |train mae ravg:  8.30780 |val kld: 2.18050 |val kldravg: 2.16713 |val mae:  7.78164 |val mae ravg:  7.44437 |
|epoch: 276 | lr: 0.000 |train kld: 2.13338 |train kld ravg: 2.15963 |train mae:  7.77579 |train mae ravg:  8.16736 |val kld: 2.17313 |val kldravg: 2.16873 |val mae:  7.59847 |val mae ravg:  7.48223 |
|epoch: 277 | lr: 0.000 |train kld: 2.14223 |train kld ravg: 2.15451 |train mae:  8.00619 |train mae ravg:  8.07257 |val kld: 2.17963 |val kldravg: 2.16992 |val mae:  7.47776 |val mae ravg:  7.46100 |
|epoch: 278 | lr: 0.000 |train kld: 2.13683 |train kld ravg: 2.15268 |train mae:  7.78976 |train mae ravg:  8.04362 |val kld: 2.16837 |val kldravg: 2.17073 |val mae:  7.46986 |val mae ravg:  7.49351 |
|epoch: 279 | lr: 0.000 |train kld: 2.14818 |train kld ravg: 2.14625 |train mae:  8.03938 |train mae ravg:  8.00199 |val kld: 2.17845 |val kldravg: 2.17602 |val mae:  7.67656 |val mae ravg:  7.60086 |
|epoch: 280 | lr: 0.000 |train kld: 2.12889 |train kld ravg: 2.13790 |train mae:  7.69983 |train mae ravg:  7.86219 |val kld: 2.18139 |val kldravg: 2.17620 |val mae:  7.66045 |val mae ravg:  7.57662 |
|epoch: 281 | lr: 0.000 |train kld: 2.17070 |train kld ravg: 2.14536 |train mae:  8.11666 |train mae ravg:  7.93037 |val kld: 2.17794 |val kldravg: 2.17716 |val mae:  7.64876 |val mae ravg:  7.58668 |
|epoch: 282 | lr: 0.000 |train kld: 2.17986 |train kld ravg: 2.15289 |train mae:  8.23605 |train mae ravg:  7.97634 |val kld: 2.18053 |val kldravg: 2.17734 |val mae:  7.67741 |val mae ravg:  7.62661 |
|epoch: 283 | lr: 0.000 |train kld: 2.15456 |train kld ravg: 2.15644 |train mae:  8.17216 |train mae ravg:  8.05282 |val kld: 2.16057 |val kldravg: 2.17578 |val mae:  7.20554 |val mae ravg:  7.57374 |
|epoch: 284 | lr: 0.000 |train kld: 2.21486 |train kld ravg: 2.16977 |train mae:  8.75862 |train mae ravg:  8.19666 |val kld: 2.16370 |val kldravg: 2.17282 |val mae:  7.33736 |val mae ravg:  7.50590 |
|epoch: 285 | lr: 0.000 |train kld: 2.14138 |train kld ravg: 2.17227 |train mae:  7.59317 |train mae ravg:  8.17533 |val kld: 2.16817 |val kldravg: 2.17018 |val mae:  7.42776 |val mae ravg:  7.45937 |
|epoch: 286 | lr: 0.000 |train kld: 2.18360 |train kld ravg: 2.17486 |train mae:  8.47904 |train mae ravg:  8.24781 |val kld: 2.18465 |val kldravg: 2.17152 |val mae:  7.76229 |val mae ravg:  7.48207 |
|epoch: 287 | lr: 0.000 |train kld: 2.19814 |train kld ravg: 2.17851 |train mae:  8.40958 |train mae ravg:  8.28251 |val kld: 2.18242 |val kldravg: 2.17190 |val mae:  7.72353 |val mae ravg:  7.49130 |
|epoch: 288 | lr: 0.000 |train kld: 2.17543 |train kld ravg: 2.18269 |train mae:  7.97908 |train mae ravg:  8.24390 |val kld: 2.16901 |val kldravg: 2.17359 |val mae:  7.31666 |val mae ravg:  7.51352 |
|epoch: 289 | lr: 0.000 |train kld: 2.15068 |train kld ravg: 2.16985 |train mae:  7.97896 |train mae ravg:  8.08797 |val kld: 2.16507 |val kldravg: 2.17386 |val mae:  7.39172 |val mae ravg:  7.52439 |
|epoch: 290 | lr: 0.000 |train kld: 2.19524 |train kld ravg: 2.18062 |train mae:  8.88950 |train mae ravg:  8.34723 |val kld: 2.17018 |val kldravg: 2.17427 |val mae:  7.45090 |val mae ravg:  7.52902 |
|epoch: 291 | lr: 0.000 |train kld: 2.13282 |train kld ravg: 2.17046 |train mae:  7.97131 |train mae ravg:  8.24569 |val kld: 2.17262 |val kldravg: 2.17186 |val mae:  7.43394 |val mae ravg:  7.46335 |
|epoch: 292 | lr: 0.000 |train kld: 2.16288 |train kld ravg: 2.16341 |train mae:  8.23735 |train mae ravg:  8.21124 |val kld: 2.19526 |val kldravg: 2.17443 |val mae:  8.03033 |val mae ravg:  7.52471 |
|epoch: 293 | lr: 0.000 |train kld: 2.16690 |train kld ravg: 2.16170 |train mae:  8.11956 |train mae ravg:  8.23934 |val kld: 2.18163 |val kldravg: 2.17695 |val mae:  7.76494 |val mae ravg:  7.61437 |
|epoch: 294 | lr: 0.000 |train kld: 2.16767 |train kld ravg: 2.16510 |train mae:  8.23882 |train mae ravg:  8.29131 |val kld: 2.17324 |val kldravg: 2.17859 |val mae:  7.63910 |val mae ravg:  7.66384 |
|epoch: 295 | lr: 0.000 |train kld: 2.14320 |train kld ravg: 2.15469 |train mae:  7.97507 |train mae ravg:  8.10842 |val kld: 2.17719 |val kldravg: 2.17999 |val mae:  7.71302 |val mae ravg:  7.71627 |
|epoch: 296 | lr: 0.000 |train kld: 2.18809 |train kld ravg: 2.16574 |train mae:  8.56064 |train mae ravg:  8.22629 |val kld: 2.17414 |val kldravg: 2.18029 |val mae:  7.60691 |val mae ravg:  7.75086 |
|epoch: 297 | lr: 0.000 |train kld: 2.15485 |train kld ravg: 2.16414 |train mae:  8.22212 |train mae ravg:  8.22324 |val kld: 2.16582 |val kldravg: 2.17440 |val mae:  7.38233 |val mae ravg:  7.62126 |
|epoch: 298 | lr: 0.000 |train kld: 2.16177 |train kld ravg: 2.16311 |train mae:  7.81282 |train mae ravg:  8.16189 |val kld: 2.16495 |val kldravg: 2.17107 |val mae:  7.49745 |val mae ravg:  7.56776 |
|epoch: 299 | lr: 0.000 |train kld: 2.20445 |train kld ravg: 2.17047 |train mae:  8.53062 |train mae ravg:  8.22025 |val kld: 2.16119 |val kldravg: 2.16866 |val mae:  7.18927 |val mae ravg:  7.47779 |
|epoch: 300 | lr: 0.000 |train kld: 2.16390 |train kld ravg: 2.17461 |train mae:  8.17037 |train mae ravg:  8.25931 |val kld: 2.19274 |val kldravg: 2.17177 |val mae:  7.97461 |val mae ravg:  7.53011 |
|epoch: 301 | lr: 0.000 |train kld: 2.19254 |train kld ravg: 2.17550 |train mae:  8.46059 |train mae ravg:  8.23930 |val kld: 2.16593 |val kldravg: 2.17013 |val mae:  7.36054 |val mae ravg:  7.48084 |
|epoch: 302 | lr: 0.000 |train kld: 2.17271 |train kld ravg: 2.17907 |train mae:  8.45338 |train mae ravg:  8.28556 |val kld: 2.16508 |val kldravg: 2.16998 |val mae:  7.37490 |val mae ravg:  7.47935 |
|epoch: 303 | lr: 0.000 |train kld: 2.18588 |train kld ravg: 2.18390 |train mae:  8.38086 |train mae ravg:  8.39916 |val kld: 2.16201 |val kldravg: 2.16939 |val mae:  7.39796 |val mae ravg:  7.45945 |
|epoch: 304 | lr: 0.000 |train kld: 2.16176 |train kld ravg: 2.17536 |train mae:  8.27319 |train mae ravg:  8.34768 |val kld: 2.17788 |val kldravg: 2.17273 |val mae:  7.60926 |val mae ravg:  7.54345 |
|epoch: 305 | lr: 0.000 |train kld: 2.18734 |train kld ravg: 2.18005 |train mae:  8.56270 |train mae ravg:  8.42614 |val kld: 2.16556 |val kldravg: 2.16729 |val mae:  7.32073 |val mae ravg:  7.41268 |
|epoch: 306 | lr: 0.000 |train kld: 2.19640 |train kld ravg: 2.18082 |train mae:  8.58158 |train mae ravg:  8.45034 |val kld: 2.18045 |val kldravg: 2.17019 |val mae:  7.65527 |val mae ravg:  7.47162 |
|epoch: 307 | lr: 0.000 |train kld: 2.15743 |train kld ravg: 2.17776 |train mae:  8.20334 |train mae ravg:  8.40033 |val kld: 2.16645 |val kldravg: 2.17047 |val mae:  7.65659 |val mae ravg:  7.52796 |
|epoch: 308 | lr: 0.000 |train kld: 2.14112 |train kld ravg: 2.16881 |train mae:  7.89874 |train mae ravg:  8.30391 |val kld: 2.17621 |val kldravg: 2.17331 |val mae:  7.55715 |val mae ravg:  7.55980 |
|epoch: 309 | lr: 0.000 |train kld: 2.17890 |train kld ravg: 2.17224 |train mae:  8.38272 |train mae ravg:  8.32581 |val kld: 2.18253 |val kldravg: 2.17424 |val mae:  7.76029 |val mae ravg:  7.59001 |
|epoch: 310 | lr: 0.000 |train kld: 2.16260 |train kld ravg: 2.16729 |train mae:  8.11294 |train mae ravg:  8.23586 |val kld: 2.16406 |val kldravg: 2.17394 |val mae:  7.37573 |val mae ravg:  7.60101 |
|epoch: 311 | lr: 0.000 |train kld: 2.15452 |train kld ravg: 2.15891 |train mae:  8.40700 |train mae ravg:  8.20095 |val kld: 2.17835 |val kldravg: 2.17352 |val mae:  7.59357 |val mae ravg:  7.58867 |
|epoch: 312 | lr: 0.000 |train kld: 2.17008 |train kld ravg: 2.16144 |train mae:  8.29411 |train mae ravg:  8.21910 |val kld: 2.17447 |val kldravg: 2.17513 |val mae:  7.43869 |val mae ravg:  7.54509 |
|epoch: 313 | lr: 0.000 |train kld: 2.17108 |train kld ravg: 2.16744 |train mae:  8.13666 |train mae ravg:  8.26669 |val kld: 2.19965 |val kldravg: 2.17981 |val mae:  8.05099 |val mae ravg:  7.64385 |
|epoch: 314 | lr: 0.000 |train kld: 2.18351 |train kld ravg: 2.16836 |train mae:  8.49460 |train mae ravg:  8.28906 |val kld: 2.16055 |val kldravg: 2.17542 |val mae:  7.26430 |val mae ravg:  7.54465 |
|epoch: 315 | lr: 0.000 |train kld: 2.18427 |train kld ravg: 2.17269 |train mae:  8.48987 |train mae ravg:  8.36445 |val kld: 2.16864 |val kldravg: 2.17633 |val mae:  7.42082 |val mae ravg:  7.55367 |
|epoch: 316 | lr: 0.000 |train kld: 2.19624 |train kld ravg: 2.18104 |train mae:  8.86037 |train mae ravg:  8.45512 |val kld: 2.16867 |val kldravg: 2.17440 |val mae:  7.40170 |val mae ravg:  7.51530 |
|epoch: 317 | lr: 0.000 |train kld: 2.14328 |train kld ravg: 2.17567 |train mae:  8.06921 |train mae ravg:  8.41014 |val kld: 2.17054 |val kldravg: 2.17361 |val mae:  7.50317 |val mae ravg:  7.52820 |
|epoch: 318 | lr: 0.000 |train kld: 2.16502 |train kld ravg: 2.17446 |train mae:  8.01968 |train mae ravg:  8.38674 |val kld: 2.17572 |val kldravg: 2.16883 |val mae:  7.58826 |val mae ravg:  7.43565 |
|epoch: 319 | lr: 0.000 |train kld: 2.14771 |train kld ravg: 2.16730 |train mae:  7.72721 |train mae ravg:  8.23326 |val kld: 2.17292 |val kldravg: 2.17130 |val mae:  7.45433 |val mae ravg:  7.47365 |
|epoch: 320 | lr: 0.000 |train kld: 2.20607 |train kld ravg: 2.17166 |train mae:  8.50142 |train mae ravg:  8.23558 |val kld: 2.17083 |val kldravg: 2.17174 |val mae:  7.52248 |val mae ravg:  7.49399 |
|epoch: 321 | lr: 0.000 |train kld: 2.16935 |train kld ravg: 2.16628 |train mae:  8.37164 |train mae ravg:  8.13783 |val kld: 2.16164 |val kldravg: 2.17033 |val mae:  7.14448 |val mae ravg:  7.44254 |
|epoch: 322 | lr: 0.000 |train kld: 2.15965 |train kld ravg: 2.16956 |train mae:  8.10641 |train mae ravg:  8.14527 |val kld: 2.16614 |val kldravg: 2.16945 |val mae:  7.38810 |val mae ravg:  7.41953 |
|epoch: 323 | lr: 0.000 |train kld: 2.17594 |train kld ravg: 2.17174 |train mae:  8.34162 |train mae ravg:  8.20966 |val kld: 2.18303 |val kldravg: 2.17091 |val mae:  7.57112 |val mae ravg:  7.41610 |
|epoch: 324 | lr: 0.000 |train kld: 2.16228 |train kld ravg: 2.17466 |train mae:  8.15462 |train mae ravg:  8.29514 |val kld: 2.21417 |val kldravg: 2.17916 |val mae:  8.31174 |val mae ravg:  7.58758 |
|epoch: 325 | lr: 0.000 |train kld: 2.17298 |train kld ravg: 2.16804 |train mae:  8.37169 |train mae ravg:  8.26919 |val kld: 2.16130 |val kldravg: 2.17725 |val mae:  7.38788 |val mae ravg:  7.56066 |
|epoch: 326 | lr: 0.000 |train kld: 2.17430 |train kld ravg: 2.16903 |train mae:  8.25347 |train mae ravg:  8.24556 |val kld: 2.17208 |val kldravg: 2.17934 |val mae:  7.51020 |val mae ravg:  7.63381 |
|epoch: 327 | lr: 0.000 |train kld: 2.17807 |train kld ravg: 2.17271 |train mae:  8.29185 |train mae ravg:  8.28265 |val kld: 2.16872 |val kldravg: 2.17986 |val mae:  7.30545 |val mae ravg:  7.61728 |
|epoch: 328 | lr: 0.000 |train kld: 2.17954 |train kld ravg: 2.17343 |train mae:  8.30851 |train mae ravg:  8.27603 |val kld: 2.16697 |val kldravg: 2.17665 |val mae:  7.30590 |val mae ravg:  7.56423 |
|epoch: 329 | lr: 0.000 |train kld: 2.16087 |train kld ravg: 2.17315 |train mae:  8.02947 |train mae ravg:  8.25100 |val kld: 2.17605 |val kldravg: 2.16902 |val mae:  7.50863 |val mae ravg:  7.40361 |
|epoch: 330 | lr: 0.000 |train kld: 2.16898 |train kld ravg: 2.17235 |train mae:  8.35566 |train mae ravg:  8.24779 |val kld: 2.17642 |val kldravg: 2.17205 |val mae:  7.47658 |val mae ravg:  7.42135 |
|epoch: 331 | lr: 0.000 |train kld: 2.16222 |train kld ravg: 2.16993 |train mae:  8.20877 |train mae ravg:  8.23885 |val kld: 2.15468 |val kldravg: 2.16857 |val mae:  7.21520 |val mae ravg:  7.36235 |
|epoch: 332 | lr: 0.000 |train kld: 2.15908 |train kld ravg: 2.16614 |train mae:  7.92159 |train mae ravg:  8.16480 |val kld: 2.18104 |val kldravg: 2.17103 |val mae:  7.69126 |val mae ravg:  7.43952 |
|epoch: 333 | lr: 0.000 |train kld: 2.19516 |train kld ravg: 2.16926 |train mae:  8.48678 |train mae ravg:  8.20045 |val kld: 2.16663 |val kldravg: 2.17096 |val mae:  7.31120 |val mae ravg:  7.44058 |
|epoch: 334 | lr: 0.000 |train kld: 2.17806 |train kld ravg: 2.17270 |train mae:  8.31341 |train mae ravg:  8.25724 |val kld: 2.17687 |val kldravg: 2.17113 |val mae:  7.60351 |val mae ravg:  7.45955 |
|epoch: 335 | lr: 0.000 |train kld: 2.18258 |train kld ravg: 2.17542 |train mae:  8.44197 |train mae ravg:  8.27450 |val kld: 2.16911 |val kldravg: 2.16966 |val mae:  7.49003 |val mae ravg:  7.46224 |
|epoch: 336 | lr: 0.000 |train kld: 2.18011 |train kld ravg: 2.17900 |train mae:  8.42629 |train mae ravg:  8.31801 |val kld: 2.17728 |val kldravg: 2.17418 |val mae:  7.59070 |val mae ravg:  7.53734 |
|epoch: 337 | lr: 0.000 |train kld: 2.19186 |train kld ravg: 2.18555 |train mae:  8.36314 |train mae ravg:  8.40632 |val kld: 2.18513 |val kldravg: 2.17500 |val mae:  7.67173 |val mae ravg:  7.53344 |
|epoch: 338 | lr: 0.000 |train kld: 2.14100 |train kld ravg: 2.17472 |train mae:  8.37131 |train mae ravg:  8.38323 |val kld: 2.16973 |val kldravg: 2.17562 |val mae:  7.53269 |val mae ravg:  7.57773 |
|epoch: 339 | lr: 0.000 |train kld: 2.19698 |train kld ravg: 2.17850 |train mae:  8.22950 |train mae ravg:  8.36644 |val kld: 2.16658 |val kldravg: 2.17357 |val mae:  7.45490 |val mae ravg:  7.54801 |
|epoch: 340 | lr: 0.000 |train kld: 2.13553 |train kld ravg: 2.16909 |train mae:  8.01280 |train mae ravg:  8.28061 |val kld: 2.17873 |val kldravg: 2.17549 |val mae:  7.65512 |val mae ravg:  7.58103 |
|epoch: 341 | lr: 0.000 |train kld: 2.17278 |train kld ravg: 2.16763 |train mae:  8.36538 |train mae ravg:  8.26843 |val kld: 2.17280 |val kldravg: 2.17459 |val mae:  7.47090 |val mae ravg:  7.55707 |
|epoch: 342 | lr: 0.000 |train kld: 2.20523 |train kld ravg: 2.17030 |train mae:  8.64788 |train mae ravg:  8.32538 |val kld: 2.18995 |val kldravg: 2.17556 |val mae:  7.81338 |val mae ravg:  7.58540 |
|epoch: 343 | lr: 0.000 |train kld: 2.14846 |train kld ravg: 2.17179 |train mae:  7.91005 |train mae ravg:  8.23312 |val kld: 2.17280 |val kldravg: 2.17617 |val mae:  7.48007 |val mae ravg:  7.57487 |
|epoch: 344 | lr: 0.000 |train kld: 2.16528 |train kld ravg: 2.16546 |train mae:  7.95964 |train mae ravg:  8.17915 |val kld: 2.18466 |val kldravg: 2.17979 |val mae:  7.77186 |val mae ravg:  7.63827 |
|epoch: 345 | lr: 0.000 |train kld: 2.17294 |train kld ravg: 2.17294 |train mae:  8.41118 |train mae ravg:  8.25883 |val kld: 2.17356 |val kldravg: 2.17875 |val mae:  7.46777 |val mae ravg:  7.60079 |
|epoch: 346 | lr: 0.000 |train kld: 2.17945 |train kld ravg: 2.17427 |train mae:  8.54394 |train mae ravg:  8.29454 |val kld: 2.19482 |val kldravg: 2.18316 |val mae:  8.07764 |val mae ravg:  7.72214 |
|epoch: 347 | lr: 0.000 |train kld: 2.18080 |train kld ravg: 2.16938 |train mae:  8.28727 |train mae ravg:  8.22241 |val kld: 2.16920 |val kldravg: 2.17901 |val mae:  7.40546 |val mae ravg:  7.64056 |
|epoch: 348 | lr: 0.000 |train kld: 2.16136 |train kld ravg: 2.17196 |train mae:  7.94069 |train mae ravg:  8.22854 |val kld: 2.15997 |val kldravg: 2.17644 |val mae:  7.25094 |val mae ravg:  7.59473 |
|epoch: 349 | lr: 0.000 |train kld: 2.16349 |train kld ravg: 2.17161 |train mae:  8.17089 |train mae ravg:  8.27079 |val kld: 2.17238 |val kldravg: 2.17398 |val mae:  7.51963 |val mae ravg:  7.54429 |
|epoch: 350 | lr: 0.000 |train kld: 2.16106 |train kld ravg: 2.16923 |train mae:  8.09821 |train mae ravg:  8.20820 |val kld: 2.16853 |val kldravg: 2.17298 |val mae:  7.38232 |val mae ravg:  7.52720 |
|epoch: 351 | lr: 0.000 |train kld: 2.19954 |train kld ravg: 2.17325 |train mae:  8.37080 |train mae ravg:  8.17357 |val kld: 2.16718 |val kldravg: 2.16745 |val mae:  7.46812 |val mae ravg:  7.40529 |
|epoch: 352 | lr: 0.000 |train kld: 2.16084 |train kld ravg: 2.16926 |train mae:  8.01170 |train mae ravg:  8.11846 |val kld: 2.17065 |val kldravg: 2.16774 |val mae:  7.71293 |val mae ravg:  7.46679 |
|epoch: 353 | lr: 0.000 |train kld: 2.21237 |train kld ravg: 2.17946 |train mae:  8.74199 |train mae ravg:  8.27872 |val kld: 2.17117 |val kldravg: 2.16998 |val mae:  7.39460 |val mae ravg:  7.49552 |
|epoch: 354 | lr: 0.000 |train kld: 2.16175 |train kld ravg: 2.17911 |train mae:  8.24006 |train mae ravg:  8.29255 |val kld: 2.16629 |val kldravg: 2.16876 |val mae:  7.40646 |val mae ravg:  7.47289 |
|epoch: 355 | lr: 0.000 |train kld: 2.17552 |train kld ravg: 2.18201 |train mae:  8.27337 |train mae ravg:  8.32759 |val kld: 2.17909 |val kldravg: 2.17087 |val mae:  7.72011 |val mae ravg:  7.54044 |
|epoch: 356 | lr: 0.000 |train kld: 2.18170 |train kld ravg: 2.17844 |train mae:  8.45261 |train mae ravg:  8.34395 |val kld: 2.16450 |val kldravg: 2.17034 |val mae:  7.25839 |val mae ravg:  7.49850 |
|epoch: 357 | lr: 0.000 |train kld: 2.14188 |train kld ravg: 2.17464 |train mae:  7.72037 |train mae ravg:  8.28568 |val kld: 2.17311 |val kldravg: 2.17083 |val mae:  7.59945 |val mae ravg:  7.47580 |
|epoch: 358 | lr: 0.000 |train kld: 2.19608 |train kld ravg: 2.17139 |train mae:  8.70493 |train mae ravg:  8.27827 |val kld: 2.20573 |val kldravg: 2.17774 |val mae:  8.14043 |val mae ravg:  7.62497 |
|epoch: 359 | lr: 0.000 |train kld: 2.17428 |train kld ravg: 2.17389 |train mae:  8.30852 |train mae ravg:  8.29196 |val kld: 2.17157 |val kldravg: 2.17880 |val mae:  7.48129 |val mae ravg:  7.63993 |
|epoch: 360 | lr: 0.000 |train kld: 2.13657 |train kld ravg: 2.16610 |train mae:  7.96391 |train mae ravg:  8.23007 |val kld: 2.16361 |val kldravg: 2.17571 |val mae:  7.48045 |val mae ravg:  7.59200 |
|epoch: 361 | lr: 0.000 |train kld: 2.17824 |train kld ravg: 2.16541 |train mae:  8.28878 |train mae ravg:  8.19730 |val kld: 2.16948 |val kldravg: 2.17670 |val mae:  7.48833 |val mae ravg:  7.63799 |
|epoch: 362 | lr: 0.000 |train kld: 2.16475 |train kld ravg: 2.16999 |train mae:  8.37046 |train mae ravg:  8.32732 |val kld: 2.17464 |val kldravg: 2.17701 |val mae:  7.57928 |val mae ravg:  7.63396 |
|epoch: 363 | lr: 0.000 |train kld: 2.14740 |train kld ravg: 2.16025 |train mae:  8.06213 |train mae ravg:  8.19876 |val kld: 2.17940 |val kldravg: 2.17174 |val mae:  7.69896 |val mae ravg:  7.54566 |
|epoch: 364 | lr: 0.000 |train kld: 2.15591 |train kld ravg: 2.15658 |train mae:  8.16634 |train mae ravg:  8.17033 |val kld: 2.15944 |val kldravg: 2.16931 |val mae:  7.22883 |val mae ravg:  7.49517 |
|epoch: 365 | lr: 0.000 |train kld: 2.18761 |train kld ravg: 2.16678 |train mae:  8.47143 |train mae ravg:  8.27183 |val kld: 2.16166 |val kldravg: 2.16892 |val mae:  7.17145 |val mae ravg:  7.43337 |
|epoch: 366 | lr: 0.000 |train kld: 2.16345 |train kld ravg: 2.16383 |train mae:  8.48700 |train mae ravg:  8.31147 |val kld: 2.18678 |val kldravg: 2.17238 |val mae:  7.76401 |val mae ravg:  7.48851 |
|epoch: 367 | lr: 0.000 |train kld: 2.16630 |train kld ravg: 2.16414 |train mae:  8.24862 |train mae ravg:  8.28710 |val kld: 2.17193 |val kldravg: 2.17184 |val mae:  7.61918 |val mae ravg:  7.49649 |
|epoch: 368 | lr: 0.000 |train kld: 2.18189 |train kld ravg: 2.17103 |train mae:  8.30593 |train mae ravg:  8.33586 |val kld: 2.16297 |val kldravg: 2.16855 |val mae:  7.34761 |val mae ravg:  7.42622 |
|epoch: 369 | lr: 0.000 |train kld: 2.17646 |train kld ravg: 2.17514 |train mae:  8.73843 |train mae ravg:  8.45028 |val kld: 2.16914 |val kldravg: 2.17049 |val mae:  7.59696 |val mae ravg:  7.49984 |
|epoch: 370 | lr: 0.000 |train kld: 2.16540 |train kld ravg: 2.17070 |train mae:  8.01532 |train mae ravg:  8.35906 |val kld: 2.17259 |val kldravg: 2.17268 |val mae:  7.45079 |val mae ravg:  7.55571 |
|epoch: 371 | lr: 0.000 |train kld: 2.15945 |train kld ravg: 2.16990 |train mae:  7.86825 |train mae ravg:  8.23531 |val kld: 2.17740 |val kldravg: 2.17080 |val mae:  7.65070 |val mae ravg:  7.53305 |
|epoch: 372 | lr: 0.000 |train kld: 2.16519 |train kld ravg: 2.16968 |train mae:  8.28728 |train mae ravg:  8.24304 |val kld: 2.17949 |val kldravg: 2.17232 |val mae:  7.75867 |val mae ravg:  7.56095 |
|epoch: 373 | lr: 0.000 |train kld: 2.15697 |train kld ravg: 2.16469 |train mae:  8.20642 |train mae ravg:  8.22314 |val kld: 2.15296 |val kldravg: 2.17032 |val mae:  7.04762 |val mae ravg:  7.50095 |
|epoch: 374 | lr: 0.000 |train kld: 2.16369 |train kld ravg: 2.16214 |train mae:  8.30989 |train mae ravg:  8.13743 |val kld: 2.17580 |val kldravg: 2.17165 |val mae:  7.59352 |val mae ravg:  7.50026 |
|epoch: 375 | lr: 0.000 |train kld: 2.14761 |train kld ravg: 2.15858 |train mae:  7.89300 |train mae ravg:  8.11297 |val kld: 2.16078 |val kldravg: 2.16929 |val mae:  7.28524 |val mae ravg:  7.46715 |
|epoch: 376 | lr: 0.000 |train kld: 2.17325 |train kld ravg: 2.16134 |train mae:  8.54735 |train mae ravg:  8.24879 |val kld: 2.17764 |val kldravg: 2.16933 |val mae:  7.64736 |val mae ravg:  7.46648 |
|epoch: 377 | lr: 0.000 |train kld: 2.19375 |train kld ravg: 2.16705 |train mae:  8.55112 |train mae ravg:  8.30155 |val kld: 2.16165 |val kldravg: 2.16577 |val mae:  7.22302 |val mae ravg:  7.35935 |
|epoch: 378 | lr: 0.000 |train kld: 2.18703 |train kld ravg: 2.17307 |train mae:  8.71775 |train mae ravg:  8.40382 |val kld: 2.16931 |val kldravg: 2.16904 |val mae:  7.39377 |val mae ravg:  7.42858 |
|epoch: 379 | lr: 0.000 |train kld: 2.17037 |train kld ravg: 2.17440 |train mae:  8.28669 |train mae ravg:  8.39918 |val kld: 2.17907 |val kldravg: 2.16969 |val mae:  7.63274 |val mae ravg:  7.43643 |
|epoch: 380 | lr: 0.000 |train kld: 2.18025 |train kld ravg: 2.18093 |train mae:  8.32300 |train mae ravg:  8.48518 |val kld: 2.16731 |val kldravg: 2.17100 |val mae:  7.54788 |val mae ravg:  7.48895 |
|epoch: 381 | lr: 0.000 |train kld: 2.18039 |train kld ravg: 2.18236 |train mae:  8.42950 |train mae ravg:  8.46161 |val kld: 2.16983 |val kldravg: 2.16943 |val mae:  7.45517 |val mae ravg:  7.45052 |
|epoch: 382 | lr: 0.000 |train kld: 2.13157 |train kld ravg: 2.16992 |train mae:  7.74196 |train mae ravg:  8.29978 |val kld: 2.16357 |val kldravg: 2.16982 |val mae:  7.22329 |val mae ravg:  7.45057 |
|epoch: 383 | lr: 0.000 |train kld: 2.14004 |train kld ravg: 2.16052 |train mae:  7.80281 |train mae ravg:  8.11679 |val kld: 2.15469 |val kldravg: 2.16689 |val mae:  7.04486 |val mae ravg:  7.38079 |
|epoch: 384 | lr: 0.000 |train kld: 2.17835 |train kld ravg: 2.16212 |train mae:  8.51939 |train mae ravg:  8.16333 |val kld: 2.17637 |val kldravg: 2.16635 |val mae:  7.51017 |val mae ravg:  7.35627 |
|epoch: 385 | lr: 0.000 |train kld: 2.15270 |train kld ravg: 2.15661 |train mae:  8.01407 |train mae ravg:  8.10155 |val kld: 2.16477 |val kldravg: 2.16584 |val mae:  7.40424 |val mae ravg:  7.32755 |
|epoch: 386 | lr: 0.000 |train kld: 2.17784 |train kld ravg: 2.15610 |train mae:  8.34309 |train mae ravg:  8.08427 |val kld: 2.19669 |val kldravg: 2.17122 |val mae:  8.12114 |val mae ravg:  7.46074 |
|epoch: 387 | lr: 0.000 |train kld: 2.17948 |train kld ravg: 2.16568 |train mae:  8.32466 |train mae ravg:  8.20081 |val kld: 2.15526 |val kldravg: 2.16956 |val mae:  7.01783 |val mae ravg:  7.41965 |
|epoch: 388 | lr: 0.000 |train kld: 2.20049 |train kld ravg: 2.17777 |train mae:  8.56463 |train mae ravg:  8.35317 |val kld: 2.18485 |val kldravg: 2.17559 |val mae:  7.68721 |val mae ravg:  7.54812 |
|epoch: 389 | lr: 0.000 |train kld: 2.16935 |train kld ravg: 2.17597 |train mae:  8.10119 |train mae ravg:  8.26953 |val kld: 2.18278 |val kldravg: 2.17687 |val mae:  7.65570 |val mae ravg:  7.57722 |
|epoch: 390 | lr: 0.000 |train kld: 2.18234 |train kld ravg: 2.18190 |train mae:  8.52026 |train mae ravg:  8.37077 |val kld: 2.15234 |val kldravg: 2.17438 |val mae:  7.14253 |val mae ravg:  7.52488 |
|epoch: 391 | lr: 0.000 |train kld: 2.15769 |train kld ravg: 2.17787 |train mae:  8.45621 |train mae ravg:  8.39339 |val kld: 2.16593 |val kldravg: 2.16823 |val mae:  7.34205 |val mae ravg:  7.36906 |
|epoch: 392 | lr: 0.000 |train kld: 2.18281 |train kld ravg: 2.17854 |train mae:  8.44012 |train mae ravg:  8.41648 |val kld: 2.17197 |val kldravg: 2.17157 |val mae:  7.60839 |val mae ravg:  7.48718 |
|epoch: 393 | lr: 0.000 |train kld: 2.17818 |train kld ravg: 2.17407 |train mae:  8.41527 |train mae ravg:  8.38661 |val kld: 2.18555 |val kldravg: 2.17171 |val mae:  7.67777 |val mae ravg:  7.48529 |
|epoch: 394 | lr: 0.000 |train kld: 2.14582 |train kld ravg: 2.16937 |train mae:  8.00633 |train mae ravg:  8.36764 |val kld: 2.16472 |val kldravg: 2.16810 |val mae:  7.56359 |val mae ravg:  7.46687 |
|epoch: 395 | lr: 0.000 |train kld: 2.14431 |train kld ravg: 2.16176 |train mae:  7.88726 |train mae ravg:  8.24104 |val kld: 2.17431 |val kldravg: 2.17250 |val mae:  7.56503 |val mae ravg:  7.55137 |
|epoch: 396 | lr: 0.000 |train kld: 2.14584 |train kld ravg: 2.15939 |train mae:  7.87640 |train mae ravg:  8.12508 |val kld: 2.16575 |val kldravg: 2.17246 |val mae:  7.40427 |val mae ravg:  7.56381 |
|epoch: 397 | lr: 0.000 |train kld: 2.19478 |train kld ravg: 2.16179 |train mae:  8.60419 |train mae ravg:  8.15789 |val kld: 2.15862 |val kldravg: 2.16979 |val mae:  7.24291 |val mae ravg:  7.49072 |
|epoch: 398 | lr: 0.000 |train kld: 2.16499 |train kld ravg: 2.15915 |train mae:  8.32329 |train mae ravg:  8.13949 |val kld: 2.17712 |val kldravg: 2.16810 |val mae:  7.59396 |val mae ravg:  7.47395 |
|epoch: 399 | lr: 0.000 |train kld: 2.17738 |train kld ravg: 2.16546 |train mae:  8.39983 |train mae ravg:  8.21819 |val kld: 2.16457 |val kldravg: 2.16807 |val mae:  7.44739 |val mae ravg:  7.45071 |
|epoch: 400 | lr: 0.000 |train kld: 2.15803 |train kld ravg: 2.16820 |train mae:  8.12512 |train mae ravg:  8.26577 |val kld: 2.17773 |val kldravg: 2.16876 |val mae:  7.70902 |val mae ravg:  7.47951 |
|epoch: 401 | lr: 0.000 |train kld: 2.19113 |train kld ravg: 2.17726 |train mae:  8.23904 |train mae ravg:  8.33829 |val kld: 2.17777 |val kldravg: 2.17116 |val mae:  7.56407 |val mae ravg:  7.51147 |
|epoch: 402 | lr: 0.000 |train kld: 2.18151 |train kld ravg: 2.17461 |train mae:  8.49083 |train mae ravg:  8.31562 |val kld: 2.18380 |val kldravg: 2.17620 |val mae:  7.83587 |val mae ravg:  7.63006 |
|epoch: 403 | lr: 0.000 |train kld: 2.18015 |train kld ravg: 2.17764 |train mae:  8.11223 |train mae ravg:  8.27341 |val kld: 2.16531 |val kldravg: 2.17384 |val mae:  7.36322 |val mae ravg:  7.58391 |
|epoch: 404 | lr: 0.000 |train kld: 2.19980 |train kld ravg: 2.18212 |train mae:  8.78172 |train mae ravg:  8.34979 |val kld: 2.17065 |val kldravg: 2.17505 |val mae:  7.49569 |val mae ravg:  7.59358 |
|epoch: 405 | lr: 0.000 |train kld: 2.19746 |train kld ravg: 2.19001 |train mae:  8.42262 |train mae ravg:  8.40929 |val kld: 2.18706 |val kldravg: 2.17692 |val mae:  7.72911 |val mae ravg:  7.59759 |
|epoch: 406 | lr: 0.000 |train kld: 2.18805 |train kld ravg: 2.18939 |train mae:  8.24005 |train mae ravg:  8.40949 |val kld: 2.15447 |val kldravg: 2.17226 |val mae:  7.08907 |val mae ravg:  7.50259 |
|epoch: 407 | lr: 0.000 |train kld: 2.15523 |train kld ravg: 2.18414 |train mae:  8.21232 |train mae ravg:  8.35379 |val kld: 2.17509 |val kldravg: 2.17052 |val mae:  7.64462 |val mae ravg:  7.46434 |
|epoch: 408 | lr: 0.000 |train kld: 2.15465 |train kld ravg: 2.17904 |train mae:  7.84427 |train mae ravg:  8.30019 |val kld: 2.18311 |val kldravg: 2.17408 |val mae:  7.72194 |val mae ravg:  7.53609 |
|epoch: 409 | lr: 0.000 |train kld: 2.17642 |train kld ravg: 2.17436 |train mae:  8.42660 |train mae ravg:  8.22917 |val kld: 2.19303 |val kldravg: 2.17855 |val mae:  7.90716 |val mae ravg:  7.61838 |
|epoch: 410 | lr: 0.000 |train kld: 2.19089 |train kld ravg: 2.17305 |train mae:  8.03968 |train mae ravg:  8.15258 |val kld: 2.16998 |val kldravg: 2.17513 |val mae:  7.48138 |val mae ravg:  7.56883 |
|epoch: 411 | lr: 0.000 |train kld: 2.17763 |train kld ravg: 2.17096 |train mae:  8.23309 |train mae ravg:  8.15119 |val kld: 2.16231 |val kldravg: 2.17670 |val mae:  7.40805 |val mae ravg:  7.63263 |
|epoch: 412 | lr: 0.000 |train kld: 2.19036 |train kld ravg: 2.17799 |train mae:  8.46085 |train mae ravg:  8.20090 |val kld: 2.18545 |val kldravg: 2.17877 |val mae:  7.98260 |val mae ravg:  7.70023 |
|epoch: 413 | lr: 0.000 |train kld: 2.15871 |train kld ravg: 2.17880 |train mae:  8.04670 |train mae ravg:  8.24138 |val kld: 2.19184 |val kldravg: 2.18052 |val mae:  7.95584 |val mae ravg:  7.74701 |
|epoch: 414 | lr: 0.000 |train kld: 2.18411 |train kld ravg: 2.18034 |train mae:  8.32813 |train mae ravg:  8.22169 |val kld: 2.16644 |val kldravg: 2.17520 |val mae:  7.40898 |val mae ravg:  7.64737 |
|epoch: 415 | lr: 0.000 |train kld: 2.17333 |train kld ravg: 2.17683 |train mae:  8.22541 |train mae ravg:  8.25884 |val kld: 2.19837 |val kldravg: 2.18088 |val mae:  8.07069 |val mae ravg:  7.76523 |
|epoch: 416 | lr: 0.000 |train kld: 2.16202 |train kld ravg: 2.17371 |train mae:  8.10049 |train mae ravg:  8.23232 |val kld: 2.17094 |val kldravg: 2.18261 |val mae:  7.54987 |val mae ravg:  7.79360 |
|epoch: 417 | lr: 0.000 |train kld: 2.19145 |train kld ravg: 2.17393 |train mae:  8.59721 |train mae ravg:  8.25959 |val kld: 2.16388 |val kldravg: 2.17829 |val mae:  7.29436 |val mae ravg:  7.65595 |
|epoch: 418 | lr: 0.000 |train kld: 2.17803 |train kld ravg: 2.17779 |train mae:  8.25790 |train mae ravg:  8.30183 |val kld: 2.16234 |val kldravg: 2.17239 |val mae:  7.32312 |val mae ravg:  7.52940 |
|epoch: 419 | lr: 0.000 |train kld: 2.17138 |train kld ravg: 2.17524 |train mae:  8.03593 |train mae ravg:  8.24339 |val kld: 2.17592 |val kldravg: 2.17429 |val mae:  7.74482 |val mae ravg:  7.59657 |
