------------------------------------------------
Job ID: 39048265
Run on host: compg009.hpc.in.bmrc.ox.ac.uk
Operating system: Linux
Username: lhw539
Started at: Sun Mar 14 19:48:08 GMT 2021
------------------------------------------------
Loading ixi train data.
The data was balanced for  sex .
Loading ixi   val data.
Number of GPUs:  2
Epoch decay:  30
Gamma decay:  0.5

Full model is being trained with random initialization.
Start:  2021-03-14 19:48:15.261213
----------------------------------------------------------------------------------------------------------------------------------------------------------------
|epoch:   0 | lr: 0.100 |train ent: 1.23426 |train ent ravg: 1.23426 |train acc:  0.44167 |train acc ravg:  0.44167 |val ent: 0.86919 |val entravg: 0.86919 |val acc:  0.58333 |val acc ravg:  0.58333 |
|epoch:   1 | lr: 0.100 |train ent: 0.75754 |train ent ravg: 0.99590 |train acc:  0.50833 |train acc ravg:  0.47500 |val ent: 0.74322 |val entravg: 0.80621 |val acc:  0.41667 |val acc ravg:  0.50000 |
|epoch:   2 | lr: 0.100 |train ent: 0.71600 |train ent ravg: 0.90260 |train acc:  0.55417 |train acc ravg:  0.50139 |val ent: 0.70278 |val entravg: 0.77173 |val acc:  0.41667 |val acc ravg:  0.47222 |
|epoch:   3 | lr: 0.100 |train ent: 0.72771 |train ent ravg: 0.85888 |train acc:  0.46250 |train acc ravg:  0.49167 |val ent: 0.68259 |val entravg: 0.74945 |val acc:  0.58333 |val acc ravg:  0.50000 |
|epoch:   4 | lr: 0.100 |train ent: 0.71632 |train ent ravg: 0.83037 |train acc:  0.49583 |train acc ravg:  0.49250 |val ent: 0.68330 |val entravg: 0.73622 |val acc:  0.59259 |val acc ravg:  0.51852 |
|epoch:   5 | lr: 0.100 |train ent: 0.74074 |train ent ravg: 0.73166 |train acc:  0.49583 |train acc ravg:  0.50333 |val ent: 0.67872 |val entravg: 0.69812 |val acc:  0.58333 |val acc ravg:  0.51852 |
|epoch:   6 | lr: 0.100 |train ent: 0.71968 |train ent ravg: 0.72409 |train acc:  0.49167 |train acc ravg:  0.50000 |val ent: 0.70094 |val entravg: 0.68967 |val acc:  0.41667 |val acc ravg:  0.51852 |
|epoch:   7 | lr: 0.100 |train ent: 0.75432 |train ent ravg: 0.73175 |train acc:  0.54167 |train acc ravg:  0.49750 |val ent: 0.71524 |val entravg: 0.69216 |val acc:  0.41667 |val acc ravg:  0.51852 |
|epoch:   8 | lr: 0.100 |train ent: 0.72122 |train ent ravg: 0.73046 |train acc:  0.54167 |train acc ravg:  0.51333 |val ent: 0.76836 |val entravg: 0.70931 |val acc:  0.58333 |val acc ravg:  0.51852 |
|epoch:   9 | lr: 0.100 |train ent: 0.76556 |train ent ravg: 0.74031 |train acc:  0.42083 |train acc ravg:  0.49833 |val ent: 0.70058 |val entravg: 0.71277 |val acc:  0.41667 |val acc ravg:  0.48333 |
|epoch:  10 | lr: 0.100 |train ent: 0.69449 |train ent ravg: 0.73106 |train acc:  0.59583 |train acc ravg:  0.51833 |val ent: 0.79406 |val entravg: 0.73584 |val acc:  0.46296 |val acc ravg:  0.45926 |
|epoch:  11 | lr: 0.100 |train ent: 0.71574 |train ent ravg: 0.73027 |train acc:  0.51667 |train acc ravg:  0.52333 |val ent: 0.82803 |val entravg: 0.76125 |val acc:  0.58333 |val acc ravg:  0.49259 |
|epoch:  12 | lr: 0.100 |train ent: 0.78788 |train ent ravg: 0.73698 |train acc:  0.50000 |train acc ravg:  0.51500 |val ent: 0.79032 |val entravg: 0.77627 |val acc:  0.58333 |val acc ravg:  0.52593 |
|epoch:  13 | lr: 0.100 |train ent: 0.74359 |train ent ravg: 0.74145 |train acc:  0.45000 |train acc ravg:  0.49667 |val ent: 0.69224 |val entravg: 0.76105 |val acc:  0.58333 |val acc ravg:  0.52593 |
|epoch:  14 | lr: 0.100 |train ent: 0.70357 |train ent ravg: 0.72905 |train acc:  0.54167 |train acc ravg:  0.52083 |val ent: 0.68959 |val entravg: 0.75885 |val acc:  0.58333 |val acc ravg:  0.55926 |
|epoch:  15 | lr: 0.100 |train ent: 0.71156 |train ent ravg: 0.73247 |train acc:  0.53333 |train acc ravg:  0.50833 |val ent: 0.72327 |val entravg: 0.74469 |val acc:  0.41667 |val acc ravg:  0.55000 |
|epoch:  16 | lr: 0.100 |train ent: 0.70336 |train ent ravg: 0.72999 |train acc:  0.52500 |train acc ravg:  0.51000 |val ent: 0.69004 |val entravg: 0.71709 |val acc:  0.58333 |val acc ravg:  0.55000 |
|epoch:  17 | lr: 0.100 |train ent: 0.73139 |train ent ravg: 0.71869 |train acc:  0.48333 |train acc ravg:  0.50667 |val ent: 0.70363 |val entravg: 0.69975 |val acc:  0.58333 |val acc ravg:  0.55000 |
|epoch:  18 | lr: 0.100 |train ent: 0.73340 |train ent ravg: 0.71666 |train acc:  0.48333 |train acc ravg:  0.51333 |val ent: 0.68009 |val entravg: 0.69732 |val acc:  0.58333 |val acc ravg:  0.55000 |
|epoch:  19 | lr: 0.100 |train ent: 0.70216 |train ent ravg: 0.71638 |train acc:  0.45417 |train acc ravg:  0.49583 |val ent: 0.69026 |val entravg: 0.69746 |val acc:  0.58333 |val acc ravg:  0.55000 |
|epoch:  20 | lr: 0.100 |train ent: 0.72002 |train ent ravg: 0.71807 |train acc:  0.52083 |train acc ravg:  0.49333 |val ent: 0.68152 |val entravg: 0.68911 |val acc:  0.58333 |val acc ravg:  0.58333 |
|epoch:  21 | lr: 0.100 |train ent: 0.72641 |train ent ravg: 0.72268 |train acc:  0.52500 |train acc ravg:  0.49333 |val ent: 0.71906 |val entravg: 0.69491 |val acc:  0.41667 |val acc ravg:  0.55000 |
|epoch:  22 | lr: 0.100 |train ent: 0.70913 |train ent ravg: 0.71823 |train acc:  0.53750 |train acc ravg:  0.50417 |val ent: 0.67924 |val entravg: 0.69003 |val acc:  0.58333 |val acc ravg:  0.55000 |
|epoch:  23 | lr: 0.100 |train ent: 0.73364 |train ent ravg: 0.71827 |train acc:  0.44583 |train acc ravg:  0.49667 |val ent: 0.68848 |val entravg: 0.69171 |val acc:  0.58333 |val acc ravg:  0.55000 |
|epoch:  24 | lr: 0.100 |train ent: 0.72116 |train ent ravg: 0.72207 |train acc:  0.47917 |train acc ravg:  0.50167 |val ent: 0.76626 |val entravg: 0.70691 |val acc:  0.41667 |val acc ravg:  0.51667 |
|epoch:  25 | lr: 0.100 |train ent: 0.73894 |train ent ravg: 0.72586 |train acc:  0.43333 |train acc ravg:  0.48417 |val ent: 0.77518 |val entravg: 0.72565 |val acc:  0.41667 |val acc ravg:  0.48333 |
|epoch:  26 | lr: 0.100 |train ent: 0.72752 |train ent ravg: 0.72608 |train acc:  0.49167 |train acc ravg:  0.47750 |val ent: 0.79919 |val entravg: 0.74167 |val acc:  0.41667 |val acc ravg:  0.48333 |
|epoch:  27 | lr: 0.100 |train ent: 0.70989 |train ent ravg: 0.72623 |train acc:  0.51250 |train acc ravg:  0.47250 |val ent: 0.69127 |val entravg: 0.74408 |val acc:  0.60185 |val acc ravg:  0.48704 |
|epoch:  28 | lr: 0.100 |train ent: 0.72368 |train ent ravg: 0.72424 |train acc:  0.50000 |train acc ravg:  0.48333 |val ent: 0.70590 |val entravg: 0.74756 |val acc:  0.58333 |val acc ravg:  0.48704 |
|epoch:  29 | lr: 0.100 |train ent: 0.71845 |train ent ravg: 0.72370 |train acc:  0.51250 |train acc ravg:  0.49000 |val ent: 0.74605 |val entravg: 0.74352 |val acc:  0.41667 |val acc ravg:  0.48704 |
|epoch:  30 | lr: 0.050 |train ent: 0.70382 |train ent ravg: 0.71667 |train acc:  0.50833 |train acc ravg:  0.50500 |val ent: 0.72251 |val entravg: 0.73298 |val acc:  0.41667 |val acc ravg:  0.48704 |
|epoch:  31 | lr: 0.050 |train ent: 0.70579 |train ent ravg: 0.71233 |train acc:  0.50000 |train acc ravg:  0.50667 |val ent: 0.67977 |val entravg: 0.70910 |val acc:  0.58333 |val acc ravg:  0.52037 |
|epoch:  32 | lr: 0.050 |train ent: 0.69735 |train ent ravg: 0.70982 |train acc:  0.49167 |train acc ravg:  0.50250 |val ent: 0.74998 |val entravg: 0.72084 |val acc:  0.41667 |val acc ravg:  0.48333 |
|epoch:  33 | lr: 0.050 |train ent: 0.70826 |train ent ravg: 0.70673 |train acc:  0.50000 |train acc ravg:  0.50250 |val ent: 0.69363 |val entravg: 0.71839 |val acc:  0.46296 |val acc ravg:  0.45926 |
|epoch:  34 | lr: 0.050 |train ent: 0.69828 |train ent ravg: 0.70270 |train acc:  0.48750 |train acc ravg:  0.49750 |val ent: 0.79974 |val entravg: 0.72913 |val acc:  0.41667 |val acc ravg:  0.45926 |
|epoch:  35 | lr: 0.050 |train ent: 0.71847 |train ent ravg: 0.70563 |train acc:  0.47083 |train acc ravg:  0.49000 |val ent: 0.68187 |val entravg: 0.72100 |val acc:  0.58333 |val acc ravg:  0.49259 |
|epoch:  36 | lr: 0.050 |train ent: 0.70584 |train ent ravg: 0.70564 |train acc:  0.45833 |train acc ravg:  0.48167 |val ent: 0.69264 |val entravg: 0.72357 |val acc:  0.51852 |val acc ravg:  0.47963 |
|epoch:  37 | lr: 0.050 |train ent: 0.71004 |train ent ravg: 0.70818 |train acc:  0.50000 |train acc ravg:  0.48333 |val ent: 0.68073 |val entravg: 0.70972 |val acc:  0.58333 |val acc ravg:  0.51296 |
|epoch:  38 | lr: 0.050 |train ent: 0.71334 |train ent ravg: 0.70919 |train acc:  0.44583 |train acc ravg:  0.47250 |val ent: 0.70498 |val entravg: 0.71199 |val acc:  0.41667 |val acc ravg:  0.50370 |
|epoch:  39 | lr: 0.050 |train ent: 0.70625 |train ent ravg: 0.71079 |train acc:  0.49167 |train acc ravg:  0.47333 |val ent: 0.68373 |val entravg: 0.68879 |val acc:  0.58333 |val acc ravg:  0.53704 |
|epoch:  40 | lr: 0.050 |train ent: 0.69515 |train ent ravg: 0.70612 |train acc:  0.52500 |train acc ravg:  0.48417 |val ent: 0.69872 |val entravg: 0.69216 |val acc:  0.58333 |val acc ravg:  0.53704 |
|epoch:  41 | lr: 0.050 |train ent: 0.70702 |train ent ravg: 0.70636 |train acc:  0.48333 |train acc ravg:  0.48917 |val ent: 0.72926 |val entravg: 0.69948 |val acc:  0.41667 |val acc ravg:  0.51667 |
|epoch:  42 | lr: 0.050 |train ent: 0.71223 |train ent ravg: 0.70680 |train acc:  0.49167 |train acc ravg:  0.48750 |val ent: 0.69088 |val entravg: 0.70151 |val acc:  0.58333 |val acc ravg:  0.51667 |
|epoch:  43 | lr: 0.050 |train ent: 0.73552 |train ent ravg: 0.71123 |train acc:  0.50000 |train acc ravg:  0.49833 |val ent: 0.70553 |val entravg: 0.70162 |val acc:  0.41667 |val acc ravg:  0.51667 |
|epoch:  44 | lr: 0.050 |train ent: 0.70882 |train ent ravg: 0.71175 |train acc:  0.50417 |train acc ravg:  0.50083 |val ent: 0.68372 |val entravg: 0.70162 |val acc:  0.58333 |val acc ravg:  0.51667 |
|epoch:  45 | lr: 0.050 |train ent: 0.69977 |train ent ravg: 0.71267 |train acc:  0.55000 |train acc ravg:  0.50583 |val ent: 0.70666 |val entravg: 0.70321 |val acc:  0.41667 |val acc ravg:  0.48333 |
|epoch:  46 | lr: 0.050 |train ent: 0.72128 |train ent ravg: 0.71552 |train acc:  0.42500 |train acc ravg:  0.49417 |val ent: 0.69344 |val entravg: 0.69604 |val acc:  0.58333 |val acc ravg:  0.51667 |
|epoch:  47 | lr: 0.050 |train ent: 0.69170 |train ent ravg: 0.71142 |train acc:  0.57500 |train acc ravg:  0.51083 |val ent: 0.85412 |val entravg: 0.72869 |val acc:  0.41667 |val acc ravg:  0.48333 |
|epoch:  48 | lr: 0.050 |train ent: 0.72981 |train ent ravg: 0.71028 |train acc:  0.48333 |train acc ravg:  0.50750 |val ent: 0.67936 |val entravg: 0.72346 |val acc:  0.58333 |val acc ravg:  0.51667 |
|epoch:  49 | lr: 0.050 |train ent: 0.70729 |train ent ravg: 0.70997 |train acc:  0.51250 |train acc ravg:  0.50917 |val ent: 0.80129 |val entravg: 0.74697 |val acc:  0.41667 |val acc ravg:  0.48333 |
|epoch:  50 | lr: 0.050 |train ent: 0.70420 |train ent ravg: 0.71086 |train acc:  0.53333 |train acc ravg:  0.50583 |val ent: 0.74530 |val entravg: 0.75470 |val acc:  0.41667 |val acc ravg:  0.48333 |
|epoch:  51 | lr: 0.050 |train ent: 0.71249 |train ent ravg: 0.70910 |train acc:  0.43750 |train acc ravg:  0.50833 |val ent: 0.67960 |val entravg: 0.75193 |val acc:  0.58333 |val acc ravg:  0.48333 |
|epoch:  52 | lr: 0.050 |train ent: 0.70232 |train ent ravg: 0.71122 |train acc:  0.50000 |train acc ravg:  0.49333 |val ent: 0.73903 |val entravg: 0.72892 |val acc:  0.41667 |val acc ravg:  0.48333 |
|epoch:  53 | lr: 0.050 |train ent: 0.71090 |train ent ravg: 0.70744 |train acc:  0.52917 |train acc ravg:  0.50250 |val ent: 0.68280 |val entravg: 0.72960 |val acc:  0.58333 |val acc ravg:  0.48333 |
|epoch:  54 | lr: 0.050 |train ent: 0.70418 |train ent ravg: 0.70682 |train acc:  0.45000 |train acc ravg:  0.49000 |val ent: 0.70338 |val entravg: 0.71002 |val acc:  0.41667 |val acc ravg:  0.48333 |
|epoch:  55 | lr: 0.050 |train ent: 0.71111 |train ent ravg: 0.70820 |train acc:  0.43333 |train acc ravg:  0.47000 |val ent: 0.67959 |val entravg: 0.69688 |val acc:  0.58333 |val acc ravg:  0.51667 |
|epoch:  56 | lr: 0.050 |train ent: 0.71000 |train ent ravg: 0.70770 |train acc:  0.45833 |train acc ravg:  0.47417 |val ent: 0.68547 |val entravg: 0.69806 |val acc:  0.58333 |val acc ravg:  0.51667 |
|epoch:  57 | lr: 0.050 |train ent: 0.69998 |train ent ravg: 0.70723 |train acc:  0.55000 |train acc ravg:  0.48417 |val ent: 0.76699 |val entravg: 0.70365 |val acc:  0.41667 |val acc ravg:  0.51667 |
|epoch:  58 | lr: 0.050 |train ent: 0.71683 |train ent ravg: 0.70842 |train acc:  0.47500 |train acc ravg:  0.47333 |val ent: 0.68412 |val entravg: 0.70391 |val acc:  0.58333 |val acc ravg:  0.51667 |
|epoch:  59 | lr: 0.050 |train ent: 0.69968 |train ent ravg: 0.70752 |train acc:  0.55000 |train acc ravg:  0.49333 |val ent: 0.68184 |val entravg: 0.69960 |val acc:  0.58333 |val acc ravg:  0.55000 |
|epoch:  60 | lr: 0.025 |train ent: 0.72603 |train ent ravg: 0.71050 |train acc:  0.44167 |train acc ravg:  0.49500 |val ent: 0.68117 |val entravg: 0.69992 |val acc:  0.58333 |val acc ravg:  0.55000 |
|epoch:  61 | lr: 0.025 |train ent: 0.70052 |train ent ravg: 0.70861 |train acc:  0.52500 |train acc ravg:  0.50833 |val ent: 0.68103 |val entravg: 0.69903 |val acc:  0.58333 |val acc ravg:  0.55000 |
|epoch:  62 | lr: 0.025 |train ent: 0.70369 |train ent ravg: 0.70935 |train acc:  0.50000 |train acc ravg:  0.49833 |val ent: 0.70301 |val entravg: 0.68623 |val acc:  0.41667 |val acc ravg:  0.55000 |
|epoch:  63 | lr: 0.025 |train ent: 0.69599 |train ent ravg: 0.70518 |train acc:  0.49167 |train acc ravg:  0.50167 |val ent: 0.69766 |val entravg: 0.68894 |val acc:  0.41667 |val acc ravg:  0.51667 |
|epoch:  64 | lr: 0.025 |train ent: 0.70615 |train ent ravg: 0.70648 |train acc:  0.49167 |train acc ravg:  0.49000 |val ent: 0.69969 |val entravg: 0.69251 |val acc:  0.41667 |val acc ravg:  0.48333 |
|epoch:  65 | lr: 0.025 |train ent: 0.70047 |train ent ravg: 0.70136 |train acc:  0.50000 |train acc ravg:  0.50167 |val ent: 0.71898 |val entravg: 0.70008 |val acc:  0.41667 |val acc ravg:  0.45000 |
|epoch:  66 | lr: 0.025 |train ent: 0.70292 |train ent ravg: 0.70184 |train acc:  0.53333 |train acc ravg:  0.50333 |val ent: 0.69062 |val entravg: 0.70199 |val acc:  0.58333 |val acc ravg:  0.45000 |
|epoch:  67 | lr: 0.025 |train ent: 0.70646 |train ent ravg: 0.70240 |train acc:  0.50000 |train acc ravg:  0.50333 |val ent: 0.73234 |val entravg: 0.70786 |val acc:  0.41667 |val acc ravg:  0.45000 |
|epoch:  68 | lr: 0.025 |train ent: 0.69805 |train ent ravg: 0.70281 |train acc:  0.53333 |train acc ravg:  0.51167 |val ent: 0.68305 |val entravg: 0.70493 |val acc:  0.58333 |val acc ravg:  0.48333 |
|epoch:  69 | lr: 0.025 |train ent: 0.69963 |train ent ravg: 0.70151 |train acc:  0.50000 |train acc ravg:  0.51333 |val ent: 0.69119 |val entravg: 0.70323 |val acc:  0.58333 |val acc ravg:  0.51667 |
|epoch:  70 | lr: 0.025 |train ent: 0.69962 |train ent ravg: 0.70134 |train acc:  0.45833 |train acc ravg:  0.50500 |val ent: 0.69688 |val entravg: 0.69881 |val acc:  0.41667 |val acc ravg:  0.51667 |
|epoch:  71 | lr: 0.025 |train ent: 0.69928 |train ent ravg: 0.70061 |train acc:  0.48333 |train acc ravg:  0.49500 |val ent: 0.69674 |val entravg: 0.70004 |val acc:  0.41667 |val acc ravg:  0.48333 |
|epoch:  72 | lr: 0.025 |train ent: 0.70357 |train ent ravg: 0.70003 |train acc:  0.45833 |train acc ravg:  0.48667 |val ent: 0.70106 |val entravg: 0.69378 |val acc:  0.41667 |val acc ravg:  0.48333 |
|epoch:  73 | lr: 0.025 |train ent: 0.69369 |train ent ravg: 0.69916 |train acc:  0.52500 |train acc ravg:  0.48500 |val ent: 0.68331 |val entravg: 0.69384 |val acc:  0.58333 |val acc ravg:  0.48333 |
|epoch:  74 | lr: 0.025 |train ent: 0.71040 |train ent ravg: 0.70131 |train acc:  0.47500 |train acc ravg:  0.48000 |val ent: 0.70342 |val entravg: 0.69628 |val acc:  0.41667 |val acc ravg:  0.45000 |
|epoch:  75 | lr: 0.025 |train ent: 0.70270 |train ent ravg: 0.70193 |train acc:  0.56667 |train acc ravg:  0.50167 |val ent: 0.73589 |val entravg: 0.70408 |val acc:  0.41667 |val acc ravg:  0.45000 |
|epoch:  76 | lr: 0.025 |train ent: 0.70387 |train ent ravg: 0.70285 |train acc:  0.45833 |train acc ravg:  0.49667 |val ent: 0.68357 |val entravg: 0.70145 |val acc:  0.58333 |val acc ravg:  0.48333 |
|epoch:  77 | lr: 0.025 |train ent: 0.70543 |train ent ravg: 0.70322 |train acc:  0.46667 |train acc ravg:  0.49833 |val ent: 0.73409 |val entravg: 0.70806 |val acc:  0.41667 |val acc ravg:  0.48333 |
|epoch:  78 | lr: 0.025 |train ent: 0.70141 |train ent ravg: 0.70476 |train acc:  0.52083 |train acc ravg:  0.49750 |val ent: 0.73205 |val entravg: 0.71781 |val acc:  0.41667 |val acc ravg:  0.45000 |
|epoch:  79 | lr: 0.025 |train ent: 0.70371 |train ent ravg: 0.70342 |train acc:  0.50833 |train acc ravg:  0.50417 |val ent: 0.74631 |val entravg: 0.72638 |val acc:  0.41667 |val acc ravg:  0.45000 |
|epoch:  80 | lr: 0.025 |train ent: 0.70822 |train ent ravg: 0.70453 |train acc:  0.47083 |train acc ravg:  0.48500 |val ent: 0.72597 |val entravg: 0.72440 |val acc:  0.41667 |val acc ravg:  0.45000 |
|epoch:  81 | lr: 0.025 |train ent: 0.70005 |train ent ravg: 0.70376 |train acc:  0.47083 |train acc ravg:  0.48750 |val ent: 0.68831 |val entravg: 0.72535 |val acc:  0.60185 |val acc ravg:  0.45370 |
|epoch:  82 | lr: 0.025 |train ent: 0.70407 |train ent ravg: 0.70349 |train acc:  0.47917 |train acc ravg:  0.49000 |val ent: 0.69535 |val entravg: 0.71760 |val acc:  0.41667 |val acc ravg:  0.45370 |
|epoch:  83 | lr: 0.025 |train ent: 0.70086 |train ent ravg: 0.70338 |train acc:  0.47917 |train acc ravg:  0.48167 |val ent: 0.67995 |val entravg: 0.70718 |val acc:  0.58333 |val acc ravg:  0.48704 |
|epoch:  84 | lr: 0.025 |train ent: 0.71794 |train ent ravg: 0.70623 |train acc:  0.44167 |train acc ravg:  0.46833 |val ent: 0.69041 |val entravg: 0.69600 |val acc:  0.58333 |val acc ravg:  0.52037 |
|epoch:  85 | lr: 0.025 |train ent: 0.69595 |train ent ravg: 0.70377 |train acc:  0.52500 |train acc ravg:  0.47917 |val ent: 0.68116 |val entravg: 0.68704 |val acc:  0.58333 |val acc ravg:  0.55370 |
|epoch:  86 | lr: 0.025 |train ent: 0.70090 |train ent ravg: 0.70394 |train acc:  0.47500 |train acc ravg:  0.48000 |val ent: 0.68225 |val entravg: 0.68583 |val acc:  0.58333 |val acc ravg:  0.55000 |
|epoch:  87 | lr: 0.025 |train ent: 0.69483 |train ent ravg: 0.70210 |train acc:  0.53333 |train acc ravg:  0.49083 |val ent: 0.72586 |val entravg: 0.69193 |val acc:  0.41667 |val acc ravg:  0.55000 |
|epoch:  88 | lr: 0.025 |train ent: 0.72964 |train ent ravg: 0.70785 |train acc:  0.49583 |train acc ravg:  0.49417 |val ent: 0.74492 |val entravg: 0.70492 |val acc:  0.41667 |val acc ravg:  0.51667 |
|epoch:  89 | lr: 0.025 |train ent: 0.69951 |train ent ravg: 0.70417 |train acc:  0.51667 |train acc ravg:  0.50917 |val ent: 0.68440 |val entravg: 0.70372 |val acc:  0.58333 |val acc ravg:  0.51667 |
|epoch:  90 | lr: 0.013 |train ent: 0.70088 |train ent ravg: 0.70515 |train acc:  0.49167 |train acc ravg:  0.50250 |val ent: 0.70451 |val entravg: 0.70839 |val acc:  0.41667 |val acc ravg:  0.48333 |
|epoch:  91 | lr: 0.013 |train ent: 0.69664 |train ent ravg: 0.70430 |train acc:  0.48333 |train acc ravg:  0.50417 |val ent: 0.69097 |val entravg: 0.71013 |val acc:  0.58333 |val acc ravg:  0.48333 |
|epoch:  92 | lr: 0.013 |train ent: 0.69460 |train ent ravg: 0.70425 |train acc:  0.47083 |train acc ravg:  0.49167 |val ent: 0.68930 |val entravg: 0.70282 |val acc:  0.58333 |val acc ravg:  0.51667 |
|epoch:  93 | lr: 0.013 |train ent: 0.69887 |train ent ravg: 0.69810 |train acc:  0.50833 |train acc ravg:  0.49417 |val ent: 0.71838 |val entravg: 0.69751 |val acc:  0.41667 |val acc ravg:  0.51667 |
|epoch:  94 | lr: 0.013 |train ent: 0.69571 |train ent ravg: 0.69734 |train acc:  0.47917 |train acc ravg:  0.48667 |val ent: 0.69202 |val entravg: 0.69904 |val acc:  0.58333 |val acc ravg:  0.51667 |
|epoch:  95 | lr: 0.013 |train ent: 0.69986 |train ent ravg: 0.69714 |train acc:  0.51250 |train acc ravg:  0.49083 |val ent: 0.70982 |val entravg: 0.70010 |val acc:  0.41667 |val acc ravg:  0.51667 |
|epoch:  96 | lr: 0.013 |train ent: 0.70042 |train ent ravg: 0.69789 |train acc:  0.42917 |train acc ravg:  0.48000 |val ent: 0.69592 |val entravg: 0.70109 |val acc:  0.41667 |val acc ravg:  0.48333 |
|epoch:  97 | lr: 0.013 |train ent: 0.70062 |train ent ravg: 0.69910 |train acc:  0.52917 |train acc ravg:  0.49167 |val ent: 0.70981 |val entravg: 0.70519 |val acc:  0.41667 |val acc ravg:  0.45000 |
|epoch:  98 | lr: 0.013 |train ent: 0.69574 |train ent ravg: 0.69847 |train acc:  0.49583 |train acc ravg:  0.48917 |val ent: 0.68984 |val entravg: 0.69948 |val acc:  0.58333 |val acc ravg:  0.48333 |
|epoch:  99 | lr: 0.013 |train ent: 0.71278 |train ent ravg: 0.70188 |train acc:  0.47500 |train acc ravg:  0.48833 |val ent: 0.68897 |val entravg: 0.69887 |val acc:  0.58333 |val acc ravg:  0.48333 |
|epoch: 100 | lr: 0.013 |train ent: 0.70224 |train ent ravg: 0.70236 |train acc:  0.46667 |train acc ravg:  0.47917 |val ent: 0.69130 |val entravg: 0.69517 |val acc:  0.58333 |val acc ravg:  0.51667 |
|epoch: 101 | lr: 0.013 |train ent: 0.69632 |train ent ravg: 0.70154 |train acc:  0.45000 |train acc ravg:  0.48333 |val ent: 0.69147 |val entravg: 0.69428 |val acc:  0.54630 |val acc ravg:  0.54259 |
|epoch: 102 | lr: 0.013 |train ent: 0.69481 |train ent ravg: 0.70038 |train acc:  0.50000 |train acc ravg:  0.47750 |val ent: 0.75978 |val entravg: 0.70427 |val acc:  0.42593 |val acc ravg:  0.54444 |
|epoch: 103 | lr: 0.013 |train ent: 0.69479 |train ent ravg: 0.70019 |train acc:  0.51667 |train acc ravg:  0.48167 |val ent: 0.69938 |val entravg: 0.70618 |val acc:  0.43519 |val acc ravg:  0.51481 |
|epoch: 104 | lr: 0.013 |train ent: 0.69945 |train ent ravg: 0.69752 |train acc:  0.49583 |train acc ravg:  0.48583 |val ent: 0.90633 |val entravg: 0.74965 |val acc:  0.42593 |val acc ravg:  0.48333 |
|epoch: 105 | lr: 0.013 |train ent: 0.70049 |train ent ravg: 0.69717 |train acc:  0.52083 |train acc ravg:  0.49667 |val ent: 0.69164 |val entravg: 0.74972 |val acc:  0.50000 |val acc ravg:  0.46667 |
|epoch: 106 | lr: 0.013 |train ent: 0.70282 |train ent ravg: 0.69847 |train acc:  0.50000 |train acc ravg:  0.50667 |val ent: 0.67699 |val entravg: 0.74683 |val acc:  0.58333 |val acc ravg:  0.47407 |
|epoch: 107 | lr: 0.013 |train ent: 0.70251 |train ent ravg: 0.70001 |train acc:  0.43333 |train acc ravg:  0.49333 |val ent: 0.68699 |val entravg: 0.73227 |val acc:  0.60185 |val acc ravg:  0.50926 |
|epoch: 108 | lr: 0.013 |train ent: 0.69229 |train ent ravg: 0.69951 |train acc:  0.55000 |train acc ravg:  0.50000 |val ent: 0.69381 |val entravg: 0.73115 |val acc:  0.45370 |val acc ravg:  0.51296 |
|epoch: 109 | lr: 0.013 |train ent: 0.68540 |train ent ravg: 0.69670 |train acc:  0.51250 |train acc ravg:  0.50333 |val ent: 0.68205 |val entravg: 0.68630 |val acc:  0.61111 |val acc ravg:  0.55000 |
|epoch: 110 | lr: 0.013 |train ent: 0.68760 |train ent ravg: 0.69412 |train acc:  0.56667 |train acc ravg:  0.51250 |val ent: 0.73905 |val entravg: 0.69578 |val acc:  0.49074 |val acc ravg:  0.54815 |
|epoch: 111 | lr: 0.013 |train ent: 0.69925 |train ent ravg: 0.69341 |train acc:  0.45000 |train acc ravg:  0.50250 |val ent: 0.67760 |val entravg: 0.69590 |val acc:  0.59259 |val acc ravg:  0.55000 |
|epoch: 112 | lr: 0.013 |train ent: 0.68480 |train ent ravg: 0.68987 |train acc:  0.57083 |train acc ravg:  0.53000 |val ent: 0.68640 |val entravg: 0.69578 |val acc:  0.54630 |val acc ravg:  0.53889 |
|epoch: 113 | lr: 0.013 |train ent: 0.69807 |train ent ravg: 0.69102 |train acc:  0.49583 |train acc ravg:  0.51917 |val ent: 0.68473 |val entravg: 0.69396 |val acc:  0.60185 |val acc ravg:  0.56852 |
|epoch: 114 | lr: 0.013 |train ent: 0.69710 |train ent ravg: 0.69336 |train acc:  0.52500 |train acc ravg:  0.52167 |val ent: 0.73281 |val entravg: 0.70412 |val acc:  0.43519 |val acc ravg:  0.53333 |
|epoch: 115 | lr: 0.013 |train ent: 0.69421 |train ent ravg: 0.69469 |train acc:  0.52083 |train acc ravg:  0.51250 |val ent: 0.67920 |val entravg: 0.69215 |val acc:  0.58333 |val acc ravg:  0.55185 |
|epoch: 116 | lr: 0.013 |train ent: 0.70534 |train ent ravg: 0.69590 |train acc:  0.47500 |train acc ravg:  0.51750 |val ent: 0.68313 |val entravg: 0.69325 |val acc:  0.58333 |val acc ravg:  0.55000 |
|epoch: 117 | lr: 0.013 |train ent: 0.70045 |train ent ravg: 0.69903 |train acc:  0.46667 |train acc ravg:  0.49667 |val ent: 0.69317 |val entravg: 0.69461 |val acc:  0.48148 |val acc ravg:  0.53704 |
|epoch: 118 | lr: 0.013 |train ent: 0.69465 |train ent ravg: 0.69835 |train acc:  0.52083 |train acc ravg:  0.50167 |val ent: 0.70686 |val entravg: 0.69903 |val acc:  0.43519 |val acc ravg:  0.50370 |
|epoch: 119 | lr: 0.013 |train ent: 0.69525 |train ent ravg: 0.69798 |train acc:  0.50000 |train acc ravg:  0.49667 |val ent: 0.71778 |val entravg: 0.69603 |val acc:  0.42593 |val acc ravg:  0.50185 |
|epoch: 120 | lr: 0.006 |train ent: 0.69607 |train ent ravg: 0.69835 |train acc:  0.50833 |train acc ravg:  0.49417 |val ent: 0.68150 |val entravg: 0.69649 |val acc:  0.60185 |val acc ravg:  0.50556 |
|epoch: 121 | lr: 0.006 |train ent: 0.68597 |train ent ravg: 0.69448 |train acc:  0.53333 |train acc ravg:  0.50583 |val ent: 0.69249 |val entravg: 0.69836 |val acc:  0.53704 |val acc ravg:  0.49630 |
|epoch: 122 | lr: 0.006 |train ent: 0.68617 |train ent ravg: 0.69162 |train acc:  0.54167 |train acc ravg:  0.52083 |val ent: 0.68102 |val entravg: 0.69593 |val acc:  0.61111 |val acc ravg:  0.52222 |
|epoch: 123 | lr: 0.006 |train ent: 0.70845 |train ent ravg: 0.69438 |train acc:  0.45833 |train acc ravg:  0.50833 |val ent: 0.69069 |val entravg: 0.69270 |val acc:  0.50000 |val acc ravg:  0.53519 |
|epoch: 124 | lr: 0.006 |train ent: 0.69388 |train ent ravg: 0.69411 |train acc:  0.48333 |train acc ravg:  0.50500 |val ent: 0.69125 |val entravg: 0.68739 |val acc:  0.50000 |val acc ravg:  0.55000 |
|epoch: 125 | lr: 0.006 |train ent: 0.69346 |train ent ravg: 0.69359 |train acc:  0.49167 |train acc ravg:  0.50167 |val ent: 0.69473 |val entravg: 0.69004 |val acc:  0.42593 |val acc ravg:  0.51481 |
|epoch: 126 | lr: 0.006 |train ent: 0.69603 |train ent ravg: 0.69560 |train acc:  0.49167 |train acc ravg:  0.49333 |val ent: 0.73750 |val entravg: 0.69904 |val acc:  0.43519 |val acc ravg:  0.49444 |
|epoch: 127 | lr: 0.006 |train ent: 0.69863 |train ent ravg: 0.69809 |train acc:  0.51667 |train acc ravg:  0.48833 |val ent: 0.68664 |val entravg: 0.70016 |val acc:  0.54630 |val acc ravg:  0.48148 |
|epoch: 128 | lr: 0.006 |train ent: 0.69467 |train ent ravg: 0.69533 |train acc:  0.47500 |train acc ravg:  0.49167 |val ent: 0.69151 |val entravg: 0.70033 |val acc:  0.48148 |val acc ravg:  0.47778 |
|epoch: 129 | lr: 0.006 |train ent: 0.69277 |train ent ravg: 0.69511 |train acc:  0.51250 |train acc ravg:  0.49750 |val ent: 0.69402 |val entravg: 0.70088 |val acc:  0.46296 |val acc ravg:  0.47037 |
|epoch: 130 | lr: 0.006 |train ent: 0.69781 |train ent ravg: 0.69598 |train acc:  0.54167 |train acc ravg:  0.50750 |val ent: 0.69325 |val entravg: 0.70058 |val acc:  0.47222 |val acc ravg:  0.47963 |
|epoch: 131 | lr: 0.006 |train ent: 0.69275 |train ent ravg: 0.69533 |train acc:  0.52083 |train acc ravg:  0.51333 |val ent: 0.68637 |val entravg: 0.69036 |val acc:  0.50926 |val acc ravg:  0.49444 |
|epoch: 132 | lr: 0.006 |train ent: 0.69669 |train ent ravg: 0.69494 |train acc:  0.49583 |train acc ravg:  0.50917 |val ent: 0.70333 |val entravg: 0.69370 |val acc:  0.46296 |val acc ravg:  0.47778 |
|epoch: 133 | lr: 0.006 |train ent: 0.68891 |train ent ravg: 0.69379 |train acc:  0.52083 |train acc ravg:  0.51833 |val ent: 0.68376 |val entravg: 0.69215 |val acc:  0.52778 |val acc ravg:  0.48704 |
|epoch: 134 | lr: 0.006 |train ent: 0.69211 |train ent ravg: 0.69365 |train acc:  0.52500 |train acc ravg:  0.52083 |val ent: 0.67782 |val entravg: 0.68891 |val acc:  0.59259 |val acc ravg:  0.51296 |
|epoch: 135 | lr: 0.006 |train ent: 0.69195 |train ent ravg: 0.69248 |train acc:  0.51250 |train acc ravg:  0.51500 |val ent: 0.69984 |val entravg: 0.69022 |val acc:  0.50926 |val acc ravg:  0.52037 |
|epoch: 136 | lr: 0.006 |train ent: 0.69030 |train ent ravg: 0.69199 |train acc:  0.55000 |train acc ravg:  0.52083 |val ent: 0.68334 |val entravg: 0.68962 |val acc:  0.55556 |val acc ravg:  0.52963 |
|epoch: 137 | lr: 0.006 |train ent: 0.69371 |train ent ravg: 0.69140 |train acc:  0.52917 |train acc ravg:  0.52750 |val ent: 0.81708 |val entravg: 0.71237 |val acc:  0.44444 |val acc ravg:  0.52593 |
|epoch: 138 | lr: 0.006 |train ent: 0.69754 |train ent ravg: 0.69312 |train acc:  0.50417 |train acc ravg:  0.52417 |val ent: 1.06489 |val entravg: 0.78859 |val acc:  0.41667 |val acc ravg:  0.50370 |
|epoch: 139 | lr: 0.006 |train ent: 0.69295 |train ent ravg: 0.69329 |train acc:  0.51667 |train acc ravg:  0.52250 |val ent: 0.69736 |val entravg: 0.79250 |val acc:  0.44444 |val acc ravg:  0.47407 |
|epoch: 140 | lr: 0.006 |train ent: 0.69233 |train ent ravg: 0.69336 |train acc:  0.50833 |train acc ravg:  0.52167 |val ent: 0.70105 |val entravg: 0.79274 |val acc:  0.44444 |val acc ravg:  0.46111 |
|epoch: 141 | lr: 0.006 |train ent: 0.69165 |train ent ravg: 0.69363 |train acc:  0.50000 |train acc ravg:  0.51167 |val ent: 0.73519 |val entravg: 0.80311 |val acc:  0.47222 |val acc ravg:  0.44444 |
|epoch: 142 | lr: 0.006 |train ent: 0.69013 |train ent ravg: 0.69292 |train acc:  0.54167 |train acc ravg:  0.51417 |val ent: 0.69504 |val entravg: 0.77870 |val acc:  0.45370 |val acc ravg:  0.44630 |
|epoch: 143 | lr: 0.006 |train ent: 0.69312 |train ent ravg: 0.69204 |train acc:  0.52500 |train acc ravg:  0.51833 |val ent: 0.70113 |val entravg: 0.70595 |val acc:  0.47222 |val acc ravg:  0.45741 |
|epoch: 144 | lr: 0.006 |train ent: 0.68826 |train ent ravg: 0.69110 |train acc:  0.51667 |train acc ravg:  0.51833 |val ent: 0.68747 |val entravg: 0.70398 |val acc:  0.45370 |val acc ravg:  0.45926 |
|epoch: 145 | lr: 0.006 |train ent: 0.68690 |train ent ravg: 0.69001 |train acc:  0.54583 |train acc ravg:  0.52583 |val ent: 0.71629 |val entravg: 0.70702 |val acc:  0.48148 |val acc ravg:  0.46667 |
|epoch: 146 | lr: 0.006 |train ent: 0.68701 |train ent ravg: 0.68909 |train acc:  0.50417 |train acc ravg:  0.52667 |val ent: 0.74191 |val entravg: 0.70837 |val acc:  0.58333 |val acc ravg:  0.48889 |
|epoch: 147 | lr: 0.006 |train ent: 0.68589 |train ent ravg: 0.68824 |train acc:  0.57083 |train acc ravg:  0.53250 |val ent: 0.74295 |val entravg: 0.71795 |val acc:  0.45370 |val acc ravg:  0.48889 |
|epoch: 148 | lr: 0.006 |train ent: 0.68579 |train ent ravg: 0.68677 |train acc:  0.52917 |train acc ravg:  0.53333 |val ent: 0.70532 |val entravg: 0.71879 |val acc:  0.60185 |val acc ravg:  0.51481 |
|epoch: 149 | lr: 0.006 |train ent: 0.68090 |train ent ravg: 0.68530 |train acc:  0.56667 |train acc ravg:  0.54333 |val ent: 1.21798 |val entravg: 0.82489 |val acc:  0.41667 |val acc ravg:  0.50741 |
|epoch: 150 | lr: 0.003 |train ent: 0.69241 |train ent ravg: 0.68640 |train acc:  0.47500 |train acc ravg:  0.52917 |val ent: 0.70719 |val entravg: 0.82307 |val acc:  0.49074 |val acc ravg:  0.50926 |
|epoch: 151 | lr: 0.003 |train ent: 0.68754 |train ent ravg: 0.68651 |train acc:  0.53750 |train acc ravg:  0.53583 |val ent: 0.68074 |val entravg: 0.81084 |val acc:  0.48148 |val acc ravg:  0.48889 |
|epoch: 152 | lr: 0.003 |train ent: 0.69286 |train ent ravg: 0.68790 |train acc:  0.50833 |train acc ravg:  0.52333 |val ent: 0.72554 |val entravg: 0.80735 |val acc:  0.58333 |val acc ravg:  0.51481 |
|epoch: 153 | lr: 0.003 |train ent: 0.68932 |train ent ravg: 0.68861 |train acc:  0.55833 |train acc ravg:  0.52917 |val ent: 0.75648 |val entravg: 0.81758 |val acc:  0.44444 |val acc ravg:  0.48333 |
|epoch: 154 | lr: 0.003 |train ent: 0.68415 |train ent ravg: 0.68926 |train acc:  0.54167 |train acc ravg:  0.52417 |val ent: 0.75284 |val entravg: 0.72456 |val acc:  0.53704 |val acc ravg:  0.50741 |
|epoch: 155 | lr: 0.003 |train ent: 0.68340 |train ent ravg: 0.68745 |train acc:  0.55417 |train acc ravg:  0.54000 |val ent: 0.65594 |val entravg: 0.71431 |val acc:  0.61111 |val acc ravg:  0.53148 |
|epoch: 156 | lr: 0.003 |train ent: 0.68319 |train ent ravg: 0.68658 |train acc:  0.53333 |train acc ravg:  0.53917 |val ent: 0.67204 |val entravg: 0.71257 |val acc:  0.62963 |val acc ravg:  0.56111 |
|epoch: 157 | lr: 0.003 |train ent: 0.67487 |train ent ravg: 0.68298 |train acc:  0.55833 |train acc ravg:  0.54917 |val ent: 1.14450 |val entravg: 0.79636 |val acc:  0.58333 |val acc ravg:  0.56111 |
|epoch: 158 | lr: 0.003 |train ent: 0.67274 |train ent ravg: 0.67967 |train acc:  0.56250 |train acc ravg:  0.55000 |val ent: 0.92299 |val entravg: 0.82966 |val acc:  0.43519 |val acc ravg:  0.55926 |
|epoch: 159 | lr: 0.003 |train ent: 0.68341 |train ent ravg: 0.67952 |train acc:  0.52917 |train acc ravg:  0.54750 |val ent: 0.69456 |val entravg: 0.81800 |val acc:  0.58333 |val acc ravg:  0.56852 |
|epoch: 160 | lr: 0.003 |train ent: 0.67444 |train ent ravg: 0.67773 |train acc:  0.57083 |train acc ravg:  0.55083 |val ent: 1.04081 |val entravg: 0.89498 |val acc:  0.41667 |val acc ravg:  0.52963 |
|epoch: 161 | lr: 0.003 |train ent: 0.68210 |train ent ravg: 0.67751 |train acc:  0.54583 |train acc ravg:  0.55333 |val ent: 1.18224 |val entravg: 0.99702 |val acc:  0.58333 |val acc ravg:  0.52037 |
|epoch: 162 | lr: 0.003 |train ent: 0.68926 |train ent ravg: 0.68039 |train acc:  0.52083 |train acc ravg:  0.54583 |val ent: 0.69527 |val entravg: 0.90717 |val acc:  0.42593 |val acc ravg:  0.48889 |
|epoch: 163 | lr: 0.003 |train ent: 0.68986 |train ent ravg: 0.68382 |train acc:  0.52083 |train acc ravg:  0.53750 |val ent: 0.68052 |val entravg: 0.85868 |val acc:  0.59259 |val acc ravg:  0.52037 |
|epoch: 164 | lr: 0.003 |train ent: 0.69050 |train ent ravg: 0.68523 |train acc:  0.56667 |train acc ravg:  0.54500 |val ent: 0.68480 |val entravg: 0.85673 |val acc:  0.58333 |val acc ravg:  0.52037 |
|epoch: 165 | lr: 0.003 |train ent: 0.68965 |train ent ravg: 0.68828 |train acc:  0.53750 |train acc ravg:  0.53833 |val ent: 0.70657 |val entravg: 0.78988 |val acc:  0.41667 |val acc ravg:  0.52037 |
|epoch: 166 | lr: 0.003 |train ent: 0.69322 |train ent ravg: 0.69050 |train acc:  0.50833 |train acc ravg:  0.53083 |val ent: 0.70194 |val entravg: 0.69382 |val acc:  0.48148 |val acc ravg:  0.50000 |
|epoch: 167 | lr: 0.003 |train ent: 0.70117 |train ent ravg: 0.69288 |train acc:  0.47917 |train acc ravg:  0.52250 |val ent: 0.70525 |val entravg: 0.69582 |val acc:  0.41667 |val acc ravg:  0.49815 |
|epoch: 168 | lr: 0.003 |train ent: 0.68147 |train ent ravg: 0.69120 |train acc:  0.58750 |train acc ravg:  0.53583 |val ent: 0.68010 |val entravg: 0.69573 |val acc:  0.57407 |val acc ravg:  0.49444 |
|epoch: 169 | lr: 0.003 |train ent: 0.68319 |train ent ravg: 0.68974 |train acc:  0.52500 |train acc ravg:  0.52750 |val ent: 0.67505 |val entravg: 0.69378 |val acc:  0.51852 |val acc ravg:  0.48148 |
|epoch: 170 | lr: 0.003 |train ent: 0.69821 |train ent ravg: 0.69145 |train acc:  0.47500 |train acc ravg:  0.51500 |val ent: 0.70538 |val entravg: 0.69354 |val acc:  0.41667 |val acc ravg:  0.48148 |
|epoch: 171 | lr: 0.003 |train ent: 0.68399 |train ent ravg: 0.68960 |train acc:  0.55833 |train acc ravg:  0.52500 |val ent: 0.67640 |val entravg: 0.68844 |val acc:  0.58333 |val acc ravg:  0.50185 |
|epoch: 172 | lr: 0.003 |train ent: 0.68736 |train ent ravg: 0.68684 |train acc:  0.55417 |train acc ravg:  0.54000 |val ent: 0.67212 |val entravg: 0.68181 |val acc:  0.62963 |val acc ravg:  0.54444 |
|epoch: 173 | lr: 0.003 |train ent: 0.67931 |train ent ravg: 0.68641 |train acc:  0.56667 |train acc ravg:  0.53583 |val ent: 1.20313 |val entravg: 0.78642 |val acc:  0.42593 |val acc ravg:  0.51481 |
|epoch: 174 | lr: 0.003 |train ent: 0.68378 |train ent ravg: 0.68653 |train acc:  0.57500 |train acc ravg:  0.54583 |val ent: 0.67187 |val entravg: 0.78578 |val acc:  0.58333 |val acc ravg:  0.52778 |
|epoch: 175 | lr: 0.003 |train ent: 0.67316 |train ent ravg: 0.68152 |train acc:  0.58750 |train acc ravg:  0.56833 |val ent: 0.70092 |val entravg: 0.78489 |val acc:  0.54630 |val acc ravg:  0.55370 |
|epoch: 176 | lr: 0.003 |train ent: 0.67388 |train ent ravg: 0.67950 |train acc:  0.57917 |train acc ravg:  0.57250 |val ent: 0.90510 |val entravg: 0.83063 |val acc:  0.41667 |val acc ravg:  0.52037 |
|epoch: 177 | lr: 0.003 |train ent: 0.66067 |train ent ravg: 0.67416 |train acc:  0.60833 |train acc ravg:  0.58333 |val ent: 0.65797 |val entravg: 0.82780 |val acc:  0.65741 |val acc ravg:  0.52593 |
|epoch: 178 | lr: 0.003 |train ent: 0.67122 |train ent ravg: 0.67254 |train acc:  0.56667 |train acc ravg:  0.58333 |val ent: 0.69758 |val entravg: 0.72669 |val acc:  0.59259 |val acc ravg:  0.55926 |
|epoch: 179 | lr: 0.003 |train ent: 0.65715 |train ent ravg: 0.66721 |train acc:  0.61667 |train acc ravg:  0.59167 |val ent: 0.85232 |val entravg: 0.76278 |val acc:  0.41667 |val acc ravg:  0.52593 |
|epoch: 180 | lr: 0.002 |train ent: 0.64212 |train ent ravg: 0.66101 |train acc:  0.63750 |train acc ravg:  0.60167 |val ent: 0.76942 |val entravg: 0.77648 |val acc:  0.47222 |val acc ravg:  0.51111 |
|epoch: 181 | lr: 0.002 |train ent: 0.64641 |train ent ravg: 0.65551 |train acc:  0.62083 |train acc ravg:  0.61000 |val ent: 0.66197 |val entravg: 0.72785 |val acc:  0.63889 |val acc ravg:  0.55556 |
|epoch: 182 | lr: 0.002 |train ent: 0.66843 |train ent ravg: 0.65706 |train acc:  0.60417 |train acc ravg:  0.60917 |val ent: 0.94106 |val entravg: 0.78447 |val acc:  0.41667 |val acc ravg:  0.50741 |
|epoch: 183 | lr: 0.002 |train ent: 0.65606 |train ent ravg: 0.65403 |train acc:  0.64583 |train acc ravg:  0.62500 |val ent: 3.00959 |val entravg: 1.24687 |val acc:  0.58333 |val acc ravg:  0.50556 |
|epoch: 184 | lr: 0.002 |train ent: 0.66097 |train ent ravg: 0.65480 |train acc:  0.61250 |train acc ravg:  0.62417 |val ent: 0.66188 |val entravg: 1.20878 |val acc:  0.59259 |val acc ravg:  0.54074 |
|epoch: 185 | lr: 0.002 |train ent: 0.66928 |train ent ravg: 0.66023 |train acc:  0.58333 |train acc ravg:  0.61333 |val ent: 0.83296 |val entravg: 1.22149 |val acc:  0.41667 |val acc ravg:  0.52963 |
|epoch: 186 | lr: 0.002 |train ent: 0.66510 |train ent ravg: 0.66397 |train acc:  0.60000 |train acc ravg:  0.60917 |val ent: 0.85669 |val entravg: 1.26044 |val acc:  0.41667 |val acc ravg:  0.48519 |
|epoch: 187 | lr: 0.002 |train ent: 0.63021 |train ent ravg: 0.65632 |train acc:  0.66250 |train acc ravg:  0.62083 |val ent: 0.89568 |val entravg: 1.25136 |val acc:  0.41667 |val acc ravg:  0.48519 |
|epoch: 188 | lr: 0.002 |train ent: 0.62757 |train ent ravg: 0.65062 |train acc:  0.65417 |train acc ravg:  0.62250 |val ent: 7.42809 |val entravg: 2.13506 |val acc:  0.58333 |val acc ravg:  0.48519 |
|epoch: 189 | lr: 0.002 |train ent: 0.66922 |train ent ravg: 0.65228 |train acc:  0.62083 |train acc ravg:  0.62417 |val ent: 0.66073 |val entravg: 2.13483 |val acc:  0.60185 |val acc ravg:  0.48704 |
|epoch: 190 | lr: 0.002 |train ent: 0.66551 |train ent ravg: 0.65152 |train acc:  0.57917 |train acc ravg:  0.62333 |val ent: 0.76672 |val entravg: 2.12158 |val acc:  0.42593 |val acc ravg:  0.48889 |
|epoch: 191 | lr: 0.002 |train ent: 0.64301 |train ent ravg: 0.64710 |train acc:  0.62083 |train acc ravg:  0.62750 |val ent: 0.86392 |val entravg: 2.12303 |val acc:  0.41667 |val acc ravg:  0.48889 |
|epoch: 192 | lr: 0.002 |train ent: 0.61684 |train ent ravg: 0.64443 |train acc:  0.67083 |train acc ravg:  0.62917 |val ent: 0.77523 |val entravg: 2.09894 |val acc:  0.41667 |val acc ravg:  0.48889 |
|epoch: 193 | lr: 0.002 |train ent: 0.64873 |train ent ravg: 0.64866 |train acc:  0.61667 |train acc ravg:  0.62167 |val ent: 1.27252 |val entravg: 0.86782 |val acc:  0.41667 |val acc ravg:  0.45556 |
|epoch: 194 | lr: 0.002 |train ent: 0.62156 |train ent ravg: 0.63913 |train acc:  0.63750 |train acc ravg:  0.62500 |val ent: 5.11509 |val entravg: 1.75870 |val acc:  0.58333 |val acc ravg:  0.45185 |
|epoch: 195 | lr: 0.002 |train ent: 0.64738 |train ent ravg: 0.63550 |train acc:  0.60000 |train acc ravg:  0.62917 |val ent: 2.98061 |val entravg: 2.20147 |val acc:  0.41667 |val acc ravg:  0.45000 |
|epoch: 196 | lr: 0.002 |train ent: 0.61787 |train ent ravg: 0.63048 |train acc:  0.65000 |train acc ravg:  0.63500 |val ent: 13.33359 |val entravg: 4.69541 |val acc:  0.58333 |val acc ravg:  0.48333 |
|epoch: 197 | lr: 0.002 |train ent: 0.63752 |train ent ravg: 0.63461 |train acc:  0.60833 |train acc ravg:  0.62250 |val ent: 0.55327 |val entravg: 4.65101 |val acc:  0.75000 |val acc ravg:  0.55000 |
|epoch: 198 | lr: 0.002 |train ent: 0.64608 |train ent ravg: 0.63408 |train acc:  0.60833 |train acc ravg:  0.62083 |val ent: 0.59600 |val entravg: 4.51571 |val acc:  0.65741 |val acc ravg:  0.59815 |
|epoch: 199 | lr: 0.002 |train ent: 0.69533 |train ent ravg: 0.64884 |train acc:  0.53333 |train acc ravg:  0.60000 |val ent: 0.70122 |val entravg: 3.63294 |val acc:  0.53704 |val acc ravg:  0.58889 |
|epoch: 200 | lr: 0.002 |train ent: 0.66813 |train ent ravg: 0.65299 |train acc:  0.53333 |train acc ravg:  0.58667 |val ent: 0.69602 |val entravg: 3.17602 |val acc:  0.53704 |val acc ravg:  0.61296 |
|epoch: 201 | lr: 0.002 |train ent: 0.61529 |train ent ravg: 0.65247 |train acc:  0.65000 |train acc ravg:  0.58667 |val ent: 0.74105 |val entravg: 0.65751 |val acc:  0.43519 |val acc ravg:  0.58333 |
|epoch: 202 | lr: 0.002 |train ent: 0.63433 |train ent ravg: 0.65183 |train acc:  0.65000 |train acc ravg:  0.59500 |val ent: 2.76862 |val entravg: 1.10058 |val acc:  0.41667 |val acc ravg:  0.51667 |
|epoch: 203 | lr: 0.002 |train ent: 0.63252 |train ent ravg: 0.64912 |train acc:  0.62500 |train acc ravg:  0.59833 |val ent: 0.75880 |val entravg: 1.13314 |val acc:  0.42593 |val acc ravg:  0.47037 |
|epoch: 204 | lr: 0.002 |train ent: 0.61111 |train ent ravg: 0.63228 |train acc:  0.65833 |train acc ravg:  0.62333 |val ent: 1.74248 |val entravg: 1.34139 |val acc:  0.58333 |val acc ravg:  0.47963 |
|epoch: 205 | lr: 0.002 |train ent: 0.63838 |train ent ravg: 0.62633 |train acc:  0.60000 |train acc ravg:  0.63667 |val ent: 10.57650 |val entravg: 3.31749 |val acc:  0.58333 |val acc ravg:  0.48889 |
|epoch: 206 | lr: 0.002 |train ent: 0.63971 |train ent ravg: 0.63121 |train acc:  0.60417 |train acc ravg:  0.62750 |val ent: 0.57615 |val entravg: 3.28451 |val acc:  0.78704 |val acc ravg:  0.55926 |
|epoch: 207 | lr: 0.002 |train ent: 0.62510 |train ent ravg: 0.62936 |train acc:  0.61667 |train acc ravg:  0.62083 |val ent: 1.14803 |val entravg: 2.96039 |val acc:  0.59259 |val acc ravg:  0.59444 |
|epoch: 208 | lr: 0.002 |train ent: 0.68142 |train ent ravg: 0.63914 |train acc:  0.55417 |train acc ravg:  0.60667 |val ent: 0.80673 |val entravg: 2.96998 |val acc:  0.44444 |val acc ravg:  0.59815 |
|epoch: 209 | lr: 0.002 |train ent: 0.69081 |train ent ravg: 0.65508 |train acc:  0.57083 |train acc ravg:  0.58917 |val ent: 0.71195 |val entravg: 2.76387 |val acc:  0.58333 |val acc ravg:  0.59815 |
|epoch: 210 | lr: 0.001 |train ent: 0.68939 |train ent ravg: 0.66528 |train acc:  0.53750 |train acc ravg:  0.57667 |val ent: 0.66693 |val entravg: 0.78196 |val acc:  0.59259 |val acc ravg:  0.60000 |
|epoch: 211 | lr: 0.001 |train ent: 0.67203 |train ent ravg: 0.67175 |train acc:  0.60000 |train acc ravg:  0.57583 |val ent: 0.67697 |val entravg: 0.80212 |val acc:  0.56481 |val acc ravg:  0.55556 |
|epoch: 212 | lr: 0.001 |train ent: 0.67108 |train ent ravg: 0.68095 |train acc:  0.57083 |train acc ravg:  0.56667 |val ent: 0.67500 |val entravg: 0.70752 |val acc:  0.59259 |val acc ravg:  0.55556 |
|epoch: 213 | lr: 0.001 |train ent: 0.67053 |train ent ravg: 0.67877 |train acc:  0.57917 |train acc ravg:  0.57167 |val ent: 0.66004 |val entravg: 0.67818 |val acc:  0.59259 |val acc ravg:  0.58519 |
|epoch: 214 | lr: 0.001 |train ent: 0.64220 |train ent ravg: 0.66904 |train acc:  0.59167 |train acc ravg:  0.57583 |val ent: 0.95426 |val entravg: 0.72664 |val acc:  0.50926 |val acc ravg:  0.57037 |
|epoch: 215 | lr: 0.001 |train ent: 0.66691 |train ent ravg: 0.66455 |train acc:  0.62083 |train acc ravg:  0.59250 |val ent: 0.68602 |val entravg: 0.73046 |val acc:  0.58333 |val acc ravg:  0.56852 |
|epoch: 216 | lr: 0.001 |train ent: 0.65911 |train ent ravg: 0.66197 |train acc:  0.57500 |train acc ravg:  0.58750 |val ent: 0.70171 |val entravg: 0.73540 |val acc:  0.55556 |val acc ravg:  0.56667 |
|epoch: 217 | lr: 0.001 |train ent: 0.62810 |train ent ravg: 0.65337 |train acc:  0.63333 |train acc ravg:  0.60000 |val ent: 0.61740 |val entravg: 0.72388 |val acc:  0.67593 |val acc ravg:  0.58333 |
|epoch: 218 | lr: 0.001 |train ent: 0.64377 |train ent ravg: 0.64802 |train acc:  0.64583 |train acc ravg:  0.61333 |val ent: 0.64812 |val entravg: 0.72150 |val acc:  0.63889 |val acc ravg:  0.59259 |
|epoch: 219 | lr: 0.001 |train ent: 0.65351 |train ent ravg: 0.65028 |train acc:  0.58750 |train acc ravg:  0.61250 |val ent: 0.68583 |val entravg: 0.66782 |val acc:  0.54630 |val acc ravg:  0.60000 |
|epoch: 220 | lr: 0.001 |train ent: 0.66737 |train ent ravg: 0.65037 |train acc:  0.57083 |train acc ravg:  0.60250 |val ent: 0.88375 |val entravg: 0.70736 |val acc:  0.41667 |val acc ravg:  0.56667 |
|epoch: 221 | lr: 0.001 |train ent: 0.67097 |train ent ravg: 0.65275 |train acc:  0.56250 |train acc ravg:  0.60000 |val ent: 0.62826 |val entravg: 0.69267 |val acc:  0.60185 |val acc ravg:  0.57593 |
|epoch: 222 | lr: 0.001 |train ent: 0.61599 |train ent ravg: 0.65032 |train acc:  0.66250 |train acc ravg:  0.60583 |val ent: 0.59172 |val entravg: 0.68754 |val acc:  0.69444 |val acc ravg:  0.57963 |
|epoch: 223 | lr: 0.001 |train ent: 0.65318 |train ent ravg: 0.65220 |train acc:  0.62500 |train acc ravg:  0.60167 |val ent: 0.60762 |val entravg: 0.67944 |val acc:  0.68519 |val acc ravg:  0.58889 |
|epoch: 224 | lr: 0.001 |train ent: 0.63431 |train ent ravg: 0.64836 |train acc:  0.67500 |train acc ravg:  0.61917 |val ent: 0.89869 |val entravg: 0.72201 |val acc:  0.46296 |val acc ravg:  0.57222 |
|epoch: 225 | lr: 0.001 |train ent: 0.61442 |train ent ravg: 0.63778 |train acc:  0.65417 |train acc ravg:  0.63583 |val ent: 0.73536 |val entravg: 0.69233 |val acc:  0.53704 |val acc ravg:  0.59630 |
|epoch: 226 | lr: 0.001 |train ent: 0.61799 |train ent ravg: 0.62718 |train acc:  0.68333 |train acc ravg:  0.66000 |val ent: 0.78893 |val entravg: 0.72447 |val acc:  0.42593 |val acc ravg:  0.56111 |
|epoch: 227 | lr: 0.001 |train ent: 0.62959 |train ent ravg: 0.62990 |train acc:  0.62917 |train acc ravg:  0.65333 |val ent: 0.54286 |val entravg: 0.71469 |val acc:  0.82407 |val acc ravg:  0.58704 |
|epoch: 228 | lr: 0.001 |train ent: 0.62642 |train ent ravg: 0.62455 |train acc:  0.64167 |train acc ravg:  0.65667 |val ent: 0.67656 |val entravg: 0.72848 |val acc:  0.54630 |val acc ravg:  0.55926 |
|epoch: 229 | lr: 0.001 |train ent: 0.59338 |train ent ravg: 0.61636 |train acc:  0.69583 |train acc ravg:  0.66083 |val ent: 1.05068 |val entravg: 0.75888 |val acc:  0.58333 |val acc ravg:  0.58333 |
|epoch: 230 | lr: 0.001 |train ent: 0.60693 |train ent ravg: 0.61486 |train acc:  0.67500 |train acc ravg:  0.66500 |val ent: 0.48960 |val entravg: 0.70972 |val acc:  0.76852 |val acc ravg:  0.62963 |
|epoch: 231 | lr: 0.001 |train ent: 0.58757 |train ent ravg: 0.60878 |train acc:  0.70000 |train acc ravg:  0.66833 |val ent: 0.57095 |val entravg: 0.66613 |val acc:  0.79630 |val acc ravg:  0.70370 |
|epoch: 232 | lr: 0.001 |train ent: 0.61350 |train ent ravg: 0.60556 |train acc:  0.65833 |train acc ravg:  0.67417 |val ent: 0.82004 |val entravg: 0.72156 |val acc:  0.60185 |val acc ravg:  0.65926 |
|epoch: 233 | lr: 0.001 |train ent: 0.61737 |train ent ravg: 0.60375 |train acc:  0.65000 |train acc ravg:  0.67583 |val ent: 1.00595 |val entravg: 0.78744 |val acc:  0.41667 |val acc ravg:  0.63333 |
|epoch: 234 | lr: 0.001 |train ent: 0.61071 |train ent ravg: 0.60722 |train acc:  0.68750 |train acc ravg:  0.67417 |val ent: 0.95403 |val entravg: 0.76811 |val acc:  0.41667 |val acc ravg:  0.60000 |
|epoch: 235 | lr: 0.001 |train ent: 0.58555 |train ent ravg: 0.60294 |train acc:  0.65833 |train acc ravg:  0.67083 |val ent: 0.61907 |val entravg: 0.79401 |val acc:  0.65741 |val acc ravg:  0.57778 |
|epoch: 236 | lr: 0.001 |train ent: 0.61875 |train ent ravg: 0.60918 |train acc:  0.65000 |train acc ravg:  0.66083 |val ent: 1.01820 |val entravg: 0.88346 |val acc:  0.41667 |val acc ravg:  0.50185 |
|epoch: 237 | lr: 0.001 |train ent: 0.60409 |train ent ravg: 0.60729 |train acc:  0.66250 |train acc ravg:  0.66167 |val ent: 1.07093 |val entravg: 0.93363 |val acc:  0.41667 |val acc ravg:  0.46481 |
|epoch: 238 | lr: 0.001 |train ent: 0.60008 |train ent ravg: 0.60384 |train acc:  0.65833 |train acc ravg:  0.66333 |val ent: 0.87153 |val entravg: 0.90675 |val acc:  0.49074 |val acc ravg:  0.47963 |
|epoch: 239 | lr: 0.001 |train ent: 0.59809 |train ent ravg: 0.60131 |train acc:  0.67917 |train acc ravg:  0.66167 |val ent: 0.82132 |val entravg: 0.88021 |val acc:  0.42593 |val acc ravg:  0.48148 |
|epoch: 240 | lr: 0.000 |train ent: 0.66551 |train ent ravg: 0.61731 |train acc:  0.54167 |train acc ravg:  0.63833 |val ent: 0.51600 |val entravg: 0.85960 |val acc:  0.71296 |val acc ravg:  0.49259 |
|epoch: 241 | lr: 0.000 |train ent: 0.58012 |train ent ravg: 0.60958 |train acc:  0.72500 |train acc ravg:  0.65333 |val ent: 0.82087 |val entravg: 0.82013 |val acc:  0.43519 |val acc ravg:  0.49630 |
|epoch: 242 | lr: 0.000 |train ent: 0.57514 |train ent ravg: 0.60379 |train acc:  0.70000 |train acc ravg:  0.66083 |val ent: 0.66219 |val entravg: 0.73838 |val acc:  0.63889 |val acc ravg:  0.54074 |
|epoch: 243 | lr: 0.000 |train ent: 0.54850 |train ent ravg: 0.59347 |train acc:  0.74167 |train acc ravg:  0.67750 |val ent: 0.50226 |val entravg: 0.66453 |val acc:  0.73148 |val acc ravg:  0.58889 |
|epoch: 244 | lr: 0.000 |train ent: 0.58425 |train ent ravg: 0.59070 |train acc:  0.69583 |train acc ravg:  0.68083 |val ent: 0.53235 |val entravg: 0.60674 |val acc:  0.76852 |val acc ravg:  0.65741 |
|epoch: 245 | lr: 0.000 |train ent: 0.55397 |train ent ravg: 0.56840 |train acc:  0.73333 |train acc ravg:  0.71917 |val ent: 1.89040 |val entravg: 0.88161 |val acc:  0.41667 |val acc ravg:  0.59815 |
|epoch: 246 | lr: 0.000 |train ent: 0.59030 |train ent ravg: 0.57043 |train acc:  0.66667 |train acc ravg:  0.70750 |val ent: 0.59110 |val entravg: 0.83566 |val acc:  0.68519 |val acc ravg:  0.64815 |
|epoch: 247 | lr: 0.000 |train ent: 0.55768 |train ent ravg: 0.56694 |train acc:  0.71250 |train acc ravg:  0.71000 |val ent: 0.59746 |val entravg: 0.82271 |val acc:  0.72222 |val acc ravg:  0.66481 |
|epoch: 248 | lr: 0.000 |train ent: 0.55403 |train ent ravg: 0.56805 |train acc:  0.72917 |train acc ravg:  0.70750 |val ent: 0.79856 |val entravg: 0.88197 |val acc:  0.51852 |val acc ravg:  0.62222 |
|epoch: 249 | lr: 0.000 |train ent: 0.55356 |train ent ravg: 0.56191 |train acc:  0.71250 |train acc ravg:  0.71083 |val ent: 0.53875 |val entravg: 0.88325 |val acc:  0.79630 |val acc ravg:  0.62778 |
|epoch: 250 | lr: 0.000 |train ent: 0.54935 |train ent ravg: 0.56098 |train acc:  0.72917 |train acc ravg:  0.71000 |val ent: 0.52844 |val entravg: 0.61086 |val acc:  0.71296 |val acc ravg:  0.68704 |
|epoch: 251 | lr: 0.000 |train ent: 0.56234 |train ent ravg: 0.55539 |train acc:  0.70417 |train acc ravg:  0.71750 |val ent: 0.48434 |val entravg: 0.58951 |val acc:  0.73148 |val acc ravg:  0.69630 |
|epoch: 252 | lr: 0.000 |train ent: 0.56486 |train ent ravg: 0.55683 |train acc:  0.70417 |train acc ravg:  0.71583 |val ent: 1.51196 |val entravg: 0.77241 |val acc:  0.41667 |val acc ravg:  0.63519 |
|epoch: 253 | lr: 0.000 |train ent: 0.57043 |train ent ravg: 0.56011 |train acc:  0.74583 |train acc ravg:  0.71917 |val ent: 0.52525 |val entravg: 0.71775 |val acc:  0.77778 |val acc ravg:  0.68704 |
|epoch: 254 | lr: 0.000 |train ent: 0.60946 |train ent ravg: 0.57129 |train acc:  0.65417 |train acc ravg:  0.70750 |val ent: 0.58173 |val entravg: 0.72634 |val acc:  0.65741 |val acc ravg:  0.65926 |
|epoch: 255 | lr: 0.000 |train ent: 0.58453 |train ent ravg: 0.57832 |train acc:  0.67083 |train acc ravg:  0.69583 |val ent: 0.67423 |val entravg: 0.75550 |val acc:  0.66667 |val acc ravg:  0.65000 |
|epoch: 256 | lr: 0.000 |train ent: 0.60430 |train ent ravg: 0.58672 |train acc:  0.68750 |train acc ravg:  0.69250 |val ent: 0.51394 |val entravg: 0.76142 |val acc:  0.71296 |val acc ravg:  0.64630 |
|epoch: 257 | lr: 0.000 |train ent: 0.56101 |train ent ravg: 0.58595 |train acc:  0.75417 |train acc ravg:  0.70250 |val ent: 0.50045 |val entravg: 0.55912 |val acc:  0.80556 |val acc ravg:  0.72407 |
|epoch: 258 | lr: 0.000 |train ent: 0.56715 |train ent ravg: 0.58529 |train acc:  0.74583 |train acc ravg:  0.70250 |val ent: 0.52526 |val entravg: 0.55912 |val acc:  0.72222 |val acc ravg:  0.71296 |
|epoch: 259 | lr: 0.000 |train ent: 0.60598 |train ent ravg: 0.58459 |train acc:  0.66250 |train acc ravg:  0.70417 |val ent: 6.62025 |val entravg: 1.76682 |val acc:  0.58333 |val acc ravg:  0.69815 |
|epoch: 260 | lr: 0.000 |train ent: 0.60048 |train ent ravg: 0.58778 |train acc:  0.67917 |train acc ravg:  0.70583 |val ent: 0.82337 |val entravg: 1.79665 |val acc:  0.44444 |val acc ravg:  0.65370 |
|epoch: 261 | lr: 0.000 |train ent: 0.55316 |train ent ravg: 0.57755 |train acc:  0.76667 |train acc ravg:  0.72167 |val ent: 0.78493 |val entravg: 1.85085 |val acc:  0.43519 |val acc ravg:  0.59815 |
|epoch: 262 | lr: 0.000 |train ent: 0.56519 |train ent ravg: 0.57839 |train acc:  0.68333 |train acc ravg:  0.70750 |val ent: 1.34715 |val entravg: 2.02019 |val acc:  0.43519 |val acc ravg:  0.52407 |
|epoch: 263 | lr: 0.000 |train ent: 0.53674 |train ent ravg: 0.57231 |train acc:  0.76250 |train acc ravg:  0.71083 |val ent: 1.16919 |val entravg: 2.14898 |val acc:  0.59259 |val acc ravg:  0.49815 |
|epoch: 264 | lr: 0.000 |train ent: 0.56930 |train ent ravg: 0.56498 |train acc:  0.68750 |train acc ravg:  0.71583 |val ent: 0.49283 |val entravg: 0.92349 |val acc:  0.78704 |val acc ravg:  0.53889 |
|epoch: 265 | lr: 0.000 |train ent: 0.55090 |train ent ravg: 0.55506 |train acc:  0.71667 |train acc ravg:  0.72333 |val ent: 0.49938 |val entravg: 0.85870 |val acc:  0.75926 |val acc ravg:  0.60185 |
|epoch: 266 | lr: 0.000 |train ent: 0.54277 |train ent ravg: 0.55298 |train acc:  0.75417 |train acc ravg:  0.72083 |val ent: 1.87318 |val entravg: 1.07635 |val acc:  0.41667 |val acc ravg:  0.59815 |
|epoch: 267 | lr: 0.000 |train ent: 0.58650 |train ent ravg: 0.55725 |train acc:  0.66667 |train acc ravg:  0.71750 |val ent: 1.77859 |val entravg: 1.16264 |val acc:  0.41667 |val acc ravg:  0.59444 |
|epoch: 268 | lr: 0.000 |train ent: 0.52072 |train ent ravg: 0.55404 |train acc:  0.74583 |train acc ravg:  0.71417 |val ent: 0.50328 |val entravg: 1.02945 |val acc:  0.72222 |val acc ravg:  0.62037 |
|epoch: 269 | lr: 0.000 |train ent: 0.52656 |train ent ravg: 0.54549 |train acc:  0.74167 |train acc ravg:  0.72500 |val ent: 0.62651 |val entravg: 1.05619 |val acc:  0.66667 |val acc ravg:  0.59630 |
|epoch: 270 | lr: 0.000 |train ent: 0.55270 |train ent ravg: 0.54585 |train acc:  0.75417 |train acc ravg:  0.73250 |val ent: 0.48148 |val entravg: 1.05261 |val acc:  0.74074 |val acc ravg:  0.59259 |
|epoch: 271 | lr: 0.000 |train ent: 0.51667 |train ent ravg: 0.54063 |train acc:  0.77500 |train acc ravg:  0.73667 |val ent: 0.59378 |val entravg: 0.79673 |val acc:  0.70370 |val acc ravg:  0.65000 |
|epoch: 272 | lr: 0.000 |train ent: 0.51379 |train ent ravg: 0.52609 |train acc:  0.75000 |train acc ravg:  0.75333 |val ent: 0.55441 |val entravg: 0.55189 |val acc:  0.69444 |val acc ravg:  0.70556 |
|epoch: 273 | lr: 0.000 |train ent: 0.51951 |train ent ravg: 0.52585 |train acc:  0.73750 |train acc ravg:  0.75167 |val ent: 0.56229 |val entravg: 0.56369 |val acc:  0.70370 |val acc ravg:  0.70185 |
|epoch: 274 | lr: 0.000 |train ent: 0.55889 |train ent ravg: 0.53231 |train acc:  0.76250 |train acc ravg:  0.75583 |val ent: 2.27655 |val entravg: 0.89370 |val acc:  0.41667 |val acc ravg:  0.65185 |
|epoch: 275 | lr: 0.000 |train ent: 0.51510 |train ent ravg: 0.52479 |train acc:  0.77917 |train acc ravg:  0.76083 |val ent: 0.57201 |val entravg: 0.91181 |val acc:  0.77778 |val acc ravg:  0.65926 |
|epoch: 276 | lr: 0.000 |train ent: 0.54165 |train ent ravg: 0.52979 |train acc:  0.74583 |train acc ravg:  0.75500 |val ent: 0.56681 |val entravg: 0.90641 |val acc:  0.77778 |val acc ravg:  0.67407 |
|epoch: 277 | lr: 0.000 |train ent: 0.53675 |train ent ravg: 0.53438 |train acc:  0.74167 |train acc ravg:  0.75333 |val ent: 0.54930 |val entravg: 0.90539 |val acc:  0.78704 |val acc ravg:  0.69259 |
|epoch: 278 | lr: 0.000 |train ent: 0.51840 |train ent ravg: 0.53416 |train acc:  0.74167 |train acc ravg:  0.75417 |val ent: 0.52238 |val entravg: 0.89741 |val acc:  0.80556 |val acc ravg:  0.71296 |
|epoch: 279 | lr: 0.000 |train ent: 0.50929 |train ent ravg: 0.52424 |train acc:  0.78750 |train acc ravg:  0.75917 |val ent: 0.55177 |val entravg: 0.55245 |val acc:  0.79630 |val acc ravg:  0.78889 |
|epoch: 280 | lr: 0.000 |train ent: 0.52712 |train ent ravg: 0.52664 |train acc:  0.75417 |train acc ravg:  0.75417 |val ent: 0.52433 |val entravg: 0.54292 |val acc:  0.82407 |val acc ravg:  0.79815 |
|epoch: 281 | lr: 0.000 |train ent: 0.47962 |train ent ravg: 0.51424 |train acc:  0.78333 |train acc ravg:  0.76167 |val ent: 0.49151 |val entravg: 0.52786 |val acc:  0.72222 |val acc ravg:  0.78704 |
|epoch: 282 | lr: 0.000 |train ent: 0.50295 |train ent ravg: 0.50748 |train acc:  0.75417 |train acc ravg:  0.76417 |val ent: 0.62641 |val entravg: 0.54328 |val acc:  0.63889 |val acc ravg:  0.75741 |
|epoch: 283 | lr: 0.000 |train ent: 0.54221 |train ent ravg: 0.51224 |train acc:  0.74583 |train acc ravg:  0.76500 |val ent: 0.50442 |val entravg: 0.53969 |val acc:  0.80556 |val acc ravg:  0.75741 |
|epoch: 284 | lr: 0.000 |train ent: 0.52923 |train ent ravg: 0.51623 |train acc:  0.75000 |train acc ravg:  0.75750 |val ent: 0.49966 |val entravg: 0.52927 |val acc:  0.75000 |val acc ravg:  0.74815 |
|epoch: 285 | lr: 0.000 |train ent: 0.51970 |train ent ravg: 0.51474 |train acc:  0.80000 |train acc ravg:  0.76667 |val ent: 0.47486 |val entravg: 0.51937 |val acc:  0.81481 |val acc ravg:  0.74630 |
|epoch: 286 | lr: 0.000 |train ent: 0.50485 |train ent ravg: 0.51979 |train acc:  0.78333 |train acc ravg:  0.76667 |val ent: 0.50900 |val entravg: 0.52287 |val acc:  0.80556 |val acc ravg:  0.76296 |
|epoch: 287 | lr: 0.000 |train ent: 0.50633 |train ent ravg: 0.52047 |train acc:  0.74167 |train acc ravg:  0.76417 |val ent: 0.49539 |val entravg: 0.49667 |val acc:  0.75000 |val acc ravg:  0.78519 |
|epoch: 288 | lr: 0.000 |train ent: 0.51879 |train ent ravg: 0.51578 |train acc:  0.74583 |train acc ravg:  0.76417 |val ent: 0.61522 |val entravg: 0.51883 |val acc:  0.68519 |val acc ravg:  0.76111 |
|epoch: 289 | lr: 0.000 |train ent: 0.52624 |train ent ravg: 0.51518 |train acc:  0.79583 |train acc ravg:  0.77333 |val ent: 1.12634 |val entravg: 0.64416 |val acc:  0.42593 |val acc ravg:  0.69630 |
|epoch: 290 | lr: 0.000 |train ent: 0.54274 |train ent ravg: 0.51979 |train acc:  0.72500 |train acc ravg:  0.75833 |val ent: 0.61999 |val entravg: 0.67319 |val acc:  0.67593 |val acc ravg:  0.66852 |
|epoch: 291 | lr: 0.000 |train ent: 0.50517 |train ent ravg: 0.51985 |train acc:  0.77083 |train acc ravg:  0.75583 |val ent: 0.50601 |val entravg: 0.67259 |val acc:  0.75926 |val acc ravg:  0.65926 |
|epoch: 292 | lr: 0.000 |train ent: 0.53437 |train ent ravg: 0.52546 |train acc:  0.75833 |train acc ravg:  0.75917 |val ent: 0.81914 |val entravg: 0.73734 |val acc:  0.60185 |val acc ravg:  0.62963 |
|epoch: 293 | lr: 0.000 |train ent: 0.48808 |train ent ravg: 0.51932 |train acc:  0.77917 |train acc ravg:  0.76583 |val ent: 0.77100 |val entravg: 0.76850 |val acc:  0.50926 |val acc ravg:  0.59444 |
|epoch: 294 | lr: 0.000 |train ent: 0.49474 |train ent ravg: 0.51302 |train acc:  0.78750 |train acc ravg:  0.76417 |val ent: 0.48506 |val entravg: 0.64024 |val acc:  0.81481 |val acc ravg:  0.67222 |
|epoch: 295 | lr: 0.000 |train ent: 0.51942 |train ent ravg: 0.50836 |train acc:  0.75417 |train acc ravg:  0.77000 |val ent: 0.61197 |val entravg: 0.63864 |val acc:  0.75000 |val acc ravg:  0.68704 |
|epoch: 296 | lr: 0.000 |train ent: 0.51612 |train ent ravg: 0.51055 |train acc:  0.77083 |train acc ravg:  0.77000 |val ent: 0.69429 |val entravg: 0.67629 |val acc:  0.61111 |val acc ravg:  0.65741 |
|epoch: 297 | lr: 0.000 |train ent: 0.54776 |train ent ravg: 0.51322 |train acc:  0.78333 |train acc ravg:  0.77500 |val ent: 0.49960 |val entravg: 0.61238 |val acc:  0.76852 |val acc ravg:  0.69074 |
|epoch: 298 | lr: 0.000 |train ent: 0.52468 |train ent ravg: 0.52054 |train acc:  0.80000 |train acc ravg:  0.77917 |val ent: 0.47692 |val entravg: 0.55357 |val acc:  0.80556 |val acc ravg:  0.75000 |
|epoch: 299 | lr: 0.000 |train ent: 0.49695 |train ent ravg: 0.52099 |train acc:  0.75833 |train acc ravg:  0.77333 |val ent: 0.52454 |val entravg: 0.56147 |val acc:  0.71296 |val acc ravg:  0.72963 |
|epoch: 300 | lr: 0.000 |train ent: 0.50575 |train ent ravg: 0.51825 |train acc:  0.78750 |train acc ravg:  0.78000 |val ent: 0.48274 |val entravg: 0.53562 |val acc:  0.74074 |val acc ravg:  0.72778 |
|epoch: 301 | lr: 0.000 |train ent: 0.47312 |train ent ravg: 0.50965 |train acc:  0.80000 |train acc ravg:  0.78583 |val ent: 0.48551 |val entravg: 0.49386 |val acc:  0.77778 |val acc ravg:  0.76111 |
|epoch: 302 | lr: 0.000 |train ent: 0.45364 |train ent ravg: 0.49083 |train acc:  0.80833 |train acc ravg:  0.79083 |val ent: 0.49459 |val entravg: 0.49286 |val acc:  0.80556 |val acc ravg:  0.76852 |
|epoch: 303 | lr: 0.000 |train ent: 0.48302 |train ent ravg: 0.48249 |train acc:  0.76667 |train acc ravg:  0.78417 |val ent: 0.54355 |val entravg: 0.50619 |val acc:  0.71296 |val acc ravg:  0.75000 |
|epoch: 304 | lr: 0.000 |train ent: 0.46915 |train ent ravg: 0.47693 |train acc:  0.81250 |train acc ravg:  0.79500 |val ent: 0.46218 |val entravg: 0.49372 |val acc:  0.85185 |val acc ravg:  0.77778 |
|epoch: 305 | lr: 0.000 |train ent: 0.47651 |train ent ravg: 0.47109 |train acc:  0.78750 |train acc ravg:  0.79500 |val ent: 0.48859 |val entravg: 0.49489 |val acc:  0.76852 |val acc ravg:  0.78333 |
|epoch: 306 | lr: 0.000 |train ent: 0.46161 |train ent ravg: 0.46879 |train acc:  0.81667 |train acc ravg:  0.79833 |val ent: 0.52957 |val entravg: 0.50370 |val acc:  0.80556 |val acc ravg:  0.78889 |
|epoch: 307 | lr: 0.000 |train ent: 0.44738 |train ent ravg: 0.46753 |train acc:  0.80833 |train acc ravg:  0.79833 |val ent: 0.48491 |val entravg: 0.50176 |val acc:  0.83333 |val acc ravg:  0.79444 |
|epoch: 308 | lr: 0.000 |train ent: 0.46923 |train ent ravg: 0.46478 |train acc:  0.80000 |train acc ravg:  0.80500 |val ent: 0.43627 |val entravg: 0.48030 |val acc:  0.85185 |val acc ravg:  0.82222 |
|epoch: 309 | lr: 0.000 |train ent: 0.50106 |train ent ravg: 0.47116 |train acc:  0.75417 |train acc ravg:  0.79333 |val ent: 0.54808 |val entravg: 0.49748 |val acc:  0.71296 |val acc ravg:  0.79444 |
|epoch: 310 | lr: 0.000 |train ent: 0.48374 |train ent ravg: 0.47261 |train acc:  0.80000 |train acc ravg:  0.79583 |val ent: 0.46540 |val entravg: 0.49285 |val acc:  0.82407 |val acc ravg:  0.80556 |
|epoch: 311 | lr: 0.000 |train ent: 0.49169 |train ent ravg: 0.47862 |train acc:  0.79583 |train acc ravg:  0.79167 |val ent: 0.49026 |val entravg: 0.48498 |val acc:  0.73148 |val acc ravg:  0.79074 |
|epoch: 312 | lr: 0.000 |train ent: 0.49469 |train ent ravg: 0.48808 |train acc:  0.77500 |train acc ravg:  0.78500 |val ent: 0.47900 |val entravg: 0.48380 |val acc:  0.74074 |val acc ravg:  0.77222 |
|epoch: 313 | lr: 0.000 |train ent: 0.49347 |train ent ravg: 0.49293 |train acc:  0.75833 |train acc ravg:  0.77667 |val ent: 0.62745 |val entravg: 0.52204 |val acc:  0.64815 |val acc ravg:  0.73148 |
|epoch: 314 | lr: 0.000 |train ent: 0.46600 |train ent ravg: 0.48592 |train acc:  0.80833 |train acc ravg:  0.78750 |val ent: 0.50670 |val entravg: 0.51376 |val acc:  0.79630 |val acc ravg:  0.74815 |
|epoch: 315 | lr: 0.000 |train ent: 0.44206 |train ent ravg: 0.47758 |train acc:  0.80833 |train acc ravg:  0.78917 |val ent: 0.52762 |val entravg: 0.52621 |val acc:  0.79630 |val acc ravg:  0.74259 |
|epoch: 316 | lr: 0.000 |train ent: 0.51566 |train ent ravg: 0.48238 |train acc:  0.74583 |train acc ravg:  0.77917 |val ent: 0.55256 |val entravg: 0.53867 |val acc:  0.76852 |val acc ravg:  0.75000 |
|epoch: 317 | lr: 0.000 |train ent: 0.51206 |train ent ravg: 0.48585 |train acc:  0.76667 |train acc ravg:  0.77750 |val ent: 0.52060 |val entravg: 0.54699 |val acc:  0.79630 |val acc ravg:  0.76111 |
|epoch: 318 | lr: 0.000 |train ent: 0.45230 |train ent ravg: 0.47762 |train acc:  0.81667 |train acc ravg:  0.78917 |val ent: 0.49051 |val entravg: 0.51960 |val acc:  0.72222 |val acc ravg:  0.77593 |
|epoch: 319 | lr: 0.000 |train ent: 0.47128 |train ent ravg: 0.47867 |train acc:  0.79583 |train acc ravg:  0.78667 |val ent: 0.46562 |val entravg: 0.51138 |val acc:  0.75926 |val acc ravg:  0.76852 |
|epoch: 320 | lr: 0.000 |train ent: 0.46336 |train ent ravg: 0.48293 |train acc:  0.79167 |train acc ravg:  0.78333 |val ent: 0.48374 |val entravg: 0.50261 |val acc:  0.77778 |val acc ravg:  0.76481 |
|epoch: 321 | lr: 0.000 |train ent: 0.46589 |train ent ravg: 0.47298 |train acc:  0.79583 |train acc ravg:  0.79333 |val ent: 0.49246 |val entravg: 0.49059 |val acc:  0.75000 |val acc ravg:  0.76111 |
|epoch: 322 | lr: 0.000 |train ent: 0.46083 |train ent ravg: 0.46273 |train acc:  0.78333 |train acc ravg:  0.79667 |val ent: 0.62105 |val entravg: 0.51068 |val acc:  0.63889 |val acc ravg:  0.72963 |
|epoch: 323 | lr: 0.000 |train ent: 0.47965 |train ent ravg: 0.46820 |train acc:  0.80417 |train acc ravg:  0.79417 |val ent: 0.50944 |val entravg: 0.51446 |val acc:  0.75000 |val acc ravg:  0.73519 |
|epoch: 324 | lr: 0.000 |train ent: 0.47393 |train ent ravg: 0.46873 |train acc:  0.76667 |train acc ravg:  0.78833 |val ent: 0.51340 |val entravg: 0.52402 |val acc:  0.79630 |val acc ravg:  0.74259 |
|epoch: 325 | lr: 0.000 |train ent: 0.46983 |train ent ravg: 0.47003 |train acc:  0.79167 |train acc ravg:  0.78833 |val ent: 0.47843 |val entravg: 0.52296 |val acc:  0.75000 |val acc ravg:  0.73704 |
|epoch: 326 | lr: 0.000 |train ent: 0.46294 |train ent ravg: 0.46944 |train acc:  0.79167 |train acc ravg:  0.78750 |val ent: 0.58778 |val entravg: 0.54202 |val acc:  0.71296 |val acc ravg:  0.72963 |
|epoch: 327 | lr: 0.000 |train ent: 0.46403 |train ent ravg: 0.47008 |train acc:  0.80833 |train acc ravg:  0.79250 |val ent: 0.53917 |val entravg: 0.52564 |val acc:  0.77778 |val acc ravg:  0.75741 |
|epoch: 328 | lr: 0.000 |train ent: 0.44650 |train ent ravg: 0.46345 |train acc:  0.82917 |train acc ravg:  0.79750 |val ent: 0.48287 |val entravg: 0.52033 |val acc:  0.75926 |val acc ravg:  0.75926 |
|epoch: 329 | lr: 0.000 |train ent: 0.46608 |train ent ravg: 0.46188 |train acc:  0.75833 |train acc ravg:  0.79583 |val ent: 0.48131 |val entravg: 0.51391 |val acc:  0.84259 |val acc ravg:  0.76852 |
|epoch: 330 | lr: 0.000 |train ent: 0.46775 |train ent ravg: 0.46146 |train acc:  0.80833 |train acc ravg:  0.79917 |val ent: 0.45367 |val entravg: 0.50896 |val acc:  0.78704 |val acc ravg:  0.77593 |
|epoch: 331 | lr: 0.000 |train ent: 0.44132 |train ent ravg: 0.45713 |train acc:  0.82083 |train acc ravg:  0.80500 |val ent: 0.45692 |val entravg: 0.48279 |val acc:  0.81481 |val acc ravg:  0.79630 |
|epoch: 332 | lr: 0.000 |train ent: 0.45879 |train ent ravg: 0.45609 |train acc:  0.82500 |train acc ravg:  0.80833 |val ent: 0.51062 |val entravg: 0.47708 |val acc:  0.77778 |val acc ravg:  0.79630 |
|epoch: 333 | lr: 0.000 |train ent: 0.42399 |train ent ravg: 0.45158 |train acc:  0.83333 |train acc ravg:  0.80917 |val ent: 0.46795 |val entravg: 0.47409 |val acc:  0.84259 |val acc ravg:  0.81296 |
|epoch: 334 | lr: 0.000 |train ent: 0.44401 |train ent ravg: 0.44717 |train acc:  0.82083 |train acc ravg:  0.82167 |val ent: 0.44879 |val entravg: 0.46759 |val acc:  0.79630 |val acc ravg:  0.80370 |
|epoch: 335 | lr: 0.000 |train ent: 0.46901 |train ent ravg: 0.44742 |train acc:  0.80417 |train acc ravg:  0.82083 |val ent: 0.47208 |val entravg: 0.47127 |val acc:  0.81481 |val acc ravg:  0.80926 |
|epoch: 336 | lr: 0.000 |train ent: 0.44154 |train ent ravg: 0.44747 |train acc:  0.83750 |train acc ravg:  0.82417 |val ent: 0.44780 |val entravg: 0.46945 |val acc:  0.78704 |val acc ravg:  0.80370 |
|epoch: 337 | lr: 0.000 |train ent: 0.47191 |train ent ravg: 0.45009 |train acc:  0.78333 |train acc ravg:  0.81583 |val ent: 0.46801 |val entravg: 0.46092 |val acc:  0.81481 |val acc ravg:  0.81111 |
|epoch: 338 | lr: 0.000 |train ent: 0.42358 |train ent ravg: 0.45001 |train acc:  0.84583 |train acc ravg:  0.81833 |val ent: 0.52933 |val entravg: 0.47320 |val acc:  0.77778 |val acc ravg:  0.79815 |
|epoch: 339 | lr: 0.000 |train ent: 0.46465 |train ent ravg: 0.45414 |train acc:  0.77083 |train acc ravg:  0.80833 |val ent: 0.46996 |val entravg: 0.47743 |val acc:  0.83333 |val acc ravg:  0.80556 |
|epoch: 340 | lr: 0.000 |train ent: 0.43397 |train ent ravg: 0.44713 |train acc:  0.83750 |train acc ravg:  0.81500 |val ent: 0.46444 |val entravg: 0.47591 |val acc:  0.80556 |val acc ravg:  0.80370 |
|epoch: 341 | lr: 0.000 |train ent: 0.40833 |train ent ravg: 0.44049 |train acc:  0.87917 |train acc ravg:  0.82333 |val ent: 0.43585 |val entravg: 0.47352 |val acc:  0.80556 |val acc ravg:  0.80741 |
|epoch: 342 | lr: 0.000 |train ent: 0.44610 |train ent ravg: 0.43533 |train acc:  0.80833 |train acc ravg:  0.82833 |val ent: 0.45990 |val entravg: 0.47189 |val acc:  0.78704 |val acc ravg:  0.80185 |
|epoch: 343 | lr: 0.000 |train ent: 0.44595 |train ent ravg: 0.43980 |train acc:  0.81250 |train acc ravg:  0.82167 |val ent: 0.46934 |val entravg: 0.45990 |val acc:  0.76852 |val acc ravg:  0.80000 |
|epoch: 344 | lr: 0.000 |train ent: 0.44589 |train ent ravg: 0.43605 |train acc:  0.80417 |train acc ravg:  0.82833 |val ent: 0.50163 |val entravg: 0.46623 |val acc:  0.77778 |val acc ravg:  0.78889 |
|epoch: 345 | lr: 0.000 |train ent: 0.44503 |train ent ravg: 0.43826 |train acc:  0.80833 |train acc ravg:  0.82250 |val ent: 0.46128 |val entravg: 0.46560 |val acc:  0.81481 |val acc ravg:  0.79074 |
|epoch: 346 | lr: 0.000 |train ent: 0.43171 |train ent ravg: 0.44293 |train acc:  0.80417 |train acc ravg:  0.80750 |val ent: 0.44674 |val entravg: 0.46778 |val acc:  0.84259 |val acc ravg:  0.79815 |
|epoch: 347 | lr: 0.000 |train ent: 0.44722 |train ent ravg: 0.44316 |train acc:  0.81250 |train acc ravg:  0.80833 |val ent: 0.47130 |val entravg: 0.47006 |val acc:  0.83333 |val acc ravg:  0.80741 |
|epoch: 348 | lr: 0.000 |train ent: 0.45857 |train ent ravg: 0.44568 |train acc:  0.79583 |train acc ravg:  0.80500 |val ent: 0.55790 |val entravg: 0.48777 |val acc:  0.71296 |val acc ravg:  0.79630 |
|epoch: 349 | lr: 0.000 |train ent: 0.42129 |train ent ravg: 0.44076 |train acc:  0.83333 |train acc ravg:  0.81083 |val ent: 0.48085 |val entravg: 0.48362 |val acc:  0.82407 |val acc ravg:  0.80556 |
|epoch: 350 | lr: 0.000 |train ent: 0.42748 |train ent ravg: 0.43726 |train acc:  0.83750 |train acc ravg:  0.81667 |val ent: 0.43302 |val entravg: 0.47796 |val acc:  0.79630 |val acc ravg:  0.80185 |
|epoch: 351 | lr: 0.000 |train ent: 0.45260 |train ent ravg: 0.44143 |train acc:  0.81667 |train acc ravg:  0.81917 |val ent: 0.42101 |val entravg: 0.47282 |val acc:  0.81481 |val acc ravg:  0.79630 |
|epoch: 352 | lr: 0.000 |train ent: 0.43279 |train ent ravg: 0.43855 |train acc:  0.83750 |train acc ravg:  0.82417 |val ent: 0.46481 |val entravg: 0.47152 |val acc:  0.82407 |val acc ravg:  0.79444 |
|epoch: 353 | lr: 0.000 |train ent: 0.44564 |train ent ravg: 0.43596 |train acc:  0.82083 |train acc ravg:  0.82917 |val ent: 0.48633 |val entravg: 0.45720 |val acc:  0.84259 |val acc ravg:  0.82037 |
|epoch: 354 | lr: 0.000 |train ent: 0.42755 |train ent ravg: 0.43721 |train acc:  0.84167 |train acc ravg:  0.83083 |val ent: 0.50385 |val entravg: 0.46180 |val acc:  0.82407 |val acc ravg:  0.82037 |
|epoch: 355 | lr: 0.000 |train ent: 0.45002 |train ent ravg: 0.44172 |train acc:  0.77917 |train acc ravg:  0.81917 |val ent: 0.45414 |val entravg: 0.46603 |val acc:  0.78704 |val acc ravg:  0.81852 |
|epoch: 356 | lr: 0.000 |train ent: 0.44469 |train ent ravg: 0.44014 |train acc:  0.80833 |train acc ravg:  0.81750 |val ent: 0.45286 |val entravg: 0.47240 |val acc:  0.79630 |val acc ravg:  0.81481 |
|epoch: 357 | lr: 0.000 |train ent: 0.42876 |train ent ravg: 0.43933 |train acc:  0.80000 |train acc ravg:  0.81000 |val ent: 0.49326 |val entravg: 0.47809 |val acc:  0.78704 |val acc ravg:  0.80741 |
|epoch: 358 | lr: 0.000 |train ent: 0.41092 |train ent ravg: 0.43239 |train acc:  0.86250 |train acc ravg:  0.81833 |val ent: 0.48962 |val entravg: 0.47874 |val acc:  0.83333 |val acc ravg:  0.80556 |
|epoch: 359 | lr: 0.000 |train ent: 0.44878 |train ent ravg: 0.43663 |train acc:  0.80000 |train acc ravg:  0.81000 |val ent: 0.51285 |val entravg: 0.48054 |val acc:  0.82407 |val acc ravg:  0.80556 |
|epoch: 360 | lr: 0.000 |train ent: 0.41269 |train ent ravg: 0.42917 |train acc:  0.83750 |train acc ravg:  0.82167 |val ent: 0.45614 |val entravg: 0.48094 |val acc:  0.81481 |val acc ravg:  0.81111 |
|epoch: 361 | lr: 0.000 |train ent: 0.45107 |train ent ravg: 0.43044 |train acc:  0.80000 |train acc ravg:  0.82000 |val ent: 0.49573 |val entravg: 0.48952 |val acc:  0.83333 |val acc ravg:  0.81852 |
|epoch: 362 | lr: 0.000 |train ent: 0.44805 |train ent ravg: 0.43430 |train acc:  0.82083 |train acc ravg:  0.82417 |val ent: 0.47265 |val entravg: 0.48539 |val acc:  0.76852 |val acc ravg:  0.81481 |
|epoch: 363 | lr: 0.000 |train ent: 0.41330 |train ent ravg: 0.43478 |train acc:  0.85417 |train acc ravg:  0.82250 |val ent: 0.43374 |val entravg: 0.47422 |val acc:  0.83333 |val acc ravg:  0.81481 |
|epoch: 364 | lr: 0.000 |train ent: 0.43300 |train ent ravg: 0.43162 |train acc:  0.84583 |train acc ravg:  0.83167 |val ent: 0.47113 |val entravg: 0.46588 |val acc:  0.82407 |val acc ravg:  0.81481 |
|epoch: 365 | lr: 0.000 |train ent: 0.42503 |train ent ravg: 0.43409 |train acc:  0.83333 |train acc ravg:  0.83083 |val ent: 0.43403 |val entravg: 0.46145 |val acc:  0.84259 |val acc ravg:  0.82037 |
|epoch: 366 | lr: 0.000 |train ent: 0.45774 |train ent ravg: 0.43543 |train acc:  0.80833 |train acc ravg:  0.83250 |val ent: 0.46668 |val entravg: 0.45564 |val acc:  0.83333 |val acc ravg:  0.82037 |
|epoch: 367 | lr: 0.000 |train ent: 0.43634 |train ent ravg: 0.43308 |train acc:  0.84583 |train acc ravg:  0.83750 |val ent: 0.44866 |val entravg: 0.45085 |val acc:  0.84259 |val acc ravg:  0.83519 |
|epoch: 368 | lr: 0.000 |train ent: 0.41248 |train ent ravg: 0.43292 |train acc:  0.82917 |train acc ravg:  0.83250 |val ent: 0.46508 |val entravg: 0.45712 |val acc:  0.81481 |val acc ravg:  0.83148 |
|epoch: 369 | lr: 0.000 |train ent: 0.40725 |train ent ravg: 0.42777 |train acc:  0.85000 |train acc ravg:  0.83333 |val ent: 0.47513 |val entravg: 0.45792 |val acc:  0.84259 |val acc ravg:  0.83519 |
|epoch: 370 | lr: 0.000 |train ent: 0.40219 |train ent ravg: 0.42320 |train acc:  0.83333 |train acc ravg:  0.83333 |val ent: 0.44174 |val entravg: 0.45946 |val acc:  0.79630 |val acc ravg:  0.82593 |
|epoch: 371 | lr: 0.000 |train ent: 0.44590 |train ent ravg: 0.42083 |train acc:  0.82083 |train acc ravg:  0.83583 |val ent: 0.49472 |val entravg: 0.46507 |val acc:  0.82407 |val acc ravg:  0.82407 |
|epoch: 372 | lr: 0.000 |train ent: 0.44068 |train ent ravg: 0.42170 |train acc:  0.82083 |train acc ravg:  0.83083 |val ent: 0.46313 |val entravg: 0.46796 |val acc:  0.84259 |val acc ravg:  0.82407 |
|epoch: 373 | lr: 0.000 |train ent: 0.38580 |train ent ravg: 0.41636 |train acc:  0.86667 |train acc ravg:  0.83833 |val ent: 0.43820 |val entravg: 0.46259 |val acc:  0.84259 |val acc ravg:  0.82963 |
|epoch: 374 | lr: 0.000 |train ent: 0.40095 |train ent ravg: 0.41510 |train acc:  0.82500 |train acc ravg:  0.83333 |val ent: 0.46871 |val entravg: 0.46130 |val acc:  0.84259 |val acc ravg:  0.82963 |
|epoch: 375 | lr: 0.000 |train ent: 0.43641 |train ent ravg: 0.42195 |train acc:  0.83333 |train acc ravg:  0.83333 |val ent: 0.43250 |val entravg: 0.45945 |val acc:  0.81481 |val acc ravg:  0.83333 |
|epoch: 376 | lr: 0.000 |train ent: 0.44270 |train ent ravg: 0.42131 |train acc:  0.84583 |train acc ravg:  0.83833 |val ent: 0.44221 |val entravg: 0.44895 |val acc:  0.83333 |val acc ravg:  0.83519 |
|epoch: 377 | lr: 0.000 |train ent: 0.41563 |train ent ravg: 0.41630 |train acc:  0.80417 |train acc ravg:  0.83500 |val ent: 0.44363 |val entravg: 0.44505 |val acc:  0.76852 |val acc ravg:  0.82037 |
|epoch: 378 | lr: 0.000 |train ent: 0.43645 |train ent ravg: 0.42643 |train acc:  0.82500 |train acc ravg:  0.82667 |val ent: 0.46449 |val entravg: 0.45031 |val acc:  0.82407 |val acc ravg:  0.81667 |
|epoch: 379 | lr: 0.000 |train ent: 0.39036 |train ent ravg: 0.42431 |train acc:  0.85417 |train acc ravg:  0.83250 |val ent: 0.44095 |val entravg: 0.44476 |val acc:  0.84259 |val acc ravg:  0.81667 |
|epoch: 380 | lr: 0.000 |train ent: 0.40199 |train ent ravg: 0.41743 |train acc:  0.84583 |train acc ravg:  0.83500 |val ent: 0.45102 |val entravg: 0.44846 |val acc:  0.83333 |val acc ravg:  0.82037 |
|epoch: 381 | lr: 0.000 |train ent: 0.42803 |train ent ravg: 0.41449 |train acc:  0.80000 |train acc ravg:  0.82583 |val ent: 0.47651 |val entravg: 0.45532 |val acc:  0.81481 |val acc ravg:  0.81667 |
|epoch: 382 | lr: 0.000 |train ent: 0.39648 |train ent ravg: 0.41066 |train acc:  0.84583 |train acc ravg:  0.83417 |val ent: 0.48329 |val entravg: 0.46325 |val acc:  0.81481 |val acc ravg:  0.82593 |
|epoch: 383 | lr: 0.000 |train ent: 0.41551 |train ent ravg: 0.40648 |train acc:  0.83750 |train acc ravg:  0.83667 |val ent: 0.42291 |val entravg: 0.45493 |val acc:  0.84259 |val acc ravg:  0.82963 |
|epoch: 384 | lr: 0.000 |train ent: 0.39229 |train ent ravg: 0.40686 |train acc:  0.85417 |train acc ravg:  0.83667 |val ent: 0.45472 |val entravg: 0.45769 |val acc:  0.80556 |val acc ravg:  0.82222 |
|epoch: 385 | lr: 0.000 |train ent: 0.41654 |train ent ravg: 0.40977 |train acc:  0.81667 |train acc ravg:  0.83083 |val ent: 0.42640 |val entravg: 0.45277 |val acc:  0.83333 |val acc ravg:  0.82222 |
|epoch: 386 | lr: 0.000 |train ent: 0.40699 |train ent ravg: 0.40556 |train acc:  0.84583 |train acc ravg:  0.84000 |val ent: 0.42274 |val entravg: 0.44201 |val acc:  0.80556 |val acc ravg:  0.82037 |
|epoch: 387 | lr: 0.000 |train ent: 0.43965 |train ent ravg: 0.41420 |train acc:  0.82500 |train acc ravg:  0.83583 |val ent: 0.44159 |val entravg: 0.43367 |val acc:  0.84259 |val acc ravg:  0.82593 |
|epoch: 388 | lr: 0.000 |train ent: 0.43205 |train ent ravg: 0.41750 |train acc:  0.78750 |train acc ravg:  0.82583 |val ent: 0.44703 |val entravg: 0.43850 |val acc:  0.76852 |val acc ravg:  0.81111 |
|epoch: 389 | lr: 0.000 |train ent: 0.44260 |train ent ravg: 0.42757 |train acc:  0.80417 |train acc ravg:  0.81583 |val ent: 0.46308 |val entravg: 0.44017 |val acc:  0.80556 |val acc ravg:  0.81111 |
|epoch: 390 | lr: 0.000 |train ent: 0.41428 |train ent ravg: 0.42711 |train acc:  0.85000 |train acc ravg:  0.82250 |val ent: 0.45658 |val entravg: 0.44620 |val acc:  0.77778 |val acc ravg:  0.80000 |
|epoch: 391 | lr: 0.000 |train ent: 0.43544 |train ent ravg: 0.43280 |train acc:  0.85000 |train acc ravg:  0.82333 |val ent: 0.48402 |val entravg: 0.45846 |val acc:  0.81481 |val acc ravg:  0.80185 |
|epoch: 392 | lr: 0.000 |train ent: 0.38875 |train ent ravg: 0.42262 |train acc:  0.87500 |train acc ravg:  0.83333 |val ent: 0.44039 |val entravg: 0.45822 |val acc:  0.84259 |val acc ravg:  0.80185 |
|epoch: 393 | lr: 0.000 |train ent: 0.40250 |train ent ravg: 0.41671 |train acc:  0.82917 |train acc ravg:  0.84167 |val ent: 0.44401 |val entravg: 0.45762 |val acc:  0.79630 |val acc ravg:  0.80741 |
|epoch: 394 | lr: 0.000 |train ent: 0.41115 |train ent ravg: 0.41042 |train acc:  0.83333 |train acc ravg:  0.84750 |val ent: 0.42608 |val entravg: 0.45022 |val acc:  0.80556 |val acc ravg:  0.80741 |
|epoch: 395 | lr: 0.000 |train ent: 0.41376 |train ent ravg: 0.41032 |train acc:  0.85000 |train acc ravg:  0.84750 |val ent: 0.45749 |val entravg: 0.45040 |val acc:  0.84259 |val acc ravg:  0.82037 |
|epoch: 396 | lr: 0.000 |train ent: 0.42202 |train ent ravg: 0.40764 |train acc:  0.86667 |train acc ravg:  0.85083 |val ent: 0.44064 |val entravg: 0.44172 |val acc:  0.83333 |val acc ravg:  0.82407 |
|epoch: 397 | lr: 0.000 |train ent: 0.41241 |train ent ravg: 0.41237 |train acc:  0.84583 |train acc ravg:  0.84500 |val ent: 0.46833 |val entravg: 0.44731 |val acc:  0.82407 |val acc ravg:  0.82037 |
|epoch: 398 | lr: 0.000 |train ent: 0.40429 |train ent ravg: 0.41273 |train acc:  0.86250 |train acc ravg:  0.85167 |val ent: 0.44158 |val entravg: 0.44683 |val acc:  0.84259 |val acc ravg:  0.82963 |
|epoch: 399 | lr: 0.000 |train ent: 0.40584 |train ent ravg: 0.41167 |train acc:  0.81667 |train acc ravg:  0.84833 |val ent: 0.44946 |val entravg: 0.45150 |val acc:  0.83333 |val acc ravg:  0.83519 |
|epoch: 400 | lr: 0.000 |train ent: 0.42625 |train ent ravg: 0.41416 |train acc:  0.82083 |train acc ravg:  0.84250 |val ent: 0.44006 |val entravg: 0.44801 |val acc:  0.80556 |val acc ravg:  0.82778 |
|epoch: 401 | lr: 0.000 |train ent: 0.40282 |train ent ravg: 0.41032 |train acc:  0.82500 |train acc ravg:  0.83417 |val ent: 0.46059 |val entravg: 0.45200 |val acc:  0.82407 |val acc ravg:  0.82593 |
|epoch: 402 | lr: 0.000 |train ent: 0.39582 |train ent ravg: 0.40700 |train acc:  0.82917 |train acc ravg:  0.83083 |val ent: 0.46247 |val entravg: 0.45083 |val acc:  0.82407 |val acc ravg:  0.82593 |
|epoch: 403 | lr: 0.000 |train ent: 0.39045 |train ent ravg: 0.40424 |train acc:  0.86250 |train acc ravg:  0.83083 |val ent: 0.44013 |val entravg: 0.45054 |val acc:  0.84259 |val acc ravg:  0.82593 |
|epoch: 404 | lr: 0.000 |train ent: 0.38085 |train ent ravg: 0.39924 |train acc:  0.85000 |train acc ravg:  0.83750 |val ent: 0.44249 |val entravg: 0.44915 |val acc:  0.81481 |val acc ravg:  0.82222 |
|epoch: 405 | lr: 0.000 |train ent: 0.39859 |train ent ravg: 0.39371 |train acc:  0.87083 |train acc ravg:  0.84750 |val ent: 0.44247 |val entravg: 0.44963 |val acc:  0.82407 |val acc ravg:  0.82593 |
|epoch: 406 | lr: 0.000 |train ent: 0.40544 |train ent ravg: 0.39423 |train acc:  0.85833 |train acc ravg:  0.85417 |val ent: 0.44196 |val entravg: 0.44590 |val acc:  0.84259 |val acc ravg:  0.82963 |
|epoch: 407 | lr: 0.000 |train ent: 0.39091 |train ent ravg: 0.39325 |train acc:  0.84167 |train acc ravg:  0.85667 |val ent: 0.43670 |val entravg: 0.44075 |val acc:  0.83333 |val acc ravg:  0.83148 |
|epoch: 408 | lr: 0.000 |train ent: 0.40356 |train ent ravg: 0.39587 |train acc:  0.82917 |train acc ravg:  0.85000 |val ent: 0.45701 |val entravg: 0.44413 |val acc:  0.84259 |val acc ravg:  0.83148 |
|epoch: 409 | lr: 0.000 |train ent: 0.39515 |train ent ravg: 0.39873 |train acc:  0.86250 |train acc ravg:  0.85250 |val ent: 0.43464 |val entravg: 0.44256 |val acc:  0.84259 |val acc ravg:  0.83704 |
|epoch: 410 | lr: 0.000 |train ent: 0.41053 |train ent ravg: 0.40112 |train acc:  0.79583 |train acc ravg:  0.83750 |val ent: 0.46011 |val entravg: 0.44608 |val acc:  0.84259 |val acc ravg:  0.84074 |
|epoch: 411 | lr: 0.000 |train ent: 0.41343 |train ent ravg: 0.40272 |train acc:  0.85833 |train acc ravg:  0.83750 |val ent: 0.45239 |val entravg: 0.44817 |val acc:  0.82407 |val acc ravg:  0.83704 |
|epoch: 412 | lr: 0.000 |train ent: 0.39871 |train ent ravg: 0.40428 |train acc:  0.84167 |train acc ravg:  0.83750 |val ent: 0.44360 |val entravg: 0.44955 |val acc:  0.84259 |val acc ravg:  0.83889 |
|epoch: 413 | lr: 0.000 |train ent: 0.40347 |train ent ravg: 0.40426 |train acc:  0.83333 |train acc ravg:  0.83833 |val ent: 0.42476 |val entravg: 0.44310 |val acc:  0.85185 |val acc ravg:  0.84074 |
|epoch: 414 | lr: 0.000 |train ent: 0.39927 |train ent ravg: 0.40508 |train acc:  0.84583 |train acc ravg:  0.83500 |val ent: 0.41273 |val entravg: 0.43872 |val acc:  0.84259 |val acc ravg:  0.84074 |
|epoch: 415 | lr: 0.000 |train ent: 0.38769 |train ent ravg: 0.40052 |train acc:  0.85417 |train acc ravg:  0.84667 |val ent: 0.45547 |val entravg: 0.43779 |val acc:  0.82407 |val acc ravg:  0.83704 |
|epoch: 416 | lr: 0.000 |train ent: 0.39791 |train ent ravg: 0.39741 |train acc:  0.86250 |train acc ravg:  0.84750 |val ent: 0.43719 |val entravg: 0.43475 |val acc:  0.82407 |val acc ravg:  0.83704 |
|epoch: 417 | lr: 0.000 |train ent: 0.42486 |train ent ravg: 0.40264 |train acc:  0.80833 |train acc ravg:  0.84083 |val ent: 0.44177 |val entravg: 0.43438 |val acc:  0.84259 |val acc ravg:  0.83704 |
|epoch: 418 | lr: 0.000 |train ent: 0.38871 |train ent ravg: 0.39969 |train acc:  0.86250 |train acc ravg:  0.84667 |val ent: 0.44020 |val entravg: 0.43747 |val acc:  0.84259 |val acc ravg:  0.83519 |
|epoch: 419 | lr: 0.000 |train ent: 0.40273 |train ent ravg: 0.40038 |train acc:  0.85417 |train acc ravg:  0.84833 |val ent: 0.42865 |val entravg: 0.44065 |val acc:  0.84259 |val acc ravg:  0.83519 |
|epoch: 420 | lr: 0.000 |train ent: 0.39829 |train ent ravg: 0.40250 |train acc:  0.83333 |train acc ravg:  0.84417 |val ent: 0.43410 |val entravg: 0.43638 |val acc:  0.79630 |val acc ravg:  0.82963 |
|epoch: 421 | lr: 0.000 |train ent: 0.39682 |train ent ravg: 0.40228 |train acc:  0.84167 |train acc ravg:  0.84000 |val ent: 0.45661 |val entravg: 0.44027 |val acc:  0.84259 |val acc ravg:  0.83333 |
|epoch: 422 | lr: 0.000 |train ent: 0.38567 |train ent ravg: 0.39444 |train acc:  0.84167 |train acc ravg:  0.84667 |val ent: 0.44041 |val entravg: 0.43999 |val acc:  0.84259 |val acc ravg:  0.83333 |
|epoch: 423 | lr: 0.000 |train ent: 0.37994 |train ent ravg: 0.39269 |train acc:  0.87083 |train acc ravg:  0.84833 |val ent: 0.44442 |val entravg: 0.44084 |val acc:  0.84259 |val acc ravg:  0.83333 |
|epoch: 424 | lr: 0.000 |train ent: 0.43177 |train ent ravg: 0.39850 |train acc:  0.81667 |train acc ravg:  0.84083 |val ent: 0.44758 |val entravg: 0.44462 |val acc:  0.83333 |val acc ravg:  0.83148 |
|epoch: 425 | lr: 0.000 |train ent: 0.41060 |train ent ravg: 0.40096 |train acc:  0.85417 |train acc ravg:  0.84500 |val ent: 0.43586 |val entravg: 0.44498 |val acc:  0.83333 |val acc ravg:  0.83889 |
|epoch: 426 | lr: 0.000 |train ent: 0.37268 |train ent ravg: 0.39613 |train acc:  0.86667 |train acc ravg:  0.85000 |val ent: 0.46223 |val entravg: 0.44610 |val acc:  0.84259 |val acc ravg:  0.83889 |
|epoch: 427 | lr: 0.000 |train ent: 0.40974 |train ent ravg: 0.40095 |train acc:  0.84583 |train acc ravg:  0.85083 |val ent: 0.44869 |val entravg: 0.44776 |val acc:  0.84259 |val acc ravg:  0.83889 |
|epoch: 428 | lr: 0.000 |train ent: 0.38506 |train ent ravg: 0.40197 |train acc:  0.85000 |train acc ravg:  0.84667 |val ent: 0.42447 |val entravg: 0.44377 |val acc:  0.79630 |val acc ravg:  0.82963 |
|epoch: 429 | lr: 0.000 |train ent: 0.37747 |train ent ravg: 0.39111 |train acc:  0.86667 |train acc ravg:  0.85667 |val ent: 0.45118 |val entravg: 0.44449 |val acc:  0.85185 |val acc ravg:  0.83333 |
|epoch: 430 | lr: 0.000 |train ent: 0.38774 |train ent ravg: 0.38654 |train acc:  0.85417 |train acc ravg:  0.85667 |val ent: 0.43528 |val entravg: 0.44437 |val acc:  0.80556 |val acc ravg:  0.82778 |
|epoch: 431 | lr: 0.000 |train ent: 0.38990 |train ent ravg: 0.38998 |train acc:  0.82500 |train acc ravg:  0.84833 |val ent: 0.43447 |val entravg: 0.43882 |val acc:  0.84259 |val acc ravg:  0.82778 |
|epoch: 432 | lr: 0.000 |train ent: 0.39743 |train ent ravg: 0.38752 |train acc:  0.85417 |train acc ravg:  0.85000 |val ent: 0.43407 |val entravg: 0.43589 |val acc:  0.85185 |val acc ravg:  0.82963 |
|epoch: 433 | lr: 0.000 |train ent: 0.39653 |train ent ravg: 0.38981 |train acc:  0.85000 |train acc ravg:  0.85000 |val ent: 0.43019 |val entravg: 0.43704 |val acc:  0.85185 |val acc ravg:  0.84074 |
|epoch: 434 | lr: 0.000 |train ent: 0.37227 |train ent ravg: 0.38877 |train acc:  0.85833 |train acc ravg:  0.84833 |val ent: 0.42631 |val entravg: 0.43206 |val acc:  0.82407 |val acc ravg:  0.83519 |
|epoch: 435 | lr: 0.000 |train ent: 0.37701 |train ent ravg: 0.38663 |train acc:  0.87917 |train acc ravg:  0.85333 |val ent: 0.41486 |val entravg: 0.42798 |val acc:  0.85185 |val acc ravg:  0.84444 |
|epoch: 436 | lr: 0.000 |train ent: 0.39271 |train ent ravg: 0.38719 |train acc:  0.84167 |train acc ravg:  0.85667 |val ent: 0.43652 |val entravg: 0.42839 |val acc:  0.84259 |val acc ravg:  0.84444 |
|epoch: 437 | lr: 0.000 |train ent: 0.40286 |train ent ravg: 0.38828 |train acc:  0.82083 |train acc ravg:  0.85000 |val ent: 0.42448 |val entravg: 0.42647 |val acc:  0.84259 |val acc ravg:  0.84259 |
|epoch: 438 | lr: 0.000 |train ent: 0.40408 |train ent ravg: 0.38978 |train acc:  0.85417 |train acc ravg:  0.85083 |val ent: 0.43187 |val entravg: 0.42681 |val acc:  0.80556 |val acc ravg:  0.83333 |
