------------------------------------------------
Job ID: 
Run on host: win000.hpc.in.bmrc.ox.ac.uk
Operating system: Linux
Username: lhw539
Started at: Wed Mar 17 15:27:35 GMT 2021
------------------------------------------------
Loading share 1.00 train data.
Loading share 1.00   val data.
Apply incremental PCA on data.
355
Transform data matrix of shape:  torch.Size([355, 4915200])
91
Transform data matrix of shape:  torch.Size([91, 4915200])
MAE of ElasticNet:  6.4530287474158445
MAE on valid when valid mean is predicted:  7.3472457
Save configfile.
Loading share 1.00  test data.
500
Transform data matrix of shape:  torch.Size([500, 4915200])
MAE of ElasticNet:  6.356758690294272
------------------------------------------------
Finished at: Wed Mar 17 15:41:15 GMT 2021
------------------------------------------------
