------------------------------------------------
Job ID: 39994639
Run on host: compg011.hpc.in.bmrc.ox.ac.uk
Operating system: Linux
Username: lhw539
Started at: Wed Mar 17 20:11:14 GMT 2021
------------------------------------------------
Loading share 1.00 train data.
Loading share 1.00   val data.
Load model for age - run: 4
Number of GPUs:  2
Epoch decay:  8
Gamma decay:  0.1

Final layer of model is being trained.
Start:  2021-03-17 20:11:21.933246
----------------------------------------------------------------------------------------------------------------------------------------------------------------
|epoch:   0 | lr: 0.100 |train kld: 1.97024 |train kld ravg: 1.97024 |train mae:  4.69414 |train mae ravg:  4.69414 |val kld: 1.68901 |val kldravg: 1.68901 |val mae:  3.71866 |val mae ravg:  3.71866 |
|epoch:   1 | lr: 0.100 |train kld: 1.86876 |train kld ravg: 1.91950 |train mae:  3.79685 |train mae ravg:  4.24550 |val kld: 1.62331 |val kldravg: 1.65616 |val mae:  3.35041 |val mae ravg:  3.53454 |
|epoch:   2 | lr: 0.100 |train kld: 1.78468 |train kld ravg: 1.87456 |train mae:  3.71896 |train mae ravg:  4.06998 |val kld: 1.73645 |val kldravg: 1.68293 |val mae:  3.52125 |val mae ravg:  3.53011 |
|epoch:   3 | lr: 0.100 |train kld: 1.68894 |train kld ravg: 1.82816 |train mae:  3.51652 |train mae ravg:  3.93162 |val kld: 1.71263 |val kldravg: 1.69035 |val mae:  3.32044 |val mae ravg:  3.47769 |
|epoch:   4 | lr: 0.100 |train kld: 1.82843 |train kld ravg: 1.82821 |train mae:  3.66171 |train mae ravg:  3.87764 |val kld: 1.53234 |val kldravg: 1.65875 |val mae:  3.13974 |val mae ravg:  3.41010 |
|epoch:   5 | lr: 0.100 |train kld: 1.70918 |train kld ravg: 1.77600 |train mae:  3.42446 |train mae ravg:  3.62370 |val kld: 1.57571 |val kldravg: 1.63609 |val mae:  3.12797 |val mae ravg:  3.29196 |
|epoch:   6 | lr: 0.100 |train kld: 1.70298 |train kld ravg: 1.74284 |train mae:  3.46295 |train mae ravg:  3.55692 |val kld: 1.51953 |val kldravg: 1.61533 |val mae:  3.07780 |val mae ravg:  3.23744 |
|epoch:   7 | lr: 0.100 |train kld: 1.71025 |train kld ravg: 1.72796 |train mae:  3.44851 |train mae ravg:  3.50283 |val kld: 1.64598 |val kldravg: 1.59724 |val mae:  3.40561 |val mae ravg:  3.21431 |
|epoch:   8 | lr: 0.010 |train kld: 1.57164 |train kld ravg: 1.70450 |train mae:  3.49753 |train mae ravg:  3.49903 |val kld: 1.48329 |val kldravg: 1.55137 |val mae:  3.22059 |val mae ravg:  3.19434 |
|epoch:   9 | lr: 0.010 |train kld: 1.57469 |train kld ravg: 1.65375 |train mae:  3.38328 |train mae ravg:  3.44334 |val kld: 1.47126 |val kldravg: 1.53916 |val mae:  3.22995 |val mae ravg:  3.21238 |
|epoch:  10 | lr: 0.010 |train kld: 1.60630 |train kld ravg: 1.63317 |train mae:  3.67333 |train mae ravg:  3.49312 |val kld: 1.44209 |val kldravg: 1.51243 |val mae:  3.14151 |val mae ravg:  3.21509 |
|epoch:  11 | lr: 0.010 |train kld: 1.51658 |train kld ravg: 1.59589 |train mae:  3.36468 |train mae ravg:  3.47347 |val kld: 1.41699 |val kldravg: 1.49192 |val mae:  3.09037 |val mae ravg:  3.21760 |
|epoch:  12 | lr: 0.010 |train kld: 1.52074 |train kld ravg: 1.55799 |train mae:  3.56718 |train mae ravg:  3.49720 |val kld: 1.45433 |val kldravg: 1.45359 |val mae:  3.19669 |val mae ravg:  3.17582 |
|epoch:  13 | lr: 0.010 |train kld: 1.52070 |train kld ravg: 1.54780 |train mae:  3.45758 |train mae ravg:  3.48921 |val kld: 1.45459 |val kldravg: 1.44785 |val mae:  3.21707 |val mae ravg:  3.17512 |
|epoch:  14 | lr: 0.010 |train kld: 1.47923 |train kld ravg: 1.52871 |train mae:  3.31748 |train mae ravg:  3.47605 |val kld: 1.44570 |val kldravg: 1.44274 |val mae:  3.15359 |val mae ravg:  3.15985 |
|epoch:  15 | lr: 0.010 |train kld: 1.49699 |train kld ravg: 1.50685 |train mae:  3.53755 |train mae ravg:  3.44889 |val kld: 1.43580 |val kldravg: 1.44148 |val mae:  3.15078 |val mae ravg:  3.16170 |
|epoch:  16 | lr: 0.001 |train kld: 1.52771 |train kld ravg: 1.50908 |train mae:  3.57597 |train mae ravg:  3.49115 |val kld: 1.42052 |val kldravg: 1.44219 |val mae:  3.10605 |val mae ravg:  3.16483 |
|epoch:  17 | lr: 0.001 |train kld: 1.46458 |train kld ravg: 1.49784 |train mae:  3.31776 |train mae ravg:  3.44127 |val kld: 1.43128 |val kldravg: 1.43758 |val mae:  3.23260 |val mae ravg:  3.17202 |
|epoch:  18 | lr: 0.001 |train kld: 1.48007 |train kld ravg: 1.48972 |train mae:  3.49315 |train mae ravg:  3.44838 |val kld: 1.42466 |val kldravg: 1.43159 |val mae:  3.12888 |val mae ravg:  3.15438 |
|epoch:  19 | lr: 0.001 |train kld: 1.47097 |train kld ravg: 1.48807 |train mae:  3.43602 |train mae ravg:  3.47209 |val kld: 1.40818 |val kldravg: 1.42409 |val mae:  3.07011 |val mae ravg:  3.13768 |
|epoch:  20 | lr: 0.001 |train kld: 1.46826 |train kld ravg: 1.48232 |train mae:  3.45299 |train mae ravg:  3.45518 |val kld: 1.41936 |val kldravg: 1.42080 |val mae:  3.03398 |val mae ravg:  3.11432 |
|epoch:  21 | lr: 0.001 |train kld: 1.45220 |train kld ravg: 1.46722 |train mae:  3.40248 |train mae ravg:  3.42048 |val kld: 1.43354 |val kldravg: 1.42340 |val mae:  3.14186 |val mae ravg:  3.12149 |
|epoch:  22 | lr: 0.001 |train kld: 1.44311 |train kld ravg: 1.46292 |train mae:  3.44079 |train mae ravg:  3.44509 |val kld: 1.45245 |val kldravg: 1.42764 |val mae:  3.17966 |val mae ravg:  3.11090 |
|epoch:  23 | lr: 0.001 |train kld: 1.45790 |train kld ravg: 1.45849 |train mae:  3.46226 |train mae ravg:  3.43891 |val kld: 1.42699 |val kldravg: 1.42810 |val mae:  3.05074 |val mae ravg:  3.09527 |
|epoch:  24 | lr: 0.000 |train kld: 1.47488 |train kld ravg: 1.45927 |train mae:  3.32143 |train mae ravg:  3.41599 |val kld: 1.41627 |val kldravg: 1.42972 |val mae:  3.04140 |val mae ravg:  3.08953 |
----------------------------------------------------------------------------------------------------------------------------------------------------------------
Finished:  2021-03-17 20:25:52.647328

Correlation between train loss and evaluation: 0.729

----------------------------------------------------------------------------------------------------------------------------------------------------------------
Number of GPUs:  2
Epoch decay:  5
Gamma decay:  0.2

Full model is being trained.
Start:  2021-03-17 20:25:52.651297
----------------------------------------------------------------------------------------------------------------------------------------------------------------
|epoch:   0 | lr: 0.001 |train kld: 1.41704 |train kld ravg: 1.41704 |train mae:  3.23879 |train mae ravg:  3.23879 |val kld: 1.42448 |val kldravg: 1.42448 |val mae:  3.07909 |val mae ravg:  3.07909 |
|epoch:   1 | lr: 0.001 |train kld: 1.35838 |train kld ravg: 1.38771 |train mae:  2.89584 |train mae ravg:  3.06732 |val kld: 1.38281 |val kldravg: 1.40365 |val mae:  2.88786 |val mae ravg:  2.98347 |
|epoch:   2 | lr: 0.001 |train kld: 1.33473 |train kld ravg: 1.37005 |train mae:  2.87148 |train mae ravg:  3.00204 |val kld: 1.38143 |val kldravg: 1.39624 |val mae:  2.91212 |val mae ravg:  2.95969 |
|epoch:   3 | lr: 0.001 |train kld: 1.26505 |train kld ravg: 1.34380 |train mae:  2.67813 |train mae ravg:  2.92106 |val kld: 1.40388 |val kldravg: 1.39815 |val mae:  2.90760 |val mae ravg:  2.94667 |
|epoch:   4 | lr: 0.001 |train kld: 1.26136 |train kld ravg: 1.32731 |train mae:  2.62497 |train mae ravg:  2.86184 |val kld: 1.43256 |val kldravg: 1.40503 |val mae:  2.98587 |val mae ravg:  2.95451 |
|epoch:   5 | lr: 0.000 |train kld: 1.23456 |train kld ravg: 1.29081 |train mae:  2.48866 |train mae ravg:  2.71181 |val kld: 1.37285 |val kldravg: 1.39471 |val mae:  2.85684 |val mae ravg:  2.91006 |
|epoch:   6 | lr: 0.000 |train kld: 1.23107 |train kld ravg: 1.26535 |train mae:  2.60271 |train mae ravg:  2.65319 |val kld: 1.36037 |val kldravg: 1.39022 |val mae:  2.79009 |val mae ravg:  2.89051 |
|epoch:   7 | lr: 0.000 |train kld: 1.17563 |train kld ravg: 1.23353 |train mae:  2.39890 |train mae ravg:  2.55867 |val kld: 1.39305 |val kldravg: 1.39254 |val mae:  2.94175 |val mae ravg:  2.89643 |
|epoch:   8 | lr: 0.000 |train kld: 1.18364 |train kld ravg: 1.21725 |train mae:  2.28628 |train mae ravg:  2.48030 |val kld: 1.36319 |val kldravg: 1.38441 |val mae:  2.79974 |val mae ravg:  2.87486 |
|epoch:   9 | lr: 0.000 |train kld: 1.23021 |train kld ravg: 1.21102 |train mae:  2.48053 |train mae ravg:  2.45141 |val kld: 1.39293 |val kldravg: 1.37648 |val mae:  2.91995 |val mae ravg:  2.86167 |
|epoch:  10 | lr: 0.000 |train kld: 1.17880 |train kld ravg: 1.19987 |train mae:  2.36896 |train mae ravg:  2.42747 |val kld: 1.38706 |val kldravg: 1.37932 |val mae:  2.88832 |val mae ravg:  2.86797 |
|epoch:  11 | lr: 0.000 |train kld: 1.20531 |train kld ravg: 1.19472 |train mae:  2.44580 |train mae ravg:  2.39609 |val kld: 1.37519 |val kldravg: 1.38228 |val mae:  2.86682 |val mae ravg:  2.88331 |
|epoch:  12 | lr: 0.000 |train kld: 1.20463 |train kld ravg: 1.20052 |train mae:  2.38242 |train mae ravg:  2.39280 |val kld: 1.38424 |val kldravg: 1.38052 |val mae:  2.84238 |val mae ravg:  2.86344 |
|epoch:  13 | lr: 0.000 |train kld: 1.18370 |train kld ravg: 1.20053 |train mae:  2.34166 |train mae ravg:  2.40387 |val kld: 1.39043 |val kldravg: 1.38597 |val mae:  2.91619 |val mae ravg:  2.88673 |
|epoch:  14 | lr: 0.000 |train kld: 1.23042 |train kld ravg: 1.20057 |train mae:  2.55580 |train mae ravg:  2.41893 |val kld: 1.37846 |val kldravg: 1.38307 |val mae:  2.84285 |val mae ravg:  2.87131 |
|epoch:  15 | lr: 0.000 |train kld: 1.23572 |train kld ravg: 1.21196 |train mae:  2.51329 |train mae ravg:  2.44780 |val kld: 1.39987 |val kldravg: 1.38564 |val mae:  2.91649 |val mae ravg:  2.87695 |
|epoch:  16 | lr: 0.000 |train kld: 1.21712 |train kld ravg: 1.21432 |train mae:  2.41714 |train mae ravg:  2.44206 |val kld: 1.38155 |val kldravg: 1.38691 |val mae:  2.87992 |val mae ravg:  2.87957 |
|epoch:  17 | lr: 0.000 |train kld: 1.19968 |train kld ravg: 1.21333 |train mae:  2.43113 |train mae ravg:  2.45180 |val kld: 1.38700 |val kldravg: 1.38746 |val mae:  2.93077 |val mae ravg:  2.89724 |
|epoch:  18 | lr: 0.000 |train kld: 1.20508 |train kld ravg: 1.21760 |train mae:  2.38758 |train mae ravg:  2.46099 |val kld: 1.38019 |val kldravg: 1.38541 |val mae:  2.89396 |val mae ravg:  2.89280 |
|epoch:  19 | lr: 0.000 |train kld: 1.16886 |train kld ravg: 1.20529 |train mae:  2.29743 |train mae ravg:  2.40931 |val kld: 1.38541 |val kldravg: 1.38680 |val mae:  2.91116 |val mae ravg:  2.90646 |
|epoch:  20 | lr: 0.000 |train kld: 1.22086 |train kld ravg: 1.20232 |train mae:  2.37025 |train mae ravg:  2.38071 |val kld: 1.39544 |val kldravg: 1.38592 |val mae:  2.94395 |val mae ravg:  2.91195 |
|epoch:  21 | lr: 0.000 |train kld: 1.21384 |train kld ravg: 1.20166 |train mae:  2.38974 |train mae ravg:  2.37523 |val kld: 1.38660 |val kldravg: 1.38693 |val mae:  2.90766 |val mae ravg:  2.91750 |
|epoch:  22 | lr: 0.000 |train kld: 1.17385 |train kld ravg: 1.19650 |train mae:  2.39134 |train mae ravg:  2.36727 |val kld: 1.38793 |val kldravg: 1.38711 |val mae:  2.93197 |val mae ravg:  2.91774 |
|epoch:  23 | lr: 0.000 |train kld: 1.17217 |train kld ravg: 1.18992 |train mae:  2.26995 |train mae ravg:  2.34374 |val kld: 1.37393 |val kldravg: 1.38586 |val mae:  2.84955 |val mae ravg:  2.90886 |
|epoch:  24 | lr: 0.000 |train kld: 1.22630 |train kld ravg: 1.20140 |train mae:  2.47848 |train mae ravg:  2.37995 |val kld: 1.39062 |val kldravg: 1.38690 |val mae:  2.89236 |val mae ravg:  2.90510 |
|epoch:  25 | lr: 0.000 |train kld: 1.21244 |train kld ravg: 1.19972 |train mae:  2.55030 |train mae ravg:  2.41596 |val kld: 1.39099 |val kldravg: 1.38601 |val mae:  2.89534 |val mae ravg:  2.89538 |
|epoch:  26 | lr: 0.000 |train kld: 1.19034 |train kld ravg: 1.19502 |train mae:  2.40169 |train mae ravg:  2.41835 |val kld: 1.35610 |val kldravg: 1.37991 |val mae:  2.82934 |val mae ravg:  2.87971 |
|epoch:  27 | lr: 0.000 |train kld: 1.21223 |train kld ravg: 1.20269 |train mae:  2.36144 |train mae ravg:  2.41237 |val kld: 1.39715 |val kldravg: 1.38176 |val mae:  2.91239 |val mae ravg:  2.87580 |
|epoch:  28 | lr: 0.000 |train kld: 1.15981 |train kld ravg: 1.20022 |train mae:  2.30481 |train mae ravg:  2.41935 |val kld: 1.38528 |val kldravg: 1.38403 |val mae:  2.87686 |val mae ravg:  2.88126 |
|epoch:  29 | lr: 0.000 |train kld: 1.20931 |train kld ravg: 1.19682 |train mae:  2.31681 |train mae ravg:  2.38701 |val kld: 1.38772 |val kldravg: 1.38345 |val mae:  2.89688 |val mae ravg:  2.88216 |
----------------------------------------------------------------------------------------------------------------------------------------------------------------
Finished:  2021-03-17 22:34:22.417340

Correlation between train loss and evaluation: 0.960

----------------------------------------------------------------------------------------------------------------------------------------------------------------
Save configfile.
Loading share 1.00  test data.
Number of GPUs:  2

Model loaded from None is being tested.
Start:  2021-03-17 22:34:22.525140
----------------------------------------------------------------------------------------------------------------------------------------------------------------
test kld mean: 1.43196 | test kld std: 0.00035 |test mae mean:  3.23765 |test mae std:  0.00099 |
----------------------------------------------------------------------------------------------------------------------------------------------------------------
Finished:  2021-03-17 22:36:31.168534

Correlation between train loss and evaluation: 0.767

----------------------------------------------------------------------------------------------------------------------------------------------------------------
------------------------------------------------
Finished at: Wed Mar 17 22:36:32 GMT 2021
------------------------------------------------
