------------------------------------------------
Job ID: 39994634
Run on host: compg009.hpc.in.bmrc.ox.ac.uk
Operating system: Linux
Username: lhw539
Started at: Wed Mar 17 17:43:26 GMT 2021
------------------------------------------------
Loading share 1.00 train data.
Loading share 1.00   val data.
Load model for age - run: 4
Number of GPUs:  2
Epoch decay:  8
Gamma decay:  0.1

Final layer of model is being trained.
Start:  2021-03-17 17:43:33.036986
----------------------------------------------------------------------------------------------------------------------------------------------------------------
|epoch:   0 | lr: 0.100 |train kld: 1.90061 |train kld ravg: 1.90061 |train mae:  4.62082 |train mae ravg:  4.62082 |val kld: 1.78008 |val kldravg: 1.78008 |val mae:  3.69115 |val mae ravg:  3.69115 |
|epoch:   1 | lr: 0.100 |train kld: 1.76727 |train kld ravg: 1.83394 |train mae:  3.54119 |train mae ravg:  4.08100 |val kld: 1.59209 |val kldravg: 1.68608 |val mae:  3.53063 |val mae ravg:  3.61089 |
|epoch:   2 | lr: 0.100 |train kld: 1.72072 |train kld ravg: 1.79620 |train mae:  3.47985 |train mae ravg:  3.88062 |val kld: 1.76341 |val kldravg: 1.71186 |val mae:  3.51953 |val mae ravg:  3.58044 |
|epoch:   3 | lr: 0.100 |train kld: 1.75785 |train kld ravg: 1.78661 |train mae:  3.51416 |train mae ravg:  3.78901 |val kld: 1.63683 |val kldravg: 1.69310 |val mae:  3.22363 |val mae ravg:  3.49124 |
|epoch:   4 | lr: 0.100 |train kld: 1.71070 |train kld ravg: 1.77143 |train mae:  3.45832 |train mae ravg:  3.72287 |val kld: 1.45834 |val kldravg: 1.64615 |val mae:  2.97968 |val mae ravg:  3.38893 |
|epoch:   5 | lr: 0.100 |train kld: 1.71949 |train kld ravg: 1.73520 |train mae:  3.58920 |train mae ravg:  3.51655 |val kld: 1.59293 |val kldravg: 1.60872 |val mae:  3.06322 |val mae ravg:  3.26334 |
|epoch:   6 | lr: 0.100 |train kld: 1.79501 |train kld ravg: 1.74075 |train mae:  3.71410 |train mae ravg:  3.55113 |val kld: 1.57773 |val kldravg: 1.60585 |val mae:  2.92305 |val mae ravg:  3.14182 |
|epoch:   7 | lr: 0.100 |train kld: 1.73988 |train kld ravg: 1.74458 |train mae:  3.32014 |train mae ravg:  3.51919 |val kld: 1.55005 |val kldravg: 1.56318 |val mae:  3.23425 |val mae ravg:  3.08477 |
|epoch:   8 | lr: 0.010 |train kld: 1.57556 |train kld ravg: 1.70813 |train mae:  3.29525 |train mae ravg:  3.47540 |val kld: 1.48696 |val kldravg: 1.53320 |val mae:  3.10109 |val mae ravg:  3.06026 |
|epoch:   9 | lr: 0.010 |train kld: 1.55800 |train kld ravg: 1.67759 |train mae:  3.37302 |train mae ravg:  3.45834 |val kld: 1.46823 |val kldravg: 1.53518 |val mae:  3.14024 |val mae ravg:  3.09237 |
|epoch:  10 | lr: 0.010 |train kld: 1.52208 |train kld ravg: 1.63810 |train mae:  3.40295 |train mae ravg:  3.42109 |val kld: 1.47367 |val kldravg: 1.51133 |val mae:  3.10506 |val mae ravg:  3.10074 |
|epoch:  11 | lr: 0.010 |train kld: 1.49139 |train kld ravg: 1.57738 |train mae:  3.33321 |train mae ravg:  3.34491 |val kld: 1.44122 |val kldravg: 1.48402 |val mae:  3.03305 |val mae ravg:  3.12274 |
|epoch:  12 | lr: 0.010 |train kld: 1.53198 |train kld ravg: 1.53580 |train mae:  3.31594 |train mae ravg:  3.34407 |val kld: 1.49283 |val kldravg: 1.47258 |val mae:  3.19554 |val mae ravg:  3.11500 |
|epoch:  13 | lr: 0.010 |train kld: 1.52016 |train kld ravg: 1.52472 |train mae:  3.50864 |train mae ravg:  3.38675 |val kld: 1.45941 |val kldravg: 1.46707 |val mae:  3.14150 |val mae ravg:  3.12308 |
|epoch:  14 | lr: 0.010 |train kld: 1.50521 |train kld ravg: 1.51416 |train mae:  3.38976 |train mae ravg:  3.39010 |val kld: 1.47644 |val kldravg: 1.46872 |val mae:  3.15248 |val mae ravg:  3.12553 |
|epoch:  15 | lr: 0.010 |train kld: 1.50545 |train kld ravg: 1.51084 |train mae:  3.36130 |train mae ravg:  3.38177 |val kld: 1.44962 |val kldravg: 1.46391 |val mae:  3.05606 |val mae ravg:  3.11573 |
|epoch:  16 | lr: 0.001 |train kld: 1.49155 |train kld ravg: 1.51087 |train mae:  3.39953 |train mae ravg:  3.39503 |val kld: 1.45875 |val kldravg: 1.46741 |val mae:  3.15883 |val mae ravg:  3.14088 |
|epoch:  17 | lr: 0.001 |train kld: 1.46781 |train kld ravg: 1.49804 |train mae:  3.37627 |train mae ravg:  3.40710 |val kld: 1.46127 |val kldravg: 1.46110 |val mae:  3.15425 |val mae ravg:  3.13262 |
|epoch:  18 | lr: 0.001 |train kld: 1.48357 |train kld ravg: 1.49072 |train mae:  3.41557 |train mae ravg:  3.38848 |val kld: 1.45367 |val kldravg: 1.45995 |val mae:  3.14779 |val mae ravg:  3.13388 |
|epoch:  19 | lr: 0.001 |train kld: 1.48501 |train kld ravg: 1.48668 |train mae:  3.41209 |train mae ravg:  3.39295 |val kld: 1.44671 |val kldravg: 1.45400 |val mae:  3.09865 |val mae ravg:  3.12311 |
|epoch:  20 | lr: 0.001 |train kld: 1.45163 |train kld ravg: 1.47592 |train mae:  3.34086 |train mae ravg:  3.38886 |val kld: 1.44605 |val kldravg: 1.45329 |val mae:  3.10449 |val mae ravg:  3.13280 |
|epoch:  21 | lr: 0.001 |train kld: 1.47487 |train kld ravg: 1.47258 |train mae:  3.37897 |train mae ravg:  3.38475 |val kld: 1.43813 |val kldravg: 1.44917 |val mae:  3.02163 |val mae ravg:  3.10536 |
|epoch:  22 | lr: 0.001 |train kld: 1.45729 |train kld ravg: 1.47048 |train mae:  3.44635 |train mae ravg:  3.39877 |val kld: 1.43461 |val kldravg: 1.44383 |val mae:  3.05940 |val mae ravg:  3.08639 |
|epoch:  23 | lr: 0.001 |train kld: 1.50602 |train kld ravg: 1.47497 |train mae:  3.46809 |train mae ravg:  3.40927 |val kld: 1.44935 |val kldravg: 1.44297 |val mae:  3.13122 |val mae ravg:  3.08308 |
|epoch:  24 | lr: 0.000 |train kld: 1.49018 |train kld ravg: 1.47600 |train mae:  3.34218 |train mae ravg:  3.39529 |val kld: 1.44794 |val kldravg: 1.44322 |val mae:  3.12581 |val mae ravg:  3.08851 |
----------------------------------------------------------------------------------------------------------------------------------------------------------------
Finished:  2021-03-17 17:58:03.159574

Correlation between train loss and evaluation: 0.660

----------------------------------------------------------------------------------------------------------------------------------------------------------------
Number of GPUs:  2
Epoch decay:  5
Gamma decay:  0.2

Full model is being trained.
Start:  2021-03-17 17:58:03.163312
----------------------------------------------------------------------------------------------------------------------------------------------------------------
|epoch:   0 | lr: 0.001 |train kld: 1.44965 |train kld ravg: 1.44965 |train mae:  3.39163 |train mae ravg:  3.39163 |val kld: 1.43666 |val kldravg: 1.43666 |val mae:  3.10952 |val mae ravg:  3.10952 |
|epoch:   1 | lr: 0.001 |train kld: 1.34294 |train kld ravg: 1.39629 |train mae:  2.92931 |train mae ravg:  3.16047 |val kld: 1.39964 |val kldravg: 1.41815 |val mae:  2.85185 |val mae ravg:  2.98069 |
|epoch:   2 | lr: 0.001 |train kld: 1.32728 |train kld ravg: 1.37329 |train mae:  2.81863 |train mae ravg:  3.04652 |val kld: 1.43189 |val kldravg: 1.42273 |val mae:  3.05011 |val mae ravg:  3.00383 |
|epoch:   3 | lr: 0.001 |train kld: 1.28025 |train kld ravg: 1.35003 |train mae:  2.76020 |train mae ravg:  2.97494 |val kld: 1.45801 |val kldravg: 1.43155 |val mae:  3.07501 |val mae ravg:  3.02162 |
|epoch:   4 | lr: 0.001 |train kld: 1.27263 |train kld ravg: 1.33455 |train mae:  2.65878 |train mae ravg:  2.91171 |val kld: 1.44437 |val kldravg: 1.43412 |val mae:  3.04569 |val mae ravg:  3.02644 |
|epoch:   5 | lr: 0.000 |train kld: 1.20370 |train kld ravg: 1.28536 |train mae:  2.46094 |train mae ravg:  2.72557 |val kld: 1.41297 |val kldravg: 1.42938 |val mae:  2.96680 |val mae ravg:  2.99789 |
|epoch:   6 | lr: 0.000 |train kld: 1.24074 |train kld ravg: 1.26492 |train mae:  2.49909 |train mae ravg:  2.63953 |val kld: 1.33984 |val kldravg: 1.41742 |val mae:  2.87994 |val mae ravg:  3.00351 |
|epoch:   7 | lr: 0.000 |train kld: 1.21658 |train kld ravg: 1.24278 |train mae:  2.44161 |train mae ravg:  2.56412 |val kld: 1.42212 |val kldravg: 1.41546 |val mae:  3.03613 |val mae ravg:  3.00071 |
|epoch:   8 | lr: 0.000 |train kld: 1.19662 |train kld ravg: 1.22605 |train mae:  2.48291 |train mae ravg:  2.50867 |val kld: 1.42722 |val kldravg: 1.40930 |val mae:  2.98854 |val mae ravg:  2.98342 |
|epoch:   9 | lr: 0.000 |train kld: 1.17092 |train kld ravg: 1.20571 |train mae:  2.35413 |train mae ravg:  2.44773 |val kld: 1.38975 |val kldravg: 1.39838 |val mae:  2.98875 |val mae ravg:  2.97203 |
|epoch:  10 | lr: 0.000 |train kld: 1.19314 |train kld ravg: 1.20360 |train mae:  2.39458 |train mae ravg:  2.43446 |val kld: 1.40142 |val kldravg: 1.39607 |val mae:  2.92895 |val mae ravg:  2.96446 |
|epoch:  11 | lr: 0.000 |train kld: 1.19311 |train kld ravg: 1.19407 |train mae:  2.39211 |train mae ravg:  2.41307 |val kld: 1.43097 |val kldravg: 1.41430 |val mae:  3.04783 |val mae ravg:  2.99804 |
|epoch:  12 | lr: 0.000 |train kld: 1.19026 |train kld ravg: 1.18881 |train mae:  2.36822 |train mae ravg:  2.39839 |val kld: 1.41906 |val kldravg: 1.41368 |val mae:  3.00894 |val mae ravg:  2.99260 |
|epoch:  13 | lr: 0.000 |train kld: 1.18459 |train kld ravg: 1.18640 |train mae:  2.38285 |train mae ravg:  2.37838 |val kld: 1.40082 |val kldravg: 1.40840 |val mae:  2.99990 |val mae ravg:  2.99487 |
|epoch:  14 | lr: 0.000 |train kld: 1.21522 |train kld ravg: 1.19526 |train mae:  2.52543 |train mae ravg:  2.41264 |val kld: 1.42047 |val kldravg: 1.41455 |val mae:  3.02893 |val mae ravg:  3.00291 |
|epoch:  15 | lr: 0.000 |train kld: 1.18090 |train kld ravg: 1.19282 |train mae:  2.30560 |train mae ravg:  2.39484 |val kld: 1.41463 |val kldravg: 1.41719 |val mae:  3.02914 |val mae ravg:  3.02295 |
|epoch:  16 | lr: 0.000 |train kld: 1.18271 |train kld ravg: 1.19074 |train mae:  2.42581 |train mae ravg:  2.40158 |val kld: 1.42313 |val kldravg: 1.41562 |val mae:  3.00111 |val mae ravg:  3.01360 |
|epoch:  17 | lr: 0.000 |train kld: 1.21114 |train kld ravg: 1.19491 |train mae:  2.46032 |train mae ravg:  2.42000 |val kld: 1.41172 |val kldravg: 1.41415 |val mae:  3.03931 |val mae ravg:  3.01968 |
|epoch:  18 | lr: 0.000 |train kld: 1.18863 |train kld ravg: 1.19572 |train mae:  2.44450 |train mae ravg:  2.43233 |val kld: 1.40678 |val kldravg: 1.41535 |val mae:  3.01708 |val mae ravg:  3.02311 |
|epoch:  19 | lr: 0.000 |train kld: 1.17901 |train kld ravg: 1.18848 |train mae:  2.32640 |train mae ravg:  2.39253 |val kld: 1.39014 |val kldravg: 1.40928 |val mae:  3.00500 |val mae ravg:  3.01833 |
|epoch:  20 | lr: 0.000 |train kld: 1.19352 |train kld ravg: 1.19100 |train mae:  2.44580 |train mae ravg:  2.42057 |val kld: 1.39430 |val kldravg: 1.40521 |val mae:  2.97757 |val mae ravg:  3.00801 |
|epoch:  21 | lr: 0.000 |train kld: 1.22874 |train kld ravg: 1.20021 |train mae:  2.42164 |train mae ravg:  2.41973 |val kld: 1.41758 |val kldravg: 1.40410 |val mae:  2.98601 |val mae ravg:  3.00499 |
|epoch:  22 | lr: 0.000 |train kld: 1.21137 |train kld ravg: 1.20025 |train mae:  2.45044 |train mae ravg:  2.41776 |val kld: 1.38432 |val kldravg: 1.39862 |val mae:  2.92875 |val mae ravg:  2.98288 |
|epoch:  23 | lr: 0.000 |train kld: 1.19308 |train kld ravg: 1.20114 |train mae:  2.46434 |train mae ravg:  2.42172 |val kld: 1.40438 |val kldravg: 1.39814 |val mae:  2.97778 |val mae ravg:  2.97502 |
|epoch:  24 | lr: 0.000 |train kld: 1.18583 |train kld ravg: 1.20251 |train mae:  2.32992 |train mae ravg:  2.42243 |val kld: 1.40275 |val kldravg: 1.40067 |val mae:  3.00707 |val mae ravg:  2.97544 |
|epoch:  25 | lr: 0.000 |train kld: 1.20795 |train kld ravg: 1.20539 |train mae:  2.37641 |train mae ravg:  2.40855 |val kld: 1.41998 |val kldravg: 1.40580 |val mae:  3.05324 |val mae ravg:  2.99057 |
|epoch:  26 | lr: 0.000 |train kld: 1.20787 |train kld ravg: 1.20122 |train mae:  2.56153 |train mae ravg:  2.43653 |val kld: 1.40298 |val kldravg: 1.40288 |val mae:  2.99463 |val mae ravg:  2.99229 |
|epoch:  27 | lr: 0.000 |train kld: 1.20945 |train kld ravg: 1.20083 |train mae:  2.49084 |train mae ravg:  2.44461 |val kld: 1.40143 |val kldravg: 1.40630 |val mae:  2.96826 |val mae ravg:  3.00020 |
|epoch:  28 | lr: 0.000 |train kld: 1.20348 |train kld ravg: 1.20291 |train mae:  2.33531 |train mae ravg:  2.41880 |val kld: 1.42165 |val kldravg: 1.40976 |val mae:  2.99739 |val mae ravg:  3.00412 |
|epoch:  29 | lr: 0.000 |train kld: 1.17511 |train kld ravg: 1.20077 |train mae:  2.22308 |train mae ravg:  2.39743 |val kld: 1.39509 |val kldravg: 1.40822 |val mae:  2.95171 |val mae ravg:  2.99305 |
----------------------------------------------------------------------------------------------------------------------------------------------------------------
Finished:  2021-03-17 20:07:31.961720

Correlation between train loss and evaluation: 0.966

----------------------------------------------------------------------------------------------------------------------------------------------------------------
Save configfile.
Loading share 1.00  test data.
Number of GPUs:  2

Model loaded from None is being tested.
Start:  2021-03-17 20:07:32.059360
----------------------------------------------------------------------------------------------------------------------------------------------------------------
test kld mean: 1.43250 | test kld std: 0.00100 |test mae mean:  3.21984 |test mae std:  0.00360 |
----------------------------------------------------------------------------------------------------------------------------------------------------------------
Finished:  2021-03-17 20:09:35.641205

Correlation between train loss and evaluation: 0.770

----------------------------------------------------------------------------------------------------------------------------------------------------------------
------------------------------------------------
Finished at: Wed Mar 17 20:09:36 GMT 2021
------------------------------------------------
