------------------------------------------------
Job ID: 38652378
Run on host: compg009.hpc.in.bmrc.ox.ac.uk
Operating system: Linux
Username: lhw539
Started at: Fri Mar 5 12:02:43 GMT 2021
------------------------------------------------
Loading ABIDE train data.
Loading ABIDE   val data.
Load model for age - run: 0
Number of GPUs:  2
Epoch decay:  8
Gamma decay:  0.5

Final layer of model is being trained.
Start:  2021-03-05 12:02:51.502061
----------------------------------------------------------------------------------------------------------------------------------------------------------------
|epoch:   0 | lr: 0.100 |train kld: 1.74934 |train kld ravg: 1.74934 |train mae:  5.48548 |train mae ravg:  5.48548 |val kld: 1.62035 |val kldravg: 1.62035 |val mae:  4.59321 |val mae ravg:  4.59321 |
|epoch:   1 | lr: 0.100 |train kld: 1.74109 |train kld ravg: 1.74521 |train mae:  4.84739 |train mae ravg:  5.16644 |val kld: 1.57150 |val kldravg: 1.59593 |val mae:  4.64091 |val mae ravg:  4.61706 |
|epoch:   2 | lr: 0.100 |train kld: 1.69154 |train kld ravg: 1.72732 |train mae:  4.78318 |train mae ravg:  5.03868 |val kld: 1.47180 |val kldravg: 1.55455 |val mae:  4.59610 |val mae ravg:  4.61007 |
|epoch:   3 | lr: 0.100 |train kld: 1.73191 |train kld ravg: 1.72847 |train mae:  4.77805 |train mae ravg:  4.97353 |val kld: 1.52557 |val kldravg: 1.54731 |val mae:  4.25134 |val mae ravg:  4.52039 |
|epoch:   4 | lr: 0.100 |train kld: 1.67838 |train kld ravg: 1.71845 |train mae:  4.70971 |train mae ravg:  4.92076 |val kld: 1.49282 |val kldravg: 1.53641 |val mae:  4.48890 |val mae ravg:  4.51409 |
|epoch:   5 | lr: 0.100 |train kld: 1.71267 |train kld ravg: 1.71112 |train mae:  4.71089 |train mae ravg:  4.76584 |val kld: 1.55529 |val kldravg: 1.52340 |val mae:  4.24605 |val mae ravg:  4.44466 |
|epoch:   6 | lr: 0.100 |train kld: 1.65945 |train kld ravg: 1.69479 |train mae:  4.62353 |train mae ravg:  4.72107 |val kld: 1.56936 |val kldravg: 1.52297 |val mae:  5.04788 |val mae ravg:  4.52605 |
|epoch:   7 | lr: 0.100 |train kld: 1.70972 |train kld ravg: 1.69843 |train mae:  4.83203 |train mae ravg:  4.73084 |val kld: 1.54077 |val kldravg: 1.53676 |val mae:  4.02896 |val mae ravg:  4.41263 |
|epoch:   8 | lr: 0.050 |train kld: 1.59878 |train kld ravg: 1.67180 |train mae:  4.46519 |train mae ravg:  4.66827 |val kld: 1.48780 |val kldravg: 1.52921 |val mae:  4.32576 |val mae ravg:  4.42751 |
|epoch:   9 | lr: 0.050 |train kld: 1.58892 |train kld ravg: 1.65391 |train mae:  4.69816 |train mae ravg:  4.66596 |val kld: 1.42221 |val kldravg: 1.51509 |val mae:  4.14956 |val mae ravg:  4.35964 |
|epoch:  10 | lr: 0.050 |train kld: 1.55194 |train kld ravg: 1.62176 |train mae:  4.66687 |train mae ravg:  4.65716 |val kld: 1.46102 |val kldravg: 1.49623 |val mae:  4.40013 |val mae ravg:  4.39046 |
|epoch:  11 | lr: 0.050 |train kld: 1.52156 |train kld ravg: 1.59418 |train mae:  4.63833 |train mae ravg:  4.66012 |val kld: 1.53244 |val kldravg: 1.48885 |val mae:  4.90254 |val mae ravg:  4.36139 |
|epoch:  12 | lr: 0.050 |train kld: 1.57964 |train kld ravg: 1.56817 |train mae:  4.73771 |train mae ravg:  4.64125 |val kld: 1.51086 |val kldravg: 1.48287 |val mae:  4.20044 |val mae ravg:  4.39568 |
|epoch:  13 | lr: 0.050 |train kld: 1.56659 |train kld ravg: 1.56173 |train mae:  4.70846 |train mae ravg:  4.68990 |val kld: 1.45558 |val kldravg: 1.47642 |val mae:  4.40538 |val mae ravg:  4.41161 |
|epoch:  14 | lr: 0.050 |train kld: 1.55115 |train kld ravg: 1.55418 |train mae:  4.67813 |train mae ravg:  4.68590 |val kld: 1.46616 |val kldravg: 1.48521 |val mae:  4.09689 |val mae ravg:  4.40107 |
|epoch:  15 | lr: 0.050 |train kld: 1.55322 |train kld ravg: 1.55443 |train mae:  4.71052 |train mae ravg:  4.69463 |val kld: 1.47253 |val kldravg: 1.48751 |val mae:  4.74660 |val mae ravg:  4.47037 |
|epoch:  16 | lr: 0.025 |train kld: 1.50313 |train kld ravg: 1.55075 |train mae:  4.58566 |train mae ravg:  4.68409 |val kld: 1.42813 |val kldravg: 1.46665 |val mae:  4.31367 |val mae ravg:  4.35259 |
|epoch:  17 | lr: 0.025 |train kld: 1.47222 |train kld ravg: 1.52926 |train mae:  4.59272 |train mae ravg:  4.65510 |val kld: 1.44034 |val kldravg: 1.45255 |val mae:  4.20877 |val mae ravg:  4.35426 |
|epoch:  18 | lr: 0.025 |train kld: 1.50805 |train kld ravg: 1.51755 |train mae:  4.63175 |train mae ravg:  4.63976 |val kld: 1.50546 |val kldravg: 1.46252 |val mae:  4.44830 |val mae ravg:  4.36285 |
|epoch:  19 | lr: 0.025 |train kld: 1.50858 |train kld ravg: 1.50904 |train mae:  4.66024 |train mae ravg:  4.63618 |val kld: 1.48640 |val kldravg: 1.46657 |val mae:  4.69015 |val mae ravg:  4.48150 |
|epoch:  20 | lr: 0.025 |train kld: 1.49232 |train kld ravg: 1.49686 |train mae:  4.69078 |train mae ravg:  4.63223 |val kld: 1.45869 |val kldravg: 1.46380 |val mae:  4.28851 |val mae ravg:  4.38988 |
|epoch:  21 | lr: 0.025 |train kld: 1.47754 |train kld ravg: 1.49174 |train mae:  4.47526 |train mae ravg:  4.61015 |val kld: 1.47036 |val kldravg: 1.47225 |val mae:  4.24941 |val mae ravg:  4.37703 |
|epoch:  22 | lr: 0.025 |train kld: 1.47875 |train kld ravg: 1.49305 |train mae:  4.56209 |train mae ravg:  4.60403 |val kld: 1.52477 |val kldravg: 1.48913 |val mae:  4.81415 |val mae ravg:  4.49810 |
|epoch:  23 | lr: 0.025 |train kld: 1.47137 |train kld ravg: 1.48571 |train mae:  4.67629 |train mae ravg:  4.61293 |val kld: 1.42891 |val kldravg: 1.47382 |val mae:  4.27350 |val mae ravg:  4.46314 |
|epoch:  24 | lr: 0.013 |train kld: 1.47131 |train kld ravg: 1.47826 |train mae:  4.54035 |train mae ravg:  4.58895 |val kld: 1.43406 |val kldravg: 1.46336 |val mae:  4.24457 |val mae ravg:  4.37403 |
----------------------------------------------------------------------------------------------------------------------------------------------------------------
Finished:  2021-03-05 12:28:21.224872

Correlation between train loss and evaluation: 0.627

----------------------------------------------------------------------------------------------------------------------------------------------------------------
Number of GPUs:  2
Epoch decay:  20
Gamma decay:  0.5

Full model is being trained.
Start:  2021-03-05 12:28:21.236219
----------------------------------------------------------------------------------------------------------------------------------------------------------------
|epoch:   0 | lr: 0.010 |train kld: 1.42571 |train kld ravg: 1.42571 |train mae:  4.13451 |train mae ravg:  4.13451 |val kld: 1.30755 |val kldravg: 1.30755 |val mae:  4.12043 |val mae ravg:  4.12043 |
|epoch:   1 | lr: 0.010 |train kld: 1.33359 |train kld ravg: 1.37965 |train mae:  3.61188 |train mae ravg:  3.87319 |val kld: 1.14359 |val kldravg: 1.22557 |val mae:  2.53147 |val mae ravg:  3.32595 |
|epoch:   2 | lr: 0.010 |train kld: 1.31018 |train kld ravg: 1.35650 |train mae:  3.54514 |train mae ravg:  3.76384 |val kld: 1.30881 |val kldravg: 1.25332 |val mae:  4.57815 |val mae ravg:  3.74335 |
|epoch:   3 | lr: 0.010 |train kld: 1.25105 |train kld ravg: 1.33013 |train mae:  3.37235 |train mae ravg:  3.66597 |val kld: 1.14678 |val kldravg: 1.22668 |val mae:  2.99748 |val mae ravg:  3.55688 |
|epoch:   4 | lr: 0.010 |train kld: 1.21405 |train kld ravg: 1.30692 |train mae:  3.18024 |train mae ravg:  3.56882 |val kld: 1.09501 |val kldravg: 1.20035 |val mae:  2.22100 |val mae ravg:  3.28971 |
|epoch:   5 | lr: 0.010 |train kld: 1.19298 |train kld ravg: 1.26037 |train mae:  3.06304 |train mae ravg:  3.35453 |val kld: 1.03173 |val kldravg: 1.14518 |val mae:  2.21366 |val mae ravg:  2.90835 |
|epoch:   6 | lr: 0.010 |train kld: 1.19614 |train kld ravg: 1.23288 |train mae:  3.06292 |train mae ravg:  3.24474 |val kld: 1.07715 |val kldravg: 1.13190 |val mae:  2.87245 |val mae ravg:  2.97655 |
|epoch:   7 | lr: 0.010 |train kld: 1.13901 |train kld ravg: 1.19864 |train mae:  2.84594 |train mae ravg:  3.10490 |val kld: 1.15637 |val kldravg: 1.10141 |val mae:  3.21916 |val mae ravg:  2.70475 |
|epoch:   8 | lr: 0.010 |train kld: 1.11191 |train kld ravg: 1.17082 |train mae:  2.79045 |train mae ravg:  2.98852 |val kld: 1.02530 |val kldravg: 1.07711 |val mae:  2.67327 |val mae ravg:  2.63991 |
|epoch:   9 | lr: 0.010 |train kld: 1.06859 |train kld ravg: 1.14173 |train mae:  2.64649 |train mae ravg:  2.88177 |val kld: 1.00205 |val kldravg: 1.05852 |val mae:  2.16134 |val mae ravg:  2.62797 |
|epoch:  10 | lr: 0.010 |train kld: 1.06842 |train kld ravg: 1.11681 |train mae:  2.64589 |train mae ravg:  2.79834 |val kld: 0.94336 |val kldravg: 1.04085 |val mae:  2.13177 |val mae ravg:  2.61160 |
|epoch:  11 | lr: 0.010 |train kld: 1.03473 |train kld ravg: 1.08453 |train mae:  2.58927 |train mae ravg:  2.70361 |val kld: 1.26512 |val kldravg: 1.07844 |val mae:  2.97964 |val mae ravg:  2.63303 |
|epoch:  12 | lr: 0.010 |train kld: 0.99277 |train kld ravg: 1.05528 |train mae:  2.38459 |train mae ravg:  2.61134 |val kld: 1.11011 |val kldravg: 1.06919 |val mae:  2.36742 |val mae ravg:  2.46269 |
|epoch:  13 | lr: 0.010 |train kld: 0.99301 |train kld ravg: 1.03150 |train mae:  2.47009 |train mae ravg:  2.54727 |val kld: 0.91210 |val kldravg: 1.04655 |val mae:  2.11123 |val mae ravg:  2.35028 |
|epoch:  14 | lr: 0.010 |train kld: 1.03945 |train kld ravg: 1.02568 |train mae:  2.62847 |train mae ravg:  2.54366 |val kld: 0.97546 |val kldravg: 1.04123 |val mae:  2.74243 |val mae ravg:  2.46650 |
|epoch:  15 | lr: 0.010 |train kld: 0.94404 |train kld ravg: 1.00080 |train mae:  2.30646 |train mae ravg:  2.47578 |val kld: 0.97533 |val kldravg: 1.04762 |val mae:  2.15481 |val mae ravg:  2.47111 |
|epoch:  16 | lr: 0.010 |train kld: 0.99244 |train kld ravg: 0.99234 |train mae:  2.42608 |train mae ravg:  2.44314 |val kld: 0.94499 |val kldravg: 0.98360 |val mae:  2.38817 |val mae ravg:  2.35281 |
|epoch:  17 | lr: 0.010 |train kld: 0.93814 |train kld ravg: 0.98142 |train mae:  2.33117 |train mae ravg:  2.43245 |val kld: 1.06273 |val kldravg: 0.97412 |val mae:  2.37027 |val mae ravg:  2.35338 |
|epoch:  18 | lr: 0.010 |train kld: 0.90505 |train kld ravg: 0.96382 |train mae:  2.22507 |train mae ravg:  2.38345 |val kld: 0.91521 |val kldravg: 0.97474 |val mae:  2.12106 |val mae ravg:  2.35535 |
|epoch:  19 | lr: 0.010 |train kld: 0.92852 |train kld ravg: 0.94164 |train mae:  2.30735 |train mae ravg:  2.31922 |val kld: 1.05845 |val kldravg: 0.99134 |val mae:  2.15934 |val mae ravg:  2.23873 |
|epoch:  20 | lr: 0.005 |train kld: 0.86130 |train kld ravg: 0.92509 |train mae:  2.15366 |train mae ravg:  2.28866 |val kld: 0.86817 |val kldravg: 0.96991 |val mae:  1.96558 |val mae ravg:  2.20089 |
|epoch:  21 | lr: 0.005 |train kld: 0.83303 |train kld ravg: 0.89321 |train mae:  2.03943 |train mae ravg:  2.21134 |val kld: 1.06019 |val kldravg: 0.99295 |val mae:  2.47200 |val mae ravg:  2.21765 |
|epoch:  22 | lr: 0.005 |train kld: 0.80886 |train kld ravg: 0.86735 |train mae:  1.98399 |train mae ravg:  2.14190 |val kld: 0.89855 |val kldravg: 0.96012 |val mae:  2.09799 |val mae ravg:  2.16320 |
|epoch:  23 | lr: 0.005 |train kld: 0.81920 |train kld ravg: 0.85018 |train mae:  2.05314 |train mae ravg:  2.10751 |val kld: 0.81556 |val kldravg: 0.94019 |val mae:  1.80401 |val mae ravg:  2.09979 |
|epoch:  24 | lr: 0.005 |train kld: 0.79241 |train kld ravg: 0.82296 |train mae:  1.90281 |train mae ravg:  2.02661 |val kld: 0.84688 |val kldravg: 0.89787 |val mae:  2.31286 |val mae ravg:  2.13049 |
|epoch:  25 | lr: 0.005 |train kld: 0.78102 |train kld ravg: 0.80690 |train mae:  1.90559 |train mae ravg:  1.97699 |val kld: 0.93108 |val kldravg: 0.91045 |val mae:  1.87988 |val mae ravg:  2.11335 |
|epoch:  26 | lr: 0.005 |train kld: 0.78445 |train kld ravg: 0.79719 |train mae:  1.97864 |train mae ravg:  1.96484 |val kld: 0.87398 |val kldravg: 0.87321 |val mae:  2.02915 |val mae ravg:  2.02478 |
|epoch:  27 | lr: 0.005 |train kld: 0.76626 |train kld ravg: 0.78867 |train mae:  1.83536 |train mae ravg:  1.93511 |val kld: 0.85027 |val kldravg: 0.86355 |val mae:  2.25982 |val mae ravg:  2.05714 |
|epoch:  28 | lr: 0.005 |train kld: 0.78047 |train kld ravg: 0.78092 |train mae:  1.89036 |train mae ravg:  1.90255 |val kld: 0.82801 |val kldravg: 0.86604 |val mae:  1.91507 |val mae ravg:  2.07935 |
|epoch:  29 | lr: 0.005 |train kld: 0.78884 |train kld ravg: 0.78021 |train mae:  1.93754 |train mae ravg:  1.90950 |val kld: 0.90991 |val kldravg: 0.87865 |val mae:  1.92194 |val mae ravg:  2.00117 |
|epoch:  30 | lr: 0.005 |train kld: 0.77455 |train kld ravg: 0.77891 |train mae:  1.99881 |train mae ravg:  1.92814 |val kld: 0.94944 |val kldravg: 0.88232 |val mae:  2.15674 |val mae ravg:  2.05654 |
|epoch:  31 | lr: 0.005 |train kld: 0.77006 |train kld ravg: 0.77604 |train mae:  1.94097 |train mae ravg:  1.92061 |val kld: 0.93422 |val kldravg: 0.89437 |val mae:  2.06777 |val mae ravg:  2.06427 |
|epoch:  32 | lr: 0.005 |train kld: 0.76231 |train kld ravg: 0.77525 |train mae:  1.93830 |train mae ravg:  1.94120 |val kld: 0.97637 |val kldravg: 0.91959 |val mae:  2.08822 |val mae ravg:  2.02995 |
