------------------------------------------------
Job ID: 38584758
Run on host: compg010.hpc.in.bmrc.ox.ac.uk
Operating system: Linux
Username: lhw539
Started at: Wed Mar 3 18:09:24 GMT 2021
------------------------------------------------
Loading ixi train data.
Loading ixi   val data.
Load model for sex - run: 0
Number of GPUs:  2
Epoch decay:  20
Gamma decay:  0.1

Full model is being trained with weights loaded from pre-trained model.
Start:  2021-03-03 18:09:42.323673
----------------------------------------------------------------------------------------------------------------------------------------------------------------
|epoch:   0 | lr: 0.050 |train ent: 0.67650 |train ent ravg: 0.67650 |train acc:  0.56250 |train acc ravg:  0.56250 |val ent: 0.70865 |val entravg: 0.70865 |val acc:  0.59615 |val acc ravg:  0.59615 |
|epoch:   1 | lr: 0.050 |train ent: 0.66086 |train ent ravg: 0.66868 |train acc:  0.61538 |train acc ravg:  0.58894 |val ent: 1.50765 |val entravg: 1.10815 |val acc:  0.42308 |val acc ravg:  0.50962 |
|epoch:   2 | lr: 0.050 |train ent: 0.68760 |train ent ravg: 0.67499 |train acc:  0.56731 |train acc ravg:  0.58173 |val ent: 0.69147 |val entravg: 0.96926 |val acc:  0.56731 |val acc ravg:  0.52885 |
|epoch:   3 | lr: 0.050 |train ent: 0.67597 |train ent ravg: 0.67523 |train acc:  0.54808 |train acc ravg:  0.57332 |val ent: 0.68032 |val entravg: 0.89702 |val acc:  0.58654 |val acc ravg:  0.54327 |
|epoch:   4 | lr: 0.050 |train ent: 0.68355 |train ent ravg: 0.67690 |train acc:  0.55769 |train acc ravg:  0.57019 |val ent: 0.67467 |val entravg: 0.85255 |val acc:  0.59615 |val acc ravg:  0.55385 |
|epoch:   5 | lr: 0.050 |train ent: 0.68153 |train ent ravg: 0.67790 |train acc:  0.56250 |train acc ravg:  0.57019 |val ent: 0.68208 |val entravg: 0.84724 |val acc:  0.58654 |val acc ravg:  0.55192 |
|epoch:   6 | lr: 0.050 |train ent: 0.68650 |train ent ravg: 0.68303 |train acc:  0.56731 |train acc ravg:  0.56058 |val ent: 0.67480 |val entravg: 0.68067 |val acc:  0.59615 |val acc ravg:  0.58654 |
|epoch:   7 | lr: 0.050 |train ent: 0.68369 |train ent ravg: 0.68225 |train acc:  0.53365 |train acc ravg:  0.55385 |val ent: 0.68514 |val entravg: 0.67940 |val acc:  0.59615 |val acc ravg:  0.59231 |
|epoch:   8 | lr: 0.050 |train ent: 0.69313 |train ent ravg: 0.68568 |train acc:  0.54808 |train acc ravg:  0.55385 |val ent: 0.68080 |val entravg: 0.67950 |val acc:  0.58654 |val acc ravg:  0.59231 |
|epoch:   9 | lr: 0.050 |train ent: 0.69132 |train ent ravg: 0.68724 |train acc:  0.54808 |train acc ravg:  0.55192 |val ent: 0.68416 |val entravg: 0.68139 |val acc:  0.58654 |val acc ravg:  0.59038 |
|epoch:  10 | lr: 0.050 |train ent: 0.68854 |train ent ravg: 0.68864 |train acc:  0.56250 |train acc ravg:  0.55192 |val ent: 0.68352 |val entravg: 0.68168 |val acc:  0.58654 |val acc ravg:  0.59038 |
|epoch:  11 | lr: 0.050 |train ent: 0.68937 |train ent ravg: 0.68921 |train acc:  0.56250 |train acc ravg:  0.55096 |val ent: 0.68645 |val entravg: 0.68401 |val acc:  0.57692 |val acc ravg:  0.58654 |
|epoch:  12 | lr: 0.050 |train ent: 0.68691 |train ent ravg: 0.68986 |train acc:  0.56731 |train acc ravg:  0.55769 |val ent: 0.68136 |val entravg: 0.68326 |val acc:  0.58654 |val acc ravg:  0.58462 |
|epoch:  13 | lr: 0.050 |train ent: 0.69571 |train ent ravg: 0.69037 |train acc:  0.52885 |train acc ravg:  0.55385 |val ent: 0.68163 |val entravg: 0.68342 |val acc:  0.57692 |val acc ravg:  0.58269 |
|epoch:  14 | lr: 0.050 |train ent: 0.69108 |train ent ravg: 0.69032 |train acc:  0.54808 |train acc ravg:  0.55385 |val ent: 0.68477 |val entravg: 0.68355 |val acc:  0.57692 |val acc ravg:  0.58077 |
|epoch:  15 | lr: 0.050 |train ent: 0.69021 |train ent ravg: 0.69066 |train acc:  0.55288 |train acc ravg:  0.55192 |val ent: 0.68287 |val entravg: 0.68342 |val acc:  0.57692 |val acc ravg:  0.57885 |
|epoch:  16 | lr: 0.050 |train ent: 0.68903 |train ent ravg: 0.69059 |train acc:  0.51442 |train acc ravg:  0.54231 |val ent: 0.68180 |val entravg: 0.68248 |val acc:  0.57692 |val acc ravg:  0.57885 |
|epoch:  17 | lr: 0.050 |train ent: 0.69064 |train ent ravg: 0.69134 |train acc:  0.55288 |train acc ravg:  0.53942 |val ent: 0.68488 |val entravg: 0.68319 |val acc:  0.57692 |val acc ravg:  0.57692 |
|epoch:  18 | lr: 0.050 |train ent: 0.68979 |train ent ravg: 0.69015 |train acc:  0.55769 |train acc ravg:  0.54519 |val ent: 0.68116 |val entravg: 0.68309 |val acc:  0.58654 |val acc ravg:  0.57885 |
|epoch:  19 | lr: 0.050 |train ent: 0.69491 |train ent ravg: 0.69092 |train acc:  0.50000 |train acc ravg:  0.53558 |val ent: 0.68406 |val entravg: 0.68295 |val acc:  0.56731 |val acc ravg:  0.57692 |
|epoch:  20 | lr: 0.005 |train ent: 0.68718 |train ent ravg: 0.69031 |train acc:  0.55769 |train acc ravg:  0.53654 |val ent: 0.68406 |val entravg: 0.68319 |val acc:  0.56731 |val acc ravg:  0.57500 |
|epoch:  21 | lr: 0.005 |train ent: 0.68642 |train ent ravg: 0.68979 |train acc:  0.56250 |train acc ravg:  0.54615 |val ent: 0.67955 |val entravg: 0.68274 |val acc:  0.58654 |val acc ravg:  0.57692 |
|epoch:  22 | lr: 0.005 |train ent: 0.68456 |train ent ravg: 0.68857 |train acc:  0.56731 |train acc ravg:  0.54904 |val ent: 0.67929 |val entravg: 0.68162 |val acc:  0.58654 |val acc ravg:  0.57885 |
|epoch:  23 | lr: 0.005 |train ent: 0.68735 |train ent ravg: 0.68808 |train acc:  0.55769 |train acc ravg:  0.54904 |val ent: 0.67946 |val entravg: 0.68129 |val acc:  0.58654 |val acc ravg:  0.57885 |
|epoch:  24 | lr: 0.005 |train ent: 0.68442 |train ent ravg: 0.68598 |train acc:  0.56731 |train acc ravg:  0.56250 |val ent: 0.68175 |val entravg: 0.68082 |val acc:  0.57692 |val acc ravg:  0.58077 |
|epoch:  25 | lr: 0.005 |train ent: 0.68578 |train ent ravg: 0.68570 |train acc:  0.56250 |train acc ravg:  0.56346 |val ent: 0.67737 |val entravg: 0.67948 |val acc:  0.59615 |val acc ravg:  0.58654 |
|epoch:  26 | lr: 0.005 |train ent: 0.68668 |train ent ravg: 0.68575 |train acc:  0.55769 |train acc ravg:  0.56250 |val ent: 0.68018 |val entravg: 0.67961 |val acc:  0.58654 |val acc ravg:  0.58654 |
|epoch:  27 | lr: 0.005 |train ent: 0.68242 |train ent ravg: 0.68533 |train acc:  0.57692 |train acc ravg:  0.56442 |val ent: 0.67974 |val entravg: 0.67970 |val acc:  0.58654 |val acc ravg:  0.58654 |
|epoch:  28 | lr: 0.005 |train ent: 0.68782 |train ent ravg: 0.68542 |train acc:  0.55288 |train acc ravg:  0.56346 |val ent: 0.67998 |val entravg: 0.67981 |val acc:  0.58654 |val acc ravg:  0.58654 |
|epoch:  29 | lr: 0.005 |train ent: 0.68661 |train ent ravg: 0.68586 |train acc:  0.55769 |train acc ravg:  0.56154 |val ent: 0.68225 |val entravg: 0.67991 |val acc:  0.57692 |val acc ravg:  0.58654 |
|epoch:  30 | lr: 0.005 |train ent: 0.68884 |train ent ravg: 0.68647 |train acc:  0.54808 |train acc ravg:  0.55865 |val ent: 0.68051 |val entravg: 0.68053 |val acc:  0.58654 |val acc ravg:  0.58462 |
|epoch:  31 | lr: 0.005 |train ent: 0.68592 |train ent ravg: 0.68632 |train acc:  0.56250 |train acc ravg:  0.55962 |val ent: 0.68058 |val entravg: 0.68061 |val acc:  0.58654 |val acc ravg:  0.58462 |
|epoch:  32 | lr: 0.005 |train ent: 0.68829 |train ent ravg: 0.68750 |train acc:  0.55288 |train acc ravg:  0.55481 |val ent: 0.68040 |val entravg: 0.68075 |val acc:  0.58654 |val acc ravg:  0.58462 |
|epoch:  33 | lr: 0.005 |train ent: 0.68615 |train ent ravg: 0.68716 |train acc:  0.56250 |train acc ravg:  0.55673 |val ent: 0.67869 |val entravg: 0.68049 |val acc:  0.59615 |val acc ravg:  0.58654 |
|epoch:  34 | lr: 0.005 |train ent: 0.68583 |train ent ravg: 0.68701 |train acc:  0.56250 |train acc ravg:  0.55769 |val ent: 0.68232 |val entravg: 0.68050 |val acc:  0.57692 |val acc ravg:  0.58654 |
|epoch:  35 | lr: 0.005 |train ent: 0.68591 |train ent ravg: 0.68642 |train acc:  0.56250 |train acc ravg:  0.56058 |val ent: 0.68031 |val entravg: 0.68046 |val acc:  0.58654 |val acc ravg:  0.58654 |
|epoch:  36 | lr: 0.005 |train ent: 0.68729 |train ent ravg: 0.68669 |train acc:  0.55769 |train acc ravg:  0.55962 |val ent: 0.68267 |val entravg: 0.68088 |val acc:  0.57692 |val acc ravg:  0.58462 |
|epoch:  37 | lr: 0.005 |train ent: 0.68671 |train ent ravg: 0.68638 |train acc:  0.55769 |train acc ravg:  0.56058 |val ent: 0.67983 |val entravg: 0.68076 |val acc:  0.58654 |val acc ravg:  0.58462 |
|epoch:  38 | lr: 0.005 |train ent: 0.68880 |train ent ravg: 0.68691 |train acc:  0.54808 |train acc ravg:  0.55769 |val ent: 0.68047 |val entravg: 0.68112 |val acc:  0.58654 |val acc ravg:  0.58269 |
|epoch:  39 | lr: 0.005 |train ent: 0.68827 |train ent ravg: 0.68740 |train acc:  0.55288 |train acc ravg:  0.55577 |val ent: 0.68110 |val entravg: 0.68088 |val acc:  0.58654 |val acc ravg:  0.58462 |
|epoch:  40 | lr: 0.001 |train ent: 0.68672 |train ent ravg: 0.68756 |train acc:  0.55769 |train acc ravg:  0.55481 |val ent: 0.68294 |val entravg: 0.68140 |val acc:  0.57692 |val acc ravg:  0.58269 |
|epoch:  41 | lr: 0.001 |train ent: 0.68576 |train ent ravg: 0.68725 |train acc:  0.56250 |train acc ravg:  0.55577 |val ent: 0.68290 |val entravg: 0.68145 |val acc:  0.57692 |val acc ravg:  0.58269 |
|epoch:  42 | lr: 0.001 |train ent: 0.68673 |train ent ravg: 0.68726 |train acc:  0.55769 |train acc ravg:  0.55577 |val ent: 0.68477 |val entravg: 0.68244 |val acc:  0.56731 |val acc ravg:  0.57885 |
|epoch:  43 | lr: 0.001 |train ent: 0.68390 |train ent ravg: 0.68628 |train acc:  0.57212 |train acc ravg:  0.56058 |val ent: 0.68085 |val entravg: 0.68251 |val acc:  0.58654 |val acc ravg:  0.57885 |
|epoch:  44 | lr: 0.001 |train ent: 0.68759 |train ent ravg: 0.68614 |train acc:  0.55288 |train acc ravg:  0.56058 |val ent: 0.68280 |val entravg: 0.68285 |val acc:  0.57692 |val acc ravg:  0.57692 |
|epoch:  45 | lr: 0.001 |train ent: 0.68857 |train ent ravg: 0.68651 |train acc:  0.54808 |train acc ravg:  0.55865 |val ent: 0.68285 |val entravg: 0.68283 |val acc:  0.57692 |val acc ravg:  0.57692 |
|epoch:  46 | lr: 0.001 |train ent: 0.68672 |train ent ravg: 0.68670 |train acc:  0.55769 |train acc ravg:  0.55769 |val ent: 0.68084 |val entravg: 0.68242 |val acc:  0.58654 |val acc ravg:  0.57885 |
|epoch:  47 | lr: 0.001 |train ent: 0.68476 |train ent ravg: 0.68631 |train acc:  0.56731 |train acc ravg:  0.55962 |val ent: 0.67695 |val entravg: 0.68086 |val acc:  0.60577 |val acc ravg:  0.58654 |
|epoch:  48 | lr: 0.001 |train ent: 0.68857 |train ent ravg: 0.68724 |train acc:  0.54808 |train acc ravg:  0.55481 |val ent: 0.67892 |val entravg: 0.68047 |val acc:  0.59615 |val acc ravg:  0.58846 |
|epoch:  49 | lr: 0.001 |train ent: 0.68569 |train ent ravg: 0.68686 |train acc:  0.56250 |train acc ravg:  0.55673 |val ent: 0.68084 |val entravg: 0.68008 |val acc:  0.58654 |val acc ravg:  0.59038 |
|epoch:  50 | lr: 0.001 |train ent: 0.68663 |train ent ravg: 0.68647 |train acc:  0.55769 |train acc ravg:  0.55865 |val ent: 0.68467 |val entravg: 0.68044 |val acc:  0.56731 |val acc ravg:  0.58846 |
|epoch:  51 | lr: 0.001 |train ent: 0.68759 |train ent ravg: 0.68665 |train acc:  0.55288 |train acc ravg:  0.55769 |val ent: 0.68084 |val entravg: 0.68044 |val acc:  0.58654 |val acc ravg:  0.58846 |
|epoch:  52 | lr: 0.001 |train ent: 0.68668 |train ent ravg: 0.68703 |train acc:  0.55769 |train acc ravg:  0.55577 |val ent: 0.67700 |val entravg: 0.68045 |val acc:  0.60577 |val acc ravg:  0.58846 |
|epoch:  53 | lr: 0.001 |train ent: 0.68474 |train ent ravg: 0.68627 |train acc:  0.56731 |train acc ravg:  0.55962 |val ent: 0.67887 |val entravg: 0.68044 |val acc:  0.59615 |val acc ravg:  0.58846 |
|epoch:  54 | lr: 0.001 |train ent: 0.68761 |train ent ravg: 0.68665 |train acc:  0.55288 |train acc ravg:  0.55769 |val ent: 0.68273 |val entravg: 0.68082 |val acc:  0.57692 |val acc ravg:  0.58654 |
|epoch:  55 | lr: 0.001 |train ent: 0.68368 |train ent ravg: 0.68606 |train acc:  0.57212 |train acc ravg:  0.56058 |val ent: 0.68267 |val entravg: 0.68042 |val acc:  0.57692 |val acc ravg:  0.58846 |
|epoch:  56 | lr: 0.001 |train ent: 0.68467 |train ent ravg: 0.68547 |train acc:  0.56731 |train acc ravg:  0.56346 |val ent: 0.68265 |val entravg: 0.68079 |val acc:  0.57692 |val acc ravg:  0.58654 |
|epoch:  57 | lr: 0.001 |train ent: 0.68467 |train ent ravg: 0.68507 |train acc:  0.56731 |train acc ravg:  0.56538 |val ent: 0.68260 |val entravg: 0.68191 |val acc:  0.57692 |val acc ravg:  0.58077 |
|epoch:  58 | lr: 0.001 |train ent: 0.68762 |train ent ravg: 0.68565 |train acc:  0.55288 |train acc ravg:  0.56250 |val ent: 0.68256 |val entravg: 0.68264 |val acc:  0.57692 |val acc ravg:  0.57692 |
|epoch:  59 | lr: 0.001 |train ent: 0.68773 |train ent ravg: 0.68567 |train acc:  0.55288 |train acc ravg:  0.56250 |val ent: 0.67675 |val entravg: 0.68145 |val acc:  0.60577 |val acc ravg:  0.58269 |
----------------------------------------------------------------------------------------------------------------------------------------------------------------
Finished:  2021-03-03 19:39:26.269623

Correlation between train loss and evaluation: -0.690

----------------------------------------------------------------------------------------------------------------------------------------------------------------
------------------------------------------------
Finished at: Wed Mar 3 19:39:29 GMT 2021
------------------------------------------------
