------------------------------------------------
Job ID: 43016207
Run on host: compg011.hpc.in.bmrc.ox.ac.uk
Operating system: Linux
Username: lhw539
Started at: Thu Apr 8 12:18:16 BST 2021
------------------------------------------------
Test (in contrast to train):  False
Loading share 0.89 train data.
The data was balanced for  sex .
Loading ixi   val data.
The data was balanced for  sex .
Load model for sex - run: 0
Output dimensions match.
Number of GPUs:  2
Epoch decay:  10
Gamma decay:  0.2

Full model is being trained with weights loaded from pre-trained model.
Start:  2021-04-08 12:18:24.040509
----------------------------------------------------------------------------------------------------------------------------------------------------------------
|epoch:   0 | lr: 0.005 |train ent: 0.97368 |train ent ravg: 0.97368 |train acc:  0.60096 |train acc ravg:  0.60096 |val ent: 1.63081 |val entravg: 1.63081 |val acc:  0.56667 |val acc ravg:  0.56667 |
|epoch:   1 | lr: 0.005 |train ent: 0.73371 |train ent ravg: 0.85370 |train acc:  0.62500 |train acc ravg:  0.61298 |val ent: 0.77470 |val entravg: 1.20275 |val acc:  0.59167 |val acc ravg:  0.57917 |
|epoch:   2 | lr: 0.005 |train ent: 0.60985 |train ent ravg: 0.77241 |train acc:  0.67308 |train acc ravg:  0.63301 |val ent: 1.68836 |val entravg: 1.36462 |val acc:  0.50833 |val acc ravg:  0.55556 |
|epoch:   3 | lr: 0.005 |train ent: 0.65670 |train ent ravg: 0.74349 |train acc:  0.69231 |train acc ravg:  0.64784 |val ent: 2.26695 |val entravg: 1.59020 |val acc:  0.51667 |val acc ravg:  0.54583 |
|epoch:   4 | lr: 0.005 |train ent: 0.55557 |train ent ravg: 0.70590 |train acc:  0.72115 |train acc ravg:  0.66250 |val ent: 2.55552 |val entravg: 1.78327 |val acc:  0.48333 |val acc ravg:  0.53333 |
|epoch:   5 | lr: 0.005 |train ent: 0.62817 |train ent ravg: 0.63680 |train acc:  0.70192 |train acc ravg:  0.68269 |val ent: 0.71164 |val entravg: 1.59943 |val acc:  0.62500 |val acc ravg:  0.54500 |
|epoch:   6 | lr: 0.005 |train ent: 0.64485 |train ent ravg: 0.61903 |train acc:  0.63462 |train acc ravg:  0.68462 |val ent: 1.92448 |val entravg: 1.82939 |val acc:  0.51667 |val acc ravg:  0.53000 |
|epoch:   7 | lr: 0.005 |train ent: 0.54810 |train ent ravg: 0.60668 |train acc:  0.69712 |train acc ravg:  0.68942 |val ent: 2.14166 |val entravg: 1.92005 |val acc:  0.50833 |val acc ravg:  0.53000 |
|epoch:   8 | lr: 0.005 |train ent: 0.59890 |train ent ravg: 0.59512 |train acc:  0.72596 |train acc ravg:  0.69615 |val ent: 1.12977 |val entravg: 1.69261 |val acc:  0.47500 |val acc ravg:  0.52167 |
|epoch:   9 | lr: 0.005 |train ent: 0.52679 |train ent ravg: 0.58936 |train acc:  0.76923 |train acc ravg:  0.70577 |val ent: 1.76191 |val entravg: 1.53389 |val acc:  0.50833 |val acc ravg:  0.52667 |
|epoch:  10 | lr: 0.001 |train ent: 0.58322 |train ent ravg: 0.58037 |train acc:  0.72115 |train acc ravg:  0.70962 |val ent: 0.91019 |val entravg: 1.57360 |val acc:  0.53333 |val acc ravg:  0.50833 |
|epoch:  11 | lr: 0.001 |train ent: 0.49809 |train ent ravg: 0.55102 |train acc:  0.74519 |train acc ravg:  0.73173 |val ent: 0.53768 |val entravg: 1.29624 |val acc:  0.71667 |val acc ravg:  0.54833 |
|epoch:  12 | lr: 0.001 |train ent: 0.48041 |train ent ravg: 0.53748 |train acc:  0.78365 |train acc ravg:  0.74904 |val ent: 0.64105 |val entravg: 0.99612 |val acc:  0.64167 |val acc ravg:  0.57500 |
|epoch:  13 | lr: 0.001 |train ent: 0.41426 |train ent ravg: 0.50055 |train acc:  0.82212 |train acc ravg:  0.76827 |val ent: 0.57453 |val entravg: 0.88507 |val acc:  0.70000 |val acc ravg:  0.62000 |
|epoch:  14 | lr: 0.001 |train ent: 0.46602 |train ent ravg: 0.48840 |train acc:  0.79808 |train acc ravg:  0.77404 |val ent: 0.89770 |val entravg: 0.71223 |val acc:  0.56667 |val acc ravg:  0.63167 |
|epoch:  15 | lr: 0.001 |train ent: 0.42132 |train ent ravg: 0.45602 |train acc:  0.82212 |train acc ravg:  0.79423 |val ent: 0.50868 |val entravg: 0.63193 |val acc:  0.75000 |val acc ravg:  0.67500 |
|epoch:  16 | lr: 0.001 |train ent: 0.46891 |train ent ravg: 0.45018 |train acc:  0.80769 |train acc ravg:  0.80673 |val ent: 0.60766 |val entravg: 0.64592 |val acc:  0.67500 |val acc ravg:  0.66667 |
|epoch:  17 | lr: 0.001 |train ent: 0.45961 |train ent ravg: 0.44602 |train acc:  0.76442 |train acc ravg:  0.80288 |val ent: 0.50360 |val entravg: 0.61843 |val acc:  0.75833 |val acc ravg:  0.69000 |
|epoch:  18 | lr: 0.001 |train ent: 0.46300 |train ent ravg: 0.45577 |train acc:  0.79327 |train acc ravg:  0.79712 |val ent: 0.87703 |val entravg: 0.67893 |val acc:  0.57500 |val acc ravg:  0.66500 |
|epoch:  19 | lr: 0.001 |train ent: 0.43284 |train ent ravg: 0.44914 |train acc:  0.81731 |train acc ravg:  0.80096 |val ent: 0.47620 |val entravg: 0.59463 |val acc:  0.80000 |val acc ravg:  0.71167 |
|epoch:  20 | lr: 0.000 |train ent: 0.41455 |train ent ravg: 0.44778 |train acc:  0.78846 |train acc ravg:  0.79423 |val ent: 0.48069 |val entravg: 0.58904 |val acc:  0.76667 |val acc ravg:  0.71500 |
|epoch:  21 | lr: 0.000 |train ent: 0.43824 |train ent ravg: 0.44165 |train acc:  0.79808 |train acc ravg:  0.79231 |val ent: 0.49230 |val entravg: 0.56596 |val acc:  0.76667 |val acc ravg:  0.73333 |
|epoch:  22 | lr: 0.000 |train ent: 0.40838 |train ent ravg: 0.43140 |train acc:  0.86538 |train acc ravg:  0.81250 |val ent: 0.48871 |val entravg: 0.56299 |val acc:  0.76667 |val acc ravg:  0.73500 |
|epoch:  23 | lr: 0.000 |train ent: 0.41005 |train ent ravg: 0.42081 |train acc:  0.80288 |train acc ravg:  0.81442 |val ent: 0.50596 |val entravg: 0.48877 |val acc:  0.75000 |val acc ravg:  0.77000 |
|epoch:  24 | lr: 0.000 |train ent: 0.42072 |train ent ravg: 0.41839 |train acc:  0.82692 |train acc ravg:  0.81635 |val ent: 0.46097 |val entravg: 0.48573 |val acc:  0.77500 |val acc ravg:  0.76500 |
|epoch:  25 | lr: 0.000 |train ent: 0.40968 |train ent ravg: 0.41741 |train acc:  0.81250 |train acc ravg:  0.82115 |val ent: 0.49166 |val entravg: 0.48792 |val acc:  0.75833 |val acc ravg:  0.76333 |
|epoch:  26 | lr: 0.000 |train ent: 0.41864 |train ent ravg: 0.41349 |train acc:  0.80769 |train acc ravg:  0.82308 |val ent: 0.46194 |val entravg: 0.48185 |val acc:  0.76667 |val acc ravg:  0.76333 |
|epoch:  27 | lr: 0.000 |train ent: 0.40541 |train ent ravg: 0.41290 |train acc:  0.84135 |train acc ravg:  0.81827 |val ent: 0.46876 |val entravg: 0.47786 |val acc:  0.79167 |val acc ravg:  0.76833 |
|epoch:  28 | lr: 0.000 |train ent: 0.37888 |train ent ravg: 0.40667 |train acc:  0.83173 |train acc ravg:  0.82404 |val ent: 0.47024 |val entravg: 0.47071 |val acc:  0.79167 |val acc ravg:  0.77667 |
|epoch:  29 | lr: 0.000 |train ent: 0.37362 |train ent ravg: 0.39724 |train acc:  0.85096 |train acc ravg:  0.82885 |val ent: 0.50447 |val entravg: 0.47942 |val acc:  0.77500 |val acc ravg:  0.77667 |
|epoch:  30 | lr: 0.000 |train ent: 0.42729 |train ent ravg: 0.40077 |train acc:  0.78846 |train acc ravg:  0.82404 |val ent: 0.46802 |val entravg: 0.47469 |val acc:  0.76667 |val acc ravg:  0.77833 |
|epoch:  31 | lr: 0.000 |train ent: 0.37676 |train ent ravg: 0.39239 |train acc:  0.84615 |train acc ravg:  0.83173 |val ent: 0.44495 |val entravg: 0.47129 |val acc:  0.78333 |val acc ravg:  0.78167 |
|epoch:  32 | lr: 0.000 |train ent: 0.33335 |train ent ravg: 0.37798 |train acc:  0.84615 |train acc ravg:  0.83269 |val ent: 0.45257 |val entravg: 0.46805 |val acc:  0.77500 |val acc ravg:  0.77833 |
|epoch:  33 | lr: 0.000 |train ent: 0.38343 |train ent ravg: 0.37889 |train acc:  0.80769 |train acc ravg:  0.82788 |val ent: 0.45690 |val entravg: 0.46538 |val acc:  0.76667 |val acc ravg:  0.77333 |
|epoch:  34 | lr: 0.000 |train ent: 0.39548 |train ent ravg: 0.38326 |train acc:  0.84135 |train acc ravg:  0.82596 |val ent: 0.45481 |val entravg: 0.45545 |val acc:  0.76667 |val acc ravg:  0.77167 |
|epoch:  35 | lr: 0.000 |train ent: 0.34936 |train ent ravg: 0.36768 |train acc:  0.85577 |train acc ravg:  0.83942 |val ent: 0.45502 |val entravg: 0.45285 |val acc:  0.78333 |val acc ravg:  0.77500 |
|epoch:  36 | lr: 0.000 |train ent: 0.34221 |train ent ravg: 0.36077 |train acc:  0.88462 |train acc ravg:  0.84712 |val ent: 0.45679 |val entravg: 0.45522 |val acc:  0.77500 |val acc ravg:  0.77333 |
|epoch:  37 | lr: 0.000 |train ent: 0.37275 |train ent ravg: 0.36865 |train acc:  0.84135 |train acc ravg:  0.84615 |val ent: 0.44600 |val entravg: 0.45390 |val acc:  0.78333 |val acc ravg:  0.77500 |
|epoch:  38 | lr: 0.000 |train ent: 0.37632 |train ent ravg: 0.36723 |train acc:  0.83173 |train acc ravg:  0.85096 |val ent: 0.44601 |val entravg: 0.45173 |val acc:  0.77500 |val acc ravg:  0.77667 |
|epoch:  39 | lr: 0.000 |train ent: 0.39209 |train ent ravg: 0.36655 |train acc:  0.80288 |train acc ravg:  0.84327 |val ent: 0.46982 |val entravg: 0.45473 |val acc:  0.76667 |val acc ravg:  0.77667 |
|epoch:  40 | lr: 0.000 |train ent: 0.36456 |train ent ravg: 0.36959 |train acc:  0.85577 |train acc ravg:  0.84327 |val ent: 0.46263 |val entravg: 0.45625 |val acc:  0.77500 |val acc ravg:  0.77500 |
|epoch:  41 | lr: 0.000 |train ent: 0.40716 |train ent ravg: 0.38258 |train acc:  0.82692 |train acc ravg:  0.83173 |val ent: 0.47445 |val entravg: 0.45978 |val acc:  0.76667 |val acc ravg:  0.77333 |
|epoch:  42 | lr: 0.000 |train ent: 0.40483 |train ent ravg: 0.38899 |train acc:  0.81731 |train acc ravg:  0.82692 |val ent: 0.46002 |val entravg: 0.46259 |val acc:  0.77500 |val acc ravg:  0.77167 |
|epoch:  43 | lr: 0.000 |train ent: 0.46499 |train ent ravg: 0.40672 |train acc:  0.76923 |train acc ravg:  0.81442 |val ent: 0.44641 |val entravg: 0.46267 |val acc:  0.76667 |val acc ravg:  0.77000 |
|epoch:  44 | lr: 0.000 |train ent: 0.41222 |train ent ravg: 0.41075 |train acc:  0.81250 |train acc ravg:  0.81635 |val ent: 0.44073 |val entravg: 0.45685 |val acc:  0.78333 |val acc ravg:  0.77333 |
|epoch:  45 | lr: 0.000 |train ent: 0.38139 |train ent ravg: 0.41412 |train acc:  0.82692 |train acc ravg:  0.81058 |val ent: 0.47812 |val entravg: 0.45995 |val acc:  0.76667 |val acc ravg:  0.77167 |
|epoch:  46 | lr: 0.000 |train ent: 0.34785 |train ent ravg: 0.40225 |train acc:  0.84615 |train acc ravg:  0.81442 |val ent: 0.44184 |val entravg: 0.45342 |val acc:  0.76667 |val acc ravg:  0.77167 |
|epoch:  47 | lr: 0.000 |train ent: 0.40172 |train ent ravg: 0.40163 |train acc:  0.80769 |train acc ravg:  0.81250 |val ent: 0.45982 |val entravg: 0.45338 |val acc:  0.78333 |val acc ravg:  0.77333 |
|epoch:  48 | lr: 0.000 |train ent: 0.35505 |train ent ravg: 0.37965 |train acc:  0.85096 |train acc ravg:  0.82885 |val ent: 0.45270 |val entravg: 0.45464 |val acc:  0.78333 |val acc ravg:  0.77667 |
|epoch:  49 | lr: 0.000 |train ent: 0.39008 |train ent ravg: 0.37522 |train acc:  0.82692 |train acc ravg:  0.83173 |val ent: 0.44748 |val entravg: 0.45599 |val acc:  0.78333 |val acc ravg:  0.77667 |
|epoch:  50 | lr: 0.000 |train ent: 0.39390 |train ent ravg: 0.37772 |train acc:  0.84615 |train acc ravg:  0.83558 |val ent: 0.49054 |val entravg: 0.45848 |val acc:  0.76667 |val acc ravg:  0.77667 |
|epoch:  51 | lr: 0.000 |train ent: 0.35954 |train ent ravg: 0.38006 |train acc:  0.84615 |train acc ravg:  0.83558 |val ent: 0.44763 |val entravg: 0.45963 |val acc:  0.78333 |val acc ravg:  0.78000 |
|epoch:  52 | lr: 0.000 |train ent: 0.41205 |train ent ravg: 0.38212 |train acc:  0.79327 |train acc ravg:  0.83269 |val ent: 0.44860 |val entravg: 0.45739 |val acc:  0.77500 |val acc ravg:  0.77833 |
|epoch:  53 | lr: 0.000 |train ent: 0.32587 |train ent ravg: 0.37629 |train acc:  0.86538 |train acc ravg:  0.83558 |val ent: 0.45740 |val entravg: 0.45833 |val acc:  0.76667 |val acc ravg:  0.77500 |
|epoch:  54 | lr: 0.000 |train ent: 0.40591 |train ent ravg: 0.37945 |train acc:  0.84615 |train acc ravg:  0.83942 |val ent: 0.45101 |val entravg: 0.45903 |val acc:  0.78333 |val acc ravg:  0.77500 |
|epoch:  55 | lr: 0.000 |train ent: 0.40298 |train ent ravg: 0.38127 |train acc:  0.82692 |train acc ravg:  0.83558 |val ent: 0.45637 |val entravg: 0.45220 |val acc:  0.76667 |val acc ravg:  0.77500 |
|epoch:  56 | lr: 0.000 |train ent: 0.43245 |train ent ravg: 0.39585 |train acc:  0.80288 |train acc ravg:  0.82692 |val ent: 0.41309 |val entravg: 0.44529 |val acc:  0.83333 |val acc ravg:  0.78500 |
|epoch:  57 | lr: 0.000 |train ent: 0.43859 |train ent ravg: 0.40116 |train acc:  0.78365 |train acc ravg:  0.82500 |val ent: 0.48050 |val entravg: 0.45167 |val acc:  0.76667 |val acc ravg:  0.78333 |
|epoch:  58 | lr: 0.000 |train ent: 0.43419 |train ent ravg: 0.42282 |train acc:  0.80288 |train acc ravg:  0.81250 |val ent: 0.45240 |val entravg: 0.45067 |val acc:  0.77500 |val acc ravg:  0.78500 |
|epoch:  59 | lr: 0.000 |train ent: 0.39822 |train ent ravg: 0.42129 |train acc:  0.82212 |train acc ravg:  0.80769 |val ent: 0.44970 |val entravg: 0.45041 |val acc:  0.78333 |val acc ravg:  0.78500 |
|epoch:  60 | lr: 0.000 |train ent: 0.36386 |train ent ravg: 0.41346 |train acc:  0.84615 |train acc ravg:  0.81154 |val ent: 0.46090 |val entravg: 0.45132 |val acc:  0.77500 |val acc ravg:  0.78667 |
|epoch:  61 | lr: 0.000 |train ent: 0.37731 |train ent ravg: 0.40243 |train acc:  0.85577 |train acc ravg:  0.82212 |val ent: 0.43997 |val entravg: 0.45669 |val acc:  0.77500 |val acc ravg:  0.77500 |
|epoch:  62 | lr: 0.000 |train ent: 0.36350 |train ent ravg: 0.38741 |train acc:  0.83654 |train acc ravg:  0.83269 |val ent: 0.44299 |val entravg: 0.44919 |val acc:  0.78333 |val acc ravg:  0.77833 |
|epoch:  63 | lr: 0.000 |train ent: 0.41613 |train ent ravg: 0.38380 |train acc:  0.81250 |train acc ravg:  0.83462 |val ent: 0.46658 |val entravg: 0.45203 |val acc:  0.77500 |val acc ravg:  0.77833 |
|epoch:  64 | lr: 0.000 |train ent: 0.31726 |train ent ravg: 0.36761 |train acc:  0.86058 |train acc ravg:  0.84231 |val ent: 0.44849 |val entravg: 0.45179 |val acc:  0.78333 |val acc ravg:  0.77833 |
|epoch:  65 | lr: 0.000 |train ent: 0.40983 |train ent ravg: 0.37681 |train acc:  0.83654 |train acc ravg:  0.84038 |val ent: 0.42585 |val entravg: 0.44478 |val acc:  0.78333 |val acc ravg:  0.78000 |
|epoch:  66 | lr: 0.000 |train ent: 0.37671 |train ent ravg: 0.37669 |train acc:  0.84135 |train acc ravg:  0.83750 |val ent: 0.44550 |val entravg: 0.44588 |val acc:  0.77500 |val acc ravg:  0.78000 |
|epoch:  67 | lr: 0.000 |train ent: 0.39117 |train ent ravg: 0.38222 |train acc:  0.80288 |train acc ravg:  0.83077 |val ent: 0.43524 |val entravg: 0.44433 |val acc:  0.77500 |val acc ravg:  0.77833 |
|epoch:  68 | lr: 0.000 |train ent: 0.37029 |train ent ravg: 0.37305 |train acc:  0.83173 |train acc ravg:  0.83462 |val ent: 0.46197 |val entravg: 0.44341 |val acc:  0.76667 |val acc ravg:  0.77667 |
|epoch:  69 | lr: 0.000 |train ent: 0.40305 |train ent ravg: 0.39021 |train acc:  0.82212 |train acc ravg:  0.82692 |val ent: 0.41743 |val entravg: 0.43720 |val acc:  0.80833 |val acc ravg:  0.78167 |
|epoch:  70 | lr: 0.000 |train ent: 0.28100 |train ent ravg: 0.36444 |train acc:  0.90865 |train acc ravg:  0.84135 |val ent: 0.45814 |val entravg: 0.44366 |val acc:  0.75833 |val acc ravg:  0.77667 |
|epoch:  71 | lr: 0.000 |train ent: 0.35591 |train ent ravg: 0.36028 |train acc:  0.85577 |train acc ravg:  0.84423 |val ent: 0.45047 |val entravg: 0.44465 |val acc:  0.78333 |val acc ravg:  0.77833 |
|epoch:  72 | lr: 0.000 |train ent: 0.38936 |train ent ravg: 0.35992 |train acc:  0.82692 |train acc ravg:  0.84904 |val ent: 0.45065 |val entravg: 0.44773 |val acc:  0.77500 |val acc ravg:  0.77833 |
|epoch:  73 | lr: 0.000 |train ent: 0.35783 |train ent ravg: 0.35743 |train acc:  0.84135 |train acc ravg:  0.85096 |val ent: 0.45371 |val entravg: 0.44608 |val acc:  0.78333 |val acc ravg:  0.78167 |
|epoch:  74 | lr: 0.000 |train ent: 0.34536 |train ent ravg: 0.34589 |train acc:  0.86538 |train acc ravg:  0.85962 |val ent: 0.45877 |val entravg: 0.45435 |val acc:  0.75000 |val acc ravg:  0.77000 |
|epoch:  75 | lr: 0.000 |train ent: 0.34099 |train ent ravg: 0.35789 |train acc:  0.84135 |train acc ravg:  0.84615 |val ent: 0.46173 |val entravg: 0.45507 |val acc:  0.75833 |val acc ravg:  0.77000 |
|epoch:  76 | lr: 0.000 |train ent: 0.34722 |train ent ravg: 0.35615 |train acc:  0.85096 |train acc ravg:  0.84519 |val ent: 0.44398 |val entravg: 0.45377 |val acc:  0.79167 |val acc ravg:  0.77167 |
|epoch:  77 | lr: 0.000 |train ent: 0.39717 |train ent ravg: 0.35771 |train acc:  0.83173 |train acc ravg:  0.84615 |val ent: 0.44929 |val entravg: 0.45350 |val acc:  0.78333 |val acc ravg:  0.77333 |
|epoch:  78 | lr: 0.000 |train ent: 0.35495 |train ent ravg: 0.35714 |train acc:  0.84615 |train acc ravg:  0.84712 |val ent: 0.43582 |val entravg: 0.44992 |val acc:  0.79167 |val acc ravg:  0.77500 |
|epoch:  79 | lr: 0.000 |train ent: 0.42410 |train ent ravg: 0.37288 |train acc:  0.78365 |train acc ravg:  0.83077 |val ent: 0.45314 |val entravg: 0.44879 |val acc:  0.78333 |val acc ravg:  0.78167 |
----------------------------------------------------------------------------------------------------------------------------------------------------------------
Finished:  2021-04-08 14:17:02.830971

Correlation between train loss and evaluation: -0.940

----------------------------------------------------------------------------------------------------------------------------------------------------------------
Save configfile.
Loading ixi  test data.
The data was balanced for  sex .
Number of GPUs:  2

Model loaded from None is being tested.
Start:  2021-04-08 14:17:02.937203
----------------------------------------------------------------------------------------------------------------------------------------------------------------
test ent mean: 0.35494 | test ent std: 0.00376 |test acc mean:  0.85417 |test acc std:  0.00258 |
----------------------------------------------------------------------------------------------------------------------------------------------------------------
Finished:  2021-04-08 14:17:51.143089

Correlation between train loss and evaluation: -0.958

----------------------------------------------------------------------------------------------------------------------------------------------------------------
------------------------------------------------
Finished at: Thu Apr 8 14:17:52 BST 2021
------------------------------------------------
