------------------------------------------------
Job ID: 37534418
Run on host: compg010.hpc.in.bmrc.ox.ac.uk
Operating system: Linux
Username: lhw539
Started at: Sat Feb 20 17:31:38 GMT 2021
------------------------------------------------
Loading share 1.00 train data.
Loading OASIS   val data.
Load model for sex - run: 4
Number of GPUs:  2

Full model is being tested with weights loaded from pre-trained model.
Start:  2021-02-20 17:31:44.223825
----------------------------------------------------------------------------------------------------------------------------------------------------------------
test ent mean: 0.32459 | test ent std: 0.00320 |test acc mean:  0.85778 |test acc std:  0.00497 |
----------------------------------------------------------------------------------------------------------------------------------------------------------------
Finished:  2021-02-20 17:32:20.857071

Correlation between train loss and evaluation: -0.931

----------------------------------------------------------------------------------------------------------------------------------------------------------------
------------------------------------------------
Finished at: Sat Feb 20 17:32:21 GMT 2021
------------------------------------------------
Test (in contrast to train):  True
Loading share 1.00  test data.
Load model for sex - run: 4
Number of GPUs:  1

Full model is being tested with weights loaded from pre-trained model.
Start:  2021-03-19 16:48:40.920457
----------------------------------------------------------------------------------------------------------------------------------------------------------------
test ent mean: 0.18689 | test ent std: 0.00000 |test acc mean:  0.92711 |test acc std:  0.00000 |
----------------------------------------------------------------------------------------------------------------------------------------------------------------
Finished:  2021-03-19 16:52:58.341757

----------------------------------------------------------------------------------------------------------------------------------------------------------------
