------------------------------------------------
Job ID: 40265934
Run on host: compg026.hpc.in.bmrc.ox.ac.uk
Operating system: Linux
Username: lhw539
Started at: Fri Mar 19 15:18:27 GMT 2021
------------------------------------------------
Test (in contrast to train):  False
Loading share 1.00 train data.
Loading share 1.00   val data.
Load model for age - run: 0
Number of GPUs:  2
Epoch decay:  10
Gamma decay:  0.1

Final layer of model is being trained.
Start:  2021-03-19 15:18:34.272578
----------------------------------------------------------------------------------------------------------------------------------------------------------------
|epoch:   0 | lr: 0.100 |train kld: 2.05804 |train kld ravg: 2.05804 |train mae:  5.15355 |train mae ravg:  5.15355 |val kld: 1.74502 |val kldravg: 1.74502 |val mae:  4.15978 |val mae ravg:  4.15978 |
|epoch:   1 | lr: 0.100 |train kld: 1.70755 |train kld ravg: 1.88279 |train mae:  3.88415 |train mae ravg:  4.51885 |val kld: 1.60924 |val kldravg: 1.67713 |val mae:  3.44231 |val mae ravg:  3.80105 |
|epoch:   2 | lr: 0.100 |train kld: 1.65574 |train kld ravg: 1.80711 |train mae:  3.69378 |train mae ravg:  4.24383 |val kld: 1.55046 |val kldravg: 1.63491 |val mae:  3.18688 |val mae ravg:  3.59632 |
|epoch:   3 | lr: 0.100 |train kld: 1.62959 |train kld ravg: 1.76273 |train mae:  3.60001 |train mae ravg:  4.08287 |val kld: 1.56981 |val kldravg: 1.61863 |val mae:  3.17978 |val mae ravg:  3.49219 |
|epoch:   4 | lr: 0.100 |train kld: 1.72794 |train kld ravg: 1.75577 |train mae:  3.74917 |train mae ravg:  4.01613 |val kld: 1.53936 |val kldravg: 1.60278 |val mae:  3.07712 |val mae ravg:  3.40918 |
|epoch:   5 | lr: 0.100 |train kld: 1.62011 |train kld ravg: 1.66819 |train mae:  3.51977 |train mae ravg:  3.68938 |val kld: 1.56930 |val kldravg: 1.56764 |val mae:  3.17988 |val mae ravg:  3.21320 |
|epoch:   6 | lr: 0.100 |train kld: 1.53561 |train kld ravg: 1.63380 |train mae:  3.58706 |train mae ravg:  3.62996 |val kld: 1.55801 |val kldravg: 1.55739 |val mae:  3.16842 |val mae ravg:  3.15842 |
|epoch:   7 | lr: 0.100 |train kld: 1.61164 |train kld ravg: 1.62498 |train mae:  3.41359 |train mae ravg:  3.57392 |val kld: 1.51568 |val kldravg: 1.55043 |val mae:  3.11523 |val mae ravg:  3.14409 |
|epoch:   8 | lr: 0.100 |train kld: 1.58616 |train kld ravg: 1.61629 |train mae:  3.57070 |train mae ravg:  3.56806 |val kld: 1.48729 |val kldravg: 1.53393 |val mae:  3.12402 |val mae ravg:  3.13293 |
|epoch:   9 | lr: 0.100 |train kld: 1.56770 |train kld ravg: 1.58425 |train mae:  3.57787 |train mae ravg:  3.53380 |val kld: 1.43376 |val kldravg: 1.51281 |val mae:  2.88304 |val mae ravg:  3.09412 |
|epoch:  10 | lr: 0.010 |train kld: 1.47773 |train kld ravg: 1.55577 |train mae:  3.34464 |train mae ravg:  3.49877 |val kld: 1.47251 |val kldravg: 1.49345 |val mae:  3.06936 |val mae ravg:  3.07202 |
|epoch:  11 | lr: 0.010 |train kld: 1.47571 |train kld ravg: 1.54379 |train mae:  3.42259 |train mae ravg:  3.46588 |val kld: 1.47013 |val kldravg: 1.47587 |val mae:  3.05855 |val mae ravg:  3.05004 |
|epoch:  12 | lr: 0.010 |train kld: 1.46687 |train kld ravg: 1.51484 |train mae:  3.25888 |train mae ravg:  3.43494 |val kld: 1.45950 |val kldravg: 1.46463 |val mae:  2.99304 |val mae ravg:  3.02560 |
|epoch:  13 | lr: 0.010 |train kld: 1.45858 |train kld ravg: 1.48932 |train mae:  3.31476 |train mae ravg:  3.38375 |val kld: 1.45646 |val kldravg: 1.45847 |val mae:  2.94669 |val mae ravg:  2.99014 |
|epoch:  14 | lr: 0.010 |train kld: 1.46622 |train kld ravg: 1.46902 |train mae:  3.38053 |train mae ravg:  3.34428 |val kld: 1.46516 |val kldravg: 1.46475 |val mae:  2.94573 |val mae ravg:  3.00267 |
|epoch:  15 | lr: 0.010 |train kld: 1.49944 |train kld ravg: 1.47337 |train mae:  3.39482 |train mae ravg:  3.35431 |val kld: 1.47182 |val kldravg: 1.46461 |val mae:  2.96355 |val mae ravg:  2.98151 |
|epoch:  16 | lr: 0.010 |train kld: 1.49380 |train kld ravg: 1.47698 |train mae:  3.45575 |train mae ravg:  3.36095 |val kld: 1.46080 |val kldravg: 1.46275 |val mae:  2.94818 |val mae ravg:  2.95944 |
|epoch:  17 | lr: 0.010 |train kld: 1.45516 |train kld ravg: 1.47464 |train mae:  3.37524 |train mae ravg:  3.38422 |val kld: 1.47614 |val kldravg: 1.46608 |val mae:  2.98620 |val mae ravg:  2.95807 |
|epoch:  18 | lr: 0.010 |train kld: 1.42692 |train kld ravg: 1.46831 |train mae:  3.32746 |train mae ravg:  3.38676 |val kld: 1.44283 |val kldravg: 1.46335 |val mae:  2.91310 |val mae ravg:  2.95135 |
|epoch:  19 | lr: 0.010 |train kld: 1.46160 |train kld ravg: 1.46738 |train mae:  3.41866 |train mae ravg:  3.39439 |val kld: 1.46067 |val kldravg: 1.46245 |val mae:  2.96669 |val mae ravg:  2.95554 |
|epoch:  20 | lr: 0.001 |train kld: 1.46185 |train kld ravg: 1.45987 |train mae:  3.33072 |train mae ravg:  3.38157 |val kld: 1.45367 |val kldravg: 1.45882 |val mae:  2.90639 |val mae ravg:  2.94411 |
|epoch:  21 | lr: 0.001 |train kld: 1.44988 |train kld ravg: 1.45108 |train mae:  3.45632 |train mae ravg:  3.38168 |val kld: 1.42683 |val kldravg: 1.45203 |val mae:  2.86297 |val mae ravg:  2.92707 |
|epoch:  22 | lr: 0.001 |train kld: 1.45387 |train kld ravg: 1.45082 |train mae:  3.26861 |train mae ravg:  3.36035 |val kld: 1.45185 |val kldravg: 1.44717 |val mae:  2.90834 |val mae ravg:  2.91150 |
|epoch:  23 | lr: 0.001 |train kld: 1.49872 |train kld ravg: 1.46519 |train mae:  3.55417 |train mae ravg:  3.40569 |val kld: 1.46072 |val kldravg: 1.45075 |val mae:  2.95460 |val mae ravg:  2.91980 |
|epoch:  24 | lr: 0.001 |train kld: 1.46107 |train kld ravg: 1.46508 |train mae:  3.50448 |train mae ravg:  3.42286 |val kld: 1.46214 |val kldravg: 1.45104 |val mae:  2.97364 |val mae ravg:  2.92119 |
|epoch:  25 | lr: 0.001 |train kld: 1.46003 |train kld ravg: 1.46472 |train mae:  3.49984 |train mae ravg:  3.45668 |val kld: 1.43808 |val kldravg: 1.44792 |val mae:  2.95073 |val mae ravg:  2.93006 |
|epoch:  26 | lr: 0.001 |train kld: 1.45832 |train kld ravg: 1.46640 |train mae:  3.33355 |train mae ravg:  3.43213 |val kld: 1.44464 |val kldravg: 1.45149 |val mae:  3.00652 |val mae ravg:  2.95877 |
|epoch:  27 | lr: 0.001 |train kld: 1.45370 |train kld ravg: 1.46637 |train mae:  3.34905 |train mae ravg:  3.44822 |val kld: 1.46997 |val kldravg: 1.45511 |val mae:  2.96972 |val mae ravg:  2.97104 |
|epoch:  28 | lr: 0.001 |train kld: 1.48560 |train kld ravg: 1.46375 |train mae:  3.47208 |train mae ravg:  3.43180 |val kld: 1.39677 |val kldravg: 1.44232 |val mae:  2.85678 |val mae ravg:  2.95148 |
|epoch:  29 | lr: 0.001 |train kld: 1.44507 |train kld ravg: 1.46055 |train mae:  3.40357 |train mae ravg:  3.41162 |val kld: 1.46171 |val kldravg: 1.44223 |val mae:  3.01520 |val mae ravg:  2.95979 |
|epoch:  30 | lr: 0.000 |train kld: 1.44726 |train kld ravg: 1.45799 |train mae:  3.37615 |train mae ravg:  3.38688 |val kld: 1.36504 |val kldravg: 1.42763 |val mae:  2.79270 |val mae ravg:  2.92818 |
|epoch:  31 | lr: 0.000 |train kld: 1.43689 |train kld ravg: 1.45370 |train mae:  3.37888 |train mae ravg:  3.39595 |val kld: 1.44305 |val kldravg: 1.42731 |val mae:  2.91459 |val mae ravg:  2.90980 |
|epoch:  32 | lr: 0.000 |train kld: 1.44290 |train kld ravg: 1.45154 |train mae:  3.38737 |train mae ravg:  3.40361 |val kld: 1.47386 |val kldravg: 1.42809 |val mae:  3.03043 |val mae ravg:  2.92194 |
|epoch:  33 | lr: 0.000 |train kld: 1.50561 |train kld ravg: 1.45555 |train mae:  3.54333 |train mae ravg:  3.41786 |val kld: 1.45406 |val kldravg: 1.43954 |val mae:  2.99490 |val mae ravg:  2.94956 |
|epoch:  34 | lr: 0.000 |train kld: 1.45129 |train kld ravg: 1.45679 |train mae:  3.30176 |train mae ravg:  3.39750 |val kld: 1.46873 |val kldravg: 1.44095 |val mae:  2.92893 |val mae ravg:  2.93231 |
|epoch:  35 | lr: 0.000 |train kld: 1.46210 |train kld ravg: 1.45976 |train mae:  3.36643 |train mae ravg:  3.39555 |val kld: 1.46512 |val kldravg: 1.46096 |val mae:  3.03778 |val mae ravg:  2.98133 |
|epoch:  36 | lr: 0.000 |train kld: 1.46264 |train kld ravg: 1.46491 |train mae:  3.51370 |train mae ravg:  3.42252 |val kld: 1.44857 |val kldravg: 1.46207 |val mae:  2.93430 |val mae ravg:  2.98527 |
|epoch:  37 | lr: 0.000 |train kld: 1.47132 |train kld ravg: 1.47059 |train mae:  3.36637 |train mae ravg:  3.41832 |val kld: 1.46663 |val kldravg: 1.46062 |val mae:  3.01437 |val mae ravg:  2.98206 |
|epoch:  38 | lr: 0.000 |train kld: 1.45158 |train kld ravg: 1.45979 |train mae:  3.37509 |train mae ravg:  3.38467 |val kld: 1.46782 |val kldravg: 1.46337 |val mae:  3.02411 |val mae ravg:  2.98790 |
|epoch:  39 | lr: 0.000 |train kld: 1.46634 |train kld ravg: 1.46280 |train mae:  3.41463 |train mae ravg:  3.40724 |val kld: 1.47705 |val kldravg: 1.46504 |val mae:  3.03314 |val mae ravg:  3.00874 |
|epoch:  40 | lr: 0.000 |train kld: 1.43353 |train kld ravg: 1.45708 |train mae:  3.32760 |train mae ravg:  3.39948 |val kld: 1.42062 |val kldravg: 1.45614 |val mae:  2.83738 |val mae ravg:  2.96866 |
|epoch:  41 | lr: 0.000 |train kld: 1.45983 |train kld ravg: 1.45652 |train mae:  3.43105 |train mae ravg:  3.38295 |val kld: 1.45777 |val kldravg: 1.45798 |val mae:  2.91464 |val mae ravg:  2.96473 |
|epoch:  42 | lr: 0.000 |train kld: 1.43945 |train kld ravg: 1.45015 |train mae:  3.32215 |train mae ravg:  3.37410 |val kld: 1.45549 |val kldravg: 1.45575 |val mae:  2.98752 |val mae ravg:  2.95936 |
|epoch:  43 | lr: 0.000 |train kld: 1.43382 |train kld ravg: 1.44659 |train mae:  3.34400 |train mae ravg:  3.36789 |val kld: 1.43815 |val kldravg: 1.44982 |val mae:  2.90915 |val mae ravg:  2.93636 |
|epoch:  44 | lr: 0.000 |train kld: 1.44829 |train kld ravg: 1.44298 |train mae:  3.34679 |train mae ravg:  3.35432 |val kld: 1.45421 |val kldravg: 1.44525 |val mae:  3.03175 |val mae ravg:  2.93609 |
|epoch:  45 | lr: 0.000 |train kld: 1.43955 |train kld ravg: 1.44419 |train mae:  3.34087 |train mae ravg:  3.35697 |val kld: 1.42898 |val kldravg: 1.44692 |val mae:  2.83466 |val mae ravg:  2.93554 |
|epoch:  46 | lr: 0.000 |train kld: 1.43631 |train kld ravg: 1.43948 |train mae:  3.39544 |train mae ravg:  3.34985 |val kld: 1.46410 |val kldravg: 1.44819 |val mae:  3.01993 |val mae ravg:  2.95660 |
|epoch:  47 | lr: 0.000 |train kld: 1.43000 |train kld ravg: 1.43759 |train mae:  3.40176 |train mae ravg:  3.36577 |val kld: 1.42261 |val kldravg: 1.44161 |val mae:  2.85273 |val mae ravg:  2.92964 |
|epoch:  48 | lr: 0.000 |train kld: 1.45343 |train kld ravg: 1.44152 |train mae:  3.48198 |train mae ravg:  3.39337 |val kld: 1.46219 |val kldravg: 1.44642 |val mae:  2.98522 |val mae ravg:  2.94486 |
|epoch:  49 | lr: 0.000 |train kld: 1.45903 |train kld ravg: 1.44366 |train mae:  3.40457 |train mae ravg:  3.40493 |val kld: 1.41728 |val kldravg: 1.43903 |val mae:  2.85811 |val mae ravg:  2.91013 |
----------------------------------------------------------------------------------------------------------------------------------------------------------------
Finished:  2021-03-19 15:42:27.653863

Correlation between train loss and evaluation: 0.914

----------------------------------------------------------------------------------------------------------------------------------------------------------------
Number of GPUs:  2
Epoch decay:  5
Gamma decay:  0.2

Full model is being trained.
Start:  2021-03-19 15:42:27.670104
----------------------------------------------------------------------------------------------------------------------------------------------------------------
|epoch:   0 | lr: 0.010 |train kld: 1.85691 |train kld ravg: 1.85691 |train mae:  4.95143 |train mae ravg:  4.95143 |val kld: 2.97894 |val kldravg: 2.97894 |val mae:  8.37898 |val mae ravg:  8.37898 |
|epoch:   1 | lr: 0.010 |train kld: 1.66876 |train kld ravg: 1.76283 |train mae:  4.27430 |train mae ravg:  4.61287 |val kld: 2.49440 |val kldravg: 2.73667 |val mae:  7.98121 |val mae ravg:  8.18010 |
|epoch:   2 | lr: 0.010 |train kld: 1.54509 |train kld ravg: 1.69025 |train mae:  3.67197 |train mae ravg:  4.29924 |val kld: 1.78212 |val kldravg: 2.41848 |val mae:  5.27219 |val mae ravg:  7.21080 |
|epoch:   3 | lr: 0.010 |train kld: 1.49623 |train kld ravg: 1.64175 |train mae:  3.62805 |train mae ravg:  4.13144 |val kld: 1.61298 |val kldravg: 2.21711 |val mae:  3.69223 |val mae ravg:  6.33116 |
|epoch:   4 | lr: 0.010 |train kld: 1.46303 |train kld ravg: 1.60600 |train mae:  3.39655 |train mae ravg:  3.98446 |val kld: 1.87640 |val kldravg: 2.14897 |val mae:  4.63099 |val mae ravg:  5.99112 |
|epoch:   5 | lr: 0.002 |train kld: 1.32032 |train kld ravg: 1.49869 |train mae:  2.94055 |train mae ravg:  3.58228 |val kld: 1.53209 |val kldravg: 1.85960 |val mae:  3.59978 |val mae ravg:  5.03528 |
|epoch:   6 | lr: 0.002 |train kld: 1.22297 |train kld ravg: 1.40953 |train mae:  2.50568 |train mae ravg:  3.22856 |val kld: 1.47725 |val kldravg: 1.65617 |val mae:  3.42443 |val mae ravg:  4.12392 |
|epoch:   7 | lr: 0.002 |train kld: 1.19985 |train kld ravg: 1.34048 |train mae:  2.47967 |train mae ravg:  2.99010 |val kld: 1.42200 |val kldravg: 1.58414 |val mae:  2.97902 |val mae ravg:  3.66529 |
|epoch:   8 | lr: 0.002 |train kld: 1.20547 |train kld ravg: 1.28233 |train mae:  2.46597 |train mae ravg:  2.75768 |val kld: 1.41139 |val kldravg: 1.54382 |val mae:  3.15293 |val mae ravg:  3.55743 |
|epoch:   9 | lr: 0.002 |train kld: 1.16880 |train kld ravg: 1.22348 |train mae:  2.38831 |train mae ravg:  2.55604 |val kld: 1.41276 |val kldravg: 1.45110 |val mae:  3.09189 |val mae ravg:  3.24961 |
|epoch:  10 | lr: 0.000 |train kld: 1.16339 |train kld ravg: 1.19210 |train mae:  2.28678 |train mae ravg:  2.42528 |val kld: 1.41018 |val kldravg: 1.42671 |val mae:  3.01096 |val mae ravg:  3.13185 |
