------------------------------------------------
Job ID: 42473479
Run on host: compg010.hpc.in.bmrc.ox.ac.uk
Operating system: Linux
Username: lhw539
Started at: Mon Mar 29 22:19:52 BST 2021
------------------------------------------------
Test (in contrast to train):  False
Loading ixi train data.
The data was balanced for  sex .
Loading ixi   val data.
The data was balanced for  sex .
Load model for sex - run: 1
Output dimensions match.
Number of GPUs:  2
Epoch decay:  10
Gamma decay:  0.2

Full model is being trained with weights loaded from pre-trained model.
Start:  2021-03-29 22:19:59.945354
----------------------------------------------------------------------------------------------------------------------------------------------------------------
|epoch:   0 | lr: 0.005 |train ent: 0.76234 |train ent ravg: 0.76234 |train acc:  0.70833 |train acc ravg:  0.70833 |val ent: 12.17797 |val entravg: 12.17797 |val acc:  0.49167 |val acc ravg:  0.49167 |
|epoch:   1 | lr: 0.005 |train ent: 0.85145 |train ent ravg: 0.80689 |train acc:  0.60000 |train acc ravg:  0.65417 |val ent: 3.76690 |val entravg: 7.97244 |val acc:  0.50833 |val acc ravg:  0.50000 |
|epoch:   2 | lr: 0.005 |train ent: 0.68164 |train ent ravg: 0.76514 |train acc:  0.71250 |train acc ravg:  0.67361 |val ent: 0.59788 |val entravg: 5.51425 |val acc:  0.73333 |val acc ravg:  0.57778 |
|epoch:   3 | lr: 0.005 |train ent: 0.62381 |train ent ravg: 0.72981 |train acc:  0.70417 |train acc ravg:  0.68125 |val ent: 1.66029 |val entravg: 4.55076 |val acc:  0.52500 |val acc ravg:  0.56458 |
|epoch:   4 | lr: 0.005 |train ent: 0.58745 |train ent ravg: 0.70134 |train acc:  0.69583 |train acc ravg:  0.68417 |val ent: 4.91754 |val entravg: 4.62412 |val acc:  0.50833 |val acc ravg:  0.55333 |
|epoch:   5 | lr: 0.005 |train ent: 0.51975 |train ent ravg: 0.65282 |train acc:  0.74583 |train acc ravg:  0.69167 |val ent: 5.32293 |val entravg: 3.25311 |val acc:  0.49167 |val acc ravg:  0.55333 |
|epoch:   6 | lr: 0.005 |train ent: 0.57651 |train ent ravg: 0.59783 |train acc:  0.72083 |train acc ravg:  0.71583 |val ent: 4.95363 |val entravg: 3.49046 |val acc:  0.50000 |val acc ravg:  0.55167 |
|epoch:   7 | lr: 0.005 |train ent: 0.50348 |train ent ravg: 0.56220 |train acc:  0.79167 |train acc ravg:  0.73167 |val ent: 5.40228 |val entravg: 4.45133 |val acc:  0.50833 |val acc ravg:  0.50667 |
|epoch:   8 | lr: 0.005 |train ent: 0.55347 |train ent ravg: 0.54813 |train acc:  0.76667 |train acc ravg:  0.74417 |val ent: 5.92846 |val entravg: 5.30497 |val acc:  0.48333 |val acc ravg:  0.49833 |
|epoch:   9 | lr: 0.005 |train ent: 0.50341 |train ent ravg: 0.53132 |train acc:  0.75000 |train acc ravg:  0.75500 |val ent: 5.18545 |val entravg: 5.35855 |val acc:  0.49167 |val acc ravg:  0.49500 |
|epoch:  10 | lr: 0.001 |train ent: 0.41981 |train ent ravg: 0.51133 |train acc:  0.83750 |train acc ravg:  0.77333 |val ent: 0.96352 |val entravg: 4.48667 |val acc:  0.62500 |val acc ravg:  0.52167 |
|epoch:  11 | lr: 0.001 |train ent: 0.42250 |train ent ravg: 0.48053 |train acc:  0.82917 |train acc ravg:  0.79500 |val ent: 1.94381 |val entravg: 3.88470 |val acc:  0.51667 |val acc ravg:  0.52500 |
|epoch:  12 | lr: 0.001 |train ent: 0.36589 |train ent ravg: 0.45302 |train acc:  0.83333 |train acc ravg:  0.80333 |val ent: 0.65742 |val entravg: 2.93573 |val acc:  0.70000 |val acc ravg:  0.56333 |
|epoch:  13 | lr: 0.001 |train ent: 0.39856 |train ent ravg: 0.42204 |train acc:  0.80833 |train acc ravg:  0.81167 |val ent: 7.82158 |val entravg: 3.31436 |val acc:  0.50833 |val acc ravg:  0.56833 |
|epoch:  14 | lr: 0.001 |train ent: 0.35835 |train ent ravg: 0.39302 |train acc:  0.85417 |train acc ravg:  0.83250 |val ent: 1.18102 |val entravg: 2.51347 |val acc:  0.59167 |val acc ravg:  0.58833 |
|epoch:  15 | lr: 0.001 |train ent: 0.31663 |train ent ravg: 0.37239 |train acc:  0.86667 |train acc ravg:  0.83833 |val ent: 2.12487 |val entravg: 2.74574 |val acc:  0.50833 |val acc ravg:  0.56500 |
|epoch:  16 | lr: 0.001 |train ent: 0.36113 |train ent ravg: 0.36011 |train acc:  0.85417 |train acc ravg:  0.84333 |val ent: 1.37771 |val entravg: 2.63252 |val acc:  0.53333 |val acc ravg:  0.56833 |
|epoch:  17 | lr: 0.001 |train ent: 0.38496 |train ent ravg: 0.36393 |train acc:  0.81250 |train acc ravg:  0.83917 |val ent: 1.59037 |val entravg: 2.81911 |val acc:  0.53333 |val acc ravg:  0.53500 |
|epoch:  18 | lr: 0.001 |train ent: 0.39205 |train ent ravg: 0.36262 |train acc:  0.81250 |train acc ravg:  0.84000 |val ent: 3.00139 |val entravg: 1.85507 |val acc:  0.50833 |val acc ravg:  0.53500 |
|epoch:  19 | lr: 0.001 |train ent: 0.45918 |train ent ravg: 0.38279 |train acc:  0.79583 |train acc ravg:  0.82833 |val ent: 1.02250 |val entravg: 1.82337 |val acc:  0.60000 |val acc ravg:  0.53667 |
|epoch:  20 | lr: 0.000 |train ent: 0.26627 |train ent ravg: 0.37272 |train acc:  0.90833 |train acc ravg:  0.83667 |val ent: 0.49453 |val entravg: 1.49730 |val acc:  0.75833 |val acc ravg:  0.58667 |
|epoch:  21 | lr: 0.000 |train ent: 0.38411 |train ent ravg: 0.37731 |train acc:  0.83750 |train acc ravg:  0.83333 |val ent: 0.39651 |val entravg: 1.30106 |val acc:  0.80833 |val acc ravg:  0.64167 |
|epoch:  22 | lr: 0.000 |train ent: 0.27453 |train ent ravg: 0.35523 |train acc:  0.87917 |train acc ravg:  0.84667 |val ent: 0.34252 |val entravg: 1.05149 |val acc:  0.84167 |val acc ravg:  0.70333 |
|epoch:  23 | lr: 0.000 |train ent: 0.33635 |train ent ravg: 0.34409 |train acc:  0.84583 |train acc ravg:  0.85333 |val ent: 0.36010 |val entravg: 0.52323 |val acc:  0.84167 |val acc ravg:  0.77000 |
|epoch:  24 | lr: 0.000 |train ent: 0.29467 |train ent ravg: 0.31119 |train acc:  0.88333 |train acc ravg:  0.87083 |val ent: 0.41763 |val entravg: 0.40226 |val acc:  0.80000 |val acc ravg:  0.81000 |
|epoch:  25 | lr: 0.000 |train ent: 0.27702 |train ent ravg: 0.31334 |train acc:  0.87500 |train acc ravg:  0.86417 |val ent: 0.83970 |val entravg: 0.47129 |val acc:  0.67500 |val acc ravg:  0.79333 |
|epoch:  26 | lr: 0.000 |train ent: 0.31282 |train ent ravg: 0.29908 |train acc:  0.87917 |train acc ravg:  0.87250 |val ent: 0.50296 |val entravg: 0.49258 |val acc:  0.75000 |val acc ravg:  0.78167 |
|epoch:  27 | lr: 0.000 |train ent: 0.31176 |train ent ravg: 0.30652 |train acc:  0.85833 |train acc ravg:  0.86833 |val ent: 0.37892 |val entravg: 0.49986 |val acc:  0.80833 |val acc ravg:  0.77500 |
|epoch:  28 | lr: 0.000 |train ent: 0.29008 |train ent ravg: 0.29727 |train acc:  0.88750 |train acc ravg:  0.87667 |val ent: 0.37394 |val entravg: 0.50263 |val acc:  0.81667 |val acc ravg:  0.77000 |
|epoch:  29 | lr: 0.000 |train ent: 0.27547 |train ent ravg: 0.29343 |train acc:  0.89167 |train acc ravg:  0.87833 |val ent: 0.43923 |val entravg: 0.50695 |val acc:  0.79167 |val acc ravg:  0.76833 |
|epoch:  30 | lr: 0.000 |train ent: 0.27484 |train ent ravg: 0.29300 |train acc:  0.88750 |train acc ravg:  0.88083 |val ent: 0.36158 |val entravg: 0.41133 |val acc:  0.83333 |val acc ravg:  0.80000 |
|epoch:  31 | lr: 0.000 |train ent: 0.30184 |train ent ravg: 0.29080 |train acc:  0.86667 |train acc ravg:  0.87833 |val ent: 0.40322 |val entravg: 0.39138 |val acc:  0.78333 |val acc ravg:  0.80667 |
|epoch:  32 | lr: 0.000 |train ent: 0.25906 |train ent ravg: 0.28026 |train acc:  0.90000 |train acc ravg:  0.88667 |val ent: 0.30215 |val entravg: 0.37602 |val acc:  0.84167 |val acc ravg:  0.81333 |
|epoch:  33 | lr: 0.000 |train ent: 0.26896 |train ent ravg: 0.27604 |train acc:  0.88333 |train acc ravg:  0.88583 |val ent: 0.34242 |val entravg: 0.36972 |val acc:  0.84167 |val acc ravg:  0.81833 |
|epoch:  34 | lr: 0.000 |train ent: 0.27936 |train ent ravg: 0.27681 |train acc:  0.88333 |train acc ravg:  0.88417 |val ent: 0.44896 |val entravg: 0.37167 |val acc:  0.81667 |val acc ravg:  0.82333 |
|epoch:  35 | lr: 0.000 |train ent: 0.30451 |train ent ravg: 0.28275 |train acc:  0.84583 |train acc ravg:  0.87583 |val ent: 0.30817 |val entravg: 0.36099 |val acc:  0.85000 |val acc ravg:  0.82667 |
|epoch:  36 | lr: 0.000 |train ent: 0.26467 |train ent ravg: 0.27531 |train acc:  0.89583 |train acc ravg:  0.88167 |val ent: 0.35841 |val entravg: 0.35202 |val acc:  0.85000 |val acc ravg:  0.84000 |
|epoch:  37 | lr: 0.000 |train ent: 0.23991 |train ent ravg: 0.27148 |train acc:  0.92083 |train acc ravg:  0.88583 |val ent: 0.40450 |val entravg: 0.37249 |val acc:  0.80000 |val acc ravg:  0.83167 |
|epoch:  38 | lr: 0.000 |train ent: 0.26080 |train ent ravg: 0.26985 |train acc:  0.89583 |train acc ravg:  0.88833 |val ent: 0.35994 |val entravg: 0.37600 |val acc:  0.84167 |val acc ravg:  0.83167 |
|epoch:  39 | lr: 0.000 |train ent: 0.29267 |train ent ravg: 0.27251 |train acc:  0.89583 |train acc ravg:  0.89083 |val ent: 0.38441 |val entravg: 0.36309 |val acc:  0.80000 |val acc ravg:  0.82833 |
|epoch:  40 | lr: 0.000 |train ent: 0.26250 |train ent ravg: 0.26411 |train acc:  0.88750 |train acc ravg:  0.89917 |val ent: 0.34951 |val entravg: 0.37135 |val acc:  0.85000 |val acc ravg:  0.82833 |
|epoch:  41 | lr: 0.000 |train ent: 0.23642 |train ent ravg: 0.25846 |train acc:  0.91250 |train acc ravg:  0.90250 |val ent: 0.34989 |val entravg: 0.36965 |val acc:  0.85833 |val acc ravg:  0.83000 |
|epoch:  42 | lr: 0.000 |train ent: 0.32088 |train ent ravg: 0.27465 |train acc:  0.85417 |train acc ravg:  0.88917 |val ent: 0.34270 |val entravg: 0.35729 |val acc:  0.86667 |val acc ravg:  0.84333 |
|epoch:  43 | lr: 0.000 |train ent: 0.27715 |train ent ravg: 0.27792 |train acc:  0.90000 |train acc ravg:  0.89000 |val ent: 0.35469 |val entravg: 0.35624 |val acc:  0.85000 |val acc ravg:  0.84500 |
|epoch:  44 | lr: 0.000 |train ent: 0.31350 |train ent ravg: 0.28209 |train acc:  0.86250 |train acc ravg:  0.88333 |val ent: 0.35856 |val entravg: 0.35107 |val acc:  0.83333 |val acc ravg:  0.85167 |
|epoch:  45 | lr: 0.000 |train ent: 0.26743 |train ent ravg: 0.28307 |train acc:  0.90417 |train acc ravg:  0.88667 |val ent: 0.31530 |val entravg: 0.34423 |val acc:  0.85000 |val acc ravg:  0.85167 |
|epoch:  46 | lr: 0.000 |train ent: 0.25026 |train ent ravg: 0.28584 |train acc:  0.92083 |train acc ravg:  0.88833 |val ent: 0.35299 |val entravg: 0.34485 |val acc:  0.84167 |val acc ravg:  0.84833 |
|epoch:  47 | lr: 0.000 |train ent: 0.28436 |train ent ravg: 0.27854 |train acc:  0.88333 |train acc ravg:  0.89417 |val ent: 0.35354 |val entravg: 0.34702 |val acc:  0.84167 |val acc ravg:  0.84333 |
|epoch:  48 | lr: 0.000 |train ent: 0.28814 |train ent ravg: 0.28074 |train acc:  0.87917 |train acc ravg:  0.89000 |val ent: 0.34818 |val entravg: 0.34571 |val acc:  0.85833 |val acc ravg:  0.84500 |
|epoch:  49 | lr: 0.000 |train ent: 0.22022 |train ent ravg: 0.26208 |train acc:  0.91250 |train acc ravg:  0.90000 |val ent: 0.33677 |val entravg: 0.34136 |val acc:  0.85833 |val acc ravg:  0.85000 |
|epoch:  50 | lr: 0.000 |train ent: 0.33036 |train ent ravg: 0.27467 |train acc:  0.89583 |train acc ravg:  0.89833 |val ent: 0.38714 |val entravg: 0.35572 |val acc:  0.81667 |val acc ravg:  0.84333 |
|epoch:  51 | lr: 0.000 |train ent: 0.31183 |train ent ravg: 0.28698 |train acc:  0.84583 |train acc ravg:  0.88333 |val ent: 0.35618 |val entravg: 0.35636 |val acc:  0.85000 |val acc ravg:  0.84500 |
|epoch:  52 | lr: 0.000 |train ent: 0.27212 |train ent ravg: 0.28453 |train acc:  0.88333 |train acc ravg:  0.88333 |val ent: 0.36490 |val entravg: 0.35863 |val acc:  0.85000 |val acc ravg:  0.84667 |
|epoch:  53 | lr: 0.000 |train ent: 0.27249 |train ent ravg: 0.28140 |train acc:  0.89167 |train acc ravg:  0.88583 |val ent: 0.34152 |val entravg: 0.35730 |val acc:  0.86667 |val acc ravg:  0.84833 |
|epoch:  54 | lr: 0.000 |train ent: 0.23002 |train ent ravg: 0.28336 |train acc:  0.90000 |train acc ravg:  0.88333 |val ent: 0.34373 |val entravg: 0.35869 |val acc:  0.85833 |val acc ravg:  0.84833 |
|epoch:  55 | lr: 0.000 |train ent: 0.22926 |train ent ravg: 0.26314 |train acc:  0.90417 |train acc ravg:  0.88500 |val ent: 0.34918 |val entravg: 0.35110 |val acc:  0.85833 |val acc ravg:  0.85667 |
|epoch:  56 | lr: 0.000 |train ent: 0.23116 |train ent ravg: 0.24701 |train acc:  0.89583 |train acc ravg:  0.89500 |val ent: 0.35104 |val entravg: 0.35007 |val acc:  0.85833 |val acc ravg:  0.85833 |
|epoch:  57 | lr: 0.000 |train ent: 0.30636 |train ent ravg: 0.25386 |train acc:  0.86667 |train acc ravg:  0.89167 |val ent: 0.38076 |val entravg: 0.35324 |val acc:  0.81667 |val acc ravg:  0.85167 |
|epoch:  58 | lr: 0.000 |train ent: 0.27021 |train ent ravg: 0.25340 |train acc:  0.86250 |train acc ravg:  0.88583 |val ent: 0.39799 |val entravg: 0.36454 |val acc:  0.80833 |val acc ravg:  0.84000 |
|epoch:  59 | lr: 0.000 |train ent: 0.30622 |train ent ravg: 0.26864 |train acc:  0.86667 |train acc ravg:  0.87917 |val ent: 0.36340 |val entravg: 0.36847 |val acc:  0.83333 |val acc ravg:  0.83500 |
|epoch:  60 | lr: 0.000 |train ent: 0.28759 |train ent ravg: 0.28031 |train acc:  0.89167 |train acc ravg:  0.87667 |val ent: 0.30571 |val entravg: 0.35978 |val acc:  0.84167 |val acc ravg:  0.83167 |
|epoch:  61 | lr: 0.000 |train ent: 0.28601 |train ent ravg: 0.29128 |train acc:  0.88333 |train acc ravg:  0.87417 |val ent: 0.36735 |val entravg: 0.36304 |val acc:  0.83333 |val acc ravg:  0.82667 |
|epoch:  62 | lr: 0.000 |train ent: 0.27391 |train ent ravg: 0.28479 |train acc:  0.90417 |train acc ravg:  0.88167 |val ent: 0.34520 |val entravg: 0.35593 |val acc:  0.85000 |val acc ravg:  0.83333 |
|epoch:  63 | lr: 0.000 |train ent: 0.28897 |train ent ravg: 0.28854 |train acc:  0.86250 |train acc ravg:  0.88167 |val ent: 0.31596 |val entravg: 0.33952 |val acc:  0.85000 |val acc ravg:  0.84167 |
|epoch:  64 | lr: 0.000 |train ent: 0.32881 |train ent ravg: 0.29306 |train acc:  0.84583 |train acc ravg:  0.87750 |val ent: 0.35369 |val entravg: 0.33758 |val acc:  0.84167 |val acc ravg:  0.84333 |
|epoch:  65 | lr: 0.000 |train ent: 0.29452 |train ent ravg: 0.29444 |train acc:  0.87917 |train acc ravg:  0.87500 |val ent: 0.35182 |val entravg: 0.34680 |val acc:  0.85833 |val acc ravg:  0.84667 |
|epoch:  66 | lr: 0.000 |train ent: 0.27980 |train ent ravg: 0.29320 |train acc:  0.88750 |train acc ravg:  0.87583 |val ent: 0.35173 |val entravg: 0.34368 |val acc:  0.87500 |val acc ravg:  0.85500 |
|epoch:  67 | lr: 0.000 |train ent: 0.28396 |train ent ravg: 0.29521 |train acc:  0.88750 |train acc ravg:  0.87250 |val ent: 0.34857 |val entravg: 0.34435 |val acc:  0.84167 |val acc ravg:  0.85333 |
|epoch:  68 | lr: 0.000 |train ent: 0.19939 |train ent ravg: 0.27730 |train acc:  0.92917 |train acc ravg:  0.88583 |val ent: 0.34860 |val entravg: 0.35088 |val acc:  0.85833 |val acc ravg:  0.85500 |
|epoch:  69 | lr: 0.000 |train ent: 0.31775 |train ent ravg: 0.27509 |train acc:  0.84583 |train acc ravg:  0.88583 |val ent: 0.35956 |val entravg: 0.35206 |val acc:  0.85000 |val acc ravg:  0.85667 |
|epoch:  70 | lr: 0.000 |train ent: 0.25379 |train ent ravg: 0.26694 |train acc:  0.90000 |train acc ravg:  0.89000 |val ent: 0.36325 |val entravg: 0.35434 |val acc:  0.83333 |val acc ravg:  0.85167 |
|epoch:  71 | lr: 0.000 |train ent: 0.23407 |train ent ravg: 0.25779 |train acc:  0.90000 |train acc ravg:  0.89250 |val ent: 0.35780 |val entravg: 0.35556 |val acc:  0.85833 |val acc ravg:  0.84833 |
|epoch:  72 | lr: 0.000 |train ent: 0.32307 |train ent ravg: 0.26561 |train acc:  0.86250 |train acc ravg:  0.88750 |val ent: 0.29369 |val entravg: 0.34458 |val acc:  0.85833 |val acc ravg:  0.85167 |
|epoch:  73 | lr: 0.000 |train ent: 0.24068 |train ent ravg: 0.27387 |train acc:  0.90417 |train acc ravg:  0.88250 |val ent: 0.34073 |val entravg: 0.34301 |val acc:  0.85000 |val acc ravg:  0.85000 |
|epoch:  74 | lr: 0.000 |train ent: 0.24706 |train ent ravg: 0.25973 |train acc:  0.88750 |train acc ravg:  0.89083 |val ent: 0.36197 |val entravg: 0.34349 |val acc:  0.84167 |val acc ravg:  0.84833 |
|epoch:  75 | lr: 0.000 |train ent: 0.28611 |train ent ravg: 0.26620 |train acc:  0.88333 |train acc ravg:  0.88750 |val ent: 0.35819 |val entravg: 0.34248 |val acc:  0.85000 |val acc ravg:  0.85167 |
|epoch:  76 | lr: 0.000 |train ent: 0.27835 |train ent ravg: 0.27505 |train acc:  0.86667 |train acc ravg:  0.88083 |val ent: 0.32061 |val entravg: 0.33504 |val acc:  0.84167 |val acc ravg:  0.84833 |
|epoch:  77 | lr: 0.000 |train ent: 0.27786 |train ent ravg: 0.26601 |train acc:  0.89583 |train acc ravg:  0.88750 |val ent: 0.35698 |val entravg: 0.34770 |val acc:  0.85000 |val acc ravg:  0.84667 |
|epoch:  78 | lr: 0.000 |train ent: 0.24769 |train ent ravg: 0.26741 |train acc:  0.90417 |train acc ravg:  0.88750 |val ent: 0.35184 |val entravg: 0.34992 |val acc:  0.84167 |val acc ravg:  0.84500 |
|epoch:  79 | lr: 0.000 |train ent: 0.26930 |train ent ravg: 0.27186 |train acc:  0.90000 |train acc ravg:  0.89000 |val ent: 0.35660 |val entravg: 0.34884 |val acc:  0.83333 |val acc ravg:  0.84333 |
----------------------------------------------------------------------------------------------------------------------------------------------------------------
Finished:  2021-03-30 00:32:05.920303

Correlation between train loss and evaluation: -0.969

----------------------------------------------------------------------------------------------------------------------------------------------------------------
Save configfile.
Loading ixi  test data.
The data was balanced for  sex .
Number of GPUs:  2

Model loaded from None is being tested.
Start:  2021-03-30 00:32:05.948390
----------------------------------------------------------------------------------------------------------------------------------------------------------------
test ent mean: 0.22773 | test ent std: 0.00082 |test acc mean:  0.89732 |test acc std:  0.00000 |
----------------------------------------------------------------------------------------------------------------------------------------------------------------
Finished:  2021-03-30 00:32:52.782777

Correlation between train loss and evaluation: 0.000

----------------------------------------------------------------------------------------------------------------------------------------------------------------
------------------------------------------------
Finished at: Tue Mar 30 00:32:54 BST 2021
------------------------------------------------
