------------------------------------------------
Job ID: 37240319
Run on host: compg011.hpc.in.bmrc.ox.ac.uk
Operating system: Linux
Username: lhw539
Started at: Thu Feb 18 08:36:27 GMT 2021
------------------------------------------------
Loading share 0.05 train debug data.
Loading OASIS   val data.
Number of GPUs:  2

Final layer of model is being trained.
Start:  2021-02-18 08:36:33.283801
----------------------------------------------------------------------------------------------------------------------------------------------------------------
|epoch:   0 | lr: 0.100 |train ent: 0.66145 |train ent ravg: 0.66145 |train acc:  0.56250 |train acc ravg:  0.56250 |val ent: 0.63683 |val entravg: 0.63683 |val acc:  0.89773 |val acc ravg:  0.89773 |
|epoch:   1 | lr: 0.100 |train ent: 0.56484 |train ent ravg: 0.61314 |train acc:  0.87500 |train acc ravg:  0.71875 |val ent: 0.57404 |val entravg: 0.60543 |val acc:  0.85227 |val acc ravg:  0.87500 |
|epoch:   2 | lr: 0.100 |train ent: 0.49263 |train ent ravg: 0.57297 |train acc:  0.81250 |train acc ravg:  0.75000 |val ent: 0.52179 |val entravg: 0.57755 |val acc:  0.81818 |val acc ravg:  0.85606 |
|epoch:   3 | lr: 0.100 |train ent: 0.43751 |train ent ravg: 0.53911 |train acc:  0.87500 |train acc ravg:  0.78125 |val ent: 0.46570 |val entravg: 0.54959 |val acc:  0.81818 |val acc ravg:  0.84659 |
|epoch:   4 | lr: 0.100 |train ent: 0.35875 |train ent ravg: 0.50304 |train acc:  0.81250 |train acc ravg:  0.78750 |val ent: 0.41221 |val entravg: 0.52211 |val acc:  0.85227 |val acc ravg:  0.84773 |
|epoch:   5 | lr: 0.100 |train ent: 0.35806 |train ent ravg: 0.44236 |train acc:  0.81250 |train acc ravg:  0.83750 |val ent: 0.34707 |val entravg: 0.46416 |val acc:  0.84091 |val acc ravg:  0.83636 |
|epoch:   6 | lr: 0.100 |train ent: 0.22966 |train ent ravg: 0.37532 |train acc:  0.93750 |train acc ravg:  0.85000 |val ent: 0.30725 |val entravg: 0.41080 |val acc:  0.85227 |val acc ravg:  0.83636 |
|epoch:   7 | lr: 0.100 |train ent: 0.22553 |train ent ravg: 0.32190 |train acc:  0.93750 |train acc ravg:  0.87500 |val ent: 0.28283 |val entravg: 0.36301 |val acc:  0.87500 |val acc ravg:  0.84773 |
|epoch:   8 | lr: 0.100 |train ent: 0.22443 |train ent ravg: 0.27929 |train acc:  0.93750 |train acc ravg:  0.88750 |val ent: 0.28118 |val entravg: 0.32611 |val acc:  0.86364 |val acc ravg:  0.85682 |
|epoch:   9 | lr: 0.100 |train ent: 0.34927 |train ent ravg: 0.27739 |train acc:  0.87500 |train acc ravg:  0.90000 |val ent: 0.25999 |val entravg: 0.29566 |val acc:  0.87500 |val acc ravg:  0.86136 |
|epoch:  10 | lr: 0.100 |train ent: 0.16043 |train ent ravg: 0.23787 |train acc:  1.00000 |train acc ravg:  0.93750 |val ent: 0.25011 |val entravg: 0.27627 |val acc:  0.87500 |val acc ravg:  0.86818 |
|epoch:  11 | lr: 0.100 |train ent: 0.25278 |train ent ravg: 0.24249 |train acc:  0.81250 |train acc ravg:  0.91250 |val ent: 0.25225 |val entravg: 0.26527 |val acc:  0.87500 |val acc ravg:  0.87273 |
|epoch:  12 | lr: 0.100 |train ent: 0.30017 |train ent ravg: 0.25742 |train acc:  0.81250 |train acc ravg:  0.88750 |val ent: 0.23342 |val entravg: 0.25539 |val acc:  0.87500 |val acc ravg:  0.87273 |
|epoch:  13 | lr: 0.100 |train ent: 0.25623 |train ent ravg: 0.26377 |train acc:  0.81250 |train acc ravg:  0.86250 |val ent: 0.25090 |val entravg: 0.24933 |val acc:  0.88636 |val acc ravg:  0.87727 |
|epoch:  14 | lr: 0.100 |train ent: 0.16102 |train ent ravg: 0.22613 |train acc:  0.93750 |train acc ravg:  0.87500 |val ent: 0.24782 |val entravg: 0.24690 |val acc:  0.87500 |val acc ravg:  0.87727 |
|epoch:  15 | lr: 0.100 |train ent: 0.11001 |train ent ravg: 0.21604 |train acc:  1.00000 |train acc ravg:  0.87500 |val ent: 0.23348 |val entravg: 0.24357 |val acc:  0.88636 |val acc ravg:  0.87955 |
|epoch:  16 | lr: 0.100 |train ent: 0.27732 |train ent ravg: 0.22095 |train acc:  0.93750 |train acc ravg:  0.90000 |val ent: 0.22670 |val entravg: 0.23846 |val acc:  0.88636 |val acc ravg:  0.88182 |
|epoch:  17 | lr: 0.100 |train ent: 0.29084 |train ent ravg: 0.21908 |train acc:  0.87500 |train acc ravg:  0.91250 |val ent: 0.24441 |val entravg: 0.24066 |val acc:  0.87500 |val acc ravg:  0.88182 |
|epoch:  18 | lr: 0.100 |train ent: 0.13439 |train ent ravg: 0.19471 |train acc:  1.00000 |train acc ravg:  0.95000 |val ent: 0.25468 |val entravg: 0.24142 |val acc:  0.87500 |val acc ravg:  0.87955 |
|epoch:  19 | lr: 0.100 |train ent: 0.14973 |train ent ravg: 0.19246 |train acc:  0.93750 |train acc ravg:  0.95000 |val ent: 0.24919 |val entravg: 0.24169 |val acc:  0.86364 |val acc ravg:  0.87727 |
|epoch:  20 | lr: 0.100 |train ent: 0.31110 |train ent ravg: 0.23268 |train acc:  0.81250 |train acc ravg:  0.91250 |val ent: 0.24158 |val entravg: 0.24331 |val acc:  0.88636 |val acc ravg:  0.87727 |
|epoch:  21 | lr: 0.100 |train ent: 0.17761 |train ent ravg: 0.21273 |train acc:  0.93750 |train acc ravg:  0.91250 |val ent: 0.25453 |val entravg: 0.24888 |val acc:  0.87500 |val acc ravg:  0.87500 |
|epoch:  22 | lr: 0.100 |train ent: 0.22276 |train ent ravg: 0.19912 |train acc:  0.93750 |train acc ravg:  0.92500 |val ent: 0.26218 |val entravg: 0.25243 |val acc:  0.87500 |val acc ravg:  0.87500 |
|epoch:  23 | lr: 0.100 |train ent: 0.11429 |train ent ravg: 0.19510 |train acc:  1.00000 |train acc ravg:  0.92500 |val ent: 0.26221 |val entravg: 0.25394 |val acc:  0.87500 |val acc ravg:  0.87500 |
|epoch:  24 | lr: 0.100 |train ent: 0.22227 |train ent ravg: 0.20961 |train acc:  0.87500 |train acc ravg:  0.91250 |val ent: 0.22786 |val entravg: 0.24967 |val acc:  0.89773 |val acc ravg:  0.88182 |
----------------------------------------------------------------------------------------------------------------------------------------------------------------
Finished:  2021-02-18 08:40:40.151474

----------------------------------------------------------------------------------------------------------------------------------------------------------------
Number of GPUs:  2

Full model is being trained.
Start:  2021-02-18 08:40:40.153441
----------------------------------------------------------------------------------------------------------------------------------------------------------------
|epoch:   0 | lr: 0.005 |train ent: 0.12062 |train ent ravg: 0.12062 |train acc:  0.93750 |train acc ravg:  0.93750 |val ent: 0.54520 |val entravg: 0.54520 |val acc:  0.77273 |val acc ravg:  0.77273 |
|epoch:   1 | lr: 0.005 |train ent: 0.23606 |train ent ravg: 0.17834 |train acc:  0.93750 |train acc ravg:  0.93750 |val ent: 5.87525 |val entravg: 3.21023 |val acc:  0.44318 |val acc ravg:  0.60795 |
|epoch:   2 | lr: 0.005 |train ent: 0.04735 |train ent ravg: 0.13467 |train acc:  1.00000 |train acc ravg:  0.95833 |val ent: 5.24384 |val entravg: 3.88810 |val acc:  0.43182 |val acc ravg:  0.54924 |
|epoch:   3 | lr: 0.005 |train ent: 0.04824 |train ent ravg: 0.11307 |train acc:  1.00000 |train acc ravg:  0.96875 |val ent: 9.22594 |val entravg: 5.22256 |val acc:  0.43182 |val acc ravg:  0.51989 |
|epoch:   4 | lr: 0.005 |train ent: 0.10772 |train ent ravg: 0.11200 |train acc:  1.00000 |train acc ravg:  0.97500 |val ent: 0.99361 |val entravg: 4.37677 |val acc:  0.70455 |val acc ravg:  0.55682 |
|epoch:   5 | lr: 0.005 |train ent: 0.36162 |train ent ravg: 0.16020 |train acc:  0.93750 |train acc ravg:  0.97500 |val ent: 3.51927 |val entravg: 4.97159 |val acc:  0.47727 |val acc ravg:  0.49773 |
|epoch:   6 | lr: 0.005 |train ent: 0.10100 |train ent ravg: 0.13318 |train acc:  0.93750 |train acc ravg:  0.97500 |val ent: 1.40618 |val entravg: 4.07777 |val acc:  0.59091 |val acc ravg:  0.52727 |
|epoch:   7 | lr: 0.005 |train ent: 0.15763 |train ent ravg: 0.15524 |train acc:  0.93750 |train acc ravg:  0.96250 |val ent: 1.08940 |val entravg: 3.24688 |val acc:  0.63636 |val acc ravg:  0.56818 |
|epoch:   8 | lr: 0.005 |train ent: 0.18913 |train ent ravg: 0.18342 |train acc:  0.87500 |train acc ravg:  0.93750 |val ent: 1.52537 |val entravg: 1.70677 |val acc:  0.56818 |val acc ravg:  0.59545 |
|epoch:   9 | lr: 0.005 |train ent: 0.07631 |train ent ravg: 0.17714 |train acc:  1.00000 |train acc ravg:  0.93750 |val ent: 0.64475 |val entravg: 1.63700 |val acc:  0.67045 |val acc ravg:  0.58864 |
|epoch:  10 | lr: 0.005 |train ent: 0.03985 |train ent ravg: 0.11278 |train acc:  1.00000 |train acc ravg:  0.95000 |val ent: 0.88146 |val entravg: 1.10943 |val acc:  0.60227 |val acc ravg:  0.61364 |
|epoch:  11 | lr: 0.005 |train ent: 0.01571 |train ent ravg: 0.09572 |train acc:  1.00000 |train acc ravg:  0.96250 |val ent: 1.62388 |val entravg: 1.15297 |val acc:  0.46591 |val acc ravg:  0.58864 |
|epoch:  12 | lr: 0.005 |train ent: 0.15500 |train ent ravg: 0.09520 |train acc:  0.93750 |train acc ravg:  0.96250 |val ent: 0.69950 |val entravg: 1.07499 |val acc:  0.67045 |val acc ravg:  0.59545 |
|epoch:  13 | lr: 0.005 |train ent: 0.73071 |train ent ravg: 0.20351 |train acc:  0.68750 |train acc ravg:  0.92500 |val ent: 3.59761 |val entravg: 1.48944 |val acc:  0.55682 |val acc ravg:  0.59318 |
|epoch:  14 | lr: 0.005 |train ent: 0.18230 |train ent ravg: 0.22471 |train acc:  1.00000 |train acc ravg:  0.92500 |val ent: 2.08202 |val entravg: 1.77689 |val acc:  0.54545 |val acc ravg:  0.56818 |
|epoch:  15 | lr: 0.005 |train ent: 0.22530 |train ent ravg: 0.26180 |train acc:  0.93750 |train acc ravg:  0.91250 |val ent: 4.01159 |val entravg: 2.40292 |val acc:  0.53409 |val acc ravg:  0.55455 |
|epoch:  16 | lr: 0.005 |train ent: 0.23001 |train ent ravg: 0.30466 |train acc:  0.87500 |train acc ravg:  0.88750 |val ent: 6.53763 |val entravg: 3.38567 |val acc:  0.54545 |val acc ravg:  0.57045 |
|epoch:  17 | lr: 0.005 |train ent: 0.20648 |train ent ravg: 0.31496 |train acc:  0.93750 |train acc ravg:  0.88750 |val ent: 1.75664 |val entravg: 3.59710 |val acc:  0.45455 |val acc ravg:  0.52727 |
|epoch:  18 | lr: 0.005 |train ent: 0.42846 |train ent ravg: 0.25451 |train acc:  0.81250 |train acc ravg:  0.91250 |val ent: 6.01007 |val entravg: 4.07959 |val acc:  0.46591 |val acc ravg:  0.50909 |
|epoch:  19 | lr: 0.005 |train ent: 0.54851 |train ent ravg: 0.32775 |train acc:  0.68750 |train acc ravg:  0.85000 |val ent: 3.51247 |val entravg: 4.36568 |val acc:  0.55682 |val acc ravg:  0.51136 |
|epoch:  20 | lr: 0.005 |train ent: 0.13013 |train ent ravg: 0.30872 |train acc:  1.00000 |train acc ravg:  0.86250 |val ent: 2.46325 |val entravg: 4.05601 |val acc:  0.55682 |val acc ravg:  0.51591 |
|epoch:  21 | lr: 0.005 |train ent: 0.27672 |train ent ravg: 0.31806 |train acc:  0.93750 |train acc ravg:  0.87500 |val ent: 0.60583 |val entravg: 2.86965 |val acc:  0.69318 |val acc ravg:  0.54545 |
|epoch:  22 | lr: 0.005 |train ent: 0.10711 |train ent ravg: 0.29819 |train acc:  1.00000 |train acc ravg:  0.88750 |val ent: 0.58143 |val entravg: 2.63461 |val acc:  0.67045 |val acc ravg:  0.58864 |
|epoch:  23 | lr: 0.005 |train ent: 0.03716 |train ent ravg: 0.21993 |train acc:  1.00000 |train acc ravg:  0.92500 |val ent: 0.61092 |val entravg: 1.55478 |val acc:  0.70455 |val acc ravg:  0.63636 |
|epoch:  24 | lr: 0.005 |train ent: 0.04319 |train ent ravg: 0.11886 |train acc:  1.00000 |train acc ravg:  0.98750 |val ent: 0.54286 |val entravg: 0.96086 |val acc:  0.77273 |val acc ravg:  0.67955 |
|epoch:  25 | lr: 0.005 |train ent: 0.06191 |train ent ravg: 0.10522 |train acc:  1.00000 |train acc ravg:  0.98750 |val ent: 0.57626 |val entravg: 0.58346 |val acc:  0.75000 |val acc ravg:  0.71818 |
|epoch:  26 | lr: 0.005 |train ent: 0.09787 |train ent ravg: 0.06945 |train acc:  0.93750 |train acc ravg:  0.98750 |val ent: 0.62119 |val entravg: 0.58653 |val acc:  0.69318 |val acc ravg:  0.71818 |
|epoch:  27 | lr: 0.005 |train ent: 0.04648 |train ent ravg: 0.05732 |train acc:  1.00000 |train acc ravg:  0.98750 |val ent: 0.82456 |val entravg: 0.63516 |val acc:  0.65909 |val acc ravg:  0.71591 |
|epoch:  28 | lr: 0.005 |train ent: 0.01553 |train ent ravg: 0.05300 |train acc:  1.00000 |train acc ravg:  0.98750 |val ent: 1.00137 |val entravg: 0.71325 |val acc:  0.61364 |val acc ravg:  0.69773 |
|epoch:  29 | lr: 0.005 |train ent: 0.02707 |train ent ravg: 0.04977 |train acc:  1.00000 |train acc ravg:  0.98750 |val ent: 0.95524 |val entravg: 0.79572 |val acc:  0.61364 |val acc ravg:  0.66591 |
|epoch:  30 | lr: 0.005 |train ent: 0.00710 |train ent ravg: 0.03881 |train acc:  1.00000 |train acc ravg:  0.98750 |val ent: 0.87324 |val entravg: 0.85512 |val acc:  0.67045 |val acc ravg:  0.65000 |
|epoch:  31 | lr: 0.005 |train ent: 0.15624 |train ent ravg: 0.05048 |train acc:  0.93750 |train acc ravg:  0.98750 |val ent: 0.51397 |val entravg: 0.83367 |val acc:  0.79545 |val acc ravg:  0.67045 |
|epoch:  32 | lr: 0.005 |train ent: 0.02304 |train ent ravg: 0.04580 |train acc:  1.00000 |train acc ravg:  0.98750 |val ent: 1.40273 |val entravg: 0.94931 |val acc:  0.55682 |val acc ravg:  0.65000 |
|epoch:  33 | lr: 0.005 |train ent: 0.03039 |train ent ravg: 0.04877 |train acc:  1.00000 |train acc ravg:  0.98750 |val ent: 1.17211 |val entravg: 0.98346 |val acc:  0.57955 |val acc ravg:  0.64318 |
|epoch:  34 | lr: 0.005 |train ent: 0.17560 |train ent ravg: 0.07847 |train acc:  0.93750 |train acc ravg:  0.97500 |val ent: 0.81659 |val entravg: 0.95573 |val acc:  0.55682 |val acc ravg:  0.63182 |
|epoch:  35 | lr: 0.005 |train ent: 0.26002 |train ent ravg: 0.12906 |train acc:  0.81250 |train acc ravg:  0.93750 |val ent: 0.59745 |val entravg: 0.90057 |val acc:  0.69318 |val acc ravg:  0.63636 |
|epoch:  36 | lr: 0.005 |train ent: 0.42484 |train ent ravg: 0.18278 |train acc:  0.81250 |train acc ravg:  0.91250 |val ent: 2.19692 |val entravg: 1.23716 |val acc:  0.56818 |val acc ravg:  0.59091 |
|epoch:  37 | lr: 0.005 |train ent: 0.08296 |train ent ravg: 0.19476 |train acc:  1.00000 |train acc ravg:  0.91250 |val ent: 3.03591 |val entravg: 1.56380 |val acc:  0.56818 |val acc ravg:  0.59318 |
|epoch:  38 | lr: 0.005 |train ent: 0.15260 |train ent ravg: 0.21920 |train acc:  1.00000 |train acc ravg:  0.91250 |val ent: 1.68186 |val entravg: 1.66575 |val acc:  0.55682 |val acc ravg:  0.58864 |
|epoch:  39 | lr: 0.005 |train ent: 0.06850 |train ent ravg: 0.19778 |train acc:  1.00000 |train acc ravg:  0.92500 |val ent: 0.76964 |val entravg: 1.65636 |val acc:  0.64773 |val acc ravg:  0.60682 |
|epoch:  40 | lr: 0.005 |train ent: 0.03475 |train ent ravg: 0.15273 |train acc:  1.00000 |train acc ravg:  0.96250 |val ent: 0.67277 |val entravg: 1.67142 |val acc:  0.59091 |val acc ravg:  0.58636 |
|epoch:  41 | lr: 0.005 |train ent: 0.03732 |train ent ravg: 0.07523 |train acc:  1.00000 |train acc ravg:  1.00000 |val ent: 0.70391 |val entravg: 1.37282 |val acc:  0.60227 |val acc ravg:  0.59318 |
|epoch:  42 | lr: 0.005 |train ent: 0.01051 |train ent ravg: 0.06074 |train acc:  1.00000 |train acc ravg:  1.00000 |val ent: 0.71828 |val entravg: 0.90929 |val acc:  0.60227 |val acc ravg:  0.60000 |
|epoch:  43 | lr: 0.005 |train ent: 0.01902 |train ent ravg: 0.03402 |train acc:  1.00000 |train acc ravg:  1.00000 |val ent: 0.68910 |val entravg: 0.71074 |val acc:  0.68182 |val acc ravg:  0.62500 |
|epoch:  44 | lr: 0.005 |train ent: 0.01893 |train ent ravg: 0.02411 |train acc:  1.00000 |train acc ravg:  1.00000 |val ent: 0.73166 |val entravg: 0.70314 |val acc:  0.63636 |val acc ravg:  0.62273 |
|epoch:  45 | lr: 0.005 |train ent: 0.20987 |train ent ravg: 0.05913 |train acc:  0.87500 |train acc ravg:  0.97500 |val ent: 2.38129 |val entravg: 1.04484 |val acc:  0.44318 |val acc ravg:  0.59318 |
|epoch:  46 | lr: 0.005 |train ent: 0.15669 |train ent ravg: 0.08301 |train acc:  0.93750 |train acc ravg:  0.96250 |val ent: 0.72530 |val entravg: 1.04912 |val acc:  0.60227 |val acc ravg:  0.59318 |
|epoch:  47 | lr: 0.005 |train ent: 0.02331 |train ent ravg: 0.08556 |train acc:  1.00000 |train acc ravg:  0.96250 |val ent: 1.69645 |val entravg: 1.24476 |val acc:  0.55682 |val acc ravg:  0.58409 |
|epoch:  48 | lr: 0.005 |train ent: 0.11090 |train ent ravg: 0.10394 |train acc:  0.93750 |train acc ravg:  0.95000 |val ent: 0.76433 |val entravg: 1.25981 |val acc:  0.62500 |val acc ravg:  0.57273 |
|epoch:  49 | lr: 0.005 |train ent: 0.03088 |train ent ravg: 0.10633 |train acc:  1.00000 |train acc ravg:  0.95000 |val ent: 2.42601 |val entravg: 1.59868 |val acc:  0.43182 |val acc ravg:  0.53182 |
|epoch:  50 | lr: 0.005 |train ent: 0.11584 |train ent ravg: 0.08752 |train acc:  0.93750 |train acc ravg:  0.96250 |val ent: 1.92797 |val entravg: 1.50801 |val acc:  0.45455 |val acc ravg:  0.53409 |
|epoch:  51 | lr: 0.005 |train ent: 0.08672 |train ent ravg: 0.07353 |train acc:  0.93750 |train acc ravg:  0.96250 |val ent: 1.37549 |val entravg: 1.63805 |val acc:  0.56818 |val acc ravg:  0.52727 |
|epoch:  52 | lr: 0.005 |train ent: 0.03530 |train ent ravg: 0.07593 |train acc:  1.00000 |train acc ravg:  0.96250 |val ent: 0.85291 |val entravg: 1.46934 |val acc:  0.69318 |val acc ravg:  0.55455 |
|epoch:  53 | lr: 0.005 |train ent: 0.06540 |train ent ravg: 0.06683 |train acc:  1.00000 |train acc ravg:  0.97500 |val ent: 0.88852 |val entravg: 1.49418 |val acc:  0.65909 |val acc ravg:  0.56136 |
|epoch:  54 | lr: 0.005 |train ent: 0.01085 |train ent ravg: 0.06282 |train acc:  1.00000 |train acc ravg:  0.97500 |val ent: 0.77009 |val entravg: 1.16300 |val acc:  0.68182 |val acc ravg:  0.61136 |
|epoch:  55 | lr: 0.005 |train ent: 0.01295 |train ent ravg: 0.04224 |train acc:  1.00000 |train acc ravg:  0.98750 |val ent: 0.68218 |val entravg: 0.91384 |val acc:  0.68182 |val acc ravg:  0.65682 |
|epoch:  56 | lr: 0.005 |train ent: 0.04883 |train ent ravg: 0.03467 |train acc:  1.00000 |train acc ravg:  1.00000 |val ent: 0.67409 |val entravg: 0.77356 |val acc:  0.72727 |val acc ravg:  0.68864 |
|epoch:  57 | lr: 0.005 |train ent: 0.01009 |train ent ravg: 0.02963 |train acc:  1.00000 |train acc ravg:  1.00000 |val ent: 0.63021 |val entravg: 0.72902 |val acc:  0.73864 |val acc ravg:  0.69773 |
|epoch:  58 | lr: 0.005 |train ent: 0.00534 |train ent ravg: 0.01761 |train acc:  1.00000 |train acc ravg:  1.00000 |val ent: 0.66922 |val entravg: 0.68516 |val acc:  0.70455 |val acc ravg:  0.70682 |
|epoch:  59 | lr: 0.005 |train ent: 0.00304 |train ent ravg: 0.01605 |train acc:  1.00000 |train acc ravg:  1.00000 |val ent: 0.62497 |val entravg: 0.65613 |val acc:  0.70455 |val acc ravg:  0.71136 |
----------------------------------------------------------------------------------------------------------------------------------------------------------------
Finished:  2021-02-18 08:55:48.805067

----------------------------------------------------------------------------------------------------------------------------------------------------------------
------------------------------------------------
Finished at: Thu Feb 18 08:55:49 GMT 2021
------------------------------------------------
