------------------------------------------------
Job ID: 37521407
Run on host: compg013.hpc.in.bmrc.ox.ac.uk
Operating system: Linux
Username: lhw539
Started at: Sat Feb 20 15:28:34 GMT 2021
------------------------------------------------
Loading share 1.00 train data.
Loading OASIS   val data.
Number of GPUs:  2

Full model is being tested with weights loaded from pre-trained model.
Start:  2021-02-20 15:28:39.718462
----------------------------------------------------------------------------------------------------------------------------------------------------------------
test ent mean: 0.71489 | test ent std: nan |test acc mean:  0.12222 |test acc std:  nan |
----------------------------------------------------------------------------------------------------------------------------------------------------------------
Finished:  2021-02-20 15:28:48.914076

----------------------------------------------------------------------------------------------------------------------------------------------------------------
------------------------------------------------
Finished at: Sat Feb 20 15:28:49 GMT 2021
------------------------------------------------
