------------------------------------------------
Job ID: 34520630
Run on host: compg013.hpc.in.bmrc.ox.ac.uk
Operating system: Linux
Username: lhw539
Started at: Thu Jan 28 11:37:47 GMT 2021
------------------------------------------------
Number of GPUs:  2
{'DEBUG': 'full', 'TRAIN': 'pre_step', 'BATCH_SIZE': 8, 'NUM_WORKERS': 4, 'LOSS': 'kl', 'DROP': 'drop', 'PATH': '../../', 'PL': 'none', 'PRE': 'full', 'WDEC': 0.0005, 'MOM': 0.9, 'GAMMA': 0.3, 'N_EPOCHS': 15, 'PAT': 5, 'LR': 0.0001, 'PL_LL': 'none', 'WDEC_LL': 0.001, 'MOM_LL': 0.9, 'GAMMA_LL': 0.1, 'N_EPOCHS_LL': 25, 'PAT_LL': 8, 'LR_LL': 0.1, 'PRINT_EVERY': 1}
Debug:  full
Path:  ../../
Patience:  8
Succesfully loaded OASIS train data.
Succesfully loaded OASIS   val data.

Start training of last layer:  2021-01-28 11:37:55.951830
----------------------------------------------------------------------------------------------------------------------
Number of epochs of pre-training: 25
|epoch:   0 | lr: 0.100 |train loss: 2.04017 |train loss ravg: 2.04017 |train MAE:  5.05307 |train MAE ravg:  5.05307 |val loss: 1.83244 |val loss ravg: 1.83244 |val MAE:  4.19315 |val MAE ravg:  4.19315 |
|epoch:   1 | lr: 0.100 |train loss: 1.69540 |train loss ravg: 1.86778 |train MAE:  3.85951 |train MAE ravg:  4.45629 |val loss: 1.63962 |val loss ravg: 1.73603 |val MAE:  3.62043 |val MAE ravg:  3.90679 |
|epoch:   2 | lr: 0.100 |train loss: 1.57074 |train loss ravg: 1.76877 |train MAE:  3.64917 |train MAE ravg:  4.18725 |val loss: 1.59261 |val loss ravg: 1.68822 |val MAE:  3.41231 |val MAE ravg:  3.74196 |
|epoch:   3 | lr: 0.100 |train loss: 1.61371 |train loss ravg: 1.73000 |train MAE:  3.50909 |train MAE ravg:  4.01771 |val loss: 1.51770 |val loss ravg: 1.64559 |val MAE:  3.36634 |val MAE ravg:  3.64806 |
|epoch:   4 | lr: 0.100 |train loss: 1.63457 |train loss ravg: 1.71092 |train MAE:  3.62800 |train MAE ravg:  3.93977 |val loss: 1.57364 |val loss ravg: 1.63120 |val MAE:  3.54167 |val MAE ravg:  3.62678 |
|epoch:   5 | lr: 0.100 |train loss: 1.60352 |train loss ravg: 1.69302 |train MAE:  3.59788 |train MAE ravg:  3.88279 |val loss: 1.50092 |val loss ravg: 1.60949 |val MAE:  3.17971 |val MAE ravg:  3.55227 |
|epoch:   6 | lr: 0.100 |train loss: 1.57512 |train loss ravg: 1.67617 |train MAE:  3.51778 |train MAE ravg:  3.83064 |val loss: 1.56132 |val loss ravg: 1.60261 |val MAE:  3.02477 |val MAE ravg:  3.47691 |
|epoch:   7 | lr: 0.100 |train loss: 1.56282 |train loss ravg: 1.66201 |train MAE:  3.43919 |train MAE ravg:  3.78171 |val loss: 1.52980 |val loss ravg: 1.59351 |val MAE:  3.20425 |val MAE ravg:  3.44283 |
|epoch:   8 | lr: 0.100 |train loss: 1.54251 |train loss ravg: 1.64873 |train MAE:  3.39025 |train MAE ravg:  3.73822 |val loss: 1.48334 |val loss ravg: 1.58127 |val MAE:  3.24228 |val MAE ravg:  3.42055 |
|epoch:   9 | lr: 0.010 |train loss: 1.50762 |train loss ravg: 1.63462 |train MAE:  3.48071 |train MAE ravg:  3.71246 |val loss: 1.44632 |val loss ravg: 1.56777 |val MAE:  3.09683 |val MAE ravg:  3.38817 |
|epoch:  10 | lr: 0.010 |train loss: 1.51201 |train loss ravg: 1.58180 |train MAE:  3.50278 |train MAE ravg:  3.55743 |val loss: 1.42734 |val loss ravg: 1.52726 |val MAE:  3.08635 |val MAE ravg:  3.27750 |
|epoch:  11 | lr: 0.010 |train loss: 1.50919 |train loss ravg: 1.56318 |train MAE:  3.40735 |train MAE ravg:  3.51222 |val loss: 1.41733 |val loss ravg: 1.50503 |val MAE:  3.02056 |val MAE ravg:  3.21751 |
|epoch:  12 | lr: 0.010 |train loss: 1.44436 |train loss ravg: 1.55054 |train MAE:  3.27635 |train MAE ravg:  3.47494 |val loss: 1.44617 |val loss ravg: 1.49039 |val MAE:  3.11785 |val MAE ravg:  3.18806 |
|epoch:  13 | lr: 0.010 |train loss: 1.46728 |train loss ravg: 1.53590 |train MAE:  3.46825 |train MAE ravg:  3.47085 |val loss: 1.41472 |val loss ravg: 1.48009 |val MAE:  3.05390 |val MAE ravg:  3.15682 |
|epoch:  14 | lr: 0.010 |train loss: 1.48057 |train loss ravg: 1.52050 |train MAE:  3.61234 |train MAE ravg:  3.46929 |val loss: 1.43962 |val loss ravg: 1.46669 |val MAE:  3.12530 |val MAE ravg:  3.11518 |
|epoch:  15 | lr: 0.010 |train loss: 1.49001 |train loss ravg: 1.50915 |train MAE:  3.43546 |train MAE ravg:  3.45304 |val loss: 1.42189 |val loss ravg: 1.45879 |val MAE:  3.08402 |val MAE ravg:  3.10561 |
|epoch:  16 | lr: 0.010 |train loss: 1.46901 |train loss ravg: 1.49854 |train MAE:  3.37727 |train MAE ravg:  3.43899 |val loss: 1.38683 |val loss ravg: 1.44134 |val MAE:  2.94671 |val MAE ravg:  3.09781 |
|epoch:  17 | lr: 0.010 |train loss: 1.44575 |train loss ravg: 1.48683 |train MAE:  3.34771 |train MAE ravg:  3.42985 |val loss: 1.42268 |val loss ravg: 1.43063 |val MAE:  3.04399 |val MAE ravg:  3.08178 |
|epoch:  18 | lr: 0.001 |train loss: 1.44227 |train loss ravg: 1.47681 |train MAE:  3.33692 |train MAE ravg:  3.42451 |val loss: 1.43964 |val loss ravg: 1.42626 |val MAE:  3.09945 |val MAE ravg:  3.06750 |
|epoch:  19 | lr: 0.001 |train loss: 1.42969 |train loss ravg: 1.46902 |train MAE:  3.43972 |train MAE ravg:  3.42041 |val loss: 1.42301 |val loss ravg: 1.42392 |val MAE:  3.07482 |val MAE ravg:  3.06530 |
|epoch:  20 | lr: 0.001 |train loss: 1.42512 |train loss ravg: 1.46033 |train MAE:  3.23154 |train MAE ravg:  3.39329 |val loss: 1.43643 |val loss ravg: 1.42483 |val MAE:  3.18100 |val MAE ravg:  3.07476 |
|epoch:  21 | lr: 0.001 |train loss: 1.44310 |train loss ravg: 1.45372 |train MAE:  3.36761 |train MAE ravg:  3.38932 |val loss: 1.41346 |val loss ravg: 1.42445 |val MAE:  3.04411 |val MAE ravg:  3.07712 |
|epoch:  22 | lr: 0.001 |train loss: 1.45504 |train loss ravg: 1.45478 |train MAE:  3.37974 |train MAE ravg:  3.39966 |val loss: 1.44323 |val loss ravg: 1.42415 |val MAE:  3.17549 |val MAE ravg:  3.08288 |
|epoch:  23 | lr: 0.001 |train loss: 1.43968 |train loss ravg: 1.45202 |train MAE:  3.40151 |train MAE ravg:  3.39298 |val loss: 1.43933 |val loss ravg: 1.42661 |val MAE:  3.05942 |val MAE ravg:  3.08343 |
|epoch:  24 | lr: 0.001 |train loss: 1.43983 |train loss ravg: 1.44795 |train MAE:  3.42523 |train MAE ravg:  3.37427 |val loss: 1.42000 |val loss ravg: 1.42465 |val MAE:  3.10029 |val MAE ravg:  3.08093 |
----------------------------------------------------------------------------------------------------------------------
Finished training of full model.
2021-01-28 11:58:41.725938
Correlation between train loss and MAE: 0.93638


Start training of full model:  2021-01-28 11:58:41.736007
----------------------------------------------------------------------------------------------------------------------
|epoch:   0 | lr: 0.000 |train loss: 1.41355 |train loss ravg: 1.41355 |train MAE:  3.25039 |train MAE ravg:  3.25039 |val loss: 1.42799 |val loss ravg: 1.42799 |val MAE:  3.05037 |val MAE ravg:  3.05037 |
|epoch:   1 | lr: 0.000 |train loss: 1.37194 |train loss ravg: 1.39275 |train MAE:  3.14035 |train MAE ravg:  3.19537 |val loss: 1.38382 |val loss ravg: 1.40590 |val MAE:  2.90835 |val MAE ravg:  2.97936 |
|epoch:   2 | lr: 0.000 |train loss: 1.36328 |train loss ravg: 1.38292 |train MAE:  3.07228 |train MAE ravg:  3.15434 |val loss: 1.35996 |val loss ravg: 1.39059 |val MAE:  2.78424 |val MAE ravg:  2.91432 |
|epoch:   3 | lr: 0.000 |train loss: 1.35694 |train loss ravg: 1.37643 |train MAE:  3.05438 |train MAE ravg:  3.12935 |val loss: 1.41675 |val loss ravg: 1.39713 |val MAE:  2.93074 |val MAE ravg:  2.91843 |
|epoch:   4 | lr: 0.000 |train loss: 1.34052 |train loss ravg: 1.36925 |train MAE:  2.96606 |train MAE ravg:  3.09669 |val loss: 1.41889 |val loss ravg: 1.40148 |val MAE:  3.00669 |val MAE ravg:  2.93608 |
|epoch:   5 | lr: 0.000 |train loss: 1.31329 |train loss ravg: 1.35992 |train MAE:  2.82100 |train MAE ravg:  3.05074 |val loss: 1.38244 |val loss ravg: 1.39831 |val MAE:  2.89138 |val MAE ravg:  2.92863 |
|epoch:   6 | lr: 0.000 |train loss: 1.30864 |train loss ravg: 1.35259 |train MAE:  2.81806 |train MAE ravg:  3.01750 |val loss: 1.38623 |val loss ravg: 1.39658 |val MAE:  2.88247 |val MAE ravg:  2.92203 |
|epoch:   7 | lr: 0.000 |train loss: 1.24244 |train loss ravg: 1.33882 |train MAE:  2.66273 |train MAE ravg:  2.97316 |val loss: 1.38517 |val loss ravg: 1.39516 |val MAE:  2.94609 |val MAE ravg:  2.92504 |
|epoch:   8 | lr: 0.000 |train loss: 1.28778 |train loss ravg: 1.33315 |train MAE:  2.85327 |train MAE ravg:  2.95983 |val loss: 1.40385 |val loss ravg: 1.39612 |val MAE:  2.97716 |val MAE ravg:  2.93083 |
|epoch:   9 | lr: 0.000 |train loss: 1.29405 |train loss ravg: 1.32924 |train MAE:  2.80138 |train MAE ravg:  2.94399 |val loss: 1.38908 |val loss ravg: 1.39542 |val MAE:  2.93631 |val MAE ravg:  2.93138 |
|epoch:  10 | lr: 0.000 |train loss: 1.26571 |train loss ravg: 1.31446 |train MAE:  2.72060 |train MAE ravg:  2.89101 |val loss: 1.36294 |val loss ravg: 1.38891 |val MAE:  2.82138 |val MAE ravg:  2.90848 |
|epoch:  11 | lr: 0.000 |train loss: 1.25328 |train loss ravg: 1.30259 |train MAE:  2.63266 |train MAE ravg:  2.84024 |val loss: 1.39977 |val loss ravg: 1.39051 |val MAE:  2.93121 |val MAE ravg:  2.91077 |
|epoch:  12 | lr: 0.000 |train loss: 1.30617 |train loss ravg: 1.29688 |train MAE:  2.88870 |train MAE ravg:  2.82188 |val loss: 1.40338 |val loss ravg: 1.39485 |val MAE:  2.98194 |val MAE ravg:  2.93054 |
|epoch:  13 | lr: 0.000 |train loss: 1.25663 |train loss ravg: 1.28685 |train MAE:  2.79343 |train MAE ravg:  2.79579 |val loss: 1.36080 |val loss ravg: 1.38926 |val MAE:  2.82219 |val MAE ravg:  2.91968 |
|epoch:  14 | lr: 0.000 |train loss: 1.27880 |train loss ravg: 1.28068 |train MAE:  2.80117 |train MAE ravg:  2.77930 |val loss: 1.39418 |val loss ravg: 1.38678 |val MAE:  2.96029 |val MAE ravg:  2.91504 |
----------------------------------------------------------------------------------------------------------------------
Finished training of full model.
2021-01-28 12:49:36.939317
Correlation between train loss and MAE: 0.96808

------------------------------------------------
Finished at: Thu Jan 28 12:49:38 GMT 2021
------------------------------------------------
