------------------------------------------------
Job ID: 34574098
Run on host: compg010.hpc.in.bmrc.ox.ac.uk
Operating system: Linux
Username: lhw539
Started at: Fri Jan 29 13:23:52 GMT 2021
------------------------------------------------
Number of GPUs:  2
{'DEBUG': 'full', 'TRAIN': 'pre_step', 'BATCH_SIZE': 8, 'NUM_WORKERS': 4, 'LOSS': 'kl', 'DROP': 'drop', 'PATH': '../../', 'PL': 'none', 'PRE': 'full', 'WDEC': 0.0001, 'MOM': 0.7, 'GAMMA': 0.1, 'N_EPOCHS': 30, 'PAT': 5, 'LR': 0.001, 'PL_LL': 'none', 'WDEC_LL': 0.001, 'MOM_LL': 0.9, 'GAMMA_LL': 0.1, 'N_EPOCHS_LL': 25, 'PAT_LL': 8, 'LR_LL': 0.1, 'PRINT_EVERY': 1}
Debug:  full
Path:  ../../
Patience:  8
Succesfully loaded OASIS train data.
Succesfully loaded OASIS   val data.

Start training of last layer:  2021-01-29 13:24:00.473258
----------------------------------------------------------------------------------------------------------------------
Number of epochs of pre-training: 25
|epoch:   0 | lr: 0.100 |train loss: 2.01018 |train loss ravg: 2.01018 |train MAE:  5.07562 |train MAE ravg:  5.07562 |val loss: 1.74030 |val loss ravg: 1.74030 |val MAE:  4.43256 |val MAE ravg:  4.43256 |
|epoch:   1 | lr: 0.100 |train loss: 1.61885 |train loss ravg: 1.81451 |train MAE:  3.77962 |train MAE ravg:  4.42762 |val loss: 1.64966 |val loss ravg: 1.69498 |val MAE:  3.58193 |val MAE ravg:  4.00725 |
|epoch:   2 | lr: 0.100 |train loss: 1.64670 |train loss ravg: 1.75858 |train MAE:  3.72437 |train MAE ravg:  4.19320 |val loss: 1.57941 |val loss ravg: 1.65646 |val MAE:  3.44385 |val MAE ravg:  3.81945 |
|epoch:   3 | lr: 0.100 |train loss: 1.55212 |train loss ravg: 1.60589 |train MAE:  3.66488 |train MAE ravg:  3.72296 |val loss: 1.55625 |val loss ravg: 1.59511 |val MAE:  3.49167 |val MAE ravg:  3.50582 |
|epoch:   4 | lr: 0.100 |train loss: 1.56961 |train loss ravg: 1.58948 |train MAE:  3.43442 |train MAE ravg:  3.60789 |val loss: 1.47763 |val loss ravg: 1.53776 |val MAE:  3.27398 |val MAE ravg:  3.40317 |
|epoch:   5 | lr: 0.100 |train loss: 1.59540 |train loss ravg: 1.57238 |train MAE:  3.45838 |train MAE ravg:  3.51923 |val loss: 1.46304 |val loss ravg: 1.49897 |val MAE:  3.33014 |val MAE ravg:  3.36526 |
|epoch:   6 | lr: 0.100 |train loss: 1.56905 |train loss ravg: 1.57802 |train MAE:  3.51301 |train MAE ravg:  3.46860 |val loss: 1.45650 |val loss ravg: 1.46572 |val MAE:  3.06254 |val MAE ravg:  3.22222 |
|epoch:   7 | lr: 0.100 |train loss: 1.55220 |train loss ravg: 1.57222 |train MAE:  3.45236 |train MAE ravg:  3.47458 |val loss: 1.52846 |val loss ravg: 1.48267 |val MAE:  3.23010 |val MAE ravg:  3.20759 |
|epoch:   8 | lr: 0.100 |train loss: 1.59793 |train loss ravg: 1.57306 |train MAE:  3.60736 |train MAE ravg:  3.52424 |val loss: 1.47061 |val loss ravg: 1.48519 |val MAE:  3.18240 |val MAE ravg:  3.15835 |
|epoch:   9 | lr: 0.010 |train loss: 1.52715 |train loss ravg: 1.55910 |train MAE:  3.59183 |train MAE ravg:  3.55052 |val loss: 1.42447 |val loss ravg: 1.47451 |val MAE:  3.06469 |val MAE ravg:  3.15906 |
|epoch:  10 | lr: 0.010 |train loss: 1.49079 |train loss ravg: 1.53863 |train MAE:  3.45072 |train MAE ravg:  3.54997 |val loss: 1.46082 |val loss ravg: 1.45197 |val MAE:  3.16787 |val MAE ravg:  3.13832 |
|epoch:  11 | lr: 0.010 |train loss: 1.49031 |train loss ravg: 1.50275 |train MAE:  3.47012 |train MAE ravg:  3.50423 |val loss: 1.43629 |val loss ravg: 1.44053 |val MAE:  3.08930 |val MAE ravg:  3.10728 |
|epoch:  12 | lr: 0.010 |train loss: 1.48580 |train loss ravg: 1.48897 |train MAE:  3.36082 |train MAE ravg:  3.42722 |val loss: 1.43993 |val loss ravg: 1.44568 |val MAE:  3.07420 |val MAE ravg:  3.11045 |
|epoch:  13 | lr: 0.010 |train loss: 1.46952 |train loss ravg: 1.48188 |train MAE:  3.44285 |train MAE ravg:  3.42460 |val loss: 1.43498 |val loss ravg: 1.43707 |val MAE:  3.06675 |val MAE ravg:  3.07675 |
|epoch:  14 | lr: 0.010 |train loss: 1.44476 |train loss ravg: 1.46670 |train MAE:  3.40429 |train MAE ravg:  3.40265 |val loss: 1.44974 |val loss ravg: 1.44155 |val MAE:  3.10920 |val MAE ravg:  3.08338 |
|epoch:  15 | lr: 0.010 |train loss: 1.48431 |train loss ravg: 1.46620 |train MAE:  3.40011 |train MAE ravg:  3.41575 |val loss: 1.41443 |val loss ravg: 1.43305 |val MAE:  3.01289 |val MAE ravg:  3.06295 |
|epoch:  16 | lr: 0.010 |train loss: 1.45950 |train loss ravg: 1.46286 |train MAE:  3.41885 |train MAE ravg:  3.40775 |val loss: 1.45716 |val loss ravg: 1.44044 |val MAE:  3.15999 |val MAE ravg:  3.09402 |
|epoch:  17 | lr: 0.010 |train loss: 1.45489 |train loss ravg: 1.46623 |train MAE:  3.36928 |train MAE ravg:  3.39608 |val loss: 1.45755 |val loss ravg: 1.44304 |val MAE:  3.16062 |val MAE ravg:  3.11116 |
|epoch:  18 | lr: 0.001 |train loss: 1.42986 |train loss ravg: 1.44808 |train MAE:  3.33639 |train MAE ravg:  3.37484 |val loss: 1.44870 |val loss ravg: 1.45447 |val MAE:  3.09519 |val MAE ravg:  3.13860 |
|epoch:  19 | lr: 0.001 |train loss: 1.44703 |train loss ravg: 1.44393 |train MAE:  3.37621 |train MAE ravg:  3.36063 |val loss: 1.45875 |val loss ravg: 1.45500 |val MAE:  3.11740 |val MAE ravg:  3.12440 |
|epoch:  20 | lr: 0.001 |train loss: 1.43324 |train loss ravg: 1.43671 |train MAE:  3.30252 |train MAE ravg:  3.33838 |val loss: 1.45085 |val loss ravg: 1.45277 |val MAE:  3.14997 |val MAE ravg:  3.12085 |
|epoch:  21 | lr: 0.001 |train loss: 1.44421 |train loss ravg: 1.44149 |train MAE:  3.52146 |train MAE ravg:  3.40006 |val loss: 1.43045 |val loss ravg: 1.44669 |val MAE:  3.06284 |val MAE ravg:  3.11007 |
|epoch:  22 | lr: 0.001 |train loss: 1.47073 |train loss ravg: 1.44939 |train MAE:  3.39799 |train MAE ravg:  3.40732 |val loss: 1.44687 |val loss ravg: 1.44272 |val MAE:  3.06305 |val MAE ravg:  3.09195 |
|epoch:  23 | lr: 0.001 |train loss: 1.48007 |train loss ravg: 1.46501 |train MAE:  3.53851 |train MAE ravg:  3.48599 |val loss: 1.44719 |val loss ravg: 1.44150 |val MAE:  3.10922 |val MAE ravg:  3.07837 |
|epoch:  24 | lr: 0.001 |train loss: 1.44661 |train loss ravg: 1.46581 |train MAE:  3.43136 |train MAE ravg:  3.45595 |val loss: 1.42569 |val loss ravg: 1.43992 |val MAE:  3.03076 |val MAE ravg:  3.06768 |
----------------------------------------------------------------------------------------------------------------------
Finished training of full model.
2021-01-29 13:39:04.280590
Correlation between train loss and MAE: 0.93433


Start training of full model:  2021-01-29 13:39:04.297317
----------------------------------------------------------------------------------------------------------------------
|epoch:   0 | lr: 0.001 |train loss: 1.41319 |train loss ravg: 1.41319 |train MAE:  3.32078 |train MAE ravg:  3.32078 |val loss: 1.34673 |val loss ravg: 1.34673 |val MAE:  2.92995 |val MAE ravg:  2.92995 |
|epoch:   1 | lr: 0.001 |train loss: 1.32161 |train loss ravg: 1.36740 |train MAE:  2.93439 |train MAE ravg:  3.12758 |val loss: 1.42592 |val loss ravg: 1.38632 |val MAE:  2.95185 |val MAE ravg:  2.94090 |
|epoch:   2 | lr: 0.001 |train loss: 1.28225 |train loss ravg: 1.33902 |train MAE:  2.75288 |train MAE ravg:  3.00268 |val loss: 1.42457 |val loss ravg: 1.39907 |val MAE:  3.04166 |val MAE ravg:  2.97449 |
|epoch:   3 | lr: 0.001 |train loss: 1.25764 |train loss ravg: 1.28717 |train MAE:  2.69979 |train MAE ravg:  2.79569 |val loss: 1.40963 |val loss ravg: 1.42004 |val MAE:  2.94701 |val MAE ravg:  2.98017 |
|epoch:   4 | lr: 0.001 |train loss: 1.22081 |train loss ravg: 1.25357 |train MAE:  2.59624 |train MAE ravg:  2.68297 |val loss: 1.41106 |val loss ravg: 1.41509 |val MAE:  3.10039 |val MAE ravg:  3.02968 |
|epoch:   5 | lr: 0.001 |train loss: 1.24406 |train loss ravg: 1.24084 |train MAE:  2.52747 |train MAE ravg:  2.60784 |val loss: 1.36469 |val loss ravg: 1.39513 |val MAE:  2.83545 |val MAE ravg:  2.96095 |
|epoch:   6 | lr: 0.000 |train loss: 1.19566 |train loss ravg: 1.22018 |train MAE:  2.61881 |train MAE ravg:  2.58084 |val loss: 1.39945 |val loss ravg: 1.39174 |val MAE:  3.03680 |val MAE ravg:  2.99088 |
|epoch:   7 | lr: 0.000 |train loss: 1.17373 |train loss ravg: 1.20448 |train MAE:  2.33827 |train MAE ravg:  2.49485 |val loss: 1.37851 |val loss ravg: 1.38089 |val MAE:  2.89087 |val MAE ravg:  2.92104 |
|epoch:   8 | lr: 0.000 |train loss: 1.18714 |train loss ravg: 1.18551 |train MAE:  2.51768 |train MAE ravg:  2.49159 |val loss: 1.38803 |val loss ravg: 1.38867 |val MAE:  2.89762 |val MAE ravg:  2.94177 |
|epoch:   9 | lr: 0.000 |train loss: 1.17135 |train loss ravg: 1.17740 |train MAE:  2.31686 |train MAE ravg:  2.39094 |val loss: 1.39227 |val loss ravg: 1.38627 |val MAE:  2.93399 |val MAE ravg:  2.90749 |
|epoch:  10 | lr: 0.000 |train loss: 1.16039 |train loss ravg: 1.17296 |train MAE:  2.33502 |train MAE ravg:  2.38985 |val loss: 1.38031 |val loss ravg: 1.38687 |val MAE:  2.89918 |val MAE ravg:  2.91027 |
|epoch:  11 | lr: 0.000 |train loss: 1.15263 |train loss ravg: 1.16146 |train MAE:  2.33900 |train MAE ravg:  2.33029 |val loss: 1.35009 |val loss ravg: 1.37422 |val MAE:  2.83247 |val MAE ravg:  2.88855 |
|epoch:  12 | lr: 0.000 |train loss: 1.20405 |train loss ravg: 1.17236 |train MAE:  2.44018 |train MAE ravg:  2.37140 |val loss: 1.39633 |val loss ravg: 1.37558 |val MAE:  2.98547 |val MAE ravg:  2.90571 |
|epoch:  13 | lr: 0.000 |train loss: 1.16306 |train loss ravg: 1.17325 |train MAE:  2.39752 |train MAE ravg:  2.39223 |val loss: 1.39806 |val loss ravg: 1.38149 |val MAE:  2.97603 |val MAE ravg:  2.93132 |
|epoch:  14 | lr: 0.000 |train loss: 1.14829 |train loss ravg: 1.17180 |train MAE:  2.27186 |train MAE ravg:  2.36985 |val loss: 1.38409 |val loss ravg: 1.39283 |val MAE:  2.98219 |val MAE ravg:  2.98123 |
|epoch:  15 | lr: 0.000 |train loss: 1.15733 |train loss ravg: 1.15623 |train MAE:  2.32967 |train MAE ravg:  2.33302 |val loss: 1.39223 |val loss ravg: 1.39146 |val MAE:  2.92998 |val MAE ravg:  2.96273 |
|epoch:  16 | lr: 0.000 |train loss: 1.16498 |train loss ravg: 1.15686 |train MAE:  2.36367 |train MAE ravg:  2.32173 |val loss: 1.34620 |val loss ravg: 1.37418 |val MAE:  2.78738 |val MAE ravg:  2.89985 |
|epoch:  17 | lr: 0.000 |train loss: 1.16346 |train loss ravg: 1.16192 |train MAE:  2.36537 |train MAE ravg:  2.35290 |val loss: 1.37747 |val loss ravg: 1.37197 |val MAE:  2.87794 |val MAE ravg:  2.86510 |
|epoch:  18 | lr: 0.000 |train loss: 1.14331 |train loss ravg: 1.15725 |train MAE:  2.34644 |train MAE ravg:  2.35849 |val loss: 1.41323 |val loss ravg: 1.37897 |val MAE:  2.97837 |val MAE ravg:  2.88123 |
|epoch:  19 | lr: 0.000 |train loss: 1.18326 |train loss ravg: 1.16334 |train MAE:  2.50785 |train MAE ravg:  2.40655 |val loss: 1.37748 |val loss ravg: 1.38939 |val MAE:  2.88617 |val MAE ravg:  2.91416 |
|epoch:  20 | lr: 0.000 |train loss: 1.18022 |train loss ravg: 1.16893 |train MAE:  2.41099 |train MAE ravg:  2.42176 |val loss: 1.38511 |val loss ravg: 1.39194 |val MAE:  2.91682 |val MAE ravg:  2.92712 |
|epoch:  21 | lr: 0.000 |train loss: 1.17043 |train loss ravg: 1.17797 |train MAE:  2.38352 |train MAE ravg:  2.43412 |val loss: 1.40131 |val loss ravg: 1.38797 |val MAE:  2.99645 |val MAE ravg:  2.93315 |
|epoch:  22 | lr: 0.000 |train loss: 1.15347 |train loss ravg: 1.16804 |train MAE:  2.34570 |train MAE ravg:  2.38007 |val loss: 1.35927 |val loss ravg: 1.38190 |val MAE:  2.83476 |val MAE ravg:  2.91601 |
|epoch:  23 | lr: 0.000 |train loss: 1.13725 |train loss ravg: 1.15372 |train MAE:  2.27105 |train MAE ravg:  2.33343 |val loss: 1.37080 |val loss ravg: 1.37713 |val MAE:  2.85624 |val MAE ravg:  2.89582 |
|epoch:  24 | lr: 0.000 |train loss: 1.18185 |train loss ravg: 1.15752 |train MAE:  2.39871 |train MAE ravg:  2.33849 |val loss: 1.39512 |val loss ravg: 1.37507 |val MAE:  2.97892 |val MAE ravg:  2.88997 |
|epoch:  25 | lr: 0.000 |train loss: 1.17935 |train loss ravg: 1.16615 |train MAE:  2.40689 |train MAE ravg:  2.35888 |val loss: 1.38339 |val loss ravg: 1.38311 |val MAE:  2.94187 |val MAE ravg:  2.92568 |
|epoch:  26 | lr: 0.000 |train loss: 1.18982 |train loss ravg: 1.18367 |train MAE:  2.49050 |train MAE ravg:  2.43203 |val loss: 1.38193 |val loss ravg: 1.38681 |val MAE:  2.90309 |val MAE ravg:  2.94129 |
|epoch:  27 | lr: 0.000 |train loss: 1.13541 |train loss ravg: 1.16819 |train MAE:  2.19250 |train MAE ravg:  2.36329 |val loss: 1.39577 |val loss ravg: 1.38703 |val MAE:  2.94124 |val MAE ravg:  2.92873 |
|epoch:  28 | lr: 0.000 |train loss: 1.16607 |train loss ravg: 1.16377 |train MAE:  2.33733 |train MAE ravg:  2.34011 |val loss: 1.37572 |val loss ravg: 1.38447 |val MAE:  2.91641 |val MAE ravg:  2.92025 |
|epoch:  29 | lr: 0.000 |train loss: 1.17519 |train loss ravg: 1.15889 |train MAE:  2.44362 |train MAE ravg:  2.32448 |val loss: 1.39289 |val loss ravg: 1.38813 |val MAE:  2.95022 |val MAE ravg:  2.93596 |
----------------------------------------------------------------------------------------------------------------------
Finished training of full model.
2021-01-29 14:49:41.870608
Correlation between train loss and MAE: 0.97186

------------------------------------------------
Finished at: Fri Jan 29 14:49:43 GMT 2021
------------------------------------------------
