------------------------------------------------
Job ID: 41230567
Run on host: compg011.hpc.in.bmrc.ox.ac.uk
Operating system: Linux
Username: lhw539
Started at: Mon Mar 22 16:51:14 GMT 2021
------------------------------------------------
Test (in contrast to train):  False
Loading ABIDE train data.
Loading ABIDE   val data.
Number of GPUs:  2
Epoch decay:  30
Gamma decay:  0.3

Full model is being trained with random initialization.
Start:  2021-03-22 16:51:21.105897
----------------------------------------------------------------------------------------------------------------------------------------------------------------
|epoch:   0 | lr: 0.010 |train kld: 1.83760 |train kld ravg: 1.83760 |train mae:  9.54317 |train mae ravg:  9.54317 |val kld: 1.53988 |val kldravg: 1.53988 |val mae:  3.19055 |val mae ravg:  3.19055 |
|epoch:   1 | lr: 0.010 |train kld: 1.45175 |train kld ravg: 1.64467 |train mae:  4.63001 |train mae ravg:  7.08659 |val kld: 1.38811 |val kldravg: 1.46399 |val mae:  3.36788 |val mae ravg:  3.27922 |
|epoch:   2 | lr: 0.010 |train kld: 1.36004 |train kld ravg: 1.54980 |train mae:  4.00431 |train mae ravg:  6.05917 |val kld: 1.81343 |val kldravg: 1.58047 |val mae:  7.61871 |val mae ravg:  4.72572 |
|epoch:   3 | lr: 0.010 |train kld: 1.31249 |train kld ravg: 1.49047 |train mae:  3.80114 |train mae ravg:  5.49466 |val kld: 1.58248 |val kldravg: 1.58097 |val mae:  6.91498 |val mae ravg:  5.27303 |
|epoch:   4 | lr: 0.010 |train kld: 1.31940 |train kld ravg: 1.45626 |train mae:  3.71728 |train mae ravg:  5.13918 |val kld: 1.20573 |val kldravg: 1.50593 |val mae:  3.41255 |val mae ravg:  4.90094 |
|epoch:   5 | lr: 0.010 |train kld: 1.29911 |train kld ravg: 1.34856 |train mae:  3.75952 |train mae ravg:  3.98245 |val kld: 1.94100 |val kldravg: 1.58615 |val mae:  8.99010 |val mae ravg:  6.06085 |
|epoch:   6 | lr: 0.010 |train kld: 1.28649 |train kld ravg: 1.31551 |train mae:  3.68373 |train mae ravg:  3.79320 |val kld: 1.33686 |val kldravg: 1.57590 |val mae:  4.48785 |val mae ravg:  6.28484 |
|epoch:   7 | lr: 0.010 |train kld: 1.26909 |train kld ravg: 1.29732 |train mae:  3.55697 |train mae ravg:  3.70373 |val kld: 1.89564 |val kldravg: 1.59234 |val mae:  3.98114 |val mae ravg:  5.55732 |
|epoch:   8 | lr: 0.010 |train kld: 1.25969 |train kld ravg: 1.28676 |train mae:  3.44991 |train mae ravg:  3.63348 |val kld: 1.15793 |val kldravg: 1.50743 |val mae:  2.55236 |val mae ravg:  4.68480 |
|epoch:   9 | lr: 0.010 |train kld: 1.24054 |train kld ravg: 1.27098 |train mae:  3.46162 |train mae ravg:  3.58235 |val kld: 1.82221 |val kldravg: 1.63073 |val mae:  3.86878 |val mae ravg:  4.77605 |
|epoch:  10 | lr: 0.010 |train kld: 1.24229 |train kld ravg: 1.25962 |train mae:  3.40834 |train mae ravg:  3.51212 |val kld: 1.52866 |val kldravg: 1.54826 |val mae:  3.51137 |val mae ravg:  3.68030 |
|epoch:  11 | lr: 0.010 |train kld: 1.19957 |train kld ravg: 1.24223 |train mae:  3.13562 |train mae ravg:  3.40249 |val kld: 1.74710 |val kldravg: 1.63031 |val mae:  7.74026 |val mae ravg:  4.33078 |
|epoch:  12 | lr: 0.010 |train kld: 1.18858 |train kld ravg: 1.22613 |train mae:  3.19469 |train mae ravg:  3.33004 |val kld: 2.09635 |val kldravg: 1.67045 |val mae:  8.39098 |val mae ravg:  5.21275 |
|epoch:  13 | lr: 0.010 |train kld: 1.20060 |train kld ravg: 1.21432 |train mae:  3.24476 |train mae ravg:  3.28901 |val kld: 1.21844 |val kldravg: 1.68255 |val mae:  2.95843 |val mae ravg:  5.29396 |
|epoch:  14 | lr: 0.010 |train kld: 1.17362 |train kld ravg: 1.20093 |train mae:  3.09063 |train mae ravg:  3.21481 |val kld: 2.45275 |val kldravg: 1.80866 |val mae:  4.44358 |val mae ravg:  5.40892 |
|epoch:  15 | lr: 0.010 |train kld: 1.14929 |train kld ravg: 1.18233 |train mae:  3.06103 |train mae ravg:  3.14534 |val kld: 2.87308 |val kldravg: 2.07755 |val mae:  9.55870 |val mae ravg:  6.61839 |
|epoch:  16 | lr: 0.010 |train kld: 1.20321 |train kld ravg: 1.18306 |train mae:  3.23747 |train mae ravg:  3.16571 |val kld: 1.50421 |val kldravg: 2.02897 |val mae:  7.12011 |val mae ravg:  6.49436 |
|epoch:  17 | lr: 0.010 |train kld: 1.20486 |train kld ravg: 1.18631 |train mae:  3.20448 |train mae ravg:  3.16767 |val kld: 1.67722 |val kldravg: 1.94514 |val mae:  3.44478 |val mae ravg:  5.50512 |
|epoch:  18 | lr: 0.010 |train kld: 1.15952 |train kld ravg: 1.17810 |train mae:  3.07755 |train mae ravg:  3.13423 |val kld: 1.12834 |val kldravg: 1.92712 |val mae:  2.37255 |val mae ravg:  5.38795 |
|epoch:  19 | lr: 0.010 |train kld: 1.16107 |train kld ravg: 1.17559 |train mae:  3.03338 |train mae ravg:  3.12278 |val kld: 1.87095 |val kldravg: 1.81076 |val mae:  3.54009 |val mae ravg:  5.20725 |
|epoch:  20 | lr: 0.010 |train kld: 1.19527 |train kld ravg: 1.18479 |train mae:  3.24208 |train mae ravg:  3.15899 |val kld: 1.27171 |val kldravg: 1.49049 |val mae:  2.91282 |val mae ravg:  3.87807 |
|epoch:  21 | lr: 0.010 |train kld: 1.18430 |train kld ravg: 1.18100 |train mae:  3.19074 |train mae ravg:  3.14965 |val kld: 1.04701 |val kldravg: 1.39905 |val mae:  2.27802 |val mae ravg:  2.90965 |
|epoch:  22 | lr: 0.010 |train kld: 1.12035 |train kld ravg: 1.16410 |train mae:  2.87207 |train mae ravg:  3.08316 |val kld: 2.12265 |val kldravg: 1.48813 |val mae:  10.22180 |val mae ravg:  4.26506 |
|epoch:  23 | lr: 0.010 |train kld: 1.15514 |train kld ravg: 1.16323 |train mae:  3.04005 |train mae ravg:  3.07566 |val kld: 1.83906 |val kldravg: 1.63028 |val mae:  3.42539 |val mae ravg:  4.47562 |
|epoch:  24 | lr: 0.010 |train kld: 1.13033 |train kld ravg: 1.15708 |train mae:  2.99455 |train mae ravg:  3.06790 |val kld: 1.03015 |val kldravg: 1.46212 |val mae:  2.53857 |val mae ravg:  4.27532 |
|epoch:  25 | lr: 0.010 |train kld: 1.19208 |train kld ravg: 1.15644 |train mae:  3.07993 |train mae ravg:  3.03547 |val kld: 1.23200 |val kldravg: 1.45417 |val mae:  2.74669 |val mae ravg:  4.24209 |
|epoch:  26 | lr: 0.010 |train kld: 1.09706 |train kld ravg: 1.13899 |train mae:  2.86606 |train mae ravg:  2.97053 |val kld: 2.62155 |val kldravg: 1.76908 |val mae:  9.56081 |val mae ravg:  5.69865 |
|epoch:  27 | lr: 0.010 |train kld: 1.10293 |train kld ravg: 1.13551 |train mae:  2.76756 |train mae ravg:  2.94963 |val kld: 1.08643 |val kldravg: 1.56184 |val mae:  2.46535 |val mae ravg:  4.14736 |
|epoch:  28 | lr: 0.010 |train kld: 1.07844 |train kld ravg: 1.12017 |train mae:  2.75699 |train mae ravg:  2.89302 |val kld: 1.19482 |val kldravg: 1.43299 |val mae:  2.30140 |val mae ravg:  3.92256 |
|epoch:  29 | lr: 0.010 |train kld: 1.11780 |train kld ravg: 1.11766 |train mae:  2.81146 |train mae ravg:  2.85640 |val kld: 1.76563 |val kldravg: 1.58009 |val mae:  3.67748 |val mae ravg:  4.15034 |
|epoch:  30 | lr: 0.003 |train kld: 1.05948 |train kld ravg: 1.09114 |train mae:  2.70491 |train mae ravg:  2.78140 |val kld: 1.00010 |val kldravg: 1.53371 |val mae:  2.59011 |val mae ravg:  4.11903 |
|epoch:  31 | lr: 0.003 |train kld: 1.09325 |train kld ravg: 1.09038 |train mae:  2.77787 |train mae ravg:  2.76376 |val kld: 1.00859 |val kldravg: 1.21112 |val mae:  2.10114 |val mae ravg:  2.62710 |
|epoch:  32 | lr: 0.003 |train kld: 1.05475 |train kld ravg: 1.08075 |train mae:  2.65398 |train mae ravg:  2.74104 |val kld: 1.10487 |val kldravg: 1.21480 |val mae:  2.52796 |val mae ravg:  2.63962 |
|epoch:  33 | lr: 0.003 |train kld: 1.07312 |train kld ravg: 1.07968 |train mae:  2.64974 |train mae ravg:  2.71959 |val kld: 1.00576 |val kldravg: 1.17699 |val mae:  2.34958 |val mae ravg:  2.64925 |
|epoch:  34 | lr: 0.003 |train kld: 1.03013 |train kld ravg: 1.06215 |train mae:  2.60816 |train mae ravg:  2.67893 |val kld: 0.95935 |val kldravg: 1.01573 |val mae:  2.15215 |val mae ravg:  2.34419 |
|epoch:  35 | lr: 0.003 |train kld: 1.03343 |train kld ravg: 1.05694 |train mae:  2.48834 |train mae ravg:  2.63562 |val kld: 1.15529 |val kldravg: 1.04677 |val mae:  3.59944 |val mae ravg:  2.54605 |
|epoch:  36 | lr: 0.003 |train kld: 1.03892 |train kld ravg: 1.04607 |train mae:  2.58964 |train mae ravg:  2.59797 |val kld: 1.32192 |val kldravg: 1.10944 |val mae:  4.74175 |val mae ravg:  3.07418 |
|epoch:  37 | lr: 0.003 |train kld: 1.06499 |train kld ravg: 1.04812 |train mae:  2.59865 |train mae ravg:  2.58691 |val kld: 0.96428 |val kldravg: 1.08132 |val mae:  2.00271 |val mae ravg:  2.96913 |
|epoch:  38 | lr: 0.003 |train kld: 1.03314 |train kld ravg: 1.04012 |train mae:  2.54769 |train mae ravg:  2.56650 |val kld: 1.06494 |val kldravg: 1.09316 |val mae:  2.11355 |val mae ravg:  2.92192 |
|epoch:  39 | lr: 0.003 |train kld: 1.03003 |train kld ravg: 1.04010 |train mae:  2.48271 |train mae ravg:  2.54141 |val kld: 0.97486 |val kldravg: 1.09626 |val mae:  2.18173 |val mae ravg:  2.92784 |
|epoch:  40 | lr: 0.003 |train kld: 0.99791 |train kld ravg: 1.03300 |train mae:  2.40247 |train mae ravg:  2.52423 |val kld: 0.95769 |val kldravg: 1.05674 |val mae:  1.99250 |val mae ravg:  2.60645 |
|epoch:  41 | lr: 0.003 |train kld: 1.01802 |train kld ravg: 1.02882 |train mae:  2.55517 |train mae ravg:  2.51734 |val kld: 1.11425 |val kldravg: 1.01520 |val mae:  2.32836 |val mae ravg:  2.12377 |
|epoch:  42 | lr: 0.003 |train kld: 1.02403 |train kld ravg: 1.02062 |train mae:  2.55203 |train mae ravg:  2.50802 |val kld: 1.02345 |val kldravg: 1.02704 |val mae:  2.93374 |val mae ravg:  2.30998 |
|epoch:  43 | lr: 0.003 |train kld: 1.00990 |train kld ravg: 1.01598 |train mae:  2.45235 |train mae ravg:  2.48895 |val kld: 0.88514 |val kldravg: 0.99108 |val mae:  2.01585 |val mae ravg:  2.29044 |
|epoch:  44 | lr: 0.003 |train kld: 0.98937 |train kld ravg: 1.00784 |train mae:  2.41212 |train mae ravg:  2.47483 |val kld: 0.91250 |val kldravg: 0.97861 |val mae:  1.95241 |val mae ravg:  2.24457 |
|epoch:  45 | lr: 0.003 |train kld: 0.99557 |train kld ravg: 1.00738 |train mae:  2.39945 |train mae ravg:  2.47422 |val kld: 1.40995 |val kldravg: 1.06906 |val mae:  4.60234 |val mae ravg:  2.76654 |
|epoch:  46 | lr: 0.003 |train kld: 1.01481 |train kld ravg: 1.00673 |train mae:  2.47787 |train mae ravg:  2.45876 |val kld: 0.90424 |val kldravg: 1.02706 |val mae:  2.04168 |val mae ravg:  2.70920 |
|epoch:  47 | lr: 0.003 |train kld: 0.99518 |train kld ravg: 1.00097 |train mae:  2.43143 |train mae ravg:  2.43464 |val kld: 1.01360 |val kldravg: 1.02509 |val mae:  2.51379 |val mae ravg:  2.62521 |
|epoch:  48 | lr: 0.003 |train kld: 1.00824 |train kld ravg: 1.00063 |train mae:  2.39477 |train mae ravg:  2.42313 |val kld: 0.91056 |val kldravg: 1.03017 |val mae:  2.07876 |val mae ravg:  2.63780 |
|epoch:  49 | lr: 0.003 |train kld: 0.96914 |train kld ravg: 0.99659 |train mae:  2.39915 |train mae ravg:  2.42053 |val kld: 1.13612 |val kldravg: 1.07489 |val mae:  2.62984 |val mae ravg:  2.77328 |
|epoch:  50 | lr: 0.003 |train kld: 0.99949 |train kld ravg: 0.99737 |train mae:  2.42736 |train mae ravg:  2.42611 |val kld: 1.19214 |val kldravg: 1.03133 |val mae:  3.82126 |val mae ravg:  2.61706 |
|epoch:  51 | lr: 0.003 |train kld: 1.00432 |train kld ravg: 0.99527 |train mae:  2.42851 |train mae ravg:  2.41624 |val kld: 1.28429 |val kldravg: 1.10734 |val mae:  4.04519 |val mae ravg:  3.01777 |
|epoch:  52 | lr: 0.003 |train kld: 0.99513 |train kld ravg: 0.99526 |train mae:  2.40836 |train mae ravg:  2.41163 |val kld: 1.25514 |val kldravg: 1.15565 |val mae:  3.71798 |val mae ravg:  3.25861 |
|epoch:  53 | lr: 0.003 |train kld: 0.98914 |train kld ravg: 0.99144 |train mae:  2.45879 |train mae ravg:  2.42444 |val kld: 0.95225 |val kldravg: 1.16399 |val mae:  2.18562 |val mae ravg:  3.27998 |
|epoch:  54 | lr: 0.003 |train kld: 0.97193 |train kld ravg: 0.99200 |train mae:  2.38643 |train mae ravg:  2.42189 |val kld: 1.06186 |val kldravg: 1.14914 |val mae:  2.16668 |val mae ravg:  3.18735 |
|epoch:  55 | lr: 0.003 |train kld: 0.97786 |train kld ravg: 0.98767 |train mae:  2.43159 |train mae ravg:  2.42274 |val kld: 1.66027 |val kldravg: 1.24276 |val mae:  5.76093 |val mae ravg:  3.57528 |
|epoch:  56 | lr: 0.003 |train kld: 0.94639 |train kld ravg: 0.97609 |train mae:  2.24584 |train mae ravg:  2.38620 |val kld: 0.90799 |val kldravg: 1.16750 |val mae:  2.05393 |val mae ravg:  3.17703 |
|epoch:  57 | lr: 0.003 |train kld: 0.97676 |train kld ravg: 0.97242 |train mae:  2.42543 |train mae ravg:  2.38962 |val kld: 1.21140 |val kldravg: 1.15875 |val mae:  4.24078 |val mae ravg:  3.28159 |
|epoch:  58 | lr: 0.003 |train kld: 0.97449 |train kld ravg: 0.96949 |train mae:  2.39171 |train mae ravg:  2.37620 |val kld: 0.84335 |val kldravg: 1.13697 |val mae:  1.90778 |val mae ravg:  3.22602 |
|epoch:  59 | lr: 0.003 |train kld: 0.95983 |train kld ravg: 0.96707 |train mae:  2.32044 |train mae ravg:  2.36300 |val kld: 0.92572 |val kldravg: 1.10975 |val mae:  2.42979 |val mae ravg:  3.27864 |
|epoch:  60 | lr: 0.001 |train kld: 0.94287 |train kld ravg: 0.96007 |train mae:  2.27337 |train mae ravg:  2.33136 |val kld: 0.86038 |val kldravg: 0.94977 |val mae:  2.04516 |val mae ravg:  2.53549 |
|epoch:  61 | lr: 0.001 |train kld: 0.92174 |train kld ravg: 0.95514 |train mae:  2.16663 |train mae ravg:  2.31552 |val kld: 0.91090 |val kldravg: 0.95035 |val mae:  2.08273 |val mae ravg:  2.54125 |
|epoch:  62 | lr: 0.001 |train kld: 0.92352 |train kld ravg: 0.94449 |train mae:  2.23291 |train mae ravg:  2.27701 |val kld: 0.92330 |val kldravg: 0.89273 |val mae:  2.44978 |val mae ravg:  2.18305 |
|epoch:  63 | lr: 0.001 |train kld: 0.94348 |train kld ravg: 0.93829 |train mae:  2.25881 |train mae ravg:  2.25043 |val kld: 1.03055 |val kldravg: 0.93017 |val mae:  2.17900 |val mae ravg:  2.23729 |
|epoch:  64 | lr: 0.001 |train kld: 0.94521 |train kld ravg: 0.93536 |train mae:  2.22760 |train mae ravg:  2.23186 |val kld: 1.02750 |val kldravg: 0.95052 |val mae:  2.16619 |val mae ravg:  2.18457 |
|epoch:  65 | lr: 0.001 |train kld: 0.89540 |train kld ravg: 0.92587 |train mae:  2.14991 |train mae ravg:  2.20717 |val kld: 0.82529 |val kldravg: 0.94351 |val mae:  1.93002 |val mae ravg:  2.16154 |
|epoch:  66 | lr: 0.001 |train kld: 0.90817 |train kld ravg: 0.92315 |train mae:  2.19342 |train mae ravg:  2.21253 |val kld: 0.90622 |val kldravg: 0.94257 |val mae:  2.01049 |val mae ravg:  2.14710 |
|epoch:  67 | lr: 0.001 |train kld: 0.92302 |train kld ravg: 0.92305 |train mae:  2.17914 |train mae ravg:  2.20178 |val kld: 0.82476 |val kldravg: 0.92286 |val mae:  1.93167 |val mae ravg:  2.04347 |
|epoch:  68 | lr: 0.001 |train kld: 0.92955 |train kld ravg: 0.92027 |train mae:  2.21892 |train mae ravg:  2.19380 |val kld: 0.91287 |val kldravg: 0.89933 |val mae:  2.03980 |val mae ravg:  2.01563 |
|epoch:  69 | lr: 0.001 |train kld: 0.90926 |train kld ravg: 0.91308 |train mae:  2.19275 |train mae ravg:  2.18683 |val kld: 0.85489 |val kldravg: 0.86481 |val mae:  2.09720 |val mae ravg:  2.00184 |
|epoch:  70 | lr: 0.001 |train kld: 0.87896 |train kld ravg: 0.90979 |train mae:  2.07406 |train mae ravg:  2.17166 |val kld: 0.87837 |val kldravg: 0.87542 |val mae:  2.12490 |val mae ravg:  2.04081 |
|epoch:  71 | lr: 0.001 |train kld: 0.87416 |train kld ravg: 0.90299 |train mae:  2.09103 |train mae ravg:  2.15118 |val kld: 0.93635 |val kldravg: 0.88145 |val mae:  2.10087 |val mae ravg:  2.05889 |
|epoch:  72 | lr: 0.001 |train kld: 0.91046 |train kld ravg: 0.90048 |train mae:  2.15844 |train mae ravg:  2.14704 |val kld: 0.85868 |val kldravg: 0.88823 |val mae:  1.80956 |val mae ravg:  2.03447 |
|epoch:  73 | lr: 0.001 |train kld: 0.88302 |train kld ravg: 0.89117 |train mae:  2.14985 |train mae ravg:  2.13323 |val kld: 0.83322 |val kldravg: 0.87230 |val mae:  1.95426 |val mae ravg:  2.01736 |
|epoch:  74 | lr: 0.001 |train kld: 0.91525 |train kld ravg: 0.89237 |train mae:  2.17127 |train mae ravg:  2.12893 |val kld: 0.85757 |val kldravg: 0.87284 |val mae:  2.11633 |val mae ravg:  2.02118 |
|epoch:  75 | lr: 0.001 |train kld: 0.88557 |train kld ravg: 0.89369 |train mae:  2.17269 |train mae ravg:  2.14866 |val kld: 0.84464 |val kldravg: 0.86609 |val mae:  1.95408 |val mae ravg:  1.98702 |
|epoch:  76 | lr: 0.001 |train kld: 0.91130 |train kld ravg: 0.90112 |train mae:  2.18145 |train mae ravg:  2.16674 |val kld: 0.80148 |val kldravg: 0.83912 |val mae:  1.76528 |val mae ravg:  1.91990 |
|epoch:  77 | lr: 0.001 |train kld: 0.86668 |train kld ravg: 0.89236 |train mae:  2.13028 |train mae ravg:  2.16111 |val kld: 0.84497 |val kldravg: 0.83638 |val mae:  1.93078 |val mae ravg:  1.94415 |
|epoch:  78 | lr: 0.001 |train kld: 0.90350 |train kld ravg: 0.89646 |train mae:  2.16116 |train mae ravg:  2.16337 |val kld: 0.96071 |val kldravg: 0.86187 |val mae:  2.07796 |val mae ravg:  1.96889 |
|epoch:  79 | lr: 0.001 |train kld: 0.87542 |train kld ravg: 0.88849 |train mae:  2.08753 |train mae ravg:  2.14662 |val kld: 1.09257 |val kldravg: 0.90888 |val mae:  2.22260 |val mae ravg:  1.99014 |
|epoch:  80 | lr: 0.001 |train kld: 0.87249 |train kld ravg: 0.88588 |train mae:  2.15989 |train mae ravg:  2.14406 |val kld: 0.95632 |val kldravg: 0.93121 |val mae:  2.06810 |val mae ravg:  2.01295 |
|epoch:  81 | lr: 0.001 |train kld: 0.90222 |train kld ravg: 0.88406 |train mae:  2.17583 |train mae ravg:  2.14294 |val kld: 0.80958 |val kldravg: 0.93283 |val mae:  1.88517 |val mae ravg:  2.03692 |
|epoch:  82 | lr: 0.001 |train kld: 0.88757 |train kld ravg: 0.88824 |train mae:  2.02673 |train mae ravg:  2.12223 |val kld: 0.81476 |val kldravg: 0.92679 |val mae:  1.98378 |val mae ravg:  2.04752 |
|epoch:  83 | lr: 0.001 |train kld: 0.89221 |train kld ravg: 0.88598 |train mae:  2.18951 |train mae ravg:  2.12790 |val kld: 0.87729 |val kldravg: 0.91010 |val mae:  2.14176 |val mae ravg:  2.06028 |
|epoch:  84 | lr: 0.001 |train kld: 0.88460 |train kld ravg: 0.88782 |train mae:  2.12514 |train mae ravg:  2.13542 |val kld: 0.87942 |val kldravg: 0.86747 |val mae:  1.89536 |val mae ravg:  1.99484 |
|epoch:  85 | lr: 0.001 |train kld: 0.87959 |train kld ravg: 0.88924 |train mae:  2.09027 |train mae ravg:  2.12150 |val kld: 0.93100 |val kldravg: 0.86241 |val mae:  2.09565 |val mae ravg:  2.00034 |
|epoch:  86 | lr: 0.001 |train kld: 0.86927 |train kld ravg: 0.88265 |train mae:  2.03377 |train mae ravg:  2.09309 |val kld: 0.90747 |val kldravg: 0.88199 |val mae:  1.89579 |val mae ravg:  2.00247 |
|epoch:  87 | lr: 0.001 |train kld: 0.87952 |train kld ravg: 0.88104 |train mae:  2.09209 |train mae ravg:  2.10616 |val kld: 0.85930 |val kldravg: 0.89090 |val mae:  1.97024 |val mae ravg:  1.99976 |
|epoch:  88 | lr: 0.001 |train kld: 0.88435 |train kld ravg: 0.87947 |train mae:  2.10105 |train mae ravg:  2.08847 |val kld: 0.85483 |val kldravg: 0.88640 |val mae:  1.91121 |val mae ravg:  1.95365 |
|epoch:  89 | lr: 0.001 |train kld: 0.85877 |train kld ravg: 0.87430 |train mae:  2.05655 |train mae ravg:  2.07475 |val kld: 0.78523 |val kldravg: 0.86757 |val mae:  1.81228 |val mae ravg:  1.93704 |
|epoch:  90 | lr: 0.000 |train kld: 0.86035 |train kld ravg: 0.87045 |train mae:  2.02423 |train mae ravg:  2.06154 |val kld: 0.81540 |val kldravg: 0.84445 |val mae:  1.86346 |val mae ravg:  1.89060 |
|epoch:  91 | lr: 0.000 |train kld: 0.85312 |train kld ravg: 0.86722 |train mae:  2.11707 |train mae ravg:  2.07820 |val kld: 0.84823 |val kldravg: 0.83260 |val mae:  1.95406 |val mae ravg:  1.90225 |
|epoch:  92 | lr: 0.000 |train kld: 0.85518 |train kld ravg: 0.86236 |train mae:  2.03949 |train mae ravg:  2.06768 |val kld: 0.79700 |val kldravg: 0.82014 |val mae:  1.81696 |val mae ravg:  1.87160 |
|epoch:  93 | lr: 0.000 |train kld: 0.81537 |train kld ravg: 0.84856 |train mae:  1.99099 |train mae ravg:  2.04567 |val kld: 0.82591 |val kldravg: 0.81435 |val mae:  1.88224 |val mae ravg:  1.86580 |
|epoch:  94 | lr: 0.000 |train kld: 0.85506 |train kld ravg: 0.84782 |train mae:  2.01923 |train mae ravg:  2.03820 |val kld: 0.77902 |val kldravg: 0.81311 |val mae:  1.80541 |val mae ravg:  1.86443 |
|epoch:  95 | lr: 0.000 |train kld: 0.85601 |train kld ravg: 0.84695 |train mae:  2.05701 |train mae ravg:  2.04476 |val kld: 0.82477 |val kldravg: 0.81499 |val mae:  1.79204 |val mae ravg:  1.85014 |
|epoch:  96 | lr: 0.000 |train kld: 0.83229 |train kld ravg: 0.84278 |train mae:  2.05064 |train mae ravg:  2.03147 |val kld: 0.78938 |val kldravg: 0.80321 |val mae:  1.81670 |val mae ravg:  1.82267 |
|epoch:  97 | lr: 0.000 |train kld: 0.81714 |train kld ravg: 0.83517 |train mae:  1.92033 |train mae ravg:  2.00764 |val kld: 0.81126 |val kldravg: 0.80607 |val mae:  1.89883 |val mae ravg:  1.83905 |
|epoch:  98 | lr: 0.000 |train kld: 0.82671 |train kld ravg: 0.83744 |train mae:  1.98315 |train mae ravg:  2.00607 |val kld: 0.81051 |val kldravg: 0.80299 |val mae:  1.80799 |val mae ravg:  1.82419 |
|epoch:  99 | lr: 0.000 |train kld: 0.83700 |train kld ravg: 0.83383 |train mae:  1.98129 |train mae ravg:  1.99848 |val kld: 0.80088 |val kldravg: 0.80736 |val mae:  1.87261 |val mae ravg:  1.83763 |
|epoch: 100 | lr: 0.000 |train kld: 0.88594 |train kld ravg: 0.83982 |train mae:  2.10536 |train mae ravg:  2.00815 |val kld: 0.78336 |val kldravg: 0.79908 |val mae:  1.76601 |val mae ravg:  1.83243 |
|epoch: 101 | lr: 0.000 |train kld: 0.87340 |train kld ravg: 0.84804 |train mae:  2.10074 |train mae ravg:  2.01817 |val kld: 0.80515 |val kldravg: 0.80223 |val mae:  1.89630 |val mae ravg:  1.84835 |
|epoch: 102 | lr: 0.000 |train kld: 0.85926 |train kld ravg: 0.85646 |train mae:  2.00992 |train mae ravg:  2.03609 |val kld: 0.86336 |val kldravg: 0.81265 |val mae:  1.80741 |val mae ravg:  1.83006 |
|epoch: 103 | lr: 0.000 |train kld: 0.83380 |train kld ravg: 0.85788 |train mae:  1.93554 |train mae ravg:  2.02657 |val kld: 0.86147 |val kldravg: 0.82284 |val mae:  1.88190 |val mae ravg:  1.84485 |
|epoch: 104 | lr: 0.000 |train kld: 0.83181 |train kld ravg: 0.85684 |train mae:  1.95262 |train mae ravg:  2.02084 |val kld: 0.80313 |val kldravg: 0.82329 |val mae:  1.76828 |val mae ravg:  1.82398 |
|epoch: 105 | lr: 0.000 |train kld: 0.82880 |train kld ravg: 0.84541 |train mae:  1.99878 |train mae ravg:  1.99952 |val kld: 0.84201 |val kldravg: 0.83503 |val mae:  1.80881 |val mae ravg:  1.83254 |
|epoch: 106 | lr: 0.000 |train kld: 0.81696 |train kld ravg: 0.83413 |train mae:  1.97135 |train mae ravg:  1.97364 |val kld: 0.78863 |val kldravg: 0.83172 |val mae:  1.84393 |val mae ravg:  1.82206 |
|epoch: 107 | lr: 0.000 |train kld: 0.81764 |train kld ravg: 0.82580 |train mae:  1.90386 |train mae ravg:  1.95243 |val kld: 0.81866 |val kldravg: 0.82278 |val mae:  1.90901 |val mae ravg:  1.84238 |
|epoch: 108 | lr: 0.000 |train kld: 0.83352 |train kld ravg: 0.82575 |train mae:  2.01120 |train mae ravg:  1.96756 |val kld: 0.78903 |val kldravg: 0.80829 |val mae:  1.81463 |val mae ravg:  1.82893 |
|epoch: 109 | lr: 0.000 |train kld: 0.82033 |train kld ravg: 0.82345 |train mae:  1.96582 |train mae ravg:  1.97020 |val kld: 0.85115 |val kldravg: 0.81790 |val mae:  2.11480 |val mae ravg:  1.89823 |
|epoch: 110 | lr: 0.000 |train kld: 0.83686 |train kld ravg: 0.82506 |train mae:  1.98985 |train mae ravg:  1.96842 |val kld: 0.80697 |val kldravg: 0.81089 |val mae:  1.86266 |val mae ravg:  1.90900 |
|epoch: 111 | lr: 0.000 |train kld: 0.81285 |train kld ravg: 0.82424 |train mae:  1.91967 |train mae ravg:  1.95808 |val kld: 0.82411 |val kldravg: 0.81798 |val mae:  1.81104 |val mae ravg:  1.90243 |
|epoch: 112 | lr: 0.000 |train kld: 0.82949 |train kld ravg: 0.82661 |train mae:  1.98808 |train mae ravg:  1.97493 |val kld: 0.80714 |val kldravg: 0.81568 |val mae:  1.85202 |val mae ravg:  1.89103 |
|epoch: 113 | lr: 0.000 |train kld: 0.84011 |train kld ravg: 0.82793 |train mae:  2.01777 |train mae ravg:  1.97624 |val kld: 0.79201 |val kldravg: 0.81628 |val mae:  1.83871 |val mae ravg:  1.89584 |
|epoch: 114 | lr: 0.000 |train kld: 0.80972 |train kld ravg: 0.82580 |train mae:  1.94599 |train mae ravg:  1.97228 |val kld: 0.79231 |val kldravg: 0.80451 |val mae:  1.80210 |val mae ravg:  1.83331 |
|epoch: 115 | lr: 0.000 |train kld: 0.82189 |train kld ravg: 0.82281 |train mae:  1.96095 |train mae ravg:  1.96650 |val kld: 0.79849 |val kldravg: 0.80281 |val mae:  1.83087 |val mae ravg:  1.82695 |
|epoch: 116 | lr: 0.000 |train kld: 0.80824 |train kld ravg: 0.82189 |train mae:  1.95342 |train mae ravg:  1.97324 |val kld: 0.83607 |val kldravg: 0.80520 |val mae:  1.85106 |val mae ravg:  1.83495 |
|epoch: 117 | lr: 0.000 |train kld: 0.83693 |train kld ravg: 0.82338 |train mae:  1.97714 |train mae ravg:  1.97106 |val kld: 0.79088 |val kldravg: 0.80195 |val mae:  1.80276 |val mae ravg:  1.82510 |
|epoch: 118 | lr: 0.000 |train kld: 0.82224 |train kld ravg: 0.81980 |train mae:  2.02274 |train mae ravg:  1.97205 |val kld: 0.81128 |val kldravg: 0.80581 |val mae:  1.86426 |val mae ravg:  1.83021 |
|epoch: 119 | lr: 0.000 |train kld: 0.84264 |train kld ravg: 0.82639 |train mae:  2.01607 |train mae ravg:  1.98606 |val kld: 0.83650 |val kldravg: 0.81464 |val mae:  1.84261 |val mae ravg:  1.83831 |
|epoch: 120 | lr: 0.000 |train kld: 0.86226 |train kld ravg: 0.83446 |train mae:  2.06717 |train mae ravg:  2.00731 |val kld: 0.78415 |val kldravg: 0.81178 |val mae:  1.77943 |val mae ravg:  1.82803 |
|epoch: 121 | lr: 0.000 |train kld: 0.81912 |train kld ravg: 0.83664 |train mae:  1.97504 |train mae ravg:  2.01163 |val kld: 0.77892 |val kldravg: 0.80035 |val mae:  1.78280 |val mae ravg:  1.81437 |
|epoch: 122 | lr: 0.000 |train kld: 0.80794 |train kld ravg: 0.83084 |train mae:  1.98942 |train mae ravg:  2.01409 |val kld: 0.76763 |val kldravg: 0.79570 |val mae:  1.75110 |val mae ravg:  1.80404 |
|epoch: 123 | lr: 0.000 |train kld: 0.81403 |train kld ravg: 0.82920 |train mae:  1.98306 |train mae ravg:  2.00615 |val kld: 0.77386 |val kldravg: 0.78821 |val mae:  1.79940 |val mae ravg:  1.79107 |
|epoch: 124 | lr: 0.000 |train kld: 0.80918 |train kld ravg: 0.82251 |train mae:  1.94195 |train mae ravg:  1.99133 |val kld: 0.79387 |val kldravg: 0.77969 |val mae:  1.77305 |val mae ravg:  1.77716 |
|epoch: 125 | lr: 0.000 |train kld: 0.81128 |train kld ravg: 0.81231 |train mae:  1.90838 |train mae ravg:  1.95957 |val kld: 0.78899 |val kldravg: 0.78065 |val mae:  1.76630 |val mae ravg:  1.77453 |
|epoch: 126 | lr: 0.000 |train kld: 0.82559 |train kld ravg: 0.81361 |train mae:  2.02338 |train mae ravg:  1.96924 |val kld: 0.78515 |val kldravg: 0.78190 |val mae:  1.79778 |val mae ravg:  1.77752 |
|epoch: 127 | lr: 0.000 |train kld: 0.82379 |train kld ravg: 0.81678 |train mae:  2.02546 |train mae ravg:  1.97645 |val kld: 0.82019 |val kldravg: 0.79241 |val mae:  1.81719 |val mae ravg:  1.79074 |
|epoch: 128 | lr: 0.000 |train kld: 0.80581 |train kld ravg: 0.81513 |train mae:  1.86111 |train mae ravg:  1.95206 |val kld: 0.77879 |val kldravg: 0.79340 |val mae:  1.78193 |val mae ravg:  1.78725 |
|epoch: 129 | lr: 0.000 |train kld: 0.80795 |train kld ravg: 0.81488 |train mae:  1.89297 |train mae ravg:  1.94226 |val kld: 0.77571 |val kldravg: 0.78977 |val mae:  1.78326 |val mae ravg:  1.78929 |
|epoch: 130 | lr: 0.000 |train kld: 0.83384 |train kld ravg: 0.81939 |train mae:  1.94832 |train mae ravg:  1.95025 |val kld: 0.78774 |val kldravg: 0.78951 |val mae:  1.82436 |val mae ravg:  1.80090 |
|epoch: 131 | lr: 0.000 |train kld: 0.80279 |train kld ravg: 0.81483 |train mae:  1.95081 |train mae ravg:  1.93573 |val kld: 0.76735 |val kldravg: 0.78596 |val mae:  1.68300 |val mae ravg:  1.77795 |
|epoch: 132 | lr: 0.000 |train kld: 0.78642 |train kld ravg: 0.80736 |train mae:  1.84785 |train mae ravg:  1.90021 |val kld: 0.78722 |val kldravg: 0.77936 |val mae:  1.77685 |val mae ravg:  1.76988 |
|epoch: 133 | lr: 0.000 |train kld: 0.82971 |train kld ravg: 0.81214 |train mae:  1.96959 |train mae ravg:  1.92191 |val kld: 0.77504 |val kldravg: 0.77861 |val mae:  1.75406 |val mae ravg:  1.76431 |
|epoch: 134 | lr: 0.000 |train kld: 0.81070 |train kld ravg: 0.81269 |train mae:  1.98693 |train mae ravg:  1.94070 |val kld: 0.79889 |val kldravg: 0.78325 |val mae:  1.83370 |val mae ravg:  1.77439 |
|epoch: 135 | lr: 0.000 |train kld: 0.81034 |train kld ravg: 0.80799 |train mae:  1.95874 |train mae ravg:  1.94278 |val kld: 0.77274 |val kldravg: 0.78025 |val mae:  1.79102 |val mae ravg:  1.76773 |
|epoch: 136 | lr: 0.000 |train kld: 0.79595 |train kld ravg: 0.80663 |train mae:  1.85015 |train mae ravg:  1.92265 |val kld: 0.78733 |val kldravg: 0.78425 |val mae:  1.82899 |val mae ravg:  1.79692 |
|epoch: 137 | lr: 0.000 |train kld: 0.82147 |train kld ravg: 0.81364 |train mae:  1.93865 |train mae ravg:  1.94081 |val kld: 0.78982 |val kldravg: 0.78476 |val mae:  1.76303 |val mae ravg:  1.79416 |
|epoch: 138 | lr: 0.000 |train kld: 0.82735 |train kld ravg: 0.81316 |train mae:  1.98310 |train mae ravg:  1.94351 |val kld: 0.77500 |val kldravg: 0.78476 |val mae:  1.73448 |val mae ravg:  1.79024 |
|epoch: 139 | lr: 0.000 |train kld: 0.81567 |train kld ravg: 0.81416 |train mae:  1.93306 |train mae ravg:  1.93274 |val kld: 0.79745 |val kldravg: 0.78447 |val mae:  1.88847 |val mae ravg:  1.80120 |
|epoch: 140 | lr: 0.000 |train kld: 0.77815 |train kld ravg: 0.80772 |train mae:  1.89163 |train mae ravg:  1.91932 |val kld: 0.78577 |val kldravg: 0.78708 |val mae:  1.76812 |val mae ravg:  1.79662 |
|epoch: 141 | lr: 0.000 |train kld: 0.79150 |train kld ravg: 0.80683 |train mae:  1.91236 |train mae ravg:  1.93176 |val kld: 0.78955 |val kldravg: 0.78752 |val mae:  1.83716 |val mae ravg:  1.79825 |
|epoch: 142 | lr: 0.000 |train kld: 0.82089 |train kld ravg: 0.80671 |train mae:  2.00134 |train mae ravg:  1.94430 |val kld: 0.80297 |val kldravg: 0.79015 |val mae:  1.79089 |val mae ravg:  1.80382 |
|epoch: 143 | lr: 0.000 |train kld: 0.85617 |train kld ravg: 0.81247 |train mae:  2.06821 |train mae ravg:  1.96132 |val kld: 0.78457 |val kldravg: 0.79206 |val mae:  1.74606 |val mae ravg:  1.80614 |
|epoch: 144 | lr: 0.000 |train kld: 0.81006 |train kld ravg: 0.81135 |train mae:  1.88999 |train mae ravg:  1.95271 |val kld: 0.77267 |val kldravg: 0.78711 |val mae:  1.76126 |val mae ravg:  1.78070 |
|epoch: 145 | lr: 0.000 |train kld: 0.81206 |train kld ravg: 0.81814 |train mae:  1.94417 |train mae ravg:  1.96322 |val kld: 0.80055 |val kldravg: 0.79006 |val mae:  1.81401 |val mae ravg:  1.78987 |
|epoch: 146 | lr: 0.000 |train kld: 0.85700 |train kld ravg: 0.83123 |train mae:  2.01885 |train mae ravg:  1.98451 |val kld: 0.78328 |val kldravg: 0.78881 |val mae:  1.75508 |val mae ravg:  1.77346 |
|epoch: 147 | lr: 0.000 |train kld: 0.78672 |train kld ravg: 0.82440 |train mae:  1.89158 |train mae ravg:  1.96256 |val kld: 0.78355 |val kldravg: 0.78492 |val mae:  1.81401 |val mae ravg:  1.77808 |
|epoch: 148 | lr: 0.000 |train kld: 0.84258 |train kld ravg: 0.82168 |train mae:  2.04508 |train mae ravg:  1.95793 |val kld: 0.78591 |val kldravg: 0.78519 |val mae:  1.80533 |val mae ravg:  1.78994 |
|epoch: 149 | lr: 0.000 |train kld: 0.78541 |train kld ravg: 0.81675 |train mae:  1.83651 |train mae ravg:  1.94724 |val kld: 0.78693 |val kldravg: 0.78804 |val mae:  1.77911 |val mae ravg:  1.79351 |
|epoch: 150 | lr: 0.000 |train kld: 0.78459 |train kld ravg: 0.81126 |train mae:  1.82962 |train mae ravg:  1.92433 |val kld: 0.77953 |val kldravg: 0.78384 |val mae:  1.80194 |val mae ravg:  1.79110 |
|epoch: 151 | lr: 0.000 |train kld: 0.81347 |train kld ravg: 0.80255 |train mae:  2.00054 |train mae ravg:  1.92066 |val kld: 0.77956 |val kldravg: 0.78310 |val mae:  1.77900 |val mae ravg:  1.79588 |
|epoch: 152 | lr: 0.000 |train kld: 0.81581 |train kld ravg: 0.80837 |train mae:  1.91301 |train mae ravg:  1.92495 |val kld: 0.77894 |val kldravg: 0.78217 |val mae:  1.78712 |val mae ravg:  1.79050 |
|epoch: 153 | lr: 0.000 |train kld: 0.82210 |train kld ravg: 0.80427 |train mae:  1.94026 |train mae ravg:  1.90399 |val kld: 0.78233 |val kldravg: 0.78146 |val mae:  1.79348 |val mae ravg:  1.78813 |
|epoch: 154 | lr: 0.000 |train kld: 0.79555 |train kld ravg: 0.80630 |train mae:  1.90131 |train mae ravg:  1.91695 |val kld: 0.78442 |val kldravg: 0.78096 |val mae:  1.78839 |val mae ravg:  1.78998 |
|epoch: 155 | lr: 0.000 |train kld: 0.83469 |train kld ravg: 0.81633 |train mae:  1.97519 |train mae ravg:  1.94606 |val kld: 0.77493 |val kldravg: 0.78004 |val mae:  1.76592 |val mae ravg:  1.78278 |
|epoch: 156 | lr: 0.000 |train kld: 0.79451 |train kld ravg: 0.81253 |train mae:  1.90502 |train mae ravg:  1.92696 |val kld: 0.77862 |val kldravg: 0.77985 |val mae:  1.77858 |val mae ravg:  1.78270 |
|epoch: 157 | lr: 0.000 |train kld: 0.80906 |train kld ravg: 0.81118 |train mae:  1.93893 |train mae ravg:  1.93214 |val kld: 0.75869 |val kldravg: 0.77580 |val mae:  1.69536 |val mae ravg:  1.76435 |
|epoch: 158 | lr: 0.000 |train kld: 0.80758 |train kld ravg: 0.80828 |train mae:  1.94184 |train mae ravg:  1.93246 |val kld: 0.78694 |val kldravg: 0.77672 |val mae:  1.81104 |val mae ravg:  1.76786 |
|epoch: 159 | lr: 0.000 |train kld: 0.80406 |train kld ravg: 0.80998 |train mae:  1.90503 |train mae ravg:  1.93320 |val kld: 0.78554 |val kldravg: 0.77694 |val mae:  1.78623 |val mae ravg:  1.76743 |
|epoch: 160 | lr: 0.000 |train kld: 0.84150 |train kld ravg: 0.81134 |train mae:  2.04821 |train mae ravg:  1.94781 |val kld: 0.78634 |val kldravg: 0.77922 |val mae:  1.80559 |val mae ravg:  1.77536 |
|epoch: 161 | lr: 0.000 |train kld: 0.82782 |train kld ravg: 0.81800 |train mae:  2.02170 |train mae ravg:  1.97114 |val kld: 0.78143 |val kldravg: 0.77979 |val mae:  1.78836 |val mae ravg:  1.77732 |
|epoch: 162 | lr: 0.000 |train kld: 0.79795 |train kld ravg: 0.81578 |train mae:  1.90381 |train mae ravg:  1.96412 |val kld: 0.78389 |val kldravg: 0.78483 |val mae:  1.78631 |val mae ravg:  1.79551 |
|epoch: 163 | lr: 0.000 |train kld: 0.80875 |train kld ravg: 0.81602 |train mae:  1.93980 |train mae ravg:  1.96371 |val kld: 0.77106 |val kldravg: 0.78165 |val mae:  1.77077 |val mae ravg:  1.78745 |
|epoch: 164 | lr: 0.000 |train kld: 0.80402 |train kld ravg: 0.81601 |train mae:  1.91397 |train mae ravg:  1.96550 |val kld: 0.77876 |val kldravg: 0.78030 |val mae:  1.77862 |val mae ravg:  1.78593 |
|epoch: 165 | lr: 0.000 |train kld: 0.77029 |train kld ravg: 0.80177 |train mae:  1.81352 |train mae ravg:  1.91856 |val kld: 0.77610 |val kldravg: 0.77825 |val mae:  1.77042 |val mae ravg:  1.77889 |
|epoch: 166 | lr: 0.000 |train kld: 0.80234 |train kld ravg: 0.79667 |train mae:  1.91714 |train mae ravg:  1.89765 |val kld: 0.78078 |val kldravg: 0.77812 |val mae:  1.78846 |val mae ravg:  1.77891 |
|epoch: 167 | lr: 0.000 |train kld: 0.84549 |train kld ravg: 0.80618 |train mae:  2.02239 |train mae ravg:  1.92136 |val kld: 0.77513 |val kldravg: 0.77636 |val mae:  1.77794 |val mae ravg:  1.77724 |
|epoch: 168 | lr: 0.000 |train kld: 0.80338 |train kld ravg: 0.80510 |train mae:  1.88365 |train mae ravg:  1.91014 |val kld: 0.77497 |val kldravg: 0.77715 |val mae:  1.77380 |val mae ravg:  1.77785 |
|epoch: 169 | lr: 0.000 |train kld: 0.79246 |train kld ravg: 0.80279 |train mae:  1.89577 |train mae ravg:  1.90650 |val kld: 0.76860 |val kldravg: 0.77511 |val mae:  1.75333 |val mae ravg:  1.77279 |
|epoch: 170 | lr: 0.000 |train kld: 0.80291 |train kld ravg: 0.80931 |train mae:  1.91611 |train mae ravg:  1.92701 |val kld: 0.77291 |val kldravg: 0.77448 |val mae:  1.75582 |val mae ravg:  1.76987 |
|epoch: 171 | lr: 0.000 |train kld: 0.79054 |train kld ravg: 0.80696 |train mae:  1.90272 |train mae ravg:  1.92413 |val kld: 0.77882 |val kldravg: 0.77408 |val mae:  1.76673 |val mae ravg:  1.76552 |
|epoch: 172 | lr: 0.000 |train kld: 0.80887 |train kld ravg: 0.79963 |train mae:  1.95670 |train mae ravg:  1.91099 |val kld: 0.77092 |val kldravg: 0.77324 |val mae:  1.75909 |val mae ravg:  1.76175 |
|epoch: 173 | lr: 0.000 |train kld: 0.79794 |train kld ravg: 0.79854 |train mae:  1.97347 |train mae ravg:  1.92896 |val kld: 0.78107 |val kldravg: 0.77446 |val mae:  1.74744 |val mae ravg:  1.75648 |
|epoch: 174 | lr: 0.000 |train kld: 0.82011 |train kld ravg: 0.80407 |train mae:  1.96330 |train mae ravg:  1.94246 |val kld: 0.76978 |val kldravg: 0.77470 |val mae:  1.74763 |val mae ravg:  1.75534 |
|epoch: 175 | lr: 0.000 |train kld: 0.79290 |train kld ravg: 0.80207 |train mae:  1.93362 |train mae ravg:  1.94596 |val kld: 0.77506 |val kldravg: 0.77513 |val mae:  1.76659 |val mae ravg:  1.75750 |
|epoch: 176 | lr: 0.000 |train kld: 0.80741 |train kld ravg: 0.80545 |train mae:  1.92269 |train mae ravg:  1.94995 |val kld: 0.76768 |val kldravg: 0.77290 |val mae:  1.76553 |val mae ravg:  1.75726 |
|epoch: 177 | lr: 0.000 |train kld: 0.80606 |train kld ravg: 0.80488 |train mae:  1.89689 |train mae ravg:  1.93799 |val kld: 0.76756 |val kldravg: 0.77223 |val mae:  1.77246 |val mae ravg:  1.75993 |
|epoch: 178 | lr: 0.000 |train kld: 0.82737 |train kld ravg: 0.81077 |train mae:  2.02651 |train mae ravg:  1.94860 |val kld: 0.78264 |val kldravg: 0.77254 |val mae:  1.76849 |val mae ravg:  1.76414 |
|epoch: 179 | lr: 0.000 |train kld: 0.79943 |train kld ravg: 0.80663 |train mae:  1.89283 |train mae ravg:  1.93451 |val kld: 0.77817 |val kldravg: 0.77422 |val mae:  1.80671 |val mae ravg:  1.77596 |
|epoch: 180 | lr: 0.000 |train kld: 0.81995 |train kld ravg: 0.81204 |train mae:  1.98567 |train mae ravg:  1.94492 |val kld: 0.78921 |val kldravg: 0.77705 |val mae:  1.81526 |val mae ravg:  1.78569 |
|epoch: 181 | lr: 0.000 |train kld: 0.77438 |train kld ravg: 0.80544 |train mae:  1.85044 |train mae ravg:  1.93047 |val kld: 0.77687 |val kldravg: 0.77889 |val mae:  1.76072 |val mae ravg:  1.78473 |
|epoch: 182 | lr: 0.000 |train kld: 0.82579 |train kld ravg: 0.80939 |train mae:  1.94406 |train mae ravg:  1.93990 |val kld: 0.76051 |val kldravg: 0.77748 |val mae:  1.75471 |val mae ravg:  1.78118 |
|epoch: 183 | lr: 0.000 |train kld: 0.77125 |train kld ravg: 0.79816 |train mae:  1.93460 |train mae ravg:  1.92152 |val kld: 0.77453 |val kldravg: 0.77586 |val mae:  1.77567 |val mae ravg:  1.78261 |
|epoch: 184 | lr: 0.000 |train kld: 0.79520 |train kld ravg: 0.79732 |train mae:  1.91532 |train mae ravg:  1.92602 |val kld: 0.77836 |val kldravg: 0.77589 |val mae:  1.78503 |val mae ravg:  1.77828 |
|epoch: 185 | lr: 0.000 |train kld: 0.79842 |train kld ravg: 0.79301 |train mae:  1.86852 |train mae ravg:  1.90259 |val kld: 0.78433 |val kldravg: 0.77492 |val mae:  1.81239 |val mae ravg:  1.77770 |
|epoch: 186 | lr: 0.000 |train kld: 0.79253 |train kld ravg: 0.79664 |train mae:  1.90453 |train mae ravg:  1.91341 |val kld: 0.77965 |val kldravg: 0.77547 |val mae:  1.76799 |val mae ravg:  1.77916 |
|epoch: 187 | lr: 0.000 |train kld: 0.80828 |train kld ravg: 0.79314 |train mae:  1.93252 |train mae ravg:  1.91110 |val kld: 0.77082 |val kldravg: 0.77754 |val mae:  1.78384 |val mae ravg:  1.78499 |
|epoch: 188 | lr: 0.000 |train kld: 0.79172 |train kld ravg: 0.79723 |train mae:  1.91860 |train mae ravg:  1.90790 |val kld: 0.77534 |val kldravg: 0.77770 |val mae:  1.76896 |val mae ravg:  1.78364 |
|epoch: 189 | lr: 0.000 |train kld: 0.79857 |train kld ravg: 0.79790 |train mae:  1.87439 |train mae ravg:  1.89971 |val kld: 0.77790 |val kldravg: 0.77761 |val mae:  1.78587 |val mae ravg:  1.78381 |
|epoch: 190 | lr: 0.000 |train kld: 0.80379 |train kld ravg: 0.79898 |train mae:  1.98722 |train mae ravg:  1.92345 |val kld: 0.76705 |val kldravg: 0.77415 |val mae:  1.76018 |val mae ravg:  1.77337 |
|epoch: 191 | lr: 0.000 |train kld: 0.79439 |train kld ravg: 0.79935 |train mae:  1.87168 |train mae ravg:  1.91688 |val kld: 0.76137 |val kldravg: 0.77050 |val mae:  1.72208 |val mae ravg:  1.76419 |
|epoch: 192 | lr: 0.000 |train kld: 0.80590 |train kld ravg: 0.79888 |train mae:  1.92326 |train mae ravg:  1.91503 |val kld: 0.75967 |val kldravg: 0.76827 |val mae:  1.76379 |val mae ravg:  1.76018 |
|epoch: 193 | lr: 0.000 |train kld: 0.79363 |train kld ravg: 0.79926 |train mae:  1.86801 |train mae ravg:  1.90491 |val kld: 0.78657 |val kldravg: 0.77051 |val mae:  1.78520 |val mae ravg:  1.76342 |
|epoch: 194 | lr: 0.000 |train kld: 0.79852 |train kld ravg: 0.79925 |train mae:  1.91765 |train mae ravg:  1.91356 |val kld: 0.76569 |val kldravg: 0.76807 |val mae:  1.75348 |val mae ravg:  1.75695 |
|epoch: 195 | lr: 0.000 |train kld: 0.78204 |train kld ravg: 0.79490 |train mae:  1.87528 |train mae ravg:  1.89118 |val kld: 0.77078 |val kldravg: 0.76882 |val mae:  1.74245 |val mae ravg:  1.75340 |
|epoch: 196 | lr: 0.000 |train kld: 0.79064 |train kld ravg: 0.79415 |train mae:  1.87152 |train mae ravg:  1.89114 |val kld: 0.77102 |val kldravg: 0.77075 |val mae:  1.75848 |val mae ravg:  1.76068 |
|epoch: 197 | lr: 0.000 |train kld: 0.81383 |train kld ravg: 0.79573 |train mae:  1.90495 |train mae ravg:  1.88748 |val kld: 0.77420 |val kldravg: 0.77365 |val mae:  1.76054 |val mae ravg:  1.76003 |
|epoch: 198 | lr: 0.000 |train kld: 0.81715 |train kld ravg: 0.80043 |train mae:  1.95523 |train mae ravg:  1.90493 |val kld: 0.77642 |val kldravg: 0.77162 |val mae:  1.76276 |val mae ravg:  1.75554 |
|epoch: 199 | lr: 0.000 |train kld: 0.79405 |train kld ravg: 0.79954 |train mae:  1.92501 |train mae ravg:  1.90640 |val kld: 0.77340 |val kldravg: 0.77316 |val mae:  1.76024 |val mae ravg:  1.75690 |
|epoch: 200 | lr: 0.000 |train kld: 0.79363 |train kld ravg: 0.80186 |train mae:  1.93351 |train mae ravg:  1.91804 |val kld: 0.77220 |val kldravg: 0.77345 |val mae:  1.78111 |val mae ravg:  1.76463 |
|epoch: 201 | lr: 0.000 |train kld: 0.79715 |train kld ravg: 0.80316 |train mae:  2.00225 |train mae ravg:  1.94419 |val kld: 0.78572 |val kldravg: 0.77639 |val mae:  1.78349 |val mae ravg:  1.76963 |
|epoch: 202 | lr: 0.000 |train kld: 0.81169 |train kld ravg: 0.80274 |train mae:  1.99651 |train mae ravg:  1.96250 |val kld: 0.78000 |val kldravg: 0.77755 |val mae:  1.78679 |val mae ravg:  1.77488 |
|epoch: 203 | lr: 0.000 |train kld: 0.81887 |train kld ravg: 0.80308 |train mae:  1.92391 |train mae ravg:  1.95624 |val kld: 0.77952 |val kldravg: 0.77817 |val mae:  1.78664 |val mae ravg:  1.77966 |
|epoch: 204 | lr: 0.000 |train kld: 0.83114 |train kld ravg: 0.81050 |train mae:  1.97637 |train mae ravg:  1.96651 |val kld: 0.78906 |val kldravg: 0.78130 |val mae:  1.78922 |val mae ravg:  1.78545 |
|epoch: 205 | lr: 0.000 |train kld: 0.79884 |train kld ravg: 0.81154 |train mae:  1.88049 |train mae ravg:  1.95591 |val kld: 0.77209 |val kldravg: 0.78128 |val mae:  1.75699 |val mae ravg:  1.78063 |
|epoch: 206 | lr: 0.000 |train kld: 0.80840 |train kld ravg: 0.81379 |train mae:  1.95448 |train mae ravg:  1.94635 |val kld: 0.79093 |val kldravg: 0.78232 |val mae:  1.79956 |val mae ravg:  1.78384 |
|epoch: 207 | lr: 0.000 |train kld: 0.78149 |train kld ravg: 0.80775 |train mae:  1.90764 |train mae ravg:  1.92858 |val kld: 0.77024 |val kldravg: 0.78037 |val mae:  1.75771 |val mae ravg:  1.77803 |
|epoch: 208 | lr: 0.000 |train kld: 0.78452 |train kld ravg: 0.80088 |train mae:  1.87411 |train mae ravg:  1.91862 |val kld: 0.77431 |val kldravg: 0.77933 |val mae:  1.76288 |val mae ravg:  1.77327 |
|epoch: 209 | lr: 0.000 |train kld: 0.77104 |train kld ravg: 0.78886 |train mae:  1.82115 |train mae ravg:  1.88757 |val kld: 0.78466 |val kldravg: 0.77845 |val mae:  1.79365 |val mae ravg:  1.77416 |
|epoch: 210 | lr: 0.000 |train kld: 0.81533 |train kld ravg: 0.79216 |train mae:  1.96531 |train mae ravg:  1.90454 |val kld: 0.78111 |val kldravg: 0.78025 |val mae:  1.79662 |val mae ravg:  1.78209 |
|epoch: 211 | lr: 0.000 |train kld: 0.79581 |train kld ravg: 0.78964 |train mae:  1.89751 |train mae ravg:  1.89314 |val kld: 0.77933 |val kldravg: 0.77793 |val mae:  1.77433 |val mae ravg:  1.77704 |
|epoch: 212 | lr: 0.000 |train kld: 0.80889 |train kld ravg: 0.79512 |train mae:  1.96124 |train mae ravg:  1.90387 |val kld: 0.77985 |val kldravg: 0.77985 |val mae:  1.79798 |val mae ravg:  1.78509 |
|epoch: 213 | lr: 0.000 |train kld: 0.78405 |train kld ravg: 0.79502 |train mae:  1.87427 |train mae ravg:  1.90390 |val kld: 0.78332 |val kldravg: 0.78165 |val mae:  1.78366 |val mae ravg:  1.78925 |
|epoch: 214 | lr: 0.000 |train kld: 0.79311 |train kld ravg: 0.79944 |train mae:  1.85806 |train mae ravg:  1.91128 |val kld: 0.78078 |val kldravg: 0.78088 |val mae:  1.77823 |val mae ravg:  1.78616 |
|epoch: 215 | lr: 0.000 |train kld: 0.82950 |train kld ravg: 0.80227 |train mae:  2.02693 |train mae ravg:  1.92360 |val kld: 0.76903 |val kldravg: 0.77846 |val mae:  1.74728 |val mae ravg:  1.77630 |
|epoch: 216 | lr: 0.000 |train kld: 0.82183 |train kld ravg: 0.80747 |train mae:  1.97900 |train mae ravg:  1.93990 |val kld: 0.77014 |val kldravg: 0.77662 |val mae:  1.73836 |val mae ravg:  1.76910 |
|epoch: 217 | lr: 0.000 |train kld: 0.79911 |train kld ravg: 0.80552 |train mae:  1.91504 |train mae ravg:  1.93066 |val kld: 0.77444 |val kldravg: 0.77554 |val mae:  1.76420 |val mae ravg:  1.76235 |
|epoch: 218 | lr: 0.000 |train kld: 0.80932 |train kld ravg: 0.81057 |train mae:  1.96196 |train mae ravg:  1.94820 |val kld: 0.76252 |val kldravg: 0.77138 |val mae:  1.69760 |val mae ravg:  1.74514 |
|epoch: 219 | lr: 0.000 |train kld: 0.80068 |train kld ravg: 0.81209 |train mae:  1.92316 |train mae ravg:  1.96122 |val kld: 0.76925 |val kldravg: 0.76907 |val mae:  1.76898 |val mae ravg:  1.74329 |
|epoch: 220 | lr: 0.000 |train kld: 0.81966 |train kld ravg: 0.81012 |train mae:  1.91385 |train mae ravg:  1.93860 |val kld: 0.76809 |val kldravg: 0.76889 |val mae:  1.77649 |val mae ravg:  1.74913 |
|epoch: 221 | lr: 0.000 |train kld: 0.78551 |train kld ravg: 0.80286 |train mae:  1.92695 |train mae ravg:  1.92819 |val kld: 0.77526 |val kldravg: 0.76991 |val mae:  1.78310 |val mae ravg:  1.75808 |
|epoch: 222 | lr: 0.000 |train kld: 0.77676 |train kld ravg: 0.79839 |train mae:  1.83874 |train mae ravg:  1.91293 |val kld: 0.76203 |val kldravg: 0.76743 |val mae:  1.74633 |val mae ravg:  1.75450 |
|epoch: 223 | lr: 0.000 |train kld: 0.80155 |train kld ravg: 0.79683 |train mae:  1.94590 |train mae ravg:  1.90972 |val kld: 0.77362 |val kldravg: 0.76965 |val mae:  1.77257 |val mae ravg:  1.76949 |
|epoch: 224 | lr: 0.000 |train kld: 0.78004 |train kld ravg: 0.79270 |train mae:  1.86768 |train mae ravg:  1.89862 |val kld: 0.78182 |val kldravg: 0.77216 |val mae:  1.77737 |val mae ravg:  1.77117 |
|epoch: 225 | lr: 0.000 |train kld: 0.78793 |train kld ravg: 0.78636 |train mae:  1.92045 |train mae ravg:  1.89994 |val kld: 0.75994 |val kldravg: 0.77053 |val mae:  1.68617 |val mae ravg:  1.75311 |
|epoch: 226 | lr: 0.000 |train kld: 0.80775 |train kld ravg: 0.79080 |train mae:  1.93124 |train mae ravg:  1.90080 |val kld: 0.76076 |val kldravg: 0.76763 |val mae:  1.72553 |val mae ravg:  1.74159 |
|epoch: 227 | lr: 0.000 |train kld: 0.80621 |train kld ravg: 0.79669 |train mae:  1.95844 |train mae ravg:  1.92474 |val kld: 0.76602 |val kldravg: 0.76843 |val mae:  1.74926 |val mae ravg:  1.74218 |
|epoch: 228 | lr: 0.000 |train kld: 0.80458 |train kld ravg: 0.79730 |train mae:  1.91193 |train mae ravg:  1.91795 |val kld: 0.77716 |val kldravg: 0.76914 |val mae:  1.78288 |val mae ravg:  1.74424 |
|epoch: 229 | lr: 0.000 |train kld: 0.78757 |train kld ravg: 0.79881 |train mae:  1.89860 |train mae ravg:  1.92413 |val kld: 0.77231 |val kldravg: 0.76724 |val mae:  1.76811 |val mae ravg:  1.74239 |
|epoch: 230 | lr: 0.000 |train kld: 0.82054 |train kld ravg: 0.80533 |train mae:  1.96360 |train mae ravg:  1.93276 |val kld: 0.78533 |val kldravg: 0.77232 |val mae:  1.78756 |val mae ravg:  1.76267 |
|epoch: 231 | lr: 0.000 |train kld: 0.77840 |train kld ravg: 0.79946 |train mae:  1.90172 |train mae ravg:  1.92686 |val kld: 0.78552 |val kldravg: 0.77727 |val mae:  1.79692 |val mae ravg:  1.77695 |
|epoch: 232 | lr: 0.000 |train kld: 0.80405 |train kld ravg: 0.79903 |train mae:  1.94318 |train mae ravg:  1.92381 |val kld: 0.77939 |val kldravg: 0.77994 |val mae:  1.77742 |val mae ravg:  1.78258 |
|epoch: 233 | lr: 0.000 |train kld: 0.79049 |train kld ravg: 0.79621 |train mae:  1.86710 |train mae ravg:  1.91484 |val kld: 0.77961 |val kldravg: 0.78043 |val mae:  1.77928 |val mae ravg:  1.78186 |
|epoch: 234 | lr: 0.000 |train kld: 0.82110 |train kld ravg: 0.80292 |train mae:  1.96981 |train mae ravg:  1.92908 |val kld: 0.77234 |val kldravg: 0.78044 |val mae:  1.75731 |val mae ravg:  1.77970 |
|epoch: 235 | lr: 0.000 |train kld: 0.78873 |train kld ravg: 0.79656 |train mae:  1.91559 |train mae ravg:  1.91948 |val kld: 0.77171 |val kldravg: 0.77771 |val mae:  1.76605 |val mae ravg:  1.77540 |
|epoch: 236 | lr: 0.000 |train kld: 0.79474 |train kld ravg: 0.79982 |train mae:  1.89901 |train mae ravg:  1.91894 |val kld: 0.77650 |val kldravg: 0.77591 |val mae:  1.80020 |val mae ravg:  1.77605 |
|epoch: 237 | lr: 0.000 |train kld: 0.78880 |train kld ravg: 0.79677 |train mae:  1.87302 |train mae ravg:  1.90490 |val kld: 0.76173 |val kldravg: 0.77238 |val mae:  1.73683 |val mae ravg:  1.76794 |
|epoch: 238 | lr: 0.000 |train kld: 0.79377 |train kld ravg: 0.79743 |train mae:  1.87431 |train mae ravg:  1.90635 |val kld: 0.78129 |val kldravg: 0.77272 |val mae:  1.76346 |val mae ravg:  1.76477 |
|epoch: 239 | lr: 0.000 |train kld: 0.79999 |train kld ravg: 0.79321 |train mae:  1.87179 |train mae ravg:  1.88674 |val kld: 0.76344 |val kldravg: 0.77094 |val mae:  1.70753 |val mae ravg:  1.75481 |
|epoch: 240 | lr: 0.000 |train kld: 0.79251 |train kld ravg: 0.79396 |train mae:  1.85104 |train mae ravg:  1.87383 |val kld: 0.76629 |val kldravg: 0.76985 |val mae:  1.75853 |val mae ravg:  1.75331 |
|epoch: 241 | lr: 0.000 |train kld: 0.80218 |train kld ravg: 0.79545 |train mae:  1.93569 |train mae ravg:  1.88117 |val kld: 0.77235 |val kldravg: 0.76902 |val mae:  1.76025 |val mae ravg:  1.74532 |
|epoch: 242 | lr: 0.000 |train kld: 0.78336 |train kld ravg: 0.79436 |train mae:  1.87477 |train mae ravg:  1.88152 |val kld: 0.77084 |val kldravg: 0.77084 |val mae:  1.72502 |val mae ravg:  1.74296 |
|epoch: 243 | lr: 0.000 |train kld: 0.80979 |train kld ravg: 0.79757 |train mae:  1.93642 |train mae ravg:  1.89394 |val kld: 0.77285 |val kldravg: 0.76915 |val mae:  1.74356 |val mae ravg:  1.73898 |
|epoch: 244 | lr: 0.000 |train kld: 0.82841 |train kld ravg: 0.80325 |train mae:  1.93085 |train mae ravg:  1.90576 |val kld: 0.76282 |val kldravg: 0.76903 |val mae:  1.65861 |val mae ravg:  1.72919 |
|epoch: 245 | lr: 0.000 |train kld: 0.79256 |train kld ravg: 0.80326 |train mae:  1.87829 |train mae ravg:  1.91121 |val kld: 0.77044 |val kldravg: 0.76986 |val mae:  1.77090 |val mae ravg:  1.73167 |
|epoch: 246 | lr: 0.000 |train kld: 0.80068 |train kld ravg: 0.80296 |train mae:  1.89730 |train mae ravg:  1.90353 |val kld: 0.76921 |val kldravg: 0.76923 |val mae:  1.74884 |val mae ravg:  1.72938 |
|epoch: 247 | lr: 0.000 |train kld: 0.79455 |train kld ravg: 0.80520 |train mae:  1.93613 |train mae ravg:  1.91580 |val kld: 0.78139 |val kldravg: 0.77134 |val mae:  1.77802 |val mae ravg:  1.73999 |
|epoch: 248 | lr: 0.000 |train kld: 0.76663 |train kld ravg: 0.79657 |train mae:  1.81924 |train mae ravg:  1.89237 |val kld: 0.77850 |val kldravg: 0.77247 |val mae:  1.74734 |val mae ravg:  1.74074 |
|epoch: 249 | lr: 0.000 |train kld: 0.83149 |train kld ravg: 0.79718 |train mae:  2.02025 |train mae ravg:  1.91024 |val kld: 0.77422 |val kldravg: 0.77475 |val mae:  1.76281 |val mae ravg:  1.76158 |
|epoch: 250 | lr: 0.000 |train kld: 0.78223 |train kld ravg: 0.79512 |train mae:  1.87837 |train mae ravg:  1.91026 |val kld: 0.74715 |val kldravg: 0.77009 |val mae:  1.66174 |val mae ravg:  1.73975 |
|epoch: 251 | lr: 0.000 |train kld: 0.80743 |train kld ravg: 0.79646 |train mae:  1.91400 |train mae ravg:  1.91360 |val kld: 0.78036 |val kldravg: 0.77232 |val mae:  1.75726 |val mae ravg:  1.74143 |
|epoch: 252 | lr: 0.000 |train kld: 0.78346 |train kld ravg: 0.79425 |train mae:  1.87554 |train mae ravg:  1.90148 |val kld: 0.76793 |val kldravg: 0.76963 |val mae:  1.76471 |val mae ravg:  1.73877 |
|epoch: 253 | lr: 0.000 |train kld: 0.74995 |train kld ravg: 0.79091 |train mae:  1.83976 |train mae ravg:  1.90558 |val kld: 0.77870 |val kldravg: 0.76967 |val mae:  1.75828 |val mae ravg:  1.74096 |
|epoch: 254 | lr: 0.000 |train kld: 0.78971 |train kld ravg: 0.78256 |train mae:  1.88759 |train mae ravg:  1.87905 |val kld: 0.75951 |val kldravg: 0.76673 |val mae:  1.70443 |val mae ravg:  1.72928 |
|epoch: 255 | lr: 0.000 |train kld: 0.77384 |train kld ravg: 0.78088 |train mae:  1.82076 |train mae ravg:  1.86753 |val kld: 0.77231 |val kldravg: 0.77176 |val mae:  1.74902 |val mae ravg:  1.74674 |
|epoch: 256 | lr: 0.000 |train kld: 0.78526 |train kld ravg: 0.77645 |train mae:  1.89495 |train mae ravg:  1.86372 |val kld: 0.77085 |val kldravg: 0.76986 |val mae:  1.74520 |val mae ravg:  1.74433 |
|epoch: 257 | lr: 0.000 |train kld: 0.79676 |train kld ravg: 0.77910 |train mae:  1.87326 |train mae ravg:  1.86326 |val kld: 0.76785 |val kldravg: 0.76985 |val mae:  1.75501 |val mae ravg:  1.74239 |
|epoch: 258 | lr: 0.000 |train kld: 0.78461 |train kld ravg: 0.78604 |train mae:  1.86865 |train mae ravg:  1.86904 |val kld: 0.76850 |val kldravg: 0.76781 |val mae:  1.76770 |val mae ravg:  1.74427 |
|epoch: 259 | lr: 0.000 |train kld: 0.82678 |train kld ravg: 0.79345 |train mae:  2.00844 |train mae ravg:  1.89321 |val kld: 0.75044 |val kldravg: 0.76599 |val mae:  1.69265 |val mae ravg:  1.74192 |
|epoch: 260 | lr: 0.000 |train kld: 0.79611 |train kld ravg: 0.79790 |train mae:  1.90804 |train mae ravg:  1.91067 |val kld: 0.77432 |val kldravg: 0.76639 |val mae:  1.77061 |val mae ravg:  1.74623 |
|epoch: 261 | lr: 0.000 |train kld: 0.80803 |train kld ravg: 0.80246 |train mae:  1.97489 |train mae ravg:  1.92666 |val kld: 0.76274 |val kldravg: 0.76477 |val mae:  1.75405 |val mae ravg:  1.74800 |
|epoch: 262 | lr: 0.000 |train kld: 0.78772 |train kld ravg: 0.80065 |train mae:  1.91315 |train mae ravg:  1.93463 |val kld: 0.76797 |val kldravg: 0.76480 |val mae:  1.76365 |val mae ravg:  1.74973 |
|epoch: 263 | lr: 0.000 |train kld: 0.80673 |train kld ravg: 0.80507 |train mae:  1.94589 |train mae ravg:  1.95008 |val kld: 0.77235 |val kldravg: 0.76557 |val mae:  1.75158 |val mae ravg:  1.74651 |
|epoch: 264 | lr: 0.000 |train kld: 0.78285 |train kld ravg: 0.79629 |train mae:  1.84264 |train mae ravg:  1.91692 |val kld: 0.78668 |val kldravg: 0.77281 |val mae:  1.81144 |val mae ravg:  1.77027 |
|epoch: 265 | lr: 0.000 |train kld: 0.78606 |train kld ravg: 0.79428 |train mae:  1.86228 |train mae ravg:  1.90777 |val kld: 0.78222 |val kldravg: 0.77439 |val mae:  1.78865 |val mae ravg:  1.77387 |
|epoch: 266 | lr: 0.000 |train kld: 0.82342 |train kld ravg: 0.79735 |train mae:  1.95652 |train mae ravg:  1.90410 |val kld: 0.76124 |val kldravg: 0.77409 |val mae:  1.74513 |val mae ravg:  1.77209 |
|epoch: 267 | lr: 0.000 |train kld: 0.79419 |train kld ravg: 0.79865 |train mae:  1.83993 |train mae ravg:  1.88945 |val kld: 0.78202 |val kldravg: 0.77690 |val mae:  1.78329 |val mae ravg:  1.77602 |
|epoch: 268 | lr: 0.000 |train kld: 0.77333 |train kld ravg: 0.79197 |train mae:  1.86665 |train mae ravg:  1.87360 |val kld: 0.77384 |val kldravg: 0.77720 |val mae:  1.75231 |val mae ravg:  1.77617 |
|epoch: 269 | lr: 0.000 |train kld: 0.83399 |train kld ravg: 0.80220 |train mae:  2.03785 |train mae ravg:  1.91265 |val kld: 0.76139 |val kldravg: 0.77214 |val mae:  1.72967 |val mae ravg:  1.75981 |
|epoch: 270 | lr: 0.000 |train kld: 0.78606 |train kld ravg: 0.80220 |train mae:  1.94405 |train mae ravg:  1.92900 |val kld: 0.78078 |val kldravg: 0.77185 |val mae:  1.77712 |val mae ravg:  1.75750 |
|epoch: 271 | lr: 0.000 |train kld: 0.78387 |train kld ravg: 0.79429 |train mae:  1.89739 |train mae ravg:  1.91717 |val kld: 0.75717 |val kldravg: 0.77104 |val mae:  1.69756 |val mae ravg:  1.74799 |
|epoch: 272 | lr: 0.000 |train kld: 0.80487 |train kld ravg: 0.79643 |train mae:  1.95381 |train mae ravg:  1.93995 |val kld: 0.79083 |val kldravg: 0.77280 |val mae:  1.79047 |val mae ravg:  1.74943 |
|epoch: 273 | lr: 0.000 |train kld: 0.77938 |train kld ravg: 0.79763 |train mae:  1.87056 |train mae ravg:  1.94073 |val kld: 0.77546 |val kldravg: 0.77313 |val mae:  1.76408 |val mae ravg:  1.75178 |
|epoch: 274 | lr: 0.000 |train kld: 0.80323 |train kld ravg: 0.79148 |train mae:  1.95907 |train mae ravg:  1.92498 |val kld: 0.77406 |val kldravg: 0.77566 |val mae:  1.78082 |val mae ravg:  1.76201 |
|epoch: 275 | lr: 0.000 |train kld: 0.78377 |train kld ravg: 0.79103 |train mae:  1.88970 |train mae ravg:  1.91411 |val kld: 0.77743 |val kldravg: 0.77499 |val mae:  1.78124 |val mae ravg:  1.76283 |
|epoch: 276 | lr: 0.000 |train kld: 0.80534 |train kld ravg: 0.79532 |train mae:  1.91877 |train mae ravg:  1.91838 |val kld: 0.77145 |val kldravg: 0.77784 |val mae:  1.74682 |val mae ravg:  1.77269 |
|epoch: 277 | lr: 0.000 |train kld: 0.79216 |train kld ravg: 0.79278 |train mae:  1.89744 |train mae ravg:  1.90711 |val kld: 0.76924 |val kldravg: 0.77352 |val mae:  1.71185 |val mae ravg:  1.75696 |
|epoch: 278 | lr: 0.000 |train kld: 0.78652 |train kld ravg: 0.79420 |train mae:  1.81328 |train mae ravg:  1.89565 |val kld: 0.77145 |val kldravg: 0.77272 |val mae:  1.74466 |val mae ravg:  1.75308 |
|epoch: 279 | lr: 0.000 |train kld: 0.80228 |train kld ravg: 0.79401 |train mae:  1.95254 |train mae ravg:  1.89435 |val kld: 0.77708 |val kldravg: 0.77333 |val mae:  1.79018 |val mae ravg:  1.75495 |
|epoch: 280 | lr: 0.000 |train kld: 0.81268 |train kld ravg: 0.79980 |train mae:  1.97748 |train mae ravg:  1.91190 |val kld: 0.76608 |val kldravg: 0.77106 |val mae:  1.77918 |val mae ravg:  1.75454 |
|epoch: 281 | lr: 0.000 |train kld: 0.84072 |train kld ravg: 0.80687 |train mae:  2.03834 |train mae ravg:  1.93582 |val kld: 0.78396 |val kldravg: 0.77356 |val mae:  1.76669 |val mae ravg:  1.75851 |
|epoch: 282 | lr: 0.000 |train kld: 0.79572 |train kld ravg: 0.80758 |train mae:  1.92318 |train mae ravg:  1.94096 |val kld: 0.78020 |val kldravg: 0.77575 |val mae:  1.78533 |val mae ravg:  1.77321 |
|epoch: 283 | lr: 0.000 |train kld: 0.81797 |train kld ravg: 0.81387 |train mae:  1.94902 |train mae ravg:  1.96811 |val kld: 0.77480 |val kldravg: 0.77642 |val mae:  1.76848 |val mae ravg:  1.77797 |
|epoch: 284 | lr: 0.000 |train kld: 0.78834 |train kld ravg: 0.81109 |train mae:  1.87529 |train mae ravg:  1.95266 |val kld: 0.77037 |val kldravg: 0.77508 |val mae:  1.74624 |val mae ravg:  1.76918 |
|epoch: 285 | lr: 0.000 |train kld: 0.82708 |train kld ravg: 0.81397 |train mae:  1.96100 |train mae ravg:  1.94937 |val kld: 0.77784 |val kldravg: 0.77743 |val mae:  1.75467 |val mae ravg:  1.76428 |
|epoch: 286 | lr: 0.000 |train kld: 0.77514 |train kld ravg: 0.80085 |train mae:  1.84532 |train mae ravg:  1.91077 |val kld: 0.77336 |val kldravg: 0.77531 |val mae:  1.74863 |val mae ravg:  1.76067 |
|epoch: 287 | lr: 0.000 |train kld: 0.78918 |train kld ravg: 0.79954 |train mae:  1.93671 |train mae ravg:  1.91347 |val kld: 0.77133 |val kldravg: 0.77354 |val mae:  1.75881 |val mae ravg:  1.75537 |
|epoch: 288 | lr: 0.000 |train kld: 0.80666 |train kld ravg: 0.79728 |train mae:  1.94777 |train mae ravg:  1.91322 |val kld: 0.77699 |val kldravg: 0.77398 |val mae:  1.76912 |val mae ravg:  1.75549 |
|epoch: 289 | lr: 0.000 |train kld: 0.76962 |train kld ravg: 0.79354 |train mae:  1.84326 |train mae ravg:  1.90681 |val kld: 0.77106 |val kldravg: 0.77412 |val mae:  1.74598 |val mae ravg:  1.75544 |
|epoch: 290 | lr: 0.000 |train kld: 0.79642 |train kld ravg: 0.78740 |train mae:  1.97280 |train mae ravg:  1.90917 |val kld: 0.77028 |val kldravg: 0.77260 |val mae:  1.76068 |val mae ravg:  1.75664 |
|epoch: 291 | lr: 0.000 |train kld: 0.81347 |train kld ravg: 0.79507 |train mae:  1.90847 |train mae ravg:  1.92180 |val kld: 0.77355 |val kldravg: 0.77264 |val mae:  1.75337 |val mae ravg:  1.75759 |
|epoch: 292 | lr: 0.000 |train kld: 0.81376 |train kld ravg: 0.79998 |train mae:  1.96594 |train mae ravg:  1.92765 |val kld: 0.76571 |val kldravg: 0.77152 |val mae:  1.72771 |val mae ravg:  1.75137 |
|epoch: 293 | lr: 0.000 |train kld: 0.80665 |train kld ravg: 0.79998 |train mae:  1.95836 |train mae ravg:  1.92977 |val kld: 0.76528 |val kldravg: 0.76917 |val mae:  1.75918 |val mae ravg:  1.74938 |
|epoch: 294 | lr: 0.000 |train kld: 0.79546 |train kld ravg: 0.80515 |train mae:  1.90845 |train mae ravg:  1.94280 |val kld: 0.77503 |val kldravg: 0.76997 |val mae:  1.76715 |val mae ravg:  1.75362 |
|epoch: 295 | lr: 0.000 |train kld: 0.80818 |train kld ravg: 0.80750 |train mae:  1.93221 |train mae ravg:  1.93469 |val kld: 0.78313 |val kldravg: 0.77254 |val mae:  1.76954 |val mae ravg:  1.75539 |
|epoch: 296 | lr: 0.000 |train kld: 0.77208 |train kld ravg: 0.79923 |train mae:  1.84520 |train mae ravg:  1.92203 |val kld: 0.75840 |val kldravg: 0.76951 |val mae:  1.69131 |val mae ravg:  1.74298 |
|epoch: 297 | lr: 0.000 |train kld: 0.82655 |train kld ravg: 0.80178 |train mae:  1.97212 |train mae ravg:  1.92327 |val kld: 0.77286 |val kldravg: 0.77094 |val mae:  1.74951 |val mae ravg:  1.74734 |
|epoch: 298 | lr: 0.000 |train kld: 0.79244 |train kld ravg: 0.79894 |train mae:  1.83496 |train mae ravg:  1.89859 |val kld: 0.76778 |val kldravg: 0.77144 |val mae:  1.75574 |val mae ravg:  1.74665 |
|epoch: 299 | lr: 0.000 |train kld: 0.79032 |train kld ravg: 0.79791 |train mae:  1.94115 |train mae ravg:  1.90513 |val kld: 0.77717 |val kldravg: 0.77187 |val mae:  1.76874 |val mae ravg:  1.74697 |
----------------------------------------------------------------------------------------------------------------------------------------------------------------
Finished:  2021-03-23 11:40:26.641198

Correlation between train loss and evaluation: 0.922

----------------------------------------------------------------------------------------------------------------------------------------------------------------
Save configfile.
Loading ABIDE  test data.
Number of GPUs:  2

Model loaded from None is being tested.
Start:  2021-03-23 11:40:26.740609
----------------------------------------------------------------------------------------------------------------------------------------------------------------
test kld mean: 0.76155 | test kld std: 0.00000 |test mae mean:  1.77470 |test mae std:  0.00000 |
----------------------------------------------------------------------------------------------------------------------------------------------------------------
Finished:  2021-03-23 11:42:11.681865

Correlation between train loss and evaluation: -0.451

----------------------------------------------------------------------------------------------------------------------------------------------------------------
------------------------------------------------
Finished at: Tue Mar 23 11:42:12 GMT 2021
------------------------------------------------
